2025-10-18 23:55:25,806 - INFO - 📌 第一个 epoch：默认所有模块使用 checkpoint
2025-10-18 23:55:26,973 - INFO - Epoch 1 completed in 1.170487 seconds
2025-10-18 23:55:27,446 - INFO - torch.cuda.max_memory_reserved() : 7.45703125
2025-10-18 23:55:28,049 - INFO - 
[🔁 拟合反向传播时间模型]
2025-10-18 23:55:28,049 - INFO - 总反向传播时间: 0.598467s
2025-10-18 23:55:28,049 - INFO - 拟合模型: backward_total ≈ 2 × (A + B) + b
2025-10-18 23:55:28,049 - INFO - A = 0.970488, B = 0.018955, b = -0.390976s
2025-10-18 23:55:28,050 - INFO - ✅ 最优策略：[1, 1, 0, 0, 0, 0, 0, 1, 1, 1, 1, 1, 1, 1, 1, 1, 1, 1, 1, 1, 1, 1, 1, 1, 1, 1, 1, 1, 1, 1, 1, 1]
2025-10-18 23:55:28,050 - INFO - 📌 checkpoint 的欧氏长度:, [358, 478, 597, 717, 837]
2025-10-18 23:55:28,050 - INFO - 📌 checkpoint 的余弦长度:, []
2025-10-18 23:55:28,050 - INFO - 💾 最终显存峰值：%.2f MB % 9191.88671875
2025-10-18 23:55:28,051 - INFO - Epoch 2 completed in 0.604589 seconds
2025-10-18 23:55:28,051 - INFO - torch.cuda.max_memory_reserved() : 7.45703125
2025-10-18 23:55:28,552 - INFO - Epoch 3 completed in 0.499514 seconds
2025-10-18 23:55:28,552 - INFO - 
====================== [第1个 Epoch 收集统计数据] ======================
2025-10-18 23:55:28,552 - INFO - 
🔍 EUCLIDEAN modules:
2025-10-18 23:55:28,552 - INFO - [Shapelet 119] forward_avg=0.017665s over 2 calls | peak=574.44MB | final=0.00MB
2025-10-18 23:55:28,552 - INFO - [Shapelet 238] forward_avg=0.010481s over 2 calls | peak=1015.43MB | final=0.00MB
2025-10-18 23:55:28,552 - INFO - [Shapelet 358] forward_avg=0.016338s over 2 calls | peak=1333.82MB | final=0.00MB
2025-10-18 23:55:28,552 - INFO - [Shapelet 478] forward_avg=0.019935s over 2 calls | peak=1527.39MB | final=0.00MB
2025-10-18 23:55:28,553 - INFO - [Shapelet 597] forward_avg=0.019595s over 2 calls | peak=1593.80MB | final=0.00MB
2025-10-18 23:55:28,553 - INFO - [Shapelet 717] forward_avg=0.017021s over 2 calls | peak=1532.89MB | final=0.00MB
2025-10-18 23:55:28,553 - INFO - [Shapelet 837] forward_avg=0.014075s over 2 calls | peak=1346.26MB | final=0.00MB
2025-10-18 23:55:28,553 - INFO - [Shapelet 957] forward_avg=0.011649s over 2 calls | peak=1033.37MB | final=0.00MB
2025-10-18 23:55:28,553 - INFO - 
🔍 COSINE modules:
2025-10-18 23:55:28,553 - INFO - [Shapelet 119] forward_avg=0.001992s over 2 calls | peak=377.76MB | final=0.00MB
2025-10-18 23:55:28,553 - INFO - [Shapelet 238] forward_avg=0.003020s over 2 calls | peak=670.78MB | final=0.00MB
2025-10-18 23:55:28,553 - INFO - [Shapelet 358] forward_avg=0.003873s over 2 calls | peak=882.25MB | final=0.00MB
2025-10-18 23:55:28,553 - INFO - [Shapelet 478] forward_avg=0.006851s over 2 calls | peak=1010.33MB | final=0.00MB
2025-10-18 23:55:28,553 - INFO - [Shapelet 597] forward_avg=0.007916s over 2 calls | peak=1052.88MB | final=0.00MB
2025-10-18 23:55:28,553 - INFO - [Shapelet 717] forward_avg=0.004360s over 2 calls | peak=1012.70MB | final=0.00MB
2025-10-18 23:55:28,553 - INFO - [Shapelet 837] forward_avg=0.003912s over 2 calls | peak=885.75MB | final=0.00MB
2025-10-18 23:55:28,553 - INFO - [Shapelet 957] forward_avg=0.003065s over 2 calls | peak=676.20MB | final=0.00MB
2025-10-18 23:55:28,553 - INFO - 
🔍 CROSS modules:
2025-10-18 23:55:28,553 - INFO - [Shapelet 119] forward_avg=0.000602s over 2 calls
2025-10-18 23:55:28,553 - INFO - [Shapelet 238] forward_avg=0.000459s over 2 calls
2025-10-18 23:55:28,553 - INFO - [Shapelet 358] forward_avg=0.000583s over 2 calls
2025-10-18 23:55:28,553 - INFO - [Shapelet 478] forward_avg=0.000729s over 2 calls
2025-10-18 23:55:28,554 - INFO - [Shapelet 597] forward_avg=0.000633s over 2 calls
2025-10-18 23:55:28,554 - INFO - [Shapelet 717] forward_avg=0.000555s over 2 calls
2025-10-18 23:55:28,554 - INFO - [Shapelet 837] forward_avg=0.000618s over 2 calls
2025-10-18 23:55:28,554 - INFO - [Shapelet 957] forward_avg=0.000559s over 2 calls
2025-10-18 23:55:28,554 - INFO - 
💾 模型第一次反向传播阶段的显存峰值（所有模块中的最大值）: 7822.83 MB
2025-10-18 23:55:28,554 - INFO - 
💾 模型初始显存: 9.69 MB
2025-10-18 23:55:28,554 - INFO - =======================================================================

2025-10-18 23:55:28,554 - INFO - torch.cuda.max_memory_reserved() : 9.72265625
2025-10-18 23:55:29,045 - INFO - Epoch 4 completed in 0.490010 seconds
2025-10-18 23:55:29,045 - INFO - torch.cuda.max_memory_reserved() : 10.052734375
2025-10-18 23:55:29,557 - INFO - Epoch 5 completed in 0.510639 seconds
2025-10-18 23:55:29,558 - INFO - torch.cuda.max_memory_reserved() : 10.0546875
2025-10-18 23:55:30,024 - INFO - Epoch 6 completed in 0.465237 seconds
2025-10-18 23:55:30,025 - INFO - torch.cuda.max_memory_reserved() : 10.0546875
2025-10-18 23:55:30,487 - INFO - Epoch 7 completed in 0.461057 seconds
2025-10-18 23:55:30,488 - INFO - torch.cuda.max_memory_reserved() : 10.0546875
2025-10-18 23:55:31,000 - INFO - Epoch 8 completed in 0.510693 seconds
2025-10-18 23:55:31,002 - INFO - torch.cuda.max_memory_reserved() : 10.0546875
2025-10-18 23:55:31,510 - INFO - Epoch 9 completed in 0.507739 seconds
2025-10-18 23:55:31,511 - INFO - torch.cuda.max_memory_reserved() : 10.0546875
2025-10-18 23:55:32,006 - INFO - Epoch 10 completed in 0.493104 seconds
2025-10-18 23:55:32,452 - INFO - torch.cuda.max_memory_reserved() : 10.0546875
2025-10-18 23:55:32,452 - INFO - !!!采用策略后的几个epoch 平均时间:0.4922490119934082
2025-10-18 23:55:32,452 - INFO - 



