2025-10-18 23:55:58,683 - INFO - 📌 第一个 epoch：默认所有模块使用 checkpoint
2025-10-18 23:55:59,891 - INFO - Epoch 1 completed in 1.212003 seconds
2025-10-18 23:56:00,357 - INFO - torch.cuda.max_memory_reserved() : 7.45703125
2025-10-18 23:56:00,958 - INFO - 
[🔁 拟合反向传播时间模型]
2025-10-18 23:56:00,959 - INFO - 总反向传播时间: 0.596871s
2025-10-18 23:56:00,959 - INFO - 拟合模型: backward_total ≈ 2 × (A + B) + b
2025-10-18 23:56:00,959 - INFO - A = 0.971622, B = 0.018550, b = -0.393301s
2025-10-18 23:56:00,959 - INFO - ✅ 最优策略：[1, 1, 1, 0, 1, 1, 1, 1, 1, 1, 1, 1, 1, 1, 1, 1, 1, 1, 1, 1, 1, 1, 1, 1, 1, 1, 1, 1, 1, 1, 1, 1]
2025-10-18 23:56:00,959 - INFO - 📌 checkpoint 的欧氏长度:, [478]
2025-10-18 23:56:00,959 - INFO - 📌 checkpoint 的余弦长度:, []
2025-10-18 23:56:00,960 - INFO - 💾 最终显存峰值：%.2f MB % 14998.662109375
2025-10-18 23:56:00,960 - INFO - Epoch 2 completed in 0.602773 seconds
2025-10-18 23:56:00,961 - INFO - torch.cuda.max_memory_reserved() : 7.45703125
2025-10-18 23:56:01,378 - INFO - Epoch 3 completed in 0.415957 seconds
2025-10-18 23:56:01,378 - INFO - 
====================== [第1个 Epoch 收集统计数据] ======================
2025-10-18 23:56:01,378 - INFO - 
🔍 EUCLIDEAN modules:
2025-10-18 23:56:01,378 - INFO - [Shapelet 119] forward_avg=0.017693s over 2 calls | peak=574.44MB | final=0.00MB
2025-10-18 23:56:01,378 - INFO - [Shapelet 238] forward_avg=0.010400s over 2 calls | peak=1015.43MB | final=0.00MB
2025-10-18 23:56:01,378 - INFO - [Shapelet 358] forward_avg=0.016397s over 2 calls | peak=1333.82MB | final=0.00MB
2025-10-18 23:56:01,378 - INFO - [Shapelet 478] forward_avg=0.019933s over 2 calls | peak=1527.39MB | final=0.00MB
2025-10-18 23:56:01,378 - INFO - [Shapelet 597] forward_avg=0.019635s over 2 calls | peak=1593.80MB | final=0.00MB
2025-10-18 23:56:01,378 - INFO - [Shapelet 717] forward_avg=0.016912s over 2 calls | peak=1532.89MB | final=0.00MB
2025-10-18 23:56:01,378 - INFO - [Shapelet 837] forward_avg=0.014122s over 2 calls | peak=1346.26MB | final=0.00MB
2025-10-18 23:56:01,378 - INFO - [Shapelet 957] forward_avg=0.011734s over 2 calls | peak=1033.37MB | final=0.00MB
2025-10-18 23:56:01,378 - INFO - 
🔍 COSINE modules:
2025-10-18 23:56:01,378 - INFO - [Shapelet 119] forward_avg=0.001866s over 2 calls | peak=377.76MB | final=0.00MB
2025-10-18 23:56:01,378 - INFO - [Shapelet 238] forward_avg=0.003012s over 2 calls | peak=670.78MB | final=0.00MB
2025-10-18 23:56:01,378 - INFO - [Shapelet 358] forward_avg=0.004086s over 2 calls | peak=882.25MB | final=0.00MB
2025-10-18 23:56:01,378 - INFO - [Shapelet 478] forward_avg=0.006917s over 2 calls | peak=1010.33MB | final=0.00MB
2025-10-18 23:56:01,378 - INFO - [Shapelet 597] forward_avg=0.007919s over 2 calls | peak=1052.88MB | final=0.00MB
2025-10-18 23:56:01,378 - INFO - [Shapelet 717] forward_avg=0.004359s over 2 calls | peak=1012.70MB | final=0.00MB
2025-10-18 23:56:01,378 - INFO - [Shapelet 837] forward_avg=0.003904s over 2 calls | peak=885.75MB | final=0.00MB
2025-10-18 23:56:01,379 - INFO - [Shapelet 957] forward_avg=0.003047s over 2 calls | peak=676.20MB | final=0.00MB
2025-10-18 23:56:01,379 - INFO - 
🔍 CROSS modules:
2025-10-18 23:56:01,379 - INFO - [Shapelet 119] forward_avg=0.000554s over 2 calls
2025-10-18 23:56:01,379 - INFO - [Shapelet 238] forward_avg=0.000455s over 2 calls
2025-10-18 23:56:01,379 - INFO - [Shapelet 358] forward_avg=0.000592s over 2 calls
2025-10-18 23:56:01,379 - INFO - [Shapelet 478] forward_avg=0.000734s over 2 calls
2025-10-18 23:56:01,379 - INFO - [Shapelet 597] forward_avg=0.000603s over 2 calls
2025-10-18 23:56:01,379 - INFO - [Shapelet 717] forward_avg=0.000554s over 2 calls
2025-10-18 23:56:01,379 - INFO - [Shapelet 837] forward_avg=0.000608s over 2 calls
2025-10-18 23:56:01,379 - INFO - [Shapelet 957] forward_avg=0.000537s over 2 calls
2025-10-18 23:56:01,379 - INFO - 
💾 模型第一次反向传播阶段的显存峰值（所有模块中的最大值）: 11386.91 MB
2025-10-18 23:56:01,379 - INFO - 
💾 模型初始显存: 9.69 MB
2025-10-18 23:56:01,379 - INFO - =======================================================================

2025-10-18 23:56:01,379 - INFO - torch.cuda.max_memory_reserved() : 13.22265625
2025-10-18 23:56:01,811 - INFO - Epoch 4 completed in 0.431612 seconds
2025-10-18 23:56:01,811 - INFO - torch.cuda.max_memory_reserved() : 13.986328125
2025-10-18 23:56:02,263 - INFO - Epoch 5 completed in 0.450911 seconds
2025-10-18 23:56:02,263 - INFO - torch.cuda.max_memory_reserved() : 13.986328125
2025-10-18 23:56:02,667 - INFO - Epoch 6 completed in 0.403622 seconds
2025-10-18 23:56:02,667 - INFO - torch.cuda.max_memory_reserved() : 13.986328125
2025-10-18 23:56:03,061 - INFO - Epoch 7 completed in 0.393420 seconds
2025-10-18 23:56:03,062 - INFO - torch.cuda.max_memory_reserved() : 13.98828125
2025-10-18 23:56:03,496 - INFO - Epoch 8 completed in 0.433748 seconds
2025-10-18 23:56:03,496 - INFO - torch.cuda.max_memory_reserved() : 13.98828125
2025-10-18 23:56:03,944 - INFO - Epoch 9 completed in 0.446824 seconds
2025-10-18 23:56:03,944 - INFO - torch.cuda.max_memory_reserved() : 13.98828125
2025-10-18 23:56:04,370 - INFO - Epoch 10 completed in 0.424161 seconds
2025-10-18 23:56:04,804 - INFO - torch.cuda.max_memory_reserved() : 13.98828125
2025-10-18 23:56:04,805 - INFO - !!!采用策略后的几个epoch 平均时间:0.42503198981285095
2025-10-18 23:56:04,805 - INFO - 



