2025-10-18 23:56:09,271 - INFO - 📌 第一个 epoch：默认所有模块使用 checkpoint
2025-10-18 23:56:10,469 - INFO - Epoch 1 completed in 1.201358 seconds
2025-10-18 23:56:11,034 - INFO - torch.cuda.max_memory_reserved() : 7.45703125
2025-10-18 23:56:11,646 - INFO - 
[🔁 拟合反向传播时间模型]
2025-10-18 23:56:11,646 - INFO - 总反向传播时间: 0.606732s
2025-10-18 23:56:11,646 - INFO - 拟合模型: backward_total ≈ 2 × (A + B) + b
2025-10-18 23:56:11,647 - INFO - A = 0.966900, B = 0.018022, b = -0.378190s
2025-10-18 23:56:11,647 - INFO - ✅ 最优策略：[1, 1, 1, 1, 1, 1, 1, 1, 1, 1, 1, 1, 1, 1, 1, 1, 1, 1, 1, 1, 1, 1, 1, 1, 1, 1, 1, 1, 1, 1, 1, 1]
2025-10-18 23:56:11,647 - INFO - 📌 checkpoint 的欧氏长度:, []
2025-10-18 23:56:11,647 - INFO - 📌 checkpoint 的余弦长度:, []
2025-10-18 23:56:11,647 - INFO - 💾 最终显存峰值：%.2f MB % 16526.052734375
2025-10-18 23:56:11,648 - INFO - Epoch 2 completed in 0.613086 seconds
2025-10-18 23:56:11,648 - INFO - torch.cuda.max_memory_reserved() : 7.45703125
2025-10-18 23:56:12,055 - INFO - Epoch 3 completed in 0.405532 seconds
2025-10-18 23:56:12,055 - INFO - 
====================== [第1个 Epoch 收集统计数据] ======================
2025-10-18 23:56:12,055 - INFO - 
🔍 EUCLIDEAN modules:
2025-10-18 23:56:12,055 - INFO - [Shapelet 119] forward_avg=0.018790s over 2 calls | peak=574.44MB | final=0.00MB
2025-10-18 23:56:12,055 - INFO - [Shapelet 238] forward_avg=0.010404s over 2 calls | peak=1015.43MB | final=0.00MB
2025-10-18 23:56:12,055 - INFO - [Shapelet 358] forward_avg=0.016496s over 2 calls | peak=1333.82MB | final=0.00MB
2025-10-18 23:56:12,055 - INFO - [Shapelet 478] forward_avg=0.018944s over 2 calls | peak=1527.39MB | final=0.00MB
2025-10-18 23:56:12,055 - INFO - [Shapelet 597] forward_avg=0.018546s over 2 calls | peak=1593.80MB | final=0.00MB
2025-10-18 23:56:12,056 - INFO - [Shapelet 717] forward_avg=0.015925s over 2 calls | peak=1532.89MB | final=0.00MB
2025-10-18 23:56:12,056 - INFO - [Shapelet 837] forward_avg=0.014256s over 2 calls | peak=1346.26MB | final=0.00MB
2025-10-18 23:56:12,056 - INFO - [Shapelet 957] forward_avg=0.011626s over 2 calls | peak=1033.37MB | final=0.00MB
2025-10-18 23:56:12,056 - INFO - 
🔍 COSINE modules:
2025-10-18 23:56:12,056 - INFO - [Shapelet 119] forward_avg=0.001944s over 2 calls | peak=377.76MB | final=0.00MB
2025-10-18 23:56:12,056 - INFO - [Shapelet 238] forward_avg=0.003034s over 2 calls | peak=670.78MB | final=0.00MB
2025-10-18 23:56:12,056 - INFO - [Shapelet 358] forward_avg=0.004783s over 2 calls | peak=882.25MB | final=0.00MB
2025-10-18 23:56:12,056 - INFO - [Shapelet 478] forward_avg=0.007129s over 2 calls | peak=1010.33MB | final=0.00MB
2025-10-18 23:56:12,056 - INFO - [Shapelet 597] forward_avg=0.007948s over 2 calls | peak=1052.88MB | final=0.00MB
2025-10-18 23:56:12,056 - INFO - [Shapelet 717] forward_avg=0.004357s over 2 calls | peak=1012.70MB | final=0.00MB
2025-10-18 23:56:12,056 - INFO - [Shapelet 837] forward_avg=0.003906s over 2 calls | peak=885.75MB | final=0.00MB
2025-10-18 23:56:12,056 - INFO - [Shapelet 957] forward_avg=0.003062s over 2 calls | peak=676.20MB | final=0.00MB
2025-10-18 23:56:12,056 - INFO - 
🔍 CROSS modules:
2025-10-18 23:56:12,056 - INFO - [Shapelet 119] forward_avg=0.000400s over 2 calls
2025-10-18 23:56:12,056 - INFO - [Shapelet 238] forward_avg=0.000467s over 2 calls
2025-10-18 23:56:12,056 - INFO - [Shapelet 358] forward_avg=0.000585s over 2 calls
2025-10-18 23:56:12,056 - INFO - [Shapelet 478] forward_avg=0.000719s over 2 calls
2025-10-18 23:56:12,056 - INFO - [Shapelet 597] forward_avg=0.000612s over 2 calls
2025-10-18 23:56:12,056 - INFO - [Shapelet 717] forward_avg=0.000553s over 2 calls
2025-10-18 23:56:12,056 - INFO - [Shapelet 837] forward_avg=0.000609s over 2 calls
2025-10-18 23:56:12,056 - INFO - [Shapelet 957] forward_avg=0.000560s over 2 calls
2025-10-18 23:56:12,056 - INFO - 
💾 模型第一次反向传播阶段的显存峰值（所有模块中的最大值）: 9237.93 MB
2025-10-18 23:56:12,056 - INFO - 
💾 模型初始显存: 9.69 MB
2025-10-18 23:56:12,056 - INFO - =======================================================================

2025-10-18 23:56:12,056 - INFO - torch.cuda.max_memory_reserved() : 13.96484375
2025-10-18 23:56:12,487 - INFO - Epoch 4 completed in 0.430338 seconds
2025-10-18 23:56:12,487 - INFO - torch.cuda.max_memory_reserved() : 14.728515625
2025-10-18 23:56:12,920 - INFO - Epoch 5 completed in 0.432232 seconds
2025-10-18 23:56:12,920 - INFO - torch.cuda.max_memory_reserved() : 14.73046875
2025-10-18 23:56:13,312 - INFO - Epoch 6 completed in 0.391516 seconds
2025-10-18 23:56:13,313 - INFO - torch.cuda.max_memory_reserved() : 14.73046875
2025-10-18 23:56:13,702 - INFO - Epoch 7 completed in 0.387434 seconds
2025-10-18 23:56:13,703 - INFO - torch.cuda.max_memory_reserved() : 14.73046875
2025-10-18 23:56:14,122 - INFO - Epoch 8 completed in 0.417708 seconds
2025-10-18 23:56:14,122 - INFO - torch.cuda.max_memory_reserved() : 14.73046875
2025-10-18 23:56:14,569 - INFO - Epoch 9 completed in 0.446652 seconds
2025-10-18 23:56:14,571 - INFO - torch.cuda.max_memory_reserved() : 14.73046875
2025-10-18 23:56:14,990 - INFO - Epoch 10 completed in 0.417586 seconds
2025-10-18 23:56:15,424 - INFO - torch.cuda.max_memory_reserved() : 14.73046875
2025-10-18 23:56:15,425 - INFO - !!!采用策略后的几个epoch 平均时间:0.41612479090690613
2025-10-18 23:56:15,425 - INFO - 



