2025-10-18 23:55:36,764 - INFO - 📌 第一个 epoch：默认所有模块使用 checkpoint
2025-10-18 23:55:37,966 - INFO - Epoch 1 completed in 1.206505 seconds
2025-10-18 23:55:38,447 - INFO - torch.cuda.max_memory_reserved() : 7.45703125
2025-10-18 23:55:39,074 - INFO - 
[🔁 拟合反向传播时间模型]
2025-10-18 23:55:39,074 - INFO - 总反向传播时间: 0.622270s
2025-10-18 23:55:39,075 - INFO - 拟合模型: backward_total ≈ 2 × (A + B) + b
2025-10-18 23:55:39,075 - INFO - A = 0.969825, B = 0.018824, b = -0.366379s
2025-10-18 23:55:39,075 - INFO - ✅ 最优策略：[1, 1, 1, 0, 0, 0, 1, 1, 1, 1, 1, 1, 1, 1, 1, 1, 1, 1, 1, 1, 1, 1, 1, 1, 1, 1, 1, 1, 1, 1, 1, 1]
2025-10-18 23:55:39,075 - INFO - 📌 checkpoint 的欧氏长度:, [478, 597, 717]
2025-10-18 23:55:39,075 - INFO - 📌 checkpoint 的余弦长度:, []
2025-10-18 23:55:39,075 - INFO - 💾 最终显存峰值：%.2f MB % 11871.97119140625
2025-10-18 23:55:39,075 - INFO - Epoch 2 completed in 0.627043 seconds
2025-10-18 23:55:39,075 - INFO - torch.cuda.max_memory_reserved() : 7.45703125
2025-10-18 23:55:39,533 - INFO - Epoch 3 completed in 0.457715 seconds
2025-10-18 23:55:39,534 - INFO - 
====================== [第1个 Epoch 收集统计数据] ======================
2025-10-18 23:55:39,534 - INFO - 
🔍 EUCLIDEAN modules:
2025-10-18 23:55:39,534 - INFO - [Shapelet 119] forward_avg=0.017740s over 2 calls | peak=574.44MB | final=0.00MB
2025-10-18 23:55:39,534 - INFO - [Shapelet 238] forward_avg=0.010396s over 2 calls | peak=1015.43MB | final=0.00MB
2025-10-18 23:55:39,534 - INFO - [Shapelet 358] forward_avg=0.016362s over 2 calls | peak=1333.82MB | final=0.00MB
2025-10-18 23:55:39,534 - INFO - [Shapelet 478] forward_avg=0.019833s over 2 calls | peak=1527.39MB | final=0.00MB
2025-10-18 23:55:39,534 - INFO - [Shapelet 597] forward_avg=0.019622s over 2 calls | peak=1593.80MB | final=0.00MB
2025-10-18 23:55:39,535 - INFO - [Shapelet 717] forward_avg=0.016877s over 2 calls | peak=1532.89MB | final=0.00MB
2025-10-18 23:55:39,535 - INFO - [Shapelet 837] forward_avg=0.014138s over 2 calls | peak=1346.26MB | final=0.00MB
2025-10-18 23:55:39,535 - INFO - [Shapelet 957] forward_avg=0.011656s over 2 calls | peak=1033.37MB | final=0.00MB
2025-10-18 23:55:39,535 - INFO - 
🔍 COSINE modules:
2025-10-18 23:55:39,535 - INFO - [Shapelet 119] forward_avg=0.001976s over 2 calls | peak=377.76MB | final=0.00MB
2025-10-18 23:55:39,535 - INFO - [Shapelet 238] forward_avg=0.003026s over 2 calls | peak=670.78MB | final=0.00MB
2025-10-18 23:55:39,535 - INFO - [Shapelet 358] forward_avg=0.003954s over 2 calls | peak=882.25MB | final=0.00MB
2025-10-18 23:55:39,535 - INFO - [Shapelet 478] forward_avg=0.006859s over 2 calls | peak=1010.33MB | final=0.00MB
2025-10-18 23:55:39,535 - INFO - [Shapelet 597] forward_avg=0.007890s over 2 calls | peak=1052.88MB | final=0.00MB
2025-10-18 23:55:39,535 - INFO - [Shapelet 717] forward_avg=0.004355s over 2 calls | peak=1012.70MB | final=0.00MB
2025-10-18 23:55:39,536 - INFO - [Shapelet 837] forward_avg=0.003896s over 2 calls | peak=885.75MB | final=0.00MB
2025-10-18 23:55:39,536 - INFO - [Shapelet 957] forward_avg=0.003058s over 2 calls | peak=676.20MB | final=0.00MB
2025-10-18 23:55:39,536 - INFO - 
🔍 CROSS modules:
2025-10-18 23:55:39,536 - INFO - [Shapelet 119] forward_avg=0.000567s over 2 calls
2025-10-18 23:55:39,536 - INFO - [Shapelet 238] forward_avg=0.000471s over 2 calls
2025-10-18 23:55:39,536 - INFO - [Shapelet 358] forward_avg=0.000595s over 2 calls
2025-10-18 23:55:39,536 - INFO - [Shapelet 478] forward_avg=0.000746s over 2 calls
2025-10-18 23:55:39,536 - INFO - [Shapelet 597] forward_avg=0.000618s over 2 calls
2025-10-18 23:55:39,536 - INFO - [Shapelet 717] forward_avg=0.000551s over 2 calls
2025-10-18 23:55:39,536 - INFO - [Shapelet 837] forward_avg=0.000605s over 2 calls
2025-10-18 23:55:39,537 - INFO - [Shapelet 957] forward_avg=0.000553s over 2 calls
2025-10-18 23:55:39,537 - INFO - 
💾 模型第一次反向传播阶段的显存峰值（所有模块中的最大值）: 9467.47 MB
2025-10-18 23:55:39,537 - INFO - 
💾 模型初始显存: 9.69 MB
2025-10-18 23:55:39,537 - INFO - =======================================================================

2025-10-18 23:55:39,537 - INFO - torch.cuda.max_memory_reserved() : 10.814453125
2025-10-18 23:55:40,010 - INFO - Epoch 4 completed in 0.470879 seconds
2025-10-18 23:55:40,010 - INFO - torch.cuda.max_memory_reserved() : 12.072265625
2025-10-18 23:55:40,490 - INFO - Epoch 5 completed in 0.480060 seconds
2025-10-18 23:55:40,491 - INFO - torch.cuda.max_memory_reserved() : 12.072265625
2025-10-18 23:55:40,931 - INFO - Epoch 6 completed in 0.439853 seconds
2025-10-18 23:55:40,931 - INFO - torch.cuda.max_memory_reserved() : 12.072265625
2025-10-18 23:55:41,364 - INFO - Epoch 7 completed in 0.432645 seconds
2025-10-18 23:55:41,365 - INFO - torch.cuda.max_memory_reserved() : 12.072265625
2025-10-18 23:55:41,849 - INFO - Epoch 8 completed in 0.483239 seconds
2025-10-18 23:55:41,850 - INFO - torch.cuda.max_memory_reserved() : 12.072265625
2025-10-18 23:55:42,341 - INFO - Epoch 9 completed in 0.490305 seconds
2025-10-18 23:55:42,342 - INFO - torch.cuda.max_memory_reserved() : 12.072265625
2025-10-18 23:55:42,818 - INFO - Epoch 10 completed in 0.476086 seconds
2025-10-18 23:55:43,273 - INFO - torch.cuda.max_memory_reserved() : 12.072265625
2025-10-18 23:55:43,274 - INFO - !!!采用策略后的几个epoch 平均时间:0.46634766459465027
2025-10-18 23:55:43,274 - INFO - 



