2025-10-22 03:02:22,274 - INFO - 📌 第一个 epoch：默认所有模块使用 checkpoint
2025-10-22 03:02:48,423 - INFO - Epoch 1 completed in 26.198288 seconds
2025-10-22 03:08:04,805 - INFO - torch.cuda.max_memory_reserved() : 0.919921875
2025-10-22 03:08:31,910 - INFO - 
[🔁 拟合反向传播时间模型]
2025-10-22 03:08:31,910 - INFO - 总反向传播时间: 26.682403s
2025-10-22 03:08:31,911 - INFO - 拟合模型: backward_total ≈ 2 × (A + B) + b
2025-10-22 03:08:31,911 - INFO - A = 13.970458, B = 1.288651, b = 11.423294s
2025-10-22 03:08:31,911 - INFO - ✅ 最优策略：[1, 0, 0, 0, 0, 0, 0, 0, 1, 1, 1, 0, 1, 1, 1, 1, 1, 1, 1, 1, 1, 1, 1, 1, 1, 1, 1, 1, 1, 1, 1, 1]
2025-10-22 03:08:31,911 - INFO - 📌 checkpoint 的欧氏长度:, [12, 18, 24, 30, 36, 42, 49]
2025-10-22 03:08:31,911 - INFO - 📌 checkpoint 的余弦长度:, [24]
2025-10-22 03:08:31,911 - INFO - 💾 最终显存峰值：%.2f MB % 933.41650390625
2025-10-22 03:08:31,934 - INFO - Epoch 2 completed in 27.127786 seconds
2025-10-22 03:08:31,935 - INFO - torch.cuda.max_memory_reserved() : 0.919921875
2025-10-22 03:08:57,479 - INFO - Epoch 3 completed in 25.542686 seconds
2025-10-22 03:08:57,479 - INFO - 
====================== [第1个 Epoch 收集统计数据] ======================
2025-10-22 03:08:57,479 - INFO - 
🔍 EUCLIDEAN modules:
2025-10-22 03:08:57,479 - INFO - [Shapelet   6] forward_avg=0.002778s over 92 calls | peak=121.01MB | final=0.00MB
2025-10-22 03:08:57,480 - INFO - [Shapelet  12] forward_avg=0.002852s over 92 calls | peak=164.59MB | final=0.00MB
2025-10-22 03:08:57,480 - INFO - [Shapelet  18] forward_avg=0.003306s over 92 calls | peak=202.52MB | final=0.00MB
2025-10-22 03:08:57,480 - INFO - [Shapelet  24] forward_avg=0.003446s over 92 calls | peak=233.25MB | final=0.00MB
2025-10-22 03:08:57,480 - INFO - [Shapelet  30] forward_avg=0.003500s over 92 calls | peak=247.82MB | final=0.00MB
2025-10-22 03:08:57,480 - INFO - [Shapelet  36] forward_avg=0.003655s over 92 calls | peak=247.36MB | final=0.00MB
2025-10-22 03:08:57,480 - INFO - [Shapelet  42] forward_avg=0.003941s over 92 calls | peak=232.68MB | final=0.00MB
2025-10-22 03:08:57,480 - INFO - [Shapelet  49] forward_avg=0.002503s over 92 calls | peak=202.64MB | final=0.00MB
2025-10-22 03:08:57,480 - INFO - 
🔍 COSINE modules:
2025-10-22 03:08:57,480 - INFO - [Shapelet   6] forward_avg=0.002945s over 92 calls | peak=81.68MB | final=0.00MB
2025-10-22 03:08:57,480 - INFO - [Shapelet  12] forward_avg=0.002828s over 92 calls | peak=100.70MB | final=0.00MB
2025-10-22 03:08:57,480 - INFO - [Shapelet  18] forward_avg=0.003218s over 92 calls | peak=117.07MB | final=0.00MB
2025-10-22 03:08:57,480 - INFO - [Shapelet  24] forward_avg=0.002874s over 92 calls | peak=134.74MB | final=0.00MB
2025-10-22 03:08:57,480 - INFO - [Shapelet  30] forward_avg=0.003150s over 92 calls | peak=141.93MB | final=0.00MB
2025-10-22 03:08:57,480 - INFO - [Shapelet  36] forward_avg=0.003441s over 92 calls | peak=139.35MB | final=0.00MB
2025-10-22 03:08:57,480 - INFO - [Shapelet  42] forward_avg=0.003239s over 92 calls | peak=125.51MB | final=0.00MB
2025-10-22 03:08:57,480 - INFO - [Shapelet  49] forward_avg=0.002943s over 92 calls | peak=106.17MB | final=0.00MB
2025-10-22 03:08:57,480 - INFO - 
🔍 CROSS modules:
2025-10-22 03:08:57,480 - INFO - [Shapelet   6] forward_avg=0.000822s over 92 calls
2025-10-22 03:08:57,480 - INFO - [Shapelet  12] forward_avg=0.000744s over 92 calls
2025-10-22 03:08:57,480 - INFO - [Shapelet  18] forward_avg=0.000709s over 92 calls
2025-10-22 03:08:57,480 - INFO - [Shapelet  24] forward_avg=0.000793s over 92 calls
2025-10-22 03:08:57,480 - INFO - [Shapelet  30] forward_avg=0.000828s over 92 calls
2025-10-22 03:08:57,480 - INFO - [Shapelet  36] forward_avg=0.000955s over 92 calls
2025-10-22 03:08:57,481 - INFO - [Shapelet  42] forward_avg=0.001031s over 92 calls
2025-10-22 03:08:57,481 - INFO - [Shapelet  49] forward_avg=0.001121s over 92 calls
2025-10-22 03:08:57,481 - INFO - 
💾 模型第一次反向传播阶段的显存峰值（所有模块中的最大值）: 1061.31 MB
2025-10-22 03:08:57,481 - INFO - 
💾 模型初始显存: 18.32 MB
2025-10-22 03:08:57,481 - INFO - =======================================================================

2025-10-22 03:08:57,481 - INFO - torch.cuda.max_memory_reserved() : 1.244140625
2025-10-22 03:09:21,661 - INFO - Epoch 4 completed in 24.179217 seconds
2025-10-22 03:09:21,662 - INFO - torch.cuda.max_memory_reserved() : 1.244140625
2025-10-22 03:09:45,238 - INFO - Epoch 5 completed in 23.575423 seconds
2025-10-22 03:09:45,241 - INFO - torch.cuda.max_memory_reserved() : 1.244140625
2025-10-22 03:10:11,029 - INFO - Epoch 6 completed in 25.786849 seconds
2025-10-22 03:10:11,029 - INFO - torch.cuda.max_memory_reserved() : 1.244140625
2025-10-22 03:10:34,982 - INFO - Epoch 7 completed in 23.952085 seconds
2025-10-22 03:10:34,983 - INFO - torch.cuda.max_memory_reserved() : 1.244140625
2025-10-22 03:10:57,917 - INFO - Epoch 8 completed in 22.933127 seconds
2025-10-22 03:10:57,917 - INFO - torch.cuda.max_memory_reserved() : 1.244140625
2025-10-22 03:11:20,347 - INFO - Epoch 9 completed in 22.428323 seconds
2025-10-22 03:11:20,348 - INFO - torch.cuda.max_memory_reserved() : 1.244140625
2025-10-22 03:11:43,741 - INFO - Epoch 10 completed in 23.392618 seconds
2025-10-22 03:16:59,047 - INFO - torch.cuda.max_memory_reserved() : 1.244140625
2025-10-22 03:16:59,049 - INFO - !!!采用策略后的几个epoch 平均时间:23.973791003227234
2025-10-22 03:16:59,049 - INFO - 



