2025-10-22 03:32:34,104 - INFO - 📌 第一个 epoch：默认所有模块使用 checkpoint
2025-10-22 03:32:59,347 - INFO - Epoch 1 completed in 25.270363 seconds
2025-10-22 03:38:27,241 - INFO - torch.cuda.max_memory_reserved() : 0.919921875
2025-10-22 03:38:53,338 - INFO - 
[🔁 拟合反向传播时间模型]
2025-10-22 03:38:53,338 - INFO - 总反向传播时间: 25.656566s
2025-10-22 03:38:53,338 - INFO - 拟合模型: backward_total ≈ 2 × (A + B) + b
2025-10-22 03:38:53,338 - INFO - A = 13.762918, B = 1.224989, b = 10.668659s
2025-10-22 03:38:53,339 - INFO - ✅ 最优策略：[1, 1, 1, 1, 1, 1, 1, 1, 1, 1, 1, 1, 1, 1, 1, 1, 1, 1, 1, 1, 1, 1, 1, 1, 1, 1, 1, 1, 1, 1, 1, 1]
2025-10-22 03:38:53,339 - INFO - 📌 checkpoint 的欧氏长度:, []
2025-10-22 03:38:53,339 - INFO - 📌 checkpoint 的余弦长度:, []
2025-10-22 03:38:53,339 - INFO - 💾 最终显存峰值：%.2f MB % 2599.01025390625
2025-10-22 03:38:53,362 - INFO - Epoch 2 completed in 26.120252 seconds
2025-10-22 03:38:53,363 - INFO - torch.cuda.max_memory_reserved() : 0.919921875
2025-10-22 03:39:12,799 - INFO - Epoch 3 completed in 19.434426 seconds
2025-10-22 03:39:12,799 - INFO - 
====================== [第1个 Epoch 收集统计数据] ======================
2025-10-22 03:39:12,799 - INFO - 
🔍 EUCLIDEAN modules:
2025-10-22 03:39:12,799 - INFO - [Shapelet   6] forward_avg=0.002721s over 92 calls | peak=121.01MB | final=0.00MB
2025-10-22 03:39:12,799 - INFO - [Shapelet  12] forward_avg=0.003035s over 92 calls | peak=164.59MB | final=0.00MB
2025-10-22 03:39:12,799 - INFO - [Shapelet  18] forward_avg=0.003148s over 92 calls | peak=202.52MB | final=0.00MB
2025-10-22 03:39:12,799 - INFO - [Shapelet  24] forward_avg=0.003330s over 92 calls | peak=233.25MB | final=0.00MB
2025-10-22 03:39:12,799 - INFO - [Shapelet  30] forward_avg=0.003350s over 92 calls | peak=247.82MB | final=0.00MB
2025-10-22 03:39:12,799 - INFO - [Shapelet  36] forward_avg=0.003815s over 92 calls | peak=247.36MB | final=0.00MB
2025-10-22 03:39:12,799 - INFO - [Shapelet  42] forward_avg=0.003772s over 92 calls | peak=232.68MB | final=0.00MB
2025-10-22 03:39:12,799 - INFO - [Shapelet  49] forward_avg=0.002677s over 92 calls | peak=202.64MB | final=0.00MB
2025-10-22 03:39:12,799 - INFO - 
🔍 COSINE modules:
2025-10-22 03:39:12,799 - INFO - [Shapelet   6] forward_avg=0.002937s over 92 calls | peak=81.68MB | final=0.00MB
2025-10-22 03:39:12,800 - INFO - [Shapelet  12] forward_avg=0.002874s over 92 calls | peak=100.70MB | final=0.00MB
2025-10-22 03:39:12,800 - INFO - [Shapelet  18] forward_avg=0.002860s over 92 calls | peak=117.07MB | final=0.00MB
2025-10-22 03:39:12,800 - INFO - [Shapelet  24] forward_avg=0.002824s over 92 calls | peak=134.74MB | final=0.00MB
2025-10-22 03:39:12,800 - INFO - [Shapelet  30] forward_avg=0.003257s over 92 calls | peak=141.93MB | final=0.00MB
2025-10-22 03:39:12,800 - INFO - [Shapelet  36] forward_avg=0.003318s over 92 calls | peak=139.35MB | final=0.00MB
2025-10-22 03:39:12,800 - INFO - [Shapelet  42] forward_avg=0.003227s over 92 calls | peak=125.51MB | final=0.00MB
2025-10-22 03:39:12,800 - INFO - [Shapelet  49] forward_avg=0.002722s over 92 calls | peak=106.17MB | final=0.00MB
2025-10-22 03:39:12,800 - INFO - 
🔍 CROSS modules:
2025-10-22 03:39:12,800 - INFO - [Shapelet   6] forward_avg=0.000747s over 92 calls
2025-10-22 03:39:12,800 - INFO - [Shapelet  12] forward_avg=0.000619s over 92 calls
2025-10-22 03:39:12,800 - INFO - [Shapelet  18] forward_avg=0.000661s over 92 calls
2025-10-22 03:39:12,800 - INFO - [Shapelet  24] forward_avg=0.000736s over 92 calls
2025-10-22 03:39:12,800 - INFO - [Shapelet  30] forward_avg=0.000816s over 92 calls
2025-10-22 03:39:12,800 - INFO - [Shapelet  36] forward_avg=0.000911s over 92 calls
2025-10-22 03:39:12,800 - INFO - [Shapelet  42] forward_avg=0.001046s over 92 calls
2025-10-22 03:39:12,800 - INFO - [Shapelet  49] forward_avg=0.001122s over 92 calls
2025-10-22 03:39:12,800 - INFO - 
💾 模型第一次反向传播阶段的显存峰值（所有模块中的最大值）: 2780.89 MB
2025-10-22 03:39:12,800 - INFO - 
💾 模型初始显存: 18.32 MB
2025-10-22 03:39:12,800 - INFO - =======================================================================

2025-10-22 03:39:12,800 - INFO - torch.cuda.max_memory_reserved() : 3.107421875
2025-10-22 03:39:32,598 - INFO - Epoch 4 completed in 19.797189 seconds
2025-10-22 03:39:32,601 - INFO - torch.cuda.max_memory_reserved() : 3.107421875
2025-10-22 03:39:52,290 - INFO - Epoch 5 completed in 19.687208 seconds
2025-10-22 03:39:52,290 - INFO - torch.cuda.max_memory_reserved() : 3.107421875
2025-10-22 03:40:11,899 - INFO - Epoch 6 completed in 19.608602 seconds
2025-10-22 03:40:11,900 - INFO - torch.cuda.max_memory_reserved() : 3.107421875
2025-10-22 03:40:31,623 - INFO - Epoch 7 completed in 19.722766 seconds
2025-10-22 03:40:31,624 - INFO - torch.cuda.max_memory_reserved() : 3.107421875
2025-10-22 03:40:51,064 - INFO - Epoch 8 completed in 19.438658 seconds
2025-10-22 03:40:51,065 - INFO - torch.cuda.max_memory_reserved() : 3.107421875
2025-10-22 03:41:10,541 - INFO - Epoch 9 completed in 19.474738 seconds
2025-10-22 03:41:10,542 - INFO - torch.cuda.max_memory_reserved() : 3.107421875
2025-10-22 03:41:30,399 - INFO - Epoch 10 completed in 19.855988 seconds
2025-10-22 03:46:53,305 - INFO - torch.cuda.max_memory_reserved() : 3.107421875
2025-10-22 03:46:53,306 - INFO - !!!采用策略后的几个epoch 平均时间:19.62744688987732
2025-10-22 03:46:53,306 - INFO - 



