2025-10-22 03:47:23,705 - INFO - 📌 第一个 epoch：默认所有模块使用 checkpoint
2025-10-22 03:47:48,649 - INFO - Epoch 1 completed in 24.993269 seconds
2025-10-22 03:53:01,815 - INFO - torch.cuda.max_memory_reserved() : 0.919921875
2025-10-22 03:53:27,789 - INFO - 
[🔁 拟合反向传播时间模型]
2025-10-22 03:53:27,790 - INFO - 总反向传播时间: 25.571554s
2025-10-22 03:53:27,790 - INFO - 拟合模型: backward_total ≈ 2 × (A + B) + b
2025-10-22 03:53:27,790 - INFO - A = 14.024979, B = 1.229822, b = 10.316752s
2025-10-22 03:53:27,790 - INFO - ✅ 最优策略：[1, 1, 1, 1, 1, 1, 1, 1, 1, 1, 1, 1, 1, 1, 1, 1, 1, 1, 1, 1, 1, 1, 1, 1, 1, 1, 1, 1, 1, 1, 1, 1]
2025-10-22 03:53:27,791 - INFO - 📌 checkpoint 的欧氏长度:, []
2025-10-22 03:53:27,791 - INFO - 📌 checkpoint 的余弦长度:, []
2025-10-22 03:53:27,791 - INFO - 💾 最终显存峰值：%.2f MB % 2599.01025390625
2025-10-22 03:53:27,809 - INFO - Epoch 2 completed in 25.992045 seconds
2025-10-22 03:53:27,809 - INFO - torch.cuda.max_memory_reserved() : 0.919921875
2025-10-22 03:53:47,029 - INFO - Epoch 3 completed in 19.216091 seconds
2025-10-22 03:53:47,030 - INFO - 
====================== [第1个 Epoch 收集统计数据] ======================
2025-10-22 03:53:47,030 - INFO - 
🔍 EUCLIDEAN modules:
2025-10-22 03:53:47,030 - INFO - [Shapelet   6] forward_avg=0.002649s over 92 calls | peak=121.01MB | final=0.00MB
2025-10-22 03:53:47,030 - INFO - [Shapelet  12] forward_avg=0.002909s over 92 calls | peak=164.59MB | final=0.00MB
2025-10-22 03:53:47,030 - INFO - [Shapelet  18] forward_avg=0.003163s over 92 calls | peak=202.52MB | final=0.00MB
2025-10-22 03:53:47,030 - INFO - [Shapelet  24] forward_avg=0.003395s over 92 calls | peak=233.25MB | final=0.00MB
2025-10-22 03:53:47,030 - INFO - [Shapelet  30] forward_avg=0.003292s over 92 calls | peak=247.82MB | final=0.00MB
2025-10-22 03:53:47,030 - INFO - [Shapelet  36] forward_avg=0.003616s over 92 calls | peak=247.36MB | final=0.00MB
2025-10-22 03:53:47,030 - INFO - [Shapelet  42] forward_avg=0.005908s over 92 calls | peak=232.68MB | final=0.00MB
2025-10-22 03:53:47,030 - INFO - [Shapelet  49] forward_avg=0.002487s over 92 calls | peak=202.64MB | final=0.00MB
2025-10-22 03:53:47,030 - INFO - 
🔍 COSINE modules:
2025-10-22 03:53:47,030 - INFO - [Shapelet   6] forward_avg=0.002807s over 92 calls | peak=81.68MB | final=0.00MB
2025-10-22 03:53:47,030 - INFO - [Shapelet  12] forward_avg=0.002755s over 92 calls | peak=100.70MB | final=0.00MB
2025-10-22 03:53:47,030 - INFO - [Shapelet  18] forward_avg=0.002918s over 92 calls | peak=117.07MB | final=0.00MB
2025-10-22 03:53:47,030 - INFO - [Shapelet  24] forward_avg=0.002948s over 92 calls | peak=134.74MB | final=0.00MB
2025-10-22 03:53:47,030 - INFO - [Shapelet  30] forward_avg=0.003023s over 92 calls | peak=141.93MB | final=0.00MB
2025-10-22 03:53:47,030 - INFO - [Shapelet  36] forward_avg=0.003122s over 92 calls | peak=139.35MB | final=0.00MB
2025-10-22 03:53:47,030 - INFO - [Shapelet  42] forward_avg=0.003141s over 92 calls | peak=125.51MB | final=0.00MB
2025-10-22 03:53:47,030 - INFO - [Shapelet  49] forward_avg=0.002682s over 92 calls | peak=106.17MB | final=0.00MB
2025-10-22 03:53:47,030 - INFO - 
🔍 CROSS modules:
2025-10-22 03:53:47,030 - INFO - [Shapelet   6] forward_avg=0.000733s over 92 calls
2025-10-22 03:53:47,030 - INFO - [Shapelet  12] forward_avg=0.000639s over 92 calls
2025-10-22 03:53:47,030 - INFO - [Shapelet  18] forward_avg=0.000666s over 92 calls
2025-10-22 03:53:47,030 - INFO - [Shapelet  24] forward_avg=0.000741s over 92 calls
2025-10-22 03:53:47,030 - INFO - [Shapelet  30] forward_avg=0.000822s over 92 calls
2025-10-22 03:53:47,031 - INFO - [Shapelet  36] forward_avg=0.000930s over 92 calls
2025-10-22 03:53:47,031 - INFO - [Shapelet  42] forward_avg=0.001034s over 92 calls
2025-10-22 03:53:47,031 - INFO - [Shapelet  49] forward_avg=0.001119s over 92 calls
2025-10-22 03:53:47,031 - INFO - 
💾 模型第一次反向传播阶段的显存峰值（所有模块中的最大值）: 2780.89 MB
2025-10-22 03:53:47,031 - INFO - 
💾 模型初始显存: 18.32 MB
2025-10-22 03:53:47,031 - INFO - =======================================================================

2025-10-22 03:53:47,031 - INFO - torch.cuda.max_memory_reserved() : 3.107421875
2025-10-22 03:54:05,244 - INFO - Epoch 4 completed in 18.212036 seconds
2025-10-22 03:54:05,245 - INFO - torch.cuda.max_memory_reserved() : 3.107421875
2025-10-22 03:54:23,816 - INFO - Epoch 5 completed in 18.570354 seconds
2025-10-22 03:54:23,817 - INFO - torch.cuda.max_memory_reserved() : 3.107421875
2025-10-22 03:54:42,706 - INFO - Epoch 6 completed in 18.888811 seconds
2025-10-22 03:54:42,707 - INFO - torch.cuda.max_memory_reserved() : 3.107421875
2025-10-22 03:55:00,908 - INFO - Epoch 7 completed in 18.200139 seconds
2025-10-22 03:55:00,908 - INFO - torch.cuda.max_memory_reserved() : 3.107421875
2025-10-22 03:55:19,308 - INFO - Epoch 8 completed in 18.398961 seconds
2025-10-22 03:55:19,309 - INFO - torch.cuda.max_memory_reserved() : 3.107421875
2025-10-22 03:55:37,539 - INFO - Epoch 9 completed in 18.229863 seconds
2025-10-22 03:55:37,540 - INFO - torch.cuda.max_memory_reserved() : 3.107421875
2025-10-22 03:55:56,210 - INFO - Epoch 10 completed in 18.668999 seconds
2025-10-22 04:00:44,801 - INFO - torch.cuda.max_memory_reserved() : 3.107421875
2025-10-22 04:00:44,805 - INFO - !!!采用策略后的几个epoch 平均时间:18.54815661907196
2025-10-22 04:00:44,805 - INFO - 



