2025-10-22 04:01:13,878 - INFO - 📌 第一个 epoch：默认所有模块使用 checkpoint
2025-10-22 04:01:37,890 - INFO - Epoch 1 completed in 24.045811 seconds
2025-10-22 04:06:42,366 - INFO - torch.cuda.max_memory_reserved() : 0.919921875
2025-10-22 04:07:08,101 - INFO - 
[🔁 拟合反向传播时间模型]
2025-10-22 04:07:08,102 - INFO - 总反向传播时间: 25.379612s
2025-10-22 04:07:08,102 - INFO - 拟合模型: backward_total ≈ 2 × (A + B) + b
2025-10-22 04:07:08,102 - INFO - A = 13.093586, B = 1.207246, b = 11.078780s
2025-10-22 04:07:08,103 - INFO - ✅ 最优策略：[1, 1, 1, 1, 1, 1, 1, 1, 1, 1, 1, 1, 1, 1, 1, 1, 1, 1, 1, 1, 1, 1, 1, 1, 1, 1, 1, 1, 1, 1, 1, 1]
2025-10-22 04:07:08,103 - INFO - 📌 checkpoint 的欧氏长度:, []
2025-10-22 04:07:08,103 - INFO - 📌 checkpoint 的余弦长度:, []
2025-10-22 04:07:08,103 - INFO - 💾 最终显存峰值：%.2f MB % 2599.01025390625
2025-10-22 04:07:08,119 - INFO - Epoch 2 completed in 25.751184 seconds
2025-10-22 04:07:08,119 - INFO - torch.cuda.max_memory_reserved() : 0.919921875
2025-10-22 04:07:27,827 - INFO - Epoch 3 completed in 19.706254 seconds
2025-10-22 04:07:27,827 - INFO - 
====================== [第1个 Epoch 收集统计数据] ======================
2025-10-22 04:07:27,827 - INFO - 
🔍 EUCLIDEAN modules:
2025-10-22 04:07:27,827 - INFO - [Shapelet   6] forward_avg=0.002413s over 92 calls | peak=121.01MB | final=0.00MB
2025-10-22 04:07:27,827 - INFO - [Shapelet  12] forward_avg=0.002695s over 92 calls | peak=164.59MB | final=0.00MB
2025-10-22 04:07:27,827 - INFO - [Shapelet  18] forward_avg=0.003043s over 92 calls | peak=202.52MB | final=0.00MB
2025-10-22 04:07:27,827 - INFO - [Shapelet  24] forward_avg=0.003348s over 92 calls | peak=233.25MB | final=0.00MB
2025-10-22 04:07:27,827 - INFO - [Shapelet  30] forward_avg=0.003248s over 92 calls | peak=247.82MB | final=0.00MB
2025-10-22 04:07:27,827 - INFO - [Shapelet  36] forward_avg=0.003522s over 92 calls | peak=247.36MB | final=0.00MB
2025-10-22 04:07:27,827 - INFO - [Shapelet  42] forward_avg=0.003724s over 92 calls | peak=232.68MB | final=0.00MB
2025-10-22 04:07:27,827 - INFO - [Shapelet  49] forward_avg=0.002627s over 92 calls | peak=202.64MB | final=0.00MB
2025-10-22 04:07:27,827 - INFO - 
🔍 COSINE modules:
2025-10-22 04:07:27,827 - INFO - [Shapelet   6] forward_avg=0.002609s over 92 calls | peak=81.68MB | final=0.00MB
2025-10-22 04:07:27,828 - INFO - [Shapelet  12] forward_avg=0.002735s over 92 calls | peak=100.70MB | final=0.00MB
2025-10-22 04:07:27,828 - INFO - [Shapelet  18] forward_avg=0.002742s over 92 calls | peak=117.07MB | final=0.00MB
2025-10-22 04:07:27,828 - INFO - [Shapelet  24] forward_avg=0.002839s over 92 calls | peak=134.74MB | final=0.00MB
2025-10-22 04:07:27,828 - INFO - [Shapelet  30] forward_avg=0.003060s over 92 calls | peak=141.93MB | final=0.00MB
2025-10-22 04:07:27,828 - INFO - [Shapelet  36] forward_avg=0.003119s over 92 calls | peak=139.35MB | final=0.00MB
2025-10-22 04:07:27,828 - INFO - [Shapelet  42] forward_avg=0.003063s over 92 calls | peak=125.51MB | final=0.00MB
2025-10-22 04:07:27,828 - INFO - [Shapelet  49] forward_avg=0.002653s over 92 calls | peak=106.17MB | final=0.00MB
2025-10-22 04:07:27,828 - INFO - 
🔍 CROSS modules:
2025-10-22 04:07:27,828 - INFO - [Shapelet   6] forward_avg=0.000708s over 92 calls
2025-10-22 04:07:27,828 - INFO - [Shapelet  12] forward_avg=0.000587s over 92 calls
2025-10-22 04:07:27,828 - INFO - [Shapelet  18] forward_avg=0.000646s over 92 calls
2025-10-22 04:07:27,828 - INFO - [Shapelet  24] forward_avg=0.000774s over 92 calls
2025-10-22 04:07:27,828 - INFO - [Shapelet  30] forward_avg=0.000806s over 92 calls
2025-10-22 04:07:27,828 - INFO - [Shapelet  36] forward_avg=0.000961s over 92 calls
2025-10-22 04:07:27,828 - INFO - [Shapelet  42] forward_avg=0.000986s over 92 calls
2025-10-22 04:07:27,828 - INFO - [Shapelet  49] forward_avg=0.001094s over 92 calls
2025-10-22 04:07:27,828 - INFO - 
💾 模型第一次反向传播阶段的显存峰值（所有模块中的最大值）: 2780.89 MB
2025-10-22 04:07:27,828 - INFO - 
💾 模型初始显存: 18.32 MB
2025-10-22 04:07:27,828 - INFO - =======================================================================

2025-10-22 04:07:27,829 - INFO - torch.cuda.max_memory_reserved() : 3.107421875
2025-10-22 04:07:47,629 - INFO - Epoch 4 completed in 19.799361 seconds
2025-10-22 04:07:47,630 - INFO - torch.cuda.max_memory_reserved() : 3.107421875
2025-10-22 04:08:06,811 - INFO - Epoch 5 completed in 19.179971 seconds
2025-10-22 04:08:06,811 - INFO - torch.cuda.max_memory_reserved() : 3.107421875
2025-10-22 04:08:27,125 - INFO - Epoch 6 completed in 20.313024 seconds
2025-10-22 04:08:27,126 - INFO - torch.cuda.max_memory_reserved() : 3.107421875
2025-10-22 04:08:45,508 - INFO - Epoch 7 completed in 18.381290 seconds
2025-10-22 04:08:45,508 - INFO - torch.cuda.max_memory_reserved() : 3.107421875
2025-10-22 04:09:03,718 - INFO - Epoch 8 completed in 18.208946 seconds
2025-10-22 04:09:03,719 - INFO - torch.cuda.max_memory_reserved() : 3.107421875
2025-10-22 04:09:21,559 - INFO - Epoch 9 completed in 17.839543 seconds
2025-10-22 04:09:21,559 - INFO - torch.cuda.max_memory_reserved() : 3.107421875
2025-10-22 04:09:40,237 - INFO - Epoch 10 completed in 18.676508 seconds
2025-10-22 04:14:43,204 - INFO - torch.cuda.max_memory_reserved() : 3.107421875
2025-10-22 04:14:43,205 - INFO - !!!采用策略后的几个epoch 平均时间:19.01311218738556
2025-10-22 04:14:43,205 - INFO - 



