2025-10-22 04:15:14,857 - INFO - 📌 第一个 epoch：默认所有模块使用 checkpoint
2025-10-22 04:15:40,242 - INFO - Epoch 1 completed in 25.497108 seconds
2025-10-22 04:20:03,426 - INFO - torch.cuda.max_memory_reserved() : 0.919921875
2025-10-22 04:20:25,972 - INFO - 
[🔁 拟合反向传播时间模型]
2025-10-22 04:20:25,973 - INFO - 总反向传播时间: 22.292943s
2025-10-22 04:20:25,973 - INFO - 拟合模型: backward_total ≈ 2 × (A + B) + b
2025-10-22 04:20:25,973 - INFO - A = 13.933404, B = 1.248961, b = 7.110578s
2025-10-22 04:20:25,974 - INFO - ✅ 最优策略：[1, 1, 1, 1, 1, 1, 1, 1, 1, 1, 1, 1, 1, 1, 1, 1, 1, 1, 1, 1, 1, 1, 1, 1, 1, 1, 1, 1, 1, 1, 1, 1]
2025-10-22 04:20:25,974 - INFO - 📌 checkpoint 的欧氏长度:, []
2025-10-22 04:20:25,974 - INFO - 📌 checkpoint 的余弦长度:, []
2025-10-22 04:20:25,974 - INFO - 💾 最终显存峰值：%.2f MB % 2599.01025390625
2025-10-22 04:20:25,986 - INFO - Epoch 2 completed in 22.559423 seconds
2025-10-22 04:20:25,987 - INFO - torch.cuda.max_memory_reserved() : 0.919921875
2025-10-22 04:20:44,292 - INFO - Epoch 3 completed in 18.304741 seconds
2025-10-22 04:20:44,292 - INFO - 
====================== [第1个 Epoch 收集统计数据] ======================
2025-10-22 04:20:44,292 - INFO - 
🔍 EUCLIDEAN modules:
2025-10-22 04:20:44,292 - INFO - [Shapelet   6] forward_avg=0.002615s over 92 calls | peak=121.01MB | final=0.00MB
2025-10-22 04:20:44,292 - INFO - [Shapelet  12] forward_avg=0.002829s over 92 calls | peak=164.59MB | final=0.00MB
2025-10-22 04:20:44,293 - INFO - [Shapelet  18] forward_avg=0.003144s over 92 calls | peak=202.52MB | final=0.00MB
2025-10-22 04:20:44,293 - INFO - [Shapelet  24] forward_avg=0.003747s over 92 calls | peak=233.25MB | final=0.00MB
2025-10-22 04:20:44,293 - INFO - [Shapelet  30] forward_avg=0.003497s over 92 calls | peak=247.82MB | final=0.00MB
2025-10-22 04:20:44,293 - INFO - [Shapelet  36] forward_avg=0.003630s over 92 calls | peak=247.36MB | final=0.00MB
2025-10-22 04:20:44,293 - INFO - [Shapelet  42] forward_avg=0.003677s over 92 calls | peak=232.68MB | final=0.00MB
2025-10-22 04:20:44,293 - INFO - [Shapelet  49] forward_avg=0.002631s over 92 calls | peak=202.64MB | final=0.00MB
2025-10-22 04:20:44,293 - INFO - 
🔍 COSINE modules:
2025-10-22 04:20:44,293 - INFO - [Shapelet   6] forward_avg=0.002998s over 92 calls | peak=81.68MB | final=0.00MB
2025-10-22 04:20:44,293 - INFO - [Shapelet  12] forward_avg=0.003017s over 92 calls | peak=100.70MB | final=0.00MB
2025-10-22 04:20:44,293 - INFO - [Shapelet  18] forward_avg=0.003110s over 92 calls | peak=117.07MB | final=0.00MB
2025-10-22 04:20:44,293 - INFO - [Shapelet  24] forward_avg=0.002863s over 92 calls | peak=134.74MB | final=0.00MB
2025-10-22 04:20:44,293 - INFO - [Shapelet  30] forward_avg=0.003210s over 92 calls | peak=141.93MB | final=0.00MB
2025-10-22 04:20:44,293 - INFO - [Shapelet  36] forward_avg=0.003380s over 92 calls | peak=139.35MB | final=0.00MB
2025-10-22 04:20:44,293 - INFO - [Shapelet  42] forward_avg=0.003192s over 92 calls | peak=125.51MB | final=0.00MB
2025-10-22 04:20:44,293 - INFO - [Shapelet  49] forward_avg=0.002943s over 92 calls | peak=106.17MB | final=0.00MB
2025-10-22 04:20:44,293 - INFO - 
🔍 CROSS modules:
2025-10-22 04:20:44,293 - INFO - [Shapelet   6] forward_avg=0.000736s over 92 calls
2025-10-22 04:20:44,293 - INFO - [Shapelet  12] forward_avg=0.000639s over 92 calls
2025-10-22 04:20:44,293 - INFO - [Shapelet  18] forward_avg=0.000727s over 92 calls
2025-10-22 04:20:44,293 - INFO - [Shapelet  24] forward_avg=0.000758s over 92 calls
2025-10-22 04:20:44,293 - INFO - [Shapelet  30] forward_avg=0.000872s over 92 calls
2025-10-22 04:20:44,293 - INFO - [Shapelet  36] forward_avg=0.000915s over 92 calls
2025-10-22 04:20:44,293 - INFO - [Shapelet  42] forward_avg=0.001002s over 92 calls
2025-10-22 04:20:44,293 - INFO - [Shapelet  49] forward_avg=0.001137s over 92 calls
2025-10-22 04:20:44,293 - INFO - 
💾 模型第一次反向传播阶段的显存峰值（所有模块中的最大值）: 2780.89 MB
2025-10-22 04:20:44,293 - INFO - 
💾 模型初始显存: 18.32 MB
2025-10-22 04:20:44,293 - INFO - =======================================================================

2025-10-22 04:20:44,294 - INFO - torch.cuda.max_memory_reserved() : 3.107421875
2025-10-22 04:21:02,103 - INFO - Epoch 4 completed in 17.808511 seconds
2025-10-22 04:21:02,103 - INFO - torch.cuda.max_memory_reserved() : 3.107421875
2025-10-22 04:21:20,259 - INFO - Epoch 5 completed in 18.154421 seconds
2025-10-22 04:21:20,259 - INFO - torch.cuda.max_memory_reserved() : 3.107421875
2025-10-22 04:21:37,893 - INFO - Epoch 6 completed in 17.632840 seconds
2025-10-22 04:21:37,894 - INFO - torch.cuda.max_memory_reserved() : 3.107421875
2025-10-22 04:21:55,408 - INFO - Epoch 7 completed in 17.513426 seconds
2025-10-22 04:21:55,409 - INFO - torch.cuda.max_memory_reserved() : 3.107421875
2025-10-22 04:22:13,929 - INFO - Epoch 8 completed in 18.520006 seconds
2025-10-22 04:22:13,930 - INFO - torch.cuda.max_memory_reserved() : 3.107421875
2025-10-22 04:22:31,670 - INFO - Epoch 9 completed in 17.738481 seconds
2025-10-22 04:22:31,670 - INFO - torch.cuda.max_memory_reserved() : 3.107421875
2025-10-22 04:22:49,699 - INFO - Epoch 10 completed in 18.027467 seconds
2025-10-22 04:26:43,720 - INFO - torch.cuda.max_memory_reserved() : 3.107421875
2025-10-22 04:26:43,722 - INFO - !!!采用策略后的几个epoch 平均时间:17.96248671412468
2025-10-22 04:26:43,722 - INFO - 



