2025-10-28 15:44:52,231 - INFO - 📌 第一个 epoch：默认所有模块使用 checkpoint
2025-10-28 16:07:14,392 - INFO - Epoch 1 completed in 1342.174917 seconds
2025-10-28 16:15:13,431 - INFO - torch.cuda.max_memory_reserved() : 0.560546875
2025-10-28 16:37:44,004 - INFO - 
[🔁 拟合反向传播时间模型]
2025-10-28 16:37:44,004 - INFO - 总反向传播时间: 1344.663022s
2025-10-28 16:37:44,004 - INFO - 拟合模型: backward_total ≈ 2 × (A + B) + b
2025-10-28 16:37:44,004 - INFO - A = 845.898615, B = 68.012016, b = 430.752392s
2025-10-28 16:37:44,005 - INFO - ✅ 最优策略：[1, 1, 1, 1, 1, 1, 1, 1, 1, 1, 1, 1, 1, 1, 1, 1, 1, 1, 1, 1, 1, 1, 1, 1, 1, 1, 1, 1, 1, 1, 1, 1]
2025-10-28 16:37:44,005 - INFO - 📌 checkpoint 的欧氏长度:, []
2025-10-28 16:37:44,005 - INFO - 📌 checkpoint 的余弦长度:, []
2025-10-28 16:37:44,005 - INFO - 💾 最终显存峰值：%.2f MB % 1435.1953125
2025-10-28 16:37:44,006 - INFO - Epoch 2 completed in 1350.570578 seconds
2025-10-28 16:37:44,006 - INFO - torch.cuda.max_memory_reserved() : 0.560546875
2025-10-28 16:54:11,408 - INFO - Epoch 3 completed in 987.398646 seconds
2025-10-28 16:54:11,408 - INFO - 
====================== [第1个 Epoch 收集统计数据] ======================
2025-10-28 16:54:11,408 - INFO - 
🔍 EUCLIDEAN modules:
2025-10-28 16:54:11,408 - INFO - [Shapelet 128] forward_avg=0.001329s over 10912 calls | peak=14.80MB | final=0.00MB
2025-10-28 16:54:11,408 - INFO - [Shapelet 694] forward_avg=0.001315s over 10912 calls | peak=72.14MB | final=0.00MB
2025-10-28 16:54:11,408 - INFO - [Shapelet 1261] forward_avg=0.001311s over 10912 calls | peak=114.19MB | final=0.00MB
2025-10-28 16:54:11,408 - INFO - [Shapelet 1828] forward_avg=0.001331s over 10912 calls | peak=138.23MB | final=0.00MB
2025-10-28 16:54:11,408 - INFO - [Shapelet 2395] forward_avg=0.001421s over 10912 calls | peak=150.28MB | final=0.00MB
2025-10-28 16:54:11,408 - INFO - [Shapelet 2962] forward_avg=0.001480s over 10912 calls | peak=146.73MB | final=0.00MB
2025-10-28 16:54:11,408 - INFO - [Shapelet 3529] forward_avg=0.001530s over 10912 calls | peak=128.99MB | final=0.00MB
2025-10-28 16:54:11,408 - INFO - [Shapelet 4096] forward_avg=0.001495s over 10912 calls | peak=96.53MB | final=0.00MB
2025-10-28 16:54:11,408 - INFO - 
🔍 COSINE modules:
2025-10-28 16:54:11,408 - INFO - [Shapelet 128] forward_avg=0.001883s over 10912 calls | peak=9.79MB | final=0.00MB
2025-10-28 16:54:11,408 - INFO - [Shapelet 694] forward_avg=0.001760s over 10912 calls | peak=48.03MB | final=0.00MB
2025-10-28 16:54:11,408 - INFO - [Shapelet 1261] forward_avg=0.001760s over 10912 calls | peak=76.03MB | final=0.00MB
2025-10-28 16:54:11,409 - INFO - [Shapelet 1828] forward_avg=0.001755s over 10912 calls | peak=92.03MB | final=0.00MB
2025-10-28 16:54:11,409 - INFO - [Shapelet 2395] forward_avg=0.001838s over 10912 calls | peak=100.02MB | final=0.00MB
2025-10-28 16:54:11,409 - INFO - [Shapelet 2962] forward_avg=0.001799s over 10912 calls | peak=97.60MB | final=0.00MB
2025-10-28 16:54:11,409 - INFO - [Shapelet 3529] forward_avg=0.002076s over 10912 calls | peak=85.74MB | final=0.00MB
2025-10-28 16:54:11,409 - INFO - [Shapelet 4096] forward_avg=0.001759s over 10912 calls | peak=64.07MB | final=0.00MB
2025-10-28 16:54:11,409 - INFO - 
🔍 CROSS modules:
2025-10-28 16:54:11,409 - INFO - [Shapelet 128] forward_avg=0.000374s over 10912 calls
2025-10-28 16:54:11,409 - INFO - [Shapelet 694] forward_avg=0.000363s over 10912 calls
2025-10-28 16:54:11,409 - INFO - [Shapelet 1261] forward_avg=0.000359s over 10912 calls
2025-10-28 16:54:11,409 - INFO - [Shapelet 1828] forward_avg=0.000358s over 10912 calls
2025-10-28 16:54:11,409 - INFO - [Shapelet 2395] forward_avg=0.000381s over 10912 calls
2025-10-28 16:54:11,409 - INFO - [Shapelet 2962] forward_avg=0.000398s over 10912 calls
2025-10-28 16:54:11,409 - INFO - [Shapelet 3529] forward_avg=0.000427s over 10912 calls
2025-10-28 16:54:11,409 - INFO - [Shapelet 4096] forward_avg=0.000457s over 10912 calls
2025-10-28 16:54:11,409 - INFO - 
💾 模型第一次反向传播阶段的显存峰值（所有模块中的最大值）: 1211.74 MB
2025-10-28 16:54:11,409 - INFO - 
💾 模型初始显存: 3.17 MB
2025-10-28 16:54:11,409 - INFO - =======================================================================

2025-10-28 16:54:11,409 - INFO - torch.cuda.max_memory_reserved() : 1.310546875
2025-10-28 17:10:37,608 - INFO - Epoch 4 completed in 986.194915 seconds
2025-10-28 17:10:37,608 - INFO - torch.cuda.max_memory_reserved() : 1.310546875
2025-10-28 17:26:56,071 - INFO - Epoch 5 completed in 978.458873 seconds
2025-10-28 17:26:56,071 - INFO - torch.cuda.max_memory_reserved() : 1.310546875
2025-10-28 17:43:14,023 - INFO - Epoch 6 completed in 977.947846 seconds
2025-10-28 17:43:14,023 - INFO - torch.cuda.max_memory_reserved() : 1.310546875
2025-10-28 17:59:32,107 - INFO - Epoch 7 completed in 978.080201 seconds
2025-10-28 17:59:32,107 - INFO - torch.cuda.max_memory_reserved() : 1.310546875
2025-10-28 18:15:51,398 - INFO - Epoch 8 completed in 979.287112 seconds
2025-10-28 18:15:51,398 - INFO - torch.cuda.max_memory_reserved() : 1.310546875
2025-10-28 18:32:13,515 - INFO - Epoch 9 completed in 982.113005 seconds
2025-10-28 18:32:13,516 - INFO - torch.cuda.max_memory_reserved() : 1.310546875
2025-10-28 18:48:35,583 - INFO - Epoch 10 completed in 982.063524 seconds
2025-10-28 18:55:46,656 - INFO - torch.cuda.max_memory_reserved() : 1.310546875
2025-10-28 18:55:46,662 - INFO - !!!采用策略后的几个epoch 平均时间:981.443015396595
2025-10-28 18:55:46,662 - INFO - 



