2025-10-29 04:35:52,930 - INFO - 📌 第一个 epoch：默认所有模块使用 checkpoint
2025-10-29 04:59:00,078 - INFO - Epoch 1 completed in 1387.160605 seconds
2025-10-29 05:06:41,573 - INFO - torch.cuda.max_memory_reserved() : 0.560546875
2025-10-29 05:29:31,785 - INFO - 
[🔁 拟合反向传播时间模型]
2025-10-29 05:29:31,785 - INFO - 总反向传播时间: 1363.491944s
2025-10-29 05:29:31,785 - INFO - 拟合模型: backward_total ≈ 2 × (A + B) + b
2025-10-29 05:29:31,785 - INFO - A = 876.603321, B = 69.620256, b = 417.268368s
2025-10-29 05:29:31,785 - INFO - ✅ 最优策略：[1, 1, 1, 1, 1, 1, 1, 1, 1, 1, 1, 1, 1, 1, 1, 1, 1, 1, 1, 1, 1, 1, 1, 1, 1, 1, 1, 1, 1, 1, 1, 1]
2025-10-29 05:29:31,785 - INFO - 📌 checkpoint 的欧氏长度:, []
2025-10-29 05:29:31,785 - INFO - 📌 checkpoint 的余弦长度:, []
2025-10-29 05:29:31,785 - INFO - 💾 最终显存峰值：%.2f MB % 1435.1953125
2025-10-29 05:29:31,786 - INFO - Epoch 2 completed in 1370.208474 seconds
2025-10-29 05:29:31,786 - INFO - torch.cuda.max_memory_reserved() : 0.560546875
2025-10-29 05:46:06,963 - INFO - Epoch 3 completed in 995.173520 seconds
2025-10-29 05:46:06,963 - INFO - 
====================== [第1个 Epoch 收集统计数据] ======================
2025-10-29 05:46:06,963 - INFO - 
🔍 EUCLIDEAN modules:
2025-10-29 05:46:06,963 - INFO - [Shapelet 128] forward_avg=0.001396s over 10912 calls | peak=14.80MB | final=0.00MB
2025-10-29 05:46:06,963 - INFO - [Shapelet 694] forward_avg=0.001384s over 10912 calls | peak=72.14MB | final=0.00MB
2025-10-29 05:46:06,963 - INFO - [Shapelet 1261] forward_avg=0.001377s over 10912 calls | peak=114.19MB | final=0.00MB
2025-10-29 05:46:06,964 - INFO - [Shapelet 1828] forward_avg=0.001382s over 10912 calls | peak=138.23MB | final=0.00MB
2025-10-29 05:46:06,964 - INFO - [Shapelet 2395] forward_avg=0.001445s over 10912 calls | peak=150.28MB | final=0.00MB
2025-10-29 05:46:06,964 - INFO - [Shapelet 2962] forward_avg=0.001501s over 10912 calls | peak=146.73MB | final=0.00MB
2025-10-29 05:46:06,964 - INFO - [Shapelet 3529] forward_avg=0.001553s over 10912 calls | peak=128.99MB | final=0.00MB
2025-10-29 05:46:06,964 - INFO - [Shapelet 4096] forward_avg=0.001521s over 10912 calls | peak=96.53MB | final=0.00MB
2025-10-29 05:46:06,964 - INFO - 
🔍 COSINE modules:
2025-10-29 05:46:06,964 - INFO - [Shapelet 128] forward_avg=0.001959s over 10912 calls | peak=9.79MB | final=0.00MB
2025-10-29 05:46:06,964 - INFO - [Shapelet 694] forward_avg=0.001833s over 10912 calls | peak=48.03MB | final=0.00MB
2025-10-29 05:46:06,964 - INFO - [Shapelet 1261] forward_avg=0.001832s over 10912 calls | peak=76.03MB | final=0.00MB
2025-10-29 05:46:06,964 - INFO - [Shapelet 1828] forward_avg=0.001831s over 10912 calls | peak=92.03MB | final=0.00MB
2025-10-29 05:46:06,964 - INFO - [Shapelet 2395] forward_avg=0.001909s over 10912 calls | peak=100.02MB | final=0.00MB
2025-10-29 05:46:06,964 - INFO - [Shapelet 2962] forward_avg=0.001875s over 10912 calls | peak=97.60MB | final=0.00MB
2025-10-29 05:46:06,964 - INFO - [Shapelet 3529] forward_avg=0.002148s over 10912 calls | peak=85.74MB | final=0.00MB
2025-10-29 05:46:06,964 - INFO - [Shapelet 4096] forward_avg=0.001832s over 10912 calls | peak=64.07MB | final=0.00MB
2025-10-29 05:46:06,964 - INFO - 
🔍 CROSS modules:
2025-10-29 05:46:06,964 - INFO - [Shapelet 128] forward_avg=0.000388s over 10912 calls
2025-10-29 05:46:06,964 - INFO - [Shapelet 694] forward_avg=0.000376s over 10912 calls
2025-10-29 05:46:06,964 - INFO - [Shapelet 1261] forward_avg=0.000373s over 10912 calls
2025-10-29 05:46:06,965 - INFO - [Shapelet 1828] forward_avg=0.000373s over 10912 calls
2025-10-29 05:46:06,965 - INFO - [Shapelet 2395] forward_avg=0.000386s over 10912 calls
2025-10-29 05:46:06,965 - INFO - [Shapelet 2962] forward_avg=0.000402s over 10912 calls
2025-10-29 05:46:06,965 - INFO - [Shapelet 3529] forward_avg=0.000431s over 10912 calls
2025-10-29 05:46:06,965 - INFO - [Shapelet 4096] forward_avg=0.000461s over 10912 calls
2025-10-29 05:46:06,965 - INFO - 
💾 模型第一次反向传播阶段的显存峰值（所有模块中的最大值）: 1211.74 MB
2025-10-29 05:46:06,965 - INFO - 
💾 模型初始显存: 3.17 MB
2025-10-29 05:46:06,965 - INFO - =======================================================================

2025-10-29 05:46:06,965 - INFO - torch.cuda.max_memory_reserved() : 1.310546875
2025-10-29 06:02:44,548 - INFO - Epoch 4 completed in 997.577474 seconds
2025-10-29 06:02:44,548 - INFO - torch.cuda.max_memory_reserved() : 1.310546875
2025-10-29 06:19:21,451 - INFO - Epoch 5 completed in 996.899660 seconds
2025-10-29 06:19:21,452 - INFO - torch.cuda.max_memory_reserved() : 1.310546875
2025-10-29 06:35:55,649 - INFO - Epoch 6 completed in 994.193213 seconds
2025-10-29 06:35:55,649 - INFO - torch.cuda.max_memory_reserved() : 1.310546875
2025-10-29 06:52:32,068 - INFO - Epoch 7 completed in 996.415464 seconds
2025-10-29 06:52:32,068 - INFO - torch.cuda.max_memory_reserved() : 1.310546875
2025-10-29 07:09:08,225 - INFO - Epoch 8 completed in 996.153098 seconds
2025-10-29 07:09:08,225 - INFO - torch.cuda.max_memory_reserved() : 1.310546875
2025-10-29 07:25:42,345 - INFO - Epoch 9 completed in 994.115798 seconds
2025-10-29 07:25:42,345 - INFO - torch.cuda.max_memory_reserved() : 1.310546875
2025-10-29 07:42:18,842 - INFO - Epoch 10 completed in 996.493491 seconds
2025-10-29 07:49:17,989 - INFO - torch.cuda.max_memory_reserved() : 1.310546875
2025-10-29 07:49:17,995 - INFO - !!!采用策略后的几个epoch 平均时间:995.8777147829533
2025-10-29 07:49:17,995 - INFO - 



