2025-10-29 01:22:40,826 - INFO - 📌 第一个 epoch：默认所有模块使用 checkpoint
2025-10-29 01:45:47,685 - INFO - Epoch 1 completed in 1386.871919 seconds
2025-10-29 01:53:45,188 - INFO - torch.cuda.max_memory_reserved() : 0.560546875
2025-10-29 02:16:24,885 - INFO - 
[🔁 拟合反向传播时间模型]
2025-10-29 02:16:24,885 - INFO - 总反向传播时间: 1352.872580s
2025-10-29 02:16:24,886 - INFO - 拟合模型: backward_total ≈ 2 × (A + B) + b
2025-10-29 02:16:24,886 - INFO - A = 849.246233, B = 68.515744, b = 435.110603s
2025-10-29 02:16:24,886 - INFO - ✅ 最优策略：[1, 1, 1, 1, 1, 1, 1, 1, 1, 1, 1, 1, 1, 1, 1, 1, 1, 1, 1, 1, 1, 1, 1, 1, 1, 1, 1, 1, 1, 1, 1, 1]
2025-10-29 02:16:24,886 - INFO - 📌 checkpoint 的欧氏长度:, []
2025-10-29 02:16:24,886 - INFO - 📌 checkpoint 的余弦长度:, []
2025-10-29 02:16:24,886 - INFO - 💾 最终显存峰值：%.2f MB % 1435.1953125
2025-10-29 02:16:24,887 - INFO - Epoch 2 completed in 1359.694553 seconds
2025-10-29 02:16:24,887 - INFO - torch.cuda.max_memory_reserved() : 0.560546875
2025-10-29 02:33:10,044 - INFO - Epoch 3 completed in 1005.153499 seconds
2025-10-29 02:33:10,044 - INFO - 
====================== [第1个 Epoch 收集统计数据] ======================
2025-10-29 02:33:10,044 - INFO - 
🔍 EUCLIDEAN modules:
2025-10-29 02:33:10,044 - INFO - [Shapelet 128] forward_avg=0.001351s over 10912 calls | peak=14.80MB | final=0.00MB
2025-10-29 02:33:10,044 - INFO - [Shapelet 694] forward_avg=0.001340s over 10912 calls | peak=72.14MB | final=0.00MB
2025-10-29 02:33:10,044 - INFO - [Shapelet 1261] forward_avg=0.001330s over 10912 calls | peak=114.19MB | final=0.00MB
2025-10-29 02:33:10,044 - INFO - [Shapelet 1828] forward_avg=0.001348s over 10912 calls | peak=138.23MB | final=0.00MB
2025-10-29 02:33:10,044 - INFO - [Shapelet 2395] forward_avg=0.001426s over 10912 calls | peak=150.28MB | final=0.00MB
2025-10-29 02:33:10,044 - INFO - [Shapelet 2962] forward_avg=0.001488s over 10912 calls | peak=146.73MB | final=0.00MB
2025-10-29 02:33:10,044 - INFO - [Shapelet 3529] forward_avg=0.001534s over 10912 calls | peak=128.99MB | final=0.00MB
2025-10-29 02:33:10,044 - INFO - [Shapelet 4096] forward_avg=0.001504s over 10912 calls | peak=96.53MB | final=0.00MB
2025-10-29 02:33:10,044 - INFO - 
🔍 COSINE modules:
2025-10-29 02:33:10,044 - INFO - [Shapelet 128] forward_avg=0.001901s over 10912 calls | peak=9.79MB | final=0.00MB
2025-10-29 02:33:10,044 - INFO - [Shapelet 694] forward_avg=0.001782s over 10912 calls | peak=48.03MB | final=0.00MB
2025-10-29 02:33:10,044 - INFO - [Shapelet 1261] forward_avg=0.001785s over 10912 calls | peak=76.03MB | final=0.00MB
2025-10-29 02:33:10,044 - INFO - [Shapelet 1828] forward_avg=0.001785s over 10912 calls | peak=92.03MB | final=0.00MB
2025-10-29 02:33:10,044 - INFO - [Shapelet 2395] forward_avg=0.001865s over 10912 calls | peak=100.02MB | final=0.00MB
2025-10-29 02:33:10,044 - INFO - [Shapelet 2962] forward_avg=0.001824s over 10912 calls | peak=97.60MB | final=0.00MB
2025-10-29 02:33:10,044 - INFO - [Shapelet 3529] forward_avg=0.001894s over 10912 calls | peak=85.74MB | final=0.00MB
2025-10-29 02:33:10,044 - INFO - [Shapelet 4096] forward_avg=0.001785s over 10912 calls | peak=64.07MB | final=0.00MB
2025-10-29 02:33:10,044 - INFO - 
🔍 CROSS modules:
2025-10-29 02:33:10,044 - INFO - [Shapelet 128] forward_avg=0.000380s over 10912 calls
2025-10-29 02:33:10,044 - INFO - [Shapelet 694] forward_avg=0.000366s over 10912 calls
2025-10-29 02:33:10,044 - INFO - [Shapelet 1261] forward_avg=0.000363s over 10912 calls
2025-10-29 02:33:10,044 - INFO - [Shapelet 1828] forward_avg=0.000362s over 10912 calls
2025-10-29 02:33:10,044 - INFO - [Shapelet 2395] forward_avg=0.000382s over 10912 calls
2025-10-29 02:33:10,044 - INFO - [Shapelet 2962] forward_avg=0.000399s over 10912 calls
2025-10-29 02:33:10,045 - INFO - [Shapelet 3529] forward_avg=0.000429s over 10912 calls
2025-10-29 02:33:10,045 - INFO - [Shapelet 4096] forward_avg=0.000458s over 10912 calls
2025-10-29 02:33:10,045 - INFO - 
💾 模型第一次反向传播阶段的显存峰值（所有模块中的最大值）: 1211.74 MB
2025-10-29 02:33:10,045 - INFO - 
💾 模型初始显存: 3.17 MB
2025-10-29 02:33:10,045 - INFO - =======================================================================

2025-10-29 02:33:10,045 - INFO - torch.cuda.max_memory_reserved() : 1.310546875
2025-10-29 02:50:05,103 - INFO - Epoch 4 completed in 1015.054910 seconds
2025-10-29 02:50:05,104 - INFO - torch.cuda.max_memory_reserved() : 1.310546875
2025-10-29 03:06:35,946 - INFO - Epoch 5 completed in 990.838803 seconds
2025-10-29 03:06:35,947 - INFO - torch.cuda.max_memory_reserved() : 1.310546875
2025-10-29 03:22:57,397 - INFO - Epoch 6 completed in 981.446437 seconds
2025-10-29 03:22:57,398 - INFO - torch.cuda.max_memory_reserved() : 1.310546875
2025-10-29 03:39:19,231 - INFO - Epoch 7 completed in 981.830082 seconds
2025-10-29 03:39:19,232 - INFO - torch.cuda.max_memory_reserved() : 1.310546875
2025-10-29 03:55:41,700 - INFO - Epoch 8 completed in 982.465274 seconds
2025-10-29 03:55:41,701 - INFO - torch.cuda.max_memory_reserved() : 1.310546875
2025-10-29 04:12:05,507 - INFO - Epoch 9 completed in 983.803101 seconds
2025-10-29 04:12:05,508 - INFO - torch.cuda.max_memory_reserved() : 1.310546875
2025-10-29 04:28:28,122 - INFO - Epoch 10 completed in 982.610566 seconds
2025-10-29 04:35:11,427 - INFO - torch.cuda.max_memory_reserved() : 1.310546875
2025-10-29 04:35:11,433 - INFO - !!!采用策略后的几个epoch 平均时间:990.4003340005875
2025-10-29 04:35:11,433 - INFO - 



