2025-10-28 12:24:08,591 - INFO - 📌 第一个 epoch：默认所有模块使用 checkpoint
2025-10-28 12:46:40,730 - INFO - Epoch 1 completed in 1352.151554 seconds
2025-10-28 12:54:18,973 - INFO - torch.cuda.max_memory_reserved() : 0.560546875
2025-10-28 13:16:53,585 - INFO - 
[🔁 拟合反向传播时间模型]
2025-10-28 13:16:53,585 - INFO - 总反向传播时间: 1347.859614s
2025-10-28 13:16:53,585 - INFO - 拟合模型: backward_total ≈ 2 × (A + B) + b
2025-10-28 13:16:53,585 - INFO - A = 851.226000, B = 68.036703, b = 428.596911s
2025-10-28 13:16:53,585 - INFO - ✅ 最优策略：[1, 1, 1, 0, 0, 0, 1, 1, 1, 1, 1, 1, 1, 1, 1, 1, 1, 1, 1, 1, 1, 1, 1, 1, 1, 1, 1, 1, 1, 1, 1, 1]
2025-10-28 13:16:53,585 - INFO - 📌 checkpoint 的欧氏长度:, [1828, 2395, 2962]
2025-10-28 13:16:53,585 - INFO - 📌 checkpoint 的余弦长度:, []
2025-10-28 13:16:53,585 - INFO - 💾 最终显存峰值：%.2f MB % 999.9501953125
2025-10-28 13:16:53,586 - INFO - Epoch 2 completed in 1354.609258 seconds
2025-10-28 13:16:53,586 - INFO - torch.cuda.max_memory_reserved() : 0.560546875
2025-10-28 13:34:24,303 - INFO - Epoch 3 completed in 1050.713890 seconds
2025-10-28 13:34:24,304 - INFO - 
====================== [第1个 Epoch 收集统计数据] ======================
2025-10-28 13:34:24,304 - INFO - 
🔍 EUCLIDEAN modules:
2025-10-28 13:34:24,304 - INFO - [Shapelet 128] forward_avg=0.001343s over 10912 calls | peak=14.80MB | final=0.00MB
2025-10-28 13:34:24,304 - INFO - [Shapelet 694] forward_avg=0.001325s over 10912 calls | peak=72.14MB | final=0.00MB
2025-10-28 13:34:24,304 - INFO - [Shapelet 1261] forward_avg=0.001319s over 10912 calls | peak=114.19MB | final=0.00MB
2025-10-28 13:34:24,304 - INFO - [Shapelet 1828] forward_avg=0.001336s over 10912 calls | peak=138.23MB | final=0.00MB
2025-10-28 13:34:24,304 - INFO - [Shapelet 2395] forward_avg=0.001426s over 10912 calls | peak=150.28MB | final=0.00MB
2025-10-28 13:34:24,304 - INFO - [Shapelet 2962] forward_avg=0.001484s over 10912 calls | peak=146.73MB | final=0.00MB
2025-10-28 13:34:24,304 - INFO - [Shapelet 3529] forward_avg=0.001535s over 10912 calls | peak=128.99MB | final=0.00MB
2025-10-28 13:34:24,304 - INFO - [Shapelet 4096] forward_avg=0.001500s over 10912 calls | peak=96.53MB | final=0.00MB
2025-10-28 13:34:24,304 - INFO - 
🔍 COSINE modules:
2025-10-28 13:34:24,304 - INFO - [Shapelet 128] forward_avg=0.001898s over 10912 calls | peak=9.79MB | final=0.00MB
2025-10-28 13:34:24,304 - INFO - [Shapelet 694] forward_avg=0.001773s over 10912 calls | peak=48.03MB | final=0.00MB
2025-10-28 13:34:24,304 - INFO - [Shapelet 1261] forward_avg=0.001772s over 10912 calls | peak=76.03MB | final=0.00MB
2025-10-28 13:34:24,304 - INFO - [Shapelet 1828] forward_avg=0.001771s over 10912 calls | peak=92.03MB | final=0.00MB
2025-10-28 13:34:24,304 - INFO - [Shapelet 2395] forward_avg=0.001850s over 10912 calls | peak=100.02MB | final=0.00MB
2025-10-28 13:34:24,304 - INFO - [Shapelet 2962] forward_avg=0.001813s over 10912 calls | peak=97.60MB | final=0.00MB
2025-10-28 13:34:24,304 - INFO - [Shapelet 3529] forward_avg=0.002085s over 10912 calls | peak=85.74MB | final=0.00MB
2025-10-28 13:34:24,304 - INFO - [Shapelet 4096] forward_avg=0.001774s over 10912 calls | peak=64.07MB | final=0.00MB
2025-10-28 13:34:24,304 - INFO - 
🔍 CROSS modules:
2025-10-28 13:34:24,304 - INFO - [Shapelet 128] forward_avg=0.000376s over 10912 calls
2025-10-28 13:34:24,304 - INFO - [Shapelet 694] forward_avg=0.000362s over 10912 calls
2025-10-28 13:34:24,304 - INFO - [Shapelet 1261] forward_avg=0.000359s over 10912 calls
2025-10-28 13:34:24,304 - INFO - [Shapelet 1828] forward_avg=0.000359s over 10912 calls
2025-10-28 13:34:24,304 - INFO - [Shapelet 2395] forward_avg=0.000381s over 10912 calls
2025-10-28 13:34:24,304 - INFO - [Shapelet 2962] forward_avg=0.000397s over 10912 calls
2025-10-28 13:34:24,304 - INFO - [Shapelet 3529] forward_avg=0.000427s over 10912 calls
2025-10-28 13:34:24,304 - INFO - [Shapelet 4096] forward_avg=0.000456s over 10912 calls
2025-10-28 13:34:24,304 - INFO - 
💾 模型第一次反向传播阶段的显存峰值（所有模块中的最大值）: 919.11 MB
2025-10-28 13:34:24,304 - INFO - 
💾 模型初始显存: 3.17 MB
2025-10-28 13:34:24,305 - INFO - =======================================================================

2025-10-28 13:34:24,305 - INFO - torch.cuda.max_memory_reserved() : 1.0078125
2025-10-28 13:51:59,638 - INFO - Epoch 4 completed in 1055.329674 seconds
2025-10-28 13:51:59,638 - INFO - torch.cuda.max_memory_reserved() : 1.0078125
2025-10-28 14:09:36,662 - INFO - Epoch 5 completed in 1057.020973 seconds
2025-10-28 14:09:36,662 - INFO - torch.cuda.max_memory_reserved() : 1.0078125
2025-10-28 14:27:09,229 - INFO - Epoch 6 completed in 1052.563017 seconds
2025-10-28 14:27:09,229 - INFO - torch.cuda.max_memory_reserved() : 1.0078125
2025-10-28 14:44:41,547 - INFO - Epoch 7 completed in 1052.313968 seconds
2025-10-28 14:44:41,547 - INFO - torch.cuda.max_memory_reserved() : 1.0078125
2025-10-28 15:02:13,374 - INFO - Epoch 8 completed in 1051.823110 seconds
2025-10-28 15:02:13,374 - INFO - torch.cuda.max_memory_reserved() : 1.0078125
2025-10-28 15:19:47,392 - INFO - Epoch 9 completed in 1054.014494 seconds
2025-10-28 15:19:47,392 - INFO - torch.cuda.max_memory_reserved() : 1.0078125
2025-10-28 15:37:25,567 - INFO - Epoch 10 completed in 1058.171332 seconds
2025-10-28 15:44:11,753 - INFO - torch.cuda.max_memory_reserved() : 1.0078125
2025-10-28 15:44:11,757 - INFO - !!!采用策略后的几个epoch 平均时间:1053.9938072562218
2025-10-28 15:44:11,758 - INFO - 



