2025-10-28 22:09:53,292 - INFO - 📌 第一个 epoch：默认所有模块使用 checkpoint
2025-10-28 22:32:30,507 - INFO - Epoch 1 completed in 1357.228058 seconds
2025-10-28 22:40:17,123 - INFO - torch.cuda.max_memory_reserved() : 0.560546875
2025-10-28 23:02:52,349 - INFO - 
[🔁 拟合反向传播时间模型]
2025-10-28 23:02:52,350 - INFO - 总反向传播时间: 1348.673534s
2025-10-28 23:02:52,350 - INFO - 拟合模型: backward_total ≈ 2 × (A + B) + b
2025-10-28 23:02:52,350 - INFO - A = 849.181985, B = 67.878975, b = 431.612574s
2025-10-28 23:02:52,350 - INFO - ✅ 最优策略：[1, 1, 1, 1, 1, 1, 1, 1, 1, 1, 1, 1, 1, 1, 1, 1, 1, 1, 1, 1, 1, 1, 1, 1, 1, 1, 1, 1, 1, 1, 1, 1]
2025-10-28 23:02:52,350 - INFO - 📌 checkpoint 的欧氏长度:, []
2025-10-28 23:02:52,350 - INFO - 📌 checkpoint 的余弦长度:, []
2025-10-28 23:02:52,350 - INFO - 💾 最终显存峰值：%.2f MB % 1435.1953125
2025-10-28 23:02:52,352 - INFO - Epoch 2 completed in 1355.224590 seconds
2025-10-28 23:02:52,352 - INFO - torch.cuda.max_memory_reserved() : 0.560546875
2025-10-28 23:19:18,005 - INFO - Epoch 3 completed in 985.649910 seconds
2025-10-28 23:19:18,006 - INFO - 
====================== [第1个 Epoch 收集统计数据] ======================
2025-10-28 23:19:18,006 - INFO - 
🔍 EUCLIDEAN modules:
2025-10-28 23:19:18,006 - INFO - [Shapelet 128] forward_avg=0.001338s over 10912 calls | peak=14.80MB | final=0.00MB
2025-10-28 23:19:18,006 - INFO - [Shapelet 694] forward_avg=0.001323s over 10912 calls | peak=72.14MB | final=0.00MB
2025-10-28 23:19:18,006 - INFO - [Shapelet 1261] forward_avg=0.001317s over 10912 calls | peak=114.19MB | final=0.00MB
2025-10-28 23:19:18,007 - INFO - [Shapelet 1828] forward_avg=0.001335s over 10912 calls | peak=138.23MB | final=0.00MB
2025-10-28 23:19:18,007 - INFO - [Shapelet 2395] forward_avg=0.001425s over 10912 calls | peak=150.28MB | final=0.00MB
2025-10-28 23:19:18,007 - INFO - [Shapelet 2962] forward_avg=0.001484s over 10912 calls | peak=146.73MB | final=0.00MB
2025-10-28 23:19:18,007 - INFO - [Shapelet 3529] forward_avg=0.001533s over 10912 calls | peak=128.99MB | final=0.00MB
2025-10-28 23:19:18,007 - INFO - [Shapelet 4096] forward_avg=0.001498s over 10912 calls | peak=96.53MB | final=0.00MB
2025-10-28 23:19:18,007 - INFO - 
🔍 COSINE modules:
2025-10-28 23:19:18,007 - INFO - [Shapelet 128] forward_avg=0.001892s over 10912 calls | peak=9.79MB | final=0.00MB
2025-10-28 23:19:18,007 - INFO - [Shapelet 694] forward_avg=0.001768s over 10912 calls | peak=48.03MB | final=0.00MB
2025-10-28 23:19:18,007 - INFO - [Shapelet 1261] forward_avg=0.001767s over 10912 calls | peak=76.03MB | final=0.00MB
2025-10-28 23:19:18,007 - INFO - [Shapelet 1828] forward_avg=0.001763s over 10912 calls | peak=92.03MB | final=0.00MB
2025-10-28 23:19:18,008 - INFO - [Shapelet 2395] forward_avg=0.001845s over 10912 calls | peak=100.02MB | final=0.00MB
2025-10-28 23:19:18,008 - INFO - [Shapelet 2962] forward_avg=0.001806s over 10912 calls | peak=97.60MB | final=0.00MB
2025-10-28 23:19:18,008 - INFO - [Shapelet 3529] forward_avg=0.002080s over 10912 calls | peak=85.74MB | final=0.00MB
2025-10-28 23:19:18,008 - INFO - [Shapelet 4096] forward_avg=0.001767s over 10912 calls | peak=64.07MB | final=0.00MB
2025-10-28 23:19:18,008 - INFO - 
🔍 CROSS modules:
2025-10-28 23:19:18,008 - INFO - [Shapelet 128] forward_avg=0.000375s over 10912 calls
2025-10-28 23:19:18,008 - INFO - [Shapelet 694] forward_avg=0.000361s over 10912 calls
2025-10-28 23:19:18,008 - INFO - [Shapelet 1261] forward_avg=0.000358s over 10912 calls
2025-10-28 23:19:18,008 - INFO - [Shapelet 1828] forward_avg=0.000358s over 10912 calls
2025-10-28 23:19:18,008 - INFO - [Shapelet 2395] forward_avg=0.000380s over 10912 calls
2025-10-28 23:19:18,008 - INFO - [Shapelet 2962] forward_avg=0.000397s over 10912 calls
2025-10-28 23:19:18,008 - INFO - [Shapelet 3529] forward_avg=0.000426s over 10912 calls
2025-10-28 23:19:18,008 - INFO - [Shapelet 4096] forward_avg=0.000455s over 10912 calls
2025-10-28 23:19:18,008 - INFO - 
💾 模型第一次反向传播阶段的显存峰值（所有模块中的最大值）: 1211.74 MB
2025-10-28 23:19:18,008 - INFO - 
💾 模型初始显存: 3.17 MB
2025-10-28 23:19:18,008 - INFO - =======================================================================

2025-10-28 23:19:18,009 - INFO - torch.cuda.max_memory_reserved() : 1.310546875
2025-10-28 23:35:42,592 - INFO - Epoch 4 completed in 984.580284 seconds
2025-10-28 23:35:42,593 - INFO - torch.cuda.max_memory_reserved() : 1.310546875
2025-10-28 23:52:15,143 - INFO - Epoch 5 completed in 992.546268 seconds
2025-10-28 23:52:15,143 - INFO - torch.cuda.max_memory_reserved() : 1.310546875
2025-10-29 00:08:42,927 - INFO - Epoch 6 completed in 987.780724 seconds
2025-10-29 00:08:42,928 - INFO - torch.cuda.max_memory_reserved() : 1.310546875
2025-10-29 00:25:23,884 - INFO - Epoch 7 completed in 1000.953002 seconds
2025-10-29 00:25:23,885 - INFO - torch.cuda.max_memory_reserved() : 1.310546875
2025-10-29 00:41:56,859 - INFO - Epoch 8 completed in 992.970363 seconds
2025-10-29 00:41:56,859 - INFO - torch.cuda.max_memory_reserved() : 1.310546875
2025-10-29 00:58:26,258 - INFO - Epoch 9 completed in 989.395629 seconds
2025-10-29 00:58:26,259 - INFO - torch.cuda.max_memory_reserved() : 1.310546875
2025-10-29 01:14:55,381 - INFO - Epoch 10 completed in 989.118598 seconds
2025-10-29 01:21:59,766 - INFO - torch.cuda.max_memory_reserved() : 1.310546875
2025-10-29 01:21:59,771 - INFO - !!!采用策略后的几个epoch 平均时间:990.3743471205235
2025-10-29 01:21:59,771 - INFO - 



