2025-10-21 13:47:31,958 - INFO - 📌 第一个 epoch：默认所有模块使用 checkpoint
2025-10-21 13:47:35,427 - INFO - Epoch 1 completed in 3.476098 seconds
2025-10-21 13:47:36,487 - INFO - torch.cuda.max_memory_reserved() : 4.37890625
2025-10-21 13:47:39,392 - INFO - 
[🔁 拟合反向传播时间模型]
2025-10-21 13:47:39,392 - INFO - 总反向传播时间: 2.881760s
2025-10-21 13:47:39,392 - INFO - 拟合模型: backward_total ≈ 2 × (A + B) + b
2025-10-21 13:47:39,392 - INFO - A = 2.071467, B = 0.197655, b = 0.612638s
2025-10-21 13:47:39,393 - INFO - ✅ 最优策略：[1, 0, 0, 0, 0, 0, 0, 1, 1, 1, 1, 1, 1, 1, 1, 1, 1, 1, 1, 1, 1, 1, 1, 1, 1, 1, 1, 1, 1, 1, 1, 1]
2025-10-21 13:47:39,393 - INFO - 📌 checkpoint 的欧氏长度:, [80, 121, 161, 202, 242, 283]
2025-10-21 13:47:39,393 - INFO - 📌 checkpoint 的余弦长度:, []
2025-10-21 13:47:39,393 - INFO - 💾 最终显存峰值：%.2f MB % 4813.3271484375
2025-10-21 13:47:39,394 - INFO - Epoch 2 completed in 2.906284 seconds
2025-10-21 13:47:39,394 - INFO - torch.cuda.max_memory_reserved() : 4.37890625
2025-10-21 13:47:41,924 - INFO - Epoch 3 completed in 2.528873 seconds
2025-10-21 13:47:41,924 - INFO - 
====================== [第1个 Epoch 收集统计数据] ======================
2025-10-21 13:47:41,925 - INFO - 
🔍 EUCLIDEAN modules:
2025-10-21 13:47:41,925 - INFO - [Shapelet  40] forward_avg=0.003890s over 12 calls | peak=343.57MB | final=0.00MB
2025-10-21 13:47:41,925 - INFO - [Shapelet  80] forward_avg=0.003984s over 12 calls | peak=601.19MB | final=0.00MB
2025-10-21 13:47:41,925 - INFO - [Shapelet 121] forward_avg=0.004963s over 12 calls | peak=791.72MB | final=0.00MB
2025-10-21 13:47:41,925 - INFO - [Shapelet 161] forward_avg=0.005124s over 12 calls | peak=905.43MB | final=0.00MB
2025-10-21 13:47:41,925 - INFO - [Shapelet 202] forward_avg=0.005489s over 12 calls | peak=946.48MB | final=0.00MB
2025-10-21 13:47:41,925 - INFO - [Shapelet 242] forward_avg=0.005387s over 12 calls | peak=915.59MB | final=0.00MB
2025-10-21 13:47:41,925 - INFO - [Shapelet 283] forward_avg=0.004308s over 12 calls | peak=810.62MB | final=0.00MB
2025-10-21 13:47:41,925 - INFO - [Shapelet 324] forward_avg=0.004227s over 12 calls | peak=628.61MB | final=0.00MB
2025-10-21 13:47:41,925 - INFO - 
🔍 COSINE modules:
2025-10-21 13:47:41,925 - INFO - [Shapelet  40] forward_avg=0.002061s over 12 calls | peak=220.75MB | final=0.00MB
2025-10-21 13:47:41,925 - INFO - [Shapelet  80] forward_avg=0.002032s over 12 calls | peak=390.83MB | final=0.00MB
2025-10-21 13:47:41,925 - INFO - [Shapelet 121] forward_avg=0.002688s over 12 calls | peak=515.69MB | final=0.00MB
2025-10-21 13:47:41,925 - INFO - [Shapelet 161] forward_avg=0.002924s over 12 calls | peak=589.82MB | final=0.00MB
2025-10-21 13:47:41,925 - INFO - [Shapelet 202] forward_avg=0.003081s over 12 calls | peak=615.21MB | final=0.00MB
2025-10-21 13:47:41,925 - INFO - [Shapelet 242] forward_avg=0.002922s over 12 calls | peak=592.28MB | final=0.00MB
2025-10-21 13:47:41,925 - INFO - [Shapelet 283] forward_avg=0.002324s over 12 calls | peak=520.11MB | final=0.00MB
2025-10-21 13:47:41,925 - INFO - [Shapelet 324] forward_avg=0.002135s over 12 calls | peak=396.44MB | final=0.00MB
2025-10-21 13:47:41,925 - INFO - 
🔍 CROSS modules:
2025-10-21 13:47:41,925 - INFO - [Shapelet  40] forward_avg=0.002743s over 12 calls
2025-10-21 13:47:41,925 - INFO - [Shapelet  80] forward_avg=0.000568s over 12 calls
2025-10-21 13:47:41,925 - INFO - [Shapelet 121] forward_avg=0.000639s over 12 calls
2025-10-21 13:47:41,925 - INFO - [Shapelet 161] forward_avg=0.000745s over 12 calls
2025-10-21 13:47:41,925 - INFO - [Shapelet 202] forward_avg=0.000848s over 12 calls
2025-10-21 13:47:41,925 - INFO - [Shapelet 242] forward_avg=0.000828s over 12 calls
2025-10-21 13:47:41,925 - INFO - [Shapelet 283] forward_avg=0.000883s over 12 calls
2025-10-21 13:47:41,925 - INFO - [Shapelet 324] forward_avg=0.000982s over 12 calls
2025-10-21 13:47:41,925 - INFO - 
💾 模型第一次反向传播阶段的显存峰值（所有模块中的最大值）: 4856.76 MB
2025-10-21 13:47:41,925 - INFO - 
💾 模型初始显存: 23.05 MB
2025-10-21 13:47:41,925 - INFO - =======================================================================

2025-10-21 13:47:41,926 - INFO - torch.cuda.max_memory_reserved() : 5.611328125
2025-10-21 13:47:44,356 - INFO - Epoch 4 completed in 2.429929 seconds
2025-10-21 13:47:44,357 - INFO - torch.cuda.max_memory_reserved() : 5.61328125
2025-10-21 13:47:46,857 - INFO - Epoch 5 completed in 2.498684 seconds
2025-10-21 13:47:46,857 - INFO - torch.cuda.max_memory_reserved() : 5.61328125
2025-10-21 13:47:49,322 - INFO - Epoch 6 completed in 2.464366 seconds
2025-10-21 13:47:49,322 - INFO - torch.cuda.max_memory_reserved() : 5.61328125
2025-10-21 13:47:51,822 - INFO - Epoch 7 completed in 2.499345 seconds
2025-10-21 13:47:51,822 - INFO - torch.cuda.max_memory_reserved() : 5.615234375
2025-10-21 13:47:54,299 - INFO - Epoch 8 completed in 2.475830 seconds
2025-10-21 13:47:54,299 - INFO - torch.cuda.max_memory_reserved() : 5.615234375
2025-10-21 13:47:56,891 - INFO - Epoch 9 completed in 2.591360 seconds
2025-10-21 13:47:56,891 - INFO - torch.cuda.max_memory_reserved() : 5.615234375
2025-10-21 13:47:59,418 - INFO - Epoch 10 completed in 2.527045 seconds
2025-10-21 13:48:00,445 - INFO - torch.cuda.max_memory_reserved() : 5.615234375
2025-10-21 13:48:00,446 - INFO - !!!采用策略后的几个epoch 平均时间:2.5019290447235107
2025-10-21 13:48:00,446 - INFO - 



