2025-10-20 23:40:12,182 - INFO - 📌 第一个 epoch：默认所有模块使用 checkpoint
2025-10-20 23:40:30,047 - INFO - Epoch 1 completed in 17.874084 seconds
2025-10-20 23:40:32,571 - INFO - torch.cuda.max_memory_reserved() : 4.37890625
2025-10-20 23:40:53,351 - INFO - 
[🔁 拟合反向传播时间模型]
2025-10-20 23:40:53,351 - INFO - 总反向传播时间: 20.707336s
2025-10-20 23:40:53,352 - INFO - 拟合模型: backward_total ≈ 2 × (A + B) + b
2025-10-20 23:40:53,352 - INFO - A = 3.940801, B = 0.523355, b = 16.243180s
2025-10-20 23:40:53,352 - INFO - ✅ 最优策略：[1, 0, 0, 0, 0, 0, 0, 0, 1, 1, 1, 0, 1, 1, 1, 1, 1, 1, 1, 1, 1, 1, 1, 1, 1, 1, 1, 1, 1, 1, 1, 1]
2025-10-20 23:40:53,352 - INFO - 📌 checkpoint 的欧氏长度:, [80, 121, 161, 202, 242, 283, 324]
2025-10-20 23:40:53,352 - INFO - 📌 checkpoint 的余弦长度:, [161]
2025-10-20 23:40:53,352 - INFO - 💾 最终显存峰值：%.2f MB % 3594.8896484375
2025-10-20 23:40:53,352 - INFO - Epoch 2 completed in 20.780071 seconds
2025-10-20 23:40:53,353 - INFO - torch.cuda.max_memory_reserved() : 4.37890625
2025-10-20 23:41:09,013 - INFO - Epoch 3 completed in 15.659132 seconds
2025-10-20 23:41:09,013 - INFO - 
====================== [第1个 Epoch 收集统计数据] ======================
2025-10-20 23:41:09,013 - INFO - 
🔍 EUCLIDEAN modules:
2025-10-20 23:41:09,013 - INFO - [Shapelet  40] forward_avg=0.007220s over 12 calls | peak=343.57MB | final=0.00MB
2025-10-20 23:41:09,014 - INFO - [Shapelet  80] forward_avg=0.007554s over 12 calls | peak=601.19MB | final=0.00MB
2025-10-20 23:41:09,014 - INFO - [Shapelet 121] forward_avg=0.009916s over 12 calls | peak=791.72MB | final=0.00MB
2025-10-20 23:41:09,014 - INFO - [Shapelet 161] forward_avg=0.010371s over 12 calls | peak=905.43MB | final=0.00MB
2025-10-20 23:41:09,014 - INFO - [Shapelet 202] forward_avg=0.010837s over 12 calls | peak=946.48MB | final=0.00MB
2025-10-20 23:41:09,014 - INFO - [Shapelet 242] forward_avg=0.010421s over 12 calls | peak=915.59MB | final=0.00MB
2025-10-20 23:41:09,014 - INFO - [Shapelet 283] forward_avg=0.007849s over 12 calls | peak=810.62MB | final=0.00MB
2025-10-20 23:41:09,014 - INFO - [Shapelet 324] forward_avg=0.007365s over 12 calls | peak=628.61MB | final=0.00MB
2025-10-20 23:41:09,014 - INFO - 
🔍 COSINE modules:
2025-10-20 23:41:09,015 - INFO - [Shapelet  40] forward_avg=0.003175s over 12 calls | peak=220.75MB | final=0.00MB
2025-10-20 23:41:09,015 - INFO - [Shapelet  80] forward_avg=0.003306s over 12 calls | peak=390.83MB | final=0.00MB
2025-10-20 23:41:09,015 - INFO - [Shapelet 121] forward_avg=0.005348s over 12 calls | peak=515.69MB | final=0.00MB
2025-10-20 23:41:09,015 - INFO - [Shapelet 161] forward_avg=0.005889s over 12 calls | peak=589.82MB | final=0.00MB
2025-10-20 23:41:09,015 - INFO - [Shapelet 202] forward_avg=0.006145s over 12 calls | peak=615.21MB | final=0.00MB
2025-10-20 23:41:09,015 - INFO - [Shapelet 242] forward_avg=0.005644s over 12 calls | peak=592.28MB | final=0.00MB
2025-10-20 23:41:09,015 - INFO - [Shapelet 283] forward_avg=0.005048s over 12 calls | peak=520.11MB | final=0.00MB
2025-10-20 23:41:09,015 - INFO - [Shapelet 324] forward_avg=0.003378s over 12 calls | peak=396.44MB | final=0.00MB
2025-10-20 23:41:09,016 - INFO - 
🔍 CROSS modules:
2025-10-20 23:41:09,016 - INFO - [Shapelet  40] forward_avg=0.004737s over 12 calls
2025-10-20 23:41:09,016 - INFO - [Shapelet  80] forward_avg=0.002236s over 12 calls
2025-10-20 23:41:09,016 - INFO - [Shapelet 121] forward_avg=0.002290s over 12 calls
2025-10-20 23:41:09,016 - INFO - [Shapelet 161] forward_avg=0.002210s over 12 calls
2025-10-20 23:41:09,016 - INFO - [Shapelet 202] forward_avg=0.002324s over 12 calls
2025-10-20 23:41:09,016 - INFO - [Shapelet 242] forward_avg=0.002296s over 12 calls
2025-10-20 23:41:09,016 - INFO - [Shapelet 283] forward_avg=0.002808s over 12 calls
2025-10-20 23:41:09,017 - INFO - [Shapelet 324] forward_avg=0.002906s over 12 calls
2025-10-20 23:41:09,017 - INFO - 
💾 模型第一次反向传播阶段的显存峰值（所有模块中的最大值）: 3338.01 MB
2025-10-20 23:41:09,017 - INFO - 
💾 模型初始显存: 23.05 MB
2025-10-20 23:41:09,017 - INFO - =======================================================================

2025-10-20 23:41:09,017 - INFO - torch.cuda.max_memory_reserved() : 4.876953125
2025-10-20 23:41:29,245 - INFO - Epoch 4 completed in 20.225542 seconds
2025-10-20 23:41:29,246 - INFO - torch.cuda.max_memory_reserved() : 4.876953125
2025-10-20 23:41:43,755 - INFO - Epoch 5 completed in 14.508273 seconds
2025-10-20 23:41:43,755 - INFO - torch.cuda.max_memory_reserved() : 4.876953125
2025-10-20 23:42:01,153 - INFO - Epoch 6 completed in 17.396322 seconds
2025-10-20 23:42:01,154 - INFO - torch.cuda.max_memory_reserved() : 4.876953125
2025-10-20 23:42:19,544 - INFO - Epoch 7 completed in 18.388553 seconds
2025-10-20 23:42:19,544 - INFO - torch.cuda.max_memory_reserved() : 4.876953125
2025-10-20 23:42:34,651 - INFO - Epoch 8 completed in 15.106293 seconds
2025-10-20 23:42:34,652 - INFO - torch.cuda.max_memory_reserved() : 4.876953125
2025-10-20 23:42:54,719 - INFO - Epoch 9 completed in 20.066257 seconds
2025-10-20 23:42:54,720 - INFO - torch.cuda.max_memory_reserved() : 4.876953125
2025-10-20 23:43:05,230 - INFO - Epoch 10 completed in 10.509518 seconds
2025-10-20 23:43:06,601 - INFO - torch.cuda.max_memory_reserved() : 4.876953125
2025-10-20 23:43:06,602 - INFO - !!!采用策略后的几个epoch 平均时间:16.482486248016357
2025-10-20 23:43:06,602 - INFO - 



2025-10-21 10:15:08,906 - INFO - 📌 第一个 epoch：默认所有模块使用 checkpoint
2025-10-21 10:15:12,522 - INFO - Epoch 1 completed in 3.628492 seconds
2025-10-21 10:15:13,626 - INFO - torch.cuda.max_memory_reserved() : 4.37890625
2025-10-21 10:15:16,481 - INFO - 
[🔁 拟合反向传播时间模型]
2025-10-21 10:15:16,481 - INFO - 总反向传播时间: 2.831234s
2025-10-21 10:15:16,481 - INFO - 拟合模型: backward_total ≈ 2 × (A + B) + b
2025-10-21 10:15:16,481 - INFO - A = 2.185000, B = 0.217154, b = 0.429081s
2025-10-21 10:15:16,481 - INFO - ✅ 最优策略：[1, 0, 0, 0, 0, 0, 0, 0, 1, 1, 1, 0, 1, 1, 1, 1, 1, 1, 1, 1, 1, 1, 1, 1, 1, 1, 1, 1, 1, 1, 1, 1]
2025-10-21 10:15:16,482 - INFO - 📌 checkpoint 的欧氏长度:, [80, 121, 161, 202, 242, 283, 324]
2025-10-21 10:15:16,482 - INFO - 📌 checkpoint 的余弦长度:, [161]
2025-10-21 10:15:16,482 - INFO - 💾 最终显存峰值：%.2f MB % 3594.8896484375
2025-10-21 10:15:16,482 - INFO - Epoch 2 completed in 2.855006 seconds
2025-10-21 10:15:16,482 - INFO - torch.cuda.max_memory_reserved() : 4.37890625
2025-10-21 10:15:18,946 - INFO - Epoch 3 completed in 2.463971 seconds
2025-10-21 10:15:18,947 - INFO - 
====================== [第1个 Epoch 收集统计数据] ======================
2025-10-21 10:15:18,947 - INFO - 
🔍 EUCLIDEAN modules:
2025-10-21 10:15:18,947 - INFO - [Shapelet  40] forward_avg=0.004004s over 12 calls | peak=343.57MB | final=0.00MB
2025-10-21 10:15:18,947 - INFO - [Shapelet  80] forward_avg=0.004227s over 12 calls | peak=601.19MB | final=0.00MB
2025-10-21 10:15:18,947 - INFO - [Shapelet 121] forward_avg=0.005204s over 12 calls | peak=791.72MB | final=0.00MB
2025-10-21 10:15:18,947 - INFO - [Shapelet 161] forward_avg=0.005644s over 12 calls | peak=905.43MB | final=0.00MB
2025-10-21 10:15:18,947 - INFO - [Shapelet 202] forward_avg=0.005961s over 12 calls | peak=946.48MB | final=0.00MB
2025-10-21 10:15:18,947 - INFO - [Shapelet 242] forward_avg=0.005444s over 12 calls | peak=915.59MB | final=0.00MB
2025-10-21 10:15:18,947 - INFO - [Shapelet 283] forward_avg=0.004831s over 12 calls | peak=810.62MB | final=0.00MB
2025-10-21 10:15:18,947 - INFO - [Shapelet 324] forward_avg=0.004463s over 12 calls | peak=628.61MB | final=0.00MB
2025-10-21 10:15:18,947 - INFO - 
🔍 COSINE modules:
2025-10-21 10:15:18,947 - INFO - [Shapelet  40] forward_avg=0.002371s over 12 calls | peak=220.75MB | final=0.00MB
2025-10-21 10:15:18,947 - INFO - [Shapelet  80] forward_avg=0.002220s over 12 calls | peak=390.83MB | final=0.00MB
2025-10-21 10:15:18,947 - INFO - [Shapelet 121] forward_avg=0.002606s over 12 calls | peak=515.69MB | final=0.00MB
2025-10-21 10:15:18,947 - INFO - [Shapelet 161] forward_avg=0.002977s over 12 calls | peak=589.82MB | final=0.00MB
2025-10-21 10:15:18,947 - INFO - [Shapelet 202] forward_avg=0.003129s over 12 calls | peak=615.21MB | final=0.00MB
2025-10-21 10:15:18,947 - INFO - [Shapelet 242] forward_avg=0.002958s over 12 calls | peak=592.28MB | final=0.00MB
2025-10-21 10:15:18,947 - INFO - [Shapelet 283] forward_avg=0.002399s over 12 calls | peak=520.11MB | final=0.00MB
2025-10-21 10:15:18,947 - INFO - [Shapelet 324] forward_avg=0.002257s over 12 calls | peak=396.44MB | final=0.00MB
2025-10-21 10:15:18,947 - INFO - 
🔍 CROSS modules:
2025-10-21 10:15:18,947 - INFO - [Shapelet  40] forward_avg=0.003222s over 12 calls
2025-10-21 10:15:18,947 - INFO - [Shapelet  80] forward_avg=0.000637s over 12 calls
2025-10-21 10:15:18,947 - INFO - [Shapelet 121] forward_avg=0.000699s over 12 calls
2025-10-21 10:15:18,947 - INFO - [Shapelet 161] forward_avg=0.000792s over 12 calls
2025-10-21 10:15:18,947 - INFO - [Shapelet 202] forward_avg=0.000885s over 12 calls
2025-10-21 10:15:18,947 - INFO - [Shapelet 242] forward_avg=0.000866s over 12 calls
2025-10-21 10:15:18,947 - INFO - [Shapelet 283] forward_avg=0.000927s over 12 calls
2025-10-21 10:15:18,947 - INFO - [Shapelet 324] forward_avg=0.001021s over 12 calls
2025-10-21 10:15:18,947 - INFO - 
💾 模型第一次反向传播阶段的显存峰值（所有模块中的最大值）: 3338.01 MB
2025-10-21 10:15:18,947 - INFO - 
💾 模型初始显存: 23.05 MB
2025-10-21 10:15:18,948 - INFO - =======================================================================

2025-10-21 10:15:18,948 - INFO - torch.cuda.max_memory_reserved() : 4.876953125
2025-10-21 10:15:21,364 - INFO - Epoch 4 completed in 2.415724 seconds
2025-10-21 10:15:21,364 - INFO - torch.cuda.max_memory_reserved() : 4.876953125
2025-10-21 10:15:24,001 - INFO - Epoch 5 completed in 2.636006 seconds
2025-10-21 10:15:24,001 - INFO - torch.cuda.max_memory_reserved() : 4.876953125
2025-10-21 10:15:26,469 - INFO - Epoch 6 completed in 2.467471 seconds
2025-10-21 10:15:26,469 - INFO - torch.cuda.max_memory_reserved() : 4.876953125
2025-10-21 10:15:28,955 - INFO - Epoch 7 completed in 2.485409 seconds
2025-10-21 10:15:28,955 - INFO - torch.cuda.max_memory_reserved() : 4.876953125
2025-10-21 10:15:31,423 - INFO - Epoch 8 completed in 2.466744 seconds
2025-10-21 10:15:31,423 - INFO - torch.cuda.max_memory_reserved() : 4.876953125
2025-10-21 10:15:33,865 - INFO - Epoch 9 completed in 2.441194 seconds
2025-10-21 10:15:33,865 - INFO - torch.cuda.max_memory_reserved() : 4.876953125
2025-10-21 10:15:36,387 - INFO - Epoch 10 completed in 2.521134 seconds
2025-10-21 10:15:37,405 - INFO - torch.cuda.max_memory_reserved() : 4.876953125
2025-10-21 10:15:37,406 - INFO - !!!采用策略后的几个epoch 平均时间:2.487206757068634
2025-10-21 10:15:37,406 - INFO - 



