2025-10-20 23:36:52,368 - INFO - 📌 第一个 epoch：默认所有模块使用 checkpoint
2025-10-20 23:36:56,307 - INFO - Epoch 1 completed in 3.965198 seconds
2025-10-20 23:36:57,532 - INFO - torch.cuda.max_memory_reserved() : 4.37890625
2025-10-20 23:37:00,807 - INFO - 
[🔁 拟合反向传播时间模型]
2025-10-20 23:37:00,808 - INFO - 总反向传播时间: 3.251267s
2025-10-20 23:37:00,808 - INFO - 拟合模型: backward_total ≈ 2 × (A + B) + b
2025-10-20 23:37:00,808 - INFO - A = 2.388429, B = 0.242771, b = 0.620067s
2025-10-20 23:37:00,808 - INFO - ✅ 最优策略：[1, 0, 0, 0, 0, 0, 0, 0, 1, 0, 0, 0, 0, 0, 0, 1, 1, 1, 1, 1, 1, 1, 1, 1, 1, 1, 1, 1, 1, 1, 1, 1]
2025-10-20 23:37:00,808 - INFO - 📌 checkpoint 的欧氏长度:, [80, 121, 161, 202, 242, 283, 324]
2025-10-20 23:37:00,808 - INFO - 📌 checkpoint 的余弦长度:, [80, 121, 161, 202, 242, 283]
2025-10-20 23:37:00,808 - INFO - 💾 最终显存峰值：%.2f MB % 960.76513671875
2025-10-20 23:37:00,808 - INFO - Epoch 2 completed in 3.275788 seconds
2025-10-20 23:37:00,809 - INFO - torch.cuda.max_memory_reserved() : 4.37890625
2025-10-20 23:37:03,772 - INFO - Epoch 3 completed in 2.963263 seconds
2025-10-20 23:37:03,773 - INFO - 
====================== [第1个 Epoch 收集统计数据] ======================
2025-10-20 23:37:03,773 - INFO - 
🔍 EUCLIDEAN modules:
2025-10-20 23:37:03,773 - INFO - [Shapelet  40] forward_avg=0.004235s over 12 calls | peak=343.57MB | final=0.00MB
2025-10-20 23:37:03,773 - INFO - [Shapelet  80] forward_avg=0.004980s over 12 calls | peak=601.19MB | final=0.00MB
2025-10-20 23:37:03,773 - INFO - [Shapelet 121] forward_avg=0.005338s over 12 calls | peak=791.72MB | final=0.00MB
2025-10-20 23:37:03,773 - INFO - [Shapelet 161] forward_avg=0.005859s over 12 calls | peak=905.43MB | final=0.00MB
2025-10-20 23:37:03,773 - INFO - [Shapelet 202] forward_avg=0.005953s over 12 calls | peak=946.48MB | final=0.00MB
2025-10-20 23:37:03,774 - INFO - [Shapelet 242] forward_avg=0.005625s over 12 calls | peak=915.59MB | final=0.00MB
2025-10-20 23:37:03,774 - INFO - [Shapelet 283] forward_avg=0.005436s over 12 calls | peak=810.62MB | final=0.00MB
2025-10-20 23:37:03,774 - INFO - [Shapelet 324] forward_avg=0.004629s over 12 calls | peak=628.61MB | final=0.00MB
2025-10-20 23:37:03,774 - INFO - 
🔍 COSINE modules:
2025-10-20 23:37:03,774 - INFO - [Shapelet  40] forward_avg=0.002995s over 12 calls | peak=220.75MB | final=0.00MB
2025-10-20 23:37:03,774 - INFO - [Shapelet  80] forward_avg=0.002893s over 12 calls | peak=390.83MB | final=0.00MB
2025-10-20 23:37:03,774 - INFO - [Shapelet 121] forward_avg=0.002903s over 12 calls | peak=515.69MB | final=0.00MB
2025-10-20 23:37:03,774 - INFO - [Shapelet 161] forward_avg=0.003300s over 12 calls | peak=589.82MB | final=0.00MB
2025-10-20 23:37:03,774 - INFO - [Shapelet 202] forward_avg=0.003479s over 12 calls | peak=615.21MB | final=0.00MB
2025-10-20 23:37:03,774 - INFO - [Shapelet 242] forward_avg=0.003146s over 12 calls | peak=592.28MB | final=0.00MB
2025-10-20 23:37:03,775 - INFO - [Shapelet 283] forward_avg=0.002779s over 12 calls | peak=520.11MB | final=0.00MB
2025-10-20 23:37:03,775 - INFO - [Shapelet 324] forward_avg=0.002794s over 12 calls | peak=396.44MB | final=0.00MB
2025-10-20 23:37:03,775 - INFO - 
🔍 CROSS modules:
2025-10-20 23:37:03,775 - INFO - [Shapelet  40] forward_avg=0.003137s over 12 calls
2025-10-20 23:37:03,775 - INFO - [Shapelet  80] forward_avg=0.000786s over 12 calls
2025-10-20 23:37:03,775 - INFO - [Shapelet 121] forward_avg=0.000920s over 12 calls
2025-10-20 23:37:03,775 - INFO - [Shapelet 161] forward_avg=0.000949s over 12 calls
2025-10-20 23:37:03,775 - INFO - [Shapelet 202] forward_avg=0.001056s over 12 calls
2025-10-20 23:37:03,775 - INFO - [Shapelet 242] forward_avg=0.000999s over 12 calls
2025-10-20 23:37:03,776 - INFO - [Shapelet 283] forward_avg=0.001088s over 12 calls
2025-10-20 23:37:03,776 - INFO - [Shapelet 324] forward_avg=0.001180s over 12 calls
2025-10-20 23:37:03,776 - INFO - 
💾 模型第一次反向传播阶段的显存峰值（所有模块中的最大值）: 2022.32 MB
2025-10-20 23:37:03,776 - INFO - 
💾 模型初始显存: 23.05 MB
2025-10-20 23:37:03,776 - INFO - =======================================================================

2025-10-20 23:37:03,776 - INFO - torch.cuda.max_memory_reserved() : 4.37890625
2025-10-20 23:37:06,748 - INFO - Epoch 4 completed in 2.971470 seconds
2025-10-20 23:37:06,749 - INFO - torch.cuda.max_memory_reserved() : 4.37890625
2025-10-20 23:37:10,011 - INFO - Epoch 5 completed in 3.260598 seconds
2025-10-20 23:37:10,012 - INFO - torch.cuda.max_memory_reserved() : 4.37890625
2025-10-20 23:37:13,350 - INFO - Epoch 6 completed in 3.337173 seconds
2025-10-20 23:37:13,351 - INFO - torch.cuda.max_memory_reserved() : 4.380859375
2025-10-20 23:37:16,936 - INFO - Epoch 7 completed in 3.583521 seconds
2025-10-20 23:37:16,937 - INFO - torch.cuda.max_memory_reserved() : 4.380859375
2025-10-20 23:37:20,893 - INFO - Epoch 8 completed in 3.955631 seconds
2025-10-20 23:37:20,894 - INFO - torch.cuda.max_memory_reserved() : 4.380859375
2025-10-20 23:37:24,547 - INFO - Epoch 9 completed in 3.651361 seconds
2025-10-20 23:37:24,548 - INFO - torch.cuda.max_memory_reserved() : 4.380859375
2025-10-20 23:37:28,205 - INFO - Epoch 10 completed in 3.656553 seconds
2025-10-20 23:37:29,805 - INFO - torch.cuda.max_memory_reserved() : 4.380859375
2025-10-20 23:37:29,809 - INFO - !!!采用策略后的几个epoch 平均时间:3.422446072101593
2025-10-20 23:37:29,810 - INFO - 



2025-10-21 10:13:54,165 - INFO - 📌 第一个 epoch：默认所有模块使用 checkpoint
2025-10-21 10:13:57,976 - INFO - Epoch 1 completed in 3.820510 seconds
2025-10-21 10:13:59,067 - INFO - torch.cuda.max_memory_reserved() : 4.37890625
2025-10-21 10:14:01,870 - INFO - 
[🔁 拟合反向传播时间模型]
2025-10-21 10:14:01,871 - INFO - 总反向传播时间: 2.779310s
2025-10-21 10:14:01,871 - INFO - 拟合模型: backward_total ≈ 2 × (A + B) + b
2025-10-21 10:14:01,871 - INFO - A = 2.173462, B = 0.222329, b = 0.383519s
2025-10-21 10:14:01,872 - INFO - ✅ 最优策略：[1, 0, 0, 0, 0, 0, 0, 0, 1, 0, 0, 0, 0, 0, 0, 1, 1, 1, 1, 1, 1, 1, 1, 1, 1, 1, 1, 1, 1, 1, 1, 1]
2025-10-21 10:14:01,872 - INFO - 📌 checkpoint 的欧氏长度:, [80, 121, 161, 202, 242, 283, 324]
2025-10-21 10:14:01,872 - INFO - 📌 checkpoint 的余弦长度:, [80, 121, 161, 202, 242, 283]
2025-10-21 10:14:01,872 - INFO - 💾 最终显存峰值：%.2f MB % 960.76513671875
2025-10-21 10:14:01,873 - INFO - Epoch 2 completed in 2.805473 seconds
2025-10-21 10:14:01,873 - INFO - torch.cuda.max_memory_reserved() : 4.37890625
2025-10-21 10:14:04,564 - INFO - Epoch 3 completed in 2.689394 seconds
2025-10-21 10:14:04,564 - INFO - 
====================== [第1个 Epoch 收集统计数据] ======================
2025-10-21 10:14:04,565 - INFO - 
🔍 EUCLIDEAN modules:
2025-10-21 10:14:04,565 - INFO - [Shapelet  40] forward_avg=0.003938s over 12 calls | peak=343.57MB | final=0.00MB
2025-10-21 10:14:04,565 - INFO - [Shapelet  80] forward_avg=0.004036s over 12 calls | peak=601.19MB | final=0.00MB
2025-10-21 10:14:04,565 - INFO - [Shapelet 121] forward_avg=0.004888s over 12 calls | peak=791.72MB | final=0.00MB
2025-10-21 10:14:04,565 - INFO - [Shapelet 161] forward_avg=0.005296s over 12 calls | peak=905.43MB | final=0.00MB
2025-10-21 10:14:04,565 - INFO - [Shapelet 202] forward_avg=0.005450s over 12 calls | peak=946.48MB | final=0.00MB
2025-10-21 10:14:04,565 - INFO - [Shapelet 242] forward_avg=0.005536s over 12 calls | peak=915.59MB | final=0.00MB
2025-10-21 10:14:04,565 - INFO - [Shapelet 283] forward_avg=0.004675s over 12 calls | peak=810.62MB | final=0.00MB
2025-10-21 10:14:04,566 - INFO - [Shapelet 324] forward_avg=0.004462s over 12 calls | peak=628.61MB | final=0.00MB
2025-10-21 10:14:04,566 - INFO - 
🔍 COSINE modules:
2025-10-21 10:14:04,566 - INFO - [Shapelet  40] forward_avg=0.002586s over 12 calls | peak=220.75MB | final=0.00MB
2025-10-21 10:14:04,566 - INFO - [Shapelet  80] forward_avg=0.002438s over 12 calls | peak=390.83MB | final=0.00MB
2025-10-21 10:14:04,566 - INFO - [Shapelet 121] forward_avg=0.002804s over 12 calls | peak=515.69MB | final=0.00MB
2025-10-21 10:14:04,566 - INFO - [Shapelet 161] forward_avg=0.003115s over 12 calls | peak=589.82MB | final=0.00MB
2025-10-21 10:14:04,566 - INFO - [Shapelet 202] forward_avg=0.003217s over 12 calls | peak=615.21MB | final=0.00MB
2025-10-21 10:14:04,566 - INFO - [Shapelet 242] forward_avg=0.002969s over 12 calls | peak=592.28MB | final=0.00MB
2025-10-21 10:14:04,566 - INFO - [Shapelet 283] forward_avg=0.002511s over 12 calls | peak=520.11MB | final=0.00MB
2025-10-21 10:14:04,567 - INFO - [Shapelet 324] forward_avg=0.002453s over 12 calls | peak=396.44MB | final=0.00MB
2025-10-21 10:14:04,567 - INFO - 
🔍 CROSS modules:
2025-10-21 10:14:04,567 - INFO - [Shapelet  40] forward_avg=0.003165s over 12 calls
2025-10-21 10:14:04,567 - INFO - [Shapelet  80] forward_avg=0.000703s over 12 calls
2025-10-21 10:14:04,567 - INFO - [Shapelet 121] forward_avg=0.000765s over 12 calls
2025-10-21 10:14:04,567 - INFO - [Shapelet 161] forward_avg=0.000833s over 12 calls
2025-10-21 10:14:04,567 - INFO - [Shapelet 202] forward_avg=0.000934s over 12 calls
2025-10-21 10:14:04,567 - INFO - [Shapelet 242] forward_avg=0.000899s over 12 calls
2025-10-21 10:14:04,567 - INFO - [Shapelet 283] forward_avg=0.000928s over 12 calls
2025-10-21 10:14:04,568 - INFO - [Shapelet 324] forward_avg=0.001036s over 12 calls
2025-10-21 10:14:04,568 - INFO - 
💾 模型第一次反向传播阶段的显存峰值（所有模块中的最大值）: 2022.32 MB
2025-10-21 10:14:04,568 - INFO - 
💾 模型初始显存: 23.05 MB
2025-10-21 10:14:04,568 - INFO - =======================================================================

2025-10-21 10:14:04,568 - INFO - torch.cuda.max_memory_reserved() : 4.37890625
2025-10-21 10:14:07,208 - INFO - Epoch 4 completed in 2.639311 seconds
2025-10-21 10:14:07,209 - INFO - torch.cuda.max_memory_reserved() : 4.37890625
2025-10-21 10:14:10,060 - INFO - Epoch 5 completed in 2.850115 seconds
2025-10-21 10:14:10,061 - INFO - torch.cuda.max_memory_reserved() : 4.37890625
2025-10-21 10:14:13,127 - INFO - Epoch 6 completed in 3.065951 seconds
2025-10-21 10:14:13,128 - INFO - torch.cuda.max_memory_reserved() : 4.380859375
2025-10-21 10:14:15,851 - INFO - Epoch 7 completed in 2.721526 seconds
2025-10-21 10:14:15,852 - INFO - torch.cuda.max_memory_reserved() : 4.380859375
2025-10-21 10:14:18,577 - INFO - Epoch 8 completed in 2.723556 seconds
2025-10-21 10:14:18,579 - INFO - torch.cuda.max_memory_reserved() : 4.380859375
2025-10-21 10:14:21,247 - INFO - Epoch 9 completed in 2.666534 seconds
2025-10-21 10:14:21,247 - INFO - torch.cuda.max_memory_reserved() : 4.380859375
2025-10-21 10:14:23,999 - INFO - Epoch 10 completed in 2.750656 seconds
2025-10-21 10:14:25,066 - INFO - torch.cuda.max_memory_reserved() : 4.380859375
2025-10-21 10:14:25,067 - INFO - !!!采用策略后的几个epoch 平均时间:2.7633801996707916
2025-10-21 10:14:25,067 - INFO - 



