2025-10-21 13:46:39,778 - INFO - 📌 第一个 epoch：默认所有模块使用 checkpoint
2025-10-21 13:46:43,139 - INFO - Epoch 1 completed in 3.368354 seconds
2025-10-21 13:46:44,210 - INFO - torch.cuda.max_memory_reserved() : 4.37890625
2025-10-21 13:46:47,035 - INFO - 
[🔁 拟合反向传播时间模型]
2025-10-21 13:46:47,035 - INFO - 总反向传播时间: 2.799425s
2025-10-21 13:46:47,035 - INFO - 拟合模型: backward_total ≈ 2 × (A + B) + b
2025-10-21 13:46:47,036 - INFO - A = 2.089780, B = 0.203097, b = 0.506548s
2025-10-21 13:46:47,036 - INFO - ✅ 最优策略：[1, 0, 0, 0, 0, 0, 0, 0, 1, 1, 1, 0, 0, 1, 1, 1, 1, 1, 1, 1, 1, 1, 1, 1, 1, 1, 1, 1, 1, 1, 1, 1]
2025-10-21 13:46:47,036 - INFO - 📌 checkpoint 的欧氏长度:, [80, 121, 161, 202, 242, 283, 324]
2025-10-21 13:46:47,036 - INFO - 📌 checkpoint 的余弦长度:, [161, 202]
2025-10-21 13:46:47,037 - INFO - 💾 最终显存峰值：%.2f MB % 2979.67724609375
2025-10-21 13:46:47,037 - INFO - Epoch 2 completed in 2.826728 seconds
2025-10-21 13:46:47,038 - INFO - torch.cuda.max_memory_reserved() : 4.37890625
2025-10-21 13:46:49,608 - INFO - Epoch 3 completed in 2.568720 seconds
2025-10-21 13:46:49,608 - INFO - 
====================== [第1个 Epoch 收集统计数据] ======================
2025-10-21 13:46:49,608 - INFO - 
🔍 EUCLIDEAN modules:
2025-10-21 13:46:49,608 - INFO - [Shapelet  40] forward_avg=0.003917s over 12 calls | peak=343.57MB | final=0.00MB
2025-10-21 13:46:49,608 - INFO - [Shapelet  80] forward_avg=0.004026s over 12 calls | peak=601.19MB | final=0.00MB
2025-10-21 13:46:49,609 - INFO - [Shapelet 121] forward_avg=0.004895s over 12 calls | peak=791.72MB | final=0.00MB
2025-10-21 13:46:49,609 - INFO - [Shapelet 161] forward_avg=0.005229s over 12 calls | peak=905.43MB | final=0.00MB
2025-10-21 13:46:49,609 - INFO - [Shapelet 202] forward_avg=0.005424s over 12 calls | peak=946.48MB | final=0.00MB
2025-10-21 13:46:49,609 - INFO - [Shapelet 242] forward_avg=0.005411s over 12 calls | peak=915.59MB | final=0.00MB
2025-10-21 13:46:49,609 - INFO - [Shapelet 283] forward_avg=0.004519s over 12 calls | peak=810.62MB | final=0.00MB
2025-10-21 13:46:49,609 - INFO - [Shapelet 324] forward_avg=0.004267s over 12 calls | peak=628.61MB | final=0.00MB
2025-10-21 13:46:49,609 - INFO - 
🔍 COSINE modules:
2025-10-21 13:46:49,609 - INFO - [Shapelet  40] forward_avg=0.002137s over 12 calls | peak=220.75MB | final=0.00MB
2025-10-21 13:46:49,610 - INFO - [Shapelet  80] forward_avg=0.002094s over 12 calls | peak=390.83MB | final=0.00MB
2025-10-21 13:46:49,610 - INFO - [Shapelet 121] forward_avg=0.002673s over 12 calls | peak=515.69MB | final=0.00MB
2025-10-21 13:46:49,610 - INFO - [Shapelet 161] forward_avg=0.002925s over 12 calls | peak=589.82MB | final=0.00MB
2025-10-21 13:46:49,610 - INFO - [Shapelet 202] forward_avg=0.003095s over 12 calls | peak=615.21MB | final=0.00MB
2025-10-21 13:46:49,610 - INFO - [Shapelet 242] forward_avg=0.002923s over 12 calls | peak=592.28MB | final=0.00MB
2025-10-21 13:46:49,610 - INFO - [Shapelet 283] forward_avg=0.002351s over 12 calls | peak=520.11MB | final=0.00MB
2025-10-21 13:46:49,610 - INFO - [Shapelet 324] forward_avg=0.002162s over 12 calls | peak=396.44MB | final=0.00MB
2025-10-21 13:46:49,610 - INFO - 
🔍 CROSS modules:
2025-10-21 13:46:49,610 - INFO - [Shapelet  40] forward_avg=0.002807s over 12 calls
2025-10-21 13:46:49,611 - INFO - [Shapelet  80] forward_avg=0.000612s over 12 calls
2025-10-21 13:46:49,611 - INFO - [Shapelet 121] forward_avg=0.000665s over 12 calls
2025-10-21 13:46:49,611 - INFO - [Shapelet 161] forward_avg=0.000772s over 12 calls
2025-10-21 13:46:49,611 - INFO - [Shapelet 202] forward_avg=0.000867s over 12 calls
2025-10-21 13:46:49,611 - INFO - [Shapelet 242] forward_avg=0.000841s over 12 calls
2025-10-21 13:46:49,611 - INFO - [Shapelet 283] forward_avg=0.000899s over 12 calls
2025-10-21 13:46:49,611 - INFO - [Shapelet 324] forward_avg=0.000999s over 12 calls
2025-10-21 13:46:49,611 - INFO - 
💾 模型第一次反向传播阶段的显存峰值（所有模块中的最大值）: 3031.61 MB
2025-10-21 13:46:49,611 - INFO - 
💾 模型初始显存: 23.05 MB
2025-10-21 13:46:49,612 - INFO - =======================================================================

2025-10-21 13:46:49,612 - INFO - torch.cuda.max_memory_reserved() : 4.3828125
2025-10-21 13:46:52,145 - INFO - Epoch 4 completed in 2.532198 seconds
2025-10-21 13:46:52,145 - INFO - torch.cuda.max_memory_reserved() : 4.3828125
2025-10-21 13:46:54,852 - INFO - Epoch 5 completed in 2.705396 seconds
2025-10-21 13:46:54,853 - INFO - torch.cuda.max_memory_reserved() : 4.3828125
2025-10-21 13:46:57,442 - INFO - Epoch 6 completed in 2.588079 seconds
2025-10-21 13:46:57,443 - INFO - torch.cuda.max_memory_reserved() : 4.3828125
2025-10-21 13:47:00,065 - INFO - Epoch 7 completed in 2.620731 seconds
2025-10-21 13:47:00,066 - INFO - torch.cuda.max_memory_reserved() : 4.3828125
2025-10-21 13:47:02,636 - INFO - Epoch 8 completed in 2.567662 seconds
2025-10-21 13:47:02,636 - INFO - torch.cuda.max_memory_reserved() : 4.3828125
2025-10-21 13:47:05,184 - INFO - Epoch 9 completed in 2.547348 seconds
2025-10-21 13:47:05,185 - INFO - torch.cuda.max_memory_reserved() : 4.3828125
2025-10-21 13:47:07,813 - INFO - Epoch 10 completed in 2.626166 seconds
2025-10-21 13:47:08,876 - INFO - torch.cuda.max_memory_reserved() : 4.3828125
2025-10-21 13:47:08,876 - INFO - !!!采用策略后的几个epoch 平均时间:2.5945374071598053
2025-10-21 13:47:08,876 - INFO - 



