2025-10-21 13:48:24,045 - INFO - 📌 第一个 epoch：默认所有模块使用 checkpoint
2025-10-21 13:48:27,409 - INFO - Epoch 1 completed in 3.371500 seconds
2025-10-21 13:48:28,477 - INFO - torch.cuda.max_memory_reserved() : 4.37890625
2025-10-21 13:48:31,300 - INFO - 
[🔁 拟合反向传播时间模型]
2025-10-21 13:48:31,301 - INFO - 总反向传播时间: 2.800806s
2025-10-21 13:48:31,301 - INFO - 拟合模型: backward_total ≈ 2 × (A + B) + b
2025-10-21 13:48:31,301 - INFO - A = 2.108531, B = 0.197732, b = 0.494543s
2025-10-21 13:48:31,302 - INFO - ✅ 最优策略：[1, 1, 0, 0, 0, 0, 0, 1, 1, 1, 1, 1, 1, 1, 1, 1, 1, 1, 1, 1, 1, 1, 1, 1, 1, 1, 1, 1, 1, 1, 1, 1]
2025-10-21 13:48:31,302 - INFO - 📌 checkpoint 的欧氏长度:, [121, 161, 202, 242, 283]
2025-10-21 13:48:31,302 - INFO - 📌 checkpoint 的余弦长度:, []
2025-10-21 13:48:31,302 - INFO - 💾 最终显存峰值：%.2f MB % 5414.51953125
2025-10-21 13:48:31,302 - INFO - Epoch 2 completed in 2.825186 seconds
2025-10-21 13:48:31,303 - INFO - torch.cuda.max_memory_reserved() : 4.37890625
2025-10-21 13:48:33,699 - INFO - Epoch 3 completed in 2.395120 seconds
2025-10-21 13:48:33,700 - INFO - 
====================== [第1个 Epoch 收集统计数据] ======================
2025-10-21 13:48:33,700 - INFO - 
🔍 EUCLIDEAN modules:
2025-10-21 13:48:33,700 - INFO - [Shapelet  40] forward_avg=0.003887s over 12 calls | peak=343.57MB | final=0.00MB
2025-10-21 13:48:33,700 - INFO - [Shapelet  80] forward_avg=0.004109s over 12 calls | peak=601.19MB | final=0.00MB
2025-10-21 13:48:33,700 - INFO - [Shapelet 121] forward_avg=0.005096s over 12 calls | peak=791.72MB | final=0.00MB
2025-10-21 13:48:33,700 - INFO - [Shapelet 161] forward_avg=0.005434s over 12 calls | peak=905.43MB | final=0.00MB
2025-10-21 13:48:33,700 - INFO - [Shapelet 202] forward_avg=0.005684s over 12 calls | peak=946.48MB | final=0.00MB
2025-10-21 13:48:33,700 - INFO - [Shapelet 242] forward_avg=0.005297s over 12 calls | peak=915.59MB | final=0.00MB
2025-10-21 13:48:33,700 - INFO - [Shapelet 283] forward_avg=0.004685s over 12 calls | peak=810.62MB | final=0.00MB
2025-10-21 13:48:33,700 - INFO - [Shapelet 324] forward_avg=0.004333s over 12 calls | peak=628.61MB | final=0.00MB
2025-10-21 13:48:33,700 - INFO - 
🔍 COSINE modules:
2025-10-21 13:48:33,700 - INFO - [Shapelet  40] forward_avg=0.002020s over 12 calls | peak=220.75MB | final=0.00MB
2025-10-21 13:48:33,700 - INFO - [Shapelet  80] forward_avg=0.002034s over 12 calls | peak=390.83MB | final=0.00MB
2025-10-21 13:48:33,700 - INFO - [Shapelet 121] forward_avg=0.002592s over 12 calls | peak=515.69MB | final=0.00MB
2025-10-21 13:48:33,700 - INFO - [Shapelet 161] forward_avg=0.002916s over 12 calls | peak=589.82MB | final=0.00MB
2025-10-21 13:48:33,700 - INFO - [Shapelet 202] forward_avg=0.003089s over 12 calls | peak=615.21MB | final=0.00MB
2025-10-21 13:48:33,700 - INFO - [Shapelet 242] forward_avg=0.002929s over 12 calls | peak=592.28MB | final=0.00MB
2025-10-21 13:48:33,700 - INFO - [Shapelet 283] forward_avg=0.002324s over 12 calls | peak=520.11MB | final=0.00MB
2025-10-21 13:48:33,700 - INFO - [Shapelet 324] forward_avg=0.002141s over 12 calls | peak=396.44MB | final=0.00MB
2025-10-21 13:48:33,700 - INFO - 
🔍 CROSS modules:
2025-10-21 13:48:33,700 - INFO - [Shapelet  40] forward_avg=0.002740s over 12 calls
2025-10-21 13:48:33,700 - INFO - [Shapelet  80] forward_avg=0.000566s over 12 calls
2025-10-21 13:48:33,700 - INFO - [Shapelet 121] forward_avg=0.000648s over 12 calls
2025-10-21 13:48:33,700 - INFO - [Shapelet 161] forward_avg=0.000751s over 12 calls
2025-10-21 13:48:33,700 - INFO - [Shapelet 202] forward_avg=0.000851s over 12 calls
2025-10-21 13:48:33,700 - INFO - [Shapelet 242] forward_avg=0.000822s over 12 calls
2025-10-21 13:48:33,700 - INFO - [Shapelet 283] forward_avg=0.000879s over 12 calls
2025-10-21 13:48:33,700 - INFO - [Shapelet 324] forward_avg=0.000981s over 12 calls
2025-10-21 13:48:33,700 - INFO - 
💾 模型第一次反向传播阶段的显存峰值（所有模块中的最大值）: 5325.20 MB
2025-10-21 13:48:33,700 - INFO - 
💾 模型初始显存: 23.05 MB
2025-10-21 13:48:33,701 - INFO - =======================================================================

2025-10-21 13:48:33,701 - INFO - torch.cuda.max_memory_reserved() : 6.154296875
2025-10-21 13:48:35,994 - INFO - Epoch 4 completed in 2.292951 seconds
2025-10-21 13:48:35,995 - INFO - torch.cuda.max_memory_reserved() : 6.154296875
2025-10-21 13:48:38,362 - INFO - Epoch 5 completed in 2.365645 seconds
2025-10-21 13:48:38,363 - INFO - torch.cuda.max_memory_reserved() : 6.154296875
2025-10-21 13:48:40,720 - INFO - Epoch 6 completed in 2.355456 seconds
2025-10-21 13:48:40,720 - INFO - torch.cuda.max_memory_reserved() : 6.154296875
2025-10-21 13:48:43,064 - INFO - Epoch 7 completed in 2.342592 seconds
2025-10-21 13:48:43,065 - INFO - torch.cuda.max_memory_reserved() : 6.154296875
2025-10-21 13:48:45,416 - INFO - Epoch 8 completed in 2.351249 seconds
2025-10-21 13:48:45,417 - INFO - torch.cuda.max_memory_reserved() : 6.154296875
2025-10-21 13:48:47,755 - INFO - Epoch 9 completed in 2.338265 seconds
2025-10-21 13:48:47,756 - INFO - torch.cuda.max_memory_reserved() : 6.154296875
2025-10-21 13:48:50,152 - INFO - Epoch 10 completed in 2.396238 seconds
2025-10-21 13:48:51,191 - INFO - torch.cuda.max_memory_reserved() : 6.154296875
2025-10-21 13:48:51,191 - INFO - !!!采用策略后的几个epoch 平均时间:2.3546894192695618
2025-10-21 13:48:51,191 - INFO - 



