2025-10-20 23:37:39,113 - INFO - 📌 第一个 epoch：默认所有模块使用 checkpoint
2025-10-20 23:37:43,679 - INFO - Epoch 1 completed in 4.645939 seconds
2025-10-20 23:37:45,225 - INFO - torch.cuda.max_memory_reserved() : 4.37890625
2025-10-20 23:37:48,826 - INFO - 
[🔁 拟合反向传播时间模型]
2025-10-20 23:37:48,827 - INFO - 总反向传播时间: 3.574189s
2025-10-20 23:37:48,827 - INFO - 拟合模型: backward_total ≈ 2 × (A + B) + b
2025-10-20 23:37:48,827 - INFO - A = 2.535089, B = 0.314049, b = 0.725051s
2025-10-20 23:37:48,827 - INFO - ✅ 最优策略：[1, 0, 0, 0, 0, 0, 0, 0, 1, 1, 0, 0, 0, 0, 1, 1, 1, 1, 1, 1, 1, 1, 1, 1, 1, 1, 1, 1, 1, 1, 1, 1]
2025-10-20 23:37:48,827 - INFO - 📌 checkpoint 的欧氏长度:, [80, 121, 161, 202, 242, 283, 324]
2025-10-20 23:37:48,827 - INFO - 📌 checkpoint 的余弦长度:, [121, 161, 202, 242]
2025-10-20 23:37:48,828 - INFO - 💾 最终显存峰值：%.2f MB % 1871.70556640625
2025-10-20 23:37:48,828 - INFO - Epoch 2 completed in 3.601636 seconds
2025-10-20 23:37:48,828 - INFO - torch.cuda.max_memory_reserved() : 4.37890625
2025-10-20 23:37:55,336 - INFO - Epoch 3 completed in 6.507230 seconds
2025-10-20 23:37:55,337 - INFO - 
====================== [第1个 Epoch 收集统计数据] ======================
2025-10-20 23:37:55,337 - INFO - 
🔍 EUCLIDEAN modules:
2025-10-20 23:37:55,337 - INFO - [Shapelet  40] forward_avg=0.004314s over 12 calls | peak=343.57MB | final=0.00MB
2025-10-20 23:37:55,337 - INFO - [Shapelet  80] forward_avg=0.004936s over 12 calls | peak=601.19MB | final=0.00MB
2025-10-20 23:37:55,337 - INFO - [Shapelet 121] forward_avg=0.005843s over 12 calls | peak=791.72MB | final=0.00MB
2025-10-20 23:37:55,337 - INFO - [Shapelet 161] forward_avg=0.005794s over 12 calls | peak=905.43MB | final=0.00MB
2025-10-20 23:37:55,337 - INFO - [Shapelet 202] forward_avg=0.006124s over 12 calls | peak=946.48MB | final=0.00MB
2025-10-20 23:37:55,337 - INFO - [Shapelet 242] forward_avg=0.006897s over 12 calls | peak=915.59MB | final=0.00MB
2025-10-20 23:37:55,337 - INFO - [Shapelet 283] forward_avg=0.005142s over 12 calls | peak=810.62MB | final=0.00MB
2025-10-20 23:37:55,337 - INFO - [Shapelet 324] forward_avg=0.005238s over 12 calls | peak=628.61MB | final=0.00MB
2025-10-20 23:37:55,337 - INFO - 
🔍 COSINE modules:
2025-10-20 23:37:55,337 - INFO - [Shapelet  40] forward_avg=0.003016s over 12 calls | peak=220.75MB | final=0.00MB
2025-10-20 23:37:55,337 - INFO - [Shapelet  80] forward_avg=0.003147s over 12 calls | peak=390.83MB | final=0.00MB
2025-10-20 23:37:55,337 - INFO - [Shapelet 121] forward_avg=0.002890s over 12 calls | peak=515.69MB | final=0.00MB
2025-10-20 23:37:55,337 - INFO - [Shapelet 161] forward_avg=0.003514s over 12 calls | peak=589.82MB | final=0.00MB
2025-10-20 23:37:55,337 - INFO - [Shapelet 202] forward_avg=0.003725s over 12 calls | peak=615.21MB | final=0.00MB
2025-10-20 23:37:55,337 - INFO - [Shapelet 242] forward_avg=0.003536s over 12 calls | peak=592.28MB | final=0.00MB
2025-10-20 23:37:55,337 - INFO - [Shapelet 283] forward_avg=0.003499s over 12 calls | peak=520.11MB | final=0.00MB
2025-10-20 23:37:55,337 - INFO - [Shapelet 324] forward_avg=0.002806s over 12 calls | peak=396.44MB | final=0.00MB
2025-10-20 23:37:55,337 - INFO - 
🔍 CROSS modules:
2025-10-20 23:37:55,337 - INFO - [Shapelet  40] forward_avg=0.004783s over 12 calls
2025-10-20 23:37:55,338 - INFO - [Shapelet  80] forward_avg=0.000783s over 12 calls
2025-10-20 23:37:55,338 - INFO - [Shapelet 121] forward_avg=0.000800s over 12 calls
2025-10-20 23:37:55,338 - INFO - [Shapelet 161] forward_avg=0.001076s over 12 calls
2025-10-20 23:37:55,338 - INFO - [Shapelet 202] forward_avg=0.001422s over 12 calls
2025-10-20 23:37:55,338 - INFO - [Shapelet 242] forward_avg=0.000952s over 12 calls
2025-10-20 23:37:55,338 - INFO - [Shapelet 283] forward_avg=0.002160s over 12 calls
2025-10-20 23:37:55,338 - INFO - [Shapelet 324] forward_avg=0.001109s over 12 calls
2025-10-20 23:37:55,338 - INFO - 
💾 模型第一次反向传播阶段的显存峰值（所有模块中的最大值）: 2477.25 MB
2025-10-20 23:37:55,338 - INFO - 
💾 模型初始显存: 23.05 MB
2025-10-20 23:37:55,338 - INFO - =======================================================================

2025-10-20 23:37:55,338 - INFO - torch.cuda.max_memory_reserved() : 4.380859375
2025-10-20 23:38:15,806 - INFO - Epoch 4 completed in 20.466712 seconds
2025-10-20 23:38:15,807 - INFO - torch.cuda.max_memory_reserved() : 4.380859375
2025-10-20 23:38:32,622 - INFO - Epoch 5 completed in 16.814141 seconds
2025-10-20 23:38:32,623 - INFO - torch.cuda.max_memory_reserved() : 4.380859375
2025-10-20 23:38:53,089 - INFO - Epoch 6 completed in 20.464703 seconds
2025-10-20 23:38:53,090 - INFO - torch.cuda.max_memory_reserved() : 4.380859375
2025-10-20 23:39:10,389 - INFO - Epoch 7 completed in 17.296772 seconds
2025-10-20 23:39:10,390 - INFO - torch.cuda.max_memory_reserved() : 4.380859375
2025-10-20 23:39:26,605 - INFO - Epoch 8 completed in 16.214595 seconds
2025-10-20 23:39:26,606 - INFO - torch.cuda.max_memory_reserved() : 4.380859375
2025-10-20 23:39:47,065 - INFO - Epoch 9 completed in 20.458890 seconds
2025-10-20 23:39:47,066 - INFO - torch.cuda.max_memory_reserved() : 4.380859375
2025-10-20 23:40:02,990 - INFO - Epoch 10 completed in 15.922733 seconds
2025-10-20 23:40:05,305 - INFO - torch.cuda.max_memory_reserved() : 4.380859375
2025-10-20 23:40:05,306 - INFO - !!!采用策略后的几个epoch 平均时间:16.76822194457054
2025-10-20 23:40:05,306 - INFO - 



2025-10-21 10:14:30,442 - INFO - 📌 第一个 epoch：默认所有模块使用 checkpoint
2025-10-21 10:14:33,926 - INFO - Epoch 1 completed in 3.492328 seconds
2025-10-21 10:14:34,986 - INFO - torch.cuda.max_memory_reserved() : 4.37890625
2025-10-21 10:14:37,857 - INFO - 
[🔁 拟合反向传播时间模型]
2025-10-21 10:14:37,857 - INFO - 总反向传播时间: 2.852767s
2025-10-21 10:14:37,857 - INFO - 拟合模型: backward_total ≈ 2 × (A + B) + b
2025-10-21 10:14:37,857 - INFO - A = 2.111424, B = 0.206873, b = 0.534470s
2025-10-21 10:14:37,857 - INFO - ✅ 最优策略：[1, 0, 0, 0, 0, 0, 0, 0, 1, 1, 0, 0, 0, 0, 1, 1, 1, 1, 1, 1, 1, 1, 1, 1, 1, 1, 1, 1, 1, 1, 1, 1]
2025-10-21 10:14:37,857 - INFO - 📌 checkpoint 的欧氏长度:, [80, 121, 161, 202, 242, 283, 324]
2025-10-21 10:14:37,857 - INFO - 📌 checkpoint 的余弦长度:, [121, 161, 202, 242]
2025-10-21 10:14:37,857 - INFO - 💾 最终显存峰值：%.2f MB % 1871.70556640625
2025-10-21 10:14:37,857 - INFO - Epoch 2 completed in 2.870534 seconds
2025-10-21 10:14:37,858 - INFO - torch.cuda.max_memory_reserved() : 4.37890625
2025-10-21 10:14:40,569 - INFO - Epoch 3 completed in 2.710837 seconds
2025-10-21 10:14:40,569 - INFO - 
====================== [第1个 Epoch 收集统计数据] ======================
2025-10-21 10:14:40,569 - INFO - 
🔍 EUCLIDEAN modules:
2025-10-21 10:14:40,569 - INFO - [Shapelet  40] forward_avg=0.003874s over 12 calls | peak=343.57MB | final=0.00MB
2025-10-21 10:14:40,570 - INFO - [Shapelet  80] forward_avg=0.004128s over 12 calls | peak=601.19MB | final=0.00MB
2025-10-21 10:14:40,570 - INFO - [Shapelet 121] forward_avg=0.005086s over 12 calls | peak=791.72MB | final=0.00MB
2025-10-21 10:14:40,570 - INFO - [Shapelet 161] forward_avg=0.005447s over 12 calls | peak=905.43MB | final=0.00MB
2025-10-21 10:14:40,570 - INFO - [Shapelet 202] forward_avg=0.005577s over 12 calls | peak=946.48MB | final=0.00MB
2025-10-21 10:14:40,570 - INFO - [Shapelet 242] forward_avg=0.005299s over 12 calls | peak=915.59MB | final=0.00MB
2025-10-21 10:14:40,570 - INFO - [Shapelet 283] forward_avg=0.004686s over 12 calls | peak=810.62MB | final=0.00MB
2025-10-21 10:14:40,570 - INFO - [Shapelet 324] forward_avg=0.004523s over 12 calls | peak=628.61MB | final=0.00MB
2025-10-21 10:14:40,570 - INFO - 
🔍 COSINE modules:
2025-10-21 10:14:40,570 - INFO - [Shapelet  40] forward_avg=0.002009s over 12 calls | peak=220.75MB | final=0.00MB
2025-10-21 10:14:40,570 - INFO - [Shapelet  80] forward_avg=0.002033s over 12 calls | peak=390.83MB | final=0.00MB
2025-10-21 10:14:40,571 - INFO - [Shapelet 121] forward_avg=0.002572s over 12 calls | peak=515.69MB | final=0.00MB
2025-10-21 10:14:40,571 - INFO - [Shapelet 161] forward_avg=0.002927s over 12 calls | peak=589.82MB | final=0.00MB
2025-10-21 10:14:40,571 - INFO - [Shapelet 202] forward_avg=0.003097s over 12 calls | peak=615.21MB | final=0.00MB
2025-10-21 10:14:40,571 - INFO - [Shapelet 242] forward_avg=0.002924s over 12 calls | peak=592.28MB | final=0.00MB
2025-10-21 10:14:40,571 - INFO - [Shapelet 283] forward_avg=0.002329s over 12 calls | peak=520.11MB | final=0.00MB
2025-10-21 10:14:40,571 - INFO - [Shapelet 324] forward_avg=0.002138s over 12 calls | peak=396.44MB | final=0.00MB
2025-10-21 10:14:40,571 - INFO - 
🔍 CROSS modules:
2025-10-21 10:14:40,571 - INFO - [Shapelet  40] forward_avg=0.003105s over 12 calls
2025-10-21 10:14:40,571 - INFO - [Shapelet  80] forward_avg=0.000566s over 12 calls
2025-10-21 10:14:40,572 - INFO - [Shapelet 121] forward_avg=0.000648s over 12 calls
2025-10-21 10:14:40,572 - INFO - [Shapelet 161] forward_avg=0.000752s over 12 calls
2025-10-21 10:14:40,572 - INFO - [Shapelet 202] forward_avg=0.000852s over 12 calls
2025-10-21 10:14:40,572 - INFO - [Shapelet 242] forward_avg=0.000824s over 12 calls
2025-10-21 10:14:40,572 - INFO - [Shapelet 283] forward_avg=0.000881s over 12 calls
2025-10-21 10:14:40,572 - INFO - [Shapelet 324] forward_avg=0.000991s over 12 calls
2025-10-21 10:14:40,572 - INFO - 
💾 模型第一次反向传播阶段的显存峰值（所有模块中的最大值）: 2477.25 MB
2025-10-21 10:14:40,572 - INFO - 
💾 模型初始显存: 23.05 MB
2025-10-21 10:14:40,572 - INFO - =======================================================================

2025-10-21 10:14:40,572 - INFO - torch.cuda.max_memory_reserved() : 4.380859375
2025-10-21 10:14:43,232 - INFO - Epoch 4 completed in 2.659312 seconds
2025-10-21 10:14:43,232 - INFO - torch.cuda.max_memory_reserved() : 4.380859375
2025-10-21 10:14:45,955 - INFO - Epoch 5 completed in 2.721625 seconds
2025-10-21 10:14:45,955 - INFO - torch.cuda.max_memory_reserved() : 4.380859375
2025-10-21 10:14:49,440 - INFO - Epoch 6 completed in 3.484789 seconds
2025-10-21 10:14:49,441 - INFO - torch.cuda.max_memory_reserved() : 4.380859375
2025-10-21 10:14:52,886 - INFO - Epoch 7 completed in 3.444534 seconds
2025-10-21 10:14:52,886 - INFO - torch.cuda.max_memory_reserved() : 4.380859375
2025-10-21 10:14:55,904 - INFO - Epoch 8 completed in 3.018092 seconds
2025-10-21 10:14:55,905 - INFO - torch.cuda.max_memory_reserved() : 4.380859375
2025-10-21 10:14:58,725 - INFO - Epoch 9 completed in 2.819497 seconds
2025-10-21 10:14:58,725 - INFO - torch.cuda.max_memory_reserved() : 4.380859375
2025-10-21 10:15:01,596 - INFO - Epoch 10 completed in 2.870931 seconds
2025-10-21 10:15:02,677 - INFO - torch.cuda.max_memory_reserved() : 4.380859375
2025-10-21 10:15:02,677 - INFO - !!!采用策略后的几个epoch 平均时间:2.966202050447464
2025-10-21 10:15:02,677 - INFO - 



