2025-10-20 23:43:14,567 - INFO - 📌 第一个 epoch：默认所有模块使用 checkpoint
2025-10-20 23:43:18,491 - INFO - Epoch 1 completed in 3.979148 seconds
2025-10-20 23:43:19,739 - INFO - torch.cuda.max_memory_reserved() : 4.37890625
2025-10-20 23:43:22,884 - INFO - 
[🔁 拟合反向传播时间模型]
2025-10-20 23:43:22,885 - INFO - 总反向传播时间: 3.121930s
2025-10-20 23:43:22,885 - INFO - 拟合模型: backward_total ≈ 2 × (A + B) + b
2025-10-20 23:43:22,885 - INFO - A = 2.324523, B = 0.257195, b = 0.540212s
2025-10-20 23:43:22,886 - INFO - ✅ 最优策略：[1, 1, 1, 0, 0, 1, 1, 1, 1, 1, 1, 1, 1, 1, 1, 1, 1, 1, 1, 1, 1, 1, 1, 1, 1, 1, 1, 1, 1, 1, 1, 1]
2025-10-20 23:43:22,886 - INFO - 📌 checkpoint 的欧氏长度:, [161, 202]
2025-10-20 23:43:22,886 - INFO - 📌 checkpoint 的余弦长度:, []
2025-10-20 23:43:22,886 - INFO - 💾 最终显存峰值：%.2f MB % 7932.45458984375
2025-10-20 23:43:22,886 - INFO - Epoch 2 completed in 3.146599 seconds
2025-10-20 23:43:22,887 - INFO - torch.cuda.max_memory_reserved() : 4.37890625
2025-10-20 23:43:25,450 - INFO - Epoch 3 completed in 2.562344 seconds
2025-10-20 23:43:25,450 - INFO - 
====================== [第1个 Epoch 收集统计数据] ======================
2025-10-20 23:43:25,450 - INFO - 
🔍 EUCLIDEAN modules:
2025-10-20 23:43:25,451 - INFO - [Shapelet  40] forward_avg=0.005109s over 12 calls | peak=343.57MB | final=0.00MB
2025-10-20 23:43:25,451 - INFO - [Shapelet  80] forward_avg=0.004400s over 12 calls | peak=601.19MB | final=0.00MB
2025-10-20 23:43:25,451 - INFO - [Shapelet 121] forward_avg=0.005197s over 12 calls | peak=791.72MB | final=0.00MB
2025-10-20 23:43:25,451 - INFO - [Shapelet 161] forward_avg=0.005412s over 12 calls | peak=905.43MB | final=0.00MB
2025-10-20 23:43:25,451 - INFO - [Shapelet 202] forward_avg=0.005830s over 12 calls | peak=946.48MB | final=0.00MB
2025-10-20 23:43:25,451 - INFO - [Shapelet 242] forward_avg=0.005629s over 12 calls | peak=915.59MB | final=0.00MB
2025-10-20 23:43:25,451 - INFO - [Shapelet 283] forward_avg=0.004621s over 12 calls | peak=810.62MB | final=0.00MB
2025-10-20 23:43:25,451 - INFO - [Shapelet 324] forward_avg=0.004533s over 12 calls | peak=628.61MB | final=0.00MB
2025-10-20 23:43:25,451 - INFO - 
🔍 COSINE modules:
2025-10-20 23:43:25,451 - INFO - [Shapelet  40] forward_avg=0.002722s over 12 calls | peak=220.75MB | final=0.00MB
2025-10-20 23:43:25,452 - INFO - [Shapelet  80] forward_avg=0.003283s over 12 calls | peak=390.83MB | final=0.00MB
2025-10-20 23:43:25,452 - INFO - [Shapelet 121] forward_avg=0.002829s over 12 calls | peak=515.69MB | final=0.00MB
2025-10-20 23:43:25,452 - INFO - [Shapelet 161] forward_avg=0.003210s over 12 calls | peak=589.82MB | final=0.00MB
2025-10-20 23:43:25,452 - INFO - [Shapelet 202] forward_avg=0.003379s over 12 calls | peak=615.21MB | final=0.00MB
2025-10-20 23:43:25,452 - INFO - [Shapelet 242] forward_avg=0.003047s over 12 calls | peak=592.28MB | final=0.00MB
2025-10-20 23:43:25,452 - INFO - [Shapelet 283] forward_avg=0.002570s over 12 calls | peak=520.11MB | final=0.00MB
2025-10-20 23:43:25,452 - INFO - [Shapelet 324] forward_avg=0.002802s over 12 calls | peak=396.44MB | final=0.00MB
2025-10-20 23:43:25,452 - INFO - 
🔍 CROSS modules:
2025-10-20 23:43:25,452 - INFO - [Shapelet  40] forward_avg=0.003980s over 12 calls
2025-10-20 23:43:25,452 - INFO - [Shapelet  80] forward_avg=0.000816s over 12 calls
2025-10-20 23:43:25,453 - INFO - [Shapelet 121] forward_avg=0.000757s over 12 calls
2025-10-20 23:43:25,453 - INFO - [Shapelet 161] forward_avg=0.000826s over 12 calls
2025-10-20 23:43:25,453 - INFO - [Shapelet 202] forward_avg=0.000924s over 12 calls
2025-10-20 23:43:25,453 - INFO - [Shapelet 242] forward_avg=0.001116s over 12 calls
2025-10-20 23:43:25,453 - INFO - [Shapelet 283] forward_avg=0.001128s over 12 calls
2025-10-20 23:43:25,453 - INFO - [Shapelet 324] forward_avg=0.001170s over 12 calls
2025-10-20 23:43:25,453 - INFO - 
💾 模型第一次反向传播阶段的显存峰值（所有模块中的最大值）: 7185.85 MB
2025-10-20 23:43:25,453 - INFO - 
💾 模型初始显存: 23.05 MB
2025-10-20 23:43:25,453 - INFO - =======================================================================

2025-10-20 23:43:25,454 - INFO - torch.cuda.max_memory_reserved() : 7.880859375
2025-10-20 23:43:27,963 - INFO - Epoch 4 completed in 2.507553 seconds
2025-10-20 23:43:27,963 - INFO - torch.cuda.max_memory_reserved() : 7.880859375
2025-10-20 23:43:30,446 - INFO - Epoch 5 completed in 2.481616 seconds
2025-10-20 23:43:30,446 - INFO - torch.cuda.max_memory_reserved() : 7.880859375
2025-10-20 23:43:32,945 - INFO - Epoch 6 completed in 2.498132 seconds
2025-10-20 23:43:32,946 - INFO - torch.cuda.max_memory_reserved() : 7.880859375
2025-10-20 23:43:35,372 - INFO - Epoch 7 completed in 2.424341 seconds
2025-10-20 23:43:35,373 - INFO - torch.cuda.max_memory_reserved() : 7.880859375
2025-10-20 23:43:37,830 - INFO - Epoch 8 completed in 2.457254 seconds
2025-10-20 23:43:37,831 - INFO - torch.cuda.max_memory_reserved() : 7.880859375
2025-10-20 23:43:40,223 - INFO - Epoch 9 completed in 2.390834 seconds
2025-10-20 23:43:40,223 - INFO - torch.cuda.max_memory_reserved() : 7.880859375
2025-10-20 23:43:42,677 - INFO - Epoch 10 completed in 2.453345 seconds
2025-10-20 23:43:43,823 - INFO - torch.cuda.max_memory_reserved() : 7.880859375
2025-10-20 23:43:43,824 - INFO - !!!采用策略后的几个epoch 平均时间:2.471927374601364
2025-10-20 23:43:43,824 - INFO - 



2025-10-21 10:15:42,847 - INFO - 📌 第一个 epoch：默认所有模块使用 checkpoint
2025-10-21 10:15:46,164 - INFO - Epoch 1 completed in 3.324648 seconds
2025-10-21 10:15:47,254 - INFO - torch.cuda.max_memory_reserved() : 4.37890625
2025-10-21 10:15:50,034 - INFO - 
[🔁 拟合反向传播时间模型]
2025-10-21 10:15:50,034 - INFO - 总反向传播时间: 2.758002s
2025-10-21 10:15:50,034 - INFO - 拟合模型: backward_total ≈ 2 × (A + B) + b
2025-10-21 10:15:50,034 - INFO - A = 2.066158, B = 0.205366, b = 0.486478s
2025-10-21 10:15:50,034 - INFO - ✅ 最优策略：[1, 1, 1, 0, 0, 1, 1, 1, 1, 1, 1, 1, 1, 1, 1, 1, 1, 1, 1, 1, 1, 1, 1, 1, 1, 1, 1, 1, 1, 1, 1, 1]
2025-10-21 10:15:50,034 - INFO - 📌 checkpoint 的欧氏长度:, [161, 202]
2025-10-21 10:15:50,034 - INFO - 📌 checkpoint 的余弦长度:, []
2025-10-21 10:15:50,034 - INFO - 💾 最终显存峰值：%.2f MB % 7932.45458984375
2025-10-21 10:15:50,034 - INFO - Epoch 2 completed in 2.779845 seconds
2025-10-21 10:15:50,035 - INFO - torch.cuda.max_memory_reserved() : 4.37890625
2025-10-21 10:15:52,216 - INFO - Epoch 3 completed in 2.181031 seconds
2025-10-21 10:15:52,216 - INFO - 
====================== [第1个 Epoch 收集统计数据] ======================
2025-10-21 10:15:52,216 - INFO - 
🔍 EUCLIDEAN modules:
2025-10-21 10:15:52,217 - INFO - [Shapelet  40] forward_avg=0.003887s over 12 calls | peak=343.57MB | final=0.00MB
2025-10-21 10:15:52,217 - INFO - [Shapelet  80] forward_avg=0.004004s over 12 calls | peak=601.19MB | final=0.00MB
2025-10-21 10:15:52,217 - INFO - [Shapelet 121] forward_avg=0.004970s over 12 calls | peak=791.72MB | final=0.00MB
2025-10-21 10:15:52,217 - INFO - [Shapelet 161] forward_avg=0.005123s over 12 calls | peak=905.43MB | final=0.00MB
2025-10-21 10:15:52,217 - INFO - [Shapelet 202] forward_avg=0.005499s over 12 calls | peak=946.48MB | final=0.00MB
2025-10-21 10:15:52,217 - INFO - [Shapelet 242] forward_avg=0.005194s over 12 calls | peak=915.59MB | final=0.00MB
2025-10-21 10:15:52,217 - INFO - [Shapelet 283] forward_avg=0.004306s over 12 calls | peak=810.62MB | final=0.00MB
2025-10-21 10:15:52,217 - INFO - [Shapelet 324] forward_avg=0.004231s over 12 calls | peak=628.61MB | final=0.00MB
2025-10-21 10:15:52,217 - INFO - 
🔍 COSINE modules:
2025-10-21 10:15:52,217 - INFO - [Shapelet  40] forward_avg=0.002003s over 12 calls | peak=220.75MB | final=0.00MB
2025-10-21 10:15:52,217 - INFO - [Shapelet  80] forward_avg=0.002035s over 12 calls | peak=390.83MB | final=0.00MB
2025-10-21 10:15:52,217 - INFO - [Shapelet 121] forward_avg=0.002699s over 12 calls | peak=515.69MB | final=0.00MB
2025-10-21 10:15:52,217 - INFO - [Shapelet 161] forward_avg=0.002928s over 12 calls | peak=589.82MB | final=0.00MB
2025-10-21 10:15:52,217 - INFO - [Shapelet 202] forward_avg=0.003101s over 12 calls | peak=615.21MB | final=0.00MB
2025-10-21 10:15:52,217 - INFO - [Shapelet 242] forward_avg=0.002931s over 12 calls | peak=592.28MB | final=0.00MB
2025-10-21 10:15:52,217 - INFO - [Shapelet 283] forward_avg=0.002328s over 12 calls | peak=520.11MB | final=0.00MB
2025-10-21 10:15:52,217 - INFO - [Shapelet 324] forward_avg=0.002154s over 12 calls | peak=396.44MB | final=0.00MB
2025-10-21 10:15:52,217 - INFO - 
🔍 CROSS modules:
2025-10-21 10:15:52,217 - INFO - [Shapelet  40] forward_avg=0.003009s over 12 calls
2025-10-21 10:15:52,217 - INFO - [Shapelet  80] forward_avg=0.000572s over 12 calls
2025-10-21 10:15:52,217 - INFO - [Shapelet 121] forward_avg=0.000649s over 12 calls
2025-10-21 10:15:52,217 - INFO - [Shapelet 161] forward_avg=0.000762s over 12 calls
2025-10-21 10:15:52,217 - INFO - [Shapelet 202] forward_avg=0.000862s over 12 calls
2025-10-21 10:15:52,217 - INFO - [Shapelet 242] forward_avg=0.000832s over 12 calls
2025-10-21 10:15:52,217 - INFO - [Shapelet 283] forward_avg=0.000886s over 12 calls
2025-10-21 10:15:52,217 - INFO - [Shapelet 324] forward_avg=0.000985s over 12 calls
2025-10-21 10:15:52,217 - INFO - 
💾 模型第一次反向传播阶段的显存峰值（所有模块中的最大值）: 7185.85 MB
2025-10-21 10:15:52,217 - INFO - 
💾 模型初始显存: 23.05 MB
2025-10-21 10:15:52,217 - INFO - =======================================================================

2025-10-21 10:15:52,218 - INFO - torch.cuda.max_memory_reserved() : 7.880859375
2025-10-21 10:15:54,344 - INFO - Epoch 4 completed in 2.126096 seconds
2025-10-21 10:15:54,344 - INFO - torch.cuda.max_memory_reserved() : 7.880859375
2025-10-21 10:15:56,486 - INFO - Epoch 5 completed in 2.141516 seconds
2025-10-21 10:15:56,487 - INFO - torch.cuda.max_memory_reserved() : 7.880859375
2025-10-21 10:15:58,645 - INFO - Epoch 6 completed in 2.156079 seconds
2025-10-21 10:15:58,646 - INFO - torch.cuda.max_memory_reserved() : 7.880859375
2025-10-21 10:16:00,836 - INFO - Epoch 7 completed in 2.188912 seconds
2025-10-21 10:16:00,836 - INFO - torch.cuda.max_memory_reserved() : 7.880859375
2025-10-21 10:16:02,978 - INFO - Epoch 8 completed in 2.141318 seconds
2025-10-21 10:16:02,978 - INFO - torch.cuda.max_memory_reserved() : 7.880859375
2025-10-21 10:16:05,084 - INFO - Epoch 9 completed in 2.104755 seconds
2025-10-21 10:16:05,084 - INFO - torch.cuda.max_memory_reserved() : 7.880859375
2025-10-21 10:16:07,253 - INFO - Epoch 10 completed in 2.168550 seconds
2025-10-21 10:16:08,264 - INFO - torch.cuda.max_memory_reserved() : 7.880859375
2025-10-21 10:16:08,265 - INFO - !!!采用策略后的几个epoch 平均时间:2.1510321497917175
2025-10-21 10:16:08,265 - INFO - 



