2025-10-21 13:49:15,262 - INFO - 📌 第一个 epoch：默认所有模块使用 checkpoint
2025-10-21 13:49:18,657 - INFO - Epoch 1 completed in 3.403580 seconds
2025-10-21 13:49:19,712 - INFO - torch.cuda.max_memory_reserved() : 4.37890625
2025-10-21 13:49:22,488 - INFO - 
[🔁 拟合反向传播时间模型]
2025-10-21 13:49:22,489 - INFO - 总反向传播时间: 2.756213s
2025-10-21 13:49:22,489 - INFO - 拟合模型: backward_total ≈ 2 × (A + B) + b
2025-10-21 13:49:22,489 - INFO - A = 2.116422, B = 0.198617, b = 0.441174s
2025-10-21 13:49:22,489 - INFO - ✅ 最优策略：[1, 1, 1, 0, 0, 0, 1, 1, 1, 1, 1, 1, 1, 1, 1, 1, 1, 1, 1, 1, 1, 1, 1, 1, 1, 1, 1, 1, 1, 1, 1, 1]
2025-10-21 13:49:22,489 - INFO - 📌 checkpoint 的欧氏长度:, [161, 202, 242]
2025-10-21 13:49:22,489 - INFO - 📌 checkpoint 的余弦长度:, []
2025-10-21 13:49:22,489 - INFO - 💾 最终显存峰值：%.2f MB % 7016.86328125
2025-10-21 13:49:22,489 - INFO - Epoch 2 completed in 2.776943 seconds
2025-10-21 13:49:22,489 - INFO - torch.cuda.max_memory_reserved() : 4.37890625
2025-10-21 13:49:24,704 - INFO - Epoch 3 completed in 2.213936 seconds
2025-10-21 13:49:24,704 - INFO - 
====================== [第1个 Epoch 收集统计数据] ======================
2025-10-21 13:49:24,704 - INFO - 
🔍 EUCLIDEAN modules:
2025-10-21 13:49:24,704 - INFO - [Shapelet  40] forward_avg=0.004061s over 12 calls | peak=343.57MB | final=0.00MB
2025-10-21 13:49:24,704 - INFO - [Shapelet  80] forward_avg=0.004180s over 12 calls | peak=601.19MB | final=0.00MB
2025-10-21 13:49:24,704 - INFO - [Shapelet 121] forward_avg=0.005063s over 12 calls | peak=791.72MB | final=0.00MB
2025-10-21 13:49:24,704 - INFO - [Shapelet 161] forward_avg=0.005400s over 12 calls | peak=905.43MB | final=0.00MB
2025-10-21 13:49:24,705 - INFO - [Shapelet 202] forward_avg=0.005594s over 12 calls | peak=946.48MB | final=0.00MB
2025-10-21 13:49:24,705 - INFO - [Shapelet 242] forward_avg=0.005390s over 12 calls | peak=915.59MB | final=0.00MB
2025-10-21 13:49:24,705 - INFO - [Shapelet 283] forward_avg=0.004691s over 12 calls | peak=810.62MB | final=0.00MB
2025-10-21 13:49:24,705 - INFO - [Shapelet 324] forward_avg=0.004237s over 12 calls | peak=628.61MB | final=0.00MB
2025-10-21 13:49:24,705 - INFO - 
🔍 COSINE modules:
2025-10-21 13:49:24,705 - INFO - [Shapelet  40] forward_avg=0.002046s over 12 calls | peak=220.75MB | final=0.00MB
2025-10-21 13:49:24,705 - INFO - [Shapelet  80] forward_avg=0.002034s over 12 calls | peak=390.83MB | final=0.00MB
2025-10-21 13:49:24,705 - INFO - [Shapelet 121] forward_avg=0.002697s over 12 calls | peak=515.69MB | final=0.00MB
2025-10-21 13:49:24,705 - INFO - [Shapelet 161] forward_avg=0.002919s over 12 calls | peak=589.82MB | final=0.00MB
2025-10-21 13:49:24,706 - INFO - [Shapelet 202] forward_avg=0.003088s over 12 calls | peak=615.21MB | final=0.00MB
2025-10-21 13:49:24,706 - INFO - [Shapelet 242] forward_avg=0.002917s over 12 calls | peak=592.28MB | final=0.00MB
2025-10-21 13:49:24,706 - INFO - [Shapelet 283] forward_avg=0.002332s over 12 calls | peak=520.11MB | final=0.00MB
2025-10-21 13:49:24,706 - INFO - [Shapelet 324] forward_avg=0.002141s over 12 calls | peak=396.44MB | final=0.00MB
2025-10-21 13:49:24,706 - INFO - 
🔍 CROSS modules:
2025-10-21 13:49:24,706 - INFO - [Shapelet  40] forward_avg=0.002763s over 12 calls
2025-10-21 13:49:24,706 - INFO - [Shapelet  80] forward_avg=0.000583s over 12 calls
2025-10-21 13:49:24,706 - INFO - [Shapelet 121] forward_avg=0.000642s over 12 calls
2025-10-21 13:49:24,706 - INFO - [Shapelet 161] forward_avg=0.000750s over 12 calls
2025-10-21 13:49:24,706 - INFO - [Shapelet 202] forward_avg=0.000851s over 12 calls
2025-10-21 13:49:24,707 - INFO - [Shapelet 242] forward_avg=0.000829s over 12 calls
2025-10-21 13:49:24,707 - INFO - [Shapelet 283] forward_avg=0.000883s over 12 calls
2025-10-21 13:49:24,707 - INFO - [Shapelet 324] forward_avg=0.000974s over 12 calls
2025-10-21 13:49:24,707 - INFO - 
💾 模型第一次反向传播阶段的显存峰值（所有模块中的最大值）: 6514.60 MB
2025-10-21 13:49:24,707 - INFO - 
💾 模型初始显存: 23.05 MB
2025-10-21 13:49:24,707 - INFO - =======================================================================

2025-10-21 13:49:24,708 - INFO - torch.cuda.max_memory_reserved() : 7.349609375
2025-10-21 13:49:26,909 - INFO - Epoch 4 completed in 2.200242 seconds
2025-10-21 13:49:26,909 - INFO - torch.cuda.max_memory_reserved() : 7.3515625
2025-10-21 13:49:29,149 - INFO - Epoch 5 completed in 2.238707 seconds
2025-10-21 13:49:29,149 - INFO - torch.cuda.max_memory_reserved() : 7.3515625
2025-10-21 13:49:31,360 - INFO - Epoch 6 completed in 2.210161 seconds
2025-10-21 13:49:31,360 - INFO - torch.cuda.max_memory_reserved() : 7.3515625
2025-10-21 13:49:33,629 - INFO - Epoch 7 completed in 2.267256 seconds
2025-10-21 13:49:33,630 - INFO - torch.cuda.max_memory_reserved() : 7.3515625
2025-10-21 13:49:35,872 - INFO - Epoch 8 completed in 2.240579 seconds
2025-10-21 13:49:35,872 - INFO - torch.cuda.max_memory_reserved() : 7.3515625
2025-10-21 13:49:38,104 - INFO - Epoch 9 completed in 2.231987 seconds
2025-10-21 13:49:38,105 - INFO - torch.cuda.max_memory_reserved() : 7.3515625
2025-10-21 13:49:40,522 - INFO - Epoch 10 completed in 2.415319 seconds
2025-10-21 13:49:41,547 - INFO - torch.cuda.max_memory_reserved() : 7.3515625
2025-10-21 13:49:41,547 - INFO - !!!采用策略后的几个epoch 平均时间:2.2522734999656677
2025-10-21 13:49:41,547 - INFO - 



