2025-10-19 00:54:44,988 - INFO - 📌 第一个 epoch：默认所有模块使用 checkpoint
2025-10-19 00:54:55,346 - INFO - Epoch 1 completed in 10.375615 seconds
2025-10-19 00:54:58,244 - INFO - torch.cuda.max_memory_reserved() : 9.49609375
2025-10-19 00:55:08,598 - INFO - 
[🔁 拟合反向传播时间模型]
2025-10-19 00:55:08,599 - INFO - 总反向传播时间: 10.242843s
2025-10-19 00:55:08,599 - INFO - 拟合模型: backward_total ≈ 2 × (A + B) + b
2025-10-19 00:55:08,599 - INFO - A = 7.139968, B = 0.443435, b = 2.659441s
2025-10-19 00:55:08,599 - INFO - ✅ 最优策略：[1, 1, 0, 0, 0, 0, 0, 0, 1, 1, 1, 1, 1, 1, 1, 1, 1, 1, 1, 1, 1, 1, 1, 1, 1, 1, 1, 1, 1, 1, 1, 1]
2025-10-19 00:55:08,600 - INFO - 📌 checkpoint 的欧氏长度:, [42, 57, 71, 86, 100, 115]
2025-10-19 00:55:08,600 - INFO - 📌 checkpoint 的余弦长度:, []
2025-10-19 00:55:08,600 - INFO - 💾 最终显存峰值：%.2f MB % 9763.32470703125
2025-10-19 00:55:08,608 - INFO - Epoch 2 completed in 10.364230 seconds
2025-10-19 00:55:08,609 - INFO - torch.cuda.max_memory_reserved() : 9.49609375
2025-10-19 00:55:16,939 - INFO - Epoch 3 completed in 8.329457 seconds
2025-10-19 00:55:16,939 - INFO - 
====================== [第1个 Epoch 收集统计数据] ======================
2025-10-19 00:55:16,939 - INFO - 
🔍 EUCLIDEAN modules:
2025-10-19 00:55:16,939 - INFO - [Shapelet  14] forward_avg=0.008403s over 16 calls | peak=733.24MB | final=0.00MB
2025-10-19 00:55:16,939 - INFO - [Shapelet  28] forward_avg=0.009272s over 16 calls | peak=1257.07MB | final=0.00MB
2025-10-19 00:55:16,939 - INFO - [Shapelet  42] forward_avg=0.011798s over 16 calls | peak=1641.29MB | final=0.00MB
2025-10-19 00:55:16,939 - INFO - [Shapelet  57] forward_avg=0.013013s over 16 calls | peak=1901.19MB | final=0.00MB
2025-10-19 00:55:16,939 - INFO - [Shapelet  71] forward_avg=0.013673s over 16 calls | peak=2000.96MB | final=0.00MB
2025-10-19 00:55:16,939 - INFO - [Shapelet  86] forward_avg=0.013367s over 16 calls | peak=1952.37MB | final=0.00MB
2025-10-19 00:55:16,939 - INFO - [Shapelet 100] forward_avg=0.013190s over 16 calls | peak=1765.30MB | final=0.00MB
2025-10-19 00:55:16,939 - INFO - [Shapelet 115] forward_avg=0.011495s over 16 calls | peak=1411.02MB | final=0.00MB
2025-10-19 00:55:16,939 - INFO - 
🔍 COSINE modules:
2025-10-19 00:55:16,939 - INFO - [Shapelet  14] forward_avg=0.004454s over 16 calls | peak=446.59MB | final=0.00MB
2025-10-19 00:55:16,940 - INFO - [Shapelet  28] forward_avg=0.004854s over 16 calls | peak=783.97MB | final=0.00MB
2025-10-19 00:55:16,940 - INFO - [Shapelet  42] forward_avg=0.006414s over 16 calls | peak=1029.18MB | final=0.00MB
2025-10-19 00:55:16,940 - INFO - [Shapelet  57] forward_avg=0.007258s over 16 calls | peak=1190.34MB | final=0.00MB
2025-10-19 00:55:16,940 - INFO - [Shapelet  71] forward_avg=0.007693s over 16 calls | peak=1244.70MB | final=0.00MB
2025-10-19 00:55:16,940 - INFO - [Shapelet  86] forward_avg=0.008009s over 16 calls | peak=1199.87MB | final=0.00MB
2025-10-19 00:55:16,940 - INFO - [Shapelet 100] forward_avg=0.008360s over 16 calls | peak=1063.27MB | final=0.00MB
2025-10-19 00:55:16,940 - INFO - [Shapelet 115] forward_avg=0.007496s over 16 calls | peak=815.09MB | final=0.00MB
2025-10-19 00:55:16,940 - INFO - 
🔍 CROSS modules:
2025-10-19 00:55:16,940 - INFO - [Shapelet  14] forward_avg=0.001136s over 16 calls
2025-10-19 00:55:16,940 - INFO - [Shapelet  28] forward_avg=0.001628s over 16 calls
2025-10-19 00:55:16,940 - INFO - [Shapelet  42] forward_avg=0.001603s over 16 calls
2025-10-19 00:55:16,940 - INFO - [Shapelet  57] forward_avg=0.001917s over 16 calls
2025-10-19 00:55:16,940 - INFO - [Shapelet  71] forward_avg=0.002161s over 16 calls
2025-10-19 00:55:16,940 - INFO - [Shapelet  86] forward_avg=0.001934s over 16 calls
2025-10-19 00:55:16,940 - INFO - [Shapelet 100] forward_avg=0.002006s over 16 calls
2025-10-19 00:55:16,940 - INFO - [Shapelet 115] forward_avg=0.001473s over 16 calls
2025-10-19 00:55:16,940 - INFO - 
💾 模型第一次反向传播阶段的显存峰值（所有模块中的最大值）: 10422.56 MB
2025-10-19 00:55:16,940 - INFO - 
💾 模型初始显存: 128.80 MB
2025-10-19 00:55:16,940 - INFO - =======================================================================

2025-10-19 00:55:16,940 - INFO - torch.cuda.max_memory_reserved() : 13.08984375
2025-10-19 00:55:25,764 - INFO - Epoch 4 completed in 8.822875 seconds
2025-10-19 00:55:25,764 - INFO - torch.cuda.max_memory_reserved() : 13.091796875
2025-10-19 00:55:34,346 - INFO - Epoch 5 completed in 8.581344 seconds
2025-10-19 00:55:34,346 - INFO - torch.cuda.max_memory_reserved() : 13.091796875
2025-10-19 00:55:43,068 - INFO - Epoch 6 completed in 8.721678 seconds
2025-10-19 00:55:43,069 - INFO - torch.cuda.max_memory_reserved() : 13.091796875
2025-10-19 00:55:51,507 - INFO - Epoch 7 completed in 8.437832 seconds
2025-10-19 00:55:51,507 - INFO - torch.cuda.max_memory_reserved() : 13.091796875
2025-10-19 00:56:00,063 - INFO - Epoch 8 completed in 8.554914 seconds
2025-10-19 00:56:00,063 - INFO - torch.cuda.max_memory_reserved() : 13.091796875
2025-10-19 00:56:08,289 - INFO - Epoch 9 completed in 8.225273 seconds
2025-10-19 00:56:08,289 - INFO - torch.cuda.max_memory_reserved() : 13.091796875
2025-10-19 00:56:17,284 - INFO - Epoch 10 completed in 8.994366 seconds
2025-10-19 00:56:20,123 - INFO - torch.cuda.max_memory_reserved() : 13.091796875
2025-10-19 00:56:20,123 - INFO - !!!采用策略后的几个epoch 平均时间:8.58346751332283
2025-10-19 00:56:20,123 - INFO - 



