2025-10-20 19:09:03,354 - INFO - 📌 第一个 epoch：默认所有模块使用 checkpoint
2025-10-20 19:09:14,698 - INFO - Epoch 1 completed in 11.360134 seconds
2025-10-20 19:09:18,098 - INFO - torch.cuda.max_memory_reserved() : 9.49609375
2025-10-20 19:09:29,822 - INFO - 
[🔁 拟合反向传播时间模型]
2025-10-20 19:09:29,822 - INFO - 总反向传播时间: 11.544150s
2025-10-20 19:09:29,822 - INFO - 拟合模型: backward_total ≈ 2 × (A + B) + b
2025-10-20 19:09:29,823 - INFO - A = 7.818868, B = 0.497595, b = 3.227686s
2025-10-20 19:09:29,823 - INFO - ✅ 最优策略：[1, 1, 1, 1, 1, 1, 1, 1, 1, 1, 1, 1, 1, 1, 1, 1, 1, 1, 1, 1, 1, 1, 1, 1, 1, 1, 1, 1, 1, 1, 1, 1]
2025-10-20 19:09:29,823 - INFO - 📌 checkpoint 的欧氏长度:, []
2025-10-20 19:09:29,823 - INFO - 📌 checkpoint 的余弦长度:, []
2025-10-20 19:09:29,823 - INFO - 💾 最终显存峰值：%.2f MB % 20435.45654296875
2025-10-20 19:09:29,839 - INFO - Epoch 2 completed in 11.741183 seconds
2025-10-20 19:09:29,840 - INFO - torch.cuda.max_memory_reserved() : 9.49609375
2025-10-20 19:09:37,256 - INFO - Epoch 3 completed in 7.414452 seconds
2025-10-20 19:09:37,256 - INFO - 
====================== [第1个 Epoch 收集统计数据] ======================
2025-10-20 19:09:37,256 - INFO - 
🔍 EUCLIDEAN modules:
2025-10-20 19:09:37,256 - INFO - [Shapelet  14] forward_avg=0.009374s over 16 calls | peak=733.24MB | final=0.00MB
2025-10-20 19:09:37,256 - INFO - [Shapelet  28] forward_avg=0.010308s over 16 calls | peak=1257.07MB | final=0.00MB
2025-10-20 19:09:37,256 - INFO - [Shapelet  42] forward_avg=0.012323s over 16 calls | peak=1641.29MB | final=0.00MB
2025-10-20 19:09:37,256 - INFO - [Shapelet  57] forward_avg=0.013854s over 16 calls | peak=1901.19MB | final=0.00MB
2025-10-20 19:09:37,256 - INFO - [Shapelet  71] forward_avg=0.015614s over 16 calls | peak=2000.96MB | final=0.00MB
2025-10-20 19:09:37,256 - INFO - [Shapelet  86] forward_avg=0.015406s over 16 calls | peak=1952.37MB | final=0.00MB
2025-10-20 19:09:37,256 - INFO - [Shapelet 100] forward_avg=0.013229s over 16 calls | peak=1765.30MB | final=0.00MB
2025-10-20 19:09:37,256 - INFO - [Shapelet 115] forward_avg=0.011573s over 16 calls | peak=1411.02MB | final=0.00MB
2025-10-20 19:09:37,256 - INFO - 
🔍 COSINE modules:
2025-10-20 19:09:37,256 - INFO - [Shapelet  14] forward_avg=0.004639s over 16 calls | peak=446.59MB | final=0.00MB
2025-10-20 19:09:37,257 - INFO - [Shapelet  28] forward_avg=0.004896s over 16 calls | peak=783.97MB | final=0.00MB
2025-10-20 19:09:37,257 - INFO - [Shapelet  42] forward_avg=0.006439s over 16 calls | peak=1029.18MB | final=0.00MB
2025-10-20 19:09:37,257 - INFO - [Shapelet  57] forward_avg=0.007648s over 16 calls | peak=1190.34MB | final=0.00MB
2025-10-20 19:09:37,257 - INFO - [Shapelet  71] forward_avg=0.008284s over 16 calls | peak=1244.70MB | final=0.00MB
2025-10-20 19:09:37,257 - INFO - [Shapelet  86] forward_avg=0.009746s over 16 calls | peak=1199.87MB | final=0.00MB
2025-10-20 19:09:37,257 - INFO - [Shapelet 100] forward_avg=0.010800s over 16 calls | peak=1063.27MB | final=0.00MB
2025-10-20 19:09:37,257 - INFO - [Shapelet 115] forward_avg=0.008759s over 16 calls | peak=815.09MB | final=0.00MB
2025-10-20 19:09:37,257 - INFO - 
🔍 CROSS modules:
2025-10-20 19:09:37,257 - INFO - [Shapelet  14] forward_avg=0.001481s over 16 calls
2025-10-20 19:09:37,257 - INFO - [Shapelet  28] forward_avg=0.002025s over 16 calls
2025-10-20 19:09:37,257 - INFO - [Shapelet  42] forward_avg=0.001879s over 16 calls
2025-10-20 19:09:37,257 - INFO - [Shapelet  57] forward_avg=0.002184s over 16 calls
2025-10-20 19:09:37,257 - INFO - [Shapelet  71] forward_avg=0.002301s over 16 calls
2025-10-20 19:09:37,257 - INFO - [Shapelet  86] forward_avg=0.002072s over 16 calls
2025-10-20 19:09:37,257 - INFO - [Shapelet 100] forward_avg=0.002127s over 16 calls
2025-10-20 19:09:37,257 - INFO - [Shapelet 115] forward_avg=0.001481s over 16 calls
2025-10-20 19:09:37,257 - INFO - 
💾 模型第一次反向传播阶段的显存峰值（所有模块中的最大值）: 19579.46 MB
2025-10-20 19:09:37,257 - INFO - 
💾 模型初始显存: 128.80 MB
2025-10-20 19:09:37,257 - INFO - =======================================================================

2025-10-20 19:09:37,257 - INFO - torch.cuda.max_memory_reserved() : 21.0703125
2025-10-20 19:09:44,938 - INFO - Epoch 4 completed in 7.680217 seconds
2025-10-20 19:09:44,939 - INFO - torch.cuda.max_memory_reserved() : 21.0703125
2025-10-20 19:09:52,503 - INFO - Epoch 5 completed in 7.563686 seconds
2025-10-20 19:09:52,504 - INFO - torch.cuda.max_memory_reserved() : 21.0703125
2025-10-20 19:10:00,474 - INFO - Epoch 6 completed in 7.969672 seconds
2025-10-20 19:10:00,475 - INFO - torch.cuda.max_memory_reserved() : 21.0703125
2025-10-20 19:10:07,934 - INFO - Epoch 7 completed in 7.458258 seconds
2025-10-20 19:10:07,934 - INFO - torch.cuda.max_memory_reserved() : 21.0703125
2025-10-20 19:10:15,752 - INFO - Epoch 8 completed in 7.816987 seconds
2025-10-20 19:10:15,752 - INFO - torch.cuda.max_memory_reserved() : 21.0703125
2025-10-20 19:10:23,081 - INFO - Epoch 9 completed in 7.327822 seconds
2025-10-20 19:10:23,081 - INFO - torch.cuda.max_memory_reserved() : 21.0703125
2025-10-20 19:10:31,614 - INFO - Epoch 10 completed in 8.531451 seconds
2025-10-20 19:10:34,723 - INFO - torch.cuda.max_memory_reserved() : 21.0703125
2025-10-20 19:10:34,724 - INFO - !!!采用策略后的几个epoch 平均时间:7.720318078994751
2025-10-20 19:10:34,724 - INFO - 



