2025-10-19 00:58:21,752 - INFO - 📌 第一个 epoch：默认所有模块使用 checkpoint
2025-10-19 00:58:32,108 - INFO - Epoch 1 completed in 10.373417 seconds
2025-10-19 00:58:34,992 - INFO - torch.cuda.max_memory_reserved() : 9.49609375
2025-10-19 00:58:45,282 - INFO - 
[🔁 拟合反向传播时间模型]
2025-10-19 00:58:45,283 - INFO - 总反向传播时间: 10.206577s
2025-10-19 00:58:45,283 - INFO - 拟合模型: backward_total ≈ 2 × (A + B) + b
2025-10-19 00:58:45,283 - INFO - A = 7.150405, B = 0.443135, b = 2.613037s
2025-10-19 00:58:45,283 - INFO - ✅ 最优策略：[1, 1, 0, 0, 0, 0, 1, 1, 1, 1, 1, 1, 1, 1, 1, 1, 1, 1, 1, 1, 1, 1, 1, 1, 1, 1, 1, 1, 1, 1, 1, 1]
2025-10-19 00:58:45,284 - INFO - 📌 checkpoint 的欧氏长度:, [42, 57, 71, 86]
2025-10-19 00:58:45,284 - INFO - 📌 checkpoint 的余弦长度:, []
2025-10-19 00:58:45,284 - INFO - 💾 最终显存峰值：%.2f MB % 12939.64697265625
2025-10-19 00:58:45,295 - INFO - Epoch 2 completed in 10.302873 seconds
2025-10-19 00:58:45,295 - INFO - torch.cuda.max_memory_reserved() : 9.49609375
2025-10-19 00:58:53,225 - INFO - Epoch 3 completed in 7.929286 seconds
2025-10-19 00:58:53,225 - INFO - 
====================== [第1个 Epoch 收集统计数据] ======================
2025-10-19 00:58:53,226 - INFO - 
🔍 EUCLIDEAN modules:
2025-10-19 00:58:53,226 - INFO - [Shapelet  14] forward_avg=0.008360s over 16 calls | peak=733.24MB | final=0.00MB
2025-10-19 00:58:53,226 - INFO - [Shapelet  28] forward_avg=0.009345s over 16 calls | peak=1257.07MB | final=0.00MB
2025-10-19 00:58:53,226 - INFO - [Shapelet  42] forward_avg=0.011860s over 16 calls | peak=1641.29MB | final=0.00MB
2025-10-19 00:58:53,226 - INFO - [Shapelet  57] forward_avg=0.013126s over 16 calls | peak=1901.19MB | final=0.00MB
2025-10-19 00:58:53,226 - INFO - [Shapelet  71] forward_avg=0.013785s over 16 calls | peak=2000.96MB | final=0.00MB
2025-10-19 00:58:53,226 - INFO - [Shapelet  86] forward_avg=0.013331s over 16 calls | peak=1952.37MB | final=0.00MB
2025-10-19 00:58:53,226 - INFO - [Shapelet 100] forward_avg=0.013132s over 16 calls | peak=1765.30MB | final=0.00MB
2025-10-19 00:58:53,226 - INFO - [Shapelet 115] forward_avg=0.011503s over 16 calls | peak=1411.02MB | final=0.00MB
2025-10-19 00:58:53,226 - INFO - 
🔍 COSINE modules:
2025-10-19 00:58:53,226 - INFO - [Shapelet  14] forward_avg=0.004495s over 16 calls | peak=446.59MB | final=0.00MB
2025-10-19 00:58:53,226 - INFO - [Shapelet  28] forward_avg=0.004860s over 16 calls | peak=783.97MB | final=0.00MB
2025-10-19 00:58:53,226 - INFO - [Shapelet  42] forward_avg=0.006414s over 16 calls | peak=1029.18MB | final=0.00MB
2025-10-19 00:58:53,226 - INFO - [Shapelet  57] forward_avg=0.007265s over 16 calls | peak=1190.34MB | final=0.00MB
2025-10-19 00:58:53,226 - INFO - [Shapelet  71] forward_avg=0.007594s over 16 calls | peak=1244.70MB | final=0.00MB
2025-10-19 00:58:53,226 - INFO - [Shapelet  86] forward_avg=0.008024s over 16 calls | peak=1199.87MB | final=0.00MB
2025-10-19 00:58:53,226 - INFO - [Shapelet 100] forward_avg=0.008360s over 16 calls | peak=1063.27MB | final=0.00MB
2025-10-19 00:58:53,226 - INFO - [Shapelet 115] forward_avg=0.007513s over 16 calls | peak=815.09MB | final=0.00MB
2025-10-19 00:58:53,226 - INFO - 
🔍 CROSS modules:
2025-10-19 00:58:53,226 - INFO - [Shapelet  14] forward_avg=0.001147s over 16 calls
2025-10-19 00:58:53,226 - INFO - [Shapelet  28] forward_avg=0.001637s over 16 calls
2025-10-19 00:58:53,226 - INFO - [Shapelet  42] forward_avg=0.001576s over 16 calls
2025-10-19 00:58:53,226 - INFO - [Shapelet  57] forward_avg=0.001922s over 16 calls
2025-10-19 00:58:53,226 - INFO - [Shapelet  71] forward_avg=0.002155s over 16 calls
2025-10-19 00:58:53,226 - INFO - [Shapelet  86] forward_avg=0.001934s over 16 calls
2025-10-19 00:58:53,226 - INFO - [Shapelet 100] forward_avg=0.002006s over 16 calls
2025-10-19 00:58:53,226 - INFO - [Shapelet 115] forward_avg=0.001470s over 16 calls
2025-10-19 00:58:53,226 - INFO - 
💾 模型第一次反向传播阶段的显存峰值（所有模块中的最大值）: 13179.85 MB
2025-10-19 00:58:53,226 - INFO - 
💾 模型初始显存: 128.80 MB
2025-10-19 00:58:53,226 - INFO - =======================================================================

2025-10-19 00:58:53,227 - INFO - torch.cuda.max_memory_reserved() : 14.8125
2025-10-19 00:59:01,703 - INFO - Epoch 4 completed in 8.475733 seconds
2025-10-19 00:59:01,703 - INFO - torch.cuda.max_memory_reserved() : 15.208984375
2025-10-19 00:59:10,136 - INFO - Epoch 5 completed in 8.432391 seconds
2025-10-19 00:59:10,137 - INFO - torch.cuda.max_memory_reserved() : 15.208984375
2025-10-19 00:59:18,575 - INFO - Epoch 6 completed in 8.437304 seconds
2025-10-19 00:59:18,575 - INFO - torch.cuda.max_memory_reserved() : 15.208984375
2025-10-19 00:59:27,186 - INFO - Epoch 7 completed in 8.610200 seconds
2025-10-19 00:59:27,188 - INFO - torch.cuda.max_memory_reserved() : 15.208984375
2025-10-19 00:59:35,672 - INFO - Epoch 8 completed in 8.483793 seconds
2025-10-19 00:59:35,673 - INFO - torch.cuda.max_memory_reserved() : 15.208984375
2025-10-19 00:59:43,638 - INFO - Epoch 9 completed in 7.964978 seconds
2025-10-19 00:59:43,639 - INFO - torch.cuda.max_memory_reserved() : 15.208984375
2025-10-19 00:59:52,256 - INFO - Epoch 10 completed in 8.616172 seconds
2025-10-19 00:59:55,076 - INFO - torch.cuda.max_memory_reserved() : 15.208984375
2025-10-19 00:59:55,077 - INFO - !!!采用策略后的几个epoch 平均时间:8.36873209476471
2025-10-19 00:59:55,077 - INFO - 



