2025-10-19 00:52:53,982 - INFO - 📌 第一个 epoch：默认所有模块使用 checkpoint
2025-10-19 00:53:04,489 - INFO - Epoch 1 completed in 10.525039 seconds
2025-10-19 00:53:07,418 - INFO - torch.cuda.max_memory_reserved() : 9.49609375
2025-10-19 00:53:17,507 - INFO - 
[🔁 拟合反向传播时间模型]
2025-10-19 00:53:17,507 - INFO - 总反向传播时间: 10.001156s
2025-10-19 00:53:17,508 - INFO - 拟合模型: backward_total ≈ 2 × (A + B) + b
2025-10-19 00:53:17,508 - INFO - A = 7.173563, B = 0.449479, b = 2.378114s
2025-10-19 00:53:17,508 - INFO - ✅ 最优策略：[1, 0, 0, 0, 0, 0, 0, 0, 1, 1, 1, 0, 1, 1, 1, 1, 1, 1, 1, 1, 1, 1, 1, 1, 1, 1, 1, 1, 1, 1, 1, 1]
2025-10-19 00:53:17,508 - INFO - 📌 checkpoint 的欧氏长度:, [28, 42, 57, 71, 86, 100, 115]
2025-10-19 00:53:17,508 - INFO - 📌 checkpoint 的余弦长度:, [57]
2025-10-19 00:53:17,508 - INFO - 💾 最终显存峰值：%.2f MB % 7315.90625
2025-10-19 00:53:17,521 - INFO - Epoch 2 completed in 10.102435 seconds
2025-10-19 00:53:17,521 - INFO - torch.cuda.max_memory_reserved() : 9.49609375
2025-10-19 00:53:26,050 - INFO - Epoch 3 completed in 8.528466 seconds
2025-10-19 00:53:26,051 - INFO - 
====================== [第1个 Epoch 收集统计数据] ======================
2025-10-19 00:53:26,051 - INFO - 
🔍 EUCLIDEAN modules:
2025-10-19 00:53:26,051 - INFO - [Shapelet  14] forward_avg=0.008440s over 16 calls | peak=733.24MB | final=0.00MB
2025-10-19 00:53:26,051 - INFO - [Shapelet  28] forward_avg=0.009355s over 16 calls | peak=1257.07MB | final=0.00MB
2025-10-19 00:53:26,051 - INFO - [Shapelet  42] forward_avg=0.011849s over 16 calls | peak=1641.29MB | final=0.00MB
2025-10-19 00:53:26,051 - INFO - [Shapelet  57] forward_avg=0.013034s over 16 calls | peak=1901.19MB | final=0.00MB
2025-10-19 00:53:26,051 - INFO - [Shapelet  71] forward_avg=0.013641s over 16 calls | peak=2000.96MB | final=0.00MB
2025-10-19 00:53:26,051 - INFO - [Shapelet  86] forward_avg=0.013258s over 16 calls | peak=1952.37MB | final=0.00MB
2025-10-19 00:53:26,051 - INFO - [Shapelet 100] forward_avg=0.013142s over 16 calls | peak=1765.30MB | final=0.00MB
2025-10-19 00:53:26,051 - INFO - [Shapelet 115] forward_avg=0.011617s over 16 calls | peak=1411.02MB | final=0.00MB
2025-10-19 00:53:26,051 - INFO - 
🔍 COSINE modules:
2025-10-19 00:53:26,051 - INFO - [Shapelet  14] forward_avg=0.004685s over 16 calls | peak=446.59MB | final=0.00MB
2025-10-19 00:53:26,051 - INFO - [Shapelet  28] forward_avg=0.004876s over 16 calls | peak=783.97MB | final=0.00MB
2025-10-19 00:53:26,051 - INFO - [Shapelet  42] forward_avg=0.006427s over 16 calls | peak=1029.18MB | final=0.00MB
2025-10-19 00:53:26,051 - INFO - [Shapelet  57] forward_avg=0.007299s over 16 calls | peak=1190.34MB | final=0.00MB
2025-10-19 00:53:26,051 - INFO - [Shapelet  71] forward_avg=0.007705s over 16 calls | peak=1244.70MB | final=0.00MB
2025-10-19 00:53:26,051 - INFO - [Shapelet  86] forward_avg=0.008036s over 16 calls | peak=1199.87MB | final=0.00MB
2025-10-19 00:53:26,051 - INFO - [Shapelet 100] forward_avg=0.008356s over 16 calls | peak=1063.27MB | final=0.00MB
2025-10-19 00:53:26,051 - INFO - [Shapelet 115] forward_avg=0.007730s over 16 calls | peak=815.09MB | final=0.00MB
2025-10-19 00:53:26,051 - INFO - 
🔍 CROSS modules:
2025-10-19 00:53:26,051 - INFO - [Shapelet  14] forward_avg=0.001219s over 16 calls
2025-10-19 00:53:26,051 - INFO - [Shapelet  28] forward_avg=0.001656s over 16 calls
2025-10-19 00:53:26,051 - INFO - [Shapelet  42] forward_avg=0.001592s over 16 calls
2025-10-19 00:53:26,051 - INFO - [Shapelet  57] forward_avg=0.001940s over 16 calls
2025-10-19 00:53:26,051 - INFO - [Shapelet  71] forward_avg=0.002174s over 16 calls
2025-10-19 00:53:26,051 - INFO - [Shapelet  86] forward_avg=0.001953s over 16 calls
2025-10-19 00:53:26,051 - INFO - [Shapelet 100] forward_avg=0.002022s over 16 calls
2025-10-19 00:53:26,052 - INFO - [Shapelet 115] forward_avg=0.001490s over 16 calls
2025-10-19 00:53:26,052 - INFO - 
💾 模型第一次反向传播阶段的显存峰值（所有模块中的最大值）: 7601.94 MB
2025-10-19 00:53:26,052 - INFO - 
💾 模型初始显存: 128.80 MB
2025-10-19 00:53:26,052 - INFO - =======================================================================

2025-10-19 00:53:26,052 - INFO - torch.cuda.max_memory_reserved() : 11.015625
2025-10-19 00:53:35,144 - INFO - Epoch 4 completed in 9.092000 seconds
2025-10-19 00:53:35,145 - INFO - torch.cuda.max_memory_reserved() : 11.015625
2025-10-19 00:53:44,079 - INFO - Epoch 5 completed in 8.934009 seconds
2025-10-19 00:53:44,080 - INFO - torch.cuda.max_memory_reserved() : 11.015625
2025-10-19 00:53:53,178 - INFO - Epoch 6 completed in 9.097291 seconds
2025-10-19 00:53:53,178 - INFO - torch.cuda.max_memory_reserved() : 11.015625
2025-10-19 00:54:01,997 - INFO - Epoch 7 completed in 8.817871 seconds
2025-10-19 00:54:01,997 - INFO - torch.cuda.max_memory_reserved() : 11.015625
2025-10-19 00:54:10,825 - INFO - Epoch 8 completed in 8.827436 seconds
2025-10-19 00:54:10,825 - INFO - torch.cuda.max_memory_reserved() : 11.619140625
2025-10-19 00:54:19,433 - INFO - Epoch 9 completed in 8.607772 seconds
2025-10-19 00:54:19,434 - INFO - torch.cuda.max_memory_reserved() : 11.619140625
2025-10-19 00:54:28,716 - INFO - Epoch 10 completed in 9.281619 seconds
2025-10-19 00:54:31,563 - INFO - torch.cuda.max_memory_reserved() : 11.619140625
2025-10-19 00:54:31,563 - INFO - !!!采用策略后的几个epoch 平均时间:8.898307859897614
2025-10-19 00:54:31,563 - INFO - 



