2025-10-20 19:06:54,618 - INFO - 📌 第一个 epoch：默认所有模块使用 checkpoint
2025-10-20 19:07:06,445 - INFO - Epoch 1 completed in 11.845149 seconds
2025-10-20 19:07:09,867 - INFO - torch.cuda.max_memory_reserved() : 9.49609375
2025-10-20 19:07:21,830 - INFO - 
[🔁 拟合反向传播时间模型]
2025-10-20 19:07:21,831 - INFO - 总反向传播时间: 11.787479s
2025-10-20 19:07:21,831 - INFO - 拟合模型: backward_total ≈ 2 × (A + B) + b
2025-10-20 19:07:21,831 - INFO - A = 8.195125, B = 0.506070, b = 3.086284s
2025-10-20 19:07:21,831 - INFO - ✅ 最优策略：[1, 0, 0, 0, 0, 0, 0, 0, 1, 1, 1, 0, 0, 1, 1, 1, 1, 1, 1, 1, 1, 1, 1, 1, 1, 1, 1, 1, 1, 1, 1, 1]
2025-10-20 19:07:21,831 - INFO - 📌 checkpoint 的欧氏长度:, [28, 42, 57, 71, 86, 100, 115]
2025-10-20 19:07:21,831 - INFO - 📌 checkpoint 的余弦长度:, [57, 71]
2025-10-20 19:07:21,831 - INFO - 💾 最终显存峰值：%.2f MB % 6071.20703125
2025-10-20 19:07:21,842 - INFO - Epoch 2 completed in 11.974296 seconds
2025-10-20 19:07:21,843 - INFO - torch.cuda.max_memory_reserved() : 9.49609375
2025-10-20 19:07:31,977 - INFO - Epoch 3 completed in 10.133727 seconds
2025-10-20 19:07:31,978 - INFO - 
====================== [第1个 Epoch 收集统计数据] ======================
2025-10-20 19:07:31,978 - INFO - 
🔍 EUCLIDEAN modules:
2025-10-20 19:07:31,978 - INFO - [Shapelet  14] forward_avg=0.010081s over 16 calls | peak=733.24MB | final=0.00MB
2025-10-20 19:07:31,978 - INFO - [Shapelet  28] forward_avg=0.011105s over 16 calls | peak=1257.07MB | final=0.00MB
2025-10-20 19:07:31,978 - INFO - [Shapelet  42] forward_avg=0.013086s over 16 calls | peak=1641.29MB | final=0.00MB
2025-10-20 19:07:31,978 - INFO - [Shapelet  57] forward_avg=0.014864s over 16 calls | peak=1901.19MB | final=0.00MB
2025-10-20 19:07:31,978 - INFO - [Shapelet  71] forward_avg=0.015789s over 16 calls | peak=2000.96MB | final=0.00MB
2025-10-20 19:07:31,978 - INFO - [Shapelet  86] forward_avg=0.014780s over 16 calls | peak=1952.37MB | final=0.00MB
2025-10-20 19:07:31,978 - INFO - [Shapelet 100] forward_avg=0.014762s over 16 calls | peak=1765.30MB | final=0.00MB
2025-10-20 19:07:31,978 - INFO - [Shapelet 115] forward_avg=0.011649s over 16 calls | peak=1411.02MB | final=0.00MB
2025-10-20 19:07:31,978 - INFO - 
🔍 COSINE modules:
2025-10-20 19:07:31,978 - INFO - [Shapelet  14] forward_avg=0.004998s over 16 calls | peak=446.59MB | final=0.00MB
2025-10-20 19:07:31,979 - INFO - [Shapelet  28] forward_avg=0.005778s over 16 calls | peak=783.97MB | final=0.00MB
2025-10-20 19:07:31,979 - INFO - [Shapelet  42] forward_avg=0.007958s over 16 calls | peak=1029.18MB | final=0.00MB
2025-10-20 19:07:31,979 - INFO - [Shapelet  57] forward_avg=0.008703s over 16 calls | peak=1190.34MB | final=0.00MB
2025-10-20 19:07:31,979 - INFO - [Shapelet  71] forward_avg=0.009888s over 16 calls | peak=1244.70MB | final=0.00MB
2025-10-20 19:07:31,979 - INFO - [Shapelet  86] forward_avg=0.009280s over 16 calls | peak=1199.87MB | final=0.00MB
2025-10-20 19:07:31,979 - INFO - [Shapelet 100] forward_avg=0.009945s over 16 calls | peak=1063.27MB | final=0.00MB
2025-10-20 19:07:31,979 - INFO - [Shapelet 115] forward_avg=0.008066s over 16 calls | peak=815.09MB | final=0.00MB
2025-10-20 19:07:31,979 - INFO - 
🔍 CROSS modules:
2025-10-20 19:07:31,979 - INFO - [Shapelet  14] forward_avg=0.001193s over 16 calls
2025-10-20 19:07:31,979 - INFO - [Shapelet  28] forward_avg=0.001794s over 16 calls
2025-10-20 19:07:31,979 - INFO - [Shapelet  42] forward_avg=0.001734s over 16 calls
2025-10-20 19:07:31,979 - INFO - [Shapelet  57] forward_avg=0.002065s over 16 calls
2025-10-20 19:07:31,979 - INFO - [Shapelet  71] forward_avg=0.002425s over 16 calls
2025-10-20 19:07:31,979 - INFO - [Shapelet  86] forward_avg=0.002348s over 16 calls
2025-10-20 19:07:31,979 - INFO - [Shapelet 100] forward_avg=0.002395s over 16 calls
2025-10-20 19:07:31,979 - INFO - [Shapelet 115] forward_avg=0.001861s over 16 calls
2025-10-20 19:07:31,979 - INFO - 
💾 模型第一次反向传播阶段的显存峰值（所有模块中的最大值）: 6984.21 MB
2025-10-20 19:07:31,979 - INFO - 
💾 模型初始显存: 128.80 MB
2025-10-20 19:07:31,979 - INFO - =======================================================================

2025-10-20 19:07:31,980 - INFO - torch.cuda.max_memory_reserved() : 9.89453125
2025-10-20 19:07:41,920 - INFO - Epoch 4 completed in 9.939310 seconds
2025-10-20 19:07:41,920 - INFO - torch.cuda.max_memory_reserved() : 9.89453125
2025-10-20 19:07:51,803 - INFO - Epoch 5 completed in 9.881799 seconds
2025-10-20 19:07:51,803 - INFO - torch.cuda.max_memory_reserved() : 9.89453125
2025-10-20 19:08:02,105 - INFO - Epoch 6 completed in 10.301439 seconds
2025-10-20 19:08:02,106 - INFO - torch.cuda.max_memory_reserved() : 9.89453125
2025-10-20 19:08:12,778 - INFO - Epoch 7 completed in 10.672075 seconds
2025-10-20 19:08:12,779 - INFO - torch.cuda.max_memory_reserved() : 9.89453125
2025-10-20 19:08:23,213 - INFO - Epoch 8 completed in 10.433368 seconds
2025-10-20 19:08:23,213 - INFO - torch.cuda.max_memory_reserved() : 9.89453125
2025-10-20 19:08:32,641 - INFO - Epoch 9 completed in 9.426641 seconds
2025-10-20 19:08:32,641 - INFO - torch.cuda.max_memory_reserved() : 9.89453125
2025-10-20 19:08:43,405 - INFO - Epoch 10 completed in 10.762543 seconds
2025-10-20 19:08:46,874 - INFO - torch.cuda.max_memory_reserved() : 9.89453125
2025-10-20 19:08:46,875 - INFO - !!!采用策略后的几个epoch 平均时间:10.193862646818161
2025-10-20 19:08:46,876 - INFO - 



