2026-04-15 19:03:14,844 - INFO - 🧮 参数显存统计（单位：MB）
2026-04-15 19:03:14,844 - INFO - [参数显存] euclidean 总计: 1.2797 MB
2026-04-15 19:03:14,845 - INFO - [参数显存] euclidean 长度=119: 0.0354 MB
2026-04-15 19:03:14,845 - INFO - [参数显存] euclidean 长度=238: 0.0708 MB
2026-04-15 19:03:14,845 - INFO - [参数显存] euclidean 长度=358: 0.1065 MB
2026-04-15 19:03:14,845 - INFO - [参数显存] euclidean 长度=478: 0.1422 MB
2026-04-15 19:03:14,845 - INFO - [参数显存] euclidean 长度=597: 0.1776 MB
2026-04-15 19:03:14,845 - INFO - [参数显存] euclidean 长度=717: 0.2133 MB
2026-04-15 19:03:14,845 - INFO - [参数显存] euclidean 长度=837: 0.2490 MB
2026-04-15 19:03:14,845 - INFO - [参数显存] euclidean 长度=957: 0.2848 MB
2026-04-15 19:03:14,845 - INFO - [参数显存] cosine 总计: 1.2797 MB
2026-04-15 19:03:14,845 - INFO - [参数显存] cosine 长度=119: 0.0354 MB
2026-04-15 19:03:14,845 - INFO - [参数显存] cosine 长度=238: 0.0708 MB
2026-04-15 19:03:14,845 - INFO - [参数显存] cosine 长度=358: 0.1065 MB
2026-04-15 19:03:14,845 - INFO - [参数显存] cosine 长度=478: 0.1422 MB
2026-04-15 19:03:14,845 - INFO - [参数显存] cosine 长度=597: 0.1776 MB
2026-04-15 19:03:14,845 - INFO - [参数显存] cosine 长度=717: 0.2133 MB
2026-04-15 19:03:14,845 - INFO - [参数显存] cosine 长度=837: 0.2490 MB
2026-04-15 19:03:14,845 - INFO - [参数显存] cosine 长度=957: 0.2848 MB
2026-04-15 19:03:14,845 - INFO - [参数显存] 模型参数总量: 1,152,556，显存: 4.3967 MB
2026-04-15 19:03:15,860 - INFO - 📌 第一个 epoch：默认所有模块使用 checkpoint
2026-04-15 19:03:43,332 - INFO - Epoch 1 completed in 27.486392 seconds
2026-04-15 19:03:44,235 - INFO - torch.cuda.max_memory_reserved() : 1.029296875
2026-04-15 19:03:44,235 - INFO - torch.cuda.max_memory_allocated() : 0.2924642562866211
2026-04-15 19:04:17,042 - INFO - 
[🔁 拟合反向传播时间模型]
2026-04-15 19:04:17,043 - INFO - 总反向传播时间: 13.436429s
2026-04-15 19:04:17,043 - INFO - 拟合模型: backward_total ≈ 2 × (A + B) + b
2026-04-15 19:04:17,043 - INFO - A = 3.392072, B = 0.277691, b = 9.766666s
2026-04-15 19:04:17,093 - INFO - Set parameter LicenseID to value 2706656
2026-04-15 19:04:17,099 - INFO - Set parameter LogToConsole to value 1
2026-04-15 19:04:17,100 - INFO - Set parameter LogFile to value ""
2026-04-15 19:04:17,100 - INFO - Set parameter Threads to value 12
2026-04-15 19:04:17,100 - INFO - Set parameter TimeLimit to value 3600
2026-04-15 19:04:17,100 - INFO - Set parameter Method to value 1
2026-04-15 19:04:17,169 - INFO - Set parameter TimeLimit to value 3000
2026-04-15 19:04:17,174 - INFO - Gurobi Optimizer version 12.0.3 build v12.0.3rc0 (linux64 - "Ubuntu 20.04.6 LTS")
2026-04-15 19:04:17,174 - INFO - 
2026-04-15 19:04:17,174 - INFO - CPU model: Intel(R) Xeon(R) Platinum 8260 CPU @ 2.40GHz, instruction set [SSE2|AVX|AVX2|AVX512]
2026-04-15 19:04:17,174 - INFO - Thread count: 48 physical cores, 96 logical processors, using up to 12 threads
2026-04-15 19:04:17,174 - INFO - 
2026-04-15 19:04:17,174 - INFO - Non-default parameters:
2026-04-15 19:04:17,174 - INFO - TimeLimit  3000
2026-04-15 19:04:17,174 - INFO - Method  1
2026-04-15 19:04:17,174 - INFO - Threads  12
2026-04-15 19:04:17,174 - INFO - 
2026-04-15 19:04:17,174 - INFO - Optimize a model with 3892 rows, 1699 columns and 20398 nonzeros
2026-04-15 19:04:17,175 - INFO - Model fingerprint: 0x2a66e3a0
2026-04-15 19:04:17,175 - INFO - Variable types: 0 continuous, 1699 integer (1699 binary)
2026-04-15 19:04:17,175 - INFO - Coefficient statistics:
2026-04-15 19:04:17,175 - INFO -   Matrix range     [1e+00, 4e+14]
2026-04-15 19:04:17,175 - INFO -   Objective range  [6e+04, 3e+05]
2026-04-15 19:04:17,175 - INFO -   Bounds range     [1e+00, 1e+00]
2026-04-15 19:04:17,175 - INFO -   RHS range        [1e+00, 1e+15]
2026-04-15 19:04:17,175 - INFO - Warning: Model contains large matrix coefficient range
2026-04-15 19:04:17,175 - INFO - Warning: Model contains large rhs
2026-04-15 19:04:17,175 - INFO -          Consider reformulating model or setting NumericFocus parameter
2026-04-15 19:04:17,175 - INFO -          to avoid numerical issues.
2026-04-15 19:04:17,180 - INFO - Found heuristic solution: objective 7553849.0000
2026-04-15 19:04:17,207 - INFO - Presolve removed 3660 rows and 1490 columns
2026-04-15 19:04:17,207 - INFO - Presolve time: 0.02s
2026-04-15 19:04:17,207 - INFO - Presolved: 232 rows, 209 columns, 1943 nonzeros
2026-04-15 19:04:17,208 - INFO - Variable types: 0 continuous, 209 integer (209 binary)
2026-04-15 19:04:17,208 - INFO - Found heuristic solution: objective 7027660.0000
2026-04-15 19:04:17,210 - INFO - 
2026-04-15 19:04:17,210 - INFO - Root relaxation: objective 6.000427e+06, 121 iterations, 0.00 seconds (0.00 work units)
2026-04-15 19:04:17,214 - INFO - 
2026-04-15 19:04:17,214 - INFO -     Nodes    |    Current Node    |     Objective Bounds      |     Work
2026-04-15 19:04:17,214 - INFO -  Expl Unexpl |  Obj  Depth IntInf | Incumbent    BestBd   Gap | It/Node Time
2026-04-15 19:04:17,214 - INFO - 
2026-04-15 19:04:17,214 - INFO -      0     0 6000427.39    0    4 7027660.00 6000427.39  14.6%     -    0s
2026-04-15 19:04:17,214 - INFO - H    0     0                    6469644.0000 6000427.39  7.25%     -    0s
2026-04-15 19:04:17,214 - INFO - H    0     0                    6233286.0000 6000427.39  3.74%     -    0s
2026-04-15 19:04:17,215 - INFO - H    0     0                    6053013.0000 6000427.39  0.87%     -    0s
2026-04-15 19:04:17,222 - INFO -      0     0 6020883.99    0   11 6053013.00 6020883.99  0.53%     -    0s
2026-04-15 19:04:17,226 - INFO - 
2026-04-15 19:04:17,226 - INFO - Cutting planes:
2026-04-15 19:04:17,226 - INFO -   Cover: 1
2026-04-15 19:04:17,226 - INFO -   RLT: 5
2026-04-15 19:04:17,226 - INFO - 
2026-04-15 19:04:17,226 - INFO - Explored 1 nodes (163 simplex iterations) in 0.05 seconds (0.03 work units)
2026-04-15 19:04:17,226 - INFO - Thread count was 12 (of 96 available processors)
2026-04-15 19:04:17,227 - INFO - 
2026-04-15 19:04:17,227 - INFO - Solution count 5: 6.05301e+06 6.23329e+06 6.46964e+06 ... 7.55385e+06
2026-04-15 19:04:17,227 - INFO - 
2026-04-15 19:04:17,227 - INFO - Optimal solution found (tolerance 1.00e-04)
2026-04-15 19:04:17,227 - INFO - Best objective 6.053013000000e+06, best bound 6.053013000000e+06, gap 0.0000%
2026-04-15 19:04:17,234 - INFO - 规划前的显存GB：1.0
2026-04-15 19:04:17,234 - INFO - 规划后的显存GB：0.843235969543457
2026-04-15 19:04:17,235 - INFO - 规划前的显存GB：1.0
2026-04-15 19:04:17,235 - INFO - 规划后的显存GB：0.34423884749412537
2026-04-15 19:04:17,235 - INFO - ✅ 最优策略：[True, True, True, True, True, False, False, True, False, True, False, False, False, False, False, False]
2026-04-15 19:04:17,235 - INFO - 📌 checkpoint 的欧氏长度:, [717, 837]
2026-04-15 19:04:17,235 - INFO - 📌 checkpoint 的余弦长度:, [119, 358, 478, 597, 717, 837, 957]
2026-04-15 19:04:17,235 - INFO - 💾 最终显存峰值：%.2f MB % 1780.8826751708984
2026-04-15 19:04:17,235 - INFO - 🕒 显存计划规划时间: 0.191988 秒
2026-04-15 19:04:17,236 - INFO - Epoch 2 completed in 32.999949 seconds
2026-04-15 19:04:17,236 - INFO - torch.cuda.max_memory_reserved() : 1.029296875
2026-04-15 19:04:17,236 - INFO - torch.cuda.max_memory_allocated() : 0.21935510635375977
2026-04-15 19:04:47,850 - INFO - Epoch 3 completed in 30.613265 seconds
2026-04-15 19:04:47,851 - INFO - 
====================== [第1个 Epoch 收集统计数据] ======================
2026-04-15 19:04:47,851 - INFO - 
🔍 EUCLIDEAN modules:
2026-04-15 19:04:47,851 - INFO - [Shapelet 119] forward_avg=0.002898s over 26 calls | peak=72.20MB | final=0.00MB
2026-04-15 19:04:47,851 - INFO - [Shapelet 238] forward_avg=0.002364s over 26 calls | peak=126.95MB | final=0.00MB
2026-04-15 19:04:47,852 - INFO - [Shapelet 358] forward_avg=0.002441s over 26 calls | peak=169.17MB | final=0.00MB
2026-04-15 19:04:47,852 - INFO - [Shapelet 478] forward_avg=0.002437s over 26 calls | peak=193.41MB | final=0.00MB
2026-04-15 19:04:47,852 - INFO - [Shapelet 597] forward_avg=0.002475s over 26 calls | peak=199.65MB | final=0.00MB
2026-04-15 19:04:47,852 - INFO - [Shapelet 717] forward_avg=0.002275s over 26 calls | peak=193.90MB | final=0.00MB
2026-04-15 19:04:47,852 - INFO - [Shapelet 837] forward_avg=0.002309s over 26 calls | peak=170.03MB | final=0.00MB
2026-04-15 19:04:47,852 - INFO - [Shapelet 957] forward_avg=0.002394s over 26 calls | peak=129.44MB | final=0.00MB
2026-04-15 19:04:47,852 - INFO - 
🔍 COSINE modules:
2026-04-15 19:04:47,852 - INFO - [Shapelet 119] forward_avg=0.003020s over 26 calls | peak=47.22MB | final=0.00MB
2026-04-15 19:04:47,852 - INFO - [Shapelet 238] forward_avg=0.003017s over 26 calls | peak=83.85MB | final=0.00MB
2026-04-15 19:04:47,852 - INFO - [Shapelet 358] forward_avg=0.002943s over 26 calls | peak=112.15MB | final=0.00MB
2026-04-15 19:04:47,852 - INFO - [Shapelet 478] forward_avg=0.003058s over 26 calls | peak=128.13MB | final=0.00MB
2026-04-15 19:04:47,852 - INFO - [Shapelet 597] forward_avg=0.002947s over 26 calls | peak=132.11MB | final=0.00MB
2026-04-15 19:04:47,852 - INFO - [Shapelet 717] forward_avg=0.002908s over 26 calls | peak=128.09MB | final=0.00MB
2026-04-15 19:04:47,852 - INFO - [Shapelet 837] forward_avg=0.003034s over 26 calls | peak=112.07MB | final=0.00MB
2026-04-15 19:04:47,852 - INFO - [Shapelet 957] forward_avg=0.002970s over 26 calls | peak=84.51MB | final=0.00MB
2026-04-15 19:04:47,852 - INFO - 
🔍 CROSS modules:
2026-04-15 19:04:47,852 - INFO - [Shapelet 119] forward_avg=0.000723s over 26 calls
2026-04-15 19:04:47,853 - INFO - [Shapelet 238] forward_avg=0.000634s over 26 calls
2026-04-15 19:04:47,853 - INFO - [Shapelet 358] forward_avg=0.000695s over 26 calls
2026-04-15 19:04:47,853 - INFO - [Shapelet 478] forward_avg=0.000591s over 26 calls
2026-04-15 19:04:47,853 - INFO - [Shapelet 597] forward_avg=0.000609s over 26 calls
2026-04-15 19:04:47,853 - INFO - [Shapelet 717] forward_avg=0.000665s over 26 calls
2026-04-15 19:04:47,853 - INFO - [Shapelet 837] forward_avg=0.000682s over 26 calls
2026-04-15 19:04:47,853 - INFO - [Shapelet 957] forward_avg=0.000740s over 26 calls
2026-04-15 19:04:47,853 - INFO - 
-- EUCLIDEAN backward --
2026-04-15 19:04:47,853 - INFO - [Shapelet 119] backward_avg=1.068761s over 26 calls | peak=177.46MB | final=0.00MB
2026-04-15 19:04:47,853 - INFO - [Shapelet 238] backward_avg=1.068825s over 26 calls | peak=233.95MB | final=0.00MB
2026-04-15 19:04:47,853 - INFO - [Shapelet 358] backward_avg=1.068904s over 26 calls | peak=265.83MB | final=0.00MB
2026-04-15 19:04:47,853 - INFO - [Shapelet 478] backward_avg=1.068934s over 26 calls | peak=274.49MB | final=0.00MB
2026-04-15 19:04:47,853 - INFO - [Shapelet 597] backward_avg=1.068809s over 26 calls | peak=267.07MB | final=0.00MB
2026-04-15 19:04:47,853 - INFO - [Shapelet 717] backward_avg=1.069087s over 26 calls | peak=234.23MB | final=0.00MB
2026-04-15 19:04:47,853 - INFO - [Shapelet 837] backward_avg=1.069138s over 26 calls | peak=179.47MB | final=0.00MB
2026-04-15 19:04:47,853 - INFO - [Shapelet 957] backward_avg=1.069138s over 26 calls | peak=45.95MB | final=0.00MB
2026-04-15 19:04:47,853 - INFO - 
-- COSINE backward --
2026-04-15 19:04:47,853 - INFO - [Shapelet 119] backward_avg=1.069264s over 26 calls | peak=82.49MB | final=0.00MB
2026-04-15 19:04:47,853 - INFO - [Shapelet 238] backward_avg=1.069366s over 26 calls | peak=110.69MB | final=0.00MB
2026-04-15 19:04:47,853 - INFO - [Shapelet 358] backward_avg=1.069429s over 26 calls | peak=126.52MB | final=0.00MB
2026-04-15 19:04:47,853 - INFO - [Shapelet 478] backward_avg=1.069526s over 26 calls | peak=130.32MB | final=0.00MB
2026-04-15 19:04:47,853 - INFO - [Shapelet 597] backward_avg=1.069554s over 26 calls | peak=126.09MB | final=0.00MB
2026-04-15 19:04:47,853 - INFO - [Shapelet 717] backward_avg=1.069617s over 26 calls | peak=109.82MB | final=0.00MB
2026-04-15 19:04:47,853 - INFO - [Shapelet 837] backward_avg=1.069646s over 26 calls | peak=81.97MB | final=0.00MB
2026-04-15 19:04:47,853 - INFO - [Shapelet 957] backward_avg=1.069738s over 26 calls | peak=7.01MB | final=0.00MB
2026-04-15 19:04:47,853 - INFO - 
-- CROSS backward --
2026-04-15 19:04:47,853 - INFO - [Shapelet 119] backward_avg=1.069821s over 26 calls
2026-04-15 19:04:47,853 - INFO - [Shapelet 238] backward_avg=1.069825s over 26 calls
2026-04-15 19:04:47,853 - INFO - [Shapelet 358] backward_avg=1.069727s over 26 calls
2026-04-15 19:04:47,853 - INFO - [Shapelet 478] backward_avg=1.069904s over 26 calls
2026-04-15 19:04:47,853 - INFO - [Shapelet 597] backward_avg=1.069901s over 26 calls
2026-04-15 19:04:47,854 - INFO - [Shapelet 717] backward_avg=1.069950s over 26 calls
2026-04-15 19:04:47,854 - INFO - [Shapelet 837] backward_avg=1.069986s over 26 calls
2026-04-15 19:04:47,854 - INFO - [Shapelet 957] backward_avg=1.069906s over 26 calls
2026-04-15 19:04:47,854 - INFO - 
💾 模型第一次反向传播阶段的显存峰值（所有模块中的最大值）: 908.77 MB
2026-04-15 19:04:47,854 - INFO - 
💾 模型初始显存: 4.64 MB
2026-04-15 19:04:47,854 - INFO - =======================================================================

2026-04-15 19:04:47,854 - INFO - torch.cuda.max_memory_reserved() : 1.03125
2026-04-15 19:04:47,854 - INFO - torch.cuda.max_memory_allocated() : 0.843966007232666
2026-04-15 19:04:47,855 - INFO - !!!采用策略后的几个epoch 平均时间:30.6132652759552
2026-04-15 19:04:47,855 - INFO - 



2026-04-15 19:11:39,669 - INFO - 🧮 参数显存统计（单位：MB）
2026-04-15 19:11:39,669 - INFO - [参数显存] euclidean 总计: 1.2797 MB
2026-04-15 19:11:39,669 - INFO - [参数显存] euclidean 长度=119: 0.0354 MB
2026-04-15 19:11:39,669 - INFO - [参数显存] euclidean 长度=238: 0.0708 MB
2026-04-15 19:11:39,669 - INFO - [参数显存] euclidean 长度=358: 0.1065 MB
2026-04-15 19:11:39,669 - INFO - [参数显存] euclidean 长度=478: 0.1422 MB
2026-04-15 19:11:39,669 - INFO - [参数显存] euclidean 长度=597: 0.1776 MB
2026-04-15 19:11:39,669 - INFO - [参数显存] euclidean 长度=717: 0.2133 MB
2026-04-15 19:11:39,669 - INFO - [参数显存] euclidean 长度=837: 0.2490 MB
2026-04-15 19:11:39,669 - INFO - [参数显存] euclidean 长度=957: 0.2848 MB
2026-04-15 19:11:39,669 - INFO - [参数显存] cosine 总计: 1.2797 MB
2026-04-15 19:11:39,669 - INFO - [参数显存] cosine 长度=119: 0.0354 MB
2026-04-15 19:11:39,669 - INFO - [参数显存] cosine 长度=238: 0.0708 MB
2026-04-15 19:11:39,669 - INFO - [参数显存] cosine 长度=358: 0.1065 MB
2026-04-15 19:11:39,669 - INFO - [参数显存] cosine 长度=478: 0.1422 MB
2026-04-15 19:11:39,669 - INFO - [参数显存] cosine 长度=597: 0.1776 MB
2026-04-15 19:11:39,669 - INFO - [参数显存] cosine 长度=717: 0.2133 MB
2026-04-15 19:11:39,669 - INFO - [参数显存] cosine 长度=837: 0.2490 MB
2026-04-15 19:11:39,670 - INFO - [参数显存] cosine 长度=957: 0.2848 MB
2026-04-15 19:11:39,670 - INFO - [参数显存] 模型参数总量: 1,152,556，显存: 4.3967 MB
2026-04-15 19:11:40,347 - INFO - 📌 第一个 epoch：默认所有模块使用 checkpoint
2026-04-15 19:12:09,018 - INFO - Epoch 1 completed in 28.691885 seconds
2026-04-15 19:12:10,026 - INFO - torch.cuda.max_memory_reserved() : 1.029296875
2026-04-15 19:12:10,026 - INFO - torch.cuda.max_memory_allocated() : 0.2924642562866211
2026-04-15 19:12:40,124 - INFO - 
[🔁 拟合反向传播时间模型]
2026-04-15 19:12:40,125 - INFO - 总反向传播时间: 11.740036s
2026-04-15 19:12:40,125 - INFO - 拟合模型: backward_total ≈ 2 × (A + B) + b
2026-04-15 19:12:40,125 - INFO - A = 4.405882, B = 0.320702, b = 7.013452s
2026-04-15 19:12:40,170 - INFO - Set parameter LicenseID to value 2706656
2026-04-15 19:12:40,199 - INFO - Set parameter LogToConsole to value 1
2026-04-15 19:12:40,199 - INFO - Set parameter LogFile to value ""
2026-04-15 19:12:40,200 - INFO - Set parameter Threads to value 12
2026-04-15 19:12:40,200 - INFO - Set parameter TimeLimit to value 3600
2026-04-15 19:12:40,200 - INFO - Set parameter Method to value 1
2026-04-15 19:12:40,282 - INFO - Set parameter TimeLimit to value 3000
2026-04-15 19:12:40,284 - INFO - Gurobi Optimizer version 12.0.3 build v12.0.3rc0 (linux64 - "Ubuntu 20.04.6 LTS")
2026-04-15 19:12:40,284 - INFO - 
2026-04-15 19:12:40,284 - INFO - CPU model: Intel(R) Xeon(R) Platinum 8260 CPU @ 2.40GHz, instruction set [SSE2|AVX|AVX2|AVX512]
2026-04-15 19:12:40,284 - INFO - Thread count: 48 physical cores, 96 logical processors, using up to 12 threads
2026-04-15 19:12:40,284 - INFO - 
2026-04-15 19:12:40,284 - INFO - Non-default parameters:
2026-04-15 19:12:40,284 - INFO - TimeLimit  3000
2026-04-15 19:12:40,284 - INFO - Method  1
2026-04-15 19:12:40,284 - INFO - Threads  12
2026-04-15 19:12:40,284 - INFO - 
2026-04-15 19:12:40,284 - INFO - Optimize a model with 3892 rows, 1699 columns and 20398 nonzeros
2026-04-15 19:12:40,285 - INFO - Model fingerprint: 0x87021e12
2026-04-15 19:12:40,285 - INFO - Variable types: 0 continuous, 1699 integer (1699 binary)
2026-04-15 19:12:40,285 - INFO - Coefficient statistics:
2026-04-15 19:12:40,285 - INFO -   Matrix range     [1e+00, 4e+14]
2026-04-15 19:12:40,285 - INFO -   Objective range  [7e+04, 1e+06]
2026-04-15 19:12:40,285 - INFO -   Bounds range     [1e+00, 1e+00]
2026-04-15 19:12:40,285 - INFO -   RHS range        [1e+00, 1e+15]
2026-04-15 19:12:40,285 - INFO - Warning: Model contains large matrix coefficient range
2026-04-15 19:12:40,285 - INFO - Warning: Model contains large rhs
2026-04-15 19:12:40,285 - INFO -          Consider reformulating model or setting NumericFocus parameter
2026-04-15 19:12:40,285 - INFO -          to avoid numerical issues.
2026-04-15 19:12:40,286 - INFO - Found heuristic solution: objective 1.073806e+07
2026-04-15 19:12:40,315 - INFO - Presolve removed 3660 rows and 1490 columns
2026-04-15 19:12:40,316 - INFO - Presolve time: 0.03s
2026-04-15 19:12:40,316 - INFO - Presolved: 232 rows, 209 columns, 1943 nonzeros
2026-04-15 19:12:40,316 - INFO - Variable types: 0 continuous, 209 integer (209 binary)
2026-04-15 19:12:40,317 - INFO - Found heuristic solution: objective 1.016576e+07
2026-04-15 19:12:40,318 - INFO - 
2026-04-15 19:12:40,318 - INFO - Root relaxation: objective 8.282870e+06, 118 iterations, 0.00 seconds (0.00 work units)
2026-04-15 19:12:40,322 - INFO - 
2026-04-15 19:12:40,323 - INFO -     Nodes    |    Current Node    |     Objective Bounds      |     Work
2026-04-15 19:12:40,323 - INFO -  Expl Unexpl |  Obj  Depth IntInf | Incumbent    BestBd   Gap | It/Node Time
2026-04-15 19:12:40,323 - INFO - 
2026-04-15 19:12:40,323 - INFO -      0     0 8282869.66    0   15 1.0166e+07 8282869.66  18.5%     -    0s
2026-04-15 19:12:40,323 - INFO - H    0     0                    9073636.0000 8282869.66  8.71%     -    0s
2026-04-15 19:12:40,324 - INFO - H    0     0                    8598548.0000 8282869.66  3.67%     -    0s
2026-04-15 19:12:40,325 - INFO - H    0     0                    8520904.0000 8282869.66  2.79%     -    0s
2026-04-15 19:12:40,336 - INFO - H    0     0                    8323088.0000 8282869.66  0.48%     -    0s
2026-04-15 19:12:40,337 - INFO - 
2026-04-15 19:12:40,337 - INFO - Cutting planes:
2026-04-15 19:12:40,337 - INFO -   Cover: 4
2026-04-15 19:12:40,337 - INFO -   RLT: 1
2026-04-15 19:12:40,338 - INFO - 
2026-04-15 19:12:40,338 - INFO - Explored 1 nodes (148 simplex iterations) in 0.05 seconds (0.03 work units)
2026-04-15 19:12:40,338 - INFO - Thread count was 12 (of 96 available processors)
2026-04-15 19:12:40,338 - INFO - 
2026-04-15 19:12:40,338 - INFO - Solution count 6: 8.32309e+06 8.5209e+06 8.59855e+06 ... 1.07381e+07
2026-04-15 19:12:40,338 - INFO - 
2026-04-15 19:12:40,338 - INFO - Optimal solution found (tolerance 1.00e-04)
2026-04-15 19:12:40,338 - INFO - Best objective 8.323088000000e+06, best bound 8.323088000000e+06, gap 0.0000%
2026-04-15 19:12:40,348 - INFO - 规划前的显存GB：1.0
2026-04-15 19:12:40,349 - INFO - 规划后的显存GB：0.8665428161621094
2026-04-15 19:12:40,349 - INFO - 规划前的显存GB：1.0
2026-04-15 19:12:40,349 - INFO - 规划后的显存GB：0.3570276200771332
2026-04-15 19:12:40,349 - INFO - ✅ 最优策略：[True, True, True, True, True, False, True, False, False, True, False, False, False, False, False, False]
2026-04-15 19:12:40,349 - INFO - 📌 checkpoint 的欧氏长度:, [717, 957]
2026-04-15 19:12:40,349 - INFO - 📌 checkpoint 的余弦长度:, [119, 358, 478, 597, 717, 837, 957]
2026-04-15 19:12:40,349 - INFO - 💾 最终显存峰值：%.2f MB % 1780.8826751708984
2026-04-15 19:12:40,349 - INFO - 🕒 显存计划规划时间: 0.224129 秒
2026-04-15 19:12:40,350 - INFO - Epoch 2 completed in 30.322999 seconds
2026-04-15 19:12:40,350 - INFO - torch.cuda.max_memory_reserved() : 1.029296875
2026-04-15 19:12:40,350 - INFO - torch.cuda.max_memory_allocated() : 0.21935510635375977
2026-04-15 19:13:08,684 - INFO - Epoch 3 completed in 28.333575 seconds
2026-04-15 19:13:08,685 - INFO - 
====================== [第1个 Epoch 收集统计数据] ======================
2026-04-15 19:13:08,685 - INFO - 
🔍 EUCLIDEAN modules:
2026-04-15 19:13:08,686 - INFO - [Shapelet 119] forward_avg=0.003039s over 26 calls | peak=72.20MB | final=0.00MB
2026-04-15 19:13:08,686 - INFO - [Shapelet 238] forward_avg=0.002683s over 26 calls | peak=126.95MB | final=0.00MB
2026-04-15 19:13:08,686 - INFO - [Shapelet 358] forward_avg=0.002746s over 26 calls | peak=169.17MB | final=0.00MB
2026-04-15 19:13:08,686 - INFO - [Shapelet 478] forward_avg=0.002773s over 26 calls | peak=193.41MB | final=0.00MB
2026-04-15 19:13:08,686 - INFO - [Shapelet 597] forward_avg=0.002755s over 26 calls | peak=199.65MB | final=0.00MB
2026-04-15 19:13:08,686 - INFO - [Shapelet 717] forward_avg=0.002579s over 26 calls | peak=193.90MB | final=0.00MB
2026-04-15 19:13:08,686 - INFO - [Shapelet 837] forward_avg=0.010153s over 26 calls | peak=170.03MB | final=0.00MB
2026-04-15 19:13:08,687 - INFO - [Shapelet 957] forward_avg=0.002627s over 26 calls | peak=129.44MB | final=0.00MB
2026-04-15 19:13:08,687 - INFO - 
🔍 COSINE modules:
2026-04-15 19:13:08,687 - INFO - [Shapelet 119] forward_avg=0.003647s over 26 calls | peak=47.22MB | final=0.00MB
2026-04-15 19:13:08,687 - INFO - [Shapelet 238] forward_avg=0.003345s over 26 calls | peak=83.85MB | final=0.00MB
2026-04-15 19:13:08,687 - INFO - [Shapelet 358] forward_avg=0.003519s over 26 calls | peak=112.15MB | final=0.00MB
2026-04-15 19:13:08,687 - INFO - [Shapelet 478] forward_avg=0.003514s over 26 calls | peak=128.13MB | final=0.00MB
2026-04-15 19:13:08,687 - INFO - [Shapelet 597] forward_avg=0.003257s over 26 calls | peak=132.11MB | final=0.00MB
2026-04-15 19:13:08,687 - INFO - [Shapelet 717] forward_avg=0.003279s over 26 calls | peak=128.09MB | final=0.00MB
2026-04-15 19:13:08,687 - INFO - [Shapelet 837] forward_avg=0.003256s over 26 calls | peak=112.07MB | final=0.00MB
2026-04-15 19:13:08,688 - INFO - [Shapelet 957] forward_avg=0.003312s over 26 calls | peak=84.51MB | final=0.00MB
2026-04-15 19:13:08,688 - INFO - 
🔍 CROSS modules:
2026-04-15 19:13:08,688 - INFO - [Shapelet 119] forward_avg=0.000783s over 26 calls
2026-04-15 19:13:08,688 - INFO - [Shapelet 238] forward_avg=0.000776s over 26 calls
2026-04-15 19:13:08,688 - INFO - [Shapelet 358] forward_avg=0.000746s over 26 calls
2026-04-15 19:13:08,688 - INFO - [Shapelet 478] forward_avg=0.000805s over 26 calls
2026-04-15 19:13:08,688 - INFO - [Shapelet 597] forward_avg=0.000725s over 26 calls
2026-04-15 19:13:08,688 - INFO - [Shapelet 717] forward_avg=0.000760s over 26 calls
2026-04-15 19:13:08,688 - INFO - [Shapelet 837] forward_avg=0.000761s over 26 calls
2026-04-15 19:13:08,688 - INFO - [Shapelet 957] forward_avg=0.000810s over 26 calls
2026-04-15 19:13:08,688 - INFO - 
-- EUCLIDEAN backward --
2026-04-15 19:13:08,688 - INFO - [Shapelet 119] backward_avg=1.151535s over 26 calls | peak=177.46MB | final=0.00MB
2026-04-15 19:13:08,688 - INFO - [Shapelet 238] backward_avg=1.151582s over 26 calls | peak=233.95MB | final=0.00MB
2026-04-15 19:13:08,688 - INFO - [Shapelet 358] backward_avg=1.151549s over 26 calls | peak=265.83MB | final=0.00MB
2026-04-15 19:13:08,688 - INFO - [Shapelet 478] backward_avg=1.151504s over 26 calls | peak=274.49MB | final=0.00MB
2026-04-15 19:13:08,688 - INFO - [Shapelet 597] backward_avg=1.151376s over 26 calls | peak=267.07MB | final=0.00MB
2026-04-15 19:13:08,688 - INFO - [Shapelet 717] backward_avg=1.151425s over 26 calls | peak=234.23MB | final=0.00MB
2026-04-15 19:13:08,688 - INFO - [Shapelet 837] backward_avg=1.151379s over 26 calls | peak=179.47MB | final=0.00MB
2026-04-15 19:13:08,688 - INFO - [Shapelet 957] backward_avg=1.151208s over 26 calls | peak=45.95MB | final=0.00MB
2026-04-15 19:13:08,688 - INFO - 
-- COSINE backward --
2026-04-15 19:13:08,688 - INFO - [Shapelet 119] backward_avg=1.151136s over 26 calls | peak=82.49MB | final=0.00MB
2026-04-15 19:13:08,688 - INFO - [Shapelet 238] backward_avg=1.151144s over 26 calls | peak=110.69MB | final=0.00MB
2026-04-15 19:13:08,688 - INFO - [Shapelet 358] backward_avg=1.151107s over 26 calls | peak=126.52MB | final=0.00MB
2026-04-15 19:13:08,688 - INFO - [Shapelet 478] backward_avg=1.151023s over 26 calls | peak=130.32MB | final=0.00MB
2026-04-15 19:13:08,688 - INFO - [Shapelet 597] backward_avg=1.150974s over 26 calls | peak=126.09MB | final=0.00MB
2026-04-15 19:13:08,689 - INFO - [Shapelet 717] backward_avg=1.150864s over 26 calls | peak=109.82MB | final=0.00MB
2026-04-15 19:13:08,689 - INFO - [Shapelet 837] backward_avg=1.150841s over 26 calls | peak=81.97MB | final=0.00MB
2026-04-15 19:13:08,689 - INFO - [Shapelet 957] backward_avg=1.150828s over 26 calls | peak=7.01MB | final=0.00MB
2026-04-15 19:13:08,689 - INFO - 
-- CROSS backward --
2026-04-15 19:13:08,689 - INFO - [Shapelet 119] backward_avg=1.150729s over 26 calls
2026-04-15 19:13:08,689 - INFO - [Shapelet 238] backward_avg=1.150703s over 26 calls
2026-04-15 19:13:08,689 - INFO - [Shapelet 358] backward_avg=1.150710s over 26 calls
2026-04-15 19:13:08,689 - INFO - [Shapelet 478] backward_avg=1.150672s over 26 calls
2026-04-15 19:13:08,689 - INFO - [Shapelet 597] backward_avg=1.150757s over 26 calls
2026-04-15 19:13:08,689 - INFO - [Shapelet 717] backward_avg=1.150742s over 26 calls
2026-04-15 19:13:08,689 - INFO - [Shapelet 837] backward_avg=1.150741s over 26 calls
2026-04-15 19:13:08,689 - INFO - [Shapelet 957] backward_avg=1.150677s over 26 calls
2026-04-15 19:13:08,689 - INFO - 
💾 模型第一次反向传播阶段的显存峰值（所有模块中的最大值）: 922.93 MB
2026-04-15 19:13:08,689 - INFO - 
💾 模型初始显存: 4.64 MB
2026-04-15 19:13:08,689 - INFO - =======================================================================

2026-04-15 19:13:08,689 - INFO - torch.cuda.max_memory_reserved() : 1.03125
2026-04-15 19:13:08,689 - INFO - torch.cuda.max_memory_allocated() : 0.8700013160705566
2026-04-15 19:13:08,690 - INFO - !!!采用策略后的几个epoch 平均时间:28.33357548713684
2026-04-15 19:13:08,690 - INFO - 



2026-04-15 20:14:30,461 - INFO - 🧮 参数显存统计（单位：MB）
2026-04-15 20:14:30,462 - INFO - [参数显存] euclidean 总计: 1.2797 MB
2026-04-15 20:14:30,462 - INFO - [参数显存] euclidean 长度=119: 0.0354 MB
2026-04-15 20:14:30,462 - INFO - [参数显存] euclidean 长度=238: 0.0708 MB
2026-04-15 20:14:30,462 - INFO - [参数显存] euclidean 长度=358: 0.1065 MB
2026-04-15 20:14:30,462 - INFO - [参数显存] euclidean 长度=478: 0.1422 MB
2026-04-15 20:14:30,462 - INFO - [参数显存] euclidean 长度=597: 0.1776 MB
2026-04-15 20:14:30,462 - INFO - [参数显存] euclidean 长度=717: 0.2133 MB
2026-04-15 20:14:30,462 - INFO - [参数显存] euclidean 长度=837: 0.2490 MB
2026-04-15 20:14:30,462 - INFO - [参数显存] euclidean 长度=957: 0.2848 MB
2026-04-15 20:14:30,462 - INFO - [参数显存] cosine 总计: 1.2797 MB
2026-04-15 20:14:30,462 - INFO - [参数显存] cosine 长度=119: 0.0354 MB
2026-04-15 20:14:30,462 - INFO - [参数显存] cosine 长度=238: 0.0708 MB
2026-04-15 20:14:30,462 - INFO - [参数显存] cosine 长度=358: 0.1065 MB
2026-04-15 20:14:30,462 - INFO - [参数显存] cosine 长度=478: 0.1422 MB
2026-04-15 20:14:30,462 - INFO - [参数显存] cosine 长度=597: 0.1776 MB
2026-04-15 20:14:30,462 - INFO - [参数显存] cosine 长度=717: 0.2133 MB
2026-04-15 20:14:30,462 - INFO - [参数显存] cosine 长度=837: 0.2490 MB
2026-04-15 20:14:30,462 - INFO - [参数显存] cosine 长度=957: 0.2848 MB
2026-04-15 20:14:30,462 - INFO - [参数显存] 模型参数总量: 1,152,556，显存: 4.3967 MB
2026-04-15 20:14:31,343 - INFO - 📌 第一个 epoch：默认所有模块使用 checkpoint
2026-04-15 20:15:02,372 - INFO - Epoch 1 completed in 31.046177 seconds
2026-04-15 20:15:04,154 - INFO - torch.cuda.max_memory_reserved() : 1.029296875
2026-04-15 20:15:04,154 - INFO - torch.cuda.max_memory_allocated() : 0.2924642562866211
2026-04-15 20:15:30,376 - INFO - 
[🔁 拟合反向传播时间模型]
2026-04-15 20:15:30,377 - INFO - 总反向传播时间: 7.631501s
2026-04-15 20:15:30,377 - INFO - 拟合模型: backward_total ≈ 2 × (A + B) + b
2026-04-15 20:15:30,377 - INFO - A = 3.389446, B = 0.322692, b = 3.919363s
2026-04-15 20:15:30,430 - INFO - Set parameter LicenseID to value 2706656
2026-04-15 20:15:30,459 - INFO - Set parameter LogToConsole to value 1
2026-04-15 20:15:30,459 - INFO - Set parameter LogFile to value ""
2026-04-15 20:15:30,459 - INFO - Set parameter Threads to value 12
2026-04-15 20:15:30,459 - INFO - Set parameter TimeLimit to value 3600
2026-04-15 20:15:30,459 - INFO - Set parameter Method to value 1
2026-04-15 20:15:30,521 - INFO - Set parameter TimeLimit to value 3000
2026-04-15 20:15:30,522 - INFO - Gurobi Optimizer version 12.0.3 build v12.0.3rc0 (linux64 - "Ubuntu 20.04.6 LTS")
2026-04-15 20:15:30,523 - INFO - 
2026-04-15 20:15:30,523 - INFO - CPU model: Intel(R) Xeon(R) Platinum 8260 CPU @ 2.40GHz, instruction set [SSE2|AVX|AVX2|AVX512]
2026-04-15 20:15:30,523 - INFO - Thread count: 48 physical cores, 96 logical processors, using up to 12 threads
2026-04-15 20:15:30,523 - INFO - 
2026-04-15 20:15:30,523 - INFO - Non-default parameters:
2026-04-15 20:15:30,523 - INFO - TimeLimit  3000
2026-04-15 20:15:30,523 - INFO - Method  1
2026-04-15 20:15:30,523 - INFO - Threads  12
2026-04-15 20:15:30,523 - INFO - 
2026-04-15 20:15:30,523 - INFO - Optimize a model with 3892 rows, 1699 columns and 20398 nonzeros
2026-04-15 20:15:30,523 - INFO - Model fingerprint: 0xcbd70b1e
2026-04-15 20:15:30,523 - INFO - Variable types: 0 continuous, 1699 integer (1699 binary)
2026-04-15 20:15:30,523 - INFO - Coefficient statistics:
2026-04-15 20:15:30,523 - INFO -   Matrix range     [1e+00, 4e+14]
2026-04-15 20:15:30,523 - INFO -   Objective range  [7e+04, 3e+05]
2026-04-15 20:15:30,523 - INFO -   Bounds range     [1e+00, 1e+00]
2026-04-15 20:15:30,523 - INFO -   RHS range        [1e+00, 1e+15]
2026-04-15 20:15:30,523 - INFO - Warning: Model contains large matrix coefficient range
2026-04-15 20:15:30,524 - INFO - Warning: Model contains large rhs
2026-04-15 20:15:30,524 - INFO -          Consider reformulating model or setting NumericFocus parameter
2026-04-15 20:15:30,524 - INFO -          to avoid numerical issues.
2026-04-15 20:15:30,524 - INFO - Found heuristic solution: objective 7882035.0000
2026-04-15 20:15:30,550 - INFO - Presolve removed 3660 rows and 1490 columns
2026-04-15 20:15:30,550 - INFO - Presolve time: 0.03s
2026-04-15 20:15:30,550 - INFO - Presolved: 232 rows, 209 columns, 1943 nonzeros
2026-04-15 20:15:30,550 - INFO - Variable types: 0 continuous, 209 integer (209 binary)
2026-04-15 20:15:30,550 - INFO - Found heuristic solution: objective 7328472.0000
2026-04-15 20:15:30,552 - INFO - 
2026-04-15 20:15:30,552 - INFO - Root relaxation: objective 6.304250e+06, 120 iterations, 0.00 seconds (0.00 work units)
2026-04-15 20:15:30,555 - INFO - 
2026-04-15 20:15:30,555 - INFO -     Nodes    |    Current Node    |     Objective Bounds      |     Work
2026-04-15 20:15:30,555 - INFO -  Expl Unexpl |  Obj  Depth IntInf | Incumbent    BestBd   Gap | It/Node Time
2026-04-15 20:15:30,555 - INFO - 
2026-04-15 20:15:30,555 - INFO -      0     0 6304249.63    0    4 7328472.00 6304249.63  14.0%     -    0s
2026-04-15 20:15:30,556 - INFO - H    0     0                    6776400.0000 6304249.63  6.97%     -    0s
2026-04-15 20:15:30,556 - INFO - H    0     0                    6535769.0000 6304249.63  3.54%     -    0s
2026-04-15 20:15:30,556 - INFO - H    0     0                    6534261.0000 6304249.63  3.52%     -    0s
2026-04-15 20:15:30,556 - INFO - H    0     0                    6512234.0000 6304249.63  3.19%     -    0s
2026-04-15 20:15:30,557 - INFO - H    0     0                    6441040.0000 6304249.63  2.12%     -    0s
2026-04-15 20:15:30,557 - INFO - H    0     0                    6367367.0000 6304249.63  0.99%     -    0s
2026-04-15 20:15:30,566 - INFO -      0     0 6332379.88    0    9 6367367.00 6332379.88  0.55%     -    0s
2026-04-15 20:15:30,570 - INFO - H    0     0                    6356780.0000 6332379.88  0.38%     -    0s
2026-04-15 20:15:30,571 - INFO - 
2026-04-15 20:15:30,571 - INFO - Cutting planes:
2026-04-15 20:15:30,571 - INFO -   Cover: 6
2026-04-15 20:15:30,571 - INFO -   RLT: 3
2026-04-15 20:15:30,571 - INFO - 
2026-04-15 20:15:30,571 - INFO - Explored 1 nodes (160 simplex iterations) in 0.05 seconds (0.03 work units)
2026-04-15 20:15:30,571 - INFO - Thread count was 12 (of 96 available processors)
2026-04-15 20:15:30,571 - INFO - 
2026-04-15 20:15:30,572 - INFO - Solution count 9: 6.35678e+06 6.36737e+06 6.44104e+06 ... 7.88204e+06
2026-04-15 20:15:30,572 - INFO - 
2026-04-15 20:15:30,572 - INFO - Optimal solution found (tolerance 1.00e-04)
2026-04-15 20:15:30,572 - INFO - Best objective 6.356780000000e+06, best bound 6.356780000000e+06, gap 0.0000%
2026-04-15 20:15:30,579 - INFO - 规划前的显存GB：1.0
2026-04-15 20:15:30,579 - INFO - 规划后的显存GB：0.8665428161621094
2026-04-15 20:15:30,579 - INFO - 规划前的显存GB：1.0
2026-04-15 20:15:30,579 - INFO - 规划后的显存GB：0.3570276200771332
2026-04-15 20:15:30,579 - INFO - ✅ 最优策略：[True, True, True, True, True, False, True, False, False, True, False, False, False, False, False, False]
2026-04-15 20:15:30,580 - INFO - 📌 checkpoint 的欧氏长度:, [717, 957]
2026-04-15 20:15:30,580 - INFO - 📌 checkpoint 的余弦长度:, [119, 358, 478, 597, 717, 837, 957]
2026-04-15 20:15:30,580 - INFO - 💾 最终显存峰值：%.2f MB % 1780.8826751708984
2026-04-15 20:15:30,580 - INFO - 🕒 显存计划规划时间: 0.202712 秒
2026-04-15 20:15:30,580 - INFO - Epoch 2 completed in 26.425839 seconds
2026-04-15 20:15:30,580 - INFO - torch.cuda.max_memory_reserved() : 1.029296875
2026-04-15 20:15:30,581 - INFO - torch.cuda.max_memory_allocated() : 0.21935510635375977
2026-04-15 20:15:59,537 - INFO - Epoch 3 completed in 28.955595 seconds
2026-04-15 20:15:59,538 - INFO - 
====================== [第1个 Epoch 收集统计数据] ======================
2026-04-15 20:15:59,538 - INFO - 
🔍 EUCLIDEAN modules:
2026-04-15 20:15:59,538 - INFO - [Shapelet 119] forward_avg=0.003129s over 26 calls | peak=72.20MB | final=0.00MB
2026-04-15 20:15:59,538 - INFO - [Shapelet 238] forward_avg=0.002406s over 26 calls | peak=126.95MB | final=0.00MB
2026-04-15 20:15:59,538 - INFO - [Shapelet 358] forward_avg=0.002599s over 26 calls | peak=169.17MB | final=0.00MB
2026-04-15 20:15:59,538 - INFO - [Shapelet 478] forward_avg=0.002421s over 26 calls | peak=193.41MB | final=0.00MB
2026-04-15 20:15:59,539 - INFO - [Shapelet 597] forward_avg=0.002406s over 26 calls | peak=199.65MB | final=0.00MB
2026-04-15 20:15:59,539 - INFO - [Shapelet 717] forward_avg=0.002345s over 26 calls | peak=193.90MB | final=0.00MB
2026-04-15 20:15:59,539 - INFO - [Shapelet 837] forward_avg=0.002291s over 26 calls | peak=170.03MB | final=0.00MB
2026-04-15 20:15:59,539 - INFO - [Shapelet 957] forward_avg=0.002185s over 26 calls | peak=129.44MB | final=0.00MB
2026-04-15 20:15:59,539 - INFO - 
🔍 COSINE modules:
2026-04-15 20:15:59,539 - INFO - [Shapelet 119] forward_avg=0.003050s over 26 calls | peak=47.22MB | final=0.00MB
2026-04-15 20:15:59,539 - INFO - [Shapelet 238] forward_avg=0.002932s over 26 calls | peak=83.85MB | final=0.00MB
2026-04-15 20:15:59,539 - INFO - [Shapelet 358] forward_avg=0.002968s over 26 calls | peak=112.15MB | final=0.00MB
2026-04-15 20:15:59,539 - INFO - [Shapelet 478] forward_avg=0.003006s over 26 calls | peak=128.13MB | final=0.00MB
2026-04-15 20:15:59,539 - INFO - [Shapelet 597] forward_avg=0.002890s over 26 calls | peak=132.11MB | final=0.00MB
2026-04-15 20:15:59,540 - INFO - [Shapelet 717] forward_avg=0.002913s over 26 calls | peak=128.09MB | final=0.00MB
2026-04-15 20:15:59,540 - INFO - [Shapelet 837] forward_avg=0.002975s over 26 calls | peak=112.07MB | final=0.00MB
2026-04-15 20:15:59,540 - INFO - [Shapelet 957] forward_avg=0.002939s over 26 calls | peak=84.51MB | final=0.00MB
2026-04-15 20:15:59,540 - INFO - 
🔍 CROSS modules:
2026-04-15 20:15:59,540 - INFO - [Shapelet 119] forward_avg=0.000790s over 26 calls
2026-04-15 20:15:59,540 - INFO - [Shapelet 238] forward_avg=0.000737s over 26 calls
2026-04-15 20:15:59,540 - INFO - [Shapelet 358] forward_avg=0.000757s over 26 calls
2026-04-15 20:15:59,540 - INFO - [Shapelet 478] forward_avg=0.000734s over 26 calls
2026-04-15 20:15:59,540 - INFO - [Shapelet 597] forward_avg=0.000752s over 26 calls
2026-04-15 20:15:59,540 - INFO - [Shapelet 717] forward_avg=0.000767s over 26 calls
2026-04-15 20:15:59,540 - INFO - [Shapelet 837] forward_avg=0.000813s over 26 calls
2026-04-15 20:15:59,540 - INFO - [Shapelet 957] forward_avg=0.000855s over 26 calls
2026-04-15 20:15:59,540 - INFO - 
-- EUCLIDEAN backward --
2026-04-15 20:15:59,540 - INFO - [Shapelet 119] backward_avg=1.212851s over 26 calls | peak=177.46MB | final=0.00MB
2026-04-15 20:15:59,540 - INFO - [Shapelet 238] backward_avg=1.213863s over 26 calls | peak=233.95MB | final=0.00MB
2026-04-15 20:15:59,540 - INFO - [Shapelet 358] backward_avg=1.214837s over 26 calls | peak=265.83MB | final=0.00MB
2026-04-15 20:15:59,540 - INFO - [Shapelet 478] backward_avg=1.215790s over 26 calls | peak=274.49MB | final=0.00MB
2026-04-15 20:15:59,541 - INFO - [Shapelet 597] backward_avg=1.216658s over 26 calls | peak=267.07MB | final=0.00MB
2026-04-15 20:15:59,541 - INFO - [Shapelet 717] backward_avg=1.217693s over 26 calls | peak=234.23MB | final=0.00MB
2026-04-15 20:15:59,541 - INFO - [Shapelet 837] backward_avg=1.218731s over 26 calls | peak=179.47MB | final=0.00MB
2026-04-15 20:15:59,541 - INFO - [Shapelet 957] backward_avg=1.219753s over 26 calls | peak=45.95MB | final=0.00MB
2026-04-15 20:15:59,541 - INFO - 
-- COSINE backward --
2026-04-15 20:15:59,541 - INFO - [Shapelet 119] backward_avg=1.221250s over 26 calls | peak=82.49MB | final=0.00MB
2026-04-15 20:15:59,541 - INFO - [Shapelet 238] backward_avg=1.222564s over 26 calls | peak=110.69MB | final=0.00MB
2026-04-15 20:15:59,541 - INFO - [Shapelet 358] backward_avg=1.223792s over 26 calls | peak=126.52MB | final=0.00MB
2026-04-15 20:15:59,541 - INFO - [Shapelet 478] backward_avg=1.225104s over 26 calls | peak=130.32MB | final=0.00MB
2026-04-15 20:15:59,541 - INFO - [Shapelet 597] backward_avg=1.226214s over 26 calls | peak=126.09MB | final=0.00MB
2026-04-15 20:15:59,541 - INFO - [Shapelet 717] backward_avg=1.227338s over 26 calls | peak=109.82MB | final=0.00MB
2026-04-15 20:15:59,541 - INFO - [Shapelet 837] backward_avg=1.228552s over 26 calls | peak=81.97MB | final=0.00MB
2026-04-15 20:15:59,541 - INFO - [Shapelet 957] backward_avg=1.229759s over 26 calls | peak=7.01MB | final=0.00MB
2026-04-15 20:15:59,541 - INFO - 
-- CROSS backward --
2026-04-15 20:15:59,541 - INFO - [Shapelet 119] backward_avg=1.223296s over 26 calls
2026-04-15 20:15:59,541 - INFO - [Shapelet 238] backward_avg=1.230642s over 26 calls
2026-04-15 20:15:59,541 - INFO - [Shapelet 358] backward_avg=1.230794s over 26 calls
2026-04-15 20:15:59,541 - INFO - [Shapelet 478] backward_avg=1.231205s over 26 calls
2026-04-15 20:15:59,541 - INFO - [Shapelet 597] backward_avg=1.231513s over 26 calls
2026-04-15 20:15:59,541 - INFO - [Shapelet 717] backward_avg=1.231842s over 26 calls
2026-04-15 20:15:59,541 - INFO - [Shapelet 837] backward_avg=1.232073s over 26 calls
2026-04-15 20:15:59,541 - INFO - [Shapelet 957] backward_avg=1.232351s over 26 calls
2026-04-15 20:15:59,541 - INFO - 
💾 模型第一次反向传播阶段的显存峰值（所有模块中的最大值）: 922.93 MB
2026-04-15 20:15:59,541 - INFO - 
💾 模型初始显存: 4.64 MB
2026-04-15 20:15:59,541 - INFO - =======================================================================

2026-04-15 20:15:59,541 - INFO - torch.cuda.max_memory_reserved() : 1.03125
2026-04-15 20:15:59,542 - INFO - torch.cuda.max_memory_allocated() : 0.8700013160705566
2026-04-15 20:15:59,542 - INFO - !!!采用策略后的几个epoch 平均时间:28.955594778060913
2026-04-15 20:15:59,542 - INFO - 



2026-04-15 20:27:44,658 - INFO - 🧮 参数显存统计（单位：MB）
2026-04-15 20:27:44,658 - INFO - [参数显存] euclidean 总计: 1.2797 MB
2026-04-15 20:27:44,658 - INFO - [参数显存] euclidean 长度=119: 0.0354 MB
2026-04-15 20:27:44,658 - INFO - [参数显存] euclidean 长度=238: 0.0708 MB
2026-04-15 20:27:44,658 - INFO - [参数显存] euclidean 长度=358: 0.1065 MB
2026-04-15 20:27:44,658 - INFO - [参数显存] euclidean 长度=478: 0.1422 MB
2026-04-15 20:27:44,658 - INFO - [参数显存] euclidean 长度=597: 0.1776 MB
2026-04-15 20:27:44,658 - INFO - [参数显存] euclidean 长度=717: 0.2133 MB
2026-04-15 20:27:44,658 - INFO - [参数显存] euclidean 长度=837: 0.2490 MB
2026-04-15 20:27:44,658 - INFO - [参数显存] euclidean 长度=957: 0.2848 MB
2026-04-15 20:27:44,658 - INFO - [参数显存] cosine 总计: 1.2797 MB
2026-04-15 20:27:44,658 - INFO - [参数显存] cosine 长度=119: 0.0354 MB
2026-04-15 20:27:44,658 - INFO - [参数显存] cosine 长度=238: 0.0708 MB
2026-04-15 20:27:44,658 - INFO - [参数显存] cosine 长度=358: 0.1065 MB
2026-04-15 20:27:44,658 - INFO - [参数显存] cosine 长度=478: 0.1422 MB
2026-04-15 20:27:44,658 - INFO - [参数显存] cosine 长度=597: 0.1776 MB
2026-04-15 20:27:44,658 - INFO - [参数显存] cosine 长度=717: 0.2133 MB
2026-04-15 20:27:44,658 - INFO - [参数显存] cosine 长度=837: 0.2490 MB
2026-04-15 20:27:44,658 - INFO - [参数显存] cosine 长度=957: 0.2848 MB
2026-04-15 20:27:44,658 - INFO - [参数显存] 模型参数总量: 1,152,556，显存: 4.3967 MB
2026-04-15 20:27:45,274 - INFO - 📌 第一个 epoch：默认所有模块使用 checkpoint
2026-04-15 20:28:08,102 - INFO - 🧮 参数显存统计（单位：MB）
2026-04-15 20:28:08,102 - INFO - [参数显存] euclidean 总计: 1.2797 MB
2026-04-15 20:28:08,102 - INFO - [参数显存] euclidean 长度=119: 0.0354 MB
2026-04-15 20:28:08,102 - INFO - [参数显存] euclidean 长度=238: 0.0708 MB
2026-04-15 20:28:08,102 - INFO - [参数显存] euclidean 长度=358: 0.1065 MB
2026-04-15 20:28:08,102 - INFO - [参数显存] euclidean 长度=478: 0.1422 MB
2026-04-15 20:28:08,102 - INFO - [参数显存] euclidean 长度=597: 0.1776 MB
2026-04-15 20:28:08,102 - INFO - [参数显存] euclidean 长度=717: 0.2133 MB
2026-04-15 20:28:08,102 - INFO - [参数显存] euclidean 长度=837: 0.2490 MB
2026-04-15 20:28:08,102 - INFO - [参数显存] euclidean 长度=957: 0.2848 MB
2026-04-15 20:28:08,102 - INFO - [参数显存] cosine 总计: 1.2797 MB
2026-04-15 20:28:08,103 - INFO - [参数显存] cosine 长度=119: 0.0354 MB
2026-04-15 20:28:08,103 - INFO - [参数显存] cosine 长度=238: 0.0708 MB
2026-04-15 20:28:08,103 - INFO - [参数显存] cosine 长度=358: 0.1065 MB
2026-04-15 20:28:08,103 - INFO - [参数显存] cosine 长度=478: 0.1422 MB
2026-04-15 20:28:08,103 - INFO - [参数显存] cosine 长度=597: 0.1776 MB
2026-04-15 20:28:08,103 - INFO - [参数显存] cosine 长度=717: 0.2133 MB
2026-04-15 20:28:08,103 - INFO - [参数显存] cosine 长度=837: 0.2490 MB
2026-04-15 20:28:08,103 - INFO - [参数显存] cosine 长度=957: 0.2848 MB
2026-04-15 20:28:08,103 - INFO - [参数显存] 模型参数总量: 1,152,556，显存: 4.3967 MB
2026-04-15 20:28:08,743 - INFO - 📌 第一个 epoch：默认所有模块使用 checkpoint
2026-04-15 20:28:35,120 - INFO - Epoch 1 completed in 26.381758 seconds
2026-04-15 20:28:36,073 - INFO - torch.cuda.max_memory_reserved() : 1.029296875
2026-04-15 20:28:36,073 - INFO - torch.cuda.max_memory_allocated() : 0.2924642562866211
2026-04-15 20:29:17,837 - INFO - 🧮 参数显存统计（单位：MB）
2026-04-15 20:29:17,837 - INFO - [参数显存] euclidean 总计: 1.2797 MB
2026-04-15 20:29:17,837 - INFO - [参数显存] euclidean 长度=119: 0.0354 MB
2026-04-15 20:29:17,837 - INFO - [参数显存] euclidean 长度=238: 0.0708 MB
2026-04-15 20:29:17,837 - INFO - [参数显存] euclidean 长度=358: 0.1065 MB
2026-04-15 20:29:17,837 - INFO - [参数显存] euclidean 长度=478: 0.1422 MB
2026-04-15 20:29:17,837 - INFO - [参数显存] euclidean 长度=597: 0.1776 MB
2026-04-15 20:29:17,837 - INFO - [参数显存] euclidean 长度=717: 0.2133 MB
2026-04-15 20:29:17,837 - INFO - [参数显存] euclidean 长度=837: 0.2490 MB
2026-04-15 20:29:17,837 - INFO - [参数显存] euclidean 长度=957: 0.2848 MB
2026-04-15 20:29:17,837 - INFO - [参数显存] cosine 总计: 1.2797 MB
2026-04-15 20:29:17,837 - INFO - [参数显存] cosine 长度=119: 0.0354 MB
2026-04-15 20:29:17,837 - INFO - [参数显存] cosine 长度=238: 0.0708 MB
2026-04-15 20:29:17,837 - INFO - [参数显存] cosine 长度=358: 0.1065 MB
2026-04-15 20:29:17,837 - INFO - [参数显存] cosine 长度=478: 0.1422 MB
2026-04-15 20:29:17,838 - INFO - [参数显存] cosine 长度=597: 0.1776 MB
2026-04-15 20:29:17,838 - INFO - [参数显存] cosine 长度=717: 0.2133 MB
2026-04-15 20:29:17,838 - INFO - [参数显存] cosine 长度=837: 0.2490 MB
2026-04-15 20:29:17,838 - INFO - [参数显存] cosine 长度=957: 0.2848 MB
2026-04-15 20:29:17,838 - INFO - [参数显存] 模型参数总量: 1,152,556，显存: 4.3967 MB
2026-04-15 20:29:18,512 - INFO - 📌 第一个 epoch：默认所有模块使用 checkpoint
2026-04-15 20:29:44,014 - INFO - Epoch 1 completed in 25.524458 seconds
2026-04-15 20:29:44,963 - INFO - torch.cuda.max_memory_reserved() : 2.05859375
2026-04-15 20:29:44,963 - INFO - torch.cuda.max_memory_allocated() : 1.7011637687683105
2026-04-15 20:30:10,049 - INFO - 
[🔁 拟合反向传播时间模型]
2026-04-15 20:30:10,049 - INFO - 总反向传播时间: 11.754701s
2026-04-15 20:30:10,049 - INFO - 拟合模型: backward_total ≈ 2 × (A + B) + b
2026-04-15 20:30:10,049 - INFO - A = 3.281940, B = 0.449874, b = 8.022887s
2026-04-15 20:30:10,075 - INFO - Set parameter LicenseID to value 2706656
2026-04-15 20:30:10,101 - INFO - Set parameter LogToConsole to value 1
2026-04-15 20:30:10,102 - INFO - Set parameter LogFile to value ""
2026-04-15 20:30:10,102 - INFO - Set parameter Threads to value 12
2026-04-15 20:30:10,102 - INFO - Set parameter TimeLimit to value 3600
2026-04-15 20:30:10,102 - INFO - Set parameter Method to value 1
2026-04-15 20:30:10,160 - INFO - Set parameter TimeLimit to value 3000
2026-04-15 20:30:10,161 - INFO - Gurobi Optimizer version 12.0.3 build v12.0.3rc0 (linux64 - "Ubuntu 20.04.6 LTS")
2026-04-15 20:30:10,161 - INFO - 
2026-04-15 20:30:10,161 - INFO - CPU model: Intel(R) Xeon(R) Platinum 8260 CPU @ 2.40GHz, instruction set [SSE2|AVX|AVX2|AVX512]
2026-04-15 20:30:10,161 - INFO - Thread count: 48 physical cores, 96 logical processors, using up to 12 threads
2026-04-15 20:30:10,161 - INFO - 
2026-04-15 20:30:10,161 - INFO - Non-default parameters:
2026-04-15 20:30:10,161 - INFO - TimeLimit  3000
2026-04-15 20:30:10,161 - INFO - Method  1
2026-04-15 20:30:10,161 - INFO - Threads  12
2026-04-15 20:30:10,161 - INFO - 
2026-04-15 20:30:10,161 - INFO - Optimize a model with 3892 rows, 1699 columns and 20398 nonzeros
2026-04-15 20:30:10,162 - INFO - Model fingerprint: 0x7560ae5d
2026-04-15 20:30:10,162 - INFO - Variable types: 0 continuous, 1699 integer (1699 binary)
2026-04-15 20:30:10,162 - INFO - Coefficient statistics:
2026-04-15 20:30:10,162 - INFO -   Matrix range     [1e+00, 4e+14]
2026-04-15 20:30:10,162 - INFO -   Objective range  [9e+04, 3e+05]
2026-04-15 20:30:10,162 - INFO -   Bounds range     [1e+00, 1e+00]
2026-04-15 20:30:10,162 - INFO -   RHS range        [1e+00, 1e+15]
2026-04-15 20:30:10,162 - INFO - Warning: Model contains large matrix coefficient range
2026-04-15 20:30:10,162 - INFO - Warning: Model contains large rhs
2026-04-15 20:30:10,162 - INFO -          Consider reformulating model or setting NumericFocus parameter
2026-04-15 20:30:10,162 - INFO -          to avoid numerical issues.
2026-04-15 20:30:10,165 - INFO - Presolve removed 8 rows and 0 columns
2026-04-15 20:30:10,165 - INFO - Presolve time: 0.00s
2026-04-15 20:30:10,165 - INFO - 
2026-04-15 20:30:10,165 - INFO - Explored 0 nodes (0 simplex iterations) in 0.00 seconds (0.00 work units)
2026-04-15 20:30:10,165 - INFO - Thread count was 1 (of 96 available processors)
2026-04-15 20:30:10,165 - INFO - 
2026-04-15 20:30:10,165 - INFO - Solution count 0
2026-04-15 20:30:10,165 - INFO - 
2026-04-15 20:30:10,165 - INFO - Model is infeasible
2026-04-15 20:30:10,165 - INFO - Best objective -, best bound -, gap -
2026-04-15 20:30:10,165 - INFO - Gurobi Optimizer version 12.0.3 build v12.0.3rc0 (linux64 - "Ubuntu 20.04.6 LTS")
2026-04-15 20:30:10,165 - INFO - 
2026-04-15 20:30:10,165 - INFO - CPU model: Intel(R) Xeon(R) Platinum 8260 CPU @ 2.40GHz, instruction set [SSE2|AVX|AVX2|AVX512]
2026-04-15 20:30:10,165 - INFO - Thread count: 48 physical cores, 96 logical processors, using up to 12 threads
2026-04-15 20:30:10,165 - INFO - 
2026-04-15 20:30:10,165 - INFO - Non-default parameters:
2026-04-15 20:30:10,166 - INFO - TimeLimit  3000
2026-04-15 20:30:10,166 - INFO - Method  1
2026-04-15 20:30:10,166 - INFO - Threads  12
2026-04-15 20:30:10,166 - INFO - 
2026-04-15 20:30:10,166 - INFO - 
2026-04-15 20:30:10,166 - INFO - IIS computed: 1 constraints, 0 bounds
2026-04-15 20:30:10,166 - INFO - IIS runtime: 0.00 seconds (0.00 work units)
2026-04-15 20:30:10,168 - ERROR - Infeasible model, check constraints carefully. Insufficient memory?
Traceback (most recent call last):
  File "/data/user_lixiongfei/csl_hyc/solver/monet_solver.py", line 446, in solve_ilp_gurobi
    solution = ilpsolver.solve()
  File "/data/user_lixiongfei/csl_hyc/solver/monet_solver.py", line 387, in solve
    raise ValueError("Infeasible model, check constraints carefully. Insufficient memory?")
ValueError: Infeasible model, check constraints carefully. Insufficient memory?
2026-04-15 20:32:46,668 - INFO - 🧮 参数显存统计（单位：MB）
2026-04-15 20:32:46,668 - INFO - [参数显存] euclidean 总计: 1.2797 MB
2026-04-15 20:32:46,668 - INFO - [参数显存] euclidean 长度=119: 0.0354 MB
2026-04-15 20:32:46,668 - INFO - [参数显存] euclidean 长度=238: 0.0708 MB
2026-04-15 20:32:46,668 - INFO - [参数显存] euclidean 长度=358: 0.1065 MB
2026-04-15 20:32:46,668 - INFO - [参数显存] euclidean 长度=478: 0.1422 MB
2026-04-15 20:32:46,669 - INFO - [参数显存] euclidean 长度=597: 0.1776 MB
2026-04-15 20:32:46,669 - INFO - [参数显存] euclidean 长度=717: 0.2133 MB
2026-04-15 20:32:46,669 - INFO - [参数显存] euclidean 长度=837: 0.2490 MB
2026-04-15 20:32:46,669 - INFO - [参数显存] euclidean 长度=957: 0.2848 MB
2026-04-15 20:32:46,669 - INFO - [参数显存] cosine 总计: 1.2797 MB
2026-04-15 20:32:46,669 - INFO - [参数显存] cosine 长度=119: 0.0354 MB
2026-04-15 20:32:46,669 - INFO - [参数显存] cosine 长度=238: 0.0708 MB
2026-04-15 20:32:46,669 - INFO - [参数显存] cosine 长度=358: 0.1065 MB
2026-04-15 20:32:46,669 - INFO - [参数显存] cosine 长度=478: 0.1422 MB
2026-04-15 20:32:46,669 - INFO - [参数显存] cosine 长度=597: 0.1776 MB
2026-04-15 20:32:46,669 - INFO - [参数显存] cosine 长度=717: 0.2133 MB
2026-04-15 20:32:46,669 - INFO - [参数显存] cosine 长度=837: 0.2490 MB
2026-04-15 20:32:46,669 - INFO - [参数显存] cosine 长度=957: 0.2848 MB
2026-04-15 20:32:46,669 - INFO - [参数显存] 模型参数总量: 1,152,556，显存: 4.3967 MB
2026-04-15 20:32:47,325 - INFO - 📌 第一个 epoch：默认所有模块使用 checkpoint
2026-04-15 20:33:18,591 - INFO - Epoch 1 completed in 31.286919 seconds
2026-04-15 20:33:19,564 - INFO - torch.cuda.max_memory_reserved() : 1.029296875
2026-04-15 20:33:19,564 - INFO - torch.cuda.max_memory_allocated() : 0.2924642562866211
2026-04-15 20:33:50,437 - INFO - 
[🔁 拟合反向传播时间模型]
2026-04-15 20:33:50,438 - INFO - 总反向传播时间: 11.601911s
2026-04-15 20:33:50,438 - INFO - 拟合模型: backward_total ≈ 2 × (A + B) + b
2026-04-15 20:33:50,438 - INFO - A = 3.601184, B = 0.373764, b = 7.626963s
2026-04-15 20:33:50,463 - INFO - Set parameter LicenseID to value 2706656
2026-04-15 20:33:50,470 - INFO - Set parameter LogToConsole to value 1
2026-04-15 20:33:50,470 - INFO - Set parameter LogFile to value ""
2026-04-15 20:33:50,470 - INFO - Set parameter Threads to value 12
2026-04-15 20:33:50,471 - INFO - Set parameter TimeLimit to value 3600
2026-04-15 20:33:50,471 - INFO - Set parameter Method to value 1
2026-04-15 20:33:50,551 - INFO - Set parameter TimeLimit to value 3000
2026-04-15 20:33:50,553 - INFO - Gurobi Optimizer version 12.0.3 build v12.0.3rc0 (linux64 - "Ubuntu 20.04.6 LTS")
2026-04-15 20:33:50,553 - INFO - 
2026-04-15 20:33:50,553 - INFO - CPU model: Intel(R) Xeon(R) Platinum 8260 CPU @ 2.40GHz, instruction set [SSE2|AVX|AVX2|AVX512]
2026-04-15 20:33:50,553 - INFO - Thread count: 48 physical cores, 96 logical processors, using up to 12 threads
2026-04-15 20:33:50,553 - INFO - 
2026-04-15 20:33:50,553 - INFO - Non-default parameters:
2026-04-15 20:33:50,553 - INFO - TimeLimit  3000
2026-04-15 20:33:50,553 - INFO - Method  1
2026-04-15 20:33:50,553 - INFO - Threads  12
2026-04-15 20:33:50,553 - INFO - 
2026-04-15 20:33:50,553 - INFO - Optimize a model with 3892 rows, 1699 columns and 20398 nonzeros
2026-04-15 20:33:50,554 - INFO - Model fingerprint: 0xd23310f2
2026-04-15 20:33:50,554 - INFO - Variable types: 0 continuous, 1699 integer (1699 binary)
2026-04-15 20:33:50,554 - INFO - Coefficient statistics:
2026-04-15 20:33:50,554 - INFO -   Matrix range     [1e+00, 4e+14]
2026-04-15 20:33:50,554 - INFO -   Objective range  [8e+04, 3e+05]
2026-04-15 20:33:50,554 - INFO -   Bounds range     [1e+00, 1e+00]
2026-04-15 20:33:50,554 - INFO -   RHS range        [1e+00, 1e+15]
2026-04-15 20:33:50,554 - INFO - Warning: Model contains large matrix coefficient range
2026-04-15 20:33:50,554 - INFO - Warning: Model contains large rhs
2026-04-15 20:33:50,554 - INFO -          Consider reformulating model or setting NumericFocus parameter
2026-04-15 20:33:50,554 - INFO -          to avoid numerical issues.
2026-04-15 20:33:50,555 - INFO - Found heuristic solution: objective 8306491.0000
2026-04-15 20:33:50,584 - INFO - Presolve removed 3660 rows and 1490 columns
2026-04-15 20:33:50,584 - INFO - Presolve time: 0.03s
2026-04-15 20:33:50,584 - INFO - Presolved: 232 rows, 209 columns, 1943 nonzeros
2026-04-15 20:33:50,585 - INFO - Variable types: 0 continuous, 209 integer (209 binary)
2026-04-15 20:33:50,585 - INFO - Found heuristic solution: objective 7758484.0000
2026-04-15 20:33:50,587 - INFO - 
2026-04-15 20:33:50,587 - INFO - Root relaxation: objective 6.699155e+06, 138 iterations, 0.00 seconds (0.00 work units)
2026-04-15 20:33:50,591 - INFO - 
2026-04-15 20:33:50,591 - INFO -     Nodes    |    Current Node    |     Objective Bounds      |     Work
2026-04-15 20:33:50,591 - INFO -  Expl Unexpl |  Obj  Depth IntInf | Incumbent    BestBd   Gap | It/Node Time
2026-04-15 20:33:50,592 - INFO - 
2026-04-15 20:33:50,592 - INFO -      0     0 6699154.64    0    8 7758484.00 6699154.64  13.7%     -    0s
2026-04-15 20:33:50,592 - INFO - H    0     0                    7436340.0000 6699154.64  9.91%     -    0s
2026-04-15 20:33:50,592 - INFO - H    0     0                    7179909.0000 6699154.64  6.70%     -    0s
2026-04-15 20:33:50,593 - INFO - H    0     0                    7046805.0000 6699154.64  4.93%     -    0s
2026-04-15 20:33:50,593 - INFO - H    0     0                    6918929.0000 6699154.64  3.18%     -    0s
2026-04-15 20:33:50,602 - INFO - H    0     0                    6773298.0000 6730239.13  0.64%     -    0s
2026-04-15 20:33:50,603 - INFO -      0     0 6730239.13    0   17 6773298.00 6730239.13  0.64%     -    0s
2026-04-15 20:33:50,611 - INFO - H    0     0                    6757328.0000 6730239.13  0.40%     -    0s
2026-04-15 20:33:50,612 - INFO - 
2026-04-15 20:33:50,612 - INFO - Cutting planes:
2026-04-15 20:33:50,612 - INFO -   Cover: 7
2026-04-15 20:33:50,612 - INFO -   RLT: 5
2026-04-15 20:33:50,613 - INFO - 
2026-04-15 20:33:50,613 - INFO - Explored 1 nodes (198 simplex iterations) in 0.06 seconds (0.03 work units)
2026-04-15 20:33:50,613 - INFO - Thread count was 12 (of 96 available processors)
2026-04-15 20:33:50,613 - INFO - 
2026-04-15 20:33:50,613 - INFO - Solution count 8: 6.75733e+06 6.7733e+06 6.91893e+06 ... 8.30649e+06
2026-04-15 20:33:50,613 - INFO - 
2026-04-15 20:33:50,613 - INFO - Optimal solution found (tolerance 1.00e-04)
2026-04-15 20:33:50,613 - INFO - Best objective 6.757328000000e+06, best bound 6.757328000000e+06, gap 0.0000%
2026-04-15 20:33:50,622 - INFO - 规划前的显存GB：1.0
2026-04-15 20:33:50,622 - INFO - 规划后的显存GB：0.8665428161621094
2026-04-15 20:33:50,623 - INFO - 规划前的显存GB：1.0
2026-04-15 20:33:50,623 - INFO - 规划后的显存GB：0.3570276200771332
2026-04-15 20:33:50,623 - INFO - ✅ 最优策略：[True, True, True, True, True, False, True, False, False, True, False, False, False, False, False, False]
2026-04-15 20:33:50,623 - INFO - 📌 checkpoint 的欧氏长度:, [717, 957]
2026-04-15 20:33:50,623 - INFO - 📌 checkpoint 的余弦长度:, [119, 358, 478, 597, 717, 837, 957]
2026-04-15 20:33:50,623 - INFO - 💾 最终显存峰值：%.2f MB % 1780.8826751708984
2026-04-15 20:33:50,623 - INFO - 🕒 显存计划规划时间: 0.185042 秒
2026-04-15 20:33:50,624 - INFO - Epoch 2 completed in 31.058916 seconds
2026-04-15 20:33:50,624 - INFO - torch.cuda.max_memory_reserved() : 1.029296875
2026-04-15 20:33:50,624 - INFO - torch.cuda.max_memory_allocated() : 0.21935510635375977
2026-04-15 20:34:20,167 - INFO - Epoch 3 completed in 29.541906 seconds
2026-04-15 20:34:20,168 - INFO - 
====================== [第1个 Epoch 收集统计数据] ======================
2026-04-15 20:34:20,168 - INFO - 
🔍 EUCLIDEAN modules:
2026-04-15 20:34:20,168 - INFO - [Shapelet 119] forward_avg=0.002916s over 26 calls | peak=72.20MB | final=0.00MB
2026-04-15 20:34:20,168 - INFO - [Shapelet 238] forward_avg=0.002564s over 26 calls | peak=126.95MB | final=0.00MB
2026-04-15 20:34:20,168 - INFO - [Shapelet 358] forward_avg=0.002449s over 26 calls | peak=169.17MB | final=0.00MB
2026-04-15 20:34:20,168 - INFO - [Shapelet 478] forward_avg=0.002610s over 26 calls | peak=193.41MB | final=0.00MB
2026-04-15 20:34:20,168 - INFO - [Shapelet 597] forward_avg=0.002486s over 26 calls | peak=199.65MB | final=0.00MB
2026-04-15 20:34:20,168 - INFO - [Shapelet 717] forward_avg=0.002379s over 26 calls | peak=193.90MB | final=0.00MB
2026-04-15 20:34:20,168 - INFO - [Shapelet 837] forward_avg=0.002467s over 26 calls | peak=170.03MB | final=0.00MB
2026-04-15 20:34:20,168 - INFO - [Shapelet 957] forward_avg=0.002307s over 26 calls | peak=129.44MB | final=0.00MB
2026-04-15 20:34:20,168 - INFO - 
🔍 COSINE modules:
2026-04-15 20:34:20,168 - INFO - [Shapelet 119] forward_avg=0.003248s over 26 calls | peak=47.22MB | final=0.00MB
2026-04-15 20:34:20,168 - INFO - [Shapelet 238] forward_avg=0.003194s over 26 calls | peak=83.85MB | final=0.00MB
2026-04-15 20:34:20,168 - INFO - [Shapelet 358] forward_avg=0.003204s over 26 calls | peak=112.15MB | final=0.00MB
2026-04-15 20:34:20,168 - INFO - [Shapelet 478] forward_avg=0.003310s over 26 calls | peak=128.13MB | final=0.00MB
2026-04-15 20:34:20,168 - INFO - [Shapelet 597] forward_avg=0.003219s over 26 calls | peak=132.11MB | final=0.00MB
2026-04-15 20:34:20,168 - INFO - [Shapelet 717] forward_avg=0.003234s over 26 calls | peak=128.09MB | final=0.00MB
2026-04-15 20:34:20,168 - INFO - [Shapelet 837] forward_avg=0.003292s over 26 calls | peak=112.07MB | final=0.00MB
2026-04-15 20:34:20,168 - INFO - [Shapelet 957] forward_avg=0.003291s over 26 calls | peak=84.51MB | final=0.00MB
2026-04-15 20:34:20,168 - INFO - 
🔍 CROSS modules:
2026-04-15 20:34:20,169 - INFO - [Shapelet 119] forward_avg=0.000804s over 26 calls
2026-04-15 20:34:20,169 - INFO - [Shapelet 238] forward_avg=0.000851s over 26 calls
2026-04-15 20:34:20,169 - INFO - [Shapelet 358] forward_avg=0.000932s over 26 calls
2026-04-15 20:34:20,169 - INFO - [Shapelet 478] forward_avg=0.000859s over 26 calls
2026-04-15 20:34:20,169 - INFO - [Shapelet 597] forward_avg=0.000870s over 26 calls
2026-04-15 20:34:20,169 - INFO - [Shapelet 717] forward_avg=0.000927s over 26 calls
2026-04-15 20:34:20,169 - INFO - [Shapelet 837] forward_avg=0.000976s over 26 calls
2026-04-15 20:34:20,169 - INFO - [Shapelet 957] forward_avg=0.000970s over 26 calls
2026-04-15 20:34:20,169 - INFO - 
-- EUCLIDEAN backward --
2026-04-15 20:34:20,169 - INFO - [Shapelet 119] backward_avg=1.253502s over 26 calls | peak=177.46MB | final=0.00MB
2026-04-15 20:34:20,169 - INFO - [Shapelet 238] backward_avg=1.253625s over 26 calls | peak=233.95MB | final=0.00MB
2026-04-15 20:34:20,169 - INFO - [Shapelet 358] backward_avg=1.253679s over 26 calls | peak=265.83MB | final=0.00MB
2026-04-15 20:34:20,169 - INFO - [Shapelet 478] backward_avg=1.253703s over 26 calls | peak=274.49MB | final=0.00MB
2026-04-15 20:34:20,169 - INFO - [Shapelet 597] backward_avg=1.253658s over 26 calls | peak=267.07MB | final=0.00MB
2026-04-15 20:34:20,169 - INFO - [Shapelet 717] backward_avg=1.253776s over 26 calls | peak=234.23MB | final=0.00MB
2026-04-15 20:34:20,169 - INFO - [Shapelet 837] backward_avg=1.253823s over 26 calls | peak=179.47MB | final=0.00MB
2026-04-15 20:34:20,169 - INFO - [Shapelet 957] backward_avg=1.253941s over 26 calls | peak=45.95MB | final=0.00MB
2026-04-15 20:34:20,169 - INFO - 
-- COSINE backward --
2026-04-15 20:34:20,169 - INFO - [Shapelet 119] backward_avg=1.253934s over 26 calls | peak=82.49MB | final=0.00MB
2026-04-15 20:34:20,169 - INFO - [Shapelet 238] backward_avg=1.254088s over 26 calls | peak=110.69MB | final=0.00MB
2026-04-15 20:34:20,169 - INFO - [Shapelet 358] backward_avg=1.254103s over 26 calls | peak=126.52MB | final=0.00MB
2026-04-15 20:34:20,169 - INFO - [Shapelet 478] backward_avg=1.254173s over 26 calls | peak=130.32MB | final=0.00MB
2026-04-15 20:34:20,169 - INFO - [Shapelet 597] backward_avg=1.254188s over 26 calls | peak=126.09MB | final=0.00MB
2026-04-15 20:34:20,169 - INFO - [Shapelet 717] backward_avg=1.254218s over 26 calls | peak=109.82MB | final=0.00MB
2026-04-15 20:34:20,169 - INFO - [Shapelet 837] backward_avg=1.254350s over 26 calls | peak=81.97MB | final=0.00MB
2026-04-15 20:34:20,169 - INFO - [Shapelet 957] backward_avg=1.254476s over 26 calls | peak=7.01MB | final=0.00MB
2026-04-15 20:34:20,169 - INFO - 
-- CROSS backward --
2026-04-15 20:34:20,169 - INFO - [Shapelet 119] backward_avg=1.247843s over 26 calls
2026-04-15 20:34:20,169 - INFO - [Shapelet 238] backward_avg=1.254507s over 26 calls
2026-04-15 20:34:20,169 - INFO - [Shapelet 358] backward_avg=1.254436s over 26 calls
2026-04-15 20:34:20,169 - INFO - [Shapelet 478] backward_avg=1.254543s over 26 calls
2026-04-15 20:34:20,170 - INFO - [Shapelet 597] backward_avg=1.254551s over 26 calls
2026-04-15 20:34:20,170 - INFO - [Shapelet 717] backward_avg=1.254568s over 26 calls
2026-04-15 20:34:20,170 - INFO - [Shapelet 837] backward_avg=1.254598s over 26 calls
2026-04-15 20:34:20,170 - INFO - [Shapelet 957] backward_avg=1.254622s over 26 calls
2026-04-15 20:34:20,170 - INFO - 
💾 模型第一次反向传播阶段的显存峰值（所有模块中的最大值）: 922.93 MB
2026-04-15 20:34:20,170 - INFO - 
💾 模型初始显存: 4.64 MB
2026-04-15 20:34:20,170 - INFO - =======================================================================

2026-04-15 20:34:20,170 - INFO - torch.cuda.max_memory_reserved() : 1.03125
2026-04-15 20:34:20,170 - INFO - torch.cuda.max_memory_allocated() : 0.8700013160705566
2026-04-15 20:34:20,171 - INFO - !!!采用策略后的几个epoch 平均时间:29.541906118392944
2026-04-15 20:34:20,171 - INFO - 



2026-04-15 20:36:34,908 - INFO - 🧮 参数显存统计（单位：MB）
2026-04-15 20:36:34,908 - INFO - [参数显存] euclidean 总计: 1.2797 MB
2026-04-15 20:36:34,909 - INFO - [参数显存] euclidean 长度=119: 0.0354 MB
2026-04-15 20:36:34,909 - INFO - [参数显存] euclidean 长度=238: 0.0708 MB
2026-04-15 20:36:34,909 - INFO - [参数显存] euclidean 长度=358: 0.1065 MB
2026-04-15 20:36:34,909 - INFO - [参数显存] euclidean 长度=478: 0.1422 MB
2026-04-15 20:36:34,909 - INFO - [参数显存] euclidean 长度=597: 0.1776 MB
2026-04-15 20:36:34,909 - INFO - [参数显存] euclidean 长度=717: 0.2133 MB
2026-04-15 20:36:34,909 - INFO - [参数显存] euclidean 长度=837: 0.2490 MB
2026-04-15 20:36:34,909 - INFO - [参数显存] euclidean 长度=957: 0.2848 MB
2026-04-15 20:36:34,909 - INFO - [参数显存] cosine 总计: 1.2797 MB
2026-04-15 20:36:34,909 - INFO - [参数显存] cosine 长度=119: 0.0354 MB
2026-04-15 20:36:34,909 - INFO - [参数显存] cosine 长度=238: 0.0708 MB
2026-04-15 20:36:34,909 - INFO - [参数显存] cosine 长度=358: 0.1065 MB
2026-04-15 20:36:34,909 - INFO - [参数显存] cosine 长度=478: 0.1422 MB
2026-04-15 20:36:34,909 - INFO - [参数显存] cosine 长度=597: 0.1776 MB
2026-04-15 20:36:34,909 - INFO - [参数显存] cosine 长度=717: 0.2133 MB
2026-04-15 20:36:34,909 - INFO - [参数显存] cosine 长度=837: 0.2490 MB
2026-04-15 20:36:34,909 - INFO - [参数显存] cosine 长度=957: 0.2848 MB
2026-04-15 20:36:34,909 - INFO - [参数显存] 模型参数总量: 1,152,556，显存: 4.3967 MB
2026-04-15 20:36:35,524 - INFO - 📌 第一个 epoch：默认所有模块使用 checkpoint
2026-04-15 20:36:54,564 - INFO - Epoch 1 completed in 19.043915 seconds
2026-04-15 20:36:55,376 - INFO - torch.cuda.max_memory_reserved() : 2.05859375
2026-04-15 20:36:55,376 - INFO - torch.cuda.max_memory_allocated() : 1.7011637687683105
2026-04-15 20:37:18,835 - INFO - 
[🔁 拟合反向传播时间模型]
2026-04-15 20:37:18,835 - INFO - 总反向传播时间: 10.887360s
2026-04-15 20:37:18,835 - INFO - 拟合模型: backward_total ≈ 2 × (A + B) + b
2026-04-15 20:37:18,835 - INFO - A = 2.766625, B = 0.289747, b = 7.830988s
2026-04-15 20:37:18,863 - INFO - Set parameter LicenseID to value 2706656
2026-04-15 20:37:18,869 - INFO - Set parameter LogToConsole to value 1
2026-04-15 20:37:18,869 - INFO - Set parameter LogFile to value ""
2026-04-15 20:37:18,869 - INFO - Set parameter Threads to value 12
2026-04-15 20:37:18,869 - INFO - Set parameter TimeLimit to value 3600
2026-04-15 20:37:18,870 - INFO - Set parameter Method to value 1
2026-04-15 20:37:18,921 - INFO - Set parameter TimeLimit to value 3000
2026-04-15 20:37:18,923 - INFO - Gurobi Optimizer version 12.0.3 build v12.0.3rc0 (linux64 - "Ubuntu 20.04.6 LTS")
2026-04-15 20:37:18,923 - INFO - 
2026-04-15 20:37:18,923 - INFO - CPU model: Intel(R) Xeon(R) Platinum 8260 CPU @ 2.40GHz, instruction set [SSE2|AVX|AVX2|AVX512]
2026-04-15 20:37:18,923 - INFO - Thread count: 48 physical cores, 96 logical processors, using up to 12 threads
2026-04-15 20:37:18,923 - INFO - 
2026-04-15 20:37:18,923 - INFO - Non-default parameters:
2026-04-15 20:37:18,923 - INFO - TimeLimit  3000
2026-04-15 20:37:18,923 - INFO - Method  1
2026-04-15 20:37:18,923 - INFO - Threads  12
2026-04-15 20:37:18,923 - INFO - 
2026-04-15 20:37:18,923 - INFO - Optimize a model with 3892 rows, 1699 columns and 20398 nonzeros
2026-04-15 20:37:18,924 - INFO - Model fingerprint: 0x4461522a
2026-04-15 20:37:18,924 - INFO - Variable types: 0 continuous, 1699 integer (1699 binary)
2026-04-15 20:37:18,924 - INFO - Coefficient statistics:
2026-04-15 20:37:18,924 - INFO -   Matrix range     [1e+00, 4e+14]
2026-04-15 20:37:18,924 - INFO -   Objective range  [6e+04, 2e+05]
2026-04-15 20:37:18,924 - INFO -   Bounds range     [1e+00, 1e+00]
2026-04-15 20:37:18,924 - INFO -   RHS range        [1e+00, 1e+15]
2026-04-15 20:37:18,924 - INFO - Warning: Model contains large matrix coefficient range
2026-04-15 20:37:18,924 - INFO - Warning: Model contains large rhs
2026-04-15 20:37:18,924 - INFO -          Consider reformulating model or setting NumericFocus parameter
2026-04-15 20:37:18,924 - INFO -          to avoid numerical issues.
2026-04-15 20:37:18,927 - INFO - Presolve removed 8 rows and 0 columns
2026-04-15 20:37:18,927 - INFO - Presolve time: 0.00s
2026-04-15 20:37:18,927 - INFO - 
2026-04-15 20:37:18,927 - INFO - Explored 0 nodes (0 simplex iterations) in 0.00 seconds (0.00 work units)
2026-04-15 20:37:18,927 - INFO - Thread count was 1 (of 96 available processors)
2026-04-15 20:37:18,927 - INFO - 
2026-04-15 20:37:18,927 - INFO - Solution count 0
2026-04-15 20:37:18,927 - INFO - 
2026-04-15 20:37:18,927 - INFO - Model is infeasible
2026-04-15 20:37:18,927 - INFO - Best objective -, best bound -, gap -
2026-04-15 20:37:18,927 - INFO - Gurobi Optimizer version 12.0.3 build v12.0.3rc0 (linux64 - "Ubuntu 20.04.6 LTS")
2026-04-15 20:37:18,927 - INFO - 
2026-04-15 20:37:18,927 - INFO - CPU model: Intel(R) Xeon(R) Platinum 8260 CPU @ 2.40GHz, instruction set [SSE2|AVX|AVX2|AVX512]
2026-04-15 20:37:18,927 - INFO - Thread count: 48 physical cores, 96 logical processors, using up to 12 threads
2026-04-15 20:37:18,927 - INFO - 
2026-04-15 20:37:18,927 - INFO - Non-default parameters:
2026-04-15 20:37:18,928 - INFO - TimeLimit  3000
2026-04-15 20:37:18,928 - INFO - Method  1
2026-04-15 20:37:18,928 - INFO - Threads  12
2026-04-15 20:37:18,928 - INFO - 
2026-04-15 20:37:18,928 - INFO - 
2026-04-15 20:37:18,928 - INFO - IIS computed: 1 constraints, 0 bounds
2026-04-15 20:37:18,928 - INFO - IIS runtime: 0.00 seconds (0.00 work units)
2026-04-15 20:37:18,929 - ERROR - Infeasible model, check constraints carefully. Insufficient memory?
Traceback (most recent call last):
  File "/data/user_lixiongfei/csl_hyc/solver/monet_solver.py", line 446, in solve_ilp_gurobi
    solution = ilpsolver.solve()
  File "/data/user_lixiongfei/csl_hyc/solver/monet_solver.py", line 387, in solve
    raise ValueError("Infeasible model, check constraints carefully. Insufficient memory?")
ValueError: Infeasible model, check constraints carefully. Insufficient memory?
2026-04-15 20:51:13,023 - INFO - 🧮 参数显存统计（单位：MB）
2026-04-15 20:51:13,023 - INFO - [参数显存] euclidean 总计: 1.2797 MB
2026-04-15 20:51:13,023 - INFO - [参数显存] euclidean 长度=119: 0.0354 MB
2026-04-15 20:51:13,023 - INFO - [参数显存] euclidean 长度=238: 0.0708 MB
2026-04-15 20:51:13,023 - INFO - [参数显存] euclidean 长度=358: 0.1065 MB
2026-04-15 20:51:13,023 - INFO - [参数显存] euclidean 长度=478: 0.1422 MB
2026-04-15 20:51:13,023 - INFO - [参数显存] euclidean 长度=597: 0.1776 MB
2026-04-15 20:51:13,023 - INFO - [参数显存] euclidean 长度=717: 0.2133 MB
2026-04-15 20:51:13,023 - INFO - [参数显存] euclidean 长度=837: 0.2490 MB
2026-04-15 20:51:13,023 - INFO - [参数显存] euclidean 长度=957: 0.2848 MB
2026-04-15 20:51:13,023 - INFO - [参数显存] cosine 总计: 1.2797 MB
2026-04-15 20:51:13,024 - INFO - [参数显存] cosine 长度=119: 0.0354 MB
2026-04-15 20:51:13,024 - INFO - [参数显存] cosine 长度=238: 0.0708 MB
2026-04-15 20:51:13,024 - INFO - [参数显存] cosine 长度=358: 0.1065 MB
2026-04-15 20:51:13,024 - INFO - [参数显存] cosine 长度=478: 0.1422 MB
2026-04-15 20:51:13,024 - INFO - [参数显存] cosine 长度=597: 0.1776 MB
2026-04-15 20:51:13,024 - INFO - [参数显存] cosine 长度=717: 0.2133 MB
2026-04-15 20:51:13,024 - INFO - [参数显存] cosine 长度=837: 0.2490 MB
2026-04-15 20:51:13,024 - INFO - [参数显存] cosine 长度=957: 0.2848 MB
2026-04-15 20:51:13,024 - INFO - [参数显存] 模型参数总量: 1,152,556，显存: 4.3967 MB
2026-04-15 20:51:13,718 - INFO - 📌 第一个 epoch：默认所有模块使用 checkpoint
2026-04-15 20:51:38,127 - INFO - Epoch 1 completed in 24.426698 seconds
2026-04-15 20:51:39,011 - INFO - torch.cuda.max_memory_reserved() : 2.05859375
2026-04-15 20:51:39,012 - INFO - torch.cuda.max_memory_allocated() : 1.7011637687683105
2026-04-15 20:52:04,259 - INFO - 
[🔁 拟合反向传播时间模型]
2026-04-15 20:52:04,260 - INFO - 总反向传播时间: 12.659391s
2026-04-15 20:52:04,260 - INFO - 拟合模型: backward_total ≈ 2 × (A + B) + b
2026-04-15 20:52:04,260 - INFO - A = 3.197550, B = 0.313837, b = 9.148004s
2026-04-15 20:52:04,305 - INFO - Set parameter LicenseID to value 2706656
2026-04-15 20:52:04,333 - INFO - Set parameter LogToConsole to value 1
2026-04-15 20:52:04,334 - INFO - Set parameter LogFile to value ""
2026-04-15 20:52:04,334 - INFO - Set parameter Threads to value 12
2026-04-15 20:52:04,334 - INFO - Set parameter TimeLimit to value 3600
2026-04-15 20:52:04,334 - INFO - Set parameter Method to value 1
2026-04-15 20:52:04,388 - INFO - Set parameter TimeLimit to value 3000
2026-04-15 20:52:04,390 - INFO - Gurobi Optimizer version 12.0.3 build v12.0.3rc0 (linux64 - "Ubuntu 20.04.6 LTS")
2026-04-15 20:52:04,390 - INFO - 
2026-04-15 20:52:04,390 - INFO - CPU model: Intel(R) Xeon(R) Platinum 8260 CPU @ 2.40GHz, instruction set [SSE2|AVX|AVX2|AVX512]
2026-04-15 20:52:04,390 - INFO - Thread count: 48 physical cores, 96 logical processors, using up to 12 threads
2026-04-15 20:52:04,390 - INFO - 
2026-04-15 20:52:04,390 - INFO - Non-default parameters:
2026-04-15 20:52:04,390 - INFO - TimeLimit  3000
2026-04-15 20:52:04,390 - INFO - Method  1
2026-04-15 20:52:04,390 - INFO - Threads  12
2026-04-15 20:52:04,390 - INFO - 
2026-04-15 20:52:04,390 - INFO - Optimize a model with 3892 rows, 1699 columns and 20398 nonzeros
2026-04-15 20:52:04,391 - INFO - Model fingerprint: 0xed5c2a66
2026-04-15 20:52:04,391 - INFO - Variable types: 0 continuous, 1699 integer (1699 binary)
2026-04-15 20:52:04,391 - INFO - Coefficient statistics:
2026-04-15 20:52:04,391 - INFO -   Matrix range     [1e+00, 4e+14]
2026-04-15 20:52:04,391 - INFO -   Objective range  [7e+04, 3e+05]
2026-04-15 20:52:04,391 - INFO -   Bounds range     [1e+00, 1e+00]
2026-04-15 20:52:04,391 - INFO -   RHS range        [1e+00, 1e+15]
2026-04-15 20:52:04,391 - INFO - Warning: Model contains large matrix coefficient range
2026-04-15 20:52:04,391 - INFO - Warning: Model contains large rhs
2026-04-15 20:52:04,391 - INFO -          Consider reformulating model or setting NumericFocus parameter
2026-04-15 20:52:04,391 - INFO -          to avoid numerical issues.
2026-04-15 20:52:04,394 - INFO - Presolve removed 8 rows and 0 columns
2026-04-15 20:52:04,394 - INFO - Presolve time: 0.00s
2026-04-15 20:52:04,394 - INFO - 
2026-04-15 20:52:04,394 - INFO - Explored 0 nodes (0 simplex iterations) in 0.00 seconds (0.00 work units)
2026-04-15 20:52:04,394 - INFO - Thread count was 1 (of 96 available processors)
2026-04-15 20:52:04,394 - INFO - 
2026-04-15 20:52:04,394 - INFO - Solution count 0
2026-04-15 20:52:04,394 - INFO - 
2026-04-15 20:52:04,394 - INFO - Model is infeasible
2026-04-15 20:52:04,394 - INFO - Best objective -, best bound -, gap -
2026-04-15 20:52:04,394 - INFO - Gurobi Optimizer version 12.0.3 build v12.0.3rc0 (linux64 - "Ubuntu 20.04.6 LTS")
2026-04-15 20:52:04,394 - INFO - 
2026-04-15 20:52:04,394 - INFO - CPU model: Intel(R) Xeon(R) Platinum 8260 CPU @ 2.40GHz, instruction set [SSE2|AVX|AVX2|AVX512]
2026-04-15 20:52:04,394 - INFO - Thread count: 48 physical cores, 96 logical processors, using up to 12 threads
2026-04-15 20:52:04,394 - INFO - 
2026-04-15 20:52:04,394 - INFO - Non-default parameters:
2026-04-15 20:52:04,394 - INFO - TimeLimit  3000
2026-04-15 20:52:04,394 - INFO - Method  1
2026-04-15 20:52:04,394 - INFO - Threads  12
2026-04-15 20:52:04,394 - INFO - 
2026-04-15 20:52:04,395 - INFO - 
2026-04-15 20:52:04,395 - INFO - IIS computed: 1 constraints, 0 bounds
2026-04-15 20:52:04,395 - INFO - IIS runtime: 0.00 seconds (0.00 work units)
2026-04-15 20:52:04,396 - ERROR - Infeasible model, check constraints carefully. Insufficient memory?
Traceback (most recent call last):
  File "/data/user_lixiongfei/csl_hyc/solver/monet_solver.py", line 446, in solve_ilp_gurobi
    solution = ilpsolver.solve()
  File "/data/user_lixiongfei/csl_hyc/solver/monet_solver.py", line 387, in solve
    raise ValueError("Infeasible model, check constraints carefully. Insufficient memory?")
ValueError: Infeasible model, check constraints carefully. Insufficient memory?
2026-04-15 21:00:57,513 - INFO - 🧮 参数显存统计（单位：MB）
2026-04-15 21:00:57,513 - INFO - [参数显存] euclidean 总计: 1.2797 MB
2026-04-15 21:00:57,513 - INFO - [参数显存] euclidean 长度=119: 0.0354 MB
2026-04-15 21:00:57,513 - INFO - [参数显存] euclidean 长度=238: 0.0708 MB
2026-04-15 21:00:57,513 - INFO - [参数显存] euclidean 长度=358: 0.1065 MB
2026-04-15 21:00:57,513 - INFO - [参数显存] euclidean 长度=478: 0.1422 MB
2026-04-15 21:00:57,513 - INFO - [参数显存] euclidean 长度=597: 0.1776 MB
2026-04-15 21:00:57,513 - INFO - [参数显存] euclidean 长度=717: 0.2133 MB
2026-04-15 21:00:57,513 - INFO - [参数显存] euclidean 长度=837: 0.2490 MB
2026-04-15 21:00:57,513 - INFO - [参数显存] euclidean 长度=957: 0.2848 MB
2026-04-15 21:00:57,513 - INFO - [参数显存] cosine 总计: 1.2797 MB
2026-04-15 21:00:57,513 - INFO - [参数显存] cosine 长度=119: 0.0354 MB
2026-04-15 21:00:57,513 - INFO - [参数显存] cosine 长度=238: 0.0708 MB
2026-04-15 21:00:57,513 - INFO - [参数显存] cosine 长度=358: 0.1065 MB
2026-04-15 21:00:57,513 - INFO - [参数显存] cosine 长度=478: 0.1422 MB
2026-04-15 21:00:57,513 - INFO - [参数显存] cosine 长度=597: 0.1776 MB
2026-04-15 21:00:57,513 - INFO - [参数显存] cosine 长度=717: 0.2133 MB
2026-04-15 21:00:57,513 - INFO - [参数显存] cosine 长度=837: 0.2490 MB
2026-04-15 21:00:57,513 - INFO - [参数显存] cosine 长度=957: 0.2848 MB
2026-04-15 21:00:57,513 - INFO - [参数显存] 模型参数总量: 1,152,556，显存: 4.3967 MB
2026-04-15 21:00:58,137 - INFO - 📌 第一个 epoch：默认所有模块使用 checkpoint
2026-04-15 21:01:21,809 - INFO - Epoch 1 completed in 23.676997 seconds
2026-04-15 21:01:22,701 - INFO - torch.cuda.max_memory_reserved() : 2.05859375
2026-04-15 21:01:22,701 - INFO - torch.cuda.max_memory_allocated() : 1.7011642456054688
2026-04-15 21:01:46,288 - INFO - 
[🔁 拟合反向传播时间模型]
2026-04-15 21:01:46,289 - INFO - 总反向传播时间: 9.487669s
2026-04-15 21:01:46,289 - INFO - 拟合模型: backward_total ≈ 2 × (A + B) + b
2026-04-15 21:01:46,289 - INFO - A = 2.890022, B = 0.308144, b = 6.289503s
2026-04-15 21:01:46,339 - INFO - Set parameter LicenseID to value 2706656
2026-04-15 21:01:46,343 - INFO - Set parameter LogToConsole to value 1
2026-04-15 21:01:46,344 - INFO - Set parameter LogFile to value ""
2026-04-15 21:01:46,344 - INFO - Set parameter Threads to value 12
2026-04-15 21:01:46,344 - INFO - Set parameter TimeLimit to value 3600
2026-04-15 21:01:46,344 - INFO - Set parameter Method to value 1
2026-04-15 21:01:46,399 - INFO - Set parameter TimeLimit to value 3000
2026-04-15 21:01:46,400 - INFO - Gurobi Optimizer version 12.0.3 build v12.0.3rc0 (linux64 - "Ubuntu 20.04.6 LTS")
2026-04-15 21:01:46,400 - INFO - 
2026-04-15 21:01:46,401 - INFO - CPU model: Intel(R) Xeon(R) Platinum 8260 CPU @ 2.40GHz, instruction set [SSE2|AVX|AVX2|AVX512]
2026-04-15 21:01:46,401 - INFO - Thread count: 48 physical cores, 96 logical processors, using up to 12 threads
2026-04-15 21:01:46,401 - INFO - 
2026-04-15 21:01:46,401 - INFO - Non-default parameters:
2026-04-15 21:01:46,401 - INFO - TimeLimit  3000
2026-04-15 21:01:46,401 - INFO - Method  1
2026-04-15 21:01:46,401 - INFO - Threads  12
2026-04-15 21:01:46,401 - INFO - 
2026-04-15 21:01:46,401 - INFO - Optimize a model with 3892 rows, 1699 columns and 20398 nonzeros
2026-04-15 21:01:46,401 - INFO - Model fingerprint: 0x52f5b0cd
2026-04-15 21:01:46,401 - INFO - Variable types: 0 continuous, 1699 integer (1699 binary)
2026-04-15 21:01:46,401 - INFO - Coefficient statistics:
2026-04-15 21:01:46,401 - INFO -   Matrix range     [1e+00, 4e+14]
2026-04-15 21:01:46,401 - INFO -   Objective range  [7e+04, 2e+05]
2026-04-15 21:01:46,401 - INFO -   Bounds range     [1e+00, 1e+00]
2026-04-15 21:01:46,401 - INFO -   RHS range        [1e+00, 1e+15]
2026-04-15 21:01:46,401 - INFO - Warning: Model contains large matrix coefficient range
2026-04-15 21:01:46,401 - INFO - Warning: Model contains large rhs
2026-04-15 21:01:46,401 - INFO -          Consider reformulating model or setting NumericFocus parameter
2026-04-15 21:01:46,401 - INFO -          to avoid numerical issues.
2026-04-15 21:01:46,404 - INFO - Presolve removed 8 rows and 0 columns
2026-04-15 21:01:46,404 - INFO - Presolve time: 0.00s
2026-04-15 21:01:46,404 - INFO - 
2026-04-15 21:01:46,404 - INFO - Explored 0 nodes (0 simplex iterations) in 0.00 seconds (0.00 work units)
2026-04-15 21:01:46,404 - INFO - Thread count was 1 (of 96 available processors)
2026-04-15 21:01:46,404 - INFO - 
2026-04-15 21:01:46,404 - INFO - Solution count 0
2026-04-15 21:01:46,404 - INFO - 
2026-04-15 21:01:46,404 - INFO - Model is infeasible
2026-04-15 21:01:46,404 - INFO - Best objective -, best bound -, gap -
2026-04-15 21:01:46,404 - INFO - Gurobi Optimizer version 12.0.3 build v12.0.3rc0 (linux64 - "Ubuntu 20.04.6 LTS")
2026-04-15 21:01:46,404 - INFO - 
2026-04-15 21:01:46,405 - INFO - CPU model: Intel(R) Xeon(R) Platinum 8260 CPU @ 2.40GHz, instruction set [SSE2|AVX|AVX2|AVX512]
2026-04-15 21:01:46,405 - INFO - Thread count: 48 physical cores, 96 logical processors, using up to 12 threads
2026-04-15 21:01:46,405 - INFO - 
2026-04-15 21:01:46,405 - INFO - Non-default parameters:
2026-04-15 21:01:46,405 - INFO - TimeLimit  3000
2026-04-15 21:01:46,405 - INFO - Method  1
2026-04-15 21:01:46,405 - INFO - Threads  12
2026-04-15 21:01:46,405 - INFO - 
2026-04-15 21:01:46,405 - INFO - 
2026-04-15 21:01:46,405 - INFO - IIS computed: 1 constraints, 0 bounds
2026-04-15 21:01:46,405 - INFO - IIS runtime: 0.00 seconds (0.00 work units)
2026-04-15 21:01:46,406 - ERROR - Infeasible model, check constraints carefully. Insufficient memory?
Traceback (most recent call last):
  File "/data/user_lixiongfei/csl_hyc/solver/monet_solver.py", line 446, in solve_ilp_gurobi
    solution = ilpsolver.solve()
  File "/data/user_lixiongfei/csl_hyc/solver/monet_solver.py", line 387, in solve
    raise ValueError("Infeasible model, check constraints carefully. Insufficient memory?")
ValueError: Infeasible model, check constraints carefully. Insufficient memory?
2026-04-15 21:17:12,653 - INFO - 🧮 参数显存统计（单位：MB）
2026-04-15 21:17:12,653 - INFO - [参数显存] euclidean 总计: 1.2797 MB
2026-04-15 21:17:12,653 - INFO - [参数显存] euclidean 长度=119: 0.0354 MB
2026-04-15 21:17:12,653 - INFO - [参数显存] euclidean 长度=238: 0.0708 MB
2026-04-15 21:17:12,653 - INFO - [参数显存] euclidean 长度=358: 0.1065 MB
2026-04-15 21:17:12,653 - INFO - [参数显存] euclidean 长度=478: 0.1422 MB
2026-04-15 21:17:12,653 - INFO - [参数显存] euclidean 长度=597: 0.1776 MB
2026-04-15 21:17:12,653 - INFO - [参数显存] euclidean 长度=717: 0.2133 MB
2026-04-15 21:17:12,653 - INFO - [参数显存] euclidean 长度=837: 0.2490 MB
2026-04-15 21:17:12,653 - INFO - [参数显存] euclidean 长度=957: 0.2848 MB
2026-04-15 21:17:12,653 - INFO - [参数显存] cosine 总计: 1.2797 MB
2026-04-15 21:17:12,653 - INFO - [参数显存] cosine 长度=119: 0.0354 MB
2026-04-15 21:17:12,653 - INFO - [参数显存] cosine 长度=238: 0.0708 MB
2026-04-15 21:17:12,653 - INFO - [参数显存] cosine 长度=358: 0.1065 MB
2026-04-15 21:17:12,653 - INFO - [参数显存] cosine 长度=478: 0.1422 MB
2026-04-15 21:17:12,653 - INFO - [参数显存] cosine 长度=597: 0.1776 MB
2026-04-15 21:17:12,653 - INFO - [参数显存] cosine 长度=717: 0.2133 MB
2026-04-15 21:17:12,653 - INFO - [参数显存] cosine 长度=837: 0.2490 MB
2026-04-15 21:17:12,653 - INFO - [参数显存] cosine 长度=957: 0.2848 MB
2026-04-15 21:17:12,653 - INFO - [参数显存] 模型参数总量: 1,152,556，显存: 4.3967 MB
2026-04-15 21:17:13,252 - INFO - 📌 第一个 epoch：默认所有模块使用 checkpoint
2026-04-15 21:17:32,813 - INFO - Epoch 1 completed in 19.565641 seconds
2026-04-15 21:17:33,658 - INFO - torch.cuda.max_memory_reserved() : 2.0625
2026-04-15 21:17:33,658 - INFO - torch.cuda.max_memory_allocated() : 1.7030911445617676
2026-04-15 21:17:52,202 - INFO - 
[🔁 拟合反向传播时间模型]
2026-04-15 21:17:52,203 - INFO - 总反向传播时间: 6.848352s
2026-04-15 21:17:52,203 - INFO - 拟合模型: backward_total ≈ 2 × (A + B) + b
2026-04-15 21:17:52,203 - INFO - A = 2.737570, B = 0.284108, b = 3.826674s
2026-04-15 21:17:52,250 - INFO - Set parameter LicenseID to value 2706656
2026-04-15 21:17:52,278 - INFO - Set parameter LogToConsole to value 1
2026-04-15 21:17:52,278 - INFO - Set parameter LogFile to value ""
2026-04-15 21:17:52,278 - INFO - Set parameter Threads to value 12
2026-04-15 21:17:52,278 - INFO - Set parameter TimeLimit to value 3600
2026-04-15 21:17:52,279 - INFO - Set parameter Method to value 1
2026-04-15 21:17:52,336 - INFO - Set parameter TimeLimit to value 3000
2026-04-15 21:17:52,338 - INFO - Gurobi Optimizer version 12.0.3 build v12.0.3rc0 (linux64 - "Ubuntu 20.04.6 LTS")
2026-04-15 21:17:52,338 - INFO - 
2026-04-15 21:17:52,338 - INFO - CPU model: Intel(R) Xeon(R) Platinum 8260 CPU @ 2.40GHz, instruction set [SSE2|AVX|AVX2|AVX512]
2026-04-15 21:17:52,338 - INFO - Thread count: 48 physical cores, 96 logical processors, using up to 12 threads
2026-04-15 21:17:52,338 - INFO - 
2026-04-15 21:17:52,338 - INFO - Non-default parameters:
2026-04-15 21:17:52,338 - INFO - TimeLimit  3000
2026-04-15 21:17:52,338 - INFO - Method  1
2026-04-15 21:17:52,338 - INFO - Threads  12
2026-04-15 21:17:52,338 - INFO - 
2026-04-15 21:17:52,338 - INFO - Optimize a model with 3892 rows, 1699 columns and 20398 nonzeros
2026-04-15 21:17:52,339 - INFO - Model fingerprint: 0x71b5b743
2026-04-15 21:17:52,339 - INFO - Variable types: 0 continuous, 1699 integer (1699 binary)
2026-04-15 21:17:52,339 - INFO - Coefficient statistics:
2026-04-15 21:17:52,339 - INFO -   Matrix range     [1e+00, 4e+14]
2026-04-15 21:17:52,339 - INFO -   Objective range  [6e+04, 2e+05]
2026-04-15 21:17:52,339 - INFO -   Bounds range     [1e+00, 1e+00]
2026-04-15 21:17:52,339 - INFO -   RHS range        [1e+00, 1e+15]
2026-04-15 21:17:52,339 - INFO - Warning: Model contains large matrix coefficient range
2026-04-15 21:17:52,339 - INFO - Warning: Model contains large rhs
2026-04-15 21:17:52,339 - INFO -          Consider reformulating model or setting NumericFocus parameter
2026-04-15 21:17:52,339 - INFO -          to avoid numerical issues.
2026-04-15 21:17:52,342 - INFO - Presolve removed 8 rows and 0 columns
2026-04-15 21:17:52,342 - INFO - Presolve time: 0.00s
2026-04-15 21:17:52,342 - INFO - 
2026-04-15 21:17:52,342 - INFO - Explored 0 nodes (0 simplex iterations) in 0.00 seconds (0.00 work units)
2026-04-15 21:17:52,342 - INFO - Thread count was 1 (of 96 available processors)
2026-04-15 21:17:52,342 - INFO - 
2026-04-15 21:17:52,342 - INFO - Solution count 0
2026-04-15 21:17:52,342 - INFO - 
2026-04-15 21:17:52,342 - INFO - Model is infeasible
2026-04-15 21:17:52,342 - INFO - Best objective -, best bound -, gap -
2026-04-15 21:17:52,343 - INFO - Gurobi Optimizer version 12.0.3 build v12.0.3rc0 (linux64 - "Ubuntu 20.04.6 LTS")
2026-04-15 21:17:52,343 - INFO - 
2026-04-15 21:17:52,343 - INFO - CPU model: Intel(R) Xeon(R) Platinum 8260 CPU @ 2.40GHz, instruction set [SSE2|AVX|AVX2|AVX512]
2026-04-15 21:17:52,343 - INFO - Thread count: 48 physical cores, 96 logical processors, using up to 12 threads
2026-04-15 21:17:52,343 - INFO - 
2026-04-15 21:17:52,343 - INFO - Non-default parameters:
2026-04-15 21:17:52,343 - INFO - TimeLimit  3000
2026-04-15 21:17:52,343 - INFO - Method  1
2026-04-15 21:17:52,343 - INFO - Threads  12
2026-04-15 21:17:52,343 - INFO - 
2026-04-15 21:17:52,343 - INFO - 
2026-04-15 21:17:52,343 - INFO - IIS computed: 1 constraints, 0 bounds
2026-04-15 21:17:52,343 - INFO - IIS runtime: 0.00 seconds (0.00 work units)
2026-04-15 21:17:52,345 - ERROR - Infeasible model, check constraints carefully. Insufficient memory?
Traceback (most recent call last):
  File "/data/user_lixiongfei/csl_hyc/solver/monet_solver.py", line 446, in solve_ilp_gurobi
    solution = ilpsolver.solve()
  File "/data/user_lixiongfei/csl_hyc/solver/monet_solver.py", line 387, in solve
    raise ValueError("Infeasible model, check constraints carefully. Insufficient memory?")
ValueError: Infeasible model, check constraints carefully. Insufficient memory?
