2025-10-12 16:08:50,481 - INFO - 📌 第一个 epoch：默认所有模块使用 checkpoint
2025-10-12 16:08:54,263 - INFO - Epoch 1 completed in 3.787230 seconds
2025-10-12 16:08:54,937 - INFO - torch.cuda.max_memory_reserved() : 1.029296875
2025-10-12 16:08:58,346 - INFO - 
[🔁 拟合反向传播时间模型]
2025-10-12 16:08:58,346 - INFO - 总反向传播时间: 3.395909s
2025-10-12 16:08:58,346 - INFO - 拟合模型: backward_total ≈ 2 × (A + B) + b
2025-10-12 16:08:58,346 - INFO - A = 2.174179, B = 0.198445, b = 1.023285s
2025-10-12 16:08:58,346 - INFO - ✅ 最优策略：[1, 1, 1, 0, 0, 0, 1, 1, 1, 1, 1, 1, 1, 1, 1, 1, 1, 1, 1, 1, 1, 1, 1, 1, 1, 1, 1, 1, 1, 1, 1, 1]
2025-10-12 16:08:58,346 - INFO - 📌 checkpoint 的欧氏长度:, [478, 597, 717]
2025-10-12 16:08:58,346 - INFO - 📌 checkpoint 的余弦长度:, []
2025-10-12 16:08:58,346 - INFO - 💾 最终显存峰值：%.2f MB % 1495.9091796875
2025-10-12 16:08:58,347 - INFO - Epoch 2 completed in 3.408694 seconds
2025-10-12 16:08:58,347 - INFO - torch.cuda.max_memory_reserved() : 1.029296875
2025-10-12 16:09:00,924 - INFO - Epoch 3 completed in 2.577283 seconds
2025-10-12 16:09:00,925 - INFO - 
====================== [第1个 Epoch 收集统计数据] ======================
2025-10-12 16:09:00,925 - INFO - 
🔍 EUCLIDEAN modules:
2025-10-12 16:09:00,925 - INFO - [Shapelet 119] forward_avg=0.001800s over 26 calls | peak=72.20MB | final=0.00MB
2025-10-12 16:09:00,925 - INFO - [Shapelet 238] forward_avg=0.001489s over 26 calls | peak=126.95MB | final=0.00MB
2025-10-12 16:09:00,925 - INFO - [Shapelet 358] forward_avg=0.001601s over 26 calls | peak=169.17MB | final=0.00MB
2025-10-12 16:09:00,925 - INFO - [Shapelet 478] forward_avg=0.001660s over 26 calls | peak=193.41MB | final=0.00MB
2025-10-12 16:09:00,925 - INFO - [Shapelet 597] forward_avg=0.001648s over 26 calls | peak=199.65MB | final=0.00MB
2025-10-12 16:09:00,925 - INFO - [Shapelet 717] forward_avg=0.001603s over 26 calls | peak=193.90MB | final=0.00MB
2025-10-12 16:09:00,925 - INFO - [Shapelet 837] forward_avg=0.001518s over 26 calls | peak=170.03MB | final=0.00MB
2025-10-12 16:09:00,925 - INFO - [Shapelet 957] forward_avg=0.001517s over 26 calls | peak=129.44MB | final=0.00MB
2025-10-12 16:09:00,925 - INFO - 
🔍 COSINE modules:
2025-10-12 16:09:00,925 - INFO - [Shapelet 119] forward_avg=0.001963s over 26 calls | peak=47.22MB | final=0.00MB
2025-10-12 16:09:00,925 - INFO - [Shapelet 238] forward_avg=0.001864s over 26 calls | peak=83.85MB | final=0.00MB
2025-10-12 16:09:00,925 - INFO - [Shapelet 358] forward_avg=0.001854s over 26 calls | peak=112.15MB | final=0.00MB
2025-10-12 16:09:00,925 - INFO - [Shapelet 478] forward_avg=0.001873s over 26 calls | peak=128.13MB | final=0.00MB
2025-10-12 16:09:00,925 - INFO - [Shapelet 597] forward_avg=0.001899s over 26 calls | peak=132.11MB | final=0.00MB
2025-10-12 16:09:00,925 - INFO - [Shapelet 717] forward_avg=0.001873s over 26 calls | peak=128.09MB | final=0.00MB
2025-10-12 16:09:00,925 - INFO - [Shapelet 837] forward_avg=0.001855s over 26 calls | peak=112.07MB | final=0.00MB
2025-10-12 16:09:00,925 - INFO - [Shapelet 957] forward_avg=0.001856s over 26 calls | peak=84.51MB | final=0.00MB
2025-10-12 16:09:00,926 - INFO - 
🔍 CROSS modules:
2025-10-12 16:09:00,926 - INFO - [Shapelet 119] forward_avg=0.000442s over 26 calls
2025-10-12 16:09:00,926 - INFO - [Shapelet 238] forward_avg=0.000415s over 26 calls
2025-10-12 16:09:00,926 - INFO - [Shapelet 358] forward_avg=0.000413s over 26 calls
2025-10-12 16:09:00,926 - INFO - [Shapelet 478] forward_avg=0.000440s over 26 calls
2025-10-12 16:09:00,926 - INFO - [Shapelet 597] forward_avg=0.000466s over 26 calls
2025-10-12 16:09:00,926 - INFO - [Shapelet 717] forward_avg=0.000506s over 26 calls
2025-10-12 16:09:00,926 - INFO - [Shapelet 837] forward_avg=0.000550s over 26 calls
2025-10-12 16:09:00,926 - INFO - [Shapelet 957] forward_avg=0.000585s over 26 calls
2025-10-12 16:09:00,926 - INFO - 
💾 模型第一次反向传播阶段的显存峰值（所有模块中的最大值）: 1389.87 MB
2025-10-12 16:09:00,926 - INFO - 
💾 模型初始显存: 5.08 MB
2025-10-12 16:09:00,926 - INFO - =======================================================================

2025-10-12 16:09:00,926 - INFO - torch.cuda.max_memory_reserved() : 1.671875
2025-10-12 16:09:03,524 - INFO - Epoch 4 completed in 2.597809 seconds
2025-10-12 16:09:03,525 - INFO - torch.cuda.max_memory_reserved() : 1.671875
2025-10-12 16:09:06,105 - INFO - Epoch 5 completed in 2.578546 seconds
2025-10-12 16:09:06,106 - INFO - torch.cuda.max_memory_reserved() : 1.671875
2025-10-12 16:09:08,723 - INFO - Epoch 6 completed in 2.615725 seconds
2025-10-12 16:09:08,723 - INFO - torch.cuda.max_memory_reserved() : 1.671875
2025-10-12 16:09:11,335 - INFO - Epoch 7 completed in 2.610330 seconds
2025-10-12 16:09:11,335 - INFO - torch.cuda.max_memory_reserved() : 1.671875
2025-10-12 16:09:13,985 - INFO - Epoch 8 completed in 2.649116 seconds
2025-10-12 16:09:13,986 - INFO - torch.cuda.max_memory_reserved() : 1.671875
2025-10-12 16:09:16,658 - INFO - Epoch 9 completed in 2.670738 seconds
2025-10-12 16:09:16,659 - INFO - torch.cuda.max_memory_reserved() : 1.671875
2025-10-12 16:09:19,244 - INFO - Epoch 10 completed in 2.584361 seconds
2025-10-12 16:09:19,847 - INFO - torch.cuda.max_memory_reserved() : 1.671875
2025-10-12 16:09:19,848 - INFO - !!!采用策略后的几个epoch 平均时间:2.6104883551597595
2025-10-12 16:09:19,848 - INFO - 



