2025-10-12 16:09:42,020 - INFO - 📌 第一个 epoch：默认所有模块使用 checkpoint
2025-10-12 16:09:45,806 - INFO - Epoch 1 completed in 3.791030 seconds
2025-10-12 16:09:46,484 - INFO - torch.cuda.max_memory_reserved() : 1.029296875
2025-10-12 16:09:49,917 - INFO - 
[🔁 拟合反向传播时间模型]
2025-10-12 16:09:49,917 - INFO - 总反向传播时间: 3.420884s
2025-10-12 16:09:49,918 - INFO - 拟合模型: backward_total ≈ 2 × (A + B) + b
2025-10-12 16:09:49,918 - INFO - A = 2.165556, B = 0.198689, b = 1.056639s
2025-10-12 16:09:49,918 - INFO - ✅ 最优策略：[1, 1, 1, 0, 1, 1, 1, 1, 1, 1, 1, 1, 1, 1, 1, 1, 1, 1, 1, 1, 1, 1, 1, 1, 1, 1, 1, 1, 1, 1, 1, 1]
2025-10-12 16:09:49,918 - INFO - 📌 checkpoint 的欧氏长度:, [478]
2025-10-12 16:09:49,918 - INFO - 📌 checkpoint 的余弦长度:, []
2025-10-12 16:09:49,918 - INFO - 💾 最终显存峰值：%.2f MB % 1889.45556640625
2025-10-12 16:09:49,918 - INFO - Epoch 2 completed in 3.433327 seconds
2025-10-12 16:09:49,918 - INFO - torch.cuda.max_memory_reserved() : 1.029296875
2025-10-12 16:09:52,386 - INFO - Epoch 3 completed in 2.467449 seconds
2025-10-12 16:09:52,386 - INFO - 
====================== [第1个 Epoch 收集统计数据] ======================
2025-10-12 16:09:52,386 - INFO - 
🔍 EUCLIDEAN modules:
2025-10-12 16:09:52,386 - INFO - [Shapelet 119] forward_avg=0.001811s over 26 calls | peak=72.20MB | final=0.00MB
2025-10-12 16:09:52,386 - INFO - [Shapelet 238] forward_avg=0.001475s over 26 calls | peak=126.95MB | final=0.00MB
2025-10-12 16:09:52,386 - INFO - [Shapelet 358] forward_avg=0.001589s over 26 calls | peak=169.17MB | final=0.00MB
2025-10-12 16:09:52,386 - INFO - [Shapelet 478] forward_avg=0.001659s over 26 calls | peak=193.41MB | final=0.00MB
2025-10-12 16:09:52,386 - INFO - [Shapelet 597] forward_avg=0.001647s over 26 calls | peak=199.65MB | final=0.00MB
2025-10-12 16:09:52,386 - INFO - [Shapelet 717] forward_avg=0.001598s over 26 calls | peak=193.90MB | final=0.00MB
2025-10-12 16:09:52,386 - INFO - [Shapelet 837] forward_avg=0.001516s over 26 calls | peak=170.03MB | final=0.00MB
2025-10-12 16:09:52,387 - INFO - [Shapelet 957] forward_avg=0.001514s over 26 calls | peak=129.44MB | final=0.00MB
2025-10-12 16:09:52,387 - INFO - 
🔍 COSINE modules:
2025-10-12 16:09:52,387 - INFO - [Shapelet 119] forward_avg=0.001952s over 26 calls | peak=47.22MB | final=0.00MB
2025-10-12 16:09:52,387 - INFO - [Shapelet 238] forward_avg=0.001849s over 26 calls | peak=83.85MB | final=0.00MB
2025-10-12 16:09:52,387 - INFO - [Shapelet 358] forward_avg=0.001843s over 26 calls | peak=112.15MB | final=0.00MB
2025-10-12 16:09:52,387 - INFO - [Shapelet 478] forward_avg=0.001857s over 26 calls | peak=128.13MB | final=0.00MB
2025-10-12 16:09:52,387 - INFO - [Shapelet 597] forward_avg=0.001897s over 26 calls | peak=132.11MB | final=0.00MB
2025-10-12 16:09:52,387 - INFO - [Shapelet 717] forward_avg=0.001851s over 26 calls | peak=128.09MB | final=0.00MB
2025-10-12 16:09:52,387 - INFO - [Shapelet 837] forward_avg=0.001852s over 26 calls | peak=112.07MB | final=0.00MB
2025-10-12 16:09:52,387 - INFO - [Shapelet 957] forward_avg=0.001855s over 26 calls | peak=84.51MB | final=0.00MB
2025-10-12 16:09:52,387 - INFO - 
🔍 CROSS modules:
2025-10-12 16:09:52,387 - INFO - [Shapelet 119] forward_avg=0.000440s over 26 calls
2025-10-12 16:09:52,387 - INFO - [Shapelet 238] forward_avg=0.000414s over 26 calls
2025-10-12 16:09:52,387 - INFO - [Shapelet 358] forward_avg=0.000413s over 26 calls
2025-10-12 16:09:52,387 - INFO - [Shapelet 478] forward_avg=0.000440s over 26 calls
2025-10-12 16:09:52,387 - INFO - [Shapelet 597] forward_avg=0.000468s over 26 calls
2025-10-12 16:09:52,387 - INFO - [Shapelet 717] forward_avg=0.000509s over 26 calls
2025-10-12 16:09:52,387 - INFO - [Shapelet 837] forward_avg=0.000552s over 26 calls
2025-10-12 16:09:52,387 - INFO - [Shapelet 957] forward_avg=0.000586s over 26 calls
2025-10-12 16:09:52,387 - INFO - 
💾 模型第一次反向传播阶段的显存峰值（所有模块中的最大值）: 1662.44 MB
2025-10-12 16:09:52,387 - INFO - 
💾 模型初始显存: 5.08 MB
2025-10-12 16:09:52,387 - INFO - =======================================================================

2025-10-12 16:09:52,387 - INFO - torch.cuda.max_memory_reserved() : 1.939453125
2025-10-12 16:09:54,859 - INFO - Epoch 4 completed in 2.471308 seconds
2025-10-12 16:09:54,859 - INFO - torch.cuda.max_memory_reserved() : 1.94140625
2025-10-12 16:09:57,367 - INFO - Epoch 5 completed in 2.507359 seconds
2025-10-12 16:09:57,368 - INFO - torch.cuda.max_memory_reserved() : 1.94140625
2025-10-12 16:09:59,853 - INFO - Epoch 6 completed in 2.483939 seconds
2025-10-12 16:09:59,853 - INFO - torch.cuda.max_memory_reserved() : 1.94140625
2025-10-12 16:10:02,338 - INFO - Epoch 7 completed in 2.484306 seconds
2025-10-12 16:10:02,338 - INFO - torch.cuda.max_memory_reserved() : 1.94140625
2025-10-12 16:10:04,839 - INFO - Epoch 8 completed in 2.500029 seconds
2025-10-12 16:10:04,840 - INFO - torch.cuda.max_memory_reserved() : 1.94140625
2025-10-12 16:10:07,353 - INFO - Epoch 9 completed in 2.512134 seconds
2025-10-12 16:10:07,354 - INFO - torch.cuda.max_memory_reserved() : 1.94140625
2025-10-12 16:10:09,836 - INFO - Epoch 10 completed in 2.481258 seconds
2025-10-12 16:10:10,451 - INFO - torch.cuda.max_memory_reserved() : 1.94140625
2025-10-12 16:10:10,452 - INFO - !!!采用策略后的几个epoch 平均时间:2.488472640514374
2025-10-12 16:10:10,452 - INFO - 



