2025-10-12 16:11:23,371 - INFO - 📌 第一个 epoch：默认所有模块使用 checkpoint
2025-10-12 16:11:27,242 - INFO - Epoch 1 completed in 3.875166 seconds
2025-10-12 16:11:27,940 - INFO - torch.cuda.max_memory_reserved() : 1.029296875
2025-10-12 16:11:31,413 - INFO - 
[🔁 拟合反向传播时间模型]
2025-10-12 16:11:31,414 - INFO - 总反向传播时间: 3.459921s
2025-10-12 16:11:31,414 - INFO - 拟合模型: backward_total ≈ 2 × (A + B) + b
2025-10-12 16:11:31,414 - INFO - A = 2.286530, B = 0.206239, b = 0.967152s
2025-10-12 16:11:31,414 - INFO - ✅ 最优策略：[1, 1, 1, 1, 1, 1, 1, 1, 1, 1, 1, 1, 1, 1, 1, 1, 1, 1, 1, 1, 1, 1, 1, 1, 1, 1, 1, 1, 1, 1, 1, 1]
2025-10-12 16:11:31,414 - INFO - 📌 checkpoint 的欧氏长度:, []
2025-10-12 16:11:31,414 - INFO - 📌 checkpoint 的余弦长度:, []
2025-10-12 16:11:31,414 - INFO - 💾 最终显存峰值：%.2f MB % 2082.8623046875
2025-10-12 16:11:31,414 - INFO - Epoch 2 completed in 3.473710 seconds
2025-10-12 16:11:31,414 - INFO - torch.cuda.max_memory_reserved() : 1.029296875
2025-10-12 16:11:33,920 - INFO - Epoch 3 completed in 2.505324 seconds
2025-10-12 16:11:33,920 - INFO - 
====================== [第1个 Epoch 收集统计数据] ======================
2025-10-12 16:11:33,921 - INFO - 
🔍 EUCLIDEAN modules:
2025-10-12 16:11:33,921 - INFO - [Shapelet 119] forward_avg=0.001903s over 26 calls | peak=72.20MB | final=0.00MB
2025-10-12 16:11:33,921 - INFO - [Shapelet 238] forward_avg=0.001609s over 26 calls | peak=126.95MB | final=0.00MB
2025-10-12 16:11:33,921 - INFO - [Shapelet 358] forward_avg=0.001648s over 26 calls | peak=169.17MB | final=0.00MB
2025-10-12 16:11:33,921 - INFO - [Shapelet 478] forward_avg=0.001713s over 26 calls | peak=193.41MB | final=0.00MB
2025-10-12 16:11:33,921 - INFO - [Shapelet 597] forward_avg=0.001686s over 26 calls | peak=199.65MB | final=0.00MB
2025-10-12 16:11:33,921 - INFO - [Shapelet 717] forward_avg=0.001642s over 26 calls | peak=193.90MB | final=0.00MB
2025-10-12 16:11:33,921 - INFO - [Shapelet 837] forward_avg=0.001566s over 26 calls | peak=170.03MB | final=0.00MB
2025-10-12 16:11:33,921 - INFO - [Shapelet 957] forward_avg=0.001601s over 26 calls | peak=129.44MB | final=0.00MB
2025-10-12 16:11:33,921 - INFO - 
🔍 COSINE modules:
2025-10-12 16:11:33,921 - INFO - [Shapelet 119] forward_avg=0.002082s over 26 calls | peak=47.22MB | final=0.00MB
2025-10-12 16:11:33,921 - INFO - [Shapelet 238] forward_avg=0.001966s over 26 calls | peak=83.85MB | final=0.00MB
2025-10-12 16:11:33,921 - INFO - [Shapelet 358] forward_avg=0.001970s over 26 calls | peak=112.15MB | final=0.00MB
2025-10-12 16:11:33,921 - INFO - [Shapelet 478] forward_avg=0.001994s over 26 calls | peak=128.13MB | final=0.00MB
2025-10-12 16:11:33,921 - INFO - [Shapelet 597] forward_avg=0.002020s over 26 calls | peak=132.11MB | final=0.00MB
2025-10-12 16:11:33,921 - INFO - [Shapelet 717] forward_avg=0.001982s over 26 calls | peak=128.09MB | final=0.00MB
2025-10-12 16:11:33,921 - INFO - [Shapelet 837] forward_avg=0.001961s over 26 calls | peak=112.07MB | final=0.00MB
2025-10-12 16:11:33,921 - INFO - [Shapelet 957] forward_avg=0.001972s over 26 calls | peak=84.51MB | final=0.00MB
2025-10-12 16:11:33,921 - INFO - 
🔍 CROSS modules:
2025-10-12 16:11:33,921 - INFO - [Shapelet 119] forward_avg=0.000469s over 26 calls
2025-10-12 16:11:33,921 - INFO - [Shapelet 238] forward_avg=0.000446s over 26 calls
2025-10-12 16:11:33,921 - INFO - [Shapelet 358] forward_avg=0.000439s over 26 calls
2025-10-12 16:11:33,921 - INFO - [Shapelet 478] forward_avg=0.000454s over 26 calls
2025-10-12 16:11:33,921 - INFO - [Shapelet 597] forward_avg=0.000482s over 26 calls
2025-10-12 16:11:33,922 - INFO - [Shapelet 717] forward_avg=0.000516s over 26 calls
2025-10-12 16:11:33,922 - INFO - [Shapelet 837] forward_avg=0.000562s over 26 calls
2025-10-12 16:11:33,922 - INFO - [Shapelet 957] forward_avg=0.000598s over 26 calls
2025-10-12 16:11:33,922 - INFO - 
💾 模型第一次反向传播阶段的显存峰值（所有模块中的最大值）: 1798.81 MB
2025-10-12 16:11:33,922 - INFO - 
💾 模型初始显存: 5.08 MB
2025-10-12 16:11:33,922 - INFO - =======================================================================

2025-10-12 16:11:33,922 - INFO - torch.cuda.max_memory_reserved() : 1.994140625
2025-10-12 16:11:36,423 - INFO - Epoch 4 completed in 2.500705 seconds
2025-10-12 16:11:36,423 - INFO - torch.cuda.max_memory_reserved() : 1.994140625
2025-10-12 16:11:38,930 - INFO - Epoch 5 completed in 2.505943 seconds
2025-10-12 16:11:38,930 - INFO - torch.cuda.max_memory_reserved() : 1.994140625
2025-10-12 16:11:41,454 - INFO - Epoch 6 completed in 2.523675 seconds
2025-10-12 16:11:41,455 - INFO - torch.cuda.max_memory_reserved() : 1.994140625
2025-10-12 16:11:43,960 - INFO - Epoch 7 completed in 2.505429 seconds
2025-10-12 16:11:43,961 - INFO - torch.cuda.max_memory_reserved() : 1.994140625
2025-10-12 16:11:46,462 - INFO - Epoch 8 completed in 2.500908 seconds
2025-10-12 16:11:46,463 - INFO - torch.cuda.max_memory_reserved() : 1.994140625
2025-10-12 16:11:49,019 - INFO - Epoch 9 completed in 2.555456 seconds
2025-10-12 16:11:49,019 - INFO - torch.cuda.max_memory_reserved() : 1.994140625
2025-10-12 16:11:51,515 - INFO - Epoch 10 completed in 2.495579 seconds
2025-10-12 16:11:52,121 - INFO - torch.cuda.max_memory_reserved() : 1.994140625
2025-10-12 16:11:52,121 - INFO - !!!采用策略后的几个epoch 平均时间:2.511627495288849
2025-10-12 16:11:52,121 - INFO - 



