2025-10-12 16:29:22,918 - INFO - 📌 第一个 epoch：默认所有模块使用 checkpoint
2025-10-12 16:29:30,097 - INFO - Epoch 1 completed in 7.192842 seconds
2025-10-12 16:29:32,356 - INFO - torch.cuda.max_memory_reserved() : 11.17578125
2025-10-12 16:29:39,008 - INFO - 
[🔁 拟合反向传播时间模型]
2025-10-12 16:29:39,009 - INFO - 总反向传播时间: 6.608735s
2025-10-12 16:29:39,009 - INFO - 拟合模型: backward_total ≈ 2 × (A + B) + b
2025-10-12 16:29:39,009 - INFO - A = 5.308559, B = 0.462136, b = 0.838040s
2025-10-12 16:29:39,009 - INFO - ✅ 最优策略：[1, 0, 0, 0, 0, 0, 0, 1, 1, 1, 1, 1, 1, 1, 1, 1, 1, 1, 1, 1, 1, 1, 1, 1, 1, 1, 1, 1, 1, 1, 1, 1]
2025-10-12 16:29:39,009 - INFO - 📌 checkpoint 的欧氏长度:, [54, 81, 108, 135, 162, 189]
2025-10-12 16:29:39,009 - INFO - 📌 checkpoint 的余弦长度:, []
2025-10-12 16:29:39,009 - INFO - 💾 最终显存峰值：%.2f MB % 11921.8828125
2025-10-12 16:29:39,013 - INFO - Epoch 2 completed in 6.656046 seconds
2025-10-12 16:29:39,013 - INFO - torch.cuda.max_memory_reserved() : 11.17578125
2025-10-12 16:29:44,723 - INFO - Epoch 3 completed in 5.708914 seconds
2025-10-12 16:29:44,723 - INFO - 
====================== [第1个 Epoch 收集统计数据] ======================
2025-10-12 16:29:44,723 - INFO - 
🔍 EUCLIDEAN modules:
2025-10-12 16:29:44,723 - INFO - [Shapelet  27] forward_avg=0.007889s over 12 calls | peak=866.77MB | final=0.00MB
2025-10-12 16:29:44,723 - INFO - [Shapelet  54] forward_avg=0.009929s over 12 calls | peak=1508.45MB | final=0.00MB
2025-10-12 16:29:44,723 - INFO - [Shapelet  81] forward_avg=0.012701s over 12 calls | peak=1972.67MB | final=0.00MB
2025-10-12 16:29:44,723 - INFO - [Shapelet 108] forward_avg=0.014197s over 12 calls | peak=2253.60MB | final=0.00MB
2025-10-12 16:29:44,723 - INFO - [Shapelet 135] forward_avg=0.014953s over 12 calls | peak=2357.04MB | final=0.00MB
2025-10-12 16:29:44,723 - INFO - [Shapelet 162] forward_avg=0.012951s over 12 calls | peak=2280.04MB | final=0.00MB
2025-10-12 16:29:44,723 - INFO - [Shapelet 189] forward_avg=0.011932s over 12 calls | peak=2023.78MB | final=0.00MB
2025-10-12 16:29:44,723 - INFO - [Shapelet 216] forward_avg=0.010462s over 12 calls | peak=1588.90MB | final=0.00MB
2025-10-12 16:29:44,723 - INFO - 
🔍 COSINE modules:
2025-10-12 16:29:44,723 - INFO - [Shapelet  27] forward_avg=0.003507s over 12 calls | peak=550.84MB | final=0.00MB
2025-10-12 16:29:44,723 - INFO - [Shapelet  54] forward_avg=0.005327s over 12 calls | peak=970.87MB | final=0.00MB
2025-10-12 16:29:44,723 - INFO - [Shapelet  81] forward_avg=0.006782s over 12 calls | peak=1271.50MB | final=0.00MB
2025-10-12 16:29:44,723 - INFO - [Shapelet 108] forward_avg=0.008016s over 12 calls | peak=1451.84MB | final=0.00MB
2025-10-12 16:29:44,723 - INFO - [Shapelet 135] forward_avg=0.008487s over 12 calls | peak=1513.58MB | final=0.00MB
2025-10-12 16:29:44,723 - INFO - [Shapelet 162] forward_avg=0.007143s over 12 calls | peak=1454.06MB | final=0.00MB
2025-10-12 16:29:44,723 - INFO - [Shapelet 189] forward_avg=0.006811s over 12 calls | peak=1275.63MB | final=0.00MB
2025-10-12 16:29:44,723 - INFO - [Shapelet 216] forward_avg=0.006372s over 12 calls | peak=977.89MB | final=0.00MB
2025-10-12 16:29:44,723 - INFO - 
🔍 CROSS modules:
2025-10-12 16:29:44,723 - INFO - [Shapelet  27] forward_avg=0.001178s over 12 calls
2025-10-12 16:29:44,723 - INFO - [Shapelet  54] forward_avg=0.001787s over 12 calls
2025-10-12 16:29:44,723 - INFO - [Shapelet  81] forward_avg=0.002432s over 12 calls
2025-10-12 16:29:44,724 - INFO - [Shapelet 108] forward_avg=0.002882s over 12 calls
2025-10-12 16:29:44,724 - INFO - [Shapelet 135] forward_avg=0.002188s over 12 calls
2025-10-12 16:29:44,724 - INFO - [Shapelet 162] forward_avg=0.002561s over 12 calls
2025-10-12 16:29:44,724 - INFO - [Shapelet 189] forward_avg=0.002938s over 12 calls
2025-10-12 16:29:44,724 - INFO - [Shapelet 216] forward_avg=0.003290s over 12 calls
2025-10-12 16:29:44,724 - INFO - 
💾 模型第一次反向传播阶段的显存峰值（所有模块中的最大值）: 12461.14 MB
2025-10-12 16:29:44,724 - INFO - 
💾 模型初始显存: 237.80 MB
2025-10-12 16:29:44,724 - INFO - =======================================================================

2025-10-12 16:29:44,724 - INFO - torch.cuda.max_memory_reserved() : 14.384765625
2025-10-12 16:29:50,153 - INFO - Epoch 4 completed in 5.428899 seconds
2025-10-12 16:29:50,154 - INFO - torch.cuda.max_memory_reserved() : 14.384765625
2025-10-12 16:29:55,902 - INFO - Epoch 5 completed in 5.747972 seconds
2025-10-12 16:29:55,903 - INFO - torch.cuda.max_memory_reserved() : 15.12109375
2025-10-12 16:30:01,561 - INFO - Epoch 6 completed in 5.657356 seconds
2025-10-12 16:30:01,561 - INFO - torch.cuda.max_memory_reserved() : 15.12109375
2025-10-12 16:30:07,346 - INFO - Epoch 7 completed in 5.783964 seconds
2025-10-12 16:30:07,346 - INFO - torch.cuda.max_memory_reserved() : 15.12109375
2025-10-12 16:30:13,117 - INFO - Epoch 8 completed in 5.770800 seconds
2025-10-12 16:30:13,118 - INFO - torch.cuda.max_memory_reserved() : 15.12109375
2025-10-12 16:30:18,562 - INFO - Epoch 9 completed in 5.443733 seconds
2025-10-12 16:30:18,562 - INFO - torch.cuda.max_memory_reserved() : 15.12109375
2025-10-12 16:30:24,306 - INFO - Epoch 10 completed in 5.742732 seconds
2025-10-12 16:30:26,530 - INFO - torch.cuda.max_memory_reserved() : 15.12109375
2025-10-12 16:30:26,531 - INFO - !!!采用策略后的几个epoch 平均时间:5.660546362400055
2025-10-12 16:30:26,531 - INFO - 



