2025-10-12 18:30:10,473 - INFO - 📌 第一个 epoch：默认所有模块使用 checkpoint
2025-10-12 18:32:34,017 - INFO - Epoch 1 completed in 143.569484 seconds
2025-10-12 18:33:07,149 - INFO - torch.cuda.max_memory_reserved() : 15.2421875
2025-10-12 18:35:30,416 - INFO - 
[🔁 拟合反向传播时间模型]
2025-10-12 18:35:30,416 - INFO - 总反向传播时间: 142.946339s
2025-10-12 18:35:30,416 - INFO - 拟合模型: backward_total ≈ 2 × (A + B) + b
2025-10-12 18:35:30,416 - INFO - A = 124.291269, B = 12.087158, b = 6.567913s
2025-10-12 18:35:30,416 - INFO - ✅ 最优策略：[1, 1, 1, 0, 0, 0, 0, 1, 1, 1, 1, 1, 1, 1, 1, 1, 1, 1, 1, 1, 1, 1, 1, 1, 1, 1, 1, 1, 1, 1, 1, 1]
2025-10-12 18:35:30,417 - INFO - 📌 checkpoint 的欧氏长度:, [1101, 1426, 1750, 2075]
2025-10-12 18:35:30,417 - INFO - 📌 checkpoint 的余弦长度:, []
2025-10-12 18:35:30,417 - INFO - 💾 最终显存峰值：%.2f MB % 19753.16162109375
2025-10-12 18:35:30,430 - INFO - Epoch 2 completed in 143.280367 seconds
2025-10-12 18:35:30,430 - INFO - torch.cuda.max_memory_reserved() : 15.2421875
2025-10-12 18:37:22,850 - INFO - Epoch 3 completed in 112.419372 seconds
2025-10-12 18:37:22,851 - INFO - 
====================== [第1个 Epoch 收集统计数据] ======================
2025-10-12 18:37:22,851 - INFO - 
🔍 EUCLIDEAN modules:
2025-10-12 18:37:22,851 - INFO - [Shapelet 128] forward_avg=0.003241s over 278 calls | peak=545.46MB | final=0.00MB
2025-10-12 18:37:22,851 - INFO - [Shapelet 452] forward_avg=0.008128s over 278 calls | peak=1696.97MB | final=0.00MB
2025-10-12 18:37:22,851 - INFO - [Shapelet 777] forward_avg=0.011980s over 278 calls | peak=2541.23MB | final=0.00MB
2025-10-12 18:37:22,851 - INFO - [Shapelet 1101] forward_avg=0.014337s over 278 calls | peak=3076.86MB | final=0.00MB
2025-10-12 18:37:22,851 - INFO - [Shapelet 1426] forward_avg=0.015452s over 278 calls | peak=3302.11MB | final=0.00MB
2025-10-12 18:37:22,851 - INFO - [Shapelet 1750] forward_avg=0.014945s over 278 calls | peak=3220.47MB | final=0.00MB
2025-10-12 18:37:22,851 - INFO - [Shapelet 2075] forward_avg=0.013199s over 278 calls | peak=2830.50MB | final=0.00MB
2025-10-12 18:37:22,851 - INFO - [Shapelet 2400] forward_avg=0.009784s over 278 calls | peak=2129.31MB | final=0.00MB
2025-10-12 18:37:22,851 - INFO - 
🔍 COSINE modules:
2025-10-12 18:37:22,851 - INFO - [Shapelet 128] forward_avg=0.002265s over 278 calls | peak=360.86MB | final=0.00MB
2025-10-12 18:37:22,851 - INFO - [Shapelet 452] forward_avg=0.005127s over 278 calls | peak=1127.04MB | final=0.00MB
2025-10-12 18:37:22,851 - INFO - [Shapelet 777] forward_avg=0.007565s over 278 calls | peak=1688.97MB | final=0.00MB
2025-10-12 18:37:22,851 - INFO - [Shapelet 1101] forward_avg=0.008991s over 278 calls | peak=2044.93MB | final=0.00MB
2025-10-12 18:37:22,851 - INFO - [Shapelet 1426] forward_avg=0.009742s over 278 calls | peak=2194.08MB | final=0.00MB
2025-10-12 18:37:22,851 - INFO - [Shapelet 1750] forward_avg=0.009417s over 278 calls | peak=2138.55MB | final=0.00MB
2025-10-12 18:37:22,851 - INFO - [Shapelet 2075] forward_avg=0.008514s over 278 calls | peak=1876.87MB | final=0.00MB
2025-10-12 18:37:22,851 - INFO - [Shapelet 2400] forward_avg=0.006344s over 278 calls | peak=1408.89MB | final=0.00MB
2025-10-12 18:37:22,851 - INFO - 
🔍 CROSS modules:
2025-10-12 18:37:22,851 - INFO - [Shapelet 128] forward_avg=0.000674s over 278 calls
2025-10-12 18:37:22,851 - INFO - [Shapelet 452] forward_avg=0.001084s over 278 calls
2025-10-12 18:37:22,851 - INFO - [Shapelet 777] forward_avg=0.001657s over 278 calls
2025-10-12 18:37:22,851 - INFO - [Shapelet 1101] forward_avg=0.002326s over 278 calls
2025-10-12 18:37:22,851 - INFO - [Shapelet 1426] forward_avg=0.003036s over 278 calls
2025-10-12 18:37:22,851 - INFO - [Shapelet 1750] forward_avg=0.003684s over 278 calls
2025-10-12 18:37:22,851 - INFO - [Shapelet 2075] forward_avg=0.004344s over 278 calls
2025-10-12 18:37:22,851 - INFO - [Shapelet 2400] forward_avg=0.004934s over 278 calls
2025-10-12 18:37:22,851 - INFO - 
💾 模型第一次反向传播阶段的显存峰值（所有模块中的最大值）: 18530.18 MB
2025-10-12 18:37:22,851 - INFO - 
💾 模型初始显存: 104.49 MB
2025-10-12 18:37:22,851 - INFO - =======================================================================

2025-10-12 18:37:22,852 - INFO - torch.cuda.max_memory_reserved() : 22.9375
2025-10-12 18:39:16,696 - INFO - Epoch 4 completed in 113.843727 seconds
2025-10-12 18:39:16,696 - INFO - torch.cuda.max_memory_reserved() : 22.939453125
2025-10-12 18:41:10,088 - INFO - Epoch 5 completed in 113.390587 seconds
2025-10-12 18:41:10,088 - INFO - torch.cuda.max_memory_reserved() : 22.939453125
2025-10-12 18:43:04,276 - INFO - Epoch 6 completed in 114.187068 seconds
2025-10-12 18:43:04,276 - INFO - torch.cuda.max_memory_reserved() : 22.939453125
2025-10-12 18:44:58,390 - INFO - Epoch 7 completed in 114.113693 seconds
2025-10-12 18:44:58,391 - INFO - torch.cuda.max_memory_reserved() : 22.939453125
2025-10-12 18:46:52,728 - INFO - Epoch 8 completed in 114.336122 seconds
2025-10-12 18:46:52,728 - INFO - torch.cuda.max_memory_reserved() : 22.939453125
2025-10-12 18:48:47,112 - INFO - Epoch 9 completed in 114.383079 seconds
2025-10-12 18:48:47,112 - INFO - torch.cuda.max_memory_reserved() : 22.939453125
2025-10-12 18:50:39,496 - INFO - Epoch 10 completed in 112.383245 seconds
2025-10-12 18:51:12,058 - INFO - torch.cuda.max_memory_reserved() : 22.939453125
2025-10-12 18:51:12,058 - INFO - !!!采用策略后的几个epoch 平均时间:113.63211154937744
2025-10-12 18:51:12,058 - INFO - 



