2025-10-12 18:08:21,779 - INFO - 📌 第一个 epoch：默认所有模块使用 checkpoint
2025-10-12 18:10:44,722 - INFO - Epoch 1 completed in 142.964329 seconds
2025-10-12 18:11:17,796 - INFO - torch.cuda.max_memory_reserved() : 15.2421875
2025-10-12 18:13:40,577 - INFO - 
[🔁 拟合反向传播时间模型]
2025-10-12 18:13:40,578 - INFO - 总反向传播时间: 142.448665s
2025-10-12 18:13:40,578 - INFO - 拟合模型: backward_total ≈ 2 × (A + B) + b
2025-10-12 18:13:40,578 - INFO - A = 124.243773, B = 12.080190, b = 6.124702s
2025-10-12 18:13:40,579 - INFO - ✅ 最优策略：[1, 1, 0, 0, 0, 0, 0, 1, 1, 1, 1, 1, 1, 1, 1, 1, 1, 1, 1, 1, 1, 1, 1, 1, 1, 1, 1, 1, 1, 1, 1, 1]
2025-10-12 18:13:40,579 - INFO - 📌 checkpoint 的欧氏长度:, [777, 1101, 1426, 1750, 2075]
2025-10-12 18:13:40,579 - INFO - 📌 checkpoint 的余弦长度:, []
2025-10-12 18:13:40,579 - INFO - 💾 最终显存峰值：%.2f MB % 17211.9296875
2025-10-12 18:13:40,592 - INFO - Epoch 2 completed in 142.795714 seconds
2025-10-12 18:13:40,593 - INFO - torch.cuda.max_memory_reserved() : 15.2421875
2025-10-12 18:15:36,939 - INFO - Epoch 3 completed in 116.345300 seconds
2025-10-12 18:15:36,939 - INFO - 
====================== [第1个 Epoch 收集统计数据] ======================
2025-10-12 18:15:36,939 - INFO - 
🔍 EUCLIDEAN modules:
2025-10-12 18:15:36,939 - INFO - [Shapelet 128] forward_avg=0.003234s over 278 calls | peak=545.46MB | final=0.00MB
2025-10-12 18:15:36,939 - INFO - [Shapelet 452] forward_avg=0.008127s over 278 calls | peak=1696.97MB | final=0.00MB
2025-10-12 18:15:36,939 - INFO - [Shapelet 777] forward_avg=0.011969s over 278 calls | peak=2541.23MB | final=0.00MB
2025-10-12 18:15:36,939 - INFO - [Shapelet 1101] forward_avg=0.014346s over 278 calls | peak=3076.86MB | final=0.00MB
2025-10-12 18:15:36,939 - INFO - [Shapelet 1426] forward_avg=0.015446s over 278 calls | peak=3302.11MB | final=0.00MB
2025-10-12 18:15:36,939 - INFO - [Shapelet 1750] forward_avg=0.014926s over 278 calls | peak=3220.47MB | final=0.00MB
2025-10-12 18:15:36,939 - INFO - [Shapelet 2075] forward_avg=0.013185s over 278 calls | peak=2830.50MB | final=0.00MB
2025-10-12 18:15:36,939 - INFO - [Shapelet 2400] forward_avg=0.009772s over 278 calls | peak=2129.31MB | final=0.00MB
2025-10-12 18:15:36,939 - INFO - 
🔍 COSINE modules:
2025-10-12 18:15:36,939 - INFO - [Shapelet 128] forward_avg=0.002291s over 278 calls | peak=360.86MB | final=0.00MB
2025-10-12 18:15:36,939 - INFO - [Shapelet 452] forward_avg=0.005128s over 278 calls | peak=1127.04MB | final=0.00MB
2025-10-12 18:15:36,939 - INFO - [Shapelet 777] forward_avg=0.007558s over 278 calls | peak=1688.97MB | final=0.00MB
2025-10-12 18:15:36,939 - INFO - [Shapelet 1101] forward_avg=0.008982s over 278 calls | peak=2044.93MB | final=0.00MB
2025-10-12 18:15:36,939 - INFO - [Shapelet 1426] forward_avg=0.009738s over 278 calls | peak=2194.08MB | final=0.00MB
2025-10-12 18:15:36,939 - INFO - [Shapelet 1750] forward_avg=0.009415s over 278 calls | peak=2138.55MB | final=0.00MB
2025-10-12 18:15:36,939 - INFO - [Shapelet 2075] forward_avg=0.008511s over 278 calls | peak=1876.87MB | final=0.00MB
2025-10-12 18:15:36,939 - INFO - [Shapelet 2400] forward_avg=0.006345s over 278 calls | peak=1408.89MB | final=0.00MB
2025-10-12 18:15:36,940 - INFO - 
🔍 CROSS modules:
2025-10-12 18:15:36,940 - INFO - [Shapelet 128] forward_avg=0.000646s over 278 calls
2025-10-12 18:15:36,940 - INFO - [Shapelet 452] forward_avg=0.001083s over 278 calls
2025-10-12 18:15:36,940 - INFO - [Shapelet 777] forward_avg=0.001656s over 278 calls
2025-10-12 18:15:36,940 - INFO - [Shapelet 1101] forward_avg=0.002328s over 278 calls
2025-10-12 18:15:36,940 - INFO - [Shapelet 1426] forward_avg=0.003040s over 278 calls
2025-10-12 18:15:36,940 - INFO - [Shapelet 1750] forward_avg=0.003693s over 278 calls
2025-10-12 18:15:36,940 - INFO - [Shapelet 2075] forward_avg=0.004343s over 278 calls
2025-10-12 18:15:36,940 - INFO - [Shapelet 2400] forward_avg=0.004938s over 278 calls
2025-10-12 18:15:36,940 - INFO - 
💾 模型第一次反向传播阶段的显存峰值（所有模块中的最大值）: 16803.15 MB
2025-10-12 18:15:36,940 - INFO - 
💾 模型初始显存: 104.49 MB
2025-10-12 18:15:36,940 - INFO - =======================================================================

2025-10-12 18:15:36,940 - INFO - torch.cuda.max_memory_reserved() : 21.833984375
2025-10-12 18:17:35,523 - INFO - Epoch 4 completed in 118.581880 seconds
2025-10-12 18:17:35,523 - INFO - torch.cuda.max_memory_reserved() : 21.833984375
2025-10-12 18:19:33,351 - INFO - Epoch 5 completed in 117.827204 seconds
2025-10-12 18:19:33,351 - INFO - torch.cuda.max_memory_reserved() : 21.833984375
2025-10-12 18:21:31,320 - INFO - Epoch 6 completed in 117.968141 seconds
2025-10-12 18:21:31,320 - INFO - torch.cuda.max_memory_reserved() : 21.833984375
2025-10-12 18:23:29,696 - INFO - Epoch 7 completed in 118.374777 seconds
2025-10-12 18:23:29,696 - INFO - torch.cuda.max_memory_reserved() : 21.833984375
2025-10-12 18:25:28,076 - INFO - Epoch 8 completed in 118.378829 seconds
2025-10-12 18:25:28,076 - INFO - torch.cuda.max_memory_reserved() : 21.833984375
2025-10-12 18:27:26,080 - INFO - Epoch 9 completed in 118.003417 seconds
2025-10-12 18:27:26,081 - INFO - torch.cuda.max_memory_reserved() : 21.833984375
2025-10-12 18:29:22,734 - INFO - Epoch 10 completed in 116.653075 seconds
2025-10-12 18:29:55,442 - INFO - torch.cuda.max_memory_reserved() : 21.833984375
2025-10-12 18:29:55,443 - INFO - !!!采用策略后的几个epoch 平均时间:117.76657783985138
2025-10-12 18:29:55,443 - INFO - 



