2025-10-12 16:23:12,625 - INFO - 📌 第一个 epoch：默认所有模块使用 checkpoint
2025-10-12 16:23:26,966 - INFO - Epoch 1 completed in 14.358800 seconds
2025-10-12 16:23:30,256 - INFO - torch.cuda.max_memory_reserved() : 2.0546875
2025-10-12 16:23:44,058 - INFO - 
[🔁 拟合反向传播时间模型]
2025-10-12 16:23:44,058 - INFO - 总反向传播时间: 13.694872s
2025-10-12 16:23:44,058 - INFO - 拟合模型: backward_total ≈ 2 × (A + B) + b
2025-10-12 16:23:44,058 - INFO - A = 8.412472, B = 0.760016, b = 4.522384s
2025-10-12 16:23:44,059 - INFO - ✅ 最优策略：[1, 1, 1, 1, 1, 1, 1, 1, 1, 1, 1, 1, 1, 1, 1, 1, 1, 1, 1, 1, 1, 1, 1, 1, 1, 1, 1, 1, 1, 1, 1, 1]
2025-10-12 16:23:44,059 - INFO - 📌 checkpoint 的欧氏长度:, []
2025-10-12 16:23:44,059 - INFO - 📌 checkpoint 的余弦长度:, []
2025-10-12 16:23:44,059 - INFO - 💾 最终显存峰值：%.2f MB % 5116.15771484375
2025-10-12 16:23:44,069 - INFO - Epoch 2 completed in 13.812793 seconds
2025-10-12 16:23:44,069 - INFO - torch.cuda.max_memory_reserved() : 2.0546875
2025-10-12 16:23:54,652 - INFO - Epoch 3 completed in 10.582333 seconds
2025-10-12 16:23:54,652 - INFO - 
====================== [第1个 Epoch 收集统计数据] ======================
2025-10-12 16:23:54,652 - INFO - 
🔍 EUCLIDEAN modules:
2025-10-12 16:23:54,652 - INFO - [Shapelet  14] forward_avg=0.002387s over 66 calls | peak=183.81MB | final=0.00MB
2025-10-12 16:23:54,652 - INFO - [Shapelet  28] forward_avg=0.002703s over 66 calls | peak=315.73MB | final=0.00MB
2025-10-12 16:23:54,652 - INFO - [Shapelet  42] forward_avg=0.003188s over 66 calls | peak=412.87MB | final=0.00MB
2025-10-12 16:23:54,652 - INFO - [Shapelet  57] forward_avg=0.003387s over 66 calls | peak=476.30MB | final=0.00MB
2025-10-12 16:23:54,652 - INFO - [Shapelet  71] forward_avg=0.003508s over 66 calls | peak=499.81MB | final=0.00MB
2025-10-12 16:23:54,653 - INFO - [Shapelet  86] forward_avg=0.003454s over 66 calls | peak=487.91MB | final=0.00MB
2025-10-12 16:23:54,653 - INFO - [Shapelet 100] forward_avg=0.003503s over 66 calls | peak=441.43MB | final=0.00MB
2025-10-12 16:23:54,653 - INFO - [Shapelet 115] forward_avg=0.003161s over 66 calls | peak=352.40MB | final=0.00MB
2025-10-12 16:23:54,653 - INFO - 
🔍 COSINE modules:
2025-10-12 16:23:54,653 - INFO - [Shapelet  14] forward_avg=0.002111s over 66 calls | peak=111.85MB | final=0.00MB
2025-10-12 16:23:54,653 - INFO - [Shapelet  28] forward_avg=0.001914s over 66 calls | peak=195.99MB | final=0.00MB
2025-10-12 16:23:54,653 - INFO - [Shapelet  42] forward_avg=0.001924s over 66 calls | peak=259.03MB | final=0.00MB
2025-10-12 16:23:54,653 - INFO - [Shapelet  57] forward_avg=0.002024s over 66 calls | peak=298.59MB | final=0.00MB
2025-10-12 16:23:54,653 - INFO - [Shapelet  71] forward_avg=0.002176s over 66 calls | peak=310.99MB | final=0.00MB
2025-10-12 16:23:54,653 - INFO - [Shapelet  86] forward_avg=0.002273s over 66 calls | peak=299.97MB | final=0.00MB
2025-10-12 16:23:54,653 - INFO - [Shapelet 100] forward_avg=0.002362s over 66 calls | peak=265.82MB | final=0.00MB
2025-10-12 16:23:54,653 - INFO - [Shapelet 115] forward_avg=0.002413s over 66 calls | peak=203.66MB | final=0.00MB
2025-10-12 16:23:54,653 - INFO - 
🔍 CROSS modules:
2025-10-12 16:23:54,653 - INFO - [Shapelet  14] forward_avg=0.000518s over 66 calls
2025-10-12 16:23:54,653 - INFO - [Shapelet  28] forward_avg=0.000495s over 66 calls
2025-10-12 16:23:54,653 - INFO - [Shapelet  42] forward_avg=0.000571s over 66 calls
2025-10-12 16:23:54,653 - INFO - [Shapelet  57] forward_avg=0.000656s over 66 calls
2025-10-12 16:23:54,653 - INFO - [Shapelet  71] forward_avg=0.000742s over 66 calls
2025-10-12 16:23:54,653 - INFO - [Shapelet  86] forward_avg=0.000829s over 66 calls
2025-10-12 16:23:54,653 - INFO - [Shapelet 100] forward_avg=0.000916s over 66 calls
2025-10-12 16:23:54,653 - INFO - [Shapelet 115] forward_avg=0.001031s over 66 calls
2025-10-12 16:23:54,653 - INFO - 
💾 模型第一次反向传播阶段的显存峰值（所有模块中的最大值）: 5036.82 MB
2025-10-12 16:23:54,653 - INFO - 
💾 模型初始显存: 91.00 MB
2025-10-12 16:23:54,653 - INFO - =======================================================================

2025-10-12 16:23:54,653 - INFO - torch.cuda.max_memory_reserved() : 5.8125
2025-10-12 16:24:05,196 - INFO - Epoch 4 completed in 10.542507 seconds
2025-10-12 16:24:05,197 - INFO - torch.cuda.max_memory_reserved() : 5.814453125
2025-10-12 16:24:15,485 - INFO - Epoch 5 completed in 10.287856 seconds
2025-10-12 16:24:15,485 - INFO - torch.cuda.max_memory_reserved() : 5.814453125
2025-10-12 16:24:25,843 - INFO - Epoch 6 completed in 10.356922 seconds
2025-10-12 16:24:25,843 - INFO - torch.cuda.max_memory_reserved() : 5.814453125
2025-10-12 16:24:36,405 - INFO - Epoch 7 completed in 10.560993 seconds
2025-10-12 16:24:36,405 - INFO - torch.cuda.max_memory_reserved() : 5.814453125
2025-10-12 16:24:46,838 - INFO - Epoch 8 completed in 10.432539 seconds
2025-10-12 16:24:46,839 - INFO - torch.cuda.max_memory_reserved() : 5.814453125
2025-10-12 16:24:57,174 - INFO - Epoch 9 completed in 10.335287 seconds
2025-10-12 16:24:57,175 - INFO - torch.cuda.max_memory_reserved() : 5.814453125
2025-10-12 16:25:07,497 - INFO - Epoch 10 completed in 10.321844 seconds
2025-10-12 16:25:10,566 - INFO - torch.cuda.max_memory_reserved() : 5.814453125
2025-10-12 16:25:10,566 - INFO - !!!采用策略后的几个epoch 平均时间:10.427535265684128
2025-10-12 16:25:10,566 - INFO - 



