2025-10-12 16:10:33,068 - INFO - 📌 第一个 epoch：默认所有模块使用 checkpoint
2025-10-12 16:10:36,986 - INFO - Epoch 1 completed in 3.922864 seconds
2025-10-12 16:10:37,665 - INFO - torch.cuda.max_memory_reserved() : 1.029296875
2025-10-12 16:10:41,127 - INFO - 
[🔁 拟合反向传播时间模型]
2025-10-12 16:10:41,127 - INFO - 总反向传播时间: 3.451201s
2025-10-12 16:10:41,127 - INFO - 拟合模型: backward_total ≈ 2 × (A + B) + b
2025-10-12 16:10:41,127 - INFO - A = 2.245214, B = 0.201466, b = 1.004522s
2025-10-12 16:10:41,127 - INFO - ✅ 最优策略：[1, 1, 1, 1, 1, 1, 1, 1, 1, 1, 1, 1, 1, 1, 1, 1, 1, 1, 1, 1, 1, 1, 1, 1, 1, 1, 1, 1, 1, 1, 1, 1]
2025-10-12 16:10:41,127 - INFO - 📌 checkpoint 的欧氏长度:, []
2025-10-12 16:10:41,127 - INFO - 📌 checkpoint 的余弦长度:, []
2025-10-12 16:10:41,127 - INFO - 💾 最终显存峰值：%.2f MB % 2082.8623046875
2025-10-12 16:10:41,127 - INFO - Epoch 2 completed in 3.461551 seconds
2025-10-12 16:10:41,128 - INFO - torch.cuda.max_memory_reserved() : 1.029296875
2025-10-12 16:10:43,646 - INFO - Epoch 3 completed in 2.518198 seconds
2025-10-12 16:10:43,646 - INFO - 
====================== [第1个 Epoch 收集统计数据] ======================
2025-10-12 16:10:43,646 - INFO - 
🔍 EUCLIDEAN modules:
2025-10-12 16:10:43,646 - INFO - [Shapelet 119] forward_avg=0.001857s over 26 calls | peak=72.20MB | final=0.00MB
2025-10-12 16:10:43,647 - INFO - [Shapelet 238] forward_avg=0.001544s over 26 calls | peak=126.95MB | final=0.00MB
2025-10-12 16:10:43,647 - INFO - [Shapelet 358] forward_avg=0.001642s over 26 calls | peak=169.17MB | final=0.00MB
2025-10-12 16:10:43,647 - INFO - [Shapelet 478] forward_avg=0.001706s over 26 calls | peak=193.41MB | final=0.00MB
2025-10-12 16:10:43,647 - INFO - [Shapelet 597] forward_avg=0.001697s over 26 calls | peak=199.65MB | final=0.00MB
2025-10-12 16:10:43,647 - INFO - [Shapelet 717] forward_avg=0.001645s over 26 calls | peak=193.90MB | final=0.00MB
2025-10-12 16:10:43,647 - INFO - [Shapelet 837] forward_avg=0.001573s over 26 calls | peak=170.03MB | final=0.00MB
2025-10-12 16:10:43,647 - INFO - [Shapelet 957] forward_avg=0.001580s over 26 calls | peak=129.44MB | final=0.00MB
2025-10-12 16:10:43,647 - INFO - 
🔍 COSINE modules:
2025-10-12 16:10:43,647 - INFO - [Shapelet 119] forward_avg=0.002047s over 26 calls | peak=47.22MB | final=0.00MB
2025-10-12 16:10:43,647 - INFO - [Shapelet 238] forward_avg=0.001944s over 26 calls | peak=83.85MB | final=0.00MB
2025-10-12 16:10:43,647 - INFO - [Shapelet 358] forward_avg=0.001935s over 26 calls | peak=112.15MB | final=0.00MB
2025-10-12 16:10:43,647 - INFO - [Shapelet 478] forward_avg=0.001956s over 26 calls | peak=128.13MB | final=0.00MB
2025-10-12 16:10:43,647 - INFO - [Shapelet 597] forward_avg=0.001941s over 26 calls | peak=132.11MB | final=0.00MB
2025-10-12 16:10:43,647 - INFO - [Shapelet 717] forward_avg=0.001920s over 26 calls | peak=128.09MB | final=0.00MB
2025-10-12 16:10:43,647 - INFO - [Shapelet 837] forward_avg=0.001897s over 26 calls | peak=112.07MB | final=0.00MB
2025-10-12 16:10:43,647 - INFO - [Shapelet 957] forward_avg=0.001903s over 26 calls | peak=84.51MB | final=0.00MB
2025-10-12 16:10:43,647 - INFO - 
🔍 CROSS modules:
2025-10-12 16:10:43,647 - INFO - [Shapelet 119] forward_avg=0.000449s over 26 calls
2025-10-12 16:10:43,647 - INFO - [Shapelet 238] forward_avg=0.000428s over 26 calls
2025-10-12 16:10:43,647 - INFO - [Shapelet 358] forward_avg=0.000420s over 26 calls
2025-10-12 16:10:43,647 - INFO - [Shapelet 478] forward_avg=0.000446s over 26 calls
2025-10-12 16:10:43,647 - INFO - [Shapelet 597] forward_avg=0.000474s over 26 calls
2025-10-12 16:10:43,647 - INFO - [Shapelet 717] forward_avg=0.000510s over 26 calls
2025-10-12 16:10:43,647 - INFO - [Shapelet 837] forward_avg=0.000552s over 26 calls
2025-10-12 16:10:43,647 - INFO - [Shapelet 957] forward_avg=0.000597s over 26 calls
2025-10-12 16:10:43,647 - INFO - 
💾 模型第一次反向传播阶段的显存峰值（所有模块中的最大值）: 1798.81 MB
2025-10-12 16:10:43,647 - INFO - 
💾 模型初始显存: 5.08 MB
2025-10-12 16:10:43,647 - INFO - =======================================================================

2025-10-12 16:10:43,647 - INFO - torch.cuda.max_memory_reserved() : 1.994140625
2025-10-12 16:10:46,236 - INFO - Epoch 4 completed in 2.587622 seconds
2025-10-12 16:10:46,236 - INFO - torch.cuda.max_memory_reserved() : 1.994140625
2025-10-12 16:10:48,691 - INFO - Epoch 5 completed in 2.454822 seconds
2025-10-12 16:10:48,692 - INFO - torch.cuda.max_memory_reserved() : 1.994140625
2025-10-12 16:10:51,120 - INFO - Epoch 6 completed in 2.426270 seconds
2025-10-12 16:10:51,120 - INFO - torch.cuda.max_memory_reserved() : 1.994140625
2025-10-12 16:10:53,566 - INFO - Epoch 7 completed in 2.445943 seconds
2025-10-12 16:10:53,567 - INFO - torch.cuda.max_memory_reserved() : 1.994140625
2025-10-12 16:10:56,072 - INFO - Epoch 8 completed in 2.504763 seconds
2025-10-12 16:10:56,072 - INFO - torch.cuda.max_memory_reserved() : 1.994140625
2025-10-12 16:10:58,562 - INFO - Epoch 9 completed in 2.488782 seconds
2025-10-12 16:10:58,563 - INFO - torch.cuda.max_memory_reserved() : 1.994140625
2025-10-12 16:11:01,023 - INFO - Epoch 10 completed in 2.459656 seconds
2025-10-12 16:11:01,612 - INFO - torch.cuda.max_memory_reserved() : 1.994140625
2025-10-12 16:11:01,612 - INFO - !!!采用策略后的几个epoch 平均时间:2.4857571721076965
2025-10-12 16:11:01,612 - INFO - 



