2025-10-12 16:07:02,954 - INFO - 📌 第一个 epoch：默认所有模块使用 checkpoint
2025-10-12 16:07:06,828 - INFO - Epoch 1 completed in 3.881742 seconds
2025-10-12 16:07:07,500 - INFO - torch.cuda.max_memory_reserved() : 1.029296875
2025-10-12 16:07:10,886 - INFO - 
[🔁 拟合反向传播时间模型]
2025-10-12 16:07:10,886 - INFO - 总反向传播时间: 3.375084s
2025-10-12 16:07:10,886 - INFO - 拟合模型: backward_total ≈ 2 × (A + B) + b
2025-10-12 16:07:10,886 - INFO - A = 2.183003, B = 0.196895, b = 0.995186s
2025-10-12 16:07:10,886 - INFO - ✅ 最优策略：[1, 0, 0, 0, 0, 0, 0, 0, 1, 1, 1, 0, 0, 0, 1, 1, 1, 1, 1, 1, 1, 1, 1, 1, 1, 1, 1, 1, 1, 1, 1, 1]
2025-10-12 16:07:10,886 - INFO - 📌 checkpoint 的欧氏长度:, [238, 358, 478, 597, 717, 837, 957]
2025-10-12 16:07:10,886 - INFO - 📌 checkpoint 的余弦长度:, [478, 597, 717]
2025-10-12 16:07:10,886 - INFO - 💾 最终显存峰值：%.2f MB % 511.98974609375
2025-10-12 16:07:10,886 - INFO - Epoch 2 completed in 3.385995 seconds
2025-10-12 16:07:10,886 - INFO - torch.cuda.max_memory_reserved() : 1.029296875
2025-10-12 16:07:13,828 - INFO - Epoch 3 completed in 2.941383 seconds
2025-10-12 16:07:13,829 - INFO - 
====================== [第1个 Epoch 收集统计数据] ======================
2025-10-12 16:07:13,829 - INFO - 
🔍 EUCLIDEAN modules:
2025-10-12 16:07:13,829 - INFO - [Shapelet 119] forward_avg=0.001832s over 26 calls | peak=72.20MB | final=0.00MB
2025-10-12 16:07:13,829 - INFO - [Shapelet 238] forward_avg=0.001459s over 26 calls | peak=126.95MB | final=0.00MB
2025-10-12 16:07:13,829 - INFO - [Shapelet 358] forward_avg=0.001600s over 26 calls | peak=169.17MB | final=0.00MB
2025-10-12 16:07:13,829 - INFO - [Shapelet 478] forward_avg=0.001665s over 26 calls | peak=193.41MB | final=0.00MB
2025-10-12 16:07:13,829 - INFO - [Shapelet 597] forward_avg=0.001650s over 26 calls | peak=199.65MB | final=0.00MB
2025-10-12 16:07:13,829 - INFO - [Shapelet 717] forward_avg=0.001622s over 26 calls | peak=193.90MB | final=0.00MB
2025-10-12 16:07:13,829 - INFO - [Shapelet 837] forward_avg=0.001545s over 26 calls | peak=170.03MB | final=0.00MB
2025-10-12 16:07:13,829 - INFO - [Shapelet 957] forward_avg=0.001502s over 26 calls | peak=129.44MB | final=0.00MB
2025-10-12 16:07:13,829 - INFO - 
🔍 COSINE modules:
2025-10-12 16:07:13,829 - INFO - [Shapelet 119] forward_avg=0.001953s over 26 calls | peak=47.22MB | final=0.00MB
2025-10-12 16:07:13,829 - INFO - [Shapelet 238] forward_avg=0.001871s over 26 calls | peak=83.85MB | final=0.00MB
2025-10-12 16:07:13,829 - INFO - [Shapelet 358] forward_avg=0.001856s over 26 calls | peak=112.15MB | final=0.00MB
2025-10-12 16:07:13,829 - INFO - [Shapelet 478] forward_avg=0.001876s over 26 calls | peak=128.13MB | final=0.00MB
2025-10-12 16:07:13,829 - INFO - [Shapelet 597] forward_avg=0.001926s over 26 calls | peak=132.11MB | final=0.00MB
2025-10-12 16:07:13,829 - INFO - [Shapelet 717] forward_avg=0.001915s over 26 calls | peak=128.09MB | final=0.00MB
2025-10-12 16:07:13,829 - INFO - [Shapelet 837] forward_avg=0.001849s over 26 calls | peak=112.07MB | final=0.00MB
2025-10-12 16:07:13,829 - INFO - [Shapelet 957] forward_avg=0.001867s over 26 calls | peak=84.51MB | final=0.00MB
2025-10-12 16:07:13,829 - INFO - 
🔍 CROSS modules:
2025-10-12 16:07:13,830 - INFO - [Shapelet 119] forward_avg=0.000433s over 26 calls
2025-10-12 16:07:13,830 - INFO - [Shapelet 238] forward_avg=0.000413s over 26 calls
2025-10-12 16:07:13,830 - INFO - [Shapelet 358] forward_avg=0.000407s over 26 calls
2025-10-12 16:07:13,830 - INFO - [Shapelet 478] forward_avg=0.000437s over 26 calls
2025-10-12 16:07:13,830 - INFO - [Shapelet 597] forward_avg=0.000466s over 26 calls
2025-10-12 16:07:13,830 - INFO - [Shapelet 717] forward_avg=0.000501s over 26 calls
2025-10-12 16:07:13,830 - INFO - [Shapelet 837] forward_avg=0.000547s over 26 calls
2025-10-12 16:07:13,830 - INFO - [Shapelet 957] forward_avg=0.000584s over 26 calls
2025-10-12 16:07:13,830 - INFO - 
💾 模型第一次反向传播阶段的显存峰值（所有模块中的最大值）: 573.47 MB
2025-10-12 16:07:13,830 - INFO - 
💾 模型初始显存: 5.08 MB
2025-10-12 16:07:13,830 - INFO - =======================================================================

2025-10-12 16:07:13,830 - INFO - torch.cuda.max_memory_reserved() : 1.03125
2025-10-12 16:07:16,796 - INFO - Epoch 4 completed in 2.965796 seconds
2025-10-12 16:07:16,797 - INFO - torch.cuda.max_memory_reserved() : 1.03125
2025-10-12 16:07:19,784 - INFO - Epoch 5 completed in 2.987115 seconds
2025-10-12 16:07:19,785 - INFO - torch.cuda.max_memory_reserved() : 1.03125
2025-10-12 16:07:22,772 - INFO - Epoch 6 completed in 2.986748 seconds
2025-10-12 16:07:22,773 - INFO - torch.cuda.max_memory_reserved() : 1.03125
2025-10-12 16:07:25,726 - INFO - Epoch 7 completed in 2.952521 seconds
2025-10-12 16:07:25,727 - INFO - torch.cuda.max_memory_reserved() : 1.03125
2025-10-12 16:07:28,845 - INFO - Epoch 8 completed in 3.116356 seconds
2025-10-12 16:07:28,845 - INFO - torch.cuda.max_memory_reserved() : 1.03125
2025-10-12 16:07:31,831 - INFO - Epoch 9 completed in 2.984866 seconds
2025-10-12 16:07:31,831 - INFO - torch.cuda.max_memory_reserved() : 1.03125
2025-10-12 16:07:34,794 - INFO - Epoch 10 completed in 2.962806 seconds
2025-10-12 16:07:35,429 - INFO - torch.cuda.max_memory_reserved() : 1.03125
2025-10-12 16:07:35,430 - INFO - !!!采用策略后的几个epoch 平均时间:2.9871989488601685
2025-10-12 16:07:35,430 - INFO - 



