2025-10-12 16:07:57,468 - INFO - 📌 第一个 epoch：默认所有模块使用 checkpoint
2025-10-12 16:08:01,266 - INFO - Epoch 1 completed in 3.802560 seconds
2025-10-12 16:08:01,939 - INFO - torch.cuda.max_memory_reserved() : 1.029296875
2025-10-12 16:08:05,250 - INFO - 
[🔁 拟合反向传播时间模型]
2025-10-12 16:08:05,251 - INFO - 总反向传播时间: 3.297279s
2025-10-12 16:08:05,251 - INFO - 拟合模型: backward_total ≈ 2 × (A + B) + b
2025-10-12 16:08:05,251 - INFO - A = 2.180781, B = 0.197361, b = 0.919136s
2025-10-12 16:08:05,251 - INFO - ✅ 最优策略：[1, 0, 0, 0, 0, 0, 0, 0, 1, 1, 1, 1, 1, 1, 1, 1, 1, 1, 1, 1, 1, 1, 1, 1, 1, 1, 1, 1, 1, 1, 1, 1]
2025-10-12 16:08:05,251 - INFO - 📌 checkpoint 的欧氏长度:, [238, 358, 478, 597, 717, 837, 957]
2025-10-12 16:08:05,251 - INFO - 📌 checkpoint 的余弦长度:, []
2025-10-12 16:08:05,251 - INFO - 💾 最终显存峰值：%.2f MB % 900.3203125
2025-10-12 16:08:05,251 - INFO - Epoch 2 completed in 3.311184 seconds
2025-10-12 16:08:05,251 - INFO - torch.cuda.max_memory_reserved() : 1.029296875
2025-10-12 16:08:08,161 - INFO - Epoch 3 completed in 2.909697 seconds
2025-10-12 16:08:08,161 - INFO - 
====================== [第1个 Epoch 收集统计数据] ======================
2025-10-12 16:08:08,161 - INFO - 
🔍 EUCLIDEAN modules:
2025-10-12 16:08:08,162 - INFO - [Shapelet 119] forward_avg=0.001803s over 26 calls | peak=72.20MB | final=0.00MB
2025-10-12 16:08:08,162 - INFO - [Shapelet 238] forward_avg=0.001478s over 26 calls | peak=126.95MB | final=0.00MB
2025-10-12 16:08:08,162 - INFO - [Shapelet 358] forward_avg=0.001591s over 26 calls | peak=169.17MB | final=0.00MB
2025-10-12 16:08:08,162 - INFO - [Shapelet 478] forward_avg=0.001663s over 26 calls | peak=193.41MB | final=0.00MB
2025-10-12 16:08:08,162 - INFO - [Shapelet 597] forward_avg=0.001662s over 26 calls | peak=199.65MB | final=0.00MB
2025-10-12 16:08:08,162 - INFO - [Shapelet 717] forward_avg=0.001604s over 26 calls | peak=193.90MB | final=0.00MB
2025-10-12 16:08:08,162 - INFO - [Shapelet 837] forward_avg=0.001527s over 26 calls | peak=170.03MB | final=0.00MB
2025-10-12 16:08:08,162 - INFO - [Shapelet 957] forward_avg=0.001530s over 26 calls | peak=129.44MB | final=0.00MB
2025-10-12 16:08:08,162 - INFO - 
🔍 COSINE modules:
2025-10-12 16:08:08,162 - INFO - [Shapelet 119] forward_avg=0.001997s over 26 calls | peak=47.22MB | final=0.00MB
2025-10-12 16:08:08,162 - INFO - [Shapelet 238] forward_avg=0.001867s over 26 calls | peak=83.85MB | final=0.00MB
2025-10-12 16:08:08,162 - INFO - [Shapelet 358] forward_avg=0.001867s over 26 calls | peak=112.15MB | final=0.00MB
2025-10-12 16:08:08,162 - INFO - [Shapelet 478] forward_avg=0.001880s over 26 calls | peak=128.13MB | final=0.00MB
2025-10-12 16:08:08,162 - INFO - [Shapelet 597] forward_avg=0.001908s over 26 calls | peak=132.11MB | final=0.00MB
2025-10-12 16:08:08,162 - INFO - [Shapelet 717] forward_avg=0.001872s over 26 calls | peak=128.09MB | final=0.00MB
2025-10-12 16:08:08,162 - INFO - [Shapelet 837] forward_avg=0.001851s over 26 calls | peak=112.07MB | final=0.00MB
2025-10-12 16:08:08,162 - INFO - [Shapelet 957] forward_avg=0.001859s over 26 calls | peak=84.51MB | final=0.00MB
2025-10-12 16:08:08,162 - INFO - 
🔍 CROSS modules:
2025-10-12 16:08:08,162 - INFO - [Shapelet 119] forward_avg=0.000437s over 26 calls
2025-10-12 16:08:08,162 - INFO - [Shapelet 238] forward_avg=0.000409s over 26 calls
2025-10-12 16:08:08,162 - INFO - [Shapelet 358] forward_avg=0.000408s over 26 calls
2025-10-12 16:08:08,162 - INFO - [Shapelet 478] forward_avg=0.000441s over 26 calls
2025-10-12 16:08:08,162 - INFO - [Shapelet 597] forward_avg=0.000470s over 26 calls
2025-10-12 16:08:08,162 - INFO - [Shapelet 717] forward_avg=0.000503s over 26 calls
2025-10-12 16:08:08,162 - INFO - [Shapelet 837] forward_avg=0.000548s over 26 calls
2025-10-12 16:08:08,162 - INFO - [Shapelet 957] forward_avg=0.000580s over 26 calls
2025-10-12 16:08:08,162 - INFO - 
💾 模型第一次反向传播阶段的显存峰值（所有模块中的最大值）: 975.35 MB
2025-10-12 16:08:08,162 - INFO - 
💾 模型初始显存: 5.08 MB
2025-10-12 16:08:08,162 - INFO - =======================================================================

2025-10-12 16:08:08,163 - INFO - torch.cuda.max_memory_reserved() : 1.201171875
2025-10-12 16:08:10,932 - INFO - Epoch 4 completed in 2.768807 seconds
2025-10-12 16:08:10,932 - INFO - torch.cuda.max_memory_reserved() : 1.201171875
2025-10-12 16:08:13,731 - INFO - Epoch 5 completed in 2.797915 seconds
2025-10-12 16:08:13,731 - INFO - torch.cuda.max_memory_reserved() : 1.201171875
2025-10-12 16:08:16,541 - INFO - Epoch 6 completed in 2.809396 seconds
2025-10-12 16:08:16,541 - INFO - torch.cuda.max_memory_reserved() : 1.201171875
2025-10-12 16:08:19,345 - INFO - Epoch 7 completed in 2.803233 seconds
2025-10-12 16:08:19,346 - INFO - torch.cuda.max_memory_reserved() : 1.201171875
2025-10-12 16:08:22,126 - INFO - Epoch 8 completed in 2.778846 seconds
2025-10-12 16:08:22,126 - INFO - torch.cuda.max_memory_reserved() : 1.201171875
2025-10-12 16:08:24,951 - INFO - Epoch 9 completed in 2.823892 seconds
2025-10-12 16:08:24,952 - INFO - torch.cuda.max_memory_reserved() : 1.201171875
2025-10-12 16:08:27,770 - INFO - Epoch 10 completed in 2.816989 seconds
2025-10-12 16:08:28,395 - INFO - torch.cuda.max_memory_reserved() : 1.203125
2025-10-12 16:08:28,395 - INFO - !!!采用策略后的几个epoch 平均时间:2.813596785068512
2025-10-12 16:08:28,395 - INFO - 



