2025-10-12 16:28:05,665 - INFO - 📌 第一个 epoch：默认所有模块使用 checkpoint
2025-10-12 16:28:12,856 - INFO - Epoch 1 completed in 7.203884 seconds
2025-10-12 16:28:15,099 - INFO - torch.cuda.max_memory_reserved() : 11.17578125
2025-10-12 16:28:21,763 - INFO - 
[🔁 拟合反向传播时间模型]
2025-10-12 16:28:21,763 - INFO - 总反向传播时间: 6.625837s
2025-10-12 16:28:21,763 - INFO - 拟合模型: backward_total ≈ 2 × (A + B) + b
2025-10-12 16:28:21,763 - INFO - A = 5.274159, B = 0.457950, b = 0.893728s
2025-10-12 16:28:21,763 - INFO - ✅ 最优策略：[1, 0, 0, 0, 0, 0, 0, 0, 1, 1, 1, 0, 1, 1, 1, 1, 1, 1, 1, 1, 1, 1, 1, 1, 1, 1, 1, 1, 1, 1, 1, 1]
2025-10-12 16:28:21,763 - INFO - 📌 checkpoint 的欧氏长度:, [54, 81, 108, 135, 162, 189, 216]
2025-10-12 16:28:21,763 - INFO - 📌 checkpoint 的余弦长度:, [108]
2025-10-12 16:28:21,763 - INFO - 💾 最终显存峰值：%.2f MB % 8881.138671875
2025-10-12 16:28:21,768 - INFO - Epoch 2 completed in 6.668674 seconds
2025-10-12 16:28:21,769 - INFO - torch.cuda.max_memory_reserved() : 11.17578125
2025-10-12 16:28:27,797 - INFO - Epoch 3 completed in 6.027806 seconds
2025-10-12 16:28:27,797 - INFO - 
====================== [第1个 Epoch 收集统计数据] ======================
2025-10-12 16:28:27,797 - INFO - 
🔍 EUCLIDEAN modules:
2025-10-12 16:28:27,797 - INFO - [Shapelet  27] forward_avg=0.007791s over 12 calls | peak=866.77MB | final=0.00MB
2025-10-12 16:28:27,797 - INFO - [Shapelet  54] forward_avg=0.009731s over 12 calls | peak=1508.45MB | final=0.00MB
2025-10-12 16:28:27,797 - INFO - [Shapelet  81] forward_avg=0.012467s over 12 calls | peak=1972.67MB | final=0.00MB
2025-10-12 16:28:27,797 - INFO - [Shapelet 108] forward_avg=0.014153s over 12 calls | peak=2253.60MB | final=0.00MB
2025-10-12 16:28:27,797 - INFO - [Shapelet 135] forward_avg=0.014924s over 12 calls | peak=2357.04MB | final=0.00MB
2025-10-12 16:28:27,797 - INFO - [Shapelet 162] forward_avg=0.012917s over 12 calls | peak=2280.04MB | final=0.00MB
2025-10-12 16:28:27,798 - INFO - [Shapelet 189] forward_avg=0.011782s over 12 calls | peak=2023.78MB | final=0.00MB
2025-10-12 16:28:27,798 - INFO - [Shapelet 216] forward_avg=0.010534s over 12 calls | peak=1588.90MB | final=0.00MB
2025-10-12 16:28:27,798 - INFO - 
🔍 COSINE modules:
2025-10-12 16:28:27,798 - INFO - [Shapelet  27] forward_avg=0.003491s over 12 calls | peak=550.84MB | final=0.00MB
2025-10-12 16:28:27,798 - INFO - [Shapelet  54] forward_avg=0.005306s over 12 calls | peak=970.87MB | final=0.00MB
2025-10-12 16:28:27,798 - INFO - [Shapelet  81] forward_avg=0.006764s over 12 calls | peak=1271.50MB | final=0.00MB
2025-10-12 16:28:27,798 - INFO - [Shapelet 108] forward_avg=0.007969s over 12 calls | peak=1451.84MB | final=0.00MB
2025-10-12 16:28:27,798 - INFO - [Shapelet 135] forward_avg=0.008439s over 12 calls | peak=1513.58MB | final=0.00MB
2025-10-12 16:28:27,798 - INFO - [Shapelet 162] forward_avg=0.007114s over 12 calls | peak=1454.06MB | final=0.00MB
2025-10-12 16:28:27,798 - INFO - [Shapelet 189] forward_avg=0.006778s over 12 calls | peak=1275.63MB | final=0.00MB
2025-10-12 16:28:27,798 - INFO - [Shapelet 216] forward_avg=0.006344s over 12 calls | peak=977.89MB | final=0.00MB
2025-10-12 16:28:27,798 - INFO - 
🔍 CROSS modules:
2025-10-12 16:28:27,798 - INFO - [Shapelet  27] forward_avg=0.001176s over 12 calls
2025-10-12 16:28:27,798 - INFO - [Shapelet  54] forward_avg=0.001767s over 12 calls
2025-10-12 16:28:27,798 - INFO - [Shapelet  81] forward_avg=0.002421s over 12 calls
2025-10-12 16:28:27,798 - INFO - [Shapelet 108] forward_avg=0.002852s over 12 calls
2025-10-12 16:28:27,798 - INFO - [Shapelet 135] forward_avg=0.002171s over 12 calls
2025-10-12 16:28:27,798 - INFO - [Shapelet 162] forward_avg=0.002532s over 12 calls
2025-10-12 16:28:27,798 - INFO - [Shapelet 189] forward_avg=0.002904s over 12 calls
2025-10-12 16:28:27,798 - INFO - [Shapelet 216] forward_avg=0.003258s over 12 calls
2025-10-12 16:28:27,798 - INFO - 
💾 模型第一次反向传播阶段的显存峰值（所有模块中的最大值）: 8771.88 MB
2025-10-12 16:28:27,798 - INFO - 
💾 模型初始显存: 237.80 MB
2025-10-12 16:28:27,798 - INFO - =======================================================================

2025-10-12 16:28:27,798 - INFO - torch.cuda.max_memory_reserved() : 12.650390625
2025-10-12 16:28:33,889 - INFO - Epoch 4 completed in 6.089866 seconds
2025-10-12 16:28:33,890 - INFO - torch.cuda.max_memory_reserved() : 12.650390625
2025-10-12 16:28:40,265 - INFO - Epoch 5 completed in 6.374506 seconds
2025-10-12 16:28:40,266 - INFO - torch.cuda.max_memory_reserved() : 12.650390625
2025-10-12 16:28:46,435 - INFO - Epoch 6 completed in 6.167685 seconds
2025-10-12 16:28:46,435 - INFO - torch.cuda.max_memory_reserved() : 12.650390625
2025-10-12 16:28:52,535 - INFO - Epoch 7 completed in 6.098506 seconds
2025-10-12 16:28:52,536 - INFO - torch.cuda.max_memory_reserved() : 12.650390625
2025-10-12 16:28:58,510 - INFO - Epoch 8 completed in 5.973592 seconds
2025-10-12 16:28:58,511 - INFO - torch.cuda.max_memory_reserved() : 12.650390625
2025-10-12 16:29:04,390 - INFO - Epoch 9 completed in 5.878726 seconds
2025-10-12 16:29:04,391 - INFO - torch.cuda.max_memory_reserved() : 12.650390625
2025-10-12 16:29:10,529 - INFO - Epoch 10 completed in 6.137296 seconds
2025-10-12 16:29:12,766 - INFO - torch.cuda.max_memory_reserved() : 12.650390625
2025-10-12 16:29:12,767 - INFO - !!!采用策略后的几个epoch 平均时间:6.093497931957245
2025-10-12 16:29:12,767 - INFO - 



