2025-10-12 17:01:00,371 - INFO - 📌 第一个 epoch：默认所有模块使用 checkpoint
2025-10-12 17:03:22,001 - INFO - Epoch 1 completed in 141.649092 seconds
2025-10-12 17:03:54,721 - INFO - torch.cuda.max_memory_reserved() : 15.2421875
2025-10-12 17:06:16,158 - INFO - 
[🔁 拟合反向传播时间模型]
2025-10-12 17:06:16,159 - INFO - 总反向传播时间: 141.167896s
2025-10-12 17:06:16,159 - INFO - 拟合模型: backward_total ≈ 2 × (A + B) + b
2025-10-12 17:06:16,159 - INFO - A = 123.520917, B = 11.924004, b = 5.722975s
2025-10-12 17:06:16,160 - INFO - ✅ 最优策略：[1, 1, 0, 0, 0, 0, 0, 0, 1, 1, 1, 0, 0, 1, 1, 1, 1, 1, 1, 1, 1, 1, 1, 1, 1, 1, 1, 1, 1, 1, 1, 1]
2025-10-12 17:06:16,160 - INFO - 📌 checkpoint 的欧氏长度:, [777, 1101, 1426, 1750, 2075, 2400]
2025-10-12 17:06:16,160 - INFO - 📌 checkpoint 的余弦长度:, [1101, 1426]
2025-10-12 17:06:16,160 - INFO - 💾 最终显存峰值：%.2f MB % 10843.61083984375
2025-10-12 17:06:16,179 - INFO - Epoch 2 completed in 141.457430 seconds
2025-10-12 17:06:16,180 - INFO - torch.cuda.max_memory_reserved() : 15.2421875
2025-10-12 17:08:19,904 - INFO - Epoch 3 completed in 123.723667 seconds
2025-10-12 17:08:19,904 - INFO - 
====================== [第1个 Epoch 收集统计数据] ======================
2025-10-12 17:08:19,904 - INFO - 
🔍 EUCLIDEAN modules:
2025-10-12 17:08:19,904 - INFO - [Shapelet 128] forward_avg=0.003211s over 278 calls | peak=545.46MB | final=0.00MB
2025-10-12 17:08:19,904 - INFO - [Shapelet 452] forward_avg=0.008101s over 278 calls | peak=1696.97MB | final=0.00MB
2025-10-12 17:08:19,904 - INFO - [Shapelet 777] forward_avg=0.011924s over 278 calls | peak=2541.23MB | final=0.00MB
2025-10-12 17:08:19,904 - INFO - [Shapelet 1101] forward_avg=0.014257s over 278 calls | peak=3076.86MB | final=0.00MB
2025-10-12 17:08:19,904 - INFO - [Shapelet 1426] forward_avg=0.015397s over 278 calls | peak=3302.11MB | final=0.00MB
2025-10-12 17:08:19,904 - INFO - [Shapelet 1750] forward_avg=0.014841s over 278 calls | peak=3220.47MB | final=0.00MB
2025-10-12 17:08:19,905 - INFO - [Shapelet 2075] forward_avg=0.013145s over 278 calls | peak=2830.50MB | final=0.00MB
2025-10-12 17:08:19,905 - INFO - [Shapelet 2400] forward_avg=0.009734s over 278 calls | peak=2129.31MB | final=0.00MB
2025-10-12 17:08:19,905 - INFO - 
🔍 COSINE modules:
2025-10-12 17:08:19,905 - INFO - [Shapelet 128] forward_avg=0.002132s over 278 calls | peak=360.86MB | final=0.00MB
2025-10-12 17:08:19,905 - INFO - [Shapelet 452] forward_avg=0.005095s over 278 calls | peak=1127.04MB | final=0.00MB
2025-10-12 17:08:19,905 - INFO - [Shapelet 777] forward_avg=0.007516s over 278 calls | peak=1688.97MB | final=0.00MB
2025-10-12 17:08:19,905 - INFO - [Shapelet 1101] forward_avg=0.008940s over 278 calls | peak=2044.93MB | final=0.00MB
2025-10-12 17:08:19,905 - INFO - [Shapelet 1426] forward_avg=0.009691s over 278 calls | peak=2194.08MB | final=0.00MB
2025-10-12 17:08:19,905 - INFO - [Shapelet 1750] forward_avg=0.009367s over 278 calls | peak=2138.55MB | final=0.00MB
2025-10-12 17:08:19,905 - INFO - [Shapelet 2075] forward_avg=0.008457s over 278 calls | peak=1876.87MB | final=0.00MB
2025-10-12 17:08:19,905 - INFO - [Shapelet 2400] forward_avg=0.006299s over 278 calls | peak=1408.89MB | final=0.00MB
2025-10-12 17:08:19,905 - INFO - 
🔍 CROSS modules:
2025-10-12 17:08:19,905 - INFO - [Shapelet 128] forward_avg=0.000638s over 278 calls
2025-10-12 17:08:19,905 - INFO - [Shapelet 452] forward_avg=0.001056s over 278 calls
2025-10-12 17:08:19,905 - INFO - [Shapelet 777] forward_avg=0.001620s over 278 calls
2025-10-12 17:08:19,905 - INFO - [Shapelet 1101] forward_avg=0.002292s over 278 calls
2025-10-12 17:08:19,905 - INFO - [Shapelet 1426] forward_avg=0.003000s over 278 calls
2025-10-12 17:08:19,905 - INFO - [Shapelet 1750] forward_avg=0.003646s over 278 calls
2025-10-12 17:08:19,905 - INFO - [Shapelet 2075] forward_avg=0.004304s over 278 calls
2025-10-12 17:08:19,905 - INFO - [Shapelet 2400] forward_avg=0.004890s over 278 calls
2025-10-12 17:08:19,905 - INFO - 
💾 模型第一次反向传播阶段的显存峰值（所有模块中的最大值）: 10524.91 MB
2025-10-12 17:08:19,905 - INFO - 
💾 模型初始显存: 104.49 MB
2025-10-12 17:08:19,905 - INFO - =======================================================================

2025-10-12 17:08:19,905 - INFO - torch.cuda.max_memory_reserved() : 17.390625
2025-10-12 17:10:25,203 - INFO - Epoch 4 completed in 125.296615 seconds
2025-10-12 17:10:25,203 - INFO - torch.cuda.max_memory_reserved() : 17.390625
2025-10-12 17:12:29,977 - INFO - Epoch 5 completed in 124.773087 seconds
2025-10-12 17:12:29,977 - INFO - torch.cuda.max_memory_reserved() : 17.390625
2025-10-12 17:14:35,111 - INFO - Epoch 6 completed in 125.133899 seconds
2025-10-12 17:14:35,112 - INFO - torch.cuda.max_memory_reserved() : 17.390625
2025-10-12 17:16:41,535 - INFO - Epoch 7 completed in 126.422775 seconds
2025-10-12 17:16:41,536 - INFO - torch.cuda.max_memory_reserved() : 17.390625
2025-10-12 17:18:48,766 - INFO - Epoch 8 completed in 127.229074 seconds
2025-10-12 17:18:48,766 - INFO - torch.cuda.max_memory_reserved() : 17.390625
2025-10-12 17:20:54,627 - INFO - Epoch 9 completed in 125.860412 seconds
2025-10-12 17:20:54,627 - INFO - torch.cuda.max_memory_reserved() : 17.390625
2025-10-12 17:22:58,588 - INFO - Epoch 10 completed in 123.960454 seconds
2025-10-12 17:23:31,034 - INFO - torch.cuda.max_memory_reserved() : 17.390625
2025-10-12 17:23:31,035 - INFO - !!!采用策略后的几个epoch 平均时间:125.299997985363
2025-10-12 17:23:31,035 - INFO - 



