2025-10-12 16:37:36,012 - INFO - 📌 第一个 epoch：默认所有模块使用 checkpoint
2025-10-12 16:39:57,004 - INFO - Epoch 1 completed in 141.012170 seconds
2025-10-12 16:40:29,711 - INFO - torch.cuda.max_memory_reserved() : 15.2421875
2025-10-12 16:42:50,833 - INFO - 
[🔁 拟合反向传播时间模型]
2025-10-12 16:42:50,834 - INFO - 总反向传播时间: 140.780983s
2025-10-12 16:42:50,834 - INFO - 拟合模型: backward_total ≈ 2 × (A + B) + b
2025-10-12 16:42:50,834 - INFO - A = 123.376010, B = 11.877921, b = 5.527052s
2025-10-12 16:42:50,834 - INFO - ✅ 最优策略：[1, 1, 0, 0, 0, 0, 0, 0, 1, 1, 1, 0, 0, 0, 1, 1, 1, 1, 1, 1, 1, 1, 1, 1, 1, 1, 1, 1, 1, 1, 1, 1]
2025-10-12 16:42:50,835 - INFO - 📌 checkpoint 的欧氏长度:, [777, 1101, 1426, 1750, 2075, 2400]
2025-10-12 16:42:50,835 - INFO - 📌 checkpoint 的余弦长度:, [1101, 1426, 1750]
2025-10-12 16:42:50,835 - INFO - 💾 最终显存峰值：%.2f MB % 8705.060546875
2025-10-12 16:42:50,851 - INFO - Epoch 2 completed in 141.139362 seconds
2025-10-12 16:42:50,851 - INFO - torch.cuda.max_memory_reserved() : 15.2421875
2025-10-12 16:44:56,955 - INFO - Epoch 3 completed in 126.102705 seconds
2025-10-12 16:44:56,955 - INFO - 
====================== [第1个 Epoch 收集统计数据] ======================
2025-10-12 16:44:56,955 - INFO - 
🔍 EUCLIDEAN modules:
2025-10-12 16:44:56,955 - INFO - [Shapelet 128] forward_avg=0.003168s over 278 calls | peak=545.46MB | final=0.00MB
2025-10-12 16:44:56,955 - INFO - [Shapelet 452] forward_avg=0.008085s over 278 calls | peak=1696.97MB | final=0.00MB
2025-10-12 16:44:56,955 - INFO - [Shapelet 777] forward_avg=0.011931s over 278 calls | peak=2541.23MB | final=0.00MB
2025-10-12 16:44:56,955 - INFO - [Shapelet 1101] forward_avg=0.014271s over 278 calls | peak=3076.86MB | final=0.00MB
2025-10-12 16:44:56,955 - INFO - [Shapelet 1426] forward_avg=0.015382s over 278 calls | peak=3302.11MB | final=0.00MB
2025-10-12 16:44:56,955 - INFO - [Shapelet 1750] forward_avg=0.014863s over 278 calls | peak=3220.47MB | final=0.00MB
2025-10-12 16:44:56,955 - INFO - [Shapelet 2075] forward_avg=0.013130s over 278 calls | peak=2830.50MB | final=0.00MB
2025-10-12 16:44:56,955 - INFO - [Shapelet 2400] forward_avg=0.009717s over 278 calls | peak=2129.31MB | final=0.00MB
2025-10-12 16:44:56,955 - INFO - 
🔍 COSINE modules:
2025-10-12 16:44:56,955 - INFO - [Shapelet 128] forward_avg=0.002036s over 278 calls | peak=360.86MB | final=0.00MB
2025-10-12 16:44:56,955 - INFO - [Shapelet 452] forward_avg=0.005087s over 278 calls | peak=1127.04MB | final=0.00MB
2025-10-12 16:44:56,955 - INFO - [Shapelet 777] forward_avg=0.007512s over 278 calls | peak=1688.97MB | final=0.00MB
2025-10-12 16:44:56,955 - INFO - [Shapelet 1101] forward_avg=0.008938s over 278 calls | peak=2044.93MB | final=0.00MB
2025-10-12 16:44:56,955 - INFO - [Shapelet 1426] forward_avg=0.009690s over 278 calls | peak=2194.08MB | final=0.00MB
2025-10-12 16:44:56,955 - INFO - [Shapelet 1750] forward_avg=0.009360s over 278 calls | peak=2138.55MB | final=0.00MB
2025-10-12 16:44:56,955 - INFO - [Shapelet 2075] forward_avg=0.008462s over 278 calls | peak=1876.87MB | final=0.00MB
2025-10-12 16:44:56,955 - INFO - [Shapelet 2400] forward_avg=0.006302s over 278 calls | peak=1408.89MB | final=0.00MB
2025-10-12 16:44:56,955 - INFO - 
🔍 CROSS modules:
2025-10-12 16:44:56,955 - INFO - [Shapelet 128] forward_avg=0.000615s over 278 calls
2025-10-12 16:44:56,955 - INFO - [Shapelet 452] forward_avg=0.001044s over 278 calls
2025-10-12 16:44:56,955 - INFO - [Shapelet 777] forward_avg=0.001613s over 278 calls
2025-10-12 16:44:56,955 - INFO - [Shapelet 1101] forward_avg=0.002282s over 278 calls
2025-10-12 16:44:56,955 - INFO - [Shapelet 1426] forward_avg=0.002987s over 278 calls
2025-10-12 16:44:56,956 - INFO - [Shapelet 1750] forward_avg=0.003639s over 278 calls
2025-10-12 16:44:56,956 - INFO - [Shapelet 2075] forward_avg=0.004296s over 278 calls
2025-10-12 16:44:56,956 - INFO - [Shapelet 2400] forward_avg=0.004887s over 278 calls
2025-10-12 16:44:56,956 - INFO - 
💾 模型第一次反向传播阶段的显存峰值（所有模块中的最大值）: 9456.78 MB
2025-10-12 16:44:56,956 - INFO - 
💾 模型初始显存: 104.49 MB
2025-10-12 16:44:56,956 - INFO - =======================================================================

2025-10-12 16:44:56,956 - INFO - torch.cuda.max_memory_reserved() : 16.318359375
2025-10-12 16:47:05,204 - INFO - Epoch 4 completed in 128.247677 seconds
2025-10-12 16:47:05,204 - INFO - torch.cuda.max_memory_reserved() : 16.318359375
2025-10-12 16:49:13,260 - INFO - Epoch 5 completed in 128.054614 seconds
2025-10-12 16:49:13,260 - INFO - torch.cuda.max_memory_reserved() : 16.318359375
2025-10-12 16:51:21,556 - INFO - Epoch 6 completed in 128.295489 seconds
2025-10-12 16:51:21,556 - INFO - torch.cuda.max_memory_reserved() : 16.318359375
2025-10-12 16:53:30,182 - INFO - Epoch 7 completed in 128.625243 seconds
2025-10-12 16:53:30,183 - INFO - torch.cuda.max_memory_reserved() : 16.318359375
2025-10-12 16:55:39,003 - INFO - Epoch 8 completed in 128.819721 seconds
2025-10-12 16:55:39,003 - INFO - torch.cuda.max_memory_reserved() : 16.318359375
2025-10-12 16:57:47,845 - INFO - Epoch 9 completed in 128.840812 seconds
2025-10-12 16:57:47,845 - INFO - torch.cuda.max_memory_reserved() : 16.318359375
2025-10-12 16:59:54,687 - INFO - Epoch 10 completed in 126.841382 seconds
2025-10-12 17:00:27,258 - INFO - torch.cuda.max_memory_reserved() : 16.318359375
2025-10-12 17:00:27,259 - INFO - !!!采用策略后的几个epoch 平均时间:127.97845530509949
2025-10-12 17:00:27,259 - INFO - 



