2025-10-12 17:23:45,393 - INFO - 📌 第一个 epoch：默认所有模块使用 checkpoint
2025-10-12 17:26:06,435 - INFO - Epoch 1 completed in 141.060876 seconds
2025-10-12 17:26:39,276 - INFO - torch.cuda.max_memory_reserved() : 15.2421875
2025-10-12 17:29:00,872 - INFO - 
[🔁 拟合反向传播时间模型]
2025-10-12 17:29:00,872 - INFO - 总反向传播时间: 141.287025s
2025-10-12 17:29:00,873 - INFO - 拟合模型: backward_total ≈ 2 × (A + B) + b
2025-10-12 17:29:00,873 - INFO - A = 123.532527, B = 11.903373, b = 5.851125s
2025-10-12 17:29:00,873 - INFO - ✅ 最优策略：[1, 1, 0, 0, 0, 0, 0, 0, 1, 1, 1, 0, 1, 1, 1, 1, 1, 1, 1, 1, 1, 1, 1, 1, 1, 1, 1, 1, 1, 1, 1, 1]
2025-10-12 17:29:00,873 - INFO - 📌 checkpoint 的欧氏长度:, [777, 1101, 1426, 1750, 2075, 2400]
2025-10-12 17:29:00,873 - INFO - 📌 checkpoint 的余弦长度:, [1101]
2025-10-12 17:29:00,874 - INFO - 💾 最终显存峰值：%.2f MB % 13037.6904296875
2025-10-12 17:29:00,890 - INFO - Epoch 2 completed in 141.612761 seconds
2025-10-12 17:29:00,890 - INFO - torch.cuda.max_memory_reserved() : 15.2421875
2025-10-12 17:31:01,813 - INFO - Epoch 3 completed in 120.922159 seconds
2025-10-12 17:31:01,813 - INFO - 
====================== [第1个 Epoch 收集统计数据] ======================
2025-10-12 17:31:01,813 - INFO - 
🔍 EUCLIDEAN modules:
2025-10-12 17:31:01,813 - INFO - [Shapelet 128] forward_avg=0.003171s over 278 calls | peak=545.46MB | final=0.00MB
2025-10-12 17:31:01,813 - INFO - [Shapelet 452] forward_avg=0.008093s over 278 calls | peak=1696.97MB | final=0.00MB
2025-10-12 17:31:01,813 - INFO - [Shapelet 777] forward_avg=0.011936s over 278 calls | peak=2541.23MB | final=0.00MB
2025-10-12 17:31:01,813 - INFO - [Shapelet 1101] forward_avg=0.014268s over 278 calls | peak=3076.86MB | final=0.00MB
2025-10-12 17:31:01,813 - INFO - [Shapelet 1426] forward_avg=0.015407s over 278 calls | peak=3302.11MB | final=0.00MB
2025-10-12 17:31:01,813 - INFO - [Shapelet 1750] forward_avg=0.014854s over 278 calls | peak=3220.47MB | final=0.00MB
2025-10-12 17:31:01,813 - INFO - [Shapelet 2075] forward_avg=0.013139s over 278 calls | peak=2830.50MB | final=0.00MB
2025-10-12 17:31:01,813 - INFO - [Shapelet 2400] forward_avg=0.009744s over 278 calls | peak=2129.31MB | final=0.00MB
2025-10-12 17:31:01,813 - INFO - 
🔍 COSINE modules:
2025-10-12 17:31:01,813 - INFO - [Shapelet 128] forward_avg=0.002062s over 278 calls | peak=360.86MB | final=0.00MB
2025-10-12 17:31:01,813 - INFO - [Shapelet 452] forward_avg=0.005097s over 278 calls | peak=1127.04MB | final=0.00MB
2025-10-12 17:31:01,813 - INFO - [Shapelet 777] forward_avg=0.007529s over 278 calls | peak=1688.97MB | final=0.00MB
2025-10-12 17:31:01,813 - INFO - [Shapelet 1101] forward_avg=0.008957s over 278 calls | peak=2044.93MB | final=0.00MB
2025-10-12 17:31:01,813 - INFO - [Shapelet 1426] forward_avg=0.009705s over 278 calls | peak=2194.08MB | final=0.00MB
2025-10-12 17:31:01,813 - INFO - [Shapelet 1750] forward_avg=0.009379s over 278 calls | peak=2138.55MB | final=0.00MB
2025-10-12 17:31:01,814 - INFO - [Shapelet 2075] forward_avg=0.008469s over 278 calls | peak=1876.87MB | final=0.00MB
2025-10-12 17:31:01,814 - INFO - [Shapelet 2400] forward_avg=0.006309s over 278 calls | peak=1408.89MB | final=0.00MB
2025-10-12 17:31:01,814 - INFO - 
🔍 CROSS modules:
2025-10-12 17:31:01,814 - INFO - [Shapelet 128] forward_avg=0.000598s over 278 calls
2025-10-12 17:31:01,814 - INFO - [Shapelet 452] forward_avg=0.001048s over 278 calls
2025-10-12 17:31:01,814 - INFO - [Shapelet 777] forward_avg=0.001621s over 278 calls
2025-10-12 17:31:01,814 - INFO - [Shapelet 1101] forward_avg=0.002292s over 278 calls
2025-10-12 17:31:01,814 - INFO - [Shapelet 1426] forward_avg=0.002997s over 278 calls
2025-10-12 17:31:01,814 - INFO - [Shapelet 1750] forward_avg=0.003648s over 278 calls
2025-10-12 17:31:01,814 - INFO - [Shapelet 2075] forward_avg=0.004309s over 278 calls
2025-10-12 17:31:01,814 - INFO - [Shapelet 2400] forward_avg=0.004896s over 278 calls
2025-10-12 17:31:01,814 - INFO - 
💾 模型第一次反向传播阶段的显存峰值（所有模块中的最大值）: 11621.22 MB
2025-10-12 17:31:01,814 - INFO - 
💾 模型初始显存: 104.49 MB
2025-10-12 17:31:01,814 - INFO - =======================================================================

2025-10-12 17:31:01,814 - INFO - torch.cuda.max_memory_reserved() : 18.46484375
2025-10-12 17:33:04,275 - INFO - Epoch 4 completed in 122.460560 seconds
2025-10-12 17:33:04,276 - INFO - torch.cuda.max_memory_reserved() : 18.46484375
2025-10-12 17:35:07,740 - INFO - Epoch 5 completed in 123.463255 seconds
2025-10-12 17:35:07,740 - INFO - torch.cuda.max_memory_reserved() : 18.46484375
2025-10-12 17:37:11,584 - INFO - Epoch 6 completed in 123.843201 seconds
2025-10-12 17:37:11,584 - INFO - torch.cuda.max_memory_reserved() : 18.46484375
2025-10-12 17:39:15,717 - INFO - Epoch 7 completed in 124.132211 seconds
2025-10-12 17:39:15,717 - INFO - torch.cuda.max_memory_reserved() : 18.46484375
2025-10-12 17:41:19,101 - INFO - Epoch 8 completed in 123.383502 seconds
2025-10-12 17:41:19,102 - INFO - torch.cuda.max_memory_reserved() : 18.466796875
2025-10-12 17:43:22,303 - INFO - Epoch 9 completed in 123.200726 seconds
2025-10-12 17:43:22,304 - INFO - torch.cuda.max_memory_reserved() : 18.466796875
2025-10-12 17:45:23,950 - INFO - Epoch 10 completed in 121.645698 seconds
2025-10-12 17:45:56,725 - INFO - torch.cuda.max_memory_reserved() : 18.466796875
2025-10-12 17:45:56,726 - INFO - !!!采用策略后的几个epoch 平均时间:122.8814140856266
2025-10-12 17:45:56,726 - INFO - 



