2025-10-12 16:15:11,559 - INFO - 📌 第一个 epoch：默认所有模块使用 checkpoint
2025-10-12 16:15:25,802 - INFO - Epoch 1 completed in 14.260396 seconds
2025-10-12 16:15:29,015 - INFO - torch.cuda.max_memory_reserved() : 2.0546875
2025-10-12 16:15:42,810 - INFO - 
[🔁 拟合反向传播时间模型]
2025-10-12 16:15:42,811 - INFO - 总反向传播时间: 13.673351s
2025-10-12 16:15:42,811 - INFO - 拟合模型: backward_total ≈ 2 × (A + B) + b
2025-10-12 16:15:42,811 - INFO - A = 8.396237, B = 0.760833, b = 4.516281s
2025-10-12 16:15:42,811 - INFO - ✅ 最优策略：[1, 0, 0, 0, 0, 0, 0, 0, 1, 1, 1, 0, 1, 1, 1, 1, 1, 1, 1, 1, 1, 1, 1, 1, 1, 1, 1, 1, 1, 1, 1, 1]
2025-10-12 16:15:42,812 - INFO - 📌 checkpoint 的欧氏长度:, [28, 42, 57, 71, 86, 100, 115]
2025-10-12 16:15:42,812 - INFO - 📌 checkpoint 的余弦长度:, [57]
2025-10-12 16:15:42,812 - INFO - 💾 最终显存峰值：%.2f MB % 1831.12255859375
2025-10-12 16:15:42,825 - INFO - Epoch 2 completed in 13.809000 seconds
2025-10-12 16:15:42,825 - INFO - torch.cuda.max_memory_reserved() : 2.0546875
2025-10-12 16:15:55,481 - INFO - Epoch 3 completed in 12.655508 seconds
2025-10-12 16:15:55,481 - INFO - 
====================== [第1个 Epoch 收集统计数据] ======================
2025-10-12 16:15:55,481 - INFO - 
🔍 EUCLIDEAN modules:
2025-10-12 16:15:55,481 - INFO - [Shapelet  14] forward_avg=0.002390s over 66 calls | peak=183.81MB | final=0.00MB
2025-10-12 16:15:55,481 - INFO - [Shapelet  28] forward_avg=0.002711s over 66 calls | peak=315.73MB | final=0.00MB
2025-10-12 16:15:55,481 - INFO - [Shapelet  42] forward_avg=0.003183s over 66 calls | peak=412.87MB | final=0.00MB
2025-10-12 16:15:55,481 - INFO - [Shapelet  57] forward_avg=0.003384s over 66 calls | peak=476.30MB | final=0.00MB
2025-10-12 16:15:55,481 - INFO - [Shapelet  71] forward_avg=0.003504s over 66 calls | peak=499.81MB | final=0.00MB
2025-10-12 16:15:55,481 - INFO - [Shapelet  86] forward_avg=0.003453s over 66 calls | peak=487.91MB | final=0.00MB
2025-10-12 16:15:55,481 - INFO - [Shapelet 100] forward_avg=0.003499s over 66 calls | peak=441.43MB | final=0.00MB
2025-10-12 16:15:55,481 - INFO - [Shapelet 115] forward_avg=0.003151s over 66 calls | peak=352.40MB | final=0.00MB
2025-10-12 16:15:55,481 - INFO - 
🔍 COSINE modules:
2025-10-12 16:15:55,481 - INFO - [Shapelet  14] forward_avg=0.002093s over 66 calls | peak=111.85MB | final=0.00MB
2025-10-12 16:15:55,481 - INFO - [Shapelet  28] forward_avg=0.001916s over 66 calls | peak=195.99MB | final=0.00MB
2025-10-12 16:15:55,481 - INFO - [Shapelet  42] forward_avg=0.001905s over 66 calls | peak=259.03MB | final=0.00MB
2025-10-12 16:15:55,481 - INFO - [Shapelet  57] forward_avg=0.002026s over 66 calls | peak=298.59MB | final=0.00MB
2025-10-12 16:15:55,482 - INFO - [Shapelet  71] forward_avg=0.002166s over 66 calls | peak=310.99MB | final=0.00MB
2025-10-12 16:15:55,482 - INFO - [Shapelet  86] forward_avg=0.002276s over 66 calls | peak=299.97MB | final=0.00MB
2025-10-12 16:15:55,482 - INFO - [Shapelet 100] forward_avg=0.002342s over 66 calls | peak=265.82MB | final=0.00MB
2025-10-12 16:15:55,482 - INFO - [Shapelet 115] forward_avg=0.002405s over 66 calls | peak=203.66MB | final=0.00MB
2025-10-12 16:15:55,482 - INFO - 
🔍 CROSS modules:
2025-10-12 16:15:55,482 - INFO - [Shapelet  14] forward_avg=0.000515s over 66 calls
2025-10-12 16:15:55,482 - INFO - [Shapelet  28] forward_avg=0.000494s over 66 calls
2025-10-12 16:15:55,482 - INFO - [Shapelet  42] forward_avg=0.000571s over 66 calls
2025-10-12 16:15:55,482 - INFO - [Shapelet  57] forward_avg=0.000688s over 66 calls
2025-10-12 16:15:55,482 - INFO - [Shapelet  71] forward_avg=0.000743s over 66 calls
2025-10-12 16:15:55,482 - INFO - [Shapelet  86] forward_avg=0.000829s over 66 calls
2025-10-12 16:15:55,482 - INFO - [Shapelet 100] forward_avg=0.000913s over 66 calls
2025-10-12 16:15:55,482 - INFO - [Shapelet 115] forward_avg=0.001010s over 66 calls
2025-10-12 16:15:55,482 - INFO - 
💾 模型第一次反向传播阶段的显存峰值（所有模块中的最大值）: 2027.12 MB
2025-10-12 16:15:55,482 - INFO - 
💾 模型初始显存: 91.00 MB
2025-10-12 16:15:55,482 - INFO - =======================================================================

2025-10-12 16:15:55,482 - INFO - torch.cuda.max_memory_reserved() : 2.98828125
2025-10-12 16:16:07,907 - INFO - Epoch 4 completed in 12.424268 seconds
2025-10-12 16:16:07,907 - INFO - torch.cuda.max_memory_reserved() : 2.990234375
2025-10-12 16:16:20,359 - INFO - Epoch 5 completed in 12.451655 seconds
2025-10-12 16:16:20,360 - INFO - torch.cuda.max_memory_reserved() : 2.990234375
2025-10-12 16:16:32,653 - INFO - Epoch 6 completed in 12.292601 seconds
2025-10-12 16:16:32,653 - INFO - torch.cuda.max_memory_reserved() : 2.990234375
2025-10-12 16:16:45,248 - INFO - Epoch 7 completed in 12.594090 seconds
2025-10-12 16:16:45,248 - INFO - torch.cuda.max_memory_reserved() : 2.990234375
2025-10-12 16:16:57,715 - INFO - Epoch 8 completed in 12.466381 seconds
2025-10-12 16:16:57,715 - INFO - torch.cuda.max_memory_reserved() : 2.990234375
2025-10-12 16:17:10,159 - INFO - Epoch 9 completed in 12.443370 seconds
2025-10-12 16:17:10,159 - INFO - torch.cuda.max_memory_reserved() : 2.990234375
2025-10-12 16:17:22,480 - INFO - Epoch 10 completed in 12.320732 seconds
2025-10-12 16:17:25,695 - INFO - torch.cuda.max_memory_reserved() : 2.990234375
2025-10-12 16:17:25,695 - INFO - !!!采用策略后的几个epoch 平均时间:12.456075698137283
2025-10-12 16:17:25,695 - INFO - 



