2025-10-12 16:17:55,716 - INFO - 📌 第一个 epoch：默认所有模块使用 checkpoint
2025-10-12 16:18:10,106 - INFO - Epoch 1 completed in 14.406337 seconds
2025-10-12 16:18:13,363 - INFO - torch.cuda.max_memory_reserved() : 2.0546875
2025-10-12 16:18:27,179 - INFO - 
[🔁 拟合反向传播时间模型]
2025-10-12 16:18:27,180 - INFO - 总反向传播时间: 13.704460s
2025-10-12 16:18:27,180 - INFO - 拟合模型: backward_total ≈ 2 × (A + B) + b
2025-10-12 16:18:27,180 - INFO - A = 8.388829, B = 0.755383, b = 4.560249s
2025-10-12 16:18:27,180 - INFO - ✅ 最优策略：[1, 1, 0, 0, 0, 0, 0, 1, 1, 1, 1, 1, 1, 1, 1, 1, 1, 1, 1, 1, 1, 1, 1, 1, 1, 1, 1, 1, 1, 1, 1, 1]
2025-10-12 16:18:27,181 - INFO - 📌 checkpoint 的欧氏长度:, [42, 57, 71, 86, 100]
2025-10-12 16:18:27,181 - INFO - 📌 checkpoint 的余弦长度:, []
2025-10-12 16:18:27,181 - INFO - 💾 最终显存峰值：%.2f MB % 2797.8388671875
2025-10-12 16:18:27,194 - INFO - Epoch 2 completed in 13.829979 seconds
2025-10-12 16:18:27,194 - INFO - torch.cuda.max_memory_reserved() : 2.0546875
2025-10-12 16:18:39,288 - INFO - Epoch 3 completed in 12.093543 seconds
2025-10-12 16:18:39,288 - INFO - 
====================== [第1个 Epoch 收集统计数据] ======================
2025-10-12 16:18:39,288 - INFO - 
🔍 EUCLIDEAN modules:
2025-10-12 16:18:39,288 - INFO - [Shapelet  14] forward_avg=0.002388s over 66 calls | peak=183.81MB | final=0.00MB
2025-10-12 16:18:39,288 - INFO - [Shapelet  28] forward_avg=0.002704s over 66 calls | peak=315.73MB | final=0.00MB
2025-10-12 16:18:39,288 - INFO - [Shapelet  42] forward_avg=0.003182s over 66 calls | peak=412.87MB | final=0.00MB
2025-10-12 16:18:39,288 - INFO - [Shapelet  57] forward_avg=0.003385s over 66 calls | peak=476.30MB | final=0.00MB
2025-10-12 16:18:39,288 - INFO - [Shapelet  71] forward_avg=0.003504s over 66 calls | peak=499.81MB | final=0.00MB
2025-10-12 16:18:39,288 - INFO - [Shapelet  86] forward_avg=0.003448s over 66 calls | peak=487.91MB | final=0.00MB
2025-10-12 16:18:39,288 - INFO - [Shapelet 100] forward_avg=0.003499s over 66 calls | peak=441.43MB | final=0.00MB
2025-10-12 16:18:39,288 - INFO - [Shapelet 115] forward_avg=0.003151s over 66 calls | peak=352.40MB | final=0.00MB
2025-10-12 16:18:39,288 - INFO - 
🔍 COSINE modules:
2025-10-12 16:18:39,289 - INFO - [Shapelet  14] forward_avg=0.002085s over 66 calls | peak=111.85MB | final=0.00MB
2025-10-12 16:18:39,289 - INFO - [Shapelet  28] forward_avg=0.001902s over 66 calls | peak=195.99MB | final=0.00MB
2025-10-12 16:18:39,289 - INFO - [Shapelet  42] forward_avg=0.001907s over 66 calls | peak=259.03MB | final=0.00MB
2025-10-12 16:18:39,289 - INFO - [Shapelet  57] forward_avg=0.002017s over 66 calls | peak=298.59MB | final=0.00MB
2025-10-12 16:18:39,289 - INFO - [Shapelet  71] forward_avg=0.002163s over 66 calls | peak=310.99MB | final=0.00MB
2025-10-12 16:18:39,289 - INFO - [Shapelet  86] forward_avg=0.002281s over 66 calls | peak=299.97MB | final=0.00MB
2025-10-12 16:18:39,289 - INFO - [Shapelet 100] forward_avg=0.002340s over 66 calls | peak=265.82MB | final=0.00MB
2025-10-12 16:18:39,289 - INFO - [Shapelet 115] forward_avg=0.002411s over 66 calls | peak=203.66MB | final=0.00MB
2025-10-12 16:18:39,289 - INFO - 
🔍 CROSS modules:
2025-10-12 16:18:39,289 - INFO - [Shapelet  14] forward_avg=0.000513s over 66 calls
2025-10-12 16:18:39,289 - INFO - [Shapelet  28] forward_avg=0.000495s over 66 calls
2025-10-12 16:18:39,289 - INFO - [Shapelet  42] forward_avg=0.000571s over 66 calls
2025-10-12 16:18:39,289 - INFO - [Shapelet  57] forward_avg=0.000656s over 66 calls
2025-10-12 16:18:39,289 - INFO - [Shapelet  71] forward_avg=0.000741s over 66 calls
2025-10-12 16:18:39,289 - INFO - [Shapelet  86] forward_avg=0.000826s over 66 calls
2025-10-12 16:18:39,289 - INFO - [Shapelet 100] forward_avg=0.000913s over 66 calls
2025-10-12 16:18:39,289 - INFO - [Shapelet 115] forward_avg=0.001007s over 66 calls
2025-10-12 16:18:39,289 - INFO - 
💾 模型第一次反向传播阶段的显存峰值（所有模块中的最大值）: 3055.84 MB
2025-10-12 16:18:39,289 - INFO - 
💾 模型初始显存: 91.00 MB
2025-10-12 16:18:39,289 - INFO - =======================================================================

2025-10-12 16:18:39,289 - INFO - torch.cuda.max_memory_reserved() : 3.79296875
2025-10-12 16:18:51,067 - INFO - Epoch 4 completed in 11.777170 seconds
2025-10-12 16:18:51,067 - INFO - torch.cuda.max_memory_reserved() : 3.79296875
2025-10-12 16:19:02,789 - INFO - Epoch 5 completed in 11.721482 seconds
2025-10-12 16:19:02,790 - INFO - torch.cuda.max_memory_reserved() : 3.79296875
2025-10-12 16:19:14,556 - INFO - Epoch 6 completed in 11.765636 seconds
2025-10-12 16:19:14,556 - INFO - torch.cuda.max_memory_reserved() : 3.79296875
2025-10-12 16:19:26,536 - INFO - Epoch 7 completed in 11.979198 seconds
2025-10-12 16:19:26,536 - INFO - torch.cuda.max_memory_reserved() : 3.9453125
2025-10-12 16:19:38,410 - INFO - Epoch 8 completed in 11.873723 seconds
2025-10-12 16:19:38,410 - INFO - torch.cuda.max_memory_reserved() : 3.9453125
2025-10-12 16:19:50,127 - INFO - Epoch 9 completed in 11.715736 seconds
2025-10-12 16:19:50,127 - INFO - torch.cuda.max_memory_reserved() : 3.9453125
2025-10-12 16:20:01,860 - INFO - Epoch 10 completed in 11.732352 seconds
2025-10-12 16:20:05,010 - INFO - torch.cuda.max_memory_reserved() : 3.9453125
2025-10-12 16:20:05,011 - INFO - !!!采用策略后的几个epoch 平均时间:11.83235478401184
2025-10-12 16:20:05,011 - INFO - 



