2025-10-12 09:54:30,070 - INFO - 📌 第一个 epoch：默认所有模块使用 checkpoint
2025-10-12 09:54:34,045 - INFO - Epoch 1 completed in 3.979270 seconds
2025-10-12 09:54:34,759 - INFO - torch.cuda.max_memory_reserved() : 1.029296875
2025-10-12 09:54:38,483 - INFO - 
[🔁 拟合反向传播时间模型]
2025-10-12 09:54:38,483 - INFO - 总反向传播时间: 3.710047s
2025-10-12 09:54:38,483 - INFO - 拟合模型: backward_total ≈ 2 × (A + B) + b
2025-10-12 09:54:38,483 - INFO - A = 2.353529, B = 0.214022, b = 1.142497s
2025-10-12 09:54:38,550 - INFO - ✅ 最优策略：[0, 1, 1, 0, 1, 1, 1, 1, 1, 1, 0, 1, 1, 0, 0, 0]
2025-10-12 09:54:38,551 - INFO - 📌 checkpoint 的欧氏长度:, [119, 478]
2025-10-12 09:54:38,551 - INFO - 📌 checkpoint 的余弦长度:, [358, 717, 837, 957]
2025-10-12 09:54:38,551 - INFO - 💾 最终显存峰值：%.2f MB % 1114.8976593014531
2025-10-12 09:54:38,551 - INFO - Epoch 2 completed in 3.791355 seconds
2025-10-12 09:54:38,551 - INFO - torch.cuda.max_memory_reserved() : 1.029296875
2025-10-12 09:54:41,542 - INFO - Epoch 3 completed in 2.989974 seconds
2025-10-12 09:54:41,542 - INFO - 
====================== [第1个 Epoch 收集统计数据] ======================
2025-10-12 09:54:41,542 - INFO - 
🔍 EUCLIDEAN modules:
2025-10-12 09:54:41,542 - INFO - [Shapelet 119] forward_avg=0.001922s over 26 calls | peak=72.20MB | final=0.00MB
2025-10-12 09:54:41,542 - INFO - [Shapelet 238] forward_avg=0.001630s over 26 calls | peak=126.95MB | final=0.00MB
2025-10-12 09:54:41,542 - INFO - [Shapelet 358] forward_avg=0.001692s over 26 calls | peak=169.17MB | final=0.00MB
2025-10-12 09:54:41,542 - INFO - [Shapelet 478] forward_avg=0.001748s over 26 calls | peak=193.41MB | final=0.00MB
2025-10-12 09:54:41,542 - INFO - [Shapelet 597] forward_avg=0.001724s over 26 calls | peak=199.65MB | final=0.00MB
2025-10-12 09:54:41,542 - INFO - [Shapelet 717] forward_avg=0.001685s over 26 calls | peak=193.90MB | final=0.00MB
2025-10-12 09:54:41,542 - INFO - [Shapelet 837] forward_avg=0.001613s over 26 calls | peak=170.03MB | final=0.00MB
2025-10-12 09:54:41,543 - INFO - [Shapelet 957] forward_avg=0.001645s over 26 calls | peak=129.44MB | final=0.00MB
2025-10-12 09:54:41,543 - INFO - 
🔍 COSINE modules:
2025-10-12 09:54:41,543 - INFO - [Shapelet 119] forward_avg=0.002141s over 26 calls | peak=47.22MB | final=0.00MB
2025-10-12 09:54:41,543 - INFO - [Shapelet 238] forward_avg=0.001998s over 26 calls | peak=83.85MB | final=0.00MB
2025-10-12 09:54:41,543 - INFO - [Shapelet 358] forward_avg=0.002025s over 26 calls | peak=112.15MB | final=0.00MB
2025-10-12 09:54:41,543 - INFO - [Shapelet 478] forward_avg=0.002029s over 26 calls | peak=128.13MB | final=0.00MB
2025-10-12 09:54:41,543 - INFO - [Shapelet 597] forward_avg=0.002055s over 26 calls | peak=132.11MB | final=0.00MB
2025-10-12 09:54:41,543 - INFO - [Shapelet 717] forward_avg=0.002027s over 26 calls | peak=128.09MB | final=0.00MB
2025-10-12 09:54:41,543 - INFO - [Shapelet 837] forward_avg=0.002167s over 26 calls | peak=112.07MB | final=0.00MB
2025-10-12 09:54:41,543 - INFO - [Shapelet 957] forward_avg=0.002073s over 26 calls | peak=84.51MB | final=0.00MB
2025-10-12 09:54:41,543 - INFO - 
🔍 CROSS modules:
2025-10-12 09:54:41,543 - INFO - [Shapelet 119] forward_avg=0.000501s over 26 calls
2025-10-12 09:54:41,543 - INFO - [Shapelet 238] forward_avg=0.000461s over 26 calls
2025-10-12 09:54:41,543 - INFO - [Shapelet 358] forward_avg=0.000465s over 26 calls
2025-10-12 09:54:41,543 - INFO - [Shapelet 478] forward_avg=0.000474s over 26 calls
2025-10-12 09:54:41,543 - INFO - [Shapelet 597] forward_avg=0.000496s over 26 calls
2025-10-12 09:54:41,543 - INFO - [Shapelet 717] forward_avg=0.000534s over 26 calls
2025-10-12 09:54:41,543 - INFO - [Shapelet 837] forward_avg=0.000571s over 26 calls
2025-10-12 09:54:41,543 - INFO - [Shapelet 957] forward_avg=0.000614s over 26 calls
2025-10-12 09:54:41,543 - INFO - 
💾 模型第一次反向传播阶段的显存峰值（所有模块中的最大值）: 1086.44 MB
2025-10-12 09:54:41,543 - INFO - 
💾 模型初始显存: 5.08 MB
2025-10-12 09:54:41,544 - INFO - =======================================================================

2025-10-12 09:54:41,544 - INFO - torch.cuda.max_memory_reserved() : 1.435546875
2025-10-12 09:54:44,479 - INFO - Epoch 4 completed in 2.935099 seconds
2025-10-12 09:54:44,480 - INFO - torch.cuda.max_memory_reserved() : 1.435546875
2025-10-12 09:54:47,402 - INFO - Epoch 5 completed in 2.921994 seconds
2025-10-12 09:54:47,403 - INFO - torch.cuda.max_memory_reserved() : 1.435546875
2025-10-12 09:54:50,370 - INFO - Epoch 6 completed in 2.966729 seconds
2025-10-12 09:54:50,370 - INFO - torch.cuda.max_memory_reserved() : 1.435546875
2025-10-12 09:54:53,336 - INFO - Epoch 7 completed in 2.964660 seconds
2025-10-12 09:54:53,336 - INFO - torch.cuda.max_memory_reserved() : 1.435546875
2025-10-12 09:54:56,284 - INFO - Epoch 8 completed in 2.947505 seconds
2025-10-12 09:54:56,284 - INFO - torch.cuda.max_memory_reserved() : 1.435546875
2025-10-12 09:54:59,238 - INFO - Epoch 9 completed in 2.952794 seconds
2025-10-12 09:54:59,238 - INFO - torch.cuda.max_memory_reserved() : 1.435546875
2025-10-12 09:55:02,180 - INFO - Epoch 10 completed in 2.941582 seconds
2025-10-12 09:55:02,824 - INFO - torch.cuda.max_memory_reserved() : 1.435546875
2025-10-12 09:55:02,825 - INFO - !!!采用策略后的几个epoch 平均时间:2.952542006969452
2025-10-12 09:55:02,825 - INFO - 



