2025-10-12 09:52:42,800 - INFO - 📌 第一个 epoch：默认所有模块使用 checkpoint
2025-10-12 09:52:46,718 - INFO - Epoch 1 completed in 3.922116 seconds
2025-10-12 09:52:47,395 - INFO - torch.cuda.max_memory_reserved() : 1.029296875
2025-10-12 09:52:51,003 - INFO - 
[🔁 拟合反向传播时间模型]
2025-10-12 09:52:51,004 - INFO - 总反向传播时间: 3.594865s
2025-10-12 09:52:51,004 - INFO - 拟合模型: backward_total ≈ 2 × (A + B) + b
2025-10-12 09:52:51,004 - INFO - A = 2.317444, B = 0.212277, b = 1.065144s
2025-10-12 09:52:51,070 - INFO - ✅ 最优策略：[0, 1, 1, 0, 1, 1, 1, 1, 1, 1, 0, 1, 1, 0, 0, 0]
2025-10-12 09:52:51,070 - INFO - 📌 checkpoint 的欧氏长度:, [119, 478]
2025-10-12 09:52:51,070 - INFO - 📌 checkpoint 的余弦长度:, [358, 717, 837, 957]
2025-10-12 09:52:51,070 - INFO - 💾 最终显存峰值：%.2f MB % 1114.8976593014531
2025-10-12 09:52:51,071 - INFO - Epoch 2 completed in 3.674568 seconds
2025-10-12 09:52:51,071 - INFO - torch.cuda.max_memory_reserved() : 1.029296875
2025-10-12 09:52:53,947 - INFO - Epoch 3 completed in 2.875844 seconds
2025-10-12 09:52:53,947 - INFO - 
====================== [第1个 Epoch 收集统计数据] ======================
2025-10-12 09:52:53,947 - INFO - 
🔍 EUCLIDEAN modules:
2025-10-12 09:52:53,948 - INFO - [Shapelet 119] forward_avg=0.001875s over 26 calls | peak=72.20MB | final=0.00MB
2025-10-12 09:52:53,948 - INFO - [Shapelet 238] forward_avg=0.001554s over 26 calls | peak=126.95MB | final=0.00MB
2025-10-12 09:52:53,948 - INFO - [Shapelet 358] forward_avg=0.001962s over 26 calls | peak=169.17MB | final=0.00MB
2025-10-12 09:52:53,948 - INFO - [Shapelet 478] forward_avg=0.001812s over 26 calls | peak=193.41MB | final=0.00MB
2025-10-12 09:52:53,948 - INFO - [Shapelet 597] forward_avg=0.001719s over 26 calls | peak=199.65MB | final=0.00MB
2025-10-12 09:52:53,948 - INFO - [Shapelet 717] forward_avg=0.001675s over 26 calls | peak=193.90MB | final=0.00MB
2025-10-12 09:52:53,948 - INFO - [Shapelet 837] forward_avg=0.001604s over 26 calls | peak=170.03MB | final=0.00MB
2025-10-12 09:52:53,948 - INFO - [Shapelet 957] forward_avg=0.001597s over 26 calls | peak=129.44MB | final=0.00MB
2025-10-12 09:52:53,948 - INFO - 
🔍 COSINE modules:
2025-10-12 09:52:53,948 - INFO - [Shapelet 119] forward_avg=0.002097s over 26 calls | peak=47.22MB | final=0.00MB
2025-10-12 09:52:53,948 - INFO - [Shapelet 238] forward_avg=0.001967s over 26 calls | peak=83.85MB | final=0.00MB
2025-10-12 09:52:53,948 - INFO - [Shapelet 358] forward_avg=0.001973s over 26 calls | peak=112.15MB | final=0.00MB
2025-10-12 09:52:53,948 - INFO - [Shapelet 478] forward_avg=0.001986s over 26 calls | peak=128.13MB | final=0.00MB
2025-10-12 09:52:53,948 - INFO - [Shapelet 597] forward_avg=0.002016s over 26 calls | peak=132.11MB | final=0.00MB
2025-10-12 09:52:53,948 - INFO - [Shapelet 717] forward_avg=0.001985s over 26 calls | peak=128.09MB | final=0.00MB
2025-10-12 09:52:53,948 - INFO - [Shapelet 837] forward_avg=0.001965s over 26 calls | peak=112.07MB | final=0.00MB
2025-10-12 09:52:53,948 - INFO - [Shapelet 957] forward_avg=0.001923s over 26 calls | peak=84.51MB | final=0.00MB
2025-10-12 09:52:53,948 - INFO - 
🔍 CROSS modules:
2025-10-12 09:52:53,948 - INFO - [Shapelet 119] forward_avg=0.000490s over 26 calls
2025-10-12 09:52:53,948 - INFO - [Shapelet 238] forward_avg=0.000455s over 26 calls
2025-10-12 09:52:53,948 - INFO - [Shapelet 358] forward_avg=0.000445s over 26 calls
2025-10-12 09:52:53,948 - INFO - [Shapelet 478] forward_avg=0.000469s over 26 calls
2025-10-12 09:52:53,948 - INFO - [Shapelet 597] forward_avg=0.000502s over 26 calls
2025-10-12 09:52:53,948 - INFO - [Shapelet 717] forward_avg=0.000534s over 26 calls
2025-10-12 09:52:53,948 - INFO - [Shapelet 837] forward_avg=0.000574s over 26 calls
2025-10-12 09:52:53,948 - INFO - [Shapelet 957] forward_avg=0.000613s over 26 calls
2025-10-12 09:52:53,948 - INFO - 
💾 模型第一次反向传播阶段的显存峰值（所有模块中的最大值）: 1086.44 MB
2025-10-12 09:52:53,948 - INFO - 
💾 模型初始显存: 5.08 MB
2025-10-12 09:52:53,948 - INFO - =======================================================================

2025-10-12 09:52:53,949 - INFO - torch.cuda.max_memory_reserved() : 1.435546875
2025-10-12 09:52:56,790 - INFO - Epoch 4 completed in 2.840686 seconds
2025-10-12 09:52:56,790 - INFO - torch.cuda.max_memory_reserved() : 1.435546875
2025-10-12 09:52:59,657 - INFO - Epoch 5 completed in 2.866878 seconds
2025-10-12 09:52:59,658 - INFO - torch.cuda.max_memory_reserved() : 1.435546875
2025-10-12 09:53:02,537 - INFO - Epoch 6 completed in 2.878955 seconds
2025-10-12 09:53:02,538 - INFO - torch.cuda.max_memory_reserved() : 1.435546875
2025-10-12 09:53:05,401 - INFO - Epoch 7 completed in 2.862992 seconds
2025-10-12 09:53:05,402 - INFO - torch.cuda.max_memory_reserved() : 1.435546875
2025-10-12 09:53:08,247 - INFO - Epoch 8 completed in 2.843356 seconds
2025-10-12 09:53:08,247 - INFO - torch.cuda.max_memory_reserved() : 1.435546875
2025-10-12 09:53:11,114 - INFO - Epoch 9 completed in 2.866515 seconds
2025-10-12 09:53:11,114 - INFO - torch.cuda.max_memory_reserved() : 1.435546875
2025-10-12 09:53:14,012 - INFO - Epoch 10 completed in 2.897411 seconds
2025-10-12 09:53:14,639 - INFO - torch.cuda.max_memory_reserved() : 1.435546875
2025-10-12 09:53:14,640 - INFO - !!!采用策略后的几个epoch 平均时间:2.8665794730186462
2025-10-12 09:53:14,640 - INFO - 



