2025-10-12 09:53:54,148 - INFO - 📌 第一个 epoch：默认所有模块使用 checkpoint
2025-10-12 09:53:58,049 - INFO - Epoch 1 completed in 3.904636 seconds
2025-10-12 09:53:58,731 - INFO - torch.cuda.max_memory_reserved() : 1.029296875
2025-10-12 09:54:02,120 - INFO - 
[🔁 拟合反向传播时间模型]
2025-10-12 09:54:02,121 - INFO - 总反向传播时间: 3.375963s
2025-10-12 09:54:02,121 - INFO - 拟合模型: backward_total ≈ 2 × (A + B) + b
2025-10-12 09:54:02,121 - INFO - A = 2.235259, B = 0.203308, b = 0.937395s
2025-10-12 09:54:02,186 - INFO - ✅ 最优策略：[0, 1, 1, 0, 1, 1, 1, 1, 1, 1, 0, 1, 1, 0, 0, 0]
2025-10-12 09:54:02,186 - INFO - 📌 checkpoint 的欧氏长度:, [119, 478]
2025-10-12 09:54:02,186 - INFO - 📌 checkpoint 的余弦长度:, [358, 717, 837, 957]
2025-10-12 09:54:02,186 - INFO - 💾 最终显存峰值：%.2f MB % 1114.8976593014531
2025-10-12 09:54:02,187 - INFO - Epoch 2 completed in 3.454854 seconds
2025-10-12 09:54:02,187 - INFO - torch.cuda.max_memory_reserved() : 1.029296875
2025-10-12 09:54:05,220 - INFO - Epoch 3 completed in 3.033207 seconds
2025-10-12 09:54:05,221 - INFO - 
====================== [第1个 Epoch 收集统计数据] ======================
2025-10-12 09:54:05,221 - INFO - 
🔍 EUCLIDEAN modules:
2025-10-12 09:54:05,221 - INFO - [Shapelet 119] forward_avg=0.001854s over 26 calls | peak=72.20MB | final=0.00MB
2025-10-12 09:54:05,221 - INFO - [Shapelet 238] forward_avg=0.001510s over 26 calls | peak=126.95MB | final=0.00MB
2025-10-12 09:54:05,221 - INFO - [Shapelet 358] forward_avg=0.001621s over 26 calls | peak=169.17MB | final=0.00MB
2025-10-12 09:54:05,221 - INFO - [Shapelet 478] forward_avg=0.001684s over 26 calls | peak=193.41MB | final=0.00MB
2025-10-12 09:54:05,221 - INFO - [Shapelet 597] forward_avg=0.001673s over 26 calls | peak=199.65MB | final=0.00MB
2025-10-12 09:54:05,221 - INFO - [Shapelet 717] forward_avg=0.001626s over 26 calls | peak=193.90MB | final=0.00MB
2025-10-12 09:54:05,221 - INFO - [Shapelet 837] forward_avg=0.001547s over 26 calls | peak=170.03MB | final=0.00MB
2025-10-12 09:54:05,221 - INFO - [Shapelet 957] forward_avg=0.001551s over 26 calls | peak=129.44MB | final=0.00MB
2025-10-12 09:54:05,221 - INFO - 
🔍 COSINE modules:
2025-10-12 09:54:05,221 - INFO - [Shapelet 119] forward_avg=0.002043s over 26 calls | peak=47.22MB | final=0.00MB
2025-10-12 09:54:05,221 - INFO - [Shapelet 238] forward_avg=0.001918s over 26 calls | peak=83.85MB | final=0.00MB
2025-10-12 09:54:05,221 - INFO - [Shapelet 358] forward_avg=0.001931s over 26 calls | peak=112.15MB | final=0.00MB
2025-10-12 09:54:05,221 - INFO - [Shapelet 478] forward_avg=0.001935s over 26 calls | peak=128.13MB | final=0.00MB
2025-10-12 09:54:05,221 - INFO - [Shapelet 597] forward_avg=0.001962s over 26 calls | peak=132.11MB | final=0.00MB
2025-10-12 09:54:05,221 - INFO - [Shapelet 717] forward_avg=0.001968s over 26 calls | peak=128.09MB | final=0.00MB
2025-10-12 09:54:05,221 - INFO - [Shapelet 837] forward_avg=0.001914s over 26 calls | peak=112.07MB | final=0.00MB
2025-10-12 09:54:05,221 - INFO - [Shapelet 957] forward_avg=0.001920s over 26 calls | peak=84.51MB | final=0.00MB
2025-10-12 09:54:05,221 - INFO - 
🔍 CROSS modules:
2025-10-12 09:54:05,221 - INFO - [Shapelet 119] forward_avg=0.000464s over 26 calls
2025-10-12 09:54:05,221 - INFO - [Shapelet 238] forward_avg=0.000431s over 26 calls
2025-10-12 09:54:05,222 - INFO - [Shapelet 358] forward_avg=0.000425s over 26 calls
2025-10-12 09:54:05,222 - INFO - [Shapelet 478] forward_avg=0.000448s over 26 calls
2025-10-12 09:54:05,222 - INFO - [Shapelet 597] forward_avg=0.000478s over 26 calls
2025-10-12 09:54:05,222 - INFO - [Shapelet 717] forward_avg=0.000514s over 26 calls
2025-10-12 09:54:05,222 - INFO - [Shapelet 837] forward_avg=0.000557s over 26 calls
2025-10-12 09:54:05,222 - INFO - [Shapelet 957] forward_avg=0.000593s over 26 calls
2025-10-12 09:54:05,222 - INFO - 
💾 模型第一次反向传播阶段的显存峰值（所有模块中的最大值）: 1086.44 MB
2025-10-12 09:54:05,222 - INFO - 
💾 模型初始显存: 5.08 MB
2025-10-12 09:54:05,222 - INFO - =======================================================================

2025-10-12 09:54:05,222 - INFO - torch.cuda.max_memory_reserved() : 1.435546875
2025-10-12 09:54:08,036 - INFO - Epoch 4 completed in 2.814117 seconds
2025-10-12 09:54:08,037 - INFO - torch.cuda.max_memory_reserved() : 1.435546875
2025-10-12 09:54:10,910 - INFO - Epoch 5 completed in 2.872432 seconds
2025-10-12 09:54:10,910 - INFO - torch.cuda.max_memory_reserved() : 1.435546875
2025-10-12 09:54:13,705 - INFO - Epoch 6 completed in 2.794281 seconds
2025-10-12 09:54:13,706 - INFO - torch.cuda.max_memory_reserved() : 1.435546875
2025-10-12 09:54:16,504 - INFO - Epoch 7 completed in 2.797837 seconds
2025-10-12 09:54:16,505 - INFO - torch.cuda.max_memory_reserved() : 1.435546875
2025-10-12 09:54:19,299 - INFO - Epoch 8 completed in 2.793473 seconds
2025-10-12 09:54:19,299 - INFO - torch.cuda.max_memory_reserved() : 1.435546875
2025-10-12 09:54:22,089 - INFO - Epoch 9 completed in 2.788997 seconds
2025-10-12 09:54:22,090 - INFO - torch.cuda.max_memory_reserved() : 1.435546875
2025-10-12 09:54:24,957 - INFO - Epoch 10 completed in 2.866708 seconds
2025-10-12 09:54:25,585 - INFO - torch.cuda.max_memory_reserved() : 1.435546875
2025-10-12 09:54:25,585 - INFO - !!!采用策略后的几个epoch 平均时间:2.845131665468216
2025-10-12 09:54:25,585 - INFO - 



