2025-10-12 10:20:48,190 - INFO - 📌 第一个 epoch：默认所有模块使用 checkpoint
2025-10-12 10:20:55,411 - INFO - Epoch 1 completed in 7.232249 seconds
2025-10-12 10:20:57,658 - INFO - torch.cuda.max_memory_reserved() : 11.17578125
2025-10-12 10:21:04,355 - INFO - 
[🔁 拟合反向传播时间模型]
2025-10-12 10:21:04,356 - INFO - 总反向传播时间: 6.653036s
2025-10-12 10:21:04,356 - INFO - 拟合模型: backward_total ≈ 2 × (A + B) + b
2025-10-12 10:21:04,357 - INFO - A = 5.280375, B = 0.460121, b = 0.912541s
2025-10-12 10:21:04,423 - INFO - ✅ 最优策略：[1, 0, 0, 0, 0, 1, 1, 1, 0, 0, 1, 1, 1, 1, 1, 1]
2025-10-12 10:21:04,423 - INFO - 📌 checkpoint 的欧氏长度:, [54, 81, 108, 135]
2025-10-12 10:21:04,423 - INFO - 📌 checkpoint 的余弦长度:, [27, 54]
2025-10-12 10:21:04,423 - INFO - 💾 最终显存峰值：%.2f MB % 14631.440877745805
2025-10-12 10:21:04,428 - INFO - Epoch 2 completed in 6.769039 seconds
2025-10-12 10:21:04,428 - INFO - torch.cuda.max_memory_reserved() : 11.17578125
2025-10-12 10:21:09,800 - INFO - Epoch 3 completed in 5.371271 seconds
2025-10-12 10:21:09,800 - INFO - 
====================== [第1个 Epoch 收集统计数据] ======================
2025-10-12 10:21:09,800 - INFO - 
🔍 EUCLIDEAN modules:
2025-10-12 10:21:09,800 - INFO - [Shapelet  27] forward_avg=0.007793s over 12 calls | peak=866.77MB | final=0.00MB
2025-10-12 10:21:09,800 - INFO - [Shapelet  54] forward_avg=0.009726s over 12 calls | peak=1508.45MB | final=0.00MB
2025-10-12 10:21:09,800 - INFO - [Shapelet  81] forward_avg=0.012573s over 12 calls | peak=1972.67MB | final=0.00MB
2025-10-12 10:21:09,800 - INFO - [Shapelet 108] forward_avg=0.014156s over 12 calls | peak=2253.60MB | final=0.00MB
2025-10-12 10:21:09,800 - INFO - [Shapelet 135] forward_avg=0.014919s over 12 calls | peak=2357.04MB | final=0.00MB
2025-10-12 10:21:09,800 - INFO - [Shapelet 162] forward_avg=0.012933s over 12 calls | peak=2280.04MB | final=0.00MB
2025-10-12 10:21:09,800 - INFO - [Shapelet 189] forward_avg=0.011803s over 12 calls | peak=2023.78MB | final=0.00MB
2025-10-12 10:21:09,800 - INFO - [Shapelet 216] forward_avg=0.010547s over 12 calls | peak=1588.90MB | final=0.00MB
2025-10-12 10:21:09,801 - INFO - 
🔍 COSINE modules:
2025-10-12 10:21:09,801 - INFO - [Shapelet  27] forward_avg=0.003495s over 12 calls | peak=550.84MB | final=0.00MB
2025-10-12 10:21:09,801 - INFO - [Shapelet  54] forward_avg=0.005315s over 12 calls | peak=970.87MB | final=0.00MB
2025-10-12 10:21:09,801 - INFO - [Shapelet  81] forward_avg=0.006768s over 12 calls | peak=1271.50MB | final=0.00MB
2025-10-12 10:21:09,801 - INFO - [Shapelet 108] forward_avg=0.007973s over 12 calls | peak=1451.84MB | final=0.00MB
2025-10-12 10:21:09,801 - INFO - [Shapelet 135] forward_avg=0.008423s over 12 calls | peak=1513.58MB | final=0.00MB
2025-10-12 10:21:09,801 - INFO - [Shapelet 162] forward_avg=0.007124s over 12 calls | peak=1454.06MB | final=0.00MB
2025-10-12 10:21:09,801 - INFO - [Shapelet 189] forward_avg=0.006783s over 12 calls | peak=1275.63MB | final=0.00MB
2025-10-12 10:21:09,801 - INFO - [Shapelet 216] forward_avg=0.006346s over 12 calls | peak=977.89MB | final=0.00MB
2025-10-12 10:21:09,801 - INFO - 
🔍 CROSS modules:
2025-10-12 10:21:09,801 - INFO - [Shapelet  27] forward_avg=0.001178s over 12 calls
2025-10-12 10:21:09,801 - INFO - [Shapelet  54] forward_avg=0.001780s over 12 calls
2025-10-12 10:21:09,801 - INFO - [Shapelet  81] forward_avg=0.002421s over 12 calls
2025-10-12 10:21:09,801 - INFO - [Shapelet 108] forward_avg=0.002869s over 12 calls
2025-10-12 10:21:09,801 - INFO - [Shapelet 135] forward_avg=0.002184s over 12 calls
2025-10-12 10:21:09,801 - INFO - [Shapelet 162] forward_avg=0.002546s over 12 calls
2025-10-12 10:21:09,801 - INFO - [Shapelet 189] forward_avg=0.002916s over 12 calls
2025-10-12 10:21:09,801 - INFO - [Shapelet 216] forward_avg=0.003277s over 12 calls
2025-10-12 10:21:09,801 - INFO - 
💾 模型第一次反向传播阶段的显存峰值（所有模块中的最大值）: 11613.58 MB
2025-10-12 10:21:09,801 - INFO - 
💾 模型初始显存: 237.80 MB
2025-10-12 10:21:09,801 - INFO - =======================================================================

2025-10-12 10:21:09,801 - INFO - torch.cuda.max_memory_reserved() : 15.791015625
2025-10-12 10:21:15,393 - INFO - Epoch 4 completed in 5.591500 seconds
2025-10-12 10:21:15,394 - INFO - torch.cuda.max_memory_reserved() : 16.52734375
2025-10-12 10:21:21,000 - INFO - Epoch 5 completed in 5.606202 seconds
2025-10-12 10:21:21,001 - INFO - torch.cuda.max_memory_reserved() : 16.52734375
2025-10-12 10:21:26,641 - INFO - Epoch 6 completed in 5.639258 seconds
2025-10-12 10:21:26,641 - INFO - torch.cuda.max_memory_reserved() : 16.52734375
2025-10-12 10:21:32,194 - INFO - Epoch 7 completed in 5.552789 seconds
2025-10-12 10:21:32,195 - INFO - torch.cuda.max_memory_reserved() : 16.52734375
2025-10-12 10:21:37,592 - INFO - Epoch 8 completed in 5.397231 seconds
2025-10-12 10:21:37,593 - INFO - torch.cuda.max_memory_reserved() : 16.52734375
2025-10-12 10:21:43,208 - INFO - Epoch 9 completed in 5.614613 seconds
2025-10-12 10:21:43,209 - INFO - torch.cuda.max_memory_reserved() : 16.52734375
2025-10-12 10:21:48,612 - INFO - Epoch 10 completed in 5.402559 seconds
2025-10-12 10:21:50,836 - INFO - torch.cuda.max_memory_reserved() : 16.52734375
2025-10-12 10:21:50,836 - INFO - !!!采用策略后的几个epoch 平均时间:5.521927744150162
2025-10-12 10:21:50,836 - INFO - 



