2025-10-12 11:09:03,992 - INFO - 📌 第一个 epoch：默认所有模块使用 checkpoint
2025-10-12 11:11:24,650 - INFO - Epoch 1 completed in 140.678187 seconds
2025-10-12 11:11:57,315 - INFO - torch.cuda.max_memory_reserved() : 15.2421875
2025-10-12 11:14:18,240 - INFO - 
[🔁 拟合反向传播时间模型]
2025-10-12 11:14:18,240 - INFO - 总反向传播时间: 140.649613s
2025-10-12 11:14:18,241 - INFO - 拟合模型: backward_total ≈ 2 × (A + B) + b
2025-10-12 11:14:18,241 - INFO - A = 123.397161, B = 11.886321, b = 5.366130s
2025-10-12 11:14:18,464 - INFO - ✅ 最优策略：[0, 1, 1, 0, 1, 1, 1, 0, 1, 1, 0, 0, 0, 0, 0, 0]
2025-10-12 11:14:18,464 - INFO - 📌 checkpoint 的欧氏长度:, [128, 1101, 2400]
2025-10-12 11:14:18,464 - INFO - 📌 checkpoint 的余弦长度:, [777, 1101, 1426, 1750, 2075, 2400]
2025-10-12 11:14:18,464 - INFO - 💾 最终显存峰值：%.2f MB % 13092.348792150564
2025-10-12 11:14:18,479 - INFO - Epoch 2 completed in 141.162994 seconds
2025-10-12 11:14:18,479 - INFO - torch.cuda.max_memory_reserved() : 15.2421875
2025-10-12 11:16:17,306 - INFO - Epoch 3 completed in 118.826515 seconds
2025-10-12 11:16:17,306 - INFO - 
====================== [第1个 Epoch 收集统计数据] ======================
2025-10-12 11:16:17,306 - INFO - 
🔍 EUCLIDEAN modules:
2025-10-12 11:16:17,306 - INFO - [Shapelet 128] forward_avg=0.003152s over 278 calls | peak=545.46MB | final=0.00MB
2025-10-12 11:16:17,306 - INFO - [Shapelet 452] forward_avg=0.008094s over 278 calls | peak=1696.97MB | final=0.00MB
2025-10-12 11:16:17,306 - INFO - [Shapelet 777] forward_avg=0.011926s over 278 calls | peak=2541.23MB | final=0.00MB
2025-10-12 11:16:17,306 - INFO - [Shapelet 1101] forward_avg=0.014274s over 278 calls | peak=3076.86MB | final=0.00MB
2025-10-12 11:16:17,306 - INFO - [Shapelet 1426] forward_avg=0.015373s over 278 calls | peak=3302.11MB | final=0.00MB
2025-10-12 11:16:17,306 - INFO - [Shapelet 1750] forward_avg=0.014859s over 278 calls | peak=3220.47MB | final=0.00MB
2025-10-12 11:16:17,306 - INFO - [Shapelet 2075] forward_avg=0.013129s over 278 calls | peak=2830.50MB | final=0.00MB
2025-10-12 11:16:17,306 - INFO - [Shapelet 2400] forward_avg=0.009734s over 278 calls | peak=2129.31MB | final=0.00MB
2025-10-12 11:16:17,306 - INFO - 
🔍 COSINE modules:
2025-10-12 11:16:17,306 - INFO - [Shapelet 128] forward_avg=0.002026s over 278 calls | peak=360.86MB | final=0.00MB
2025-10-12 11:16:17,306 - INFO - [Shapelet 452] forward_avg=0.005090s over 278 calls | peak=1127.04MB | final=0.00MB
2025-10-12 11:16:17,307 - INFO - [Shapelet 777] forward_avg=0.007521s over 278 calls | peak=1688.97MB | final=0.00MB
2025-10-12 11:16:17,307 - INFO - [Shapelet 1101] forward_avg=0.008952s over 278 calls | peak=2044.93MB | final=0.00MB
2025-10-12 11:16:17,307 - INFO - [Shapelet 1426] forward_avg=0.009701s over 278 calls | peak=2194.08MB | final=0.00MB
2025-10-12 11:16:17,307 - INFO - [Shapelet 1750] forward_avg=0.009365s over 278 calls | peak=2138.55MB | final=0.00MB
2025-10-12 11:16:17,307 - INFO - [Shapelet 2075] forward_avg=0.008460s over 278 calls | peak=1876.87MB | final=0.00MB
2025-10-12 11:16:17,307 - INFO - [Shapelet 2400] forward_avg=0.006301s over 278 calls | peak=1408.89MB | final=0.00MB
2025-10-12 11:16:17,307 - INFO - 
🔍 CROSS modules:
2025-10-12 11:16:17,307 - INFO - [Shapelet 128] forward_avg=0.000606s over 278 calls
2025-10-12 11:16:17,307 - INFO - [Shapelet 452] forward_avg=0.001040s over 278 calls
2025-10-12 11:16:17,307 - INFO - [Shapelet 777] forward_avg=0.001610s over 278 calls
2025-10-12 11:16:17,307 - INFO - [Shapelet 1101] forward_avg=0.002282s over 278 calls
2025-10-12 11:16:17,307 - INFO - [Shapelet 1426] forward_avg=0.002992s over 278 calls
2025-10-12 11:16:17,307 - INFO - [Shapelet 1750] forward_avg=0.003642s over 278 calls
2025-10-12 11:16:17,307 - INFO - [Shapelet 2075] forward_avg=0.004304s over 278 calls
2025-10-12 11:16:17,307 - INFO - [Shapelet 2400] forward_avg=0.004902s over 278 calls
2025-10-12 11:16:17,307 - INFO - 
💾 模型第一次反向传播阶段的显存峰值（所有模块中的最大值）: 13039.94 MB
2025-10-12 11:16:17,307 - INFO - 
💾 模型初始显存: 104.49 MB
2025-10-12 11:16:17,307 - INFO - =======================================================================

2025-10-12 11:16:17,307 - INFO - torch.cuda.max_memory_reserved() : 17.388671875
2025-10-12 11:18:16,000 - INFO - Epoch 4 completed in 118.692136 seconds
2025-10-12 11:18:16,000 - INFO - torch.cuda.max_memory_reserved() : 18.462890625
2025-10-12 11:20:14,366 - INFO - Epoch 5 completed in 118.365386 seconds
2025-10-12 11:20:14,367 - INFO - torch.cuda.max_memory_reserved() : 18.462890625
2025-10-12 11:22:13,245 - INFO - Epoch 6 completed in 118.878050 seconds
2025-10-12 11:22:13,246 - INFO - torch.cuda.max_memory_reserved() : 18.462890625
2025-10-12 11:24:12,208 - INFO - Epoch 7 completed in 118.961714 seconds
2025-10-12 11:24:12,208 - INFO - torch.cuda.max_memory_reserved() : 18.462890625
2025-10-12 11:26:11,436 - INFO - Epoch 8 completed in 119.227140 seconds
2025-10-12 11:26:11,436 - INFO - torch.cuda.max_memory_reserved() : 18.462890625
2025-10-12 11:28:10,382 - INFO - Epoch 9 completed in 118.945591 seconds
2025-10-12 11:28:10,383 - INFO - torch.cuda.max_memory_reserved() : 18.462890625
2025-10-12 11:30:08,484 - INFO - Epoch 10 completed in 118.100500 seconds
2025-10-12 11:30:40,926 - INFO - torch.cuda.max_memory_reserved() : 18.462890625
2025-10-12 11:30:40,927 - INFO - !!!采用策略后的几个epoch 平均时间:118.74962902069092
2025-10-12 11:30:40,927 - INFO - 



