2025-10-18 23:24:44,759 - INFO - 📌 第一个 epoch：默认所有模块使用 checkpoint
2025-10-18 23:24:45,954 - INFO - Epoch 1 completed in 1.198863 seconds
2025-10-18 23:24:46,422 - INFO - torch.cuda.max_memory_reserved() : 7.45703125
2025-10-18 23:28:36,915 - INFO - 📌 第一个 epoch：默认所有模块使用 checkpoint
2025-10-18 23:28:38,080 - INFO - Epoch 1 completed in 1.169662 seconds
2025-10-18 23:28:38,556 - INFO - torch.cuda.max_memory_reserved() : 7.45703125
2025-10-18 23:28:39,150 - INFO - 
[🔁 拟合反向传播时间模型]
2025-10-18 23:28:39,150 - INFO - 总反向传播时间: 0.589137s
2025-10-18 23:28:39,150 - INFO - 拟合模型: backward_total ≈ 2 × (A + B) + b
2025-10-18 23:28:39,150 - INFO - A = 0.979265, B = 0.017790, b = -0.407918s
2025-10-18 23:28:39,151 - INFO - ✅ 最优策略：[1, 1, 1, 0, 0, 1, 1, 1, 1, 1, 1, 1, 1, 1, 1, 1, 1, 1, 1, 1, 1, 1, 1, 1, 1, 1, 1, 1, 1, 1, 1, 1]
2025-10-18 23:28:39,151 - INFO - 📌 checkpoint 的欧氏长度:, [478, 597]
2025-10-18 23:28:39,151 - INFO - 📌 checkpoint 的余弦长度:, []
2025-10-18 23:28:39,151 - INFO - 💾 最终显存峰值：%.2f MB % 13404.86328125
2025-10-18 23:28:39,151 - INFO - Epoch 2 completed in 0.595134 seconds
2025-10-18 23:28:39,152 - INFO - torch.cuda.max_memory_reserved() : 7.45703125
2025-10-18 23:28:39,613 - INFO - Epoch 3 completed in 0.460139 seconds
2025-10-18 23:28:39,614 - INFO - 
====================== [第1个 Epoch 收集统计数据] ======================
2025-10-18 23:28:39,614 - INFO - 
🔍 EUCLIDEAN modules:
2025-10-18 23:28:39,614 - INFO - [Shapelet 119] forward_avg=0.017724s over 2 calls | peak=574.44MB | final=0.00MB
2025-10-18 23:28:39,614 - INFO - [Shapelet 238] forward_avg=0.010303s over 2 calls | peak=1015.43MB | final=0.00MB
2025-10-18 23:28:39,614 - INFO - [Shapelet 358] forward_avg=0.016549s over 2 calls | peak=1333.82MB | final=0.00MB
2025-10-18 23:28:39,614 - INFO - [Shapelet 478] forward_avg=0.019911s over 2 calls | peak=1527.39MB | final=0.00MB
2025-10-18 23:28:39,614 - INFO - [Shapelet 597] forward_avg=0.019591s over 2 calls | peak=1593.80MB | final=0.00MB
2025-10-18 23:28:39,615 - INFO - [Shapelet 717] forward_avg=0.017730s over 2 calls | peak=1532.89MB | final=0.00MB
2025-10-18 23:28:39,615 - INFO - [Shapelet 837] forward_avg=0.013494s over 2 calls | peak=1346.26MB | final=0.00MB
2025-10-18 23:28:39,615 - INFO - [Shapelet 957] forward_avg=0.011656s over 2 calls | peak=1033.37MB | final=0.00MB
2025-10-18 23:28:39,615 - INFO - 
🔍 COSINE modules:
2025-10-18 23:28:39,615 - INFO - [Shapelet 119] forward_avg=0.002038s over 2 calls | peak=377.76MB | final=0.00MB
2025-10-18 23:28:39,615 - INFO - [Shapelet 238] forward_avg=0.003006s over 2 calls | peak=670.78MB | final=0.00MB
2025-10-18 23:28:39,615 - INFO - [Shapelet 358] forward_avg=0.004845s over 2 calls | peak=882.25MB | final=0.00MB
2025-10-18 23:28:39,615 - INFO - [Shapelet 478] forward_avg=0.007139s over 2 calls | peak=1010.33MB | final=0.00MB
2025-10-18 23:28:39,615 - INFO - [Shapelet 597] forward_avg=0.007944s over 2 calls | peak=1052.88MB | final=0.00MB
2025-10-18 23:28:39,615 - INFO - [Shapelet 717] forward_avg=0.004354s over 2 calls | peak=1012.70MB | final=0.00MB
2025-10-18 23:28:39,616 - INFO - [Shapelet 837] forward_avg=0.003892s over 2 calls | peak=885.75MB | final=0.00MB
2025-10-18 23:28:39,616 - INFO - [Shapelet 957] forward_avg=0.003035s over 2 calls | peak=676.20MB | final=0.00MB
2025-10-18 23:28:39,616 - INFO - 
🔍 CROSS modules:
2025-10-18 23:28:39,616 - INFO - [Shapelet 119] forward_avg=0.000395s over 2 calls
2025-10-18 23:28:39,616 - INFO - [Shapelet 238] forward_avg=0.000458s over 2 calls
2025-10-18 23:28:39,616 - INFO - [Shapelet 358] forward_avg=0.000582s over 2 calls
2025-10-18 23:28:39,616 - INFO - [Shapelet 478] forward_avg=0.000716s over 2 calls
2025-10-18 23:28:39,616 - INFO - [Shapelet 597] forward_avg=0.000607s over 2 calls
2025-10-18 23:28:39,616 - INFO - [Shapelet 717] forward_avg=0.000558s over 2 calls
2025-10-18 23:28:39,617 - INFO - [Shapelet 837] forward_avg=0.000592s over 2 calls
2025-10-18 23:28:39,617 - INFO - [Shapelet 957] forward_avg=0.000540s over 2 calls
2025-10-18 23:28:39,617 - INFO - 
💾 模型第一次反向传播阶段的显存峰值（所有模块中的最大值）: 10395.49 MB
2025-10-18 23:28:39,617 - INFO - 
💾 模型初始显存: 9.69 MB
2025-10-18 23:28:39,617 - INFO - =======================================================================

2025-10-18 23:28:39,618 - INFO - torch.cuda.max_memory_reserved() : 11.826171875
2025-10-18 23:28:40,079 - INFO - Epoch 4 completed in 0.459847 seconds
2025-10-18 23:28:40,080 - INFO - torch.cuda.max_memory_reserved() : 13.0859375
2025-10-18 23:28:40,540 - INFO - Epoch 5 completed in 0.458838 seconds
2025-10-18 23:28:40,540 - INFO - torch.cuda.max_memory_reserved() : 13.0859375
2025-10-18 23:28:40,951 - INFO - Epoch 6 completed in 0.408986 seconds
2025-10-18 23:28:40,951 - INFO - torch.cuda.max_memory_reserved() : 13.0859375
2025-10-18 23:28:41,352 - INFO - Epoch 7 completed in 0.399806 seconds
2025-10-18 23:28:41,353 - INFO - torch.cuda.max_memory_reserved() : 13.0859375
2025-10-18 23:28:41,800 - INFO - Epoch 8 completed in 0.445868 seconds
2025-10-18 23:28:41,801 - INFO - torch.cuda.max_memory_reserved() : 13.0859375
2025-10-18 23:28:42,266 - INFO - Epoch 9 completed in 0.463674 seconds
2025-10-18 23:28:42,268 - INFO - torch.cuda.max_memory_reserved() : 13.0859375
2025-10-18 23:28:42,716 - INFO - Epoch 10 completed in 0.447582 seconds
2025-10-18 23:28:43,165 - INFO - torch.cuda.max_memory_reserved() : 13.0859375
2025-10-18 23:28:43,165 - INFO - !!!采用策略后的几个epoch 平均时间:0.44309258460998535
2025-10-18 23:28:43,165 - INFO - 



