2025-10-11 18:46:28,421 - INFO - 📌 第一个 epoch：默认所有模块使用 checkpoint
2025-10-11 18:46:32,687 - INFO - Epoch 1 completed in 4.270293 seconds
2025-10-11 18:46:33,398 - INFO - torch.cuda.max_memory_reserved() : 1.029296875
2025-10-11 18:46:37,222 - INFO - 
[🔁 拟合反向传播时间模型]
2025-10-11 18:46:37,223 - INFO - 总反向传播时间: 3.803630s
2025-10-11 18:46:37,223 - INFO - 拟合模型: backward_total ≈ 2 × (A + B) + b
2025-10-11 18:46:37,223 - INFO - A = 2.728429, B = 0.234116, b = 0.841085s
2025-10-11 18:46:37,270 - INFO - Set parameter LicenseID to value 2706656
2025-10-11 18:46:37,298 - INFO - Set parameter LogToConsole to value 1
2025-10-11 18:46:37,298 - INFO - Set parameter LogFile to value ""
2025-10-11 18:46:37,298 - INFO - Set parameter Threads to value 12
2025-10-11 18:46:37,298 - INFO - Set parameter TimeLimit to value 3600
2025-10-11 18:46:37,298 - INFO - Set parameter Method to value 1
2025-10-11 18:46:37,354 - INFO - Set parameter TimeLimit to value 3000
2025-10-11 18:46:37,355 - INFO - Gurobi Optimizer version 12.0.3 build v12.0.3rc0 (linux64 - "Ubuntu 20.04.6 LTS")
2025-10-11 18:46:37,355 - INFO - 
2025-10-11 18:46:37,355 - INFO - CPU model: Intel(R) Xeon(R) Platinum 8260 CPU @ 2.40GHz, instruction set [SSE2|AVX|AVX2|AVX512]
2025-10-11 18:46:37,355 - INFO - Thread count: 48 physical cores, 96 logical processors, using up to 12 threads
2025-10-11 18:46:37,355 - INFO - 
2025-10-11 18:46:37,355 - INFO - Non-default parameters:
2025-10-11 18:46:37,355 - INFO - TimeLimit  3000
2025-10-11 18:46:37,355 - INFO - Method  1
2025-10-11 18:46:37,355 - INFO - Threads  12
2025-10-11 18:46:37,356 - INFO - 
2025-10-11 18:46:37,356 - INFO - Optimize a model with 3892 rows, 1699 columns and 20398 nonzeros
2025-10-11 18:46:37,356 - INFO - Model fingerprint: 0x716f3cd6
2025-10-11 18:46:37,356 - INFO - Variable types: 0 continuous, 1699 integer (1699 binary)
2025-10-11 18:46:37,356 - INFO - Coefficient statistics:
2025-10-11 18:46:37,356 - INFO -   Matrix range     [1e+00, 4e+14]
2025-10-11 18:46:37,356 - INFO -   Objective range  [5e+04, 2e+05]
2025-10-11 18:46:37,356 - INFO -   Bounds range     [1e+00, 1e+00]
2025-10-11 18:46:37,356 - INFO -   RHS range        [1e+00, 2e+15]
2025-10-11 18:46:37,356 - INFO - Warning: Model contains large matrix coefficient range
2025-10-11 18:46:37,356 - INFO - Warning: Model contains large rhs
2025-10-11 18:46:37,356 - INFO -          Consider reformulating model or setting NumericFocus parameter
2025-10-11 18:46:37,356 - INFO -          to avoid numerical issues.
2025-10-11 18:46:37,357 - INFO - Found heuristic solution: objective 6073315.0000
2025-10-11 18:46:37,375 - INFO - Presolve removed 3700 rows and 1520 columns
2025-10-11 18:46:37,375 - INFO - Presolve time: 0.02s
2025-10-11 18:46:37,375 - INFO - Presolved: 192 rows, 179 columns, 1699 nonzeros
2025-10-11 18:46:37,376 - INFO - Variable types: 0 continuous, 179 integer (179 binary)
2025-10-11 18:46:37,376 - INFO - Found heuristic solution: objective 5661308.0000
2025-10-11 18:46:37,377 - INFO - 
2025-10-11 18:46:37,377 - INFO - Root relaxation: objective 4.402825e+06, 95 iterations, 0.00 seconds (0.00 work units)
2025-10-11 18:46:37,379 - INFO - 
2025-10-11 18:46:37,379 - INFO -     Nodes    |    Current Node    |     Objective Bounds      |     Work
2025-10-11 18:46:37,379 - INFO -  Expl Unexpl |  Obj  Depth IntInf | Incumbent    BestBd   Gap | It/Node Time
2025-10-11 18:46:37,379 - INFO - 
2025-10-11 18:46:37,379 - INFO -      0     0 4402825.21    0    7 5661308.00 4402825.21  22.2%     -    0s
2025-10-11 18:46:37,380 - INFO - H    0     0                    4418074.0000 4402825.21  0.35%     -    0s
2025-10-11 18:46:37,387 - INFO - 
2025-10-11 18:46:37,387 - INFO - Cutting planes:
2025-10-11 18:46:37,387 - INFO -   Cover: 5
2025-10-11 18:46:37,387 - INFO -   RLT: 4
2025-10-11 18:46:37,387 - INFO -   Relax-and-lift: 3
2025-10-11 18:46:37,387 - INFO - 
2025-10-11 18:46:37,387 - INFO - Explored 1 nodes (114 simplex iterations) in 0.03 seconds (0.03 work units)
2025-10-11 18:46:37,387 - INFO - Thread count was 12 (of 96 available processors)
2025-10-11 18:46:37,388 - INFO - 
2025-10-11 18:46:37,388 - INFO - Solution count 3: 4.41807e+06 5.66131e+06 6.07332e+06 
2025-10-11 18:46:37,388 - INFO - 
2025-10-11 18:46:37,388 - INFO - Optimal solution found (tolerance 1.00e-04)
2025-10-11 18:46:37,388 - INFO - Best objective 4.418074000000e+06, best bound 4.418074000000e+06, gap 0.0000%
2025-10-11 18:46:37,397 - INFO - 规划前的显存GB：1.5
2025-10-11 18:46:37,397 - INFO - 规划后的显存GB：1.4188809394836426
2025-10-11 18:46:37,397 - INFO - ✅ 最优策略：[True, True, True, True, True, True, True, True, False, True, True, False, False, False, False, True]
2025-10-11 18:46:37,397 - INFO - 📌 checkpoint 的欧氏长度:, []
2025-10-11 18:46:37,398 - INFO - 📌 checkpoint 的余弦长度:, [119, 478, 597, 717, 837]
2025-10-11 18:46:37,398 - INFO - 💾 最终显存峰值：%.2f MB % 1780.8826751708984
2025-10-11 18:46:37,398 - INFO - Epoch 2 completed in 3.999810 seconds
2025-10-11 18:46:37,399 - INFO - torch.cuda.max_memory_reserved() : 1.029296875
2025-10-11 18:46:40,126 - INFO - Epoch 3 completed in 2.726422 seconds
2025-10-11 18:46:40,127 - INFO - 
====================== [第1个 Epoch 收集统计数据] ======================
2025-10-11 18:46:40,127 - INFO - 
🔍 EUCLIDEAN modules:
2025-10-11 18:46:40,127 - INFO - [Shapelet 119] forward_avg=0.002187s over 26 calls | peak=72.20MB | final=0.00MB
2025-10-11 18:46:40,127 - INFO - [Shapelet 238] forward_avg=0.001933s over 26 calls | peak=126.95MB | final=0.00MB
2025-10-11 18:46:40,127 - INFO - [Shapelet 358] forward_avg=0.001918s over 26 calls | peak=169.17MB | final=0.00MB
2025-10-11 18:46:40,127 - INFO - [Shapelet 478] forward_avg=0.001932s over 26 calls | peak=193.41MB | final=0.00MB
2025-10-11 18:46:40,127 - INFO - [Shapelet 597] forward_avg=0.001917s over 26 calls | peak=199.65MB | final=0.00MB
2025-10-11 18:46:40,127 - INFO - [Shapelet 717] forward_avg=0.001870s over 26 calls | peak=193.90MB | final=0.00MB
2025-10-11 18:46:40,127 - INFO - [Shapelet 837] forward_avg=0.001856s over 26 calls | peak=170.03MB | final=0.00MB
2025-10-11 18:46:40,127 - INFO - [Shapelet 957] forward_avg=0.001911s over 26 calls | peak=129.44MB | final=0.00MB
2025-10-11 18:46:40,127 - INFO - 
🔍 COSINE modules:
2025-10-11 18:46:40,127 - INFO - [Shapelet 119] forward_avg=0.002554s over 26 calls | peak=47.22MB | final=0.00MB
2025-10-11 18:46:40,127 - INFO - [Shapelet 238] forward_avg=0.002389s over 26 calls | peak=83.85MB | final=0.00MB
2025-10-11 18:46:40,127 - INFO - [Shapelet 358] forward_avg=0.002413s over 26 calls | peak=112.15MB | final=0.00MB
2025-10-11 18:46:40,127 - INFO - [Shapelet 478] forward_avg=0.002427s over 26 calls | peak=128.13MB | final=0.00MB
2025-10-11 18:46:40,127 - INFO - [Shapelet 597] forward_avg=0.002454s over 26 calls | peak=132.11MB | final=0.00MB
2025-10-11 18:46:40,127 - INFO - [Shapelet 717] forward_avg=0.002423s over 26 calls | peak=128.09MB | final=0.00MB
2025-10-11 18:46:40,127 - INFO - [Shapelet 837] forward_avg=0.002407s over 26 calls | peak=112.07MB | final=0.00MB
2025-10-11 18:46:40,127 - INFO - [Shapelet 957] forward_avg=0.002388s over 26 calls | peak=84.51MB | final=0.00MB
2025-10-11 18:46:40,127 - INFO - 
🔍 CROSS modules:
2025-10-11 18:46:40,127 - INFO - [Shapelet 119] forward_avg=0.000561s over 26 calls
2025-10-11 18:46:40,127 - INFO - [Shapelet 238] forward_avg=0.000519s over 26 calls
2025-10-11 18:46:40,127 - INFO - [Shapelet 358] forward_avg=0.000510s over 26 calls
2025-10-11 18:46:40,127 - INFO - [Shapelet 478] forward_avg=0.000528s over 26 calls
2025-10-11 18:46:40,127 - INFO - [Shapelet 597] forward_avg=0.000544s over 26 calls
2025-10-11 18:46:40,127 - INFO - [Shapelet 717] forward_avg=0.000569s over 26 calls
2025-10-11 18:46:40,127 - INFO - [Shapelet 837] forward_avg=0.000617s over 26 calls
2025-10-11 18:46:40,128 - INFO - [Shapelet 957] forward_avg=0.000654s over 26 calls
2025-10-11 18:46:40,128 - INFO - 
💾 模型第一次反向传播阶段的显存峰值（所有模块中的最大值）: 1106.41 MB
2025-10-11 18:46:40,128 - INFO - 
💾 模型初始显存: 5.08 MB
2025-10-11 18:46:40,128 - INFO - =======================================================================

2025-10-11 18:46:40,128 - INFO - torch.cuda.max_memory_reserved() : 1.6953125
2025-10-11 18:46:42,838 - INFO - Epoch 4 completed in 2.709474 seconds
2025-10-11 18:46:42,839 - INFO - torch.cuda.max_memory_reserved() : 1.6953125
2025-10-11 18:46:45,569 - INFO - Epoch 5 completed in 2.729394 seconds
2025-10-11 18:46:45,569 - INFO - torch.cuda.max_memory_reserved() : 1.6953125
2025-10-11 18:46:48,305 - INFO - Epoch 6 completed in 2.734908 seconds
2025-10-11 18:46:48,305 - INFO - torch.cuda.max_memory_reserved() : 1.6953125
2025-10-11 18:46:51,038 - INFO - Epoch 7 completed in 2.732133 seconds
2025-10-11 18:46:51,038 - INFO - torch.cuda.max_memory_reserved() : 1.6953125
2025-10-11 18:46:53,768 - INFO - Epoch 8 completed in 2.729297 seconds
2025-10-11 18:46:53,769 - INFO - torch.cuda.max_memory_reserved() : 1.6953125
2025-10-11 18:46:56,468 - INFO - Epoch 9 completed in 2.699025 seconds
2025-10-11 18:46:56,468 - INFO - torch.cuda.max_memory_reserved() : 1.6953125
2025-10-11 18:46:59,189 - INFO - Epoch 10 completed in 2.720319 seconds
2025-10-11 18:46:59,800 - INFO - torch.cuda.max_memory_reserved() : 1.6953125
2025-10-11 18:46:59,801 - INFO - !!!采用策略后的几个epoch 平均时间:2.722621500492096
2025-10-11 18:46:59,801 - INFO - 



