2025-10-11 18:47:03,969 - INFO - 📌 第一个 epoch：默认所有模块使用 checkpoint
2025-10-11 18:47:07,926 - INFO - Epoch 1 completed in 3.961203 seconds
2025-10-11 18:47:08,632 - INFO - torch.cuda.max_memory_reserved() : 1.029296875
2025-10-11 18:47:12,189 - INFO - 
[🔁 拟合反向传播时间模型]
2025-10-11 18:47:12,189 - INFO - 总反向传播时间: 3.544453s
2025-10-11 18:47:12,189 - INFO - 拟合模型: backward_total ≈ 2 × (A + B) + b
2025-10-11 18:47:12,190 - INFO - A = 2.314043, B = 0.207943, b = 1.022467s
2025-10-11 18:47:12,215 - INFO - Set parameter LicenseID to value 2706656
2025-10-11 18:47:12,242 - INFO - Set parameter LogToConsole to value 1
2025-10-11 18:47:12,242 - INFO - Set parameter LogFile to value ""
2025-10-11 18:47:12,242 - INFO - Set parameter Threads to value 12
2025-10-11 18:47:12,243 - INFO - Set parameter TimeLimit to value 3600
2025-10-11 18:47:12,243 - INFO - Set parameter Method to value 1
2025-10-11 18:47:12,302 - INFO - Set parameter TimeLimit to value 3000
2025-10-11 18:47:12,303 - INFO - Gurobi Optimizer version 12.0.3 build v12.0.3rc0 (linux64 - "Ubuntu 20.04.6 LTS")
2025-10-11 18:47:12,303 - INFO - 
2025-10-11 18:47:12,304 - INFO - CPU model: Intel(R) Xeon(R) Platinum 8260 CPU @ 2.40GHz, instruction set [SSE2|AVX|AVX2|AVX512]
2025-10-11 18:47:12,304 - INFO - Thread count: 48 physical cores, 96 logical processors, using up to 12 threads
2025-10-11 18:47:12,304 - INFO - 
2025-10-11 18:47:12,304 - INFO - Non-default parameters:
2025-10-11 18:47:12,304 - INFO - TimeLimit  3000
2025-10-11 18:47:12,304 - INFO - Method  1
2025-10-11 18:47:12,304 - INFO - Threads  12
2025-10-11 18:47:12,304 - INFO - 
2025-10-11 18:47:12,304 - INFO - Optimize a model with 3892 rows, 1699 columns and 20398 nonzeros
2025-10-11 18:47:12,304 - INFO - Model fingerprint: 0x876d64a1
2025-10-11 18:47:12,304 - INFO - Variable types: 0 continuous, 1699 integer (1699 binary)
2025-10-11 18:47:12,304 - INFO - Coefficient statistics:
2025-10-11 18:47:12,304 - INFO -   Matrix range     [1e+00, 4e+14]
2025-10-11 18:47:12,304 - INFO -   Objective range  [4e+04, 2e+05]
2025-10-11 18:47:12,304 - INFO -   Bounds range     [1e+00, 1e+00]
2025-10-11 18:47:12,304 - INFO -   RHS range        [1e+00, 2e+15]
2025-10-11 18:47:12,304 - INFO - Warning: Model contains large matrix coefficient range
2025-10-11 18:47:12,304 - INFO - Warning: Model contains large rhs
2025-10-11 18:47:12,304 - INFO -          Consider reformulating model or setting NumericFocus parameter
2025-10-11 18:47:12,304 - INFO -          to avoid numerical issues.
2025-10-11 18:47:12,305 - INFO - Found heuristic solution: objective 5295484.0000
2025-10-11 18:47:12,321 - INFO - Presolve removed 3814 rows and 1589 columns
2025-10-11 18:47:12,321 - INFO - Presolve time: 0.02s
2025-10-11 18:47:12,321 - INFO - Presolved: 78 rows, 110 columns, 593 nonzeros
2025-10-11 18:47:12,322 - INFO - Variable types: 0 continuous, 110 integer (110 binary)
2025-10-11 18:47:12,322 - INFO - Found heuristic solution: objective 4776970.0000
2025-10-11 18:47:12,322 - INFO - 
2025-10-11 18:47:12,322 - INFO - Root relaxation: objective 3.633898e+06, 46 iterations, 0.00 seconds (0.00 work units)
2025-10-11 18:47:12,323 - INFO - 
2025-10-11 18:47:12,323 - INFO -     Nodes    |    Current Node    |     Objective Bounds      |     Work
2025-10-11 18:47:12,323 - INFO -  Expl Unexpl |  Obj  Depth IntInf | Incumbent    BestBd   Gap | It/Node Time
2025-10-11 18:47:12,323 - INFO - 
2025-10-11 18:47:12,323 - INFO -      0     0 3633898.43    0    5 4776970.00 3633898.43  23.9%     -    0s
2025-10-11 18:47:12,324 - INFO - H    0     0                    3764186.0000 3633898.43  3.46%     -    0s
2025-10-11 18:47:12,324 - INFO - H    0     0                    3758501.0000 3633898.43  3.32%     -    0s
2025-10-11 18:47:12,324 - INFO - H    0     0                    3646539.0000 3633898.43  0.35%     -    0s
2025-10-11 18:47:12,329 - INFO -      0     0 3642834.99    0   14 3646539.00 3642834.99  0.10%     -    0s
2025-10-11 18:47:12,331 - INFO - H    0     0                    3641594.0000 3641594.00  0.00%     -    0s
2025-10-11 18:47:12,332 - INFO - 
2025-10-11 18:47:12,332 - INFO - Explored 1 nodes (55 simplex iterations) in 0.03 seconds (0.02 work units)
2025-10-11 18:47:12,332 - INFO - Thread count was 12 (of 96 available processors)
2025-10-11 18:47:12,332 - INFO - 
2025-10-11 18:47:12,332 - INFO - Solution count 7: 3.64159e+06 3.64654e+06 3.64654e+06 ... 5.29548e+06
2025-10-11 18:47:12,332 - INFO - 
2025-10-11 18:47:12,332 - INFO - Optimal solution found (tolerance 1.00e-04)
2025-10-11 18:47:12,332 - INFO - Best objective 3.641594000000e+06, best bound 3.641594000000e+06, gap 0.0000%
2025-10-11 18:47:12,339 - INFO - 规划前的显存GB：2.0
2025-10-11 18:47:12,339 - INFO - 规划后的显存GB：1.8257527351379395
2025-10-11 18:47:12,339 - INFO - ✅ 最优策略：[True, True, True, True, True, True, True, True, False, True, False, True, True, True, True, True]
2025-10-11 18:47:12,339 - INFO - 📌 checkpoint 的欧氏长度:, []
2025-10-11 18:47:12,339 - INFO - 📌 checkpoint 的余弦长度:, [119, 358]
2025-10-11 18:47:12,339 - INFO - 💾 最终显存峰值：%.2f MB % 1780.8826751708984
2025-10-11 18:47:12,339 - INFO - Epoch 2 completed in 3.707188 seconds
2025-10-11 18:47:12,340 - INFO - torch.cuda.max_memory_reserved() : 1.029296875
2025-10-11 18:47:14,929 - INFO - Epoch 3 completed in 2.588514 seconds
2025-10-11 18:47:14,929 - INFO - 
====================== [第1个 Epoch 收集统计数据] ======================
2025-10-11 18:47:14,929 - INFO - 
🔍 EUCLIDEAN modules:
2025-10-11 18:47:14,929 - INFO - [Shapelet 119] forward_avg=0.001931s over 26 calls | peak=72.20MB | final=0.00MB
2025-10-11 18:47:14,929 - INFO - [Shapelet 238] forward_avg=0.001587s over 26 calls | peak=126.95MB | final=0.00MB
2025-10-11 18:47:14,929 - INFO - [Shapelet 358] forward_avg=0.001665s over 26 calls | peak=169.17MB | final=0.00MB
2025-10-11 18:47:14,929 - INFO - [Shapelet 478] forward_avg=0.001708s over 26 calls | peak=193.41MB | final=0.00MB
2025-10-11 18:47:14,929 - INFO - [Shapelet 597] forward_avg=0.001696s over 26 calls | peak=199.65MB | final=0.00MB
2025-10-11 18:47:14,929 - INFO - [Shapelet 717] forward_avg=0.001667s over 26 calls | peak=193.90MB | final=0.00MB
2025-10-11 18:47:14,929 - INFO - [Shapelet 837] forward_avg=0.001610s over 26 calls | peak=170.03MB | final=0.00MB
2025-10-11 18:47:14,929 - INFO - [Shapelet 957] forward_avg=0.001587s over 26 calls | peak=129.44MB | final=0.00MB
2025-10-11 18:47:14,929 - INFO - 
🔍 COSINE modules:
2025-10-11 18:47:14,929 - INFO - [Shapelet 119] forward_avg=0.002102s over 26 calls | peak=47.22MB | final=0.00MB
2025-10-11 18:47:14,929 - INFO - [Shapelet 238] forward_avg=0.001997s over 26 calls | peak=83.85MB | final=0.00MB
2025-10-11 18:47:14,929 - INFO - [Shapelet 358] forward_avg=0.001999s over 26 calls | peak=112.15MB | final=0.00MB
2025-10-11 18:47:14,929 - INFO - [Shapelet 478] forward_avg=0.002022s over 26 calls | peak=128.13MB | final=0.00MB
2025-10-11 18:47:14,929 - INFO - [Shapelet 597] forward_avg=0.002067s over 26 calls | peak=132.11MB | final=0.00MB
2025-10-11 18:47:14,929 - INFO - [Shapelet 717] forward_avg=0.002039s over 26 calls | peak=128.09MB | final=0.00MB
2025-10-11 18:47:14,929 - INFO - [Shapelet 837] forward_avg=0.002002s over 26 calls | peak=112.07MB | final=0.00MB
2025-10-11 18:47:14,929 - INFO - [Shapelet 957] forward_avg=0.001988s over 26 calls | peak=84.51MB | final=0.00MB
2025-10-11 18:47:14,929 - INFO - 
🔍 CROSS modules:
2025-10-11 18:47:14,929 - INFO - [Shapelet 119] forward_avg=0.000470s over 26 calls
2025-10-11 18:47:14,929 - INFO - [Shapelet 238] forward_avg=0.000452s over 26 calls
2025-10-11 18:47:14,929 - INFO - [Shapelet 358] forward_avg=0.000441s over 26 calls
2025-10-11 18:47:14,929 - INFO - [Shapelet 478] forward_avg=0.000455s over 26 calls
2025-10-11 18:47:14,929 - INFO - [Shapelet 597] forward_avg=0.000491s over 26 calls
2025-10-11 18:47:14,929 - INFO - [Shapelet 717] forward_avg=0.000521s over 26 calls
2025-10-11 18:47:14,930 - INFO - [Shapelet 837] forward_avg=0.000565s over 26 calls
2025-10-11 18:47:14,930 - INFO - [Shapelet 957] forward_avg=0.000603s over 26 calls
2025-10-11 18:47:14,930 - INFO - 
💾 模型第一次反向传播阶段的显存峰值（所有模块中的最大值）: 1300.41 MB
2025-10-11 18:47:14,930 - INFO - 
💾 模型初始显存: 5.08 MB
2025-10-11 18:47:14,930 - INFO - =======================================================================

2025-10-11 18:47:14,930 - INFO - torch.cuda.max_memory_reserved() : 1.810546875
2025-10-11 18:47:17,483 - INFO - Epoch 4 completed in 2.552848 seconds
2025-10-11 18:47:17,483 - INFO - torch.cuda.max_memory_reserved() : 1.810546875
2025-10-11 18:47:20,052 - INFO - Epoch 5 completed in 2.568052 seconds
2025-10-11 18:47:20,052 - INFO - torch.cuda.max_memory_reserved() : 1.810546875
2025-10-11 18:47:22,607 - INFO - Epoch 6 completed in 2.553767 seconds
2025-10-11 18:47:22,607 - INFO - torch.cuda.max_memory_reserved() : 1.810546875
2025-10-11 18:47:25,147 - INFO - Epoch 7 completed in 2.539129 seconds
2025-10-11 18:47:25,147 - INFO - torch.cuda.max_memory_reserved() : 1.810546875
2025-10-11 18:47:27,711 - INFO - Epoch 8 completed in 2.563325 seconds
2025-10-11 18:47:27,712 - INFO - torch.cuda.max_memory_reserved() : 1.810546875
2025-10-11 18:47:30,261 - INFO - Epoch 9 completed in 2.548187 seconds
2025-10-11 18:47:30,261 - INFO - torch.cuda.max_memory_reserved() : 1.810546875
2025-10-11 18:47:32,799 - INFO - Epoch 10 completed in 2.537158 seconds
2025-10-11 18:47:33,399 - INFO - torch.cuda.max_memory_reserved() : 1.810546875
2025-10-11 18:47:33,399 - INFO - !!!采用策略后的几个epoch 平均时间:2.5563724637031555
2025-10-11 18:47:33,400 - INFO - 



