2025-10-11 18:45:50,831 - INFO - 📌 第一个 epoch：默认所有模块使用 checkpoint
2025-10-11 18:45:54,553 - INFO - Epoch 1 completed in 3.725839 seconds
2025-10-11 18:45:55,227 - INFO - torch.cuda.max_memory_reserved() : 1.029296875
2025-10-11 18:45:58,516 - INFO - 
[🔁 拟合反向传播时间模型]
2025-10-11 18:45:58,516 - INFO - 总反向传播时间: 3.277522s
2025-10-11 18:45:58,517 - INFO - 拟合模型: backward_total ≈ 2 × (A + B) + b
2025-10-11 18:45:58,517 - INFO - A = 2.173357, B = 0.197742, b = 0.906424s
2025-10-11 18:45:58,544 - INFO - Set parameter LicenseID to value 2706656
2025-10-11 18:45:58,572 - INFO - Set parameter LogToConsole to value 1
2025-10-11 18:45:58,572 - INFO - Set parameter LogFile to value ""
2025-10-11 18:45:58,572 - INFO - Set parameter Threads to value 12
2025-10-11 18:45:58,572 - INFO - Set parameter TimeLimit to value 3600
2025-10-11 18:45:58,572 - INFO - Set parameter Method to value 1
2025-10-11 18:45:58,757 - INFO - Set parameter TimeLimit to value 3000
2025-10-11 18:45:58,759 - INFO - Gurobi Optimizer version 12.0.3 build v12.0.3rc0 (linux64 - "Ubuntu 20.04.6 LTS")
2025-10-11 18:45:58,759 - INFO - 
2025-10-11 18:45:58,759 - INFO - CPU model: Intel(R) Xeon(R) Platinum 8260 CPU @ 2.40GHz, instruction set [SSE2|AVX|AVX2|AVX512]
2025-10-11 18:45:58,759 - INFO - Thread count: 48 physical cores, 96 logical processors, using up to 12 threads
2025-10-11 18:45:58,759 - INFO - 
2025-10-11 18:45:58,759 - INFO - Non-default parameters:
2025-10-11 18:45:58,759 - INFO - TimeLimit  3000
2025-10-11 18:45:58,759 - INFO - Method  1
2025-10-11 18:45:58,759 - INFO - Threads  12
2025-10-11 18:45:58,759 - INFO - 
2025-10-11 18:45:58,759 - INFO - Optimize a model with 3892 rows, 1699 columns and 20398 nonzeros
2025-10-11 18:45:58,759 - INFO - Model fingerprint: 0xc9f6297a
2025-10-11 18:45:58,759 - INFO - Variable types: 0 continuous, 1699 integer (1699 binary)
2025-10-11 18:45:58,759 - INFO - Coefficient statistics:
2025-10-11 18:45:58,759 - INFO -   Matrix range     [1e+00, 4e+14]
2025-10-11 18:45:58,759 - INFO -   Objective range  [4e+04, 2e+05]
2025-10-11 18:45:58,759 - INFO -   Bounds range     [1e+00, 1e+00]
2025-10-11 18:45:58,759 - INFO -   RHS range        [1e+00, 1e+15]
2025-10-11 18:45:58,760 - INFO - Warning: Model contains large matrix coefficient range
2025-10-11 18:45:58,760 - INFO - Warning: Model contains large rhs
2025-10-11 18:45:58,760 - INFO -          Consider reformulating model or setting NumericFocus parameter
2025-10-11 18:45:58,760 - INFO -          to avoid numerical issues.
2025-10-11 18:45:58,760 - INFO - Found heuristic solution: objective 5057319.0000
2025-10-11 18:45:58,781 - INFO - Presolve removed 3660 rows and 1490 columns
2025-10-11 18:45:58,781 - INFO - Presolve time: 0.02s
2025-10-11 18:45:58,781 - INFO - Presolved: 232 rows, 209 columns, 1943 nonzeros
2025-10-11 18:45:58,781 - INFO - Variable types: 0 continuous, 209 integer (209 binary)
2025-10-11 18:45:58,782 - INFO - Found heuristic solution: objective 4724535.0000
2025-10-11 18:45:58,783 - INFO - 
2025-10-11 18:45:58,783 - INFO - Root relaxation: objective 4.048673e+06, 114 iterations, 0.00 seconds (0.00 work units)
2025-10-11 18:45:58,786 - INFO - 
2025-10-11 18:45:58,786 - INFO -     Nodes    |    Current Node    |     Objective Bounds      |     Work
2025-10-11 18:45:58,786 - INFO -  Expl Unexpl |  Obj  Depth IntInf | Incumbent    BestBd   Gap | It/Node Time
2025-10-11 18:45:58,786 - INFO - 
2025-10-11 18:45:58,786 - INFO -      0     0 4048673.09    0    8 4724535.00 4048673.09  14.3%     -    0s
2025-10-11 18:45:58,786 - INFO - H    0     0                    4512090.0000 4048673.09  10.3%     -    0s
2025-10-11 18:45:58,786 - INFO - H    0     0                    4358528.0000 4048673.09  7.11%     -    0s
2025-10-11 18:45:58,786 - INFO - H    0     0                    4249387.0000 4048673.09  4.72%     -    0s
2025-10-11 18:45:58,787 - INFO - H    0     0                    4083079.0000 4048673.09  0.84%     -    0s
2025-10-11 18:45:58,798 - INFO -      0     0 4064141.13    0   22 4083079.00 4064141.13  0.46%     -    0s
2025-10-11 18:45:58,805 - INFO - H    0     0                    4081931.0000 4064141.13  0.44%     -    0s
2025-10-11 18:45:58,805 - INFO - 
2025-10-11 18:45:58,805 - INFO - Cutting planes:
2025-10-11 18:45:58,805 - INFO -   Cover: 4
2025-10-11 18:45:58,805 - INFO -   RLT: 6
2025-10-11 18:45:58,806 - INFO - 
2025-10-11 18:45:58,806 - INFO - Explored 1 nodes (145 simplex iterations) in 0.05 seconds (0.03 work units)
2025-10-11 18:45:58,806 - INFO - Thread count was 12 (of 96 available processors)
2025-10-11 18:45:58,806 - INFO - 
2025-10-11 18:45:58,806 - INFO - Solution count 7: 4.08193e+06 4.08308e+06 4.24939e+06 ... 5.05732e+06
2025-10-11 18:45:58,806 - INFO - 
2025-10-11 18:45:58,806 - INFO - Optimal solution found (tolerance 1.00e-04)
2025-10-11 18:45:58,806 - INFO - Best objective 4.081931000000e+06, best bound 4.081931000000e+06, gap 0.0000%
2025-10-11 18:45:58,812 - INFO - 规划前的显存GB：1.0
2025-10-11 18:45:58,812 - INFO - 规划后的显存GB：0.8204293251037598
2025-10-11 18:45:58,812 - INFO - ✅ 最优策略：[True, True, True, True, True, False, True, False, False, False, False, False, False, False, False, False]
2025-10-11 18:45:58,812 - INFO - 📌 checkpoint 的欧氏长度:, [717, 957]
2025-10-11 18:45:58,812 - INFO - 📌 checkpoint 的余弦长度:, [119, 238, 358, 478, 597, 717, 837, 957]
2025-10-11 18:45:58,812 - INFO - 💾 最终显存峰值：%.2f MB % 1780.8826751708984
2025-10-11 18:45:58,813 - INFO - Epoch 2 completed in 3.585225 seconds
2025-10-11 18:45:58,813 - INFO - torch.cuda.max_memory_reserved() : 1.029296875
2025-10-11 18:46:01,825 - INFO - Epoch 3 completed in 3.011333 seconds
2025-10-11 18:46:01,825 - INFO - 
====================== [第1个 Epoch 收集统计数据] ======================
2025-10-11 18:46:01,825 - INFO - 
🔍 EUCLIDEAN modules:
2025-10-11 18:46:01,825 - INFO - [Shapelet 119] forward_avg=0.001792s over 26 calls | peak=72.20MB | final=0.00MB
2025-10-11 18:46:01,825 - INFO - [Shapelet 238] forward_avg=0.001536s over 26 calls | peak=126.95MB | final=0.00MB
2025-10-11 18:46:01,825 - INFO - [Shapelet 358] forward_avg=0.001592s over 26 calls | peak=169.17MB | final=0.00MB
2025-10-11 18:46:01,825 - INFO - [Shapelet 478] forward_avg=0.001663s over 26 calls | peak=193.41MB | final=0.00MB
2025-10-11 18:46:01,825 - INFO - [Shapelet 597] forward_avg=0.001652s over 26 calls | peak=199.65MB | final=0.00MB
2025-10-11 18:46:01,825 - INFO - [Shapelet 717] forward_avg=0.001599s over 26 calls | peak=193.90MB | final=0.00MB
2025-10-11 18:46:01,825 - INFO - [Shapelet 837] forward_avg=0.001519s over 26 calls | peak=170.03MB | final=0.00MB
2025-10-11 18:46:01,825 - INFO - [Shapelet 957] forward_avg=0.001508s over 26 calls | peak=129.44MB | final=0.00MB
2025-10-11 18:46:01,825 - INFO - 
🔍 COSINE modules:
2025-10-11 18:46:01,825 - INFO - [Shapelet 119] forward_avg=0.001966s over 26 calls | peak=47.22MB | final=0.00MB
2025-10-11 18:46:01,825 - INFO - [Shapelet 238] forward_avg=0.001849s over 26 calls | peak=83.85MB | final=0.00MB
2025-10-11 18:46:01,825 - INFO - [Shapelet 358] forward_avg=0.001869s over 26 calls | peak=112.15MB | final=0.00MB
2025-10-11 18:46:01,825 - INFO - [Shapelet 478] forward_avg=0.001863s over 26 calls | peak=128.13MB | final=0.00MB
2025-10-11 18:46:01,825 - INFO - [Shapelet 597] forward_avg=0.001899s over 26 calls | peak=132.11MB | final=0.00MB
2025-10-11 18:46:01,825 - INFO - [Shapelet 717] forward_avg=0.001862s over 26 calls | peak=128.09MB | final=0.00MB
2025-10-11 18:46:01,825 - INFO - [Shapelet 837] forward_avg=0.001848s over 26 calls | peak=112.07MB | final=0.00MB
2025-10-11 18:46:01,825 - INFO - [Shapelet 957] forward_avg=0.001846s over 26 calls | peak=84.51MB | final=0.00MB
2025-10-11 18:46:01,826 - INFO - 
🔍 CROSS modules:
2025-10-11 18:46:01,826 - INFO - [Shapelet 119] forward_avg=0.000441s over 26 calls
2025-10-11 18:46:01,826 - INFO - [Shapelet 238] forward_avg=0.000417s over 26 calls
2025-10-11 18:46:01,826 - INFO - [Shapelet 358] forward_avg=0.000410s over 26 calls
2025-10-11 18:46:01,826 - INFO - [Shapelet 478] forward_avg=0.000437s over 26 calls
2025-10-11 18:46:01,826 - INFO - [Shapelet 597] forward_avg=0.000467s over 26 calls
2025-10-11 18:46:01,826 - INFO - [Shapelet 717] forward_avg=0.000504s over 26 calls
2025-10-11 18:46:01,826 - INFO - [Shapelet 837] forward_avg=0.000546s over 26 calls
2025-10-11 18:46:01,826 - INFO - [Shapelet 957] forward_avg=0.000581s over 26 calls
2025-10-11 18:46:01,826 - INFO - 
💾 模型第一次反向传播阶段的显存峰值（所有模块中的最大值）: 853.88 MB
2025-10-11 18:46:01,826 - INFO - 
💾 模型初始显存: 5.08 MB
2025-10-11 18:46:01,826 - INFO - =======================================================================

2025-10-11 18:46:01,826 - INFO - torch.cuda.max_memory_reserved() : 1.033203125
2025-10-11 18:46:04,801 - INFO - Epoch 4 completed in 2.974510 seconds
2025-10-11 18:46:04,801 - INFO - torch.cuda.max_memory_reserved() : 1.033203125
2025-10-11 18:46:07,825 - INFO - Epoch 5 completed in 3.023041 seconds
2025-10-11 18:46:07,825 - INFO - torch.cuda.max_memory_reserved() : 1.033203125
2025-10-11 18:46:10,884 - INFO - Epoch 6 completed in 3.057926 seconds
2025-10-11 18:46:10,885 - INFO - torch.cuda.max_memory_reserved() : 1.033203125
2025-10-11 18:46:13,937 - INFO - Epoch 7 completed in 3.051182 seconds
2025-10-11 18:46:13,938 - INFO - torch.cuda.max_memory_reserved() : 1.033203125
2025-10-11 18:46:16,940 - INFO - Epoch 8 completed in 3.001582 seconds
2025-10-11 18:46:16,940 - INFO - torch.cuda.max_memory_reserved() : 1.033203125
2025-10-11 18:46:19,986 - INFO - Epoch 9 completed in 3.044880 seconds
2025-10-11 18:46:19,986 - INFO - torch.cuda.max_memory_reserved() : 1.033203125
2025-10-11 18:46:23,168 - INFO - Epoch 10 completed in 3.180987 seconds
2025-10-11 18:46:23,802 - INFO - torch.cuda.max_memory_reserved() : 1.033203125
2025-10-11 18:46:23,803 - INFO - !!!采用策略后的几个epoch 平均时间:3.0431803464889526
2025-10-11 18:46:23,803 - INFO - 



