2025-10-11 19:01:24,425 - INFO - 📌 第一个 epoch：默认所有模块使用 checkpoint
2025-10-11 19:01:31,715 - INFO - Epoch 1 completed in 7.303507 seconds
2025-10-11 19:01:33,977 - INFO - torch.cuda.max_memory_reserved() : 11.17578125
2025-10-11 19:01:40,683 - INFO - 
[🔁 拟合反向传播时间模型]
2025-10-11 19:01:40,684 - INFO - 总反向传播时间: 6.667494s
2025-10-11 19:01:40,684 - INFO - 拟合模型: backward_total ≈ 2 × (A + B) + b
2025-10-11 19:01:40,684 - INFO - A = 5.319123, B = 0.465047, b = 0.883324s
2025-10-11 19:01:40,711 - INFO - Set parameter LicenseID to value 2706656
2025-10-11 19:01:40,717 - INFO - Set parameter LogToConsole to value 1
2025-10-11 19:01:40,717 - INFO - Set parameter LogFile to value ""
2025-10-11 19:01:40,717 - INFO - Set parameter Threads to value 12
2025-10-11 19:01:40,717 - INFO - Set parameter TimeLimit to value 3600
2025-10-11 19:01:40,717 - INFO - Set parameter Method to value 1
2025-10-11 19:01:40,769 - INFO - Set parameter TimeLimit to value 3000
2025-10-11 19:01:40,770 - INFO - Gurobi Optimizer version 12.0.3 build v12.0.3rc0 (linux64 - "Ubuntu 20.04.6 LTS")
2025-10-11 19:01:40,770 - INFO - 
2025-10-11 19:01:40,770 - INFO - CPU model: Intel(R) Xeon(R) Platinum 8260 CPU @ 2.40GHz, instruction set [SSE2|AVX|AVX2|AVX512]
2025-10-11 19:01:40,770 - INFO - Thread count: 48 physical cores, 96 logical processors, using up to 12 threads
2025-10-11 19:01:40,770 - INFO - 
2025-10-11 19:01:40,770 - INFO - Non-default parameters:
2025-10-11 19:01:40,770 - INFO - TimeLimit  3000
2025-10-11 19:01:40,770 - INFO - Method  1
2025-10-11 19:01:40,770 - INFO - Threads  12
2025-10-11 19:01:40,771 - INFO - 
2025-10-11 19:01:40,771 - INFO - Optimize a model with 3892 rows, 1699 columns and 20398 nonzeros
2025-10-11 19:01:40,771 - INFO - Model fingerprint: 0xeb58e6a0
2025-10-11 19:01:40,771 - INFO - Variable types: 0 continuous, 1699 integer (1699 binary)
2025-10-11 19:01:40,771 - INFO - Coefficient statistics:
2025-10-11 19:01:40,771 - INFO -   Matrix range     [1e+00, 5e+15]
2025-10-11 19:01:40,771 - INFO -   Objective range  [1e+05, 1e+06]
2025-10-11 19:01:40,771 - INFO -   Bounds range     [1e+00, 1e+00]
2025-10-11 19:01:40,771 - INFO -   RHS range        [1e+00, 1e+16]
2025-10-11 19:01:40,771 - INFO - Warning: Model contains large matrix coefficient range
2025-10-11 19:01:40,771 - INFO - Warning: Model contains large rhs
2025-10-11 19:01:40,771 - INFO -          Consider reformulating model or setting NumericFocus parameter
2025-10-11 19:01:40,771 - INFO -          to avoid numerical issues.
2025-10-11 19:01:40,772 - INFO - Found heuristic solution: objective 3.466408e+07
2025-10-11 19:01:40,790 - INFO - Presolve removed 3730 rows and 1546 columns
2025-10-11 19:01:40,790 - INFO - Presolve time: 0.02s
2025-10-11 19:01:40,790 - INFO - Presolved: 162 rows, 153 columns, 1045 nonzeros
2025-10-11 19:01:40,790 - INFO - Variable types: 0 continuous, 153 integer (153 binary)
2025-10-11 19:01:40,791 - INFO - Found heuristic solution: objective 3.289809e+07
2025-10-11 19:01:40,791 - INFO - 
2025-10-11 19:01:40,791 - INFO - Root relaxation: objective 2.867176e+07, 75 iterations, 0.00 seconds (0.00 work units)
2025-10-11 19:01:40,793 - INFO - 
2025-10-11 19:01:40,793 - INFO -     Nodes    |    Current Node    |     Objective Bounds      |     Work
2025-10-11 19:01:40,793 - INFO -  Expl Unexpl |  Obj  Depth IntInf | Incumbent    BestBd   Gap | It/Node Time
2025-10-11 19:01:40,793 - INFO - 
2025-10-11 19:01:40,793 - INFO -      0     0 2.8672e+07    0    5 3.2898e+07 2.8672e+07  12.8%     -    0s
2025-10-11 19:01:40,793 - INFO - H    0     0                    2.996725e+07 2.8672e+07  4.32%     -    0s
2025-10-11 19:01:40,793 - INFO - H    0     0                    2.873005e+07 2.8672e+07  0.20%     -    0s
2025-10-11 19:01:40,799 - INFO - 
2025-10-11 19:01:40,799 - INFO - Cutting planes:
2025-10-11 19:01:40,799 - INFO -   RLT: 1
2025-10-11 19:01:40,799 - INFO - 
2025-10-11 19:01:40,799 - INFO - Explored 1 nodes (93 simplex iterations) in 0.03 seconds (0.03 work units)
2025-10-11 19:01:40,799 - INFO - Thread count was 12 (of 96 available processors)
2025-10-11 19:01:40,800 - INFO - 
2025-10-11 19:01:40,800 - INFO - Solution count 4: 2.87301e+07 2.99673e+07 3.28981e+07 3.46641e+07 
2025-10-11 19:01:40,800 - INFO - 
2025-10-11 19:01:40,800 - INFO - Optimal solution found (tolerance 1.00e-04)
2025-10-11 19:01:40,800 - INFO - Best objective 2.873005200000e+07, best bound 2.873005200000e+07, gap 0.0000%
2025-10-11 19:01:40,806 - INFO - 规划前的显存GB：10.0
2025-10-11 19:01:40,806 - INFO - 规划后的显存GB：7.939661979675293
2025-10-11 19:01:40,806 - INFO - ✅ 最优策略：[True, True, True, True, True, False, False, False, False, True, False, False, False, False, False, False]
2025-10-11 19:01:40,806 - INFO - 📌 checkpoint 的欧氏长度:, [162, 189, 216]
2025-10-11 19:01:40,806 - INFO - 📌 checkpoint 的余弦长度:, [27, 81, 108, 135, 162, 189, 216]
2025-10-11 19:01:40,806 - INFO - 💾 最终显存峰值：%.2f MB % 22255.649505615234
2025-10-11 19:01:40,812 - INFO - Epoch 2 completed in 6.833812 seconds
2025-10-11 19:01:40,812 - INFO - torch.cuda.max_memory_reserved() : 11.17578125
2025-10-11 19:01:46,748 - INFO - Epoch 3 completed in 5.935959 seconds
2025-10-11 19:01:46,749 - INFO - 
====================== [第1个 Epoch 收集统计数据] ======================
2025-10-11 19:01:46,749 - INFO - 
🔍 EUCLIDEAN modules:
2025-10-11 19:01:46,749 - INFO - [Shapelet  27] forward_avg=0.007911s over 12 calls | peak=866.77MB | final=0.00MB
2025-10-11 19:01:46,749 - INFO - [Shapelet  54] forward_avg=0.009749s over 12 calls | peak=1508.45MB | final=0.00MB
2025-10-11 19:01:46,749 - INFO - [Shapelet  81] forward_avg=0.012604s over 12 calls | peak=1972.67MB | final=0.00MB
2025-10-11 19:01:46,749 - INFO - [Shapelet 108] forward_avg=0.014177s over 12 calls | peak=2253.60MB | final=0.00MB
2025-10-11 19:01:46,749 - INFO - [Shapelet 135] forward_avg=0.014900s over 12 calls | peak=2357.04MB | final=0.00MB
2025-10-11 19:01:46,749 - INFO - [Shapelet 162] forward_avg=0.013108s over 12 calls | peak=2280.04MB | final=0.00MB
2025-10-11 19:01:46,749 - INFO - [Shapelet 189] forward_avg=0.011982s over 12 calls | peak=2023.78MB | final=0.00MB
2025-10-11 19:01:46,749 - INFO - [Shapelet 216] forward_avg=0.010639s over 12 calls | peak=1588.90MB | final=0.00MB
2025-10-11 19:01:46,749 - INFO - 
🔍 COSINE modules:
2025-10-11 19:01:46,749 - INFO - [Shapelet  27] forward_avg=0.003560s over 12 calls | peak=550.84MB | final=0.00MB
2025-10-11 19:01:46,749 - INFO - [Shapelet  54] forward_avg=0.005359s over 12 calls | peak=970.87MB | final=0.00MB
2025-10-11 19:01:46,749 - INFO - [Shapelet  81] forward_avg=0.006799s over 12 calls | peak=1271.50MB | final=0.00MB
2025-10-11 19:01:46,749 - INFO - [Shapelet 108] forward_avg=0.008057s over 12 calls | peak=1451.84MB | final=0.00MB
2025-10-11 19:01:46,749 - INFO - [Shapelet 135] forward_avg=0.008529s over 12 calls | peak=1513.58MB | final=0.00MB
2025-10-11 19:01:46,749 - INFO - [Shapelet 162] forward_avg=0.007166s over 12 calls | peak=1454.06MB | final=0.00MB
2025-10-11 19:01:46,749 - INFO - [Shapelet 189] forward_avg=0.006825s over 12 calls | peak=1275.63MB | final=0.00MB
2025-10-11 19:01:46,749 - INFO - [Shapelet 216] forward_avg=0.006389s over 12 calls | peak=977.89MB | final=0.00MB
2025-10-11 19:01:46,749 - INFO - 
🔍 CROSS modules:
2025-10-11 19:01:46,749 - INFO - [Shapelet  27] forward_avg=0.001200s over 12 calls
2025-10-11 19:01:46,749 - INFO - [Shapelet  54] forward_avg=0.001805s over 12 calls
2025-10-11 19:01:46,749 - INFO - [Shapelet  81] forward_avg=0.002456s over 12 calls
2025-10-11 19:01:46,749 - INFO - [Shapelet 108] forward_avg=0.002903s over 12 calls
2025-10-11 19:01:46,749 - INFO - [Shapelet 135] forward_avg=0.002201s over 12 calls
2025-10-11 19:01:46,749 - INFO - [Shapelet 162] forward_avg=0.002576s over 12 calls
2025-10-11 19:01:46,750 - INFO - [Shapelet 189] forward_avg=0.002934s over 12 calls
2025-10-11 19:01:46,750 - INFO - [Shapelet 216] forward_avg=0.003302s over 12 calls
2025-10-11 19:01:46,750 - INFO - 
💾 模型第一次反向传播阶段的显存峰值（所有模块中的最大值）: 11134.44 MB
2025-10-11 19:01:46,750 - INFO - 
💾 模型初始显存: 237.80 MB
2025-10-11 19:01:46,750 - INFO - =======================================================================

2025-10-11 19:01:46,750 - INFO - torch.cuda.max_memory_reserved() : 13.4375
2025-10-11 19:01:52,335 - INFO - Epoch 4 completed in 5.584616 seconds
2025-10-11 19:01:52,335 - INFO - torch.cuda.max_memory_reserved() : 13.4375
2025-10-11 19:01:58,430 - INFO - Epoch 5 completed in 6.094276 seconds
2025-10-11 19:01:58,431 - INFO - torch.cuda.max_memory_reserved() : 13.4375
2025-10-11 19:02:04,211 - INFO - Epoch 6 completed in 5.779243 seconds
2025-10-11 19:02:04,211 - INFO - torch.cuda.max_memory_reserved() : 13.4375
2025-10-11 19:02:10,139 - INFO - Epoch 7 completed in 5.927896 seconds
2025-10-11 19:02:10,140 - INFO - torch.cuda.max_memory_reserved() : 13.4375
2025-10-11 19:02:16,071 - INFO - Epoch 8 completed in 5.930229 seconds
2025-10-11 19:02:16,071 - INFO - torch.cuda.max_memory_reserved() : 13.4375
2025-10-11 19:02:21,718 - INFO - Epoch 9 completed in 5.645782 seconds
2025-10-11 19:02:21,718 - INFO - torch.cuda.max_memory_reserved() : 13.4375
2025-10-11 19:02:27,686 - INFO - Epoch 10 completed in 5.967206 seconds
2025-10-11 19:02:29,919 - INFO - torch.cuda.max_memory_reserved() : 13.4375
2025-10-11 19:02:29,919 - INFO - !!!采用策略后的几个epoch 平均时间:5.858150810003281
2025-10-11 19:02:29,920 - INFO - 



