2025-10-11 19:06:20,741 - INFO - 📌 第一个 epoch：默认所有模块使用 checkpoint
2025-10-11 19:06:28,059 - INFO - Epoch 1 completed in 7.328379 seconds
2025-10-11 19:06:30,332 - INFO - torch.cuda.max_memory_reserved() : 11.17578125
2025-10-11 19:06:37,069 - INFO - 
[🔁 拟合反向传播时间模型]
2025-10-11 19:06:37,070 - INFO - 总反向传播时间: 6.698799s
2025-10-11 19:06:37,070 - INFO - 拟合模型: backward_total ≈ 2 × (A + B) + b
2025-10-11 19:06:37,070 - INFO - A = 5.326786, B = 0.464938, b = 0.907075s
2025-10-11 19:06:37,114 - INFO - Set parameter LicenseID to value 2706656
2025-10-11 19:06:37,143 - INFO - Set parameter LogToConsole to value 1
2025-10-11 19:06:37,143 - INFO - Set parameter LogFile to value ""
2025-10-11 19:06:37,143 - INFO - Set parameter Threads to value 12
2025-10-11 19:06:37,143 - INFO - Set parameter TimeLimit to value 3600
2025-10-11 19:06:37,144 - INFO - Set parameter Method to value 1
2025-10-11 19:06:37,202 - INFO - Set parameter TimeLimit to value 3000
2025-10-11 19:06:37,203 - INFO - Gurobi Optimizer version 12.0.3 build v12.0.3rc0 (linux64 - "Ubuntu 20.04.6 LTS")
2025-10-11 19:06:37,203 - INFO - 
2025-10-11 19:06:37,204 - INFO - CPU model: Intel(R) Xeon(R) Platinum 8260 CPU @ 2.40GHz, instruction set [SSE2|AVX|AVX2|AVX512]
2025-10-11 19:06:37,204 - INFO - Thread count: 48 physical cores, 96 logical processors, using up to 12 threads
2025-10-11 19:06:37,204 - INFO - 
2025-10-11 19:06:37,204 - INFO - Non-default parameters:
2025-10-11 19:06:37,204 - INFO - TimeLimit  3000
2025-10-11 19:06:37,204 - INFO - Method  1
2025-10-11 19:06:37,204 - INFO - Threads  12
2025-10-11 19:06:37,204 - INFO - 
2025-10-11 19:06:37,204 - INFO - Optimize a model with 3892 rows, 1699 columns and 20398 nonzeros
2025-10-11 19:06:37,204 - INFO - Model fingerprint: 0x83aeec6a
2025-10-11 19:06:37,204 - INFO - Variable types: 0 continuous, 1699 integer (1699 binary)
2025-10-11 19:06:37,204 - INFO - Coefficient statistics:
2025-10-11 19:06:37,204 - INFO -   Matrix range     [1e+00, 5e+15]
2025-10-11 19:06:37,204 - INFO -   Objective range  [1e+05, 2e+06]
2025-10-11 19:06:37,204 - INFO -   Bounds range     [1e+00, 1e+00]
2025-10-11 19:06:37,204 - INFO -   RHS range        [1e+00, 2e+16]
2025-10-11 19:06:37,204 - INFO - Warning: Model contains large matrix coefficient range
2025-10-11 19:06:37,204 - INFO - Warning: Model contains large rhs
2025-10-11 19:06:37,205 - INFO -          Consider reformulating model or setting NumericFocus parameter
2025-10-11 19:06:37,205 - INFO -          to avoid numerical issues.
2025-10-11 19:06:37,205 - INFO - Found heuristic solution: objective 3.473490e+07
2025-10-11 19:06:37,221 - INFO - Presolve removed 3700 rows and 1517 columns
2025-10-11 19:06:37,221 - INFO - Presolve time: 0.02s
2025-10-11 19:06:37,221 - INFO - Presolved: 192 rows, 182 columns, 1682 nonzeros
2025-10-11 19:06:37,221 - INFO - Variable types: 0 continuous, 182 integer (182 binary)
2025-10-11 19:06:37,221 - INFO - Found heuristic solution: objective 3.394052e+07
2025-10-11 19:06:37,222 - INFO - 
2025-10-11 19:06:37,222 - INFO - Root relaxation: objective 2.465494e+07, 81 iterations, 0.00 seconds (0.00 work units)
2025-10-11 19:06:37,224 - INFO - 
2025-10-11 19:06:37,224 - INFO -     Nodes    |    Current Node    |     Objective Bounds      |     Work
2025-10-11 19:06:37,224 - INFO -  Expl Unexpl |  Obj  Depth IntInf | Incumbent    BestBd   Gap | It/Node Time
2025-10-11 19:06:37,224 - INFO - 
2025-10-11 19:06:37,224 - INFO -      0     0 2.4655e+07    0    7 3.3941e+07 2.4655e+07  27.4%     -    0s
2025-10-11 19:06:37,225 - INFO - H    0     0                    3.191389e+07 2.4655e+07  22.7%     -    0s
2025-10-11 19:06:37,225 - INFO - H    0     0                    2.469351e+07 2.4655e+07  0.16%     -    0s
2025-10-11 19:06:37,233 - INFO - 
2025-10-11 19:06:37,233 - INFO - Cutting planes:
2025-10-11 19:06:37,233 - INFO -   Cover: 3
2025-10-11 19:06:37,233 - INFO -   RLT: 3
2025-10-11 19:06:37,234 - INFO - 
2025-10-11 19:06:37,234 - INFO - Explored 1 nodes (118 simplex iterations) in 0.03 seconds (0.02 work units)
2025-10-11 19:06:37,234 - INFO - Thread count was 12 (of 96 available processors)
2025-10-11 19:06:37,234 - INFO - 
2025-10-11 19:06:37,234 - INFO - Solution count 4: 2.46935e+07 3.19139e+07 3.39405e+07 3.47349e+07 
2025-10-11 19:06:37,234 - INFO - 
2025-10-11 19:06:37,234 - INFO - Optimal solution found (tolerance 1.00e-04)
2025-10-11 19:06:37,234 - INFO - Best objective 2.469351300000e+07, best bound 2.469351300000e+07, gap 0.0000%
2025-10-11 19:06:37,241 - INFO - 规划前的显存GB：18.0
2025-10-11 19:06:37,241 - INFO - 规划后的显存GB：16.63826084136963
2025-10-11 19:06:37,241 - INFO - ✅ 最优策略：[True, True, True, True, True, True, True, True, False, True, True, False, False, False, False, True]
2025-10-11 19:06:37,241 - INFO - 📌 checkpoint 的欧氏长度:, []
2025-10-11 19:06:37,241 - INFO - 📌 checkpoint 的余弦长度:, [27, 108, 135, 162, 189]
2025-10-11 19:06:37,241 - INFO - 💾 最终显存峰值：%.2f MB % 22255.649505615234
2025-10-11 19:06:37,246 - INFO - Epoch 2 completed in 6.913363 seconds
2025-10-11 19:06:37,246 - INFO - torch.cuda.max_memory_reserved() : 11.17578125
2025-10-11 19:06:42,616 - INFO - Epoch 3 completed in 5.369420 seconds
2025-10-11 19:06:42,617 - INFO - 
====================== [第1个 Epoch 收集统计数据] ======================
2025-10-11 19:06:42,617 - INFO - 
🔍 EUCLIDEAN modules:
2025-10-11 19:06:42,617 - INFO - [Shapelet  27] forward_avg=0.007944s over 12 calls | peak=866.77MB | final=0.00MB
2025-10-11 19:06:42,617 - INFO - [Shapelet  54] forward_avg=0.009943s over 12 calls | peak=1508.45MB | final=0.00MB
2025-10-11 19:06:42,617 - INFO - [Shapelet  81] forward_avg=0.012713s over 12 calls | peak=1972.67MB | final=0.00MB
2025-10-11 19:06:42,617 - INFO - [Shapelet 108] forward_avg=0.014217s over 12 calls | peak=2253.60MB | final=0.00MB
2025-10-11 19:06:42,617 - INFO - [Shapelet 135] forward_avg=0.015119s over 12 calls | peak=2357.04MB | final=0.00MB
2025-10-11 19:06:42,617 - INFO - [Shapelet 162] forward_avg=0.012965s over 12 calls | peak=2280.04MB | final=0.00MB
2025-10-11 19:06:42,617 - INFO - [Shapelet 189] forward_avg=0.011835s over 12 calls | peak=2023.78MB | final=0.00MB
2025-10-11 19:06:42,617 - INFO - [Shapelet 216] forward_avg=0.010576s over 12 calls | peak=1588.90MB | final=0.00MB
2025-10-11 19:06:42,617 - INFO - 
🔍 COSINE modules:
2025-10-11 19:06:42,617 - INFO - [Shapelet  27] forward_avg=0.003521s over 12 calls | peak=550.84MB | final=0.00MB
2025-10-11 19:06:42,617 - INFO - [Shapelet  54] forward_avg=0.005348s over 12 calls | peak=970.87MB | final=0.00MB
2025-10-11 19:06:42,617 - INFO - [Shapelet  81] forward_avg=0.006787s over 12 calls | peak=1271.50MB | final=0.00MB
2025-10-11 19:06:42,617 - INFO - [Shapelet 108] forward_avg=0.008014s over 12 calls | peak=1451.84MB | final=0.00MB
2025-10-11 19:06:42,617 - INFO - [Shapelet 135] forward_avg=0.008465s over 12 calls | peak=1513.58MB | final=0.00MB
2025-10-11 19:06:42,617 - INFO - [Shapelet 162] forward_avg=0.007162s over 12 calls | peak=1454.06MB | final=0.00MB
2025-10-11 19:06:42,618 - INFO - [Shapelet 189] forward_avg=0.006813s over 12 calls | peak=1275.63MB | final=0.00MB
2025-10-11 19:06:42,618 - INFO - [Shapelet 216] forward_avg=0.006545s over 12 calls | peak=977.89MB | final=0.00MB
2025-10-11 19:06:42,618 - INFO - 
🔍 CROSS modules:
2025-10-11 19:06:42,618 - INFO - [Shapelet  27] forward_avg=0.001214s over 12 calls
2025-10-11 19:06:42,618 - INFO - [Shapelet  54] forward_avg=0.001804s over 12 calls
2025-10-11 19:06:42,618 - INFO - [Shapelet  81] forward_avg=0.002450s over 12 calls
2025-10-11 19:06:42,618 - INFO - [Shapelet 108] forward_avg=0.002893s over 12 calls
2025-10-11 19:06:42,618 - INFO - [Shapelet 135] forward_avg=0.002205s over 12 calls
2025-10-11 19:06:42,618 - INFO - [Shapelet 162] forward_avg=0.002571s over 12 calls
2025-10-11 19:06:42,618 - INFO - [Shapelet 189] forward_avg=0.002936s over 12 calls
2025-10-11 19:06:42,618 - INFO - [Shapelet 216] forward_avg=0.003300s over 12 calls
2025-10-11 19:06:42,618 - INFO - 
💾 模型第一次反向传播阶段的显存峰值（所有模块中的最大值）: 14400.92 MB
2025-10-11 19:06:42,618 - INFO - 
💾 模型初始显存: 237.80 MB
2025-10-11 19:06:42,618 - INFO - =======================================================================

2025-10-11 19:06:42,618 - INFO - torch.cuda.max_memory_reserved() : 17.982421875
2025-10-11 19:06:47,672 - INFO - Epoch 4 completed in 5.053095 seconds
2025-10-11 19:06:47,672 - INFO - torch.cuda.max_memory_reserved() : 17.982421875
2025-10-11 19:06:53,012 - INFO - Epoch 5 completed in 5.339116 seconds
2025-10-11 19:06:53,013 - INFO - torch.cuda.max_memory_reserved() : 17.982421875
2025-10-11 19:06:58,222 - INFO - Epoch 6 completed in 5.208884 seconds
2025-10-11 19:06:58,223 - INFO - torch.cuda.max_memory_reserved() : 17.982421875
2025-10-11 19:07:03,493 - INFO - Epoch 7 completed in 5.269339 seconds
2025-10-11 19:07:03,493 - INFO - torch.cuda.max_memory_reserved() : 17.982421875
2025-10-11 19:07:08,670 - INFO - Epoch 8 completed in 5.176965 seconds
2025-10-11 19:07:08,671 - INFO - torch.cuda.max_memory_reserved() : 17.982421875
2025-10-11 19:07:13,738 - INFO - Epoch 9 completed in 5.066640 seconds
2025-10-11 19:07:13,739 - INFO - torch.cuda.max_memory_reserved() : 17.982421875
2025-10-11 19:07:19,207 - INFO - Epoch 10 completed in 5.468175 seconds
2025-10-11 19:07:21,417 - INFO - torch.cuda.max_memory_reserved() : 17.982421875
2025-10-11 19:07:21,417 - INFO - !!!采用策略后的几个epoch 平均时间:5.24395415186882
2025-10-11 19:07:21,417 - INFO - 



