2025-10-11 18:49:39,632 - INFO - 📌 第一个 epoch：默认所有模块使用 checkpoint
2025-10-11 18:49:53,886 - INFO - Epoch 1 completed in 14.268663 seconds
2025-10-11 18:49:57,132 - INFO - torch.cuda.max_memory_reserved() : 2.0546875
2025-10-11 18:50:10,989 - INFO - 
[🔁 拟合反向传播时间模型]
2025-10-11 18:50:10,989 - INFO - 总反向传播时间: 13.747565s
2025-10-11 18:50:10,989 - INFO - 拟合模型: backward_total ≈ 2 × (A + B) + b
2025-10-11 18:50:10,989 - INFO - A = 8.413962, B = 0.757411, b = 4.576192s
2025-10-11 18:50:11,033 - INFO - Set parameter LicenseID to value 2706656
2025-10-11 18:50:11,038 - INFO - Set parameter LogToConsole to value 1
2025-10-11 18:50:11,038 - INFO - Set parameter LogFile to value ""
2025-10-11 18:50:11,038 - INFO - Set parameter Threads to value 12
2025-10-11 18:50:11,038 - INFO - Set parameter TimeLimit to value 3600
2025-10-11 18:50:11,038 - INFO - Set parameter Method to value 1
2025-10-11 18:50:11,217 - INFO - Set parameter TimeLimit to value 3000
2025-10-11 18:50:11,218 - INFO - Gurobi Optimizer version 12.0.3 build v12.0.3rc0 (linux64 - "Ubuntu 20.04.6 LTS")
2025-10-11 18:50:11,218 - INFO - 
2025-10-11 18:50:11,219 - INFO - CPU model: Intel(R) Xeon(R) Platinum 8260 CPU @ 2.40GHz, instruction set [SSE2|AVX|AVX2|AVX512]
2025-10-11 18:50:11,219 - INFO - Thread count: 48 physical cores, 96 logical processors, using up to 12 threads
2025-10-11 18:50:11,219 - INFO - 
2025-10-11 18:50:11,219 - INFO - Non-default parameters:
2025-10-11 18:50:11,219 - INFO - TimeLimit  3000
2025-10-11 18:50:11,219 - INFO - Method  1
2025-10-11 18:50:11,219 - INFO - Threads  12
2025-10-11 18:50:11,219 - INFO - 
2025-10-11 18:50:11,219 - INFO - Optimize a model with 3892 rows, 1699 columns and 20398 nonzeros
2025-10-11 18:50:11,219 - INFO - Model fingerprint: 0xc8f64351
2025-10-11 18:50:11,219 - INFO - Variable types: 0 continuous, 1699 integer (1699 binary)
2025-10-11 18:50:11,219 - INFO - Coefficient statistics:
2025-10-11 18:50:11,219 - INFO -   Matrix range     [1e+00, 1e+15]
2025-10-11 18:50:11,219 - INFO -   Objective range  [5e+04, 4e+05]
2025-10-11 18:50:11,219 - INFO -   Bounds range     [1e+00, 1e+00]
2025-10-11 18:50:11,219 - INFO -   RHS range        [1e+00, 2e+15]
2025-10-11 18:50:11,219 - INFO - Warning: Model contains large matrix coefficient range
2025-10-11 18:50:11,219 - INFO - Warning: Model contains large rhs
2025-10-11 18:50:11,219 - INFO -          Consider reformulating model or setting NumericFocus parameter
2025-10-11 18:50:11,219 - INFO -          to avoid numerical issues.
2025-10-11 18:50:11,220 - INFO - Found heuristic solution: objective 9415684.0000
2025-10-11 18:50:11,229 - INFO - Presolve removed 3892 rows and 1699 columns
2025-10-11 18:50:11,229 - INFO - Presolve time: 0.01s
2025-10-11 18:50:11,229 - INFO - Presolve: All rows and columns removed
2025-10-11 18:50:11,229 - INFO - 
2025-10-11 18:50:11,229 - INFO - Explored 0 nodes (0 simplex iterations) in 0.01 seconds (0.01 work units)
2025-10-11 18:50:11,230 - INFO - Thread count was 1 (of 96 available processors)
2025-10-11 18:50:11,230 - INFO - 
2025-10-11 18:50:11,230 - INFO - Solution count 2: 8.24638e+06 9.41568e+06 
2025-10-11 18:50:11,230 - INFO - 
2025-10-11 18:50:11,230 - INFO - Optimal solution found (tolerance 1.00e-04)
2025-10-11 18:50:11,230 - INFO - Best objective 8.246377000000e+06, best bound 8.246377000000e+06, gap 0.0000%
2025-10-11 18:50:11,235 - INFO - 规划前的显存GB：2.0
2025-10-11 18:50:11,235 - INFO - 规划后的显存GB：1.0899152755737305
2025-10-11 18:50:11,235 - INFO - ✅ 最优策略：[True, True, True, True, False, False, False, False, False, False, False, False, False, False, False, False]
2025-10-11 18:50:11,236 - INFO - 📌 checkpoint 的欧氏长度:, [71, 86, 100, 115]
2025-10-11 18:50:11,236 - INFO - 📌 checkpoint 的余弦长度:, [14, 28, 42, 57, 71, 86, 100, 115]
2025-10-11 18:50:11,236 - INFO - 💾 最终显存峰值：%.2f MB % 4169.022087097168
2025-10-11 18:50:11,246 - INFO - Epoch 2 completed in 14.113875 seconds
2025-10-11 18:50:11,246 - INFO - torch.cuda.max_memory_reserved() : 2.0546875
2025-10-11 18:50:24,303 - INFO - Epoch 3 completed in 13.056009 seconds
2025-10-11 18:50:24,303 - INFO - 
====================== [第1个 Epoch 收集统计数据] ======================
2025-10-11 18:50:24,303 - INFO - 
🔍 EUCLIDEAN modules:
2025-10-11 18:50:24,303 - INFO - [Shapelet  14] forward_avg=0.002392s over 66 calls | peak=183.81MB | final=0.00MB
2025-10-11 18:50:24,303 - INFO - [Shapelet  28] forward_avg=0.002723s over 66 calls | peak=315.73MB | final=0.00MB
2025-10-11 18:50:24,303 - INFO - [Shapelet  42] forward_avg=0.003181s over 66 calls | peak=412.87MB | final=0.00MB
2025-10-11 18:50:24,303 - INFO - [Shapelet  57] forward_avg=0.003397s over 66 calls | peak=476.30MB | final=0.00MB
2025-10-11 18:50:24,303 - INFO - [Shapelet  71] forward_avg=0.003509s over 66 calls | peak=499.81MB | final=0.00MB
2025-10-11 18:50:24,303 - INFO - [Shapelet  86] forward_avg=0.003459s over 66 calls | peak=487.91MB | final=0.00MB
2025-10-11 18:50:24,303 - INFO - [Shapelet 100] forward_avg=0.003473s over 66 calls | peak=441.43MB | final=0.00MB
2025-10-11 18:50:24,303 - INFO - [Shapelet 115] forward_avg=0.003176s over 66 calls | peak=352.40MB | final=0.00MB
2025-10-11 18:50:24,303 - INFO - 
🔍 COSINE modules:
2025-10-11 18:50:24,304 - INFO - [Shapelet  14] forward_avg=0.002120s over 66 calls | peak=111.85MB | final=0.00MB
2025-10-11 18:50:24,304 - INFO - [Shapelet  28] forward_avg=0.001921s over 66 calls | peak=195.99MB | final=0.00MB
2025-10-11 18:50:24,304 - INFO - [Shapelet  42] forward_avg=0.001919s over 66 calls | peak=259.03MB | final=0.00MB
2025-10-11 18:50:24,304 - INFO - [Shapelet  57] forward_avg=0.002029s over 66 calls | peak=298.59MB | final=0.00MB
2025-10-11 18:50:24,304 - INFO - [Shapelet  71] forward_avg=0.002162s over 66 calls | peak=310.99MB | final=0.00MB
2025-10-11 18:50:24,304 - INFO - [Shapelet  86] forward_avg=0.002264s over 66 calls | peak=299.97MB | final=0.00MB
2025-10-11 18:50:24,304 - INFO - [Shapelet 100] forward_avg=0.002355s over 66 calls | peak=265.82MB | final=0.00MB
2025-10-11 18:50:24,304 - INFO - [Shapelet 115] forward_avg=0.002414s over 66 calls | peak=203.66MB | final=0.00MB
2025-10-11 18:50:24,304 - INFO - 
🔍 CROSS modules:
2025-10-11 18:50:24,304 - INFO - [Shapelet  14] forward_avg=0.000520s over 66 calls
2025-10-11 18:50:24,304 - INFO - [Shapelet  28] forward_avg=0.000498s over 66 calls
2025-10-11 18:50:24,304 - INFO - [Shapelet  42] forward_avg=0.000568s over 66 calls
2025-10-11 18:50:24,304 - INFO - [Shapelet  57] forward_avg=0.000656s over 66 calls
2025-10-11 18:50:24,304 - INFO - [Shapelet  71] forward_avg=0.000745s over 66 calls
2025-10-11 18:50:24,304 - INFO - [Shapelet  86] forward_avg=0.000829s over 66 calls
2025-10-11 18:50:24,304 - INFO - [Shapelet 100] forward_avg=0.000913s over 66 calls
2025-10-11 18:50:24,304 - INFO - [Shapelet 115] forward_avg=0.001010s over 66 calls
2025-10-11 18:50:24,304 - INFO - 
💾 模型第一次反向传播阶段的显存峰值（所有模块中的最大值）: 2267.94 MB
2025-10-11 18:50:24,304 - INFO - 
💾 模型初始显存: 91.00 MB
2025-10-11 18:50:24,304 - INFO - =======================================================================

2025-10-11 18:50:24,304 - INFO - torch.cuda.max_memory_reserved() : 2.755859375
2025-10-11 18:50:37,794 - INFO - Epoch 4 completed in 13.489108 seconds
2025-10-11 18:50:37,794 - INFO - torch.cuda.max_memory_reserved() : 2.755859375
2025-10-11 18:50:50,713 - INFO - Epoch 5 completed in 12.917923 seconds
2025-10-11 18:50:50,713 - INFO - torch.cuda.max_memory_reserved() : 2.755859375
2025-10-11 18:51:03,456 - INFO - Epoch 6 completed in 12.741799 seconds
2025-10-11 18:51:03,456 - INFO - torch.cuda.max_memory_reserved() : 2.755859375
2025-10-11 18:51:16,516 - INFO - Epoch 7 completed in 13.059444 seconds
2025-10-11 18:51:16,516 - INFO - torch.cuda.max_memory_reserved() : 2.755859375
2025-10-11 18:51:29,480 - INFO - Epoch 8 completed in 12.963017 seconds
2025-10-11 18:51:29,480 - INFO - torch.cuda.max_memory_reserved() : 2.755859375
2025-10-11 18:51:42,385 - INFO - Epoch 9 completed in 12.904691 seconds
2025-10-11 18:51:42,386 - INFO - torch.cuda.max_memory_reserved() : 2.755859375
2025-10-11 18:51:55,133 - INFO - Epoch 10 completed in 12.746593 seconds
2025-10-11 18:51:58,398 - INFO - torch.cuda.max_memory_reserved() : 2.755859375
2025-10-11 18:51:58,399 - INFO - !!!采用策略后的几个epoch 平均时间:12.98482283949852
2025-10-11 18:51:58,399 - INFO - 



