2025-10-11 18:48:54,357 - INFO - 📌 第一个 epoch：默认所有模块使用 checkpoint
2025-10-11 18:49:08,789 - INFO - Epoch 1 completed in 14.442735 seconds
2025-10-11 18:49:12,093 - INFO - torch.cuda.max_memory_reserved() : 2.0546875
2025-10-11 18:49:26,009 - INFO - 
[🔁 拟合反向传播时间模型]
2025-10-11 18:49:26,009 - INFO - 总反向传播时间: 13.698246s
2025-10-11 18:49:26,009 - INFO - 拟合模型: backward_total ≈ 2 × (A + B) + b
2025-10-11 18:49:26,009 - INFO - A = 8.460020, B = 0.761294, b = 4.476933s
2025-10-11 18:49:26,053 - INFO - Set parameter LicenseID to value 2706656
2025-10-11 18:49:26,061 - INFO - Set parameter LogToConsole to value 1
2025-10-11 18:49:26,061 - INFO - Set parameter LogFile to value ""
2025-10-11 18:49:26,061 - INFO - Set parameter Threads to value 12
2025-10-11 18:49:26,061 - INFO - Set parameter TimeLimit to value 3600
2025-10-11 18:49:26,061 - INFO - Set parameter Method to value 1
2025-10-11 18:49:26,115 - INFO - Set parameter TimeLimit to value 3000
2025-10-11 18:49:26,116 - INFO - Gurobi Optimizer version 12.0.3 build v12.0.3rc0 (linux64 - "Ubuntu 20.04.6 LTS")
2025-10-11 18:49:26,116 - INFO - 
2025-10-11 18:49:26,116 - INFO - CPU model: Intel(R) Xeon(R) Platinum 8260 CPU @ 2.40GHz, instruction set [SSE2|AVX|AVX2|AVX512]
2025-10-11 18:49:26,116 - INFO - Thread count: 48 physical cores, 96 logical processors, using up to 12 threads
2025-10-11 18:49:26,116 - INFO - 
2025-10-11 18:49:26,116 - INFO - Non-default parameters:
2025-10-11 18:49:26,116 - INFO - TimeLimit  3000
2025-10-11 18:49:26,116 - INFO - Method  1
2025-10-11 18:49:26,116 - INFO - Threads  12
2025-10-11 18:49:26,116 - INFO - 
2025-10-11 18:49:26,116 - INFO - Optimize a model with 3892 rows, 1699 columns and 20398 nonzeros
2025-10-11 18:49:26,117 - INFO - Model fingerprint: 0xb20e2387
2025-10-11 18:49:26,117 - INFO - Variable types: 0 continuous, 1699 integer (1699 binary)
2025-10-11 18:49:26,117 - INFO - Coefficient statistics:
2025-10-11 18:49:26,117 - INFO -   Matrix range     [1e+00, 1e+15]
2025-10-11 18:49:26,117 - INFO -   Objective range  [5e+04, 4e+05]
2025-10-11 18:49:26,117 - INFO -   Bounds range     [1e+00, 1e+00]
2025-10-11 18:49:26,117 - INFO -   RHS range        [1e+00, 1e+15]
2025-10-11 18:49:26,117 - INFO - Warning: Model contains large matrix coefficient range
2025-10-11 18:49:26,117 - INFO - Warning: Model contains large rhs
2025-10-11 18:49:26,117 - INFO -          Consider reformulating model or setting NumericFocus parameter
2025-10-11 18:49:26,117 - INFO -          to avoid numerical issues.
2025-10-11 18:49:26,119 - INFO - Presolve removed 3 rows and 0 columns
2025-10-11 18:49:26,120 - INFO - Presolve time: 0.00s
2025-10-11 18:49:26,120 - INFO - 
2025-10-11 18:49:26,120 - INFO - Explored 0 nodes (0 simplex iterations) in 0.00 seconds (0.00 work units)
2025-10-11 18:49:26,120 - INFO - Thread count was 1 (of 96 available processors)
2025-10-11 18:49:26,120 - INFO - 
2025-10-11 18:49:26,120 - INFO - Solution count 0
2025-10-11 18:49:26,120 - INFO - 
2025-10-11 18:49:26,120 - INFO - Model is infeasible
2025-10-11 18:49:26,120 - INFO - Best objective -, best bound -, gap -
2025-10-11 18:49:26,120 - INFO - Gurobi Optimizer version 12.0.3 build v12.0.3rc0 (linux64 - "Ubuntu 20.04.6 LTS")
2025-10-11 18:49:26,120 - INFO - 
2025-10-11 18:49:26,120 - INFO - CPU model: Intel(R) Xeon(R) Platinum 8260 CPU @ 2.40GHz, instruction set [SSE2|AVX|AVX2|AVX512]
2025-10-11 18:49:26,120 - INFO - Thread count: 48 physical cores, 96 logical processors, using up to 12 threads
2025-10-11 18:49:26,120 - INFO - 
2025-10-11 18:49:26,120 - INFO - Non-default parameters:
2025-10-11 18:49:26,120 - INFO - TimeLimit  3000
2025-10-11 18:49:26,120 - INFO - Method  1
2025-10-11 18:49:26,120 - INFO - Threads  12
2025-10-11 18:49:26,120 - INFO - 
2025-10-11 18:49:26,121 - INFO - 
2025-10-11 18:49:26,121 - INFO - Computing Irreducible Inconsistent Subsystem (IIS)...
2025-10-11 18:49:26,121 - INFO - 
2025-10-11 18:49:26,121 - INFO -            Constraints          |            Bounds           |  Runtime
2025-10-11 18:49:26,121 - INFO -       Min       Max     Guess   |   Min       Max     Guess   |
2025-10-11 18:49:26,121 - INFO - --------------------------------------------------------------------------
2025-10-11 18:49:26,121 - INFO -         0      3321         -         0         0         0           0s
2025-10-11 18:49:26,129 - INFO - Numerical troubles encountered during IIS computation
2025-10-11 18:49:26,129 - INFO -         4         4         4         0         0         0           0s
2025-10-11 18:49:26,129 - INFO - 
2025-10-11 18:49:26,129 - INFO - IIS computed: 4 constraints, 0 bounds
2025-10-11 18:49:26,130 - INFO - IIS runtime: 0.01 seconds (0.00 work units)
2025-10-11 18:49:26,131 - ERROR - Infeasible model, check constraints carefully. Insufficient memory?
Traceback (most recent call last):
  File "/data/user_lixiongfei/csl_hyc/solver/monet_solver.py", line 446, in solve_ilp_gurobi
    solution = ilpsolver.solve()
  File "/data/user_lixiongfei/csl_hyc/solver/monet_solver.py", line 387, in solve
    raise ValueError("Infeasible model, check constraints carefully. Insufficient memory?")
ValueError: Infeasible model, check constraints carefully. Insufficient memory?
