2025-12-09 19:29:25,882 - INFO - 🧮 参数显存统计（单位：MB）
2025-12-09 19:29:25,882 - INFO - [参数显存] euclidean 总计: 64.8324 MB
2025-12-09 19:29:25,882 - INFO - [参数显存] euclidean 长度=27: 1.8009 MB
2025-12-09 19:29:25,882 - INFO - [参数显存] euclidean 长度=54: 3.6018 MB
2025-12-09 19:29:25,882 - INFO - [参数显存] euclidean 长度=81: 5.4027 MB
2025-12-09 19:29:25,883 - INFO - [参数显存] euclidean 长度=108: 7.2036 MB
2025-12-09 19:29:25,883 - INFO - [参数显存] euclidean 长度=135: 9.0045 MB
2025-12-09 19:29:25,883 - INFO - [参数显存] euclidean 长度=162: 10.8054 MB
2025-12-09 19:29:25,883 - INFO - [参数显存] euclidean 长度=189: 12.6063 MB
2025-12-09 19:29:25,883 - INFO - [参数显存] euclidean 长度=216: 14.4072 MB
2025-12-09 19:29:25,883 - INFO - [参数显存] cosine 总计: 64.8324 MB
2025-12-09 19:29:25,883 - INFO - [参数显存] cosine 长度=27: 1.8009 MB
2025-12-09 19:29:25,883 - INFO - [参数显存] cosine 长度=54: 3.6018 MB
2025-12-09 19:29:25,883 - INFO - [参数显存] cosine 长度=81: 5.4027 MB
2025-12-09 19:29:25,883 - INFO - [参数显存] cosine 长度=108: 7.2036 MB
2025-12-09 19:29:25,883 - INFO - [参数显存] cosine 长度=135: 9.0045 MB
2025-12-09 19:29:25,883 - INFO - [参数显存] cosine 长度=162: 10.8054 MB
2025-12-09 19:29:25,883 - INFO - [参数显存] cosine 长度=189: 12.6063 MB
2025-12-09 19:29:25,883 - INFO - [参数显存] cosine 长度=216: 14.4072 MB
2025-12-09 19:29:25,883 - INFO - [参数显存] 模型参数总量: 52,411,669，显存: 199.9347 MB
2025-12-09 19:29:26,464 - INFO - 📌 第一个 epoch：默认所有模块使用 checkpoint
2025-12-09 19:29:32,980 - INFO - Epoch 1 completed in 6.522465 seconds
2025-12-09 19:29:35,247 - INFO - torch.cuda.max_memory_reserved() : 11.15234375
2025-12-09 19:29:35,248 - INFO - torch.cuda.max_memory_allocated() : 3.8658504486083984
2025-12-09 19:29:41,161 - INFO - 
[🔁 拟合反向传播时间模型]
2025-12-09 19:29:41,163 - INFO - 总反向传播时间: 5.875089s
2025-12-09 19:29:41,163 - INFO - 拟合模型: backward_total ≈ 2 × (A + B) + b
2025-12-09 19:29:41,163 - INFO - A = 5.360001, B = 0.435314, b = 0.079775s
2025-12-09 19:29:41,163 - INFO - ✅ 最优策略：[1, 0, 0, 0, 0, 0, 0, 1, 1, 1, 1, 1, 1, 1, 1, 1, 1, 1, 1, 1, 1, 1, 1, 1, 1, 1, 1, 1, 1, 1, 1, 1]
2025-12-09 19:29:41,164 - INFO - 📌 checkpoint 的欧氏长度:, [54, 81, 108, 135, 162, 189]
2025-12-09 19:29:41,164 - INFO - 📌 checkpoint 的余弦长度:, []
2025-12-09 19:29:41,164 - INFO - 💾 最终显存峰值：%.2f MB % 11921.8828125
2025-12-09 19:29:41,164 - INFO - 🕒 显存计划规划时间: 0.000680 秒
