2025-12-09 19:29:50,006 - INFO - 🧮 参数显存统计（单位：MB）
2025-12-09 19:29:50,006 - INFO - [参数显存] euclidean 总计: 64.8324 MB
2025-12-09 19:29:50,007 - INFO - [参数显存] euclidean 长度=27: 1.8009 MB
2025-12-09 19:29:50,007 - INFO - [参数显存] euclidean 长度=54: 3.6018 MB
2025-12-09 19:29:50,007 - INFO - [参数显存] euclidean 长度=81: 5.4027 MB
2025-12-09 19:29:50,007 - INFO - [参数显存] euclidean 长度=108: 7.2036 MB
2025-12-09 19:29:50,007 - INFO - [参数显存] euclidean 长度=135: 9.0045 MB
2025-12-09 19:29:50,007 - INFO - [参数显存] euclidean 长度=162: 10.8054 MB
2025-12-09 19:29:50,007 - INFO - [参数显存] euclidean 长度=189: 12.6063 MB
2025-12-09 19:29:50,007 - INFO - [参数显存] euclidean 长度=216: 14.4072 MB
2025-12-09 19:29:50,007 - INFO - [参数显存] cosine 总计: 64.8324 MB
2025-12-09 19:29:50,007 - INFO - [参数显存] cosine 长度=27: 1.8009 MB
2025-12-09 19:29:50,007 - INFO - [参数显存] cosine 长度=54: 3.6018 MB
2025-12-09 19:29:50,007 - INFO - [参数显存] cosine 长度=81: 5.4027 MB
2025-12-09 19:29:50,007 - INFO - [参数显存] cosine 长度=108: 7.2036 MB
2025-12-09 19:29:50,007 - INFO - [参数显存] cosine 长度=135: 9.0045 MB
2025-12-09 19:29:50,007 - INFO - [参数显存] cosine 长度=162: 10.8054 MB
2025-12-09 19:29:50,007 - INFO - [参数显存] cosine 长度=189: 12.6063 MB
2025-12-09 19:29:50,007 - INFO - [参数显存] cosine 长度=216: 14.4072 MB
2025-12-09 19:29:50,007 - INFO - [参数显存] 模型参数总量: 52,411,669，显存: 199.9347 MB
2025-12-09 19:29:50,601 - INFO - 📌 第一个 epoch：默认所有模块使用 checkpoint
2025-12-09 19:29:57,249 - INFO - Epoch 1 completed in 6.661257 seconds
2025-12-09 19:29:59,538 - INFO - torch.cuda.max_memory_reserved() : 11.15234375
2025-12-09 19:29:59,539 - INFO - torch.cuda.max_memory_allocated() : 3.8658504486083984
2025-12-09 19:30:05,482 - INFO - 
[🔁 拟合反向传播时间模型]
2025-12-09 19:30:05,484 - INFO - 总反向传播时间: 5.897578s
2025-12-09 19:30:05,484 - INFO - 拟合模型: backward_total ≈ 2 × (A + B) + b
2025-12-09 19:30:05,484 - INFO - A = 5.384348, B = 0.443921, b = 0.069309s
2025-12-09 19:30:05,485 - INFO - ✅ 最优策略：[1, 1, 0, 0, 0, 0, 0, 1, 1, 1, 1, 1, 1, 1, 1, 1, 1, 1, 1, 1, 1, 1, 1, 1, 1, 1, 1, 1, 1, 1, 1, 1]
2025-12-09 19:30:05,485 - INFO - 📌 checkpoint 的欧氏长度:, [81, 108, 135, 162, 189]
2025-12-09 19:30:05,485 - INFO - 📌 checkpoint 的余弦长度:, []
2025-12-09 19:30:05,485 - INFO - 💾 最终显存峰值：%.2f MB % 13430.330078125
2025-12-09 19:30:05,485 - INFO - 🕒 显存计划规划时间: 0.000800 秒
