2025-12-09 19:54:05,482 - INFO - 🧮 参数显存统计（单位：MB）
2025-12-09 19:54:05,483 - INFO - [参数显存] euclidean 总计: 32.0842 MB
2025-12-09 19:54:05,483 - INFO - [参数显存] euclidean 长度=128: 0.4062 MB
2025-12-09 19:54:05,483 - INFO - [参数显存] euclidean 长度=452: 1.4346 MB
2025-12-09 19:54:05,483 - INFO - [参数显存] euclidean 长度=777: 2.4661 MB
2025-12-09 19:54:05,483 - INFO - [参数显存] euclidean 长度=1101: 3.4944 MB
2025-12-09 19:54:05,483 - INFO - [参数显存] euclidean 长度=1426: 4.5259 MB
2025-12-09 19:54:05,483 - INFO - [参数显存] euclidean 长度=1750: 5.5542 MB
2025-12-09 19:54:05,483 - INFO - [参数显存] euclidean 长度=2075: 6.5857 MB
2025-12-09 19:54:05,483 - INFO - [参数显存] euclidean 长度=2400: 7.6172 MB
2025-12-09 19:54:05,483 - INFO - [参数显存] cosine 总计: 32.0842 MB
2025-12-09 19:54:05,483 - INFO - [参数显存] cosine 长度=128: 0.4062 MB
2025-12-09 19:54:05,483 - INFO - [参数显存] cosine 长度=452: 1.4346 MB
2025-12-09 19:54:05,483 - INFO - [参数显存] cosine 长度=777: 2.4661 MB
2025-12-09 19:54:05,483 - INFO - [参数显存] cosine 长度=1101: 3.4944 MB
2025-12-09 19:54:05,483 - INFO - [参数显存] cosine 长度=1426: 4.5259 MB
2025-12-09 19:54:05,483 - INFO - [参数显存] cosine 长度=1750: 5.5542 MB
2025-12-09 19:54:05,483 - INFO - [参数显存] cosine 长度=2075: 6.5857 MB
2025-12-09 19:54:05,483 - INFO - [参数显存] cosine 长度=2400: 7.6172 MB
2025-12-09 19:54:05,483 - INFO - [参数显存] 模型参数总量: 25,996,146，显存: 99.1674 MB
2025-12-09 19:54:06,126 - INFO - 📌 第一个 epoch：默认所有模块使用 checkpoint
2025-12-09 19:56:24,953 - INFO - Epoch 1 completed in 138.846281 seconds
2025-12-09 19:56:58,121 - INFO - torch.cuda.max_memory_reserved() : 15.2421875
2025-12-09 19:56:58,121 - INFO - torch.cuda.max_memory_allocated() : 4.562768459320068
2025-12-09 19:59:19,601 - INFO - 
[🔁 拟合反向传播时间模型]
2025-12-09 19:59:19,601 - INFO - 总反向传播时间: 140.640037s
2025-12-09 19:59:19,602 - INFO - 拟合模型: backward_total ≈ 2 × (A + B) + b
2025-12-09 19:59:19,602 - INFO - A = 120.861396, B = 13.212025, b = 6.566617s
2025-12-09 19:59:19,602 - INFO - ✅ 最优策略：[1, 1, 0, 0, 0, 0, 0, 1, 1, 1, 1, 1, 1, 1, 1, 1, 1, 1, 1, 1, 1, 1, 1, 1, 1, 1, 1, 1, 1, 1, 1, 1]
2025-12-09 19:59:19,602 - INFO - 📌 checkpoint 的欧氏长度:, [777, 1101, 1426, 1750, 2075]
2025-12-09 19:59:19,602 - INFO - 📌 checkpoint 的余弦长度:, []
2025-12-09 19:59:19,603 - INFO - 💾 最终显存峰值：%.2f MB % 17212.9189453125
2025-12-09 19:59:19,603 - INFO - 🕒 显存计划规划时间: 0.000834 秒
