2025-12-09 19:33:21,801 - INFO - 🧮 参数显存统计（单位：MB）
2025-12-09 19:33:21,801 - INFO - [参数显存] euclidean 总计: 24.4989 MB
2025-12-09 19:33:21,801 - INFO - [参数显存] euclidean 长度=14: 0.6686 MB
2025-12-09 19:33:21,801 - INFO - [参数显存] euclidean 长度=28: 1.3372 MB
2025-12-09 19:33:21,801 - INFO - [参数显存] euclidean 长度=42: 2.0058 MB
2025-12-09 19:33:21,801 - INFO - [参数显存] euclidean 长度=57: 2.7221 MB
2025-12-09 19:33:21,801 - INFO - [参数显存] euclidean 长度=71: 3.3907 MB
2025-12-09 19:33:21,801 - INFO - [参数显存] euclidean 长度=86: 4.1070 MB
2025-12-09 19:33:21,801 - INFO - [参数显存] euclidean 长度=100: 4.7756 MB
2025-12-09 19:33:21,801 - INFO - [参数显存] euclidean 长度=115: 5.4920 MB
2025-12-09 19:33:21,801 - INFO - [参数显存] cosine 总计: 24.4989 MB
2025-12-09 19:33:21,801 - INFO - [参数显存] cosine 长度=14: 0.6686 MB
2025-12-09 19:33:21,801 - INFO - [参数显存] cosine 长度=28: 1.3372 MB
2025-12-09 19:33:21,801 - INFO - [参数显存] cosine 长度=42: 2.0058 MB
2025-12-09 19:33:21,801 - INFO - [参数显存] cosine 长度=57: 2.7221 MB
2025-12-09 19:33:21,801 - INFO - [参数显存] cosine 长度=71: 3.3907 MB
2025-12-09 19:33:21,801 - INFO - [参数显存] cosine 长度=86: 4.1070 MB
2025-12-09 19:33:21,801 - INFO - [参数显存] cosine 长度=100: 4.7756 MB
2025-12-09 19:33:21,801 - INFO - [参数显存] cosine 长度=115: 5.4920 MB
2025-12-09 19:33:21,801 - INFO - [参数显存] 模型参数总量: 19,879,471，显存: 75.8342 MB
2025-12-09 19:33:22,376 - INFO - 📌 第一个 epoch：默认所有模块使用 checkpoint
2025-12-09 19:33:31,166 - INFO - Epoch 1 completed in 8.801898 seconds
2025-12-09 19:33:33,965 - INFO - torch.cuda.max_memory_reserved() : 9.4609375
2025-12-09 19:33:33,965 - INFO - torch.cuda.max_memory_allocated() : 3.36649227142334
2025-12-09 19:33:42,266 - INFO - 
[🔁 拟合反向传播时间模型]
2025-12-09 19:33:42,266 - INFO - 总反向传播时间: 8.213641s
2025-12-09 19:33:42,266 - INFO - 拟合模型: backward_total ≈ 2 × (A + B) + b
2025-12-09 19:33:42,266 - INFO - A = 7.250554, B = 0.395580, b = 0.567508s
2025-12-09 19:33:42,267 - INFO - ✅ 最优策略：[1, 1, 0, 0, 0, 0, 0, 0, 1, 1, 1, 1, 1, 1, 1, 1, 1, 1, 1, 1, 1, 1, 1, 1, 1, 1, 1, 1, 1, 1, 1, 1]
2025-12-09 19:33:42,267 - INFO - 📌 checkpoint 的欧氏长度:, [42, 57, 71, 86, 100, 115]
2025-12-09 19:33:42,267 - INFO - 📌 checkpoint 的余弦长度:, []
2025-12-09 19:33:42,267 - INFO - 💾 最终显存峰值：%.2f MB % 9763.32470703125
2025-12-09 19:33:42,267 - INFO - 🕒 显存计划规划时间: 0.000818 秒
2025-12-09 19:36:43,401 - INFO - 🧮 参数显存统计（单位：MB）
2025-12-09 19:36:43,402 - INFO - [参数显存] euclidean 总计: 24.4989 MB
2025-12-09 19:36:43,402 - INFO - [参数显存] euclidean 长度=14: 0.6686 MB
2025-12-09 19:36:43,402 - INFO - [参数显存] euclidean 长度=28: 1.3372 MB
2025-12-09 19:36:43,402 - INFO - [参数显存] euclidean 长度=42: 2.0058 MB
2025-12-09 19:36:43,402 - INFO - [参数显存] euclidean 长度=57: 2.7221 MB
2025-12-09 19:36:43,402 - INFO - [参数显存] euclidean 长度=71: 3.3907 MB
2025-12-09 19:36:43,402 - INFO - [参数显存] euclidean 长度=86: 4.1070 MB
2025-12-09 19:36:43,402 - INFO - [参数显存] euclidean 长度=100: 4.7756 MB
2025-12-09 19:36:43,402 - INFO - [参数显存] euclidean 长度=115: 5.4920 MB
2025-12-09 19:36:43,402 - INFO - [参数显存] cosine 总计: 24.4989 MB
2025-12-09 19:36:43,402 - INFO - [参数显存] cosine 长度=14: 0.6686 MB
2025-12-09 19:36:43,402 - INFO - [参数显存] cosine 长度=28: 1.3372 MB
2025-12-09 19:36:43,402 - INFO - [参数显存] cosine 长度=42: 2.0058 MB
2025-12-09 19:36:43,402 - INFO - [参数显存] cosine 长度=57: 2.7221 MB
2025-12-09 19:36:43,402 - INFO - [参数显存] cosine 长度=71: 3.3907 MB
2025-12-09 19:36:43,402 - INFO - [参数显存] cosine 长度=86: 4.1070 MB
2025-12-09 19:36:43,402 - INFO - [参数显存] cosine 长度=100: 4.7756 MB
2025-12-09 19:36:43,402 - INFO - [参数显存] cosine 长度=115: 5.4920 MB
2025-12-09 19:36:43,402 - INFO - [参数显存] 模型参数总量: 19,879,471，显存: 75.8342 MB
2025-12-09 19:36:44,033 - INFO - 📌 第一个 epoch：默认所有模块使用 checkpoint
2025-12-09 19:36:52,934 - INFO - Epoch 1 completed in 8.917591 seconds
2025-12-09 19:36:55,818 - INFO - torch.cuda.max_memory_reserved() : 9.4609375
2025-12-09 19:36:55,818 - INFO - torch.cuda.max_memory_allocated() : 3.36649227142334
2025-12-09 19:37:04,283 - INFO - 
[🔁 拟合反向传播时间模型]
2025-12-09 19:37:04,284 - INFO - 总反向传播时间: 8.332783s
2025-12-09 19:37:04,284 - INFO - 拟合模型: backward_total ≈ 2 × (A + B) + b
2025-12-09 19:37:04,284 - INFO - A = 7.304253, B = 0.405162, b = 0.623368s
2025-12-09 19:37:04,285 - INFO - ✅ 最优策略：[1, 1, 0, 0, 0, 0, 0, 0, 1, 1, 1, 1, 1, 1, 1, 1, 1, 1, 1, 1, 1, 1, 1, 1, 1, 1, 1, 1, 1, 1, 1, 1]
2025-12-09 19:37:04,285 - INFO - 📌 checkpoint 的欧氏长度:, [42, 57, 71, 86, 100, 115]
2025-12-09 19:37:04,285 - INFO - 📌 checkpoint 的余弦长度:, []
2025-12-09 19:37:04,285 - INFO - 💾 最终显存峰值：%.2f MB % 9763.32470703125
2025-12-09 19:37:04,285 - INFO - 🕒 显存计划规划时间: 0.000838 秒
2025-12-09 19:40:44,333 - INFO - 🧮 参数显存统计（单位：MB）
2025-12-09 19:40:44,333 - INFO - [参数显存] euclidean 总计: 24.4989 MB
2025-12-09 19:40:44,333 - INFO - [参数显存] euclidean 长度=14: 0.6686 MB
2025-12-09 19:40:44,333 - INFO - [参数显存] euclidean 长度=28: 1.3372 MB
2025-12-09 19:40:44,333 - INFO - [参数显存] euclidean 长度=42: 2.0058 MB
2025-12-09 19:40:44,333 - INFO - [参数显存] euclidean 长度=57: 2.7221 MB
2025-12-09 19:40:44,333 - INFO - [参数显存] euclidean 长度=71: 3.3907 MB
2025-12-09 19:40:44,333 - INFO - [参数显存] euclidean 长度=86: 4.1070 MB
2025-12-09 19:40:44,334 - INFO - [参数显存] euclidean 长度=100: 4.7756 MB
2025-12-09 19:40:44,334 - INFO - [参数显存] euclidean 长度=115: 5.4920 MB
2025-12-09 19:40:44,334 - INFO - [参数显存] cosine 总计: 24.4989 MB
2025-12-09 19:40:44,334 - INFO - [参数显存] cosine 长度=14: 0.6686 MB
2025-12-09 19:40:44,334 - INFO - [参数显存] cosine 长度=28: 1.3372 MB
2025-12-09 19:40:44,334 - INFO - [参数显存] cosine 长度=42: 2.0058 MB
2025-12-09 19:40:44,334 - INFO - [参数显存] cosine 长度=57: 2.7221 MB
2025-12-09 19:40:44,334 - INFO - [参数显存] cosine 长度=71: 3.3907 MB
2025-12-09 19:40:44,334 - INFO - [参数显存] cosine 长度=86: 4.1070 MB
2025-12-09 19:40:44,334 - INFO - [参数显存] cosine 长度=100: 4.7756 MB
2025-12-09 19:40:44,334 - INFO - [参数显存] cosine 长度=115: 5.4920 MB
2025-12-09 19:40:44,334 - INFO - [参数显存] 模型参数总量: 19,879,471，显存: 75.8342 MB
2025-12-09 19:40:44,917 - INFO - 📌 第一个 epoch：默认所有模块使用 checkpoint
