2025-12-09 19:33:54,340 - INFO - 🧮 参数显存统计（单位：MB）
2025-12-09 19:33:54,340 - INFO - [参数显存] euclidean 总计: 24.4989 MB
2025-12-09 19:33:54,340 - INFO - [参数显存] euclidean 长度=14: 0.6686 MB
2025-12-09 19:33:54,340 - INFO - [参数显存] euclidean 长度=28: 1.3372 MB
2025-12-09 19:33:54,340 - INFO - [参数显存] euclidean 长度=42: 2.0058 MB
2025-12-09 19:33:54,340 - INFO - [参数显存] euclidean 长度=57: 2.7221 MB
2025-12-09 19:33:54,340 - INFO - [参数显存] euclidean 长度=71: 3.3907 MB
2025-12-09 19:33:54,340 - INFO - [参数显存] euclidean 长度=86: 4.1070 MB
2025-12-09 19:33:54,340 - INFO - [参数显存] euclidean 长度=100: 4.7756 MB
2025-12-09 19:33:54,340 - INFO - [参数显存] euclidean 长度=115: 5.4920 MB
2025-12-09 19:33:54,340 - INFO - [参数显存] cosine 总计: 24.4989 MB
2025-12-09 19:33:54,340 - INFO - [参数显存] cosine 长度=14: 0.6686 MB
2025-12-09 19:33:54,340 - INFO - [参数显存] cosine 长度=28: 1.3372 MB
2025-12-09 19:33:54,340 - INFO - [参数显存] cosine 长度=42: 2.0058 MB
2025-12-09 19:33:54,340 - INFO - [参数显存] cosine 长度=57: 2.7221 MB
2025-12-09 19:33:54,340 - INFO - [参数显存] cosine 长度=71: 3.3907 MB
2025-12-09 19:33:54,340 - INFO - [参数显存] cosine 长度=86: 4.1070 MB
2025-12-09 19:33:54,340 - INFO - [参数显存] cosine 长度=100: 4.7756 MB
2025-12-09 19:33:54,340 - INFO - [参数显存] cosine 长度=115: 5.4920 MB
2025-12-09 19:33:54,340 - INFO - [参数显存] 模型参数总量: 19,879,471，显存: 75.8342 MB
2025-12-09 19:33:54,910 - INFO - 📌 第一个 epoch：默认所有模块使用 checkpoint
2025-12-09 19:34:04,077 - INFO - Epoch 1 completed in 9.176736 seconds
2025-12-09 19:34:07,051 - INFO - torch.cuda.max_memory_reserved() : 9.4609375
2025-12-09 19:34:07,051 - INFO - torch.cuda.max_memory_allocated() : 3.36649227142334
2025-12-09 19:34:15,458 - INFO - 
[🔁 拟合反向传播时间模型]
2025-12-09 19:34:15,458 - INFO - 总反向传播时间: 8.279866s
2025-12-09 19:34:15,458 - INFO - 拟合模型: backward_total ≈ 2 × (A + B) + b
2025-12-09 19:34:15,458 - INFO - A = 7.285754, B = 0.400938, b = 0.593173s
2025-12-09 19:34:15,458 - INFO - ✅ 最优策略：[1, 1, 0, 0, 0, 0, 0, 1, 1, 1, 1, 1, 1, 1, 1, 1, 1, 1, 1, 1, 1, 1, 1, 1, 1, 1, 1, 1, 1, 1, 1, 1]
2025-12-09 19:34:15,458 - INFO - 📌 checkpoint 的欧氏长度:, [42, 57, 71, 86, 100]
2025-12-09 19:34:15,458 - INFO - 📌 checkpoint 的余弦长度:, []
2025-12-09 19:34:15,458 - INFO - 💾 最终显存峰值：%.2f MB % 11174.3447265625
2025-12-09 19:34:15,458 - INFO - 🕒 显存计划规划时间: 0.000251 秒
2025-12-09 19:37:17,074 - INFO - 🧮 参数显存统计（单位：MB）
2025-12-09 19:37:17,074 - INFO - [参数显存] euclidean 总计: 24.4989 MB
2025-12-09 19:37:17,074 - INFO - [参数显存] euclidean 长度=14: 0.6686 MB
2025-12-09 19:37:17,074 - INFO - [参数显存] euclidean 长度=28: 1.3372 MB
2025-12-09 19:37:17,075 - INFO - [参数显存] euclidean 长度=42: 2.0058 MB
2025-12-09 19:37:17,075 - INFO - [参数显存] euclidean 长度=57: 2.7221 MB
2025-12-09 19:37:17,075 - INFO - [参数显存] euclidean 长度=71: 3.3907 MB
2025-12-09 19:37:17,075 - INFO - [参数显存] euclidean 长度=86: 4.1070 MB
2025-12-09 19:37:17,075 - INFO - [参数显存] euclidean 长度=100: 4.7756 MB
2025-12-09 19:37:17,075 - INFO - [参数显存] euclidean 长度=115: 5.4920 MB
2025-12-09 19:37:17,075 - INFO - [参数显存] cosine 总计: 24.4989 MB
2025-12-09 19:37:17,075 - INFO - [参数显存] cosine 长度=14: 0.6686 MB
2025-12-09 19:37:17,075 - INFO - [参数显存] cosine 长度=28: 1.3372 MB
2025-12-09 19:37:17,075 - INFO - [参数显存] cosine 长度=42: 2.0058 MB
2025-12-09 19:37:17,075 - INFO - [参数显存] cosine 长度=57: 2.7221 MB
2025-12-09 19:37:17,075 - INFO - [参数显存] cosine 长度=71: 3.3907 MB
2025-12-09 19:37:17,075 - INFO - [参数显存] cosine 长度=86: 4.1070 MB
2025-12-09 19:37:17,075 - INFO - [参数显存] cosine 长度=100: 4.7756 MB
2025-12-09 19:37:17,075 - INFO - [参数显存] cosine 长度=115: 5.4920 MB
2025-12-09 19:37:17,075 - INFO - [参数显存] 模型参数总量: 19,879,471，显存: 75.8342 MB
2025-12-09 19:37:17,676 - INFO - 📌 第一个 epoch：默认所有模块使用 checkpoint
2025-12-09 19:37:26,521 - INFO - Epoch 1 completed in 8.863377 seconds
2025-12-09 19:37:29,415 - INFO - torch.cuda.max_memory_reserved() : 9.4609375
2025-12-09 19:37:29,415 - INFO - torch.cuda.max_memory_allocated() : 3.36649227142334
2025-12-09 19:37:37,788 - INFO - 
[🔁 拟合反向传播时间模型]
2025-12-09 19:37:37,788 - INFO - 总反向传播时间: 8.291539s
2025-12-09 19:37:37,788 - INFO - 拟合模型: backward_total ≈ 2 × (A + B) + b
2025-12-09 19:37:37,788 - INFO - A = 7.305866, B = 0.402167, b = 0.583506s
2025-12-09 19:37:37,789 - INFO - ✅ 最优策略：[1, 1, 0, 0, 0, 0, 0, 1, 1, 1, 1, 1, 1, 1, 1, 1, 1, 1, 1, 1, 1, 1, 1, 1, 1, 1, 1, 1, 1, 1, 1, 1]
2025-12-09 19:37:37,789 - INFO - 📌 checkpoint 的欧氏长度:, [42, 57, 71, 86, 100]
2025-12-09 19:37:37,789 - INFO - 📌 checkpoint 的余弦长度:, []
2025-12-09 19:37:37,789 - INFO - 💾 最终显存峰值：%.2f MB % 11174.3447265625
2025-12-09 19:37:37,789 - INFO - 🕒 显存计划规划时间: 0.000803 秒
