2025-12-09 19:35:01,477 - INFO - 🧮 参数显存统计（单位：MB）
2025-12-09 19:35:01,477 - INFO - [参数显存] euclidean 总计: 24.4989 MB
2025-12-09 19:35:01,477 - INFO - [参数显存] euclidean 长度=14: 0.6686 MB
2025-12-09 19:35:01,477 - INFO - [参数显存] euclidean 长度=28: 1.3372 MB
2025-12-09 19:35:01,477 - INFO - [参数显存] euclidean 长度=42: 2.0058 MB
2025-12-09 19:35:01,477 - INFO - [参数显存] euclidean 长度=57: 2.7221 MB
2025-12-09 19:35:01,478 - INFO - [参数显存] euclidean 长度=71: 3.3907 MB
2025-12-09 19:35:01,478 - INFO - [参数显存] euclidean 长度=86: 4.1070 MB
2025-12-09 19:35:01,478 - INFO - [参数显存] euclidean 长度=100: 4.7756 MB
2025-12-09 19:35:01,478 - INFO - [参数显存] euclidean 长度=115: 5.4920 MB
2025-12-09 19:35:01,478 - INFO - [参数显存] cosine 总计: 24.4989 MB
2025-12-09 19:35:01,478 - INFO - [参数显存] cosine 长度=14: 0.6686 MB
2025-12-09 19:35:01,478 - INFO - [参数显存] cosine 长度=28: 1.3372 MB
2025-12-09 19:35:01,478 - INFO - [参数显存] cosine 长度=42: 2.0058 MB
2025-12-09 19:35:01,478 - INFO - [参数显存] cosine 长度=57: 2.7221 MB
2025-12-09 19:35:01,478 - INFO - [参数显存] cosine 长度=71: 3.3907 MB
2025-12-09 19:35:01,478 - INFO - [参数显存] cosine 长度=86: 4.1070 MB
2025-12-09 19:35:01,478 - INFO - [参数显存] cosine 长度=100: 4.7756 MB
2025-12-09 19:35:01,478 - INFO - [参数显存] cosine 长度=115: 5.4920 MB
2025-12-09 19:35:01,478 - INFO - [参数显存] 模型参数总量: 19,879,471，显存: 75.8342 MB
2025-12-09 19:35:02,059 - INFO - 📌 第一个 epoch：默认所有模块使用 checkpoint
2025-12-09 19:35:10,909 - INFO - Epoch 1 completed in 8.868464 seconds
2025-12-09 19:35:13,744 - INFO - torch.cuda.max_memory_reserved() : 9.4609375
2025-12-09 19:35:13,744 - INFO - torch.cuda.max_memory_allocated() : 3.36649227142334
2025-12-09 19:35:22,077 - INFO - 
[🔁 拟合反向传播时间模型]
2025-12-09 19:35:22,078 - INFO - 总反向传播时间: 8.237975s
2025-12-09 19:35:22,078 - INFO - 拟合模型: backward_total ≈ 2 × (A + B) + b
2025-12-09 19:35:22,078 - INFO - A = 7.300243, B = 0.402820, b = 0.534912s
2025-12-09 19:35:22,078 - INFO - ✅ 最优策略：[1, 1, 1, 0, 0, 0, 1, 1, 1, 1, 1, 1, 1, 1, 1, 1, 1, 1, 1, 1, 1, 1, 1, 1, 1, 1, 1, 1, 1, 1, 1, 1]
2025-12-09 19:35:22,079 - INFO - 📌 checkpoint 的欧氏长度:, [57, 71, 86]
2025-12-09 19:35:22,079 - INFO - 📌 checkpoint 的余弦长度:, []
2025-12-09 19:35:22,079 - INFO - 💾 最终显存峰值：%.2f MB % 14580.93359375
2025-12-09 19:35:22,079 - INFO - 🕒 显存计划规划时间: 0.000778 秒
2025-12-09 19:38:24,486 - INFO - 🧮 参数显存统计（单位：MB）
2025-12-09 19:38:24,486 - INFO - [参数显存] euclidean 总计: 24.4989 MB
2025-12-09 19:38:24,486 - INFO - [参数显存] euclidean 长度=14: 0.6686 MB
2025-12-09 19:38:24,486 - INFO - [参数显存] euclidean 长度=28: 1.3372 MB
2025-12-09 19:38:24,486 - INFO - [参数显存] euclidean 长度=42: 2.0058 MB
2025-12-09 19:38:24,486 - INFO - [参数显存] euclidean 长度=57: 2.7221 MB
2025-12-09 19:38:24,486 - INFO - [参数显存] euclidean 长度=71: 3.3907 MB
2025-12-09 19:38:24,486 - INFO - [参数显存] euclidean 长度=86: 4.1070 MB
2025-12-09 19:38:24,486 - INFO - [参数显存] euclidean 长度=100: 4.7756 MB
2025-12-09 19:38:24,486 - INFO - [参数显存] euclidean 长度=115: 5.4920 MB
2025-12-09 19:38:24,486 - INFO - [参数显存] cosine 总计: 24.4989 MB
2025-12-09 19:38:24,486 - INFO - [参数显存] cosine 长度=14: 0.6686 MB
2025-12-09 19:38:24,486 - INFO - [参数显存] cosine 长度=28: 1.3372 MB
2025-12-09 19:38:24,486 - INFO - [参数显存] cosine 长度=42: 2.0058 MB
2025-12-09 19:38:24,486 - INFO - [参数显存] cosine 长度=57: 2.7221 MB
2025-12-09 19:38:24,486 - INFO - [参数显存] cosine 长度=71: 3.3907 MB
2025-12-09 19:38:24,486 - INFO - [参数显存] cosine 长度=86: 4.1070 MB
2025-12-09 19:38:24,487 - INFO - [参数显存] cosine 长度=100: 4.7756 MB
2025-12-09 19:38:24,487 - INFO - [参数显存] cosine 长度=115: 5.4920 MB
2025-12-09 19:38:24,487 - INFO - [参数显存] 模型参数总量: 19,879,471，显存: 75.8342 MB
2025-12-09 19:38:25,084 - INFO - 📌 第一个 epoch：默认所有模块使用 checkpoint
2025-12-09 19:38:34,058 - INFO - Epoch 1 completed in 8.991452 seconds
2025-12-09 19:38:37,290 - INFO - torch.cuda.max_memory_reserved() : 9.4609375
2025-12-09 19:38:37,290 - INFO - torch.cuda.max_memory_allocated() : 3.36649227142334
2025-12-09 19:38:45,859 - INFO - 
[🔁 拟合反向传播时间模型]
2025-12-09 19:38:45,860 - INFO - 总反向传播时间: 8.410444s
2025-12-09 19:38:45,860 - INFO - 拟合模型: backward_total ≈ 2 × (A + B) + b
2025-12-09 19:38:45,860 - INFO - A = 7.318579, B = 0.406233, b = 0.685632s
2025-12-09 19:38:45,860 - INFO - ✅ 最优策略：[1, 1, 1, 0, 0, 0, 1, 1, 1, 1, 1, 1, 1, 1, 1, 1, 1, 1, 1, 1, 1, 1, 1, 1, 1, 1, 1, 1, 1, 1, 1, 1]
2025-12-09 19:38:45,860 - INFO - 📌 checkpoint 的欧氏长度:, [57, 71, 86]
2025-12-09 19:38:45,860 - INFO - 📌 checkpoint 的余弦长度:, []
2025-12-09 19:38:45,861 - INFO - 💾 最终显存峰值：%.2f MB % 14580.93359375
2025-12-09 19:38:45,861 - INFO - 🕒 显存计划规划时间: 0.000639 秒
