2025-12-09 19:25:17,780 - INFO - 🧮 参数显存统计（单位：MB）
2025-12-09 19:25:17,780 - INFO - [参数显存] euclidean 总计: 1.2797 MB
2025-12-09 19:25:17,780 - INFO - [参数显存] euclidean 长度=119: 0.0354 MB
2025-12-09 19:25:17,780 - INFO - [参数显存] euclidean 长度=238: 0.0708 MB
2025-12-09 19:25:17,780 - INFO - [参数显存] euclidean 长度=358: 0.1065 MB
2025-12-09 19:25:17,780 - INFO - [参数显存] euclidean 长度=478: 0.1422 MB
2025-12-09 19:25:17,780 - INFO - [参数显存] euclidean 长度=597: 0.1776 MB
2025-12-09 19:25:17,780 - INFO - [参数显存] euclidean 长度=717: 0.2133 MB
2025-12-09 19:25:17,780 - INFO - [参数显存] euclidean 长度=837: 0.2490 MB
2025-12-09 19:25:17,780 - INFO - [参数显存] euclidean 长度=957: 0.2848 MB
2025-12-09 19:25:17,780 - INFO - [参数显存] cosine 总计: 1.2797 MB
2025-12-09 19:25:17,780 - INFO - [参数显存] cosine 长度=119: 0.0354 MB
2025-12-09 19:25:17,780 - INFO - [参数显存] cosine 长度=238: 0.0708 MB
2025-12-09 19:25:17,780 - INFO - [参数显存] cosine 长度=358: 0.1065 MB
2025-12-09 19:25:17,780 - INFO - [参数显存] cosine 长度=478: 0.1422 MB
2025-12-09 19:25:17,780 - INFO - [参数显存] cosine 长度=597: 0.1776 MB
2025-12-09 19:25:17,780 - INFO - [参数显存] cosine 长度=717: 0.2133 MB
2025-12-09 19:25:17,780 - INFO - [参数显存] cosine 长度=837: 0.2490 MB
2025-12-09 19:25:17,780 - INFO - [参数显存] cosine 长度=957: 0.2848 MB
2025-12-09 19:25:17,780 - INFO - [参数显存] 模型参数总量: 1,152,556，显存: 4.3967 MB
2025-12-09 19:25:18,322 - INFO - 📌 第一个 epoch：默认所有模块使用 checkpoint
2025-12-09 19:25:19,465 - INFO - Epoch 1 completed in 1.146394 seconds
2025-12-09 19:25:19,937 - INFO - torch.cuda.max_memory_reserved() : 7.45703125
2025-12-09 19:25:19,937 - INFO - torch.cuda.max_memory_allocated() : 2.159245491027832
2025-12-09 19:25:20,501 - INFO - 
[🔁 拟合反向传播时间模型]
2025-12-09 19:25:20,501 - INFO - 总反向传播时间: 0.559549s
2025-12-09 19:25:20,501 - INFO - 拟合模型: backward_total ≈ 2 × (A + B) + b
2025-12-09 19:25:20,501 - INFO - A = 0.993499, B = 0.016774, b = -0.450724s
2025-12-09 19:25:20,501 - INFO - ✅ 最优策略：[1, 1, 0, 0, 0, 0, 0, 1, 1, 1, 1, 1, 1, 1, 1, 1, 1, 1, 1, 1, 1, 1, 1, 1, 1, 1, 1, 1, 1, 1, 1, 1]
2025-12-09 19:25:20,502 - INFO - 📌 checkpoint 的欧氏长度:, [358, 478, 597, 717, 837]
2025-12-09 19:25:20,502 - INFO - 📌 checkpoint 的余弦长度:, []
2025-12-09 19:25:20,502 - INFO - 💾 最终显存峰值：%.2f MB % 9191.5185546875
2025-12-09 19:25:20,502 - INFO - 🕒 显存计划规划时间: 0.000254 秒
