2025-12-09 19:25:30,989 - INFO - 🧮 参数显存统计（单位：MB）
2025-12-09 19:25:30,990 - INFO - [参数显存] euclidean 总计: 1.2797 MB
2025-12-09 19:25:30,990 - INFO - [参数显存] euclidean 长度=119: 0.0354 MB
2025-12-09 19:25:30,990 - INFO - [参数显存] euclidean 长度=238: 0.0708 MB
2025-12-09 19:25:30,990 - INFO - [参数显存] euclidean 长度=358: 0.1065 MB
2025-12-09 19:25:30,990 - INFO - [参数显存] euclidean 长度=478: 0.1422 MB
2025-12-09 19:25:30,990 - INFO - [参数显存] euclidean 长度=597: 0.1776 MB
2025-12-09 19:25:30,990 - INFO - [参数显存] euclidean 长度=717: 0.2133 MB
2025-12-09 19:25:30,990 - INFO - [参数显存] euclidean 长度=837: 0.2490 MB
2025-12-09 19:25:30,990 - INFO - [参数显存] euclidean 长度=957: 0.2848 MB
2025-12-09 19:25:30,990 - INFO - [参数显存] cosine 总计: 1.2797 MB
2025-12-09 19:25:30,990 - INFO - [参数显存] cosine 长度=119: 0.0354 MB
2025-12-09 19:25:30,990 - INFO - [参数显存] cosine 长度=238: 0.0708 MB
2025-12-09 19:25:30,990 - INFO - [参数显存] cosine 长度=358: 0.1065 MB
2025-12-09 19:25:30,990 - INFO - [参数显存] cosine 长度=478: 0.1422 MB
2025-12-09 19:25:30,990 - INFO - [参数显存] cosine 长度=597: 0.1776 MB
2025-12-09 19:25:30,990 - INFO - [参数显存] cosine 长度=717: 0.2133 MB
2025-12-09 19:25:30,990 - INFO - [参数显存] cosine 长度=837: 0.2490 MB
2025-12-09 19:25:30,990 - INFO - [参数显存] cosine 长度=957: 0.2848 MB
2025-12-09 19:25:30,990 - INFO - [参数显存] 模型参数总量: 1,152,556，显存: 4.3967 MB
2025-12-09 19:25:31,529 - INFO - 📌 第一个 epoch：默认所有模块使用 checkpoint
2025-12-09 19:25:32,680 - INFO - Epoch 1 completed in 1.155856 seconds
2025-12-09 19:25:33,152 - INFO - torch.cuda.max_memory_reserved() : 7.45703125
2025-12-09 19:25:33,152 - INFO - torch.cuda.max_memory_allocated() : 2.159245491027832
2025-12-09 19:25:33,718 - INFO - 
[🔁 拟合反向传播时间模型]
2025-12-09 19:25:33,719 - INFO - 总反向传播时间: 0.561731s
2025-12-09 19:25:33,719 - INFO - 拟合模型: backward_total ≈ 2 × (A + B) + b
2025-12-09 19:25:33,719 - INFO - A = 0.991738, B = 0.017539, b = -0.447546s
2025-12-09 19:25:33,720 - INFO - ✅ 最优策略：[1, 1, 1, 0, 0, 0, 1, 1, 1, 1, 1, 1, 1, 1, 1, 1, 1, 1, 1, 1, 1, 1, 1, 1, 1, 1, 1, 1, 1, 1, 1, 1]
2025-12-09 19:25:33,720 - INFO - 📌 checkpoint 的欧氏长度:, [478, 597, 717]
2025-12-09 19:25:33,720 - INFO - 📌 checkpoint 的余弦长度:, []
2025-12-09 19:25:33,720 - INFO - 💾 最终显存峰值：%.2f MB % 11871.60302734375
2025-12-09 19:25:33,720 - INFO - 🕒 显存计划规划时间: 0.000725 秒
