2025-12-09 19:48:38,514 - INFO - 🧮 参数显存统计（单位：MB）
2025-12-09 19:48:38,515 - INFO - [参数显存] euclidean 总计: 32.0842 MB
2025-12-09 19:48:38,515 - INFO - [参数显存] euclidean 长度=128: 0.4062 MB
2025-12-09 19:48:38,515 - INFO - [参数显存] euclidean 长度=452: 1.4346 MB
2025-12-09 19:48:38,515 - INFO - [参数显存] euclidean 长度=777: 2.4661 MB
2025-12-09 19:48:38,515 - INFO - [参数显存] euclidean 长度=1101: 3.4944 MB
2025-12-09 19:48:38,515 - INFO - [参数显存] euclidean 长度=1426: 4.5259 MB
2025-12-09 19:48:38,515 - INFO - [参数显存] euclidean 长度=1750: 5.5542 MB
2025-12-09 19:48:38,515 - INFO - [参数显存] euclidean 长度=2075: 6.5857 MB
2025-12-09 19:48:38,515 - INFO - [参数显存] euclidean 长度=2400: 7.6172 MB
2025-12-09 19:48:38,515 - INFO - [参数显存] cosine 总计: 32.0842 MB
2025-12-09 19:48:38,515 - INFO - [参数显存] cosine 长度=128: 0.4062 MB
2025-12-09 19:48:38,515 - INFO - [参数显存] cosine 长度=452: 1.4346 MB
2025-12-09 19:48:38,515 - INFO - [参数显存] cosine 长度=777: 2.4661 MB
2025-12-09 19:48:38,515 - INFO - [参数显存] cosine 长度=1101: 3.4944 MB
2025-12-09 19:48:38,515 - INFO - [参数显存] cosine 长度=1426: 4.5259 MB
2025-12-09 19:48:38,515 - INFO - [参数显存] cosine 长度=1750: 5.5542 MB
2025-12-09 19:48:38,515 - INFO - [参数显存] cosine 长度=2075: 6.5857 MB
2025-12-09 19:48:38,515 - INFO - [参数显存] cosine 长度=2400: 7.6172 MB
2025-12-09 19:48:38,515 - INFO - [参数显存] 模型参数总量: 25,996,146，显存: 99.1674 MB
2025-12-09 19:48:39,153 - INFO - 📌 第一个 epoch：默认所有模块使用 checkpoint
2025-12-09 19:50:58,712 - INFO - Epoch 1 completed in 139.578452 seconds
2025-12-09 19:51:32,104 - INFO - torch.cuda.max_memory_reserved() : 15.2421875
2025-12-09 19:51:32,105 - INFO - torch.cuda.max_memory_allocated() : 4.562768459320068
2025-12-09 19:53:51,334 - INFO - 
[🔁 拟合反向传播时间模型]
2025-12-09 19:53:51,334 - INFO - 总反向传播时间: 138.794904s
2025-12-09 19:53:51,334 - INFO - 拟合模型: backward_total ≈ 2 × (A + B) + b
2025-12-09 19:53:51,334 - INFO - A = 120.911399, B = 13.181443, b = 4.702062s
2025-12-09 19:53:51,334 - INFO - ✅ 最优策略：[1, 1, 0, 0, 0, 0, 0, 0, 1, 1, 1, 1, 1, 1, 1, 1, 1, 1, 1, 1, 1, 1, 1, 1, 1, 1, 1, 1, 1, 1, 1, 1]
2025-12-09 19:53:51,335 - INFO - 📌 checkpoint 的欧氏长度:, [777, 1101, 1426, 1750, 2075, 2400]
2025-12-09 19:53:51,335 - INFO - 📌 checkpoint 的余弦长度:, []
2025-12-09 19:53:51,335 - INFO - 💾 最终显存峰值：%.2f MB % 15083.607421875
2025-12-09 19:53:51,335 - INFO - 🕒 显存计划规划时间: 0.000293 秒
