2025-12-09 19:34:27,623 - INFO - 🧮 参数显存统计（单位：MB）
2025-12-09 19:34:27,623 - INFO - [参数显存] euclidean 总计: 24.4989 MB
2025-12-09 19:34:27,623 - INFO - [参数显存] euclidean 长度=14: 0.6686 MB
2025-12-09 19:34:27,623 - INFO - [参数显存] euclidean 长度=28: 1.3372 MB
2025-12-09 19:34:27,623 - INFO - [参数显存] euclidean 长度=42: 2.0058 MB
2025-12-09 19:34:27,623 - INFO - [参数显存] euclidean 长度=57: 2.7221 MB
2025-12-09 19:34:27,623 - INFO - [参数显存] euclidean 长度=71: 3.3907 MB
2025-12-09 19:34:27,623 - INFO - [参数显存] euclidean 长度=86: 4.1070 MB
2025-12-09 19:34:27,624 - INFO - [参数显存] euclidean 长度=100: 4.7756 MB
2025-12-09 19:34:27,624 - INFO - [参数显存] euclidean 长度=115: 5.4920 MB
2025-12-09 19:34:27,624 - INFO - [参数显存] cosine 总计: 24.4989 MB
2025-12-09 19:34:27,624 - INFO - [参数显存] cosine 长度=14: 0.6686 MB
2025-12-09 19:34:27,624 - INFO - [参数显存] cosine 长度=28: 1.3372 MB
2025-12-09 19:34:27,624 - INFO - [参数显存] cosine 长度=42: 2.0058 MB
2025-12-09 19:34:27,624 - INFO - [参数显存] cosine 长度=57: 2.7221 MB
2025-12-09 19:34:27,624 - INFO - [参数显存] cosine 长度=71: 3.3907 MB
2025-12-09 19:34:27,624 - INFO - [参数显存] cosine 长度=86: 4.1070 MB
2025-12-09 19:34:27,624 - INFO - [参数显存] cosine 长度=100: 4.7756 MB
2025-12-09 19:34:27,624 - INFO - [参数显存] cosine 长度=115: 5.4920 MB
2025-12-09 19:34:27,624 - INFO - [参数显存] 模型参数总量: 19,879,471，显存: 75.8342 MB
2025-12-09 19:34:28,199 - INFO - 📌 第一个 epoch：默认所有模块使用 checkpoint
2025-12-09 19:34:37,001 - INFO - Epoch 1 completed in 8.810821 seconds
2025-12-09 19:34:39,965 - INFO - torch.cuda.max_memory_reserved() : 9.4609375
2025-12-09 19:34:39,966 - INFO - torch.cuda.max_memory_allocated() : 3.36649227142334
2025-12-09 19:34:48,340 - INFO - 
[🔁 拟合反向传播时间模型]
2025-12-09 19:34:48,341 - INFO - 总反向传播时间: 8.279674s
2025-12-09 19:34:48,341 - INFO - 拟合模型: backward_total ≈ 2 × (A + B) + b
2025-12-09 19:34:48,341 - INFO - A = 7.287185, B = 0.400190, b = 0.592299s
2025-12-09 19:34:48,342 - INFO - ✅ 最优策略：[1, 1, 0, 0, 0, 0, 1, 1, 1, 1, 1, 1, 1, 1, 1, 1, 1, 1, 1, 1, 1, 1, 1, 1, 1, 1, 1, 1, 1, 1, 1, 1]
2025-12-09 19:34:48,342 - INFO - 📌 checkpoint 的欧氏长度:, [42, 57, 71, 86]
2025-12-09 19:34:48,342 - INFO - 📌 checkpoint 的余弦长度:, []
2025-12-09 19:34:48,342 - INFO - 💾 最终显存峰值：%.2f MB % 12939.64697265625
2025-12-09 19:34:48,342 - INFO - 🕒 显存计划规划时间: 0.000831 秒
2025-12-09 19:37:50,924 - INFO - 🧮 参数显存统计（单位：MB）
2025-12-09 19:37:50,924 - INFO - [参数显存] euclidean 总计: 24.4989 MB
2025-12-09 19:37:50,924 - INFO - [参数显存] euclidean 长度=14: 0.6686 MB
2025-12-09 19:37:50,924 - INFO - [参数显存] euclidean 长度=28: 1.3372 MB
2025-12-09 19:37:50,924 - INFO - [参数显存] euclidean 长度=42: 2.0058 MB
2025-12-09 19:37:50,924 - INFO - [参数显存] euclidean 长度=57: 2.7221 MB
2025-12-09 19:37:50,924 - INFO - [参数显存] euclidean 长度=71: 3.3907 MB
2025-12-09 19:37:50,924 - INFO - [参数显存] euclidean 长度=86: 4.1070 MB
2025-12-09 19:37:50,924 - INFO - [参数显存] euclidean 长度=100: 4.7756 MB
2025-12-09 19:37:50,924 - INFO - [参数显存] euclidean 长度=115: 5.4920 MB
2025-12-09 19:37:50,925 - INFO - [参数显存] cosine 总计: 24.4989 MB
2025-12-09 19:37:50,925 - INFO - [参数显存] cosine 长度=14: 0.6686 MB
2025-12-09 19:37:50,925 - INFO - [参数显存] cosine 长度=28: 1.3372 MB
2025-12-09 19:37:50,925 - INFO - [参数显存] cosine 长度=42: 2.0058 MB
2025-12-09 19:37:50,925 - INFO - [参数显存] cosine 长度=57: 2.7221 MB
2025-12-09 19:37:50,925 - INFO - [参数显存] cosine 长度=71: 3.3907 MB
2025-12-09 19:37:50,925 - INFO - [参数显存] cosine 长度=86: 4.1070 MB
2025-12-09 19:37:50,925 - INFO - [参数显存] cosine 长度=100: 4.7756 MB
2025-12-09 19:37:50,925 - INFO - [参数显存] cosine 长度=115: 5.4920 MB
2025-12-09 19:37:50,925 - INFO - [参数显存] 模型参数总量: 19,879,471，显存: 75.8342 MB
2025-12-09 19:37:51,535 - INFO - 📌 第一个 epoch：默认所有模块使用 checkpoint
2025-12-09 19:38:00,560 - INFO - Epoch 1 completed in 9.034167 seconds
2025-12-09 19:38:03,484 - INFO - torch.cuda.max_memory_reserved() : 9.4609375
2025-12-09 19:38:03,484 - INFO - torch.cuda.max_memory_allocated() : 3.36649227142334
2025-12-09 19:38:12,009 - INFO - 
[🔁 拟合反向传播时间模型]
2025-12-09 19:38:12,009 - INFO - 总反向传播时间: 8.406285s
2025-12-09 19:38:12,010 - INFO - 拟合模型: backward_total ≈ 2 × (A + B) + b
2025-12-09 19:38:12,010 - INFO - A = 7.325264, B = 0.408032, b = 0.672989s
2025-12-09 19:38:12,010 - INFO - ✅ 最优策略：[1, 1, 0, 0, 0, 0, 1, 1, 1, 1, 1, 1, 1, 1, 1, 1, 1, 1, 1, 1, 1, 1, 1, 1, 1, 1, 1, 1, 1, 1, 1, 1]
2025-12-09 19:38:12,010 - INFO - 📌 checkpoint 的欧氏长度:, [42, 57, 71, 86]
2025-12-09 19:38:12,010 - INFO - 📌 checkpoint 的余弦长度:, []
2025-12-09 19:38:12,011 - INFO - 💾 最终显存峰值：%.2f MB % 12939.64697265625
2025-12-09 19:38:12,011 - INFO - 🕒 显存计划规划时间: 0.000815 秒
