2025-12-09 19:35:34,639 - INFO - 🧮 参数显存统计（单位：MB）
2025-12-09 19:35:34,639 - INFO - [参数显存] euclidean 总计: 24.4989 MB
2025-12-09 19:35:34,639 - INFO - [参数显存] euclidean 长度=14: 0.6686 MB
2025-12-09 19:35:34,639 - INFO - [参数显存] euclidean 长度=28: 1.3372 MB
2025-12-09 19:35:34,639 - INFO - [参数显存] euclidean 长度=42: 2.0058 MB
2025-12-09 19:35:34,639 - INFO - [参数显存] euclidean 长度=57: 2.7221 MB
2025-12-09 19:35:34,639 - INFO - [参数显存] euclidean 长度=71: 3.3907 MB
2025-12-09 19:35:34,639 - INFO - [参数显存] euclidean 长度=86: 4.1070 MB
2025-12-09 19:35:34,639 - INFO - [参数显存] euclidean 长度=100: 4.7756 MB
2025-12-09 19:35:34,639 - INFO - [参数显存] euclidean 长度=115: 5.4920 MB
2025-12-09 19:35:34,639 - INFO - [参数显存] cosine 总计: 24.4989 MB
2025-12-09 19:35:34,639 - INFO - [参数显存] cosine 长度=14: 0.6686 MB
2025-12-09 19:35:34,639 - INFO - [参数显存] cosine 长度=28: 1.3372 MB
2025-12-09 19:35:34,639 - INFO - [参数显存] cosine 长度=42: 2.0058 MB
2025-12-09 19:35:34,639 - INFO - [参数显存] cosine 长度=57: 2.7221 MB
2025-12-09 19:35:34,639 - INFO - [参数显存] cosine 长度=71: 3.3907 MB
2025-12-09 19:35:34,639 - INFO - [参数显存] cosine 长度=86: 4.1070 MB
2025-12-09 19:35:34,639 - INFO - [参数显存] cosine 长度=100: 4.7756 MB
2025-12-09 19:35:34,639 - INFO - [参数显存] cosine 长度=115: 5.4920 MB
2025-12-09 19:35:34,639 - INFO - [参数显存] 模型参数总量: 19,879,471，显存: 75.8342 MB
2025-12-09 19:35:35,224 - INFO - 📌 第一个 epoch：默认所有模块使用 checkpoint
2025-12-09 19:35:44,086 - INFO - Epoch 1 completed in 8.874713 seconds
2025-12-09 19:35:46,968 - INFO - torch.cuda.max_memory_reserved() : 9.4609375
2025-12-09 19:35:46,968 - INFO - torch.cuda.max_memory_allocated() : 3.36649227142334
2025-12-09 19:35:55,335 - INFO - 
[🔁 拟合反向传播时间模型]
2025-12-09 19:35:55,335 - INFO - 总反向传播时间: 8.280226s
2025-12-09 19:35:55,335 - INFO - 拟合模型: backward_total ≈ 2 × (A + B) + b
2025-12-09 19:35:55,335 - INFO - A = 7.298323, B = 0.403750, b = 0.578153s
2025-12-09 19:35:55,335 - INFO - ✅ 最优策略：[1, 1, 1, 0, 0, 1, 1, 1, 1, 1, 1, 1, 1, 1, 1, 1, 1, 1, 1, 1, 1, 1, 1, 1, 1, 1, 1, 1, 1, 1, 1, 1]
2025-12-09 19:35:55,335 - INFO - 📌 checkpoint 的欧氏长度:, [57, 71]
2025-12-09 19:35:55,335 - INFO - 📌 checkpoint 的余弦长度:, []
2025-12-09 19:35:55,335 - INFO - 💾 最终显存峰值：%.2f MB % 16533.306640625
2025-12-09 19:35:55,335 - INFO - 🕒 显存计划规划时间: 0.000250 秒
2025-12-09 19:38:59,396 - INFO - 🧮 参数显存统计（单位：MB）
2025-12-09 19:38:59,396 - INFO - [参数显存] euclidean 总计: 24.4989 MB
2025-12-09 19:38:59,396 - INFO - [参数显存] euclidean 长度=14: 0.6686 MB
2025-12-09 19:38:59,396 - INFO - [参数显存] euclidean 长度=28: 1.3372 MB
2025-12-09 19:38:59,396 - INFO - [参数显存] euclidean 长度=42: 2.0058 MB
2025-12-09 19:38:59,396 - INFO - [参数显存] euclidean 长度=57: 2.7221 MB
2025-12-09 19:38:59,396 - INFO - [参数显存] euclidean 长度=71: 3.3907 MB
2025-12-09 19:38:59,396 - INFO - [参数显存] euclidean 长度=86: 4.1070 MB
2025-12-09 19:38:59,397 - INFO - [参数显存] euclidean 长度=100: 4.7756 MB
2025-12-09 19:38:59,397 - INFO - [参数显存] euclidean 长度=115: 5.4920 MB
2025-12-09 19:38:59,397 - INFO - [参数显存] cosine 总计: 24.4989 MB
2025-12-09 19:38:59,397 - INFO - [参数显存] cosine 长度=14: 0.6686 MB
2025-12-09 19:38:59,397 - INFO - [参数显存] cosine 长度=28: 1.3372 MB
2025-12-09 19:38:59,397 - INFO - [参数显存] cosine 长度=42: 2.0058 MB
2025-12-09 19:38:59,397 - INFO - [参数显存] cosine 长度=57: 2.7221 MB
2025-12-09 19:38:59,397 - INFO - [参数显存] cosine 长度=71: 3.3907 MB
2025-12-09 19:38:59,397 - INFO - [参数显存] cosine 长度=86: 4.1070 MB
2025-12-09 19:38:59,397 - INFO - [参数显存] cosine 长度=100: 4.7756 MB
2025-12-09 19:38:59,397 - INFO - [参数显存] cosine 长度=115: 5.4920 MB
2025-12-09 19:38:59,397 - INFO - [参数显存] 模型参数总量: 19,879,471，显存: 75.8342 MB
2025-12-09 19:39:00,008 - INFO - 📌 第一个 epoch：默认所有模块使用 checkpoint
2025-12-09 19:39:09,025 - INFO - Epoch 1 completed in 9.035396 seconds
2025-12-09 19:39:12,018 - INFO - torch.cuda.max_memory_reserved() : 9.4609375
2025-12-09 19:39:12,018 - INFO - torch.cuda.max_memory_allocated() : 3.36649227142334
2025-12-09 19:39:20,593 - INFO - 
[🔁 拟合反向传播时间模型]
2025-12-09 19:39:20,594 - INFO - 总反向传播时间: 8.457285s
2025-12-09 19:39:20,594 - INFO - 拟合模型: backward_total ≈ 2 × (A + B) + b
2025-12-09 19:39:20,594 - INFO - A = 7.321614, B = 0.407836, b = 0.727835s
2025-12-09 19:39:20,594 - INFO - ✅ 最优策略：[1, 1, 1, 0, 0, 1, 1, 1, 1, 1, 1, 1, 1, 1, 1, 1, 1, 1, 1, 1, 1, 1, 1, 1, 1, 1, 1, 1, 1, 1, 1, 1]
2025-12-09 19:39:20,594 - INFO - 📌 checkpoint 的欧氏长度:, [57, 71]
2025-12-09 19:39:20,594 - INFO - 📌 checkpoint 的余弦长度:, []
2025-12-09 19:39:20,594 - INFO - 💾 最终显存峰值：%.2f MB % 16533.306640625
2025-12-09 19:39:20,594 - INFO - 🕒 显存计划规划时间: 0.000283 秒
