2025-10-18 23:46:14,717 - INFO - 📌 第一个 epoch：默认所有模块使用 checkpoint
2025-10-18 23:46:15,884 - INFO - Epoch 1 completed in 1.172013 seconds
2025-10-18 23:46:16,361 - INFO - torch.cuda.max_memory_reserved() : 7.45703125
2025-10-18 23:46:16,954 - INFO - 
[🔁 拟合反向传播时间模型]
2025-10-18 23:46:16,954 - INFO - 总反向传播时间: 0.588530s
2025-10-18 23:46:16,954 - INFO - 拟合模型: backward_total ≈ 2 × (A + B) + b
2025-10-18 23:46:16,954 - INFO - A = 0.939092, B = 0.018439, b = -0.369001s
2025-10-18 23:46:16,977 - INFO - Set parameter LicenseID to value 2706656
2025-10-18 23:46:16,981 - INFO - Set parameter LogToConsole to value 1
2025-10-18 23:46:16,982 - INFO - Set parameter LogFile to value ""
2025-10-18 23:46:16,982 - INFO - Set parameter Threads to value 12
2025-10-18 23:46:16,982 - INFO - Set parameter TimeLimit to value 3600
2025-10-18 23:46:16,982 - INFO - Set parameter Method to value 1
2025-10-18 23:46:17,036 - INFO - Set parameter TimeLimit to value 3000
2025-10-18 23:46:17,037 - INFO - Gurobi Optimizer version 12.0.3 build v12.0.3rc0 (linux64 - "Ubuntu 20.04.6 LTS")
2025-10-18 23:46:17,037 - INFO - 
2025-10-18 23:46:17,037 - INFO - CPU model: Intel(R) Xeon(R) Platinum 8260 CPU @ 2.40GHz, instruction set [SSE2|AVX|AVX2|AVX512]
2025-10-18 23:46:17,037 - INFO - Thread count: 48 physical cores, 96 logical processors, using up to 12 threads
2025-10-18 23:46:17,037 - INFO - 
2025-10-18 23:46:17,037 - INFO - Non-default parameters:
2025-10-18 23:46:17,037 - INFO - TimeLimit  3000
2025-10-18 23:46:17,037 - INFO - Method  1
2025-10-18 23:46:17,037 - INFO - Threads  12
2025-10-18 23:46:17,037 - INFO - 
2025-10-18 23:46:17,037 - INFO - Optimize a model with 3892 rows, 1699 columns and 20398 nonzeros
2025-10-18 23:46:17,037 - INFO - Model fingerprint: 0xbb3428ec
2025-10-18 23:46:17,038 - INFO - Variable types: 0 continuous, 1699 integer (1699 binary)
2025-10-18 23:46:17,038 - INFO - Coefficient statistics:
2025-10-18 23:46:17,038 - INFO -   Matrix range     [1e+00, 4e+15]
2025-10-18 23:46:17,038 - INFO -   Objective range  [5e+04, 2e+06]
2025-10-18 23:46:17,038 - INFO -   Bounds range     [1e+00, 1e+00]
2025-10-18 23:46:17,038 - INFO -   RHS range        [1e+00, 2e+16]
2025-10-18 23:46:17,038 - INFO - Warning: Model contains large matrix coefficient range
2025-10-18 23:46:17,038 - INFO - Warning: Model contains large rhs
2025-10-18 23:46:17,038 - INFO -          Consider reformulating model or setting NumericFocus parameter
2025-10-18 23:46:17,038 - INFO -          to avoid numerical issues.
2025-10-18 23:46:17,038 - INFO - Found heuristic solution: objective 3.815889e+07
2025-10-18 23:46:17,055 - INFO - Presolve removed 3745 rows and 1554 columns
2025-10-18 23:46:17,056 - INFO - Presolve time: 0.02s
2025-10-18 23:46:17,056 - INFO - Presolved: 147 rows, 145 columns, 1333 nonzeros
2025-10-18 23:46:17,056 - INFO - Variable types: 0 continuous, 145 integer (145 binary)
2025-10-18 23:46:17,056 - INFO - Found heuristic solution: objective 3.535320e+07
2025-10-18 23:46:17,057 - INFO - 
2025-10-18 23:46:17,057 - INFO - Root relaxation: objective 2.565403e+07, 67 iterations, 0.00 seconds (0.00 work units)
2025-10-18 23:46:17,057 - INFO - 
2025-10-18 23:46:17,057 - INFO -     Nodes    |    Current Node    |     Objective Bounds      |     Work
2025-10-18 23:46:17,057 - INFO -  Expl Unexpl |  Obj  Depth IntInf | Incumbent    BestBd   Gap | It/Node Time
2025-10-18 23:46:17,057 - INFO - 
2025-10-18 23:46:17,058 - INFO - H    0     0                    2.568797e+07 2.5654e+07  0.13%     -    0s
2025-10-18 23:46:17,059 - INFO -      0     0 2.5654e+07    0    5 2.5688e+07 2.5654e+07  0.13%     -    0s
2025-10-18 23:46:17,060 - INFO - H    0     0                    2.568132e+07 2.5654e+07  0.11%     -    0s
2025-10-18 23:46:17,069 - INFO -      0     0 2.5671e+07    0   12 2.5681e+07 2.5671e+07  0.04%     -    0s
2025-10-18 23:46:17,072 - INFO - 
2025-10-18 23:46:17,072 - INFO - Explored 1 nodes (113 simplex iterations) in 0.03 seconds (0.03 work units)
2025-10-18 23:46:17,072 - INFO - Thread count was 12 (of 96 available processors)
2025-10-18 23:46:17,072 - INFO - 
2025-10-18 23:46:17,072 - INFO - Solution count 6: 2.56813e+07 2.5688e+07 2.57998e+07 ... 3.81589e+07
2025-10-18 23:46:17,072 - INFO - 
2025-10-18 23:46:17,072 - INFO - Optimal solution found (tolerance 1.00e-04)
2025-10-18 23:46:17,072 - INFO - Best objective 2.568131800000e+07, best bound 2.568131800000e+07, gap 0.0000%
2025-10-18 23:46:17,078 - INFO - 规划前的显存GB：14.0
2025-10-18 23:46:17,078 - INFO - 规划后的显存GB：12.247406959533691
2025-10-18 23:46:17,078 - INFO - ✅ 最优策略：[True, True, True, True, True, True, True, True, False, True, True, True, True, False, False, False]
2025-10-18 23:46:17,079 - INFO - 📌 checkpoint 的欧氏长度:, []
2025-10-18 23:46:17,079 - INFO - 📌 checkpoint 的余弦长度:, [119, 717, 837, 957]
2025-10-18 23:46:17,079 - INFO - 💾 最终显存峰值：%.2f MB % 14191.99333190918
2025-10-18 23:46:17,079 - INFO - Epoch 2 completed in 0.717043 seconds
2025-10-18 23:46:17,079 - INFO - torch.cuda.max_memory_reserved() : 7.45703125
2025-10-18 23:46:17,505 - INFO - Epoch 3 completed in 0.425096 seconds
2025-10-18 23:46:17,505 - INFO - 
====================== [第1个 Epoch 收集统计数据] ======================
2025-10-18 23:46:17,505 - INFO - 
🔍 EUCLIDEAN modules:
2025-10-18 23:46:17,505 - INFO - [Shapelet 119] forward_avg=0.017715s over 2 calls | peak=574.44MB | final=0.00MB
2025-10-18 23:46:17,505 - INFO - [Shapelet 238] forward_avg=0.010342s over 2 calls | peak=1015.43MB | final=0.00MB
2025-10-18 23:46:17,505 - INFO - [Shapelet 358] forward_avg=0.016393s over 2 calls | peak=1333.82MB | final=0.00MB
2025-10-18 23:46:17,506 - INFO - [Shapelet 478] forward_avg=0.018838s over 2 calls | peak=1527.39MB | final=0.00MB
2025-10-18 23:46:17,506 - INFO - [Shapelet 597] forward_avg=0.018498s over 2 calls | peak=1593.80MB | final=0.00MB
2025-10-18 23:46:17,506 - INFO - [Shapelet 717] forward_avg=0.015871s over 2 calls | peak=1532.89MB | final=0.00MB
2025-10-18 23:46:17,506 - INFO - [Shapelet 837] forward_avg=0.014187s over 2 calls | peak=1346.26MB | final=0.00MB
2025-10-18 23:46:17,506 - INFO - [Shapelet 957] forward_avg=0.010563s over 2 calls | peak=1033.37MB | final=0.00MB
2025-10-18 23:46:17,506 - INFO - 
🔍 COSINE modules:
2025-10-18 23:46:17,506 - INFO - [Shapelet 119] forward_avg=0.001971s over 2 calls | peak=377.76MB | final=0.00MB
2025-10-18 23:46:17,506 - INFO - [Shapelet 238] forward_avg=0.003008s over 2 calls | peak=670.78MB | final=0.00MB
2025-10-18 23:46:17,506 - INFO - [Shapelet 358] forward_avg=0.004056s over 2 calls | peak=882.25MB | final=0.00MB
2025-10-18 23:46:17,507 - INFO - [Shapelet 478] forward_avg=0.006882s over 2 calls | peak=1010.33MB | final=0.00MB
2025-10-18 23:46:17,507 - INFO - [Shapelet 597] forward_avg=0.006897s over 2 calls | peak=1052.88MB | final=0.00MB
2025-10-18 23:46:17,507 - INFO - [Shapelet 717] forward_avg=0.004346s over 2 calls | peak=1012.70MB | final=0.00MB
2025-10-18 23:46:17,507 - INFO - [Shapelet 837] forward_avg=0.003895s over 2 calls | peak=885.75MB | final=0.00MB
2025-10-18 23:46:17,507 - INFO - [Shapelet 957] forward_avg=0.003053s over 2 calls | peak=676.20MB | final=0.00MB
2025-10-18 23:46:17,507 - INFO - 
🔍 CROSS modules:
2025-10-18 23:46:17,507 - INFO - [Shapelet 119] forward_avg=0.000553s over 2 calls
2025-10-18 23:46:17,507 - INFO - [Shapelet 238] forward_avg=0.000454s over 2 calls
2025-10-18 23:46:17,507 - INFO - [Shapelet 358] forward_avg=0.000580s over 2 calls
2025-10-18 23:46:17,507 - INFO - [Shapelet 478] forward_avg=0.000730s over 2 calls
2025-10-18 23:46:17,508 - INFO - [Shapelet 597] forward_avg=0.000605s over 2 calls
2025-10-18 23:46:17,508 - INFO - [Shapelet 717] forward_avg=0.000549s over 2 calls
2025-10-18 23:46:17,508 - INFO - [Shapelet 837] forward_avg=0.000601s over 2 calls
2025-10-18 23:46:17,508 - INFO - [Shapelet 957] forward_avg=0.000538s over 2 calls
2025-10-18 23:46:17,508 - INFO - 
💾 模型第一次反向传播阶段的显存峰值（所有模块中的最大值）: 8221.40 MB
2025-10-18 23:46:17,508 - INFO - 
💾 模型初始显存: 9.69 MB
2025-10-18 23:46:17,508 - INFO - =======================================================================

2025-10-18 23:46:17,509 - INFO - torch.cuda.max_memory_reserved() : 12.11328125
2025-10-18 23:46:17,956 - INFO - Epoch 4 completed in 0.445634 seconds
2025-10-18 23:46:17,956 - INFO - torch.cuda.max_memory_reserved() : 12.11328125
2025-10-18 23:46:18,416 - INFO - Epoch 5 completed in 0.458833 seconds
2025-10-18 23:46:18,417 - INFO - torch.cuda.max_memory_reserved() : 12.11328125
2025-10-18 23:46:18,833 - INFO - Epoch 6 completed in 0.415004 seconds
2025-10-18 23:46:18,834 - INFO - torch.cuda.max_memory_reserved() : 12.11328125
2025-10-18 23:46:19,250 - INFO - Epoch 7 completed in 0.416093 seconds
2025-10-18 23:46:19,251 - INFO - torch.cuda.max_memory_reserved() : 12.11328125
2025-10-18 23:46:19,697 - INFO - Epoch 8 completed in 0.444519 seconds
2025-10-18 23:46:19,697 - INFO - torch.cuda.max_memory_reserved() : 12.11328125
2025-10-18 23:46:20,152 - INFO - Epoch 9 completed in 0.454189 seconds
2025-10-18 23:46:20,152 - INFO - torch.cuda.max_memory_reserved() : 12.11328125
2025-10-18 23:46:20,594 - INFO - Epoch 10 completed in 0.440733 seconds
2025-10-18 23:46:21,044 - INFO - torch.cuda.max_memory_reserved() : 12.11328125
2025-10-18 23:46:21,045 - INFO - !!!采用策略后的几个epoch 平均时间:0.43751269578933716
2025-10-18 23:46:21,045 - INFO - 



