2025-10-18 23:45:45,775 - INFO - 📌 第一个 epoch：默认所有模块使用 checkpoint
2025-10-18 23:45:46,958 - INFO - Epoch 1 completed in 1.187815 seconds
2025-10-18 23:45:47,423 - INFO - torch.cuda.max_memory_reserved() : 7.45703125
2025-10-18 23:45:48,022 - INFO - 
[🔁 拟合反向传播时间模型]
2025-10-18 23:45:48,023 - INFO - 总反向传播时间: 0.595215s
2025-10-18 23:45:48,023 - INFO - 拟合模型: backward_total ≈ 2 × (A + B) + b
2025-10-18 23:45:48,023 - INFO - A = 0.976338, B = 0.018723, b = -0.399846s
2025-10-18 23:45:48,051 - INFO - Set parameter LicenseID to value 2706656
2025-10-18 23:45:48,055 - INFO - Set parameter LogToConsole to value 1
2025-10-18 23:45:48,055 - INFO - Set parameter LogFile to value ""
2025-10-18 23:45:48,055 - INFO - Set parameter Threads to value 12
2025-10-18 23:45:48,055 - INFO - Set parameter TimeLimit to value 3600
2025-10-18 23:45:48,055 - INFO - Set parameter Method to value 1
2025-10-18 23:45:48,106 - INFO - Set parameter TimeLimit to value 3000
2025-10-18 23:45:48,108 - INFO - Gurobi Optimizer version 12.0.3 build v12.0.3rc0 (linux64 - "Ubuntu 20.04.6 LTS")
2025-10-18 23:45:48,108 - INFO - 
2025-10-18 23:45:48,108 - INFO - CPU model: Intel(R) Xeon(R) Platinum 8260 CPU @ 2.40GHz, instruction set [SSE2|AVX|AVX2|AVX512]
2025-10-18 23:45:48,108 - INFO - Thread count: 48 physical cores, 96 logical processors, using up to 12 threads
2025-10-18 23:45:48,108 - INFO - 
2025-10-18 23:45:48,108 - INFO - Non-default parameters:
2025-10-18 23:45:48,108 - INFO - TimeLimit  3000
2025-10-18 23:45:48,108 - INFO - Method  1
2025-10-18 23:45:48,108 - INFO - Threads  12
2025-10-18 23:45:48,108 - INFO - 
2025-10-18 23:45:48,108 - INFO - Optimize a model with 3892 rows, 1699 columns and 20398 nonzeros
2025-10-18 23:45:48,108 - INFO - Model fingerprint: 0x799dd94a
2025-10-18 23:45:48,108 - INFO - Variable types: 0 continuous, 1699 integer (1699 binary)
2025-10-18 23:45:48,108 - INFO - Coefficient statistics:
2025-10-18 23:45:48,108 - INFO -   Matrix range     [1e+00, 4e+15]
2025-10-18 23:45:48,108 - INFO -   Objective range  [5e+04, 2e+06]
2025-10-18 23:45:48,108 - INFO -   Bounds range     [1e+00, 1e+00]
2025-10-18 23:45:48,109 - INFO -   RHS range        [1e+00, 1e+16]
2025-10-18 23:45:48,109 - INFO - Warning: Model contains large matrix coefficient range
2025-10-18 23:45:48,109 - INFO - Warning: Model contains large rhs
2025-10-18 23:45:48,109 - INFO -          Consider reformulating model or setting NumericFocus parameter
2025-10-18 23:45:48,109 - INFO -          to avoid numerical issues.
2025-10-18 23:45:48,109 - INFO - Found heuristic solution: objective 3.941970e+07
2025-10-18 23:45:48,126 - INFO - Presolve removed 3702 rows and 1522 columns
2025-10-18 23:45:48,126 - INFO - Presolve time: 0.02s
2025-10-18 23:45:48,126 - INFO - Presolved: 190 rows, 177 columns, 1680 nonzeros
2025-10-18 23:45:48,127 - INFO - Variable types: 0 continuous, 177 integer (177 binary)
2025-10-18 23:45:48,127 - INFO - Found heuristic solution: objective 3.661828e+07
2025-10-18 23:45:48,128 - INFO - 
2025-10-18 23:45:48,128 - INFO - Root relaxation: objective 2.663536e+07, 91 iterations, 0.00 seconds (0.00 work units)
2025-10-18 23:45:48,128 - INFO - 
2025-10-18 23:45:48,128 - INFO -     Nodes    |    Current Node    |     Objective Bounds      |     Work
2025-10-18 23:45:48,128 - INFO -  Expl Unexpl |  Obj  Depth IntInf | Incumbent    BestBd   Gap | It/Node Time
2025-10-18 23:45:48,128 - INFO - 
2025-10-18 23:45:48,128 - INFO - H    0     0                    2.665922e+07 2.6635e+07  0.09%     -    0s
2025-10-18 23:45:48,130 - INFO -      0     0 2.6635e+07    0    7 2.6659e+07 2.6635e+07  0.09%     -    0s
2025-10-18 23:45:48,134 - INFO - H    0     0                    2.664675e+07 2.6635e+07  0.04%     -    0s
2025-10-18 23:45:48,141 - INFO - 
2025-10-18 23:45:48,141 - INFO - Cutting planes:
2025-10-18 23:45:48,141 - INFO -   Cover: 5
2025-10-18 23:45:48,141 - INFO -   Clique: 2
2025-10-18 23:45:48,141 - INFO -   RLT: 3
2025-10-18 23:45:48,141 - INFO -   PSD: 1
2025-10-18 23:45:48,141 - INFO - 
2025-10-18 23:45:48,141 - INFO - Explored 1 nodes (130 simplex iterations) in 0.03 seconds (0.03 work units)
2025-10-18 23:45:48,141 - INFO - Thread count was 12 (of 96 available processors)
2025-10-18 23:45:48,141 - INFO - 
2025-10-18 23:45:48,141 - INFO - Solution count 4: 2.66468e+07 2.66592e+07 3.66183e+07 3.94197e+07 
2025-10-18 23:45:48,141 - INFO - 
2025-10-18 23:45:48,141 - INFO - Optimal solution found (tolerance 1.00e-04)
2025-10-18 23:45:48,141 - INFO - Best objective 2.664675100000e+07, best bound 2.664675100000e+07, gap 0.0000%
2025-10-18 23:45:48,147 - INFO - 规划前的显存GB：12.0
2025-10-18 23:45:48,147 - INFO - 规划后的显存GB：10.605700969696045
2025-10-18 23:45:48,147 - INFO - ✅ 最优策略：[True, True, True, True, True, True, True, True, False, True, False, True, False, False, False, False]
2025-10-18 23:45:48,147 - INFO - 📌 checkpoint 的欧氏长度:, []
2025-10-18 23:45:48,147 - INFO - 📌 checkpoint 的余弦长度:, [119, 358, 597, 717, 837, 957]
2025-10-18 23:45:48,147 - INFO - 💾 最终显存峰值：%.2f MB % 14191.99333190918
2025-10-18 23:45:48,147 - INFO - Epoch 2 completed in 0.724082 seconds
2025-10-18 23:45:48,148 - INFO - torch.cuda.max_memory_reserved() : 7.45703125
2025-10-18 23:45:48,614 - INFO - Epoch 3 completed in 0.466085 seconds
2025-10-18 23:45:48,614 - INFO - 
====================== [第1个 Epoch 收集统计数据] ======================
2025-10-18 23:45:48,615 - INFO - 
🔍 EUCLIDEAN modules:
2025-10-18 23:45:48,615 - INFO - [Shapelet 119] forward_avg=0.017698s over 2 calls | peak=574.44MB | final=0.00MB
2025-10-18 23:45:48,615 - INFO - [Shapelet 238] forward_avg=0.010316s over 2 calls | peak=1015.43MB | final=0.00MB
2025-10-18 23:45:48,615 - INFO - [Shapelet 358] forward_avg=0.017426s over 2 calls | peak=1333.82MB | final=0.00MB
2025-10-18 23:45:48,615 - INFO - [Shapelet 478] forward_avg=0.018819s over 2 calls | peak=1527.39MB | final=0.00MB
2025-10-18 23:45:48,615 - INFO - [Shapelet 597] forward_avg=0.019637s over 2 calls | peak=1593.80MB | final=0.00MB
2025-10-18 23:45:48,615 - INFO - [Shapelet 717] forward_avg=0.016895s over 2 calls | peak=1532.89MB | final=0.00MB
2025-10-18 23:45:48,615 - INFO - [Shapelet 837] forward_avg=0.014128s over 2 calls | peak=1346.26MB | final=0.00MB
2025-10-18 23:45:48,616 - INFO - [Shapelet 957] forward_avg=0.011619s over 2 calls | peak=1033.37MB | final=0.00MB
2025-10-18 23:45:48,616 - INFO - 
🔍 COSINE modules:
2025-10-18 23:45:48,616 - INFO - [Shapelet 119] forward_avg=0.002011s over 2 calls | peak=377.76MB | final=0.00MB
2025-10-18 23:45:48,616 - INFO - [Shapelet 238] forward_avg=0.003001s over 2 calls | peak=670.78MB | final=0.00MB
2025-10-18 23:45:48,616 - INFO - [Shapelet 358] forward_avg=0.005059s over 2 calls | peak=882.25MB | final=0.00MB
2025-10-18 23:45:48,616 - INFO - [Shapelet 478] forward_avg=0.006869s over 2 calls | peak=1010.33MB | final=0.00MB
2025-10-18 23:45:48,616 - INFO - [Shapelet 597] forward_avg=0.007958s over 2 calls | peak=1052.88MB | final=0.00MB
2025-10-18 23:45:48,616 - INFO - [Shapelet 717] forward_avg=0.004343s over 2 calls | peak=1012.70MB | final=0.00MB
2025-10-18 23:45:48,616 - INFO - [Shapelet 837] forward_avg=0.003901s over 2 calls | peak=885.75MB | final=0.00MB
2025-10-18 23:45:48,617 - INFO - [Shapelet 957] forward_avg=0.003043s over 2 calls | peak=676.20MB | final=0.00MB
2025-10-18 23:45:48,617 - INFO - 
🔍 CROSS modules:
2025-10-18 23:45:48,617 - INFO - [Shapelet 119] forward_avg=0.000561s over 2 calls
2025-10-18 23:45:48,617 - INFO - [Shapelet 238] forward_avg=0.000457s over 2 calls
2025-10-18 23:45:48,617 - INFO - [Shapelet 358] forward_avg=0.000609s over 2 calls
2025-10-18 23:45:48,617 - INFO - [Shapelet 478] forward_avg=0.000734s over 2 calls
2025-10-18 23:45:48,617 - INFO - [Shapelet 597] forward_avg=0.000614s over 2 calls
2025-10-18 23:45:48,617 - INFO - [Shapelet 717] forward_avg=0.000554s over 2 calls
2025-10-18 23:45:48,617 - INFO - [Shapelet 837] forward_avg=0.000613s over 2 calls
2025-10-18 23:45:48,618 - INFO - [Shapelet 957] forward_avg=0.000539s over 2 calls
2025-10-18 23:45:48,618 - INFO - 
💾 模型第一次反向传播阶段的显存峰值（所有模块中的最大值）: 7417.85 MB
2025-10-18 23:45:48,618 - INFO - 
💾 模型初始显存: 9.69 MB
2025-10-18 23:45:48,618 - INFO - =======================================================================

2025-10-18 23:45:48,618 - INFO - torch.cuda.max_memory_reserved() : 11.1015625
2025-10-18 23:45:49,129 - INFO - Epoch 4 completed in 0.509596 seconds
2025-10-18 23:45:49,130 - INFO - torch.cuda.max_memory_reserved() : 11.1015625
2025-10-18 23:45:49,615 - INFO - Epoch 5 completed in 0.483602 seconds
2025-10-18 23:45:49,616 - INFO - torch.cuda.max_memory_reserved() : 11.1015625
2025-10-18 23:45:50,051 - INFO - Epoch 6 completed in 0.434018 seconds
2025-10-18 23:45:50,051 - INFO - torch.cuda.max_memory_reserved() : 11.1015625
2025-10-18 23:45:50,480 - INFO - Epoch 7 completed in 0.428351 seconds
2025-10-18 23:45:50,481 - INFO - torch.cuda.max_memory_reserved() : 11.1015625
2025-10-18 23:45:50,948 - INFO - Epoch 8 completed in 0.465738 seconds
2025-10-18 23:45:50,949 - INFO - torch.cuda.max_memory_reserved() : 11.1015625
2025-10-18 23:45:51,431 - INFO - Epoch 9 completed in 0.479971 seconds
2025-10-18 23:45:51,432 - INFO - torch.cuda.max_memory_reserved() : 11.1015625
2025-10-18 23:45:51,915 - INFO - Epoch 10 completed in 0.482386 seconds
2025-10-18 23:45:52,364 - INFO - torch.cuda.max_memory_reserved() : 11.1015625
2025-10-18 23:45:52,365 - INFO - !!!采用策略后的几个epoch 平均时间:0.46871843934059143
2025-10-18 23:45:52,365 - INFO - 



