2025-10-18 23:45:16,604 - INFO - 📌 第一个 epoch：默认所有模块使用 checkpoint
2025-10-18 23:45:17,782 - INFO - Epoch 1 completed in 1.181739 seconds
2025-10-18 23:45:18,264 - INFO - torch.cuda.max_memory_reserved() : 7.45703125
2025-10-18 23:45:18,862 - INFO - 
[🔁 拟合反向传播时间模型]
2025-10-18 23:45:18,862 - INFO - 总反向传播时间: 0.593297s
2025-10-18 23:45:18,863 - INFO - 拟合模型: backward_total ≈ 2 × (A + B) + b
2025-10-18 23:45:18,863 - INFO - A = 0.970593, B = 0.018902, b = -0.396198s
2025-10-18 23:45:18,891 - INFO - Set parameter LicenseID to value 2706656
2025-10-18 23:45:18,894 - INFO - Set parameter LogToConsole to value 1
2025-10-18 23:45:18,895 - INFO - Set parameter LogFile to value ""
2025-10-18 23:45:18,895 - INFO - Set parameter Threads to value 12
2025-10-18 23:45:18,895 - INFO - Set parameter TimeLimit to value 3600
2025-10-18 23:45:18,895 - INFO - Set parameter Method to value 1
2025-10-18 23:45:18,948 - INFO - Set parameter TimeLimit to value 3000
2025-10-18 23:45:18,950 - INFO - Gurobi Optimizer version 12.0.3 build v12.0.3rc0 (linux64 - "Ubuntu 20.04.6 LTS")
2025-10-18 23:45:18,950 - INFO - 
2025-10-18 23:45:18,950 - INFO - CPU model: Intel(R) Xeon(R) Platinum 8260 CPU @ 2.40GHz, instruction set [SSE2|AVX|AVX2|AVX512]
2025-10-18 23:45:18,950 - INFO - Thread count: 48 physical cores, 96 logical processors, using up to 12 threads
2025-10-18 23:45:18,950 - INFO - 
2025-10-18 23:45:18,950 - INFO - Non-default parameters:
2025-10-18 23:45:18,950 - INFO - TimeLimit  3000
2025-10-18 23:45:18,950 - INFO - Method  1
2025-10-18 23:45:18,950 - INFO - Threads  12
2025-10-18 23:45:18,950 - INFO - 
2025-10-18 23:45:18,950 - INFO - Optimize a model with 3892 rows, 1699 columns and 20398 nonzeros
2025-10-18 23:45:18,950 - INFO - Model fingerprint: 0xebcf886b
2025-10-18 23:45:18,950 - INFO - Variable types: 0 continuous, 1699 integer (1699 binary)
2025-10-18 23:45:18,950 - INFO - Coefficient statistics:
2025-10-18 23:45:18,950 - INFO -   Matrix range     [1e+00, 4e+15]
2025-10-18 23:45:18,950 - INFO -   Objective range  [5e+04, 2e+06]
2025-10-18 23:45:18,950 - INFO -   Bounds range     [1e+00, 1e+00]
2025-10-18 23:45:18,950 - INFO -   RHS range        [1e+00, 1e+16]
2025-10-18 23:45:18,950 - INFO - Warning: Model contains large matrix coefficient range
2025-10-18 23:45:18,951 - INFO - Warning: Model contains large rhs
2025-10-18 23:45:18,951 - INFO -          Consider reformulating model or setting NumericFocus parameter
2025-10-18 23:45:18,951 - INFO -          to avoid numerical issues.
2025-10-18 23:45:18,951 - INFO - Found heuristic solution: objective 3.946059e+07
2025-10-18 23:45:18,968 - INFO - Presolve removed 3680 rows and 1504 columns
2025-10-18 23:45:18,968 - INFO - Presolve time: 0.02s
2025-10-18 23:45:18,968 - INFO - Presolved: 212 rows, 195 columns, 1830 nonzeros
2025-10-18 23:45:18,968 - INFO - Variable types: 0 continuous, 195 integer (195 binary)
2025-10-18 23:45:18,968 - INFO - Found heuristic solution: objective 3.665321e+07
2025-10-18 23:45:18,969 - INFO - 
2025-10-18 23:45:18,969 - INFO - Root relaxation: objective 2.787887e+07, 87 iterations, 0.00 seconds (0.00 work units)
2025-10-18 23:45:18,969 - INFO - 
2025-10-18 23:45:18,969 - INFO -     Nodes    |    Current Node    |     Objective Bounds      |     Work
2025-10-18 23:45:18,969 - INFO -  Expl Unexpl |  Obj  Depth IntInf | Incumbent    BestBd   Gap | It/Node Time
2025-10-18 23:45:18,969 - INFO - 
2025-10-18 23:45:18,970 - INFO - H    0     0                    2.792041e+07 2.7879e+07  0.15%     -    0s
2025-10-18 23:45:18,972 - INFO -      0     0 2.7879e+07    0    9 2.7920e+07 2.7879e+07  0.15%     -    0s
2025-10-18 23:45:18,972 - INFO -      0     0 2.7898e+07    0   12 2.7920e+07 2.7898e+07  0.08%     -    0s
2025-10-18 23:45:18,980 - INFO - 
2025-10-18 23:45:18,980 - INFO - Cutting planes:
2025-10-18 23:45:18,980 - INFO -   Cover: 1
2025-10-18 23:45:18,981 - INFO - 
2025-10-18 23:45:18,981 - INFO - Explored 1 nodes (119 simplex iterations) in 0.03 seconds (0.03 work units)
2025-10-18 23:45:18,981 - INFO - Thread count was 12 (of 96 available processors)
2025-10-18 23:45:18,981 - INFO - 
2025-10-18 23:45:18,981 - INFO - Solution count 3: 2.79204e+07 3.66532e+07 3.94606e+07 
2025-10-18 23:45:18,981 - INFO - 
2025-10-18 23:45:18,981 - INFO - Optimal solution found (tolerance 1.00e-04)
2025-10-18 23:45:18,981 - INFO - Best objective 2.792041000000e+07, best bound 2.792041000000e+07, gap 0.0000%
2025-10-18 23:45:18,986 - INFO - 规划前的显存GB：10.0
2025-10-18 23:45:18,987 - INFO - 规划后的显存GB：8.429425239562988
2025-10-18 23:45:18,987 - INFO - ✅ 最优策略：[True, True, True, True, True, True, True, False, False, True, False, False, False, False, False, False]
2025-10-18 23:45:18,987 - INFO - 📌 checkpoint 的欧氏长度:, [957]
2025-10-18 23:45:18,987 - INFO - 📌 checkpoint 的余弦长度:, [119, 358, 478, 597, 717, 837, 957]
2025-10-18 23:45:18,987 - INFO - 💾 最终显存峰值：%.2f MB % 14191.99333190918
2025-10-18 23:45:18,987 - INFO - Epoch 2 completed in 0.722495 seconds
2025-10-18 23:45:18,987 - INFO - torch.cuda.max_memory_reserved() : 7.45703125
2025-10-18 23:45:19,450 - INFO - Epoch 3 completed in 0.461946 seconds
2025-10-18 23:45:19,450 - INFO - 
====================== [第1个 Epoch 收集统计数据] ======================
2025-10-18 23:45:19,450 - INFO - 
🔍 EUCLIDEAN modules:
2025-10-18 23:45:19,450 - INFO - [Shapelet 119] forward_avg=0.017682s over 2 calls | peak=574.44MB | final=0.00MB
2025-10-18 23:45:19,450 - INFO - [Shapelet 238] forward_avg=0.010392s over 2 calls | peak=1015.43MB | final=0.00MB
2025-10-18 23:45:19,450 - INFO - [Shapelet 358] forward_avg=0.016382s over 2 calls | peak=1333.82MB | final=0.00MB
2025-10-18 23:45:19,451 - INFO - [Shapelet 478] forward_avg=0.019846s over 2 calls | peak=1527.39MB | final=0.00MB
2025-10-18 23:45:19,451 - INFO - [Shapelet 597] forward_avg=0.019593s over 2 calls | peak=1593.80MB | final=0.00MB
2025-10-18 23:45:19,451 - INFO - [Shapelet 717] forward_avg=0.016947s over 2 calls | peak=1532.89MB | final=0.00MB
2025-10-18 23:45:19,451 - INFO - [Shapelet 837] forward_avg=0.014102s over 2 calls | peak=1346.26MB | final=0.00MB
2025-10-18 23:45:19,451 - INFO - [Shapelet 957] forward_avg=0.011685s over 2 calls | peak=1033.37MB | final=0.00MB
2025-10-18 23:45:19,451 - INFO - 
🔍 COSINE modules:
2025-10-18 23:45:19,451 - INFO - [Shapelet 119] forward_avg=0.001900s over 2 calls | peak=377.76MB | final=0.00MB
2025-10-18 23:45:19,451 - INFO - [Shapelet 238] forward_avg=0.003001s over 2 calls | peak=670.78MB | final=0.00MB
2025-10-18 23:45:19,451 - INFO - [Shapelet 358] forward_avg=0.004130s over 2 calls | peak=882.25MB | final=0.00MB
2025-10-18 23:45:19,451 - INFO - [Shapelet 478] forward_avg=0.006921s over 2 calls | peak=1010.33MB | final=0.00MB
2025-10-18 23:45:19,452 - INFO - [Shapelet 597] forward_avg=0.007930s over 2 calls | peak=1052.88MB | final=0.00MB
2025-10-18 23:45:19,452 - INFO - [Shapelet 717] forward_avg=0.004342s over 2 calls | peak=1012.70MB | final=0.00MB
2025-10-18 23:45:19,452 - INFO - [Shapelet 837] forward_avg=0.003877s over 2 calls | peak=885.75MB | final=0.00MB
2025-10-18 23:45:19,452 - INFO - [Shapelet 957] forward_avg=0.003036s over 2 calls | peak=676.20MB | final=0.00MB
2025-10-18 23:45:19,452 - INFO - 
🔍 CROSS modules:
2025-10-18 23:45:19,452 - INFO - [Shapelet 119] forward_avg=0.000561s over 2 calls
2025-10-18 23:45:19,452 - INFO - [Shapelet 238] forward_avg=0.000459s over 2 calls
2025-10-18 23:45:19,452 - INFO - [Shapelet 358] forward_avg=0.000587s over 2 calls
2025-10-18 23:45:19,452 - INFO - [Shapelet 478] forward_avg=0.000739s over 2 calls
2025-10-18 23:45:19,453 - INFO - [Shapelet 597] forward_avg=0.000641s over 2 calls
2025-10-18 23:45:19,453 - INFO - [Shapelet 717] forward_avg=0.000565s over 2 calls
2025-10-18 23:45:19,453 - INFO - [Shapelet 837] forward_avg=0.000629s over 2 calls
2025-10-18 23:45:19,453 - INFO - [Shapelet 957] forward_avg=0.000545s over 2 calls
2025-10-18 23:45:19,453 - INFO - 
💾 模型第一次反向传播阶段的显存峰值（所有模块中的最大值）: 6805.63 MB
2025-10-18 23:45:19,453 - INFO - 
💾 模型初始显存: 9.69 MB
2025-10-18 23:45:19,453 - INFO - =======================================================================

2025-10-18 23:45:19,454 - INFO - torch.cuda.max_memory_reserved() : 9.228515625
2025-10-18 23:45:19,943 - INFO - Epoch 4 completed in 0.488020 seconds
2025-10-18 23:45:19,943 - INFO - torch.cuda.max_memory_reserved() : 9.228515625
2025-10-18 23:45:20,439 - INFO - Epoch 5 completed in 0.494459 seconds
2025-10-18 23:45:20,439 - INFO - torch.cuda.max_memory_reserved() : 9.228515625
2025-10-18 23:45:20,893 - INFO - Epoch 6 completed in 0.452599 seconds
2025-10-18 23:45:20,894 - INFO - torch.cuda.max_memory_reserved() : 9.228515625
2025-10-18 23:45:21,336 - INFO - Epoch 7 completed in 0.440586 seconds
2025-10-18 23:45:21,336 - INFO - torch.cuda.max_memory_reserved() : 9.228515625
2025-10-18 23:45:21,827 - INFO - Epoch 8 completed in 0.489378 seconds
2025-10-18 23:45:21,828 - INFO - torch.cuda.max_memory_reserved() : 9.228515625
2025-10-18 23:45:22,336 - INFO - Epoch 9 completed in 0.506687 seconds
2025-10-18 23:45:22,336 - INFO - torch.cuda.max_memory_reserved() : 9.228515625
2025-10-18 23:45:22,830 - INFO - Epoch 10 completed in 0.492413 seconds
2025-10-18 23:45:23,276 - INFO - torch.cuda.max_memory_reserved() : 9.228515625
2025-10-18 23:45:23,276 - INFO - !!!采用策略后的几个epoch 平均时间:0.4782611131668091
2025-10-18 23:45:23,276 - INFO - 



