2025-10-21 17:16:14,118 - INFO - 📌 第一个 epoch：默认所有模块使用 checkpoint
2025-10-21 17:16:17,665 - INFO - Epoch 1 completed in 3.553799 seconds
2025-10-21 17:16:19,042 - INFO - torch.cuda.max_memory_reserved() : 3.904296875
2025-10-21 17:16:22,092 - INFO - 
[🔁 拟合反向传播时间模型]
2025-10-21 17:16:22,093 - INFO - 总反向传播时间: 3.036567s
2025-10-21 17:16:22,093 - INFO - 拟合模型: backward_total ≈ 2 × (A + B) + b
2025-10-21 17:16:22,093 - INFO - A = 2.260960, B = 0.152673, b = 0.622934s
2025-10-21 17:16:22,119 - INFO - Set parameter LicenseID to value 2706656
2025-10-21 17:16:22,123 - INFO - Set parameter LogToConsole to value 1
2025-10-21 17:16:22,123 - INFO - Set parameter LogFile to value ""
2025-10-21 17:16:22,123 - INFO - Set parameter Threads to value 12
2025-10-21 17:16:22,124 - INFO - Set parameter TimeLimit to value 3600
2025-10-21 17:16:22,124 - INFO - Set parameter Method to value 1
2025-10-21 17:16:22,174 - INFO - Set parameter TimeLimit to value 3000
2025-10-21 17:16:22,175 - INFO - Gurobi Optimizer version 12.0.3 build v12.0.3rc0 (linux64 - "Ubuntu 20.04.6 LTS")
2025-10-21 17:16:22,175 - INFO - 
2025-10-21 17:16:22,176 - INFO - CPU model: Intel(R) Xeon(R) Platinum 8260 CPU @ 2.40GHz, instruction set [SSE2|AVX|AVX2|AVX512]
2025-10-21 17:16:22,176 - INFO - Thread count: 48 physical cores, 96 logical processors, using up to 12 threads
2025-10-21 17:16:22,176 - INFO - 
2025-10-21 17:16:22,176 - INFO - Non-default parameters:
2025-10-21 17:16:22,176 - INFO - TimeLimit  3000
2025-10-21 17:16:22,176 - INFO - Method  1
2025-10-21 17:16:22,176 - INFO - Threads  12
2025-10-21 17:16:22,176 - INFO - 
2025-10-21 17:16:22,176 - INFO - Optimize a model with 3892 rows, 1699 columns and 20398 nonzeros
2025-10-21 17:16:22,176 - INFO - Model fingerprint: 0xf8147855
2025-10-21 17:16:22,176 - INFO - Variable types: 0 continuous, 1699 integer (1699 binary)
2025-10-21 17:16:22,176 - INFO - Coefficient statistics:
2025-10-21 17:16:22,176 - INFO -   Matrix range     [1e+00, 2e+15]
2025-10-21 17:16:22,176 - INFO -   Objective range  [5e+04, 4e+05]
2025-10-21 17:16:22,176 - INFO -   Bounds range     [1e+00, 1e+00]
2025-10-21 17:16:22,176 - INFO -   RHS range        [1e+00, 1e+15]
2025-10-21 17:16:22,176 - INFO - Warning: Model contains large matrix coefficient range
2025-10-21 17:16:22,176 - INFO - Warning: Model contains large rhs
2025-10-21 17:16:22,176 - INFO -          Consider reformulating model or setting NumericFocus parameter
2025-10-21 17:16:22,176 - INFO -          to avoid numerical issues.
2025-10-21 17:16:22,179 - INFO - Presolve removed 2 rows and 0 columns
2025-10-21 17:16:22,179 - INFO - Presolve time: 0.00s
2025-10-21 17:16:22,179 - INFO - 
2025-10-21 17:16:22,179 - INFO - Explored 0 nodes (0 simplex iterations) in 0.00 seconds (0.00 work units)
2025-10-21 17:16:22,179 - INFO - Thread count was 1 (of 96 available processors)
2025-10-21 17:16:22,179 - INFO - 
2025-10-21 17:16:22,179 - INFO - Solution count 0
2025-10-21 17:16:22,179 - INFO - 
2025-10-21 17:16:22,179 - INFO - Model is infeasible
2025-10-21 17:16:22,179 - INFO - Best objective -, best bound -, gap -
2025-10-21 17:16:22,179 - INFO - Gurobi Optimizer version 12.0.3 build v12.0.3rc0 (linux64 - "Ubuntu 20.04.6 LTS")
2025-10-21 17:16:22,179 - INFO - 
2025-10-21 17:16:22,179 - INFO - CPU model: Intel(R) Xeon(R) Platinum 8260 CPU @ 2.40GHz, instruction set [SSE2|AVX|AVX2|AVX512]
2025-10-21 17:16:22,179 - INFO - Thread count: 48 physical cores, 96 logical processors, using up to 12 threads
2025-10-21 17:16:22,179 - INFO - 
2025-10-21 17:16:22,180 - INFO - Non-default parameters:
2025-10-21 17:16:22,180 - INFO - TimeLimit  3000
2025-10-21 17:16:22,180 - INFO - Method  1
2025-10-21 17:16:22,180 - INFO - Threads  12
2025-10-21 17:16:22,180 - INFO - 
2025-10-21 17:16:22,180 - INFO - 
2025-10-21 17:16:22,180 - INFO - IIS computed: 1 constraints, 0 bounds
2025-10-21 17:16:22,180 - INFO - IIS runtime: 0.00 seconds (0.00 work units)
2025-10-21 17:16:22,181 - ERROR - Infeasible model, check constraints carefully. Insufficient memory?
Traceback (most recent call last):
  File "/data/user_lixiongfei/csl_hyc/solver/monet_solver.py", line 446, in solve_ilp_gurobi
    solution = ilpsolver.solve()
  File "/data/user_lixiongfei/csl_hyc/solver/monet_solver.py", line 387, in solve
    raise ValueError("Infeasible model, check constraints carefully. Insufficient memory?")
ValueError: Infeasible model, check constraints carefully. Insufficient memory?
