2025-10-21 17:16:39,379 - INFO - 📌 第一个 epoch：默认所有模块使用 checkpoint
2025-10-21 17:16:43,009 - INFO - Epoch 1 completed in 3.634975 seconds
2025-10-21 17:16:44,413 - INFO - torch.cuda.max_memory_reserved() : 3.904296875
2025-10-21 17:16:47,693 - INFO - 
[🔁 拟合反向传播时间模型]
2025-10-21 17:16:47,694 - INFO - 总反向传播时间: 3.260906s
2025-10-21 17:16:47,694 - INFO - 拟合模型: backward_total ≈ 2 × (A + B) + b
2025-10-21 17:16:47,694 - INFO - A = 2.344193, B = 0.154776, b = 0.761938s
2025-10-21 17:16:47,721 - INFO - Set parameter LicenseID to value 2706656
2025-10-21 17:16:47,726 - INFO - Set parameter LogToConsole to value 1
2025-10-21 17:16:47,727 - INFO - Set parameter LogFile to value ""
2025-10-21 17:16:47,727 - INFO - Set parameter Threads to value 12
2025-10-21 17:16:47,727 - INFO - Set parameter TimeLimit to value 3600
2025-10-21 17:16:47,727 - INFO - Set parameter Method to value 1
2025-10-21 17:16:47,785 - INFO - Set parameter TimeLimit to value 3000
2025-10-21 17:16:47,786 - INFO - Gurobi Optimizer version 12.0.3 build v12.0.3rc0 (linux64 - "Ubuntu 20.04.6 LTS")
2025-10-21 17:16:47,786 - INFO - 
2025-10-21 17:16:47,786 - INFO - CPU model: Intel(R) Xeon(R) Platinum 8260 CPU @ 2.40GHz, instruction set [SSE2|AVX|AVX2|AVX512]
2025-10-21 17:16:47,786 - INFO - Thread count: 48 physical cores, 96 logical processors, using up to 12 threads
2025-10-21 17:16:47,786 - INFO - 
2025-10-21 17:16:47,786 - INFO - Non-default parameters:
2025-10-21 17:16:47,786 - INFO - TimeLimit  3000
2025-10-21 17:16:47,786 - INFO - Method  1
2025-10-21 17:16:47,786 - INFO - Threads  12
2025-10-21 17:16:47,786 - INFO - 
2025-10-21 17:16:47,786 - INFO - Optimize a model with 3892 rows, 1699 columns and 20398 nonzeros
2025-10-21 17:16:47,787 - INFO - Model fingerprint: 0x27868c00
2025-10-21 17:16:47,787 - INFO - Variable types: 0 continuous, 1699 integer (1699 binary)
2025-10-21 17:16:47,787 - INFO - Coefficient statistics:
2025-10-21 17:16:47,787 - INFO -   Matrix range     [1e+00, 2e+15]
2025-10-21 17:16:47,787 - INFO -   Objective range  [5e+04, 5e+05]
2025-10-21 17:16:47,787 - INFO -   Bounds range     [1e+00, 1e+00]
2025-10-21 17:16:47,787 - INFO -   RHS range        [1e+00, 3e+15]
2025-10-21 17:16:47,787 - INFO - Warning: Model contains large matrix coefficient range
2025-10-21 17:16:47,787 - INFO - Warning: Model contains large rhs
2025-10-21 17:16:47,787 - INFO -          Consider reformulating model or setting NumericFocus parameter
2025-10-21 17:16:47,787 - INFO -          to avoid numerical issues.
2025-10-21 17:16:47,788 - INFO - Found heuristic solution: objective 1.089397e+07
2025-10-21 17:16:47,798 - INFO - Presolve removed 3892 rows and 1699 columns
2025-10-21 17:16:47,798 - INFO - Presolve time: 0.01s
2025-10-21 17:16:47,798 - INFO - Presolve: All rows and columns removed
2025-10-21 17:16:47,798 - INFO - 
2025-10-21 17:16:47,798 - INFO - Explored 0 nodes (0 simplex iterations) in 0.01 seconds (0.01 work units)
2025-10-21 17:16:47,798 - INFO - Thread count was 1 (of 96 available processors)
2025-10-21 17:16:47,798 - INFO - 
2025-10-21 17:16:47,798 - INFO - Solution count 2: 9.36081e+06 1.0894e+07 
2025-10-21 17:16:47,798 - INFO - 
2025-10-21 17:16:47,798 - INFO - Optimal solution found (tolerance 1.00e-04)
2025-10-21 17:16:47,798 - INFO - Best objective 9.360813000000e+06, best bound 9.360813000000e+06, gap 0.0000%
2025-10-21 17:16:47,805 - INFO - 规划前的显存GB：3.0
2025-10-21 17:16:47,805 - INFO - 规划后的显存GB：2.199220657348633
2025-10-21 17:16:47,805 - INFO - ✅ 最优策略：[True, True, True, True, False, False, False, False, False, True, True, False, False, False, False, False]
2025-10-21 17:16:47,806 - INFO - 📌 checkpoint 的欧氏长度:, [854, 1036, 1218, 1400]
2025-10-21 17:16:47,806 - INFO - 📌 checkpoint 的余弦长度:, [128, 673, 854, 1036, 1218, 1400]
2025-10-21 17:16:47,806 - INFO - 💾 最终显存峰值：%.2f MB % 7334.388145446777
2025-10-21 17:16:47,806 - INFO - Epoch 2 completed in 3.392543 seconds
2025-10-21 17:16:47,806 - INFO - torch.cuda.max_memory_reserved() : 3.904296875
2025-10-21 17:16:50,579 - INFO - Epoch 3 completed in 2.771905 seconds
2025-10-21 17:16:50,579 - INFO - 
====================== [第1个 Epoch 收集统计数据] ======================
2025-10-21 17:16:50,579 - INFO - 
🔍 EUCLIDEAN modules:
2025-10-21 17:16:50,579 - INFO - [Shapelet 128] forward_avg=0.002707s over 16 calls | peak=232.06MB | final=0.00MB
2025-10-21 17:16:50,579 - INFO - [Shapelet 309] forward_avg=0.003340s over 16 calls | peak=494.17MB | final=0.00MB
2025-10-21 17:16:50,579 - INFO - [Shapelet 491] forward_avg=0.004136s over 16 calls | peak=684.75MB | final=0.00MB
2025-10-21 17:16:50,580 - INFO - [Shapelet 673] forward_avg=0.004635s over 16 calls | peak=802.73MB | final=0.00MB
2025-10-21 17:16:50,580 - INFO - [Shapelet 854] forward_avg=0.004662s over 16 calls | peak=848.42MB | final=0.00MB
2025-10-21 17:16:50,580 - INFO - [Shapelet 1036] forward_avg=0.004441s over 16 calls | peak=821.28MB | final=0.00MB
2025-10-21 17:16:50,580 - INFO - [Shapelet 1218] forward_avg=0.003960s over 16 calls | peak=721.16MB | final=0.00MB
2025-10-21 17:16:50,580 - INFO - [Shapelet 1400] forward_avg=0.003398s over 16 calls | peak=548.60MB | final=0.00MB
2025-10-21 17:16:50,580 - INFO - 
🔍 COSINE modules:
2025-10-21 17:16:50,580 - INFO - [Shapelet 128] forward_avg=0.002176s over 16 calls | peak=152.84MB | final=0.00MB
2025-10-21 17:16:50,580 - INFO - [Shapelet 309] forward_avg=0.001926s over 16 calls | peak=327.11MB | final=0.00MB
2025-10-21 17:16:50,580 - INFO - [Shapelet 491] forward_avg=0.002018s over 16 calls | peak=453.94MB | final=0.00MB
2025-10-21 17:16:50,581 - INFO - [Shapelet 673] forward_avg=0.002431s over 16 calls | peak=532.40MB | final=0.00MB
2025-10-21 17:16:50,581 - INFO - [Shapelet 854] forward_avg=0.002560s over 16 calls | peak=562.02MB | final=0.00MB
2025-10-21 17:16:50,581 - INFO - [Shapelet 1036] forward_avg=0.002347s over 16 calls | peak=543.56MB | final=0.00MB
2025-10-21 17:16:50,581 - INFO - [Shapelet 1218] forward_avg=0.002128s over 16 calls | peak=476.57MB | final=0.00MB
2025-10-21 17:16:50,581 - INFO - [Shapelet 1400] forward_avg=0.001973s over 16 calls | peak=361.07MB | final=0.00MB
2025-10-21 17:16:50,581 - INFO - 
🔍 CROSS modules:
2025-10-21 17:16:50,581 - INFO - [Shapelet 128] forward_avg=0.000506s over 16 calls
2025-10-21 17:16:50,581 - INFO - [Shapelet 309] forward_avg=0.000514s over 16 calls
2025-10-21 17:16:50,582 - INFO - [Shapelet 491] forward_avg=0.000595s over 16 calls
2025-10-21 17:16:50,582 - INFO - [Shapelet 673] forward_avg=0.000648s over 16 calls
2025-10-21 17:16:50,582 - INFO - [Shapelet 854] forward_avg=0.000670s over 16 calls
2025-10-21 17:16:50,582 - INFO - [Shapelet 1036] forward_avg=0.000668s over 16 calls
2025-10-21 17:16:50,582 - INFO - [Shapelet 1218] forward_avg=0.000641s over 16 calls
2025-10-21 17:16:50,582 - INFO - [Shapelet 1400] forward_avg=0.000594s over 16 calls
2025-10-21 17:16:50,582 - INFO - 
💾 模型第一次反向传播阶段的显存峰值（所有模块中的最大值）: 3069.42 MB
2025-10-21 17:16:50,582 - INFO - 
💾 模型初始显存: 5.20 MB
2025-10-21 17:16:50,582 - INFO - =======================================================================

2025-10-21 17:16:50,583 - INFO - torch.cuda.max_memory_reserved() : 3.90625
2025-10-21 17:16:53,681 - INFO - Epoch 4 completed in 3.097070 seconds
2025-10-21 17:16:53,682 - INFO - torch.cuda.max_memory_reserved() : 3.90625
