2025-10-21 22:41:53,494 - INFO - 📌 第一个 epoch：默认所有模块使用 checkpoint
2025-10-21 22:42:13,468 - INFO - Epoch 1 completed in 20.000587 seconds
2025-10-21 22:45:34,451 - INFO - torch.cuda.max_memory_reserved() : 0.919921875
2025-10-21 22:45:54,807 - INFO - 
[🔁 拟合反向传播时间模型]
2025-10-21 22:45:54,808 - INFO - 总反向传播时间: 20.057673s
2025-10-21 22:45:54,808 - INFO - 拟合模型: backward_total ≈ 2 × (A + B) + b
2025-10-21 22:45:54,808 - INFO - A = 11.539280, B = 1.034254, b = 7.484139s
2025-10-21 22:45:54,835 - INFO - Set parameter LicenseID to value 2706656
2025-10-21 22:45:54,841 - INFO - Set parameter LogToConsole to value 1
2025-10-21 22:45:54,842 - INFO - Set parameter LogFile to value ""
2025-10-21 22:45:54,842 - INFO - Set parameter Threads to value 12
2025-10-21 22:45:54,842 - INFO - Set parameter TimeLimit to value 3600
2025-10-21 22:45:54,842 - INFO - Set parameter Method to value 1
2025-10-21 22:45:54,891 - INFO - Set parameter TimeLimit to value 3000
2025-10-21 22:45:54,893 - INFO - Gurobi Optimizer version 12.0.3 build v12.0.3rc0 (linux64 - "Ubuntu 20.04.6 LTS")
2025-10-21 22:45:54,893 - INFO - 
2025-10-21 22:45:54,893 - INFO - CPU model: Intel(R) Xeon(R) Platinum 8260 CPU @ 2.40GHz, instruction set [SSE2|AVX|AVX2|AVX512]
2025-10-21 22:45:54,893 - INFO - Thread count: 48 physical cores, 96 logical processors, using up to 12 threads
2025-10-21 22:45:54,893 - INFO - 
2025-10-21 22:45:54,893 - INFO - Non-default parameters:
2025-10-21 22:45:54,893 - INFO - TimeLimit  3000
2025-10-21 22:45:54,893 - INFO - Method  1
2025-10-21 22:45:54,893 - INFO - Threads  12
2025-10-21 22:45:54,893 - INFO - 
2025-10-21 22:45:54,893 - INFO - Optimize a model with 3892 rows, 1699 columns and 20398 nonzeros
2025-10-21 22:45:54,893 - INFO - Model fingerprint: 0x534c73a6
2025-10-21 22:45:54,893 - INFO - Variable types: 0 continuous, 1699 integer (1699 binary)
2025-10-21 22:45:54,893 - INFO - Coefficient statistics:
2025-10-21 22:45:54,893 - INFO -   Matrix range     [1e+00, 5e+14]
2025-10-21 22:45:54,893 - INFO -   Objective range  [5e+04, 5e+05]
2025-10-21 22:45:54,894 - INFO -   Bounds range     [1e+00, 1e+00]
2025-10-21 22:45:54,894 - INFO -   RHS range        [1e+00, 7e+15]
2025-10-21 22:45:54,894 - INFO - Warning: Model contains large matrix coefficient range
2025-10-21 22:45:54,894 - INFO - Warning: Model contains large rhs
2025-10-21 22:45:54,894 - INFO -          Consider reformulating model or setting NumericFocus parameter
2025-10-21 22:45:54,894 - INFO -          to avoid numerical issues.
2025-10-21 22:45:54,894 - INFO - Found heuristic solution: objective 8811589.0000
2025-10-21 22:45:54,897 - INFO - Presolve removed 3892 rows and 1699 columns
2025-10-21 22:45:54,898 - INFO - Presolve time: 0.00s
2025-10-21 22:45:54,898 - INFO - Presolve: All rows and columns removed
2025-10-21 22:45:54,898 - INFO - 
2025-10-21 22:45:54,898 - INFO - Explored 0 nodes (0 simplex iterations) in 0.00 seconds (0.00 work units)
2025-10-21 22:45:54,898 - INFO - Thread count was 1 (of 96 available processors)
2025-10-21 22:45:54,898 - INFO - 
2025-10-21 22:45:54,898 - INFO - Solution count 2: 5.9081e+06 8.81159e+06 
2025-10-21 22:45:54,898 - INFO - 
2025-10-21 22:45:54,898 - INFO - Optimal solution found (tolerance 1.00e-04)
2025-10-21 22:45:54,898 - INFO - Best objective 5.908095000000e+06, best bound 5.908095000000e+06, gap 0.0000%
2025-10-21 22:45:54,904 - INFO - 规划前的显存GB：6.0
2025-10-21 22:45:54,904 - INFO - 规划后的显存GB：2.5380959510803223
2025-10-21 22:45:54,904 - INFO - ✅ 最优策略：[True, True, True, True, True, True, True, True, True, True, True, True, True, True, True, True]
2025-10-21 22:45:54,904 - INFO - 📌 checkpoint 的欧氏长度:, []
2025-10-21 22:45:54,904 - INFO - 📌 checkpoint 的余弦长度:, []
2025-10-21 22:45:54,904 - INFO - 💾 最终显存峰值：%.2f MB % 2444.3057861328125
2025-10-21 22:45:54,918 - INFO - Epoch 2 completed in 20.465943 seconds
2025-10-21 22:45:54,918 - INFO - torch.cuda.max_memory_reserved() : 0.919921875
2025-10-21 22:46:10,130 - INFO - Epoch 3 completed in 15.211396 seconds
2025-10-21 22:46:10,130 - INFO - 
====================== [第1个 Epoch 收集统计数据] ======================
2025-10-21 22:46:10,130 - INFO - 
🔍 EUCLIDEAN modules:
2025-10-21 22:46:10,130 - INFO - [Shapelet   6] forward_avg=0.002172s over 92 calls | peak=121.01MB | final=0.00MB
2025-10-21 22:46:10,130 - INFO - [Shapelet  12] forward_avg=0.002482s over 92 calls | peak=164.59MB | final=0.00MB
2025-10-21 22:46:10,130 - INFO - [Shapelet  18] forward_avg=0.002836s over 92 calls | peak=202.52MB | final=0.00MB
2025-10-21 22:46:10,131 - INFO - [Shapelet  24] forward_avg=0.003048s over 92 calls | peak=233.25MB | final=0.00MB
2025-10-21 22:46:10,131 - INFO - [Shapelet  30] forward_avg=0.002980s over 92 calls | peak=247.82MB | final=0.00MB
2025-10-21 22:46:10,131 - INFO - [Shapelet  36] forward_avg=0.003252s over 92 calls | peak=247.36MB | final=0.00MB
2025-10-21 22:46:10,131 - INFO - [Shapelet  42] forward_avg=0.004586s over 92 calls | peak=232.68MB | final=0.00MB
2025-10-21 22:46:10,131 - INFO - [Shapelet  49] forward_avg=0.002058s over 92 calls | peak=202.64MB | final=0.00MB
2025-10-21 22:46:10,131 - INFO - 
🔍 COSINE modules:
2025-10-21 22:46:10,131 - INFO - [Shapelet   6] forward_avg=0.002011s over 92 calls | peak=81.68MB | final=0.00MB
2025-10-21 22:46:10,131 - INFO - [Shapelet  12] forward_avg=0.002139s over 92 calls | peak=100.70MB | final=0.00MB
2025-10-21 22:46:10,131 - INFO - [Shapelet  18] forward_avg=0.002286s over 92 calls | peak=117.07MB | final=0.00MB
2025-10-21 22:46:10,131 - INFO - [Shapelet  24] forward_avg=0.002230s over 92 calls | peak=134.74MB | final=0.00MB
2025-10-21 22:46:10,131 - INFO - [Shapelet  30] forward_avg=0.002539s over 92 calls | peak=141.93MB | final=0.00MB
2025-10-21 22:46:10,131 - INFO - [Shapelet  36] forward_avg=0.002651s over 92 calls | peak=139.35MB | final=0.00MB
2025-10-21 22:46:10,131 - INFO - [Shapelet  42] forward_avg=0.002576s over 92 calls | peak=125.51MB | final=0.00MB
2025-10-21 22:46:10,131 - INFO - [Shapelet  49] forward_avg=0.001964s over 92 calls | peak=106.17MB | final=0.00MB
2025-10-21 22:46:10,131 - INFO - 
🔍 CROSS modules:
2025-10-21 22:46:10,131 - INFO - [Shapelet   6] forward_avg=0.000511s over 92 calls
2025-10-21 22:46:10,131 - INFO - [Shapelet  12] forward_avg=0.000478s over 92 calls
2025-10-21 22:46:10,131 - INFO - [Shapelet  18] forward_avg=0.000557s over 92 calls
2025-10-21 22:46:10,131 - INFO - [Shapelet  24] forward_avg=0.000638s over 92 calls
2025-10-21 22:46:10,131 - INFO - [Shapelet  30] forward_avg=0.000718s over 92 calls
2025-10-21 22:46:10,131 - INFO - [Shapelet  36] forward_avg=0.000816s over 92 calls
2025-10-21 22:46:10,131 - INFO - [Shapelet  42] forward_avg=0.000891s over 92 calls
2025-10-21 22:46:10,131 - INFO - [Shapelet  49] forward_avg=0.001011s over 92 calls
2025-10-21 22:46:10,131 - INFO - 
💾 模型第一次反向传播阶段的显存峰值（所有模块中的最大值）: 2780.89 MB
2025-10-21 22:46:10,131 - INFO - 
💾 模型初始显存: 18.32 MB
2025-10-21 22:46:10,131 - INFO - =======================================================================

2025-10-21 22:46:10,131 - INFO - torch.cuda.max_memory_reserved() : 3.107421875
2025-10-21 22:46:25,660 - INFO - Epoch 4 completed in 15.527571 seconds
2025-10-21 22:46:25,660 - INFO - torch.cuda.max_memory_reserved() : 3.107421875
2025-10-21 22:46:40,963 - INFO - Epoch 5 completed in 15.302110 seconds
2025-10-21 22:46:40,963 - INFO - torch.cuda.max_memory_reserved() : 3.107421875
2025-10-21 22:46:56,359 - INFO - Epoch 6 completed in 15.394969 seconds
2025-10-21 22:46:56,359 - INFO - torch.cuda.max_memory_reserved() : 3.107421875
2025-10-21 22:47:11,142 - INFO - Epoch 7 completed in 14.782342 seconds
2025-10-21 22:47:11,142 - INFO - torch.cuda.max_memory_reserved() : 3.107421875
2025-10-21 22:47:26,184 - INFO - Epoch 8 completed in 15.040955 seconds
2025-10-21 22:47:26,184 - INFO - torch.cuda.max_memory_reserved() : 3.107421875
2025-10-21 22:47:41,432 - INFO - Epoch 9 completed in 15.246936 seconds
2025-10-21 22:47:41,432 - INFO - torch.cuda.max_memory_reserved() : 3.107421875
2025-10-21 22:47:57,077 - INFO - Epoch 10 completed in 15.644919 seconds
2025-10-21 22:51:16,728 - INFO - torch.cuda.max_memory_reserved() : 3.107421875
2025-10-21 22:51:16,728 - INFO - !!!采用策略后的几个epoch 平均时间:15.268899857997894
2025-10-21 22:51:16,728 - INFO - 



