2025-10-21 22:32:22,213 - INFO - 📌 第一个 epoch：默认所有模块使用 checkpoint
2025-10-21 22:32:41,849 - INFO - Epoch 1 completed in 19.648118 seconds
2025-10-21 22:36:00,078 - INFO - torch.cuda.max_memory_reserved() : 0.919921875
2025-10-21 22:36:19,446 - INFO - 
[🔁 拟合反向传播时间模型]
2025-10-21 22:36:19,446 - INFO - 总反向传播时间: 19.107891s
2025-10-21 22:36:19,446 - INFO - 拟合模型: backward_total ≈ 2 × (A + B) + b
2025-10-21 22:36:19,446 - INFO - A = 11.054588, B = 1.019830, b = 7.033473s
2025-10-21 22:36:19,471 - INFO - Set parameter LicenseID to value 2706656
2025-10-21 22:36:19,475 - INFO - Set parameter LogToConsole to value 1
2025-10-21 22:36:19,475 - INFO - Set parameter LogFile to value ""
2025-10-21 22:36:19,475 - INFO - Set parameter Threads to value 12
2025-10-21 22:36:19,476 - INFO - Set parameter TimeLimit to value 3600
2025-10-21 22:36:19,476 - INFO - Set parameter Method to value 1
2025-10-21 22:36:19,528 - INFO - Set parameter TimeLimit to value 3000
2025-10-21 22:36:19,529 - INFO - Gurobi Optimizer version 12.0.3 build v12.0.3rc0 (linux64 - "Ubuntu 20.04.6 LTS")
2025-10-21 22:36:19,529 - INFO - 
2025-10-21 22:36:19,529 - INFO - CPU model: Intel(R) Xeon(R) Platinum 8260 CPU @ 2.40GHz, instruction set [SSE2|AVX|AVX2|AVX512]
2025-10-21 22:36:19,529 - INFO - Thread count: 48 physical cores, 96 logical processors, using up to 12 threads
2025-10-21 22:36:19,529 - INFO - 
2025-10-21 22:36:19,529 - INFO - Non-default parameters:
2025-10-21 22:36:19,529 - INFO - TimeLimit  3000
2025-10-21 22:36:19,529 - INFO - Method  1
2025-10-21 22:36:19,529 - INFO - Threads  12
2025-10-21 22:36:19,529 - INFO - 
2025-10-21 22:36:19,530 - INFO - Optimize a model with 3892 rows, 1699 columns and 20398 nonzeros
2025-10-21 22:36:19,530 - INFO - Model fingerprint: 0x472b4156
2025-10-21 22:36:19,530 - INFO - Variable types: 0 continuous, 1699 integer (1699 binary)
2025-10-21 22:36:19,530 - INFO - Coefficient statistics:
2025-10-21 22:36:19,530 - INFO -   Matrix range     [1e+00, 5e+14]
2025-10-21 22:36:19,530 - INFO -   Objective range  [5e+04, 3e+05]
2025-10-21 22:36:19,530 - INFO -   Bounds range     [1e+00, 1e+00]
2025-10-21 22:36:19,530 - INFO -   RHS range        [1e+00, 6e+15]
2025-10-21 22:36:19,530 - INFO - Warning: Model contains large matrix coefficient range
2025-10-21 22:36:19,530 - INFO - Warning: Model contains large rhs
2025-10-21 22:36:19,530 - INFO -          Consider reformulating model or setting NumericFocus parameter
2025-10-21 22:36:19,530 - INFO -          to avoid numerical issues.
2025-10-21 22:36:19,531 - INFO - Found heuristic solution: objective 8347633.0000
2025-10-21 22:36:19,534 - INFO - Presolve removed 3892 rows and 1699 columns
2025-10-21 22:36:19,534 - INFO - Presolve time: 0.00s
2025-10-21 22:36:19,534 - INFO - Presolve: All rows and columns removed
2025-10-21 22:36:19,534 - INFO - 
2025-10-21 22:36:19,534 - INFO - Explored 0 nodes (0 simplex iterations) in 0.00 seconds (0.00 work units)
2025-10-21 22:36:19,534 - INFO - Thread count was 1 (of 96 available processors)
2025-10-21 22:36:19,534 - INFO - 
2025-10-21 22:36:19,534 - INFO - Solution count 2: 5.59848e+06 8.34763e+06 
2025-10-21 22:36:19,534 - INFO - 
2025-10-21 22:36:19,534 - INFO - Optimal solution found (tolerance 1.00e-04)
2025-10-21 22:36:19,535 - INFO - Best objective 5.598477000000e+06, best bound 5.598477000000e+06, gap 0.0000%
2025-10-21 22:36:19,540 - INFO - 规划前的显存GB：5.0
2025-10-21 22:36:19,540 - INFO - 规划后的显存GB：2.5380959510803223
2025-10-21 22:36:19,540 - INFO - ✅ 最优策略：[True, True, True, True, True, True, True, True, True, True, True, True, True, True, True, True]
2025-10-21 22:36:19,540 - INFO - 📌 checkpoint 的欧氏长度:, []
2025-10-21 22:36:19,540 - INFO - 📌 checkpoint 的余弦长度:, []
2025-10-21 22:36:19,541 - INFO - 💾 最终显存峰值：%.2f MB % 2444.3057861328125
2025-10-21 22:36:19,555 - INFO - Epoch 2 completed in 19.476278 seconds
2025-10-21 22:36:19,555 - INFO - torch.cuda.max_memory_reserved() : 0.919921875
2025-10-21 22:36:34,756 - INFO - Epoch 3 completed in 15.199880 seconds
2025-10-21 22:36:34,756 - INFO - 
====================== [第1个 Epoch 收集统计数据] ======================
2025-10-21 22:36:34,756 - INFO - 
🔍 EUCLIDEAN modules:
2025-10-21 22:36:34,756 - INFO - [Shapelet   6] forward_avg=0.002141s over 92 calls | peak=121.01MB | final=0.00MB
2025-10-21 22:36:34,756 - INFO - [Shapelet  12] forward_avg=0.002469s over 92 calls | peak=164.59MB | final=0.00MB
2025-10-21 22:36:34,756 - INFO - [Shapelet  18] forward_avg=0.002814s over 92 calls | peak=202.52MB | final=0.00MB
2025-10-21 22:36:34,756 - INFO - [Shapelet  24] forward_avg=0.003030s over 92 calls | peak=233.25MB | final=0.00MB
2025-10-21 22:36:34,756 - INFO - [Shapelet  30] forward_avg=0.002966s over 92 calls | peak=247.82MB | final=0.00MB
2025-10-21 22:36:34,756 - INFO - [Shapelet  36] forward_avg=0.003231s over 92 calls | peak=247.36MB | final=0.00MB
2025-10-21 22:36:34,756 - INFO - [Shapelet  42] forward_avg=0.003258s over 92 calls | peak=232.68MB | final=0.00MB
2025-10-21 22:36:34,756 - INFO - [Shapelet  49] forward_avg=0.002039s over 92 calls | peak=202.64MB | final=0.00MB
2025-10-21 22:36:34,756 - INFO - 
🔍 COSINE modules:
2025-10-21 22:36:34,756 - INFO - [Shapelet   6] forward_avg=0.001975s over 92 calls | peak=81.68MB | final=0.00MB
2025-10-21 22:36:34,756 - INFO - [Shapelet  12] forward_avg=0.002135s over 92 calls | peak=100.70MB | final=0.00MB
2025-10-21 22:36:34,757 - INFO - [Shapelet  18] forward_avg=0.002256s over 92 calls | peak=117.07MB | final=0.00MB
2025-10-21 22:36:34,757 - INFO - [Shapelet  24] forward_avg=0.002200s over 92 calls | peak=134.74MB | final=0.00MB
2025-10-21 22:36:34,757 - INFO - [Shapelet  30] forward_avg=0.002478s over 92 calls | peak=141.93MB | final=0.00MB
2025-10-21 22:36:34,757 - INFO - [Shapelet  36] forward_avg=0.002613s over 92 calls | peak=139.35MB | final=0.00MB
2025-10-21 22:36:34,757 - INFO - [Shapelet  42] forward_avg=0.002540s over 92 calls | peak=125.51MB | final=0.00MB
2025-10-21 22:36:34,757 - INFO - [Shapelet  49] forward_avg=0.001907s over 92 calls | peak=106.17MB | final=0.00MB
2025-10-21 22:36:34,757 - INFO - 
🔍 CROSS modules:
2025-10-21 22:36:34,757 - INFO - [Shapelet   6] forward_avg=0.000491s over 92 calls
2025-10-21 22:36:34,757 - INFO - [Shapelet  12] forward_avg=0.000469s over 92 calls
2025-10-21 22:36:34,757 - INFO - [Shapelet  18] forward_avg=0.000551s over 92 calls
2025-10-21 22:36:34,757 - INFO - [Shapelet  24] forward_avg=0.000630s over 92 calls
2025-10-21 22:36:34,757 - INFO - [Shapelet  30] forward_avg=0.000711s over 92 calls
2025-10-21 22:36:34,757 - INFO - [Shapelet  36] forward_avg=0.000807s over 92 calls
2025-10-21 22:36:34,757 - INFO - [Shapelet  42] forward_avg=0.000883s over 92 calls
2025-10-21 22:36:34,757 - INFO - [Shapelet  49] forward_avg=0.001002s over 92 calls
2025-10-21 22:36:34,757 - INFO - 
💾 模型第一次反向传播阶段的显存峰值（所有模块中的最大值）: 2780.89 MB
2025-10-21 22:36:34,757 - INFO - 
💾 模型初始显存: 18.32 MB
2025-10-21 22:36:34,757 - INFO - =======================================================================

2025-10-21 22:36:34,758 - INFO - torch.cuda.max_memory_reserved() : 3.107421875
2025-10-21 22:36:49,627 - INFO - Epoch 4 completed in 14.868542 seconds
2025-10-21 22:36:49,627 - INFO - torch.cuda.max_memory_reserved() : 3.107421875
2025-10-21 22:37:04,497 - INFO - Epoch 5 completed in 14.869554 seconds
2025-10-21 22:37:04,498 - INFO - torch.cuda.max_memory_reserved() : 3.107421875
2025-10-21 22:37:19,458 - INFO - Epoch 6 completed in 14.959485 seconds
2025-10-21 22:37:19,458 - INFO - torch.cuda.max_memory_reserved() : 3.107421875
2025-10-21 22:37:34,203 - INFO - Epoch 7 completed in 14.744576 seconds
2025-10-21 22:37:34,204 - INFO - torch.cuda.max_memory_reserved() : 3.107421875
2025-10-21 22:37:49,000 - INFO - Epoch 8 completed in 14.796092 seconds
2025-10-21 22:37:49,000 - INFO - torch.cuda.max_memory_reserved() : 3.107421875
2025-10-21 22:38:03,553 - INFO - Epoch 9 completed in 14.551894 seconds
2025-10-21 22:38:03,553 - INFO - torch.cuda.max_memory_reserved() : 3.107421875
2025-10-21 22:38:18,635 - INFO - Epoch 10 completed in 15.080737 seconds
2025-10-21 22:41:32,025 - INFO - torch.cuda.max_memory_reserved() : 3.107421875
2025-10-21 22:41:32,026 - INFO - !!!采用策略后的几个epoch 平均时间:14.883845001459122
2025-10-21 22:41:32,026 - INFO - 



