2025-10-21 22:03:14,853 - INFO - 📌 第一个 epoch：默认所有模块使用 checkpoint
2025-10-21 22:03:34,762 - INFO - Epoch 1 completed in 19.921408 seconds
2025-10-21 22:06:57,057 - INFO - torch.cuda.max_memory_reserved() : 0.919921875
2025-10-21 22:07:16,694 - INFO - 
[🔁 拟合反向传播时间模型]
2025-10-21 22:07:16,694 - INFO - 总反向传播时间: 19.384565s
2025-10-21 22:07:16,694 - INFO - 拟合模型: backward_total ≈ 2 × (A + B) + b
2025-10-21 22:07:16,695 - INFO - A = 11.224604, B = 1.042560, b = 7.117402s
2025-10-21 22:07:16,722 - INFO - Set parameter LicenseID to value 2706656
2025-10-21 22:07:16,729 - INFO - Set parameter LogToConsole to value 1
2025-10-21 22:07:16,729 - INFO - Set parameter LogFile to value ""
2025-10-21 22:07:16,729 - INFO - Set parameter Threads to value 12
2025-10-21 22:07:16,729 - INFO - Set parameter TimeLimit to value 3600
2025-10-21 22:07:16,729 - INFO - Set parameter Method to value 1
2025-10-21 22:07:16,781 - INFO - Set parameter TimeLimit to value 3000
2025-10-21 22:07:16,782 - INFO - Gurobi Optimizer version 12.0.3 build v12.0.3rc0 (linux64 - "Ubuntu 20.04.6 LTS")
2025-10-21 22:07:16,782 - INFO - 
2025-10-21 22:07:16,782 - INFO - CPU model: Intel(R) Xeon(R) Platinum 8260 CPU @ 2.40GHz, instruction set [SSE2|AVX|AVX2|AVX512]
2025-10-21 22:07:16,782 - INFO - Thread count: 48 physical cores, 96 logical processors, using up to 12 threads
2025-10-21 22:07:16,782 - INFO - 
2025-10-21 22:07:16,782 - INFO - Non-default parameters:
2025-10-21 22:07:16,782 - INFO - TimeLimit  3000
2025-10-21 22:07:16,782 - INFO - Method  1
2025-10-21 22:07:16,782 - INFO - Threads  12
2025-10-21 22:07:16,782 - INFO - 
2025-10-21 22:07:16,782 - INFO - Optimize a model with 3892 rows, 1699 columns and 20398 nonzeros
2025-10-21 22:07:16,783 - INFO - Model fingerprint: 0x382c6f66
2025-10-21 22:07:16,783 - INFO - Variable types: 0 continuous, 1699 integer (1699 binary)
2025-10-21 22:07:16,783 - INFO - Coefficient statistics:
2025-10-21 22:07:16,783 - INFO -   Matrix range     [1e+00, 5e+14]
2025-10-21 22:07:16,783 - INFO -   Objective range  [5e+04, 3e+05]
2025-10-21 22:07:16,783 - INFO -   Bounds range     [1e+00, 1e+00]
2025-10-21 22:07:16,783 - INFO -   RHS range        [1e+00, 2e+15]
2025-10-21 22:07:16,783 - INFO - Warning: Model contains large matrix coefficient range
2025-10-21 22:07:16,783 - INFO - Warning: Model contains large rhs
2025-10-21 22:07:16,783 - INFO -          Consider reformulating model or setting NumericFocus parameter
2025-10-21 22:07:16,783 - INFO -          to avoid numerical issues.
2025-10-21 22:07:16,784 - INFO - Found heuristic solution: objective 8459933.0000
2025-10-21 22:07:16,806 - INFO - Presolve removed 3716 rows and 1520 columns
2025-10-21 22:07:16,806 - INFO - Presolve time: 0.02s
2025-10-21 22:07:16,806 - INFO - Presolved: 176 rows, 179 columns, 1525 nonzeros
2025-10-21 22:07:16,807 - INFO - Variable types: 0 continuous, 179 integer (179 binary)
2025-10-21 22:07:16,807 - INFO - Found heuristic solution: objective 7992314.0000
2025-10-21 22:07:16,808 - INFO - 
2025-10-21 22:07:16,808 - INFO - Root relaxation: objective 6.086497e+06, 90 iterations, 0.00 seconds (0.00 work units)
2025-10-21 22:07:16,810 - INFO - 
2025-10-21 22:07:16,810 - INFO -     Nodes    |    Current Node    |     Objective Bounds      |     Work
2025-10-21 22:07:16,810 - INFO -  Expl Unexpl |  Obj  Depth IntInf | Incumbent    BestBd   Gap | It/Node Time
2025-10-21 22:07:16,811 - INFO - 
2025-10-21 22:07:16,811 - INFO -      0     0 6086496.54    0    5 7992314.00 6086496.54  23.8%     -    0s
2025-10-21 22:07:16,811 - INFO - H    0     0                    6938459.0000 6086496.54  12.3%     -    0s
2025-10-21 22:07:16,811 - INFO - H    0     0                    6654219.0000 6086496.54  8.53%     -    0s
2025-10-21 22:07:16,811 - INFO - H    0     0                    6341474.0000 6086496.54  4.02%     -    0s
2025-10-21 22:07:16,811 - INFO - H    0     0                    6150939.0000 6086496.54  1.05%     -    0s
2025-10-21 22:07:16,817 - INFO - H    0     0                    6139114.0000 6086496.54  0.86%     -    0s
2025-10-21 22:07:16,818 - INFO - H    0     0                    6090755.0000 6086496.54  0.07%     -    0s
2025-10-21 22:07:16,821 - INFO - 
2025-10-21 22:07:16,821 - INFO - Explored 1 nodes (135 simplex iterations) in 0.04 seconds (0.03 work units)
2025-10-21 22:07:16,821 - INFO - Thread count was 12 (of 96 available processors)
2025-10-21 22:07:16,821 - INFO - 
2025-10-21 22:07:16,821 - INFO - Solution count 8: 6.09076e+06 6.13911e+06 6.15094e+06 ... 8.45993e+06
2025-10-21 22:07:16,821 - INFO - 
2025-10-21 22:07:16,821 - INFO - Optimal solution found (tolerance 1.00e-04)
2025-10-21 22:07:16,821 - INFO - Best objective 6.090755000000e+06, best bound 6.090534499696e+06, gap 0.0036%
2025-10-21 22:07:16,828 - INFO - 规划前的显存GB：2.0
2025-10-21 22:07:16,828 - INFO - 规划后的显存GB：1.9959511756896973
2025-10-21 22:07:16,828 - INFO - ✅ 最优策略：[True, True, True, True, True, True, True, True, False, True, False, False, False, True, True, True]
2025-10-21 22:07:16,828 - INFO - 📌 checkpoint 的欧氏长度:, []
2025-10-21 22:07:16,828 - INFO - 📌 checkpoint 的余弦长度:, [6, 18, 24, 30]
2025-10-21 22:07:16,828 - INFO - 💾 最终显存峰值：%.2f MB % 2444.3057861328125
2025-10-21 22:07:16,843 - INFO - Epoch 2 completed in 19.785011 seconds
2025-10-21 22:07:16,843 - INFO - torch.cuda.max_memory_reserved() : 0.919921875
2025-10-21 22:07:32,891 - INFO - Epoch 3 completed in 16.047402 seconds
2025-10-21 22:07:32,892 - INFO - 
====================== [第1个 Epoch 收集统计数据] ======================
2025-10-21 22:07:32,892 - INFO - 
🔍 EUCLIDEAN modules:
2025-10-21 22:07:32,892 - INFO - [Shapelet   6] forward_avg=0.002180s over 92 calls | peak=121.01MB | final=0.00MB
2025-10-21 22:07:32,892 - INFO - [Shapelet  12] forward_avg=0.002496s over 92 calls | peak=164.59MB | final=0.00MB
2025-10-21 22:07:32,892 - INFO - [Shapelet  18] forward_avg=0.002842s over 92 calls | peak=202.52MB | final=0.00MB
2025-10-21 22:07:32,892 - INFO - [Shapelet  24] forward_avg=0.003055s over 92 calls | peak=233.25MB | final=0.00MB
2025-10-21 22:07:32,892 - INFO - [Shapelet  30] forward_avg=0.002990s over 92 calls | peak=247.82MB | final=0.00MB
2025-10-21 22:07:32,892 - INFO - [Shapelet  36] forward_avg=0.003257s over 92 calls | peak=247.36MB | final=0.00MB
2025-10-21 22:07:32,892 - INFO - [Shapelet  42] forward_avg=0.003306s over 92 calls | peak=232.68MB | final=0.00MB
2025-10-21 22:07:32,892 - INFO - [Shapelet  49] forward_avg=0.002071s over 92 calls | peak=202.64MB | final=0.00MB
2025-10-21 22:07:32,892 - INFO - 
🔍 COSINE modules:
2025-10-21 22:07:32,892 - INFO - [Shapelet   6] forward_avg=0.002031s over 92 calls | peak=81.68MB | final=0.00MB
2025-10-21 22:07:32,892 - INFO - [Shapelet  12] forward_avg=0.002156s over 92 calls | peak=100.70MB | final=0.00MB
2025-10-21 22:07:32,892 - INFO - [Shapelet  18] forward_avg=0.002299s over 92 calls | peak=117.07MB | final=0.00MB
2025-10-21 22:07:32,892 - INFO - [Shapelet  24] forward_avg=0.002240s over 92 calls | peak=134.74MB | final=0.00MB
2025-10-21 22:07:32,892 - INFO - [Shapelet  30] forward_avg=0.002525s over 92 calls | peak=141.93MB | final=0.00MB
2025-10-21 22:07:32,892 - INFO - [Shapelet  36] forward_avg=0.002667s over 92 calls | peak=139.35MB | final=0.00MB
2025-10-21 22:07:32,892 - INFO - [Shapelet  42] forward_avg=0.002583s over 92 calls | peak=125.51MB | final=0.00MB
2025-10-21 22:07:32,892 - INFO - [Shapelet  49] forward_avg=0.001972s over 92 calls | peak=106.17MB | final=0.00MB
2025-10-21 22:07:32,892 - INFO - 
🔍 CROSS modules:
2025-10-21 22:07:32,892 - INFO - [Shapelet   6] forward_avg=0.000531s over 92 calls
2025-10-21 22:07:32,892 - INFO - [Shapelet  12] forward_avg=0.000484s over 92 calls
2025-10-21 22:07:32,892 - INFO - [Shapelet  18] forward_avg=0.000565s over 92 calls
2025-10-21 22:07:32,892 - INFO - [Shapelet  24] forward_avg=0.000641s over 92 calls
2025-10-21 22:07:32,892 - INFO - [Shapelet  30] forward_avg=0.000722s over 92 calls
2025-10-21 22:07:32,892 - INFO - [Shapelet  36] forward_avg=0.000818s over 92 calls
2025-10-21 22:07:32,892 - INFO - [Shapelet  42] forward_avg=0.000894s over 92 calls
2025-10-21 22:07:32,892 - INFO - [Shapelet  49] forward_avg=0.001012s over 92 calls
2025-10-21 22:07:32,892 - INFO - 
💾 模型第一次反向传播阶段的显存峰值（所有模块中的最大值）: 2071.10 MB
2025-10-21 22:07:32,892 - INFO - 
💾 模型初始显存: 18.32 MB
2025-10-21 22:07:32,893 - INFO - =======================================================================

2025-10-21 22:07:32,893 - INFO - torch.cuda.max_memory_reserved() : 2.703125
2025-10-21 22:07:48,728 - INFO - Epoch 4 completed in 15.835250 seconds
2025-10-21 22:07:48,729 - INFO - torch.cuda.max_memory_reserved() : 2.703125
2025-10-21 22:08:04,865 - INFO - Epoch 5 completed in 16.135470 seconds
2025-10-21 22:08:04,865 - INFO - torch.cuda.max_memory_reserved() : 2.703125
2025-10-21 22:08:21,183 - INFO - Epoch 6 completed in 16.317341 seconds
2025-10-21 22:08:21,183 - INFO - torch.cuda.max_memory_reserved() : 2.703125
2025-10-21 22:08:37,195 - INFO - Epoch 7 completed in 16.011480 seconds
2025-10-21 22:08:37,196 - INFO - torch.cuda.max_memory_reserved() : 2.703125
2025-10-21 22:08:53,303 - INFO - Epoch 8 completed in 16.107047 seconds
2025-10-21 22:08:53,304 - INFO - torch.cuda.max_memory_reserved() : 2.703125
2025-10-21 22:09:09,517 - INFO - Epoch 9 completed in 16.212637 seconds
2025-10-21 22:09:09,517 - INFO - torch.cuda.max_memory_reserved() : 2.703125
2025-10-21 22:09:25,797 - INFO - Epoch 10 completed in 16.279511 seconds
2025-10-21 22:12:43,753 - INFO - torch.cuda.max_memory_reserved() : 2.703125
2025-10-21 22:12:43,754 - INFO - !!!采用策略后的几个epoch 平均时间:16.118267327547073
2025-10-21 22:12:43,754 - INFO - 



