2025-10-21 22:13:05,023 - INFO - 📌 第一个 epoch：默认所有模块使用 checkpoint
2025-10-21 22:13:24,818 - INFO - Epoch 1 completed in 19.814141 seconds
2025-10-21 22:16:45,118 - INFO - torch.cuda.max_memory_reserved() : 0.919921875
2025-10-21 22:17:04,937 - INFO - 
[🔁 拟合反向传播时间模型]
2025-10-21 22:17:04,937 - INFO - 总反向传播时间: 19.549950s
2025-10-21 22:17:04,937 - INFO - 拟合模型: backward_total ≈ 2 × (A + B) + b
2025-10-21 22:17:04,937 - INFO - A = 11.229708, B = 1.042315, b = 7.277927s
2025-10-21 22:17:04,940 - INFO - Set parameter LicenseID to value 2706656
2025-10-21 22:17:04,943 - INFO - Set parameter LogToConsole to value 1
2025-10-21 22:17:04,943 - INFO - Set parameter LogFile to value ""
2025-10-21 22:17:04,943 - INFO - Set parameter Threads to value 12
2025-10-21 22:17:04,943 - INFO - Set parameter TimeLimit to value 3600
2025-10-21 22:17:04,943 - INFO - Set parameter Method to value 1
2025-10-21 22:17:04,994 - INFO - Set parameter TimeLimit to value 3000
2025-10-21 22:17:04,995 - INFO - Gurobi Optimizer version 12.0.3 build v12.0.3rc0 (linux64 - "Ubuntu 20.04.6 LTS")
2025-10-21 22:17:04,995 - INFO - 
2025-10-21 22:17:04,995 - INFO - CPU model: Intel(R) Xeon(R) Platinum 8260 CPU @ 2.40GHz, instruction set [SSE2|AVX|AVX2|AVX512]
2025-10-21 22:17:04,995 - INFO - Thread count: 48 physical cores, 96 logical processors, using up to 12 threads
2025-10-21 22:17:04,995 - INFO - 
2025-10-21 22:17:04,995 - INFO - Non-default parameters:
2025-10-21 22:17:04,995 - INFO - TimeLimit  3000
2025-10-21 22:17:04,995 - INFO - Method  1
2025-10-21 22:17:04,995 - INFO - Threads  12
2025-10-21 22:17:04,995 - INFO - 
2025-10-21 22:17:04,995 - INFO - Optimize a model with 3892 rows, 1699 columns and 20398 nonzeros
2025-10-21 22:17:04,996 - INFO - Model fingerprint: 0x7e75c97b
2025-10-21 22:17:04,996 - INFO - Variable types: 0 continuous, 1699 integer (1699 binary)
2025-10-21 22:17:04,996 - INFO - Coefficient statistics:
2025-10-21 22:17:04,996 - INFO -   Matrix range     [1e+00, 5e+14]
2025-10-21 22:17:04,996 - INFO -   Objective range  [5e+04, 3e+05]
2025-10-21 22:17:04,996 - INFO -   Bounds range     [1e+00, 1e+00]
2025-10-21 22:17:04,996 - INFO -   RHS range        [1e+00, 3e+15]
2025-10-21 22:17:04,996 - INFO - Warning: Model contains large matrix coefficient range
2025-10-21 22:17:04,996 - INFO - Warning: Model contains large rhs
2025-10-21 22:17:04,996 - INFO -          Consider reformulating model or setting NumericFocus parameter
2025-10-21 22:17:04,996 - INFO -          to avoid numerical issues.
2025-10-21 22:17:04,997 - INFO - Found heuristic solution: objective 8449323.0000
2025-10-21 22:17:05,001 - INFO - Presolve removed 3892 rows and 1699 columns
2025-10-21 22:17:05,001 - INFO - Presolve time: 0.00s
2025-10-21 22:17:05,001 - INFO - Presolve: All rows and columns removed
2025-10-21 22:17:05,002 - INFO - 
2025-10-21 22:17:05,002 - INFO - Explored 0 nodes (0 simplex iterations) in 0.01 seconds (0.01 work units)
2025-10-21 22:17:05,002 - INFO - Thread count was 1 (of 96 available processors)
2025-10-21 22:17:05,002 - INFO - 
2025-10-21 22:17:05,002 - INFO - Solution count 2: 5.66668e+06 8.44932e+06 
2025-10-21 22:17:05,002 - INFO - 
2025-10-21 22:17:05,002 - INFO - Optimal solution found (tolerance 1.00e-04)
2025-10-21 22:17:05,002 - INFO - Best objective 5.666681000000e+06, best bound 5.666681000000e+06, gap 0.0000%
2025-10-21 22:17:05,007 - INFO - 规划前的显存GB：3.0
2025-10-21 22:17:05,008 - INFO - 规划后的显存GB：2.5380959510803223
2025-10-21 22:17:05,008 - INFO - ✅ 最优策略：[True, True, True, True, True, True, True, True, True, True, True, True, True, True, True, True]
2025-10-21 22:17:05,008 - INFO - 📌 checkpoint 的欧氏长度:, []
2025-10-21 22:17:05,008 - INFO - 📌 checkpoint 的余弦长度:, []
2025-10-21 22:17:05,008 - INFO - 💾 最终显存峰值：%.2f MB % 2444.3057861328125
2025-10-21 22:17:05,019 - INFO - Epoch 2 completed in 19.900665 seconds
2025-10-21 22:17:05,019 - INFO - torch.cuda.max_memory_reserved() : 0.919921875
2025-10-21 22:17:20,412 - INFO - Epoch 3 completed in 15.392050 seconds
2025-10-21 22:17:20,412 - INFO - 
====================== [第1个 Epoch 收集统计数据] ======================
2025-10-21 22:17:20,412 - INFO - 
🔍 EUCLIDEAN modules:
2025-10-21 22:17:20,412 - INFO - [Shapelet   6] forward_avg=0.002172s over 92 calls | peak=121.01MB | final=0.00MB
2025-10-21 22:17:20,412 - INFO - [Shapelet  12] forward_avg=0.002492s over 92 calls | peak=164.59MB | final=0.00MB
2025-10-21 22:17:20,412 - INFO - [Shapelet  18] forward_avg=0.002844s over 92 calls | peak=202.52MB | final=0.00MB
2025-10-21 22:17:20,413 - INFO - [Shapelet  24] forward_avg=0.003059s over 92 calls | peak=233.25MB | final=0.00MB
2025-10-21 22:17:20,413 - INFO - [Shapelet  30] forward_avg=0.002988s over 92 calls | peak=247.82MB | final=0.00MB
2025-10-21 22:17:20,413 - INFO - [Shapelet  36] forward_avg=0.003253s over 92 calls | peak=247.36MB | final=0.00MB
2025-10-21 22:17:20,413 - INFO - [Shapelet  42] forward_avg=0.003288s over 92 calls | peak=232.68MB | final=0.00MB
2025-10-21 22:17:20,413 - INFO - [Shapelet  49] forward_avg=0.002065s over 92 calls | peak=202.64MB | final=0.00MB
2025-10-21 22:17:20,413 - INFO - 
🔍 COSINE modules:
2025-10-21 22:17:20,413 - INFO - [Shapelet   6] forward_avg=0.002027s over 92 calls | peak=81.68MB | final=0.00MB
2025-10-21 22:17:20,413 - INFO - [Shapelet  12] forward_avg=0.002159s over 92 calls | peak=100.70MB | final=0.00MB
2025-10-21 22:17:20,413 - INFO - [Shapelet  18] forward_avg=0.002301s over 92 calls | peak=117.07MB | final=0.00MB
2025-10-21 22:17:20,413 - INFO - [Shapelet  24] forward_avg=0.002243s over 92 calls | peak=134.74MB | final=0.00MB
2025-10-21 22:17:20,413 - INFO - [Shapelet  30] forward_avg=0.002521s over 92 calls | peak=141.93MB | final=0.00MB
2025-10-21 22:17:20,413 - INFO - [Shapelet  36] forward_avg=0.002661s over 92 calls | peak=139.35MB | final=0.00MB
2025-10-21 22:17:20,413 - INFO - [Shapelet  42] forward_avg=0.002630s over 92 calls | peak=125.51MB | final=0.00MB
2025-10-21 22:17:20,413 - INFO - [Shapelet  49] forward_avg=0.001984s over 92 calls | peak=106.17MB | final=0.00MB
2025-10-21 22:17:20,413 - INFO - 
🔍 CROSS modules:
2025-10-21 22:17:20,413 - INFO - [Shapelet   6] forward_avg=0.000518s over 92 calls
2025-10-21 22:17:20,413 - INFO - [Shapelet  12] forward_avg=0.000483s over 92 calls
2025-10-21 22:17:20,413 - INFO - [Shapelet  18] forward_avg=0.000564s over 92 calls
2025-10-21 22:17:20,413 - INFO - [Shapelet  24] forward_avg=0.000645s over 92 calls
2025-10-21 22:17:20,413 - INFO - [Shapelet  30] forward_avg=0.000724s over 92 calls
2025-10-21 22:17:20,413 - INFO - [Shapelet  36] forward_avg=0.000820s over 92 calls
2025-10-21 22:17:20,413 - INFO - [Shapelet  42] forward_avg=0.000897s over 92 calls
2025-10-21 22:17:20,413 - INFO - [Shapelet  49] forward_avg=0.001014s over 92 calls
2025-10-21 22:17:20,413 - INFO - 
💾 模型第一次反向传播阶段的显存峰值（所有模块中的最大值）: 2780.89 MB
2025-10-21 22:17:20,413 - INFO - 
💾 模型初始显存: 18.32 MB
2025-10-21 22:17:20,413 - INFO - =======================================================================

2025-10-21 22:17:20,413 - INFO - torch.cuda.max_memory_reserved() : 3.107421875
2025-10-21 22:17:35,366 - INFO - Epoch 4 completed in 14.951479 seconds
2025-10-21 22:17:35,366 - INFO - torch.cuda.max_memory_reserved() : 3.107421875
2025-10-21 22:17:50,420 - INFO - Epoch 5 completed in 15.053883 seconds
2025-10-21 22:17:50,421 - INFO - torch.cuda.max_memory_reserved() : 3.107421875
2025-10-21 22:18:05,616 - INFO - Epoch 6 completed in 15.195131 seconds
2025-10-21 22:18:05,617 - INFO - torch.cuda.max_memory_reserved() : 3.107421875
2025-10-21 22:18:20,573 - INFO - Epoch 7 completed in 14.956142 seconds
2025-10-21 22:18:20,574 - INFO - torch.cuda.max_memory_reserved() : 3.107421875
2025-10-21 22:18:35,961 - INFO - Epoch 8 completed in 15.386347 seconds
2025-10-21 22:18:35,961 - INFO - torch.cuda.max_memory_reserved() : 3.107421875
2025-10-21 22:18:50,755 - INFO - Epoch 9 completed in 14.793185 seconds
2025-10-21 22:18:50,755 - INFO - torch.cuda.max_memory_reserved() : 3.107421875
2025-10-21 22:19:05,965 - INFO - Epoch 10 completed in 15.208937 seconds
2025-10-21 22:22:34,775 - INFO - torch.cuda.max_memory_reserved() : 3.107421875
2025-10-21 22:22:34,776 - INFO - !!!采用策略后的几个epoch 平均时间:15.117144286632538
2025-10-21 22:22:34,776 - INFO - 



