2025-10-22 17:43:48,005 - INFO - 📌 第一个 epoch：默认所有模块使用 checkpoint
2025-10-22 18:07:16,284 - INFO - Epoch 1 completed in 1408.296209 seconds
2025-10-22 18:15:10,415 - INFO - torch.cuda.max_memory_reserved() : 0.560546875
2025-10-22 18:38:27,744 - INFO - 
[🔁 拟合反向传播时间模型]
2025-10-22 18:38:27,744 - INFO - 总反向传播时间: 1390.020728s
2025-10-22 18:38:27,744 - INFO - 拟合模型: backward_total ≈ 2 × (A + B) + b
2025-10-22 18:38:27,744 - INFO - A = 872.731211, B = 70.015063, b = 447.274454s
2025-10-22 18:38:27,773 - INFO - Set parameter LicenseID to value 2706656
2025-10-22 18:38:27,781 - INFO - Set parameter LogToConsole to value 1
2025-10-22 18:38:27,781 - INFO - Set parameter LogFile to value ""
2025-10-22 18:38:27,782 - INFO - Set parameter Threads to value 12
2025-10-22 18:38:27,782 - INFO - Set parameter TimeLimit to value 3600
2025-10-22 18:38:27,782 - INFO - Set parameter Method to value 1
2025-10-22 18:38:27,830 - INFO - Set parameter TimeLimit to value 3000
2025-10-22 18:38:27,833 - INFO - Gurobi Optimizer version 12.0.3 build v12.0.3rc0 (linux64 - "Ubuntu 20.04.6 LTS")
2025-10-22 18:38:27,833 - INFO - 
2025-10-22 18:38:27,833 - INFO - CPU model: Intel(R) Xeon(R) Platinum 8260 CPU @ 2.40GHz, instruction set [SSE2|AVX|AVX2|AVX512]
2025-10-22 18:38:27,833 - INFO - Thread count: 48 physical cores, 96 logical processors, using up to 12 threads
2025-10-22 18:38:27,833 - INFO - 
2025-10-22 18:38:27,833 - INFO - Non-default parameters:
2025-10-22 18:38:27,833 - INFO - TimeLimit  3000
2025-10-22 18:38:27,833 - INFO - Method  1
2025-10-22 18:38:27,833 - INFO - Threads  12
2025-10-22 18:38:27,833 - INFO - 
2025-10-22 18:38:27,833 - INFO - Optimize a model with 3892 rows, 1699 columns and 20398 nonzeros
2025-10-22 18:38:27,834 - INFO - Model fingerprint: 0x189a742e
2025-10-22 18:38:27,834 - INFO - Variable types: 0 continuous, 1699 integer (1699 binary)
2025-10-22 18:38:27,834 - INFO - Coefficient statistics:
2025-10-22 18:38:27,834 - INFO -   Matrix range     [1e+00, 3e+14]
2025-10-22 18:38:27,834 - INFO -   Objective range  [4e+04, 2e+05]
2025-10-22 18:38:27,834 - INFO -   Bounds range     [1e+00, 1e+00]
2025-10-22 18:38:27,834 - INFO -   RHS range        [1e+00, 5e+15]
2025-10-22 18:38:27,834 - INFO - Warning: Model contains large matrix coefficient range
2025-10-22 18:38:27,834 - INFO - Warning: Model contains large rhs
2025-10-22 18:38:27,834 - INFO -          Consider reformulating model or setting NumericFocus parameter
2025-10-22 18:38:27,834 - INFO -          to avoid numerical issues.
2025-10-22 18:38:27,838 - INFO - Found heuristic solution: objective 4450725.0000
2025-10-22 18:38:27,845 - INFO - Presolve removed 3892 rows and 1699 columns
2025-10-22 18:38:27,845 - INFO - Presolve time: 0.00s
2025-10-22 18:38:27,845 - INFO - Presolve: All rows and columns removed
2025-10-22 18:38:27,846 - INFO - 
2025-10-22 18:38:27,846 - INFO - Explored 0 nodes (0 simplex iterations) in 0.01 seconds (0.00 work units)
2025-10-22 18:38:27,846 - INFO - Thread count was 1 (of 96 available processors)
2025-10-22 18:38:27,846 - INFO - 
2025-10-22 18:38:27,846 - INFO - Solution count 2: 2.9826e+06 4.45072e+06 
2025-10-22 18:38:27,846 - INFO - 
2025-10-22 18:38:27,846 - INFO - Optimal solution found (tolerance 1.00e-04)
2025-10-22 18:38:27,846 - INFO - Best objective 2.982597000000e+06, best bound 2.982597000000e+06, gap 0.0000%
2025-10-22 18:38:27,852 - INFO - 规划前的显存GB：4.0
2025-10-22 18:38:27,852 - INFO - 规划后的显存GB：1.4015579223632812
2025-10-22 18:38:27,852 - INFO - ✅ 最优策略：[True, True, True, True, True, True, True, True, True, True, True, True, True, True, True, True]
2025-10-22 18:38:27,852 - INFO - 📌 checkpoint 的欧氏长度:, []
2025-10-22 18:38:27,852 - INFO - 📌 checkpoint 的余弦长度:, []
2025-10-22 18:38:27,852 - INFO - 💾 最终显存峰值：%.2f MB % 1269.9289474487305
2025-10-22 18:38:27,853 - INFO - Epoch 2 completed in 1397.434357 seconds
2025-10-22 18:38:27,853 - INFO - torch.cuda.max_memory_reserved() : 0.560546875
2025-10-22 18:54:32,901 - INFO - Epoch 3 completed in 965.044363 seconds
2025-10-22 18:54:32,901 - INFO - 
====================== [第1个 Epoch 收集统计数据] ======================
2025-10-22 18:54:32,901 - INFO - 
🔍 EUCLIDEAN modules:
2025-10-22 18:54:32,901 - INFO - [Shapelet 128] forward_avg=0.001376s over 10912 calls | peak=14.80MB | final=0.00MB
2025-10-22 18:54:32,901 - INFO - [Shapelet 694] forward_avg=0.001361s over 10912 calls | peak=72.14MB | final=0.00MB
2025-10-22 18:54:32,901 - INFO - [Shapelet 1261] forward_avg=0.001353s over 10912 calls | peak=114.19MB | final=0.00MB
2025-10-22 18:54:32,901 - INFO - [Shapelet 1828] forward_avg=0.001361s over 10912 calls | peak=138.23MB | final=0.00MB
2025-10-22 18:54:32,901 - INFO - [Shapelet 2395] forward_avg=0.001444s over 10912 calls | peak=150.28MB | final=0.00MB
2025-10-22 18:54:32,901 - INFO - [Shapelet 2962] forward_avg=0.001502s over 10912 calls | peak=146.73MB | final=0.00MB
2025-10-22 18:54:32,901 - INFO - [Shapelet 3529] forward_avg=0.001554s over 10912 calls | peak=128.99MB | final=0.00MB
2025-10-22 18:54:32,901 - INFO - [Shapelet 4096] forward_avg=0.001521s over 10912 calls | peak=96.53MB | final=0.00MB
2025-10-22 18:54:32,901 - INFO - 
🔍 COSINE modules:
2025-10-22 18:54:32,901 - INFO - [Shapelet 128] forward_avg=0.001960s over 10912 calls | peak=9.79MB | final=0.00MB
2025-10-22 18:54:32,901 - INFO - [Shapelet 694] forward_avg=0.001826s over 10912 calls | peak=48.03MB | final=0.00MB
2025-10-22 18:54:32,901 - INFO - [Shapelet 1261] forward_avg=0.001824s over 10912 calls | peak=76.03MB | final=0.00MB
2025-10-22 18:54:32,901 - INFO - [Shapelet 1828] forward_avg=0.001821s over 10912 calls | peak=92.03MB | final=0.00MB
2025-10-22 18:54:32,901 - INFO - [Shapelet 2395] forward_avg=0.001902s over 10912 calls | peak=100.02MB | final=0.00MB
2025-10-22 18:54:32,902 - INFO - [Shapelet 2962] forward_avg=0.001864s over 10912 calls | peak=97.60MB | final=0.00MB
2025-10-22 18:54:32,902 - INFO - [Shapelet 3529] forward_avg=0.002170s over 10912 calls | peak=85.74MB | final=0.00MB
2025-10-22 18:54:32,902 - INFO - [Shapelet 4096] forward_avg=0.001821s over 10912 calls | peak=64.07MB | final=0.00MB
2025-10-22 18:54:32,902 - INFO - 
🔍 CROSS modules:
2025-10-22 18:54:32,902 - INFO - [Shapelet 128] forward_avg=0.000399s over 10912 calls
2025-10-22 18:54:32,902 - INFO - [Shapelet 694] forward_avg=0.000377s over 10912 calls
2025-10-22 18:54:32,902 - INFO - [Shapelet 1261] forward_avg=0.000371s over 10912 calls
2025-10-22 18:54:32,902 - INFO - [Shapelet 1828] forward_avg=0.000371s over 10912 calls
2025-10-22 18:54:32,902 - INFO - [Shapelet 2395] forward_avg=0.000388s over 10912 calls
2025-10-22 18:54:32,902 - INFO - [Shapelet 2962] forward_avg=0.000405s over 10912 calls
2025-10-22 18:54:32,902 - INFO - [Shapelet 3529] forward_avg=0.000434s over 10912 calls
2025-10-22 18:54:32,902 - INFO - [Shapelet 4096] forward_avg=0.000463s over 10912 calls
2025-10-22 18:54:32,902 - INFO - 
💾 模型第一次反向传播阶段的显存峰值（所有模块中的最大值）: 1211.74 MB
2025-10-22 18:54:32,902 - INFO - 
💾 模型初始显存: 3.17 MB
2025-10-22 18:54:32,902 - INFO - =======================================================================

2025-10-22 18:54:32,902 - INFO - torch.cuda.max_memory_reserved() : 1.310546875
2025-10-22 19:10:47,904 - INFO - Epoch 4 completed in 974.998368 seconds
2025-10-22 19:10:47,905 - INFO - torch.cuda.max_memory_reserved() : 1.310546875
2025-10-22 19:27:32,045 - INFO - Epoch 5 completed in 1004.136896 seconds
2025-10-22 19:27:32,045 - INFO - torch.cuda.max_memory_reserved() : 1.310546875
2025-10-22 19:44:42,598 - INFO - Epoch 6 completed in 1030.548936 seconds
2025-10-22 19:44:42,599 - INFO - torch.cuda.max_memory_reserved() : 1.310546875
2025-10-22 20:01:45,651 - INFO - Epoch 7 completed in 1023.047435 seconds
2025-10-22 20:01:45,652 - INFO - torch.cuda.max_memory_reserved() : 1.310546875
2025-10-22 20:18:50,939 - INFO - Epoch 8 completed in 1025.281461 seconds
2025-10-22 20:18:50,939 - INFO - torch.cuda.max_memory_reserved() : 1.310546875
2025-10-22 20:35:59,449 - INFO - Epoch 9 completed in 1028.506078 seconds
2025-10-22 20:35:59,449 - INFO - torch.cuda.max_memory_reserved() : 1.310546875
2025-10-22 20:54:10,235 - INFO - Epoch 10 completed in 1090.782487 seconds
2025-10-22 21:01:28,694 - INFO - torch.cuda.max_memory_reserved() : 1.310546875
2025-10-22 21:01:28,700 - INFO - !!!采用策略后的几个epoch 平均时间:1017.793252915144
2025-10-22 21:01:28,700 - INFO - 



