2025-10-22 13:15:12,878 - INFO - 📌 第一个 epoch：默认所有模块使用 checkpoint
2025-10-22 14:52:38,026 - INFO - Epoch 1 completed in 5845.170619 seconds
2025-10-22 15:00:37,332 - INFO - torch.cuda.max_memory_reserved() : 0.560546875
2025-10-22 15:24:35,778 - INFO - 
[🔁 拟合反向传播时间模型]
2025-10-22 15:24:35,778 - INFO - 总反向传播时间: 1430.933479s
2025-10-22 15:24:35,778 - INFO - 拟合模型: backward_total ≈ 2 × (A + B) + b
2025-10-22 15:24:35,778 - INFO - A = 1138.412658, B = 165.083993, b = 127.436828s
2025-10-22 15:24:35,821 - INFO - Set parameter LicenseID to value 2706656
2025-10-22 15:24:35,826 - INFO - Set parameter LogToConsole to value 1
2025-10-22 15:24:35,827 - INFO - Set parameter LogFile to value ""
2025-10-22 15:24:35,827 - INFO - Set parameter Threads to value 12
2025-10-22 15:24:35,827 - INFO - Set parameter TimeLimit to value 3600
2025-10-22 15:24:35,827 - INFO - Set parameter Method to value 1
2025-10-22 15:24:35,882 - INFO - Set parameter TimeLimit to value 3000
2025-10-22 15:24:35,885 - INFO - Gurobi Optimizer version 12.0.3 build v12.0.3rc0 (linux64 - "Ubuntu 20.04.6 LTS")
2025-10-22 15:24:35,885 - INFO - 
2025-10-22 15:24:35,885 - INFO - CPU model: Intel(R) Xeon(R) Platinum 8260 CPU @ 2.40GHz, instruction set [SSE2|AVX|AVX2|AVX512]
2025-10-22 15:24:35,885 - INFO - Thread count: 48 physical cores, 96 logical processors, using up to 12 threads
2025-10-22 15:24:35,885 - INFO - 
2025-10-22 15:24:35,885 - INFO - Non-default parameters:
2025-10-22 15:24:35,885 - INFO - TimeLimit  3000
2025-10-22 15:24:35,885 - INFO - Method  1
2025-10-22 15:24:35,885 - INFO - Threads  12
2025-10-22 15:24:35,885 - INFO - 
2025-10-22 15:24:35,886 - INFO - Optimize a model with 3892 rows, 1699 columns and 20398 nonzeros
2025-10-22 15:24:35,886 - INFO - Model fingerprint: 0x9120f5c2
2025-10-22 15:24:35,886 - INFO - Variable types: 0 continuous, 1699 integer (1699 binary)
2025-10-22 15:24:35,886 - INFO - Coefficient statistics:
2025-10-22 15:24:35,886 - INFO -   Matrix range     [1e+00, 3e+14]
2025-10-22 15:24:35,886 - INFO -   Objective range  [8e+04, 2e+05]
2025-10-22 15:24:35,886 - INFO -   Bounds range     [1e+00, 1e+00]
2025-10-22 15:24:35,886 - INFO -   RHS range        [1e+00, 3e+15]
2025-10-22 15:24:35,886 - INFO - Warning: Model contains large matrix coefficient range
2025-10-22 15:24:35,886 - INFO - Warning: Model contains large rhs
2025-10-22 15:24:35,886 - INFO -          Consider reformulating model or setting NumericFocus parameter
2025-10-22 15:24:35,886 - INFO -          to avoid numerical issues.
2025-10-22 15:24:35,891 - INFO - Found heuristic solution: objective 6936404.0000
2025-10-22 15:24:35,897 - INFO - Presolve removed 3892 rows and 1699 columns
2025-10-22 15:24:35,897 - INFO - Presolve time: 0.01s
2025-10-22 15:24:35,897 - INFO - Presolve: All rows and columns removed
2025-10-22 15:24:35,898 - INFO - 
2025-10-22 15:24:35,898 - INFO - Explored 0 nodes (0 simplex iterations) in 0.01 seconds (0.00 work units)
2025-10-22 15:24:35,898 - INFO - Thread count was 1 (of 96 available processors)
2025-10-22 15:24:35,898 - INFO - 
2025-10-22 15:24:35,898 - INFO - Solution count 2: 4.65859e+06 6.9364e+06 
2025-10-22 15:24:35,898 - INFO - 
2025-10-22 15:24:35,898 - INFO - Optimal solution found (tolerance 1.00e-04)
2025-10-22 15:24:35,898 - INFO - Best objective 4.658588000000e+06, best bound 4.658588000000e+06, gap 0.0000%
2025-10-22 15:24:35,906 - INFO - 规划前的显存GB：3.0
2025-10-22 15:24:35,906 - INFO - 规划后的显存GB：1.4015579223632812
2025-10-22 15:24:35,906 - INFO - ✅ 最优策略：[True, True, True, True, True, True, True, True, True, True, True, True, True, True, True, True]
2025-10-22 15:24:35,906 - INFO - 📌 checkpoint 的欧氏长度:, []
2025-10-22 15:24:35,906 - INFO - 📌 checkpoint 的余弦长度:, []
2025-10-22 15:24:35,906 - INFO - 💾 最终显存峰值：%.2f MB % 1269.9289474487305
2025-10-22 15:24:35,907 - INFO - Epoch 2 completed in 1438.566536 seconds
2025-10-22 15:24:35,908 - INFO - torch.cuda.max_memory_reserved() : 0.560546875
2025-10-22 15:41:35,604 - INFO - Epoch 3 completed in 1019.693834 seconds
2025-10-22 15:41:35,605 - INFO - 
====================== [第1个 Epoch 收集统计数据] ======================
2025-10-22 15:41:35,605 - INFO - 
🔍 EUCLIDEAN modules:
2025-10-22 15:41:35,605 - INFO - [Shapelet 128] forward_avg=0.002083s over 10912 calls | peak=14.80MB | final=0.00MB
2025-10-22 15:41:35,605 - INFO - [Shapelet 694] forward_avg=0.001969s over 10912 calls | peak=72.14MB | final=0.00MB
2025-10-22 15:41:35,605 - INFO - [Shapelet 1261] forward_avg=0.001893s over 10912 calls | peak=114.19MB | final=0.00MB
2025-10-22 15:41:35,605 - INFO - [Shapelet 1828] forward_avg=0.001732s over 10912 calls | peak=138.23MB | final=0.00MB
2025-10-22 15:41:35,605 - INFO - [Shapelet 2395] forward_avg=0.001780s over 10912 calls | peak=150.28MB | final=0.00MB
2025-10-22 15:41:35,605 - INFO - [Shapelet 2962] forward_avg=0.001824s over 10912 calls | peak=146.73MB | final=0.00MB
2025-10-22 15:41:35,605 - INFO - [Shapelet 3529] forward_avg=0.001941s over 10912 calls | peak=128.99MB | final=0.00MB
2025-10-22 15:41:35,605 - INFO - [Shapelet 4096] forward_avg=0.001993s over 10912 calls | peak=96.53MB | final=0.00MB
2025-10-22 15:41:35,605 - INFO - 
🔍 COSINE modules:
2025-10-22 15:41:35,605 - INFO - [Shapelet 128] forward_avg=0.002563s over 10912 calls | peak=9.79MB | final=0.00MB
2025-10-22 15:41:35,605 - INFO - [Shapelet 694] forward_avg=0.002351s over 10912 calls | peak=48.03MB | final=0.00MB
2025-10-22 15:41:35,605 - INFO - [Shapelet 1261] forward_avg=0.002335s over 10912 calls | peak=76.03MB | final=0.00MB
2025-10-22 15:41:35,605 - INFO - [Shapelet 1828] forward_avg=0.002354s over 10912 calls | peak=92.03MB | final=0.00MB
2025-10-22 15:41:35,605 - INFO - [Shapelet 2395] forward_avg=0.002443s over 10912 calls | peak=100.02MB | final=0.00MB
2025-10-22 15:41:35,605 - INFO - [Shapelet 2962] forward_avg=0.002415s over 10912 calls | peak=97.60MB | final=0.00MB
2025-10-22 15:41:35,605 - INFO - [Shapelet 3529] forward_avg=0.002738s over 10912 calls | peak=85.74MB | final=0.00MB
2025-10-22 15:41:35,605 - INFO - [Shapelet 4096] forward_avg=0.002362s over 10912 calls | peak=64.07MB | final=0.00MB
2025-10-22 15:41:35,605 - INFO - 
🔍 CROSS modules:
2025-10-22 15:41:35,605 - INFO - [Shapelet 128] forward_avg=0.000800s over 10912 calls
2025-10-22 15:41:35,605 - INFO - [Shapelet 694] forward_avg=0.000929s over 10912 calls
2025-10-22 15:41:35,605 - INFO - [Shapelet 1261] forward_avg=0.000932s over 10912 calls
2025-10-22 15:41:35,605 - INFO - [Shapelet 1828] forward_avg=0.000941s over 10912 calls
2025-10-22 15:41:35,605 - INFO - [Shapelet 2395] forward_avg=0.000958s over 10912 calls
2025-10-22 15:41:35,605 - INFO - [Shapelet 2962] forward_avg=0.000973s over 10912 calls
2025-10-22 15:41:35,605 - INFO - [Shapelet 3529] forward_avg=0.001001s over 10912 calls
2025-10-22 15:41:35,605 - INFO - [Shapelet 4096] forward_avg=0.001030s over 10912 calls
2025-10-22 15:41:35,605 - INFO - 
💾 模型第一次反向传播阶段的显存峰值（所有模块中的最大值）: 1211.74 MB
2025-10-22 15:41:35,605 - INFO - 
💾 模型初始显存: 3.17 MB
2025-10-22 15:41:35,605 - INFO - =======================================================================

2025-10-22 15:41:35,606 - INFO - torch.cuda.max_memory_reserved() : 1.310546875
2025-10-22 15:58:31,754 - INFO - Epoch 4 completed in 1016.144123 seconds
2025-10-22 15:58:31,755 - INFO - torch.cuda.max_memory_reserved() : 1.310546875
2025-10-22 16:14:53,605 - INFO - Epoch 5 completed in 981.840881 seconds
2025-10-22 16:14:53,605 - INFO - torch.cuda.max_memory_reserved() : 1.310546875
2025-10-22 16:31:20,338 - INFO - Epoch 6 completed in 986.729433 seconds
2025-10-22 16:31:20,338 - INFO - torch.cuda.max_memory_reserved() : 1.310546875
2025-10-22 16:47:48,918 - INFO - Epoch 7 completed in 988.575898 seconds
2025-10-22 16:47:48,918 - INFO - torch.cuda.max_memory_reserved() : 1.310546875
2025-10-22 17:03:57,818 - INFO - Epoch 8 completed in 968.896326 seconds
2025-10-22 17:03:57,818 - INFO - torch.cuda.max_memory_reserved() : 1.310546875
2025-10-22 17:20:26,794 - INFO - Epoch 9 completed in 988.972467 seconds
2025-10-22 17:20:26,795 - INFO - torch.cuda.max_memory_reserved() : 1.310546875
2025-10-22 17:36:36,979 - INFO - Epoch 10 completed in 970.181353 seconds
2025-10-22 17:43:21,760 - INFO - torch.cuda.max_memory_reserved() : 1.310546875
2025-10-22 17:43:21,765 - INFO - !!!采用策略后的几个epoch 平均时间:990.129289329052
2025-10-22 17:43:21,765 - INFO - 



