2025-10-22 21:01:53,603 - INFO - 📌 第一个 epoch：默认所有模块使用 checkpoint
2025-10-22 21:25:30,334 - INFO - Epoch 1 completed in 1416.748581 seconds
2025-10-22 21:33:30,597 - INFO - torch.cuda.max_memory_reserved() : 0.560546875
2025-10-22 21:57:01,937 - INFO - 
[🔁 拟合反向传播时间模型]
2025-10-22 21:57:01,937 - INFO - 总反向传播时间: 1404.308888s
2025-10-22 21:57:01,937 - INFO - 拟合模型: backward_total ≈ 2 × (A + B) + b
2025-10-22 21:57:01,937 - INFO - A = 883.756039, B = 70.789057, b = 449.763792s
2025-10-22 21:57:01,982 - INFO - Set parameter LicenseID to value 2706656
2025-10-22 21:57:02,011 - INFO - Set parameter LogToConsole to value 1
2025-10-22 21:57:02,011 - INFO - Set parameter LogFile to value ""
2025-10-22 21:57:02,012 - INFO - Set parameter Threads to value 12
2025-10-22 21:57:02,012 - INFO - Set parameter TimeLimit to value 3600
2025-10-22 21:57:02,012 - INFO - Set parameter Method to value 1
2025-10-22 21:57:02,065 - INFO - Set parameter TimeLimit to value 3000
2025-10-22 21:57:02,066 - INFO - Gurobi Optimizer version 12.0.3 build v12.0.3rc0 (linux64 - "Ubuntu 20.04.6 LTS")
2025-10-22 21:57:02,066 - INFO - 
2025-10-22 21:57:02,066 - INFO - CPU model: Intel(R) Xeon(R) Platinum 8260 CPU @ 2.40GHz, instruction set [SSE2|AVX|AVX2|AVX512]
2025-10-22 21:57:02,066 - INFO - Thread count: 48 physical cores, 96 logical processors, using up to 12 threads
2025-10-22 21:57:02,066 - INFO - 
2025-10-22 21:57:02,066 - INFO - Non-default parameters:
2025-10-22 21:57:02,066 - INFO - TimeLimit  3000
2025-10-22 21:57:02,066 - INFO - Method  1
2025-10-22 21:57:02,066 - INFO - Threads  12
2025-10-22 21:57:02,066 - INFO - 
2025-10-22 21:57:02,066 - INFO - Optimize a model with 3892 rows, 1699 columns and 20398 nonzeros
2025-10-22 21:57:02,066 - INFO - Model fingerprint: 0xbf199662
2025-10-22 21:57:02,067 - INFO - Variable types: 0 continuous, 1699 integer (1699 binary)
2025-10-22 21:57:02,067 - INFO - Coefficient statistics:
2025-10-22 21:57:02,067 - INFO -   Matrix range     [1e+00, 3e+14]
2025-10-22 21:57:02,067 - INFO -   Objective range  [4e+04, 2e+05]
2025-10-22 21:57:02,067 - INFO -   Bounds range     [1e+00, 1e+00]
2025-10-22 21:57:02,067 - INFO -   RHS range        [1e+00, 6e+15]
2025-10-22 21:57:02,067 - INFO - Warning: Model contains large matrix coefficient range
2025-10-22 21:57:02,067 - INFO - Warning: Model contains large rhs
2025-10-22 21:57:02,067 - INFO -          Consider reformulating model or setting NumericFocus parameter
2025-10-22 21:57:02,067 - INFO -          to avoid numerical issues.
2025-10-22 21:57:02,068 - INFO - Found heuristic solution: objective 4499967.0000
2025-10-22 21:57:02,071 - INFO - Presolve removed 3892 rows and 1699 columns
2025-10-22 21:57:02,071 - INFO - Presolve time: 0.00s
2025-10-22 21:57:02,071 - INFO - Presolve: All rows and columns removed
2025-10-22 21:57:02,072 - INFO - 
2025-10-22 21:57:02,072 - INFO - Explored 0 nodes (0 simplex iterations) in 0.01 seconds (0.00 work units)
2025-10-22 21:57:02,072 - INFO - Thread count was 1 (of 96 available processors)
2025-10-22 21:57:02,072 - INFO - 
2025-10-22 21:57:02,072 - INFO - Solution count 2: 3.01556e+06 4.49997e+06 
2025-10-22 21:57:02,072 - INFO - 
2025-10-22 21:57:02,072 - INFO - Optimal solution found (tolerance 1.00e-04)
2025-10-22 21:57:02,072 - INFO - Best objective 3.015557000000e+06, best bound 3.015557000000e+06, gap 0.0000%
2025-10-22 21:57:02,077 - INFO - 规划前的显存GB：5.0
2025-10-22 21:57:02,077 - INFO - 规划后的显存GB：1.4015579223632812
2025-10-22 21:57:02,078 - INFO - ✅ 最优策略：[True, True, True, True, True, True, True, True, True, True, True, True, True, True, True, True]
2025-10-22 21:57:02,078 - INFO - 📌 checkpoint 的欧氏长度:, []
2025-10-22 21:57:02,078 - INFO - 📌 checkpoint 的余弦长度:, []
2025-10-22 21:57:02,078 - INFO - 💾 最终显存峰值：%.2f MB % 1269.9289474487305
2025-10-22 21:57:02,079 - INFO - Epoch 2 completed in 1411.477485 seconds
2025-10-22 21:57:02,079 - INFO - torch.cuda.max_memory_reserved() : 0.560546875
2025-10-22 22:14:00,143 - INFO - Epoch 3 completed in 1018.061076 seconds
2025-10-22 22:14:00,144 - INFO - 
====================== [第1个 Epoch 收集统计数据] ======================
2025-10-22 22:14:00,144 - INFO - 
🔍 EUCLIDEAN modules:
2025-10-22 22:14:00,144 - INFO - [Shapelet 128] forward_avg=0.001402s over 10912 calls | peak=14.80MB | final=0.00MB
2025-10-22 22:14:00,144 - INFO - [Shapelet 694] forward_avg=0.001385s over 10912 calls | peak=72.14MB | final=0.00MB
2025-10-22 22:14:00,144 - INFO - [Shapelet 1261] forward_avg=0.001372s over 10912 calls | peak=114.19MB | final=0.00MB
2025-10-22 22:14:00,144 - INFO - [Shapelet 1828] forward_avg=0.001376s over 10912 calls | peak=138.23MB | final=0.00MB
2025-10-22 22:14:00,144 - INFO - [Shapelet 2395] forward_avg=0.001454s over 10912 calls | peak=150.28MB | final=0.00MB
2025-10-22 22:14:00,144 - INFO - [Shapelet 2962] forward_avg=0.001514s over 10912 calls | peak=146.73MB | final=0.00MB
2025-10-22 22:14:00,144 - INFO - [Shapelet 3529] forward_avg=0.001566s over 10912 calls | peak=128.99MB | final=0.00MB
2025-10-22 22:14:00,144 - INFO - [Shapelet 4096] forward_avg=0.001531s over 10912 calls | peak=96.53MB | final=0.00MB
2025-10-22 22:14:00,144 - INFO - 
🔍 COSINE modules:
2025-10-22 22:14:00,144 - INFO - [Shapelet 128] forward_avg=0.001984s over 10912 calls | peak=9.79MB | final=0.00MB
2025-10-22 22:14:00,144 - INFO - [Shapelet 694] forward_avg=0.001852s over 10912 calls | peak=48.03MB | final=0.00MB
2025-10-22 22:14:00,144 - INFO - [Shapelet 1261] forward_avg=0.001850s over 10912 calls | peak=76.03MB | final=0.00MB
2025-10-22 22:14:00,144 - INFO - [Shapelet 1828] forward_avg=0.001849s over 10912 calls | peak=92.03MB | final=0.00MB
2025-10-22 22:14:00,144 - INFO - [Shapelet 2395] forward_avg=0.001928s over 10912 calls | peak=100.02MB | final=0.00MB
2025-10-22 22:14:00,144 - INFO - [Shapelet 2962] forward_avg=0.001894s over 10912 calls | peak=97.60MB | final=0.00MB
2025-10-22 22:14:00,144 - INFO - [Shapelet 3529] forward_avg=0.002191s over 10912 calls | peak=85.74MB | final=0.00MB
2025-10-22 22:14:00,144 - INFO - [Shapelet 4096] forward_avg=0.001849s over 10912 calls | peak=64.07MB | final=0.00MB
2025-10-22 22:14:00,145 - INFO - 
🔍 CROSS modules:
2025-10-22 22:14:00,145 - INFO - [Shapelet 128] forward_avg=0.000402s over 10912 calls
2025-10-22 22:14:00,145 - INFO - [Shapelet 694] forward_avg=0.000382s over 10912 calls
2025-10-22 22:14:00,145 - INFO - [Shapelet 1261] forward_avg=0.000377s over 10912 calls
2025-10-22 22:14:00,145 - INFO - [Shapelet 1828] forward_avg=0.000377s over 10912 calls
2025-10-22 22:14:00,145 - INFO - [Shapelet 2395] forward_avg=0.000392s over 10912 calls
2025-10-22 22:14:00,145 - INFO - [Shapelet 2962] forward_avg=0.000409s over 10912 calls
2025-10-22 22:14:00,145 - INFO - [Shapelet 3529] forward_avg=0.000437s over 10912 calls
2025-10-22 22:14:00,145 - INFO - [Shapelet 4096] forward_avg=0.000467s over 10912 calls
2025-10-22 22:14:00,145 - INFO - 
💾 模型第一次反向传播阶段的显存峰值（所有模块中的最大值）: 1211.74 MB
2025-10-22 22:14:00,145 - INFO - 
💾 模型初始显存: 3.17 MB
2025-10-22 22:14:00,145 - INFO - =======================================================================

2025-10-22 22:14:00,145 - INFO - torch.cuda.max_memory_reserved() : 1.310546875
2025-10-22 22:31:03,226 - INFO - Epoch 4 completed in 1023.077517 seconds
2025-10-22 22:31:03,227 - INFO - torch.cuda.max_memory_reserved() : 1.310546875
2025-10-22 22:51:34,502 - INFO - Epoch 5 completed in 1231.271067 seconds
2025-10-22 22:51:34,502 - INFO - torch.cuda.max_memory_reserved() : 1.310546875
2025-10-23 00:32:07,075 - INFO - Epoch 6 completed in 6032.568357 seconds
2025-10-23 00:32:07,076 - INFO - torch.cuda.max_memory_reserved() : 1.310546875
2025-10-23 02:09:39,998 - INFO - Epoch 7 completed in 5852.917572 seconds
2025-10-23 02:09:39,999 - INFO - torch.cuda.max_memory_reserved() : 1.310546875
2025-10-23 03:46:42,132 - INFO - Epoch 8 completed in 5822.129238 seconds
2025-10-23 03:46:42,133 - INFO - torch.cuda.max_memory_reserved() : 1.310546875
2025-10-23 05:28:42,105 - INFO - Epoch 9 completed in 6119.968388 seconds
2025-10-23 05:28:42,105 - INFO - torch.cuda.max_memory_reserved() : 1.310546875
2025-10-23 07:12:00,521 - INFO - Epoch 10 completed in 6198.411045 seconds
2025-10-23 07:23:06,834 - INFO - torch.cuda.max_memory_reserved() : 1.310546875
2025-10-23 07:23:06,839 - INFO - !!!采用策略后的几个epoch 平均时间:4162.30053243041
2025-10-23 07:23:06,839 - INFO - 



