2025-10-21 23:05:42,928 - INFO - 📌 第一个 epoch：默认所有模块使用 checkpoint
2025-10-21 23:30:42,938 - INFO - Epoch 1 completed in 1500.026316 seconds
2025-10-21 23:43:54,127 - INFO - torch.cuda.max_memory_reserved() : 0.560546875
2025-10-22 00:17:55,003 - INFO - 
[🔁 拟合反向传播时间模型]
2025-10-22 00:17:55,003 - INFO - 总反向传播时间: 2030.475670s
2025-10-22 00:17:55,003 - INFO - 拟合模型: backward_total ≈ 2 × (A + B) + b
2025-10-22 00:17:55,003 - INFO - A = 947.851045, B = 75.340903, b = 1007.283722s
2025-10-22 00:17:55,047 - INFO - Set parameter LicenseID to value 2706656
2025-10-22 00:17:55,052 - INFO - Set parameter LogToConsole to value 1
2025-10-22 00:17:55,052 - INFO - Set parameter LogFile to value ""
2025-10-22 00:17:55,052 - INFO - Set parameter Threads to value 12
2025-10-22 00:17:55,052 - INFO - Set parameter TimeLimit to value 3600
2025-10-22 00:17:55,052 - INFO - Set parameter Method to value 1
2025-10-22 00:17:55,129 - INFO - Set parameter TimeLimit to value 3000
2025-10-22 00:17:55,131 - INFO - Gurobi Optimizer version 12.0.3 build v12.0.3rc0 (linux64 - "Ubuntu 20.04.6 LTS")
2025-10-22 00:17:55,131 - INFO - 
2025-10-22 00:17:55,131 - INFO - CPU model: Intel(R) Xeon(R) Platinum 8260 CPU @ 2.40GHz, instruction set [SSE2|AVX|AVX2|AVX512]
2025-10-22 00:17:55,131 - INFO - Thread count: 48 physical cores, 96 logical processors, using up to 12 threads
2025-10-22 00:17:55,131 - INFO - 
2025-10-22 00:17:55,131 - INFO - Non-default parameters:
2025-10-22 00:17:55,131 - INFO - TimeLimit  3000
2025-10-22 00:17:55,131 - INFO - Method  1
2025-10-22 00:17:55,131 - INFO - Threads  12
2025-10-22 00:17:55,131 - INFO - 
2025-10-22 00:17:55,131 - INFO - Optimize a model with 3892 rows, 1699 columns and 20398 nonzeros
2025-10-22 00:17:55,131 - INFO - Model fingerprint: 0x3b737080
2025-10-22 00:17:55,132 - INFO - Variable types: 0 continuous, 1699 integer (1699 binary)
2025-10-22 00:17:55,132 - INFO - Coefficient statistics:
2025-10-22 00:17:55,132 - INFO -   Matrix range     [1e+00, 3e+14]
2025-10-22 00:17:55,132 - INFO -   Objective range  [4e+04, 2e+05]
2025-10-22 00:17:55,132 - INFO -   Bounds range     [1e+00, 1e+00]
2025-10-22 00:17:55,132 - INFO -   RHS range        [1e+00, 1e+15]
2025-10-22 00:17:55,132 - INFO - Warning: Model contains large matrix coefficient range
2025-10-22 00:17:55,132 - INFO - Warning: Model contains large rhs
2025-10-22 00:17:55,132 - INFO -          Consider reformulating model or setting NumericFocus parameter
2025-10-22 00:17:55,132 - INFO -          to avoid numerical issues.
2025-10-22 00:17:55,133 - INFO - Found heuristic solution: objective 4803803.0000
2025-10-22 00:17:55,165 - INFO - Presolve removed 3693 rows and 1529 columns
2025-10-22 00:17:55,165 - INFO - Presolve time: 0.03s
2025-10-22 00:17:55,165 - INFO - Presolved: 199 rows, 170 columns, 1794 nonzeros
2025-10-22 00:17:55,166 - INFO - Variable types: 0 continuous, 170 integer (170 binary)
2025-10-22 00:17:55,167 - INFO - Found heuristic solution: objective 4353112.0000
2025-10-22 00:17:55,168 - INFO - 
2025-10-22 00:17:55,168 - INFO - Root relaxation: objective 3.480218e+06, 81 iterations, 0.00 seconds (0.00 work units)
2025-10-22 00:17:55,173 - INFO - 
2025-10-22 00:17:55,173 - INFO -     Nodes    |    Current Node    |     Objective Bounds      |     Work
2025-10-22 00:17:55,173 - INFO -  Expl Unexpl |  Obj  Depth IntInf | Incumbent    BestBd   Gap | It/Node Time
2025-10-22 00:17:55,173 - INFO - 
2025-10-22 00:17:55,173 - INFO -      0     0 3480218.23    0    9 4353112.00 3480218.23  20.1%     -    0s
2025-10-22 00:17:55,174 - INFO - H    0     0                    3912894.0000 3480218.23  11.1%     -    0s
2025-10-22 00:17:55,174 - INFO - H    0     0                    3905904.0000 3480218.23  10.9%     -    0s
2025-10-22 00:17:55,174 - INFO - H    0     0                    3684606.0000 3480218.23  5.55%     -    0s
2025-10-22 00:17:55,175 - INFO - H    0     0                    3522418.0000 3480218.23  1.20%     -    0s
2025-10-22 00:17:55,178 - INFO - H    0     0                    3482156.0000 3480218.23  0.06%     -    0s
2025-10-22 00:17:55,178 - INFO - 
2025-10-22 00:17:55,178 - INFO - Cutting planes:
2025-10-22 00:17:55,178 - INFO -   Cover: 1
2025-10-22 00:17:55,178 - INFO -   RLT: 2
2025-10-22 00:17:55,179 - INFO - 
2025-10-22 00:17:55,179 - INFO - Explored 1 nodes (95 simplex iterations) in 0.05 seconds (0.03 work units)
2025-10-22 00:17:55,179 - INFO - Thread count was 12 (of 96 available processors)
2025-10-22 00:17:55,179 - INFO - 
2025-10-22 00:17:55,179 - INFO - Solution count 7: 3.48216e+06 3.52242e+06 3.68461e+06 ... 4.8038e+06
2025-10-22 00:17:55,179 - INFO - 
2025-10-22 00:17:55,179 - INFO - Optimal solution found (tolerance 1.00e-04)
2025-10-22 00:17:55,179 - INFO - Best objective 3.482156000000e+06, best bound 3.482156000000e+06, gap 0.0000%
2025-10-22 00:17:55,192 - INFO - 规划前的显存GB：1.0
2025-10-22 00:17:55,192 - INFO - 规划后的显存GB：0.9501843452453613
2025-10-22 00:17:55,192 - INFO - ✅ 最优策略：[True, True, True, True, True, True, True, True, False, True, True, False, False, False, False, True]
2025-10-22 00:17:55,192 - INFO - 📌 checkpoint 的欧氏长度:, []
2025-10-22 00:17:55,192 - INFO - 📌 checkpoint 的余弦长度:, [128, 1828, 2395, 2962, 3529]
2025-10-22 00:17:55,192 - INFO - 💾 最终显存峰值：%.2f MB % 1269.9289474487305
2025-10-22 00:17:55,194 - INFO - Epoch 2 completed in 2041.057491 seconds
2025-10-22 00:17:55,194 - INFO - torch.cuda.max_memory_reserved() : 0.560546875
2025-10-22 00:45:38,445 - INFO - Epoch 3 completed in 1663.237872 seconds
2025-10-22 00:45:38,446 - INFO - 
====================== [第1个 Epoch 收集统计数据] ======================
2025-10-22 00:45:38,446 - INFO - 
🔍 EUCLIDEAN modules:
2025-10-22 00:45:38,446 - INFO - [Shapelet 128] forward_avg=0.001539s over 10912 calls | peak=14.80MB | final=0.00MB
2025-10-22 00:45:38,446 - INFO - [Shapelet 694] forward_avg=0.001497s over 10912 calls | peak=72.14MB | final=0.00MB
2025-10-22 00:45:38,446 - INFO - [Shapelet 1261] forward_avg=0.001478s over 10912 calls | peak=114.19MB | final=0.00MB
2025-10-22 00:45:38,446 - INFO - [Shapelet 1828] forward_avg=0.001471s over 10912 calls | peak=138.23MB | final=0.00MB
2025-10-22 00:45:38,446 - INFO - [Shapelet 2395] forward_avg=0.001541s over 10912 calls | peak=150.28MB | final=0.00MB
2025-10-22 00:45:38,446 - INFO - [Shapelet 2962] forward_avg=0.001591s over 10912 calls | peak=146.73MB | final=0.00MB
2025-10-22 00:45:38,446 - INFO - [Shapelet 3529] forward_avg=0.001660s over 10912 calls | peak=128.99MB | final=0.00MB
2025-10-22 00:45:38,446 - INFO - [Shapelet 4096] forward_avg=0.001622s over 10912 calls | peak=96.53MB | final=0.00MB
2025-10-22 00:45:38,447 - INFO - 
🔍 COSINE modules:
2025-10-22 00:45:38,447 - INFO - [Shapelet 128] forward_avg=0.002179s over 10912 calls | peak=9.79MB | final=0.00MB
2025-10-22 00:45:38,447 - INFO - [Shapelet 694] forward_avg=0.001988s over 10912 calls | peak=48.03MB | final=0.00MB
2025-10-22 00:45:38,447 - INFO - [Shapelet 1261] forward_avg=0.001976s over 10912 calls | peak=76.03MB | final=0.00MB
2025-10-22 00:45:38,447 - INFO - [Shapelet 1828] forward_avg=0.001978s over 10912 calls | peak=92.03MB | final=0.00MB
2025-10-22 00:45:38,447 - INFO - [Shapelet 2395] forward_avg=0.002073s over 10912 calls | peak=100.02MB | final=0.00MB
2025-10-22 00:45:38,447 - INFO - [Shapelet 2962] forward_avg=0.002032s over 10912 calls | peak=97.60MB | final=0.00MB
2025-10-22 00:45:38,447 - INFO - [Shapelet 3529] forward_avg=0.002348s over 10912 calls | peak=85.74MB | final=0.00MB
2025-10-22 00:45:38,447 - INFO - [Shapelet 4096] forward_avg=0.001980s over 10912 calls | peak=64.07MB | final=0.00MB
2025-10-22 00:45:38,447 - INFO - 
🔍 CROSS modules:
2025-10-22 00:45:38,447 - INFO - [Shapelet 128] forward_avg=0.000455s over 10912 calls
2025-10-22 00:45:38,447 - INFO - [Shapelet 694] forward_avg=0.000415s over 10912 calls
2025-10-22 00:45:38,447 - INFO - [Shapelet 1261] forward_avg=0.000403s over 10912 calls
2025-10-22 00:45:38,447 - INFO - [Shapelet 1828] forward_avg=0.000400s over 10912 calls
2025-10-22 00:45:38,447 - INFO - [Shapelet 2395] forward_avg=0.000413s over 10912 calls
2025-10-22 00:45:38,447 - INFO - [Shapelet 2962] forward_avg=0.000428s over 10912 calls
2025-10-22 00:45:38,448 - INFO - [Shapelet 3529] forward_avg=0.000454s over 10912 calls
2025-10-22 00:45:38,448 - INFO - [Shapelet 4096] forward_avg=0.000484s over 10912 calls
2025-10-22 00:45:38,448 - INFO - 
💾 模型第一次反向传播阶段的显存峰值（所有模块中的最大值）: 751.41 MB
2025-10-22 00:45:38,448 - INFO - 
💾 模型初始显存: 3.17 MB
2025-10-22 00:45:38,448 - INFO - =======================================================================

2025-10-22 00:45:38,448 - INFO - torch.cuda.max_memory_reserved() : 1.056640625
2025-10-22 01:12:55,472 - INFO - Epoch 4 completed in 1637.015196 seconds
2025-10-22 01:12:55,473 - INFO - torch.cuda.max_memory_reserved() : 1.056640625
2025-10-22 01:39:50,490 - INFO - Epoch 5 completed in 1615.010359 seconds
2025-10-22 01:39:50,491 - INFO - torch.cuda.max_memory_reserved() : 1.056640625
2025-10-22 02:07:29,187 - INFO - Epoch 6 completed in 1658.689287 seconds
2025-10-22 02:07:29,188 - INFO - torch.cuda.max_memory_reserved() : 1.056640625
2025-10-22 03:31:59,278 - INFO - Epoch 7 completed in 5070.081803 seconds
2025-10-22 03:31:59,281 - INFO - torch.cuda.max_memory_reserved() : 1.056640625
2025-10-22 05:17:02,123 - INFO - Epoch 8 completed in 6302.834733 seconds
2025-10-22 05:17:02,124 - INFO - torch.cuda.max_memory_reserved() : 1.056640625
2025-10-22 07:01:29,099 - INFO - Epoch 9 completed in 6266.966278 seconds
2025-10-22 07:01:29,103 - INFO - torch.cuda.max_memory_reserved() : 1.056640625
2025-10-22 08:51:02,694 - INFO - Epoch 10 completed in 6573.587381 seconds
2025-10-22 09:02:00,028 - INFO - torch.cuda.max_memory_reserved() : 1.056640625
2025-10-22 09:02:00,032 - INFO - !!!采用策略后的几个epoch 平均时间:3848.427863687277
2025-10-22 09:02:00,033 - INFO - 



