2025-10-21 13:34:41,021 - INFO - 📌 第一个 epoch：默认所有模块使用 checkpoint
2025-10-21 13:34:44,359 - INFO - Epoch 1 completed in 3.348426 seconds
2025-10-21 13:34:45,429 - INFO - torch.cuda.max_memory_reserved() : 4.37890625
2025-10-21 13:34:48,186 - INFO - 
[🔁 拟合反向传播时间模型]
2025-10-21 13:34:48,186 - INFO - 总反向传播时间: 2.739668s
2025-10-21 13:34:48,186 - INFO - 拟合模型: backward_total ≈ 2 × (A + B) + b
2025-10-21 13:34:48,186 - INFO - A = 2.117125, B = 0.198069, b = 0.424475s
2025-10-21 13:34:48,208 - INFO - Set parameter LicenseID to value 2706656
2025-10-21 13:34:48,213 - INFO - Set parameter LogToConsole to value 1
2025-10-21 13:34:48,213 - INFO - Set parameter LogFile to value ""
2025-10-21 13:34:48,213 - INFO - Set parameter Threads to value 12
2025-10-21 13:34:48,213 - INFO - Set parameter TimeLimit to value 3600
2025-10-21 13:34:48,213 - INFO - Set parameter Method to value 1
2025-10-21 13:34:48,263 - INFO - Set parameter TimeLimit to value 3000
2025-10-21 13:34:48,265 - INFO - Gurobi Optimizer version 12.0.3 build v12.0.3rc0 (linux64 - "Ubuntu 20.04.6 LTS")
2025-10-21 13:34:48,265 - INFO - 
2025-10-21 13:34:48,265 - INFO - CPU model: Intel(R) Xeon(R) Platinum 8260 CPU @ 2.40GHz, instruction set [SSE2|AVX|AVX2|AVX512]
2025-10-21 13:34:48,265 - INFO - Thread count: 48 physical cores, 96 logical processors, using up to 12 threads
2025-10-21 13:34:48,265 - INFO - 
2025-10-21 13:34:48,265 - INFO - Non-default parameters:
2025-10-21 13:34:48,265 - INFO - TimeLimit  3000
2025-10-21 13:34:48,265 - INFO - Method  1
2025-10-21 13:34:48,265 - INFO - Threads  12
2025-10-21 13:34:48,265 - INFO - 
2025-10-21 13:34:48,265 - INFO - Optimize a model with 3892 rows, 1699 columns and 20398 nonzeros
2025-10-21 13:34:48,265 - INFO - Model fingerprint: 0xda88d0ff
2025-10-21 13:34:48,265 - INFO - Variable types: 0 continuous, 1699 integer (1699 binary)
2025-10-21 13:34:48,265 - INFO - Coefficient statistics:
2025-10-21 13:34:48,265 - INFO -   Matrix range     [1e+00, 2e+15]
2025-10-21 13:34:48,265 - INFO -   Objective range  [6e+04, 6e+05]
2025-10-21 13:34:48,265 - INFO -   Bounds range     [1e+00, 1e+00]
2025-10-21 13:34:48,265 - INFO -   RHS range        [1e+00, 7e+15]
2025-10-21 13:34:48,265 - INFO - Warning: Model contains large matrix coefficient range
2025-10-21 13:34:48,265 - INFO - Warning: Model contains large rhs
2025-10-21 13:34:48,266 - INFO -          Consider reformulating model or setting NumericFocus parameter
2025-10-21 13:34:48,266 - INFO -          to avoid numerical issues.
2025-10-21 13:34:48,266 - INFO - Found heuristic solution: objective 1.417792e+07
2025-10-21 13:34:48,283 - INFO - Presolve removed 3681 rows and 1504 columns
2025-10-21 13:34:48,283 - INFO - Presolve time: 0.02s
2025-10-21 13:34:48,283 - INFO - Presolved: 211 rows, 195 columns, 1819 nonzeros
2025-10-21 13:34:48,283 - INFO - Variable types: 0 continuous, 195 integer (195 binary)
2025-10-21 13:34:48,283 - INFO - Found heuristic solution: objective 1.335320e+07
2025-10-21 13:34:48,284 - INFO - 
2025-10-21 13:34:48,284 - INFO - Root relaxation: objective 1.053491e+07, 106 iterations, 0.00 seconds (0.00 work units)
2025-10-21 13:34:48,287 - INFO - 
2025-10-21 13:34:48,287 - INFO -     Nodes    |    Current Node    |     Objective Bounds      |     Work
2025-10-21 13:34:48,287 - INFO -  Expl Unexpl |  Obj  Depth IntInf | Incumbent    BestBd   Gap | It/Node Time
2025-10-21 13:34:48,287 - INFO - 
2025-10-21 13:34:48,287 - INFO -      0     0 1.0535e+07    0    4 1.3353e+07 1.0535e+07  21.1%     -    0s
2025-10-21 13:34:48,287 - INFO - H    0     0                    1.146488e+07 1.0535e+07  8.11%     -    0s
2025-10-21 13:34:48,287 - INFO - H    0     0                    1.104704e+07 1.0535e+07  4.64%     -    0s
2025-10-21 13:34:48,288 - INFO - H    0     0                    1.092736e+07 1.0535e+07  3.59%     -    0s
2025-10-21 13:34:48,296 - INFO - H    0     0                    1.077842e+07 1.0535e+07  2.26%     -    0s
2025-10-21 13:34:48,297 - INFO -      0     0 1.0543e+07    0   21 1.0778e+07 1.0543e+07  2.18%     -    0s
2025-10-21 13:34:48,297 - INFO - H    0     0                    1.073445e+07 1.0543e+07  1.78%     -    0s
2025-10-21 13:34:48,299 - INFO -      0     0 1.0634e+07    0   15 1.0734e+07 1.0634e+07  0.94%     -    0s
2025-10-21 13:34:48,305 - INFO - H    0     0                    1.072746e+07 1.0634e+07  0.87%     -    0s
2025-10-21 13:34:48,305 - INFO - H    0     0                    1.067044e+07 1.0634e+07  0.34%     -    0s
2025-10-21 13:34:48,307 - INFO -      0     0 1.0652e+07    0   35 1.0670e+07 1.0652e+07  0.18%     -    0s
2025-10-21 13:34:48,311 - INFO - 
2025-10-21 13:34:48,311 - INFO - Cutting planes:
2025-10-21 13:34:48,311 - INFO -   Cover: 5
2025-10-21 13:34:48,311 - INFO -   RLT: 1
2025-10-21 13:34:48,312 - INFO - 
2025-10-21 13:34:48,312 - INFO - Explored 1 nodes (156 simplex iterations) in 0.05 seconds (0.03 work units)
2025-10-21 13:34:48,312 - INFO - Thread count was 12 (of 96 available processors)
2025-10-21 13:34:48,312 - INFO - 
2025-10-21 13:34:48,312 - INFO - Solution count 9: 1.06704e+07 1.07275e+07 1.07344e+07 ... 1.41779e+07
2025-10-21 13:34:48,312 - INFO - 
2025-10-21 13:34:48,312 - INFO - Optimal solution found (tolerance 1.00e-04)
2025-10-21 13:34:48,312 - INFO - Best objective 1.067044300000e+07, best bound 1.067044300000e+07, gap 0.0000%
2025-10-21 13:34:48,318 - INFO - 规划前的显存GB：6.0
2025-10-21 13:34:48,318 - INFO - 规划后的显存GB：5.67516565322876
2025-10-21 13:34:48,318 - INFO - ✅ 最优策略：[True, True, True, True, True, True, True, False, False, False, True, False, False, False, False, True]
2025-10-21 13:34:48,318 - INFO - 📌 checkpoint 的欧氏长度:, [324]
2025-10-21 13:34:48,318 - INFO - 📌 checkpoint 的余弦长度:, [40, 80, 161, 202, 242, 283]
2025-10-21 13:34:48,319 - INFO - 💾 最终显存峰值：%.2f MB % 8692.373695373535
2025-10-21 13:34:48,319 - INFO - Epoch 2 completed in 2.888801 seconds
2025-10-21 13:34:48,319 - INFO - torch.cuda.max_memory_reserved() : 4.37890625
2025-10-21 13:34:50,603 - INFO - Epoch 3 completed in 2.283605 seconds
2025-10-21 13:34:50,603 - INFO - 
====================== [第1个 Epoch 收集统计数据] ======================
2025-10-21 13:34:50,603 - INFO - 
🔍 EUCLIDEAN modules:
2025-10-21 13:34:50,603 - INFO - [Shapelet  40] forward_avg=0.004069s over 12 calls | peak=343.57MB | final=0.00MB
2025-10-21 13:34:50,603 - INFO - [Shapelet  80] forward_avg=0.004178s over 12 calls | peak=601.19MB | final=0.00MB
2025-10-21 13:34:50,603 - INFO - [Shapelet 121] forward_avg=0.005110s over 12 calls | peak=791.72MB | final=0.00MB
2025-10-21 13:34:50,603 - INFO - [Shapelet 161] forward_avg=0.005441s over 12 calls | peak=905.43MB | final=0.00MB
2025-10-21 13:34:50,603 - INFO - [Shapelet 202] forward_avg=0.005570s over 12 calls | peak=946.48MB | final=0.00MB
2025-10-21 13:34:50,603 - INFO - [Shapelet 242] forward_avg=0.005382s over 12 calls | peak=915.59MB | final=0.00MB
2025-10-21 13:34:50,603 - INFO - [Shapelet 283] forward_avg=0.004684s over 12 calls | peak=810.62MB | final=0.00MB
2025-10-21 13:34:50,603 - INFO - [Shapelet 324] forward_avg=0.004244s over 12 calls | peak=628.61MB | final=0.00MB
2025-10-21 13:34:50,603 - INFO - 
🔍 COSINE modules:
2025-10-21 13:34:50,604 - INFO - [Shapelet  40] forward_avg=0.002043s over 12 calls | peak=220.75MB | final=0.00MB
2025-10-21 13:34:50,604 - INFO - [Shapelet  80] forward_avg=0.002018s over 12 calls | peak=390.83MB | final=0.00MB
2025-10-21 13:34:50,604 - INFO - [Shapelet 121] forward_avg=0.002685s over 12 calls | peak=515.69MB | final=0.00MB
2025-10-21 13:34:50,604 - INFO - [Shapelet 161] forward_avg=0.002919s over 12 calls | peak=589.82MB | final=0.00MB
2025-10-21 13:34:50,604 - INFO - [Shapelet 202] forward_avg=0.003084s over 12 calls | peak=615.21MB | final=0.00MB
2025-10-21 13:34:50,604 - INFO - [Shapelet 242] forward_avg=0.002916s over 12 calls | peak=592.28MB | final=0.00MB
2025-10-21 13:34:50,604 - INFO - [Shapelet 283] forward_avg=0.002329s over 12 calls | peak=520.11MB | final=0.00MB
2025-10-21 13:34:50,604 - INFO - [Shapelet 324] forward_avg=0.002137s over 12 calls | peak=396.44MB | final=0.00MB
2025-10-21 13:34:50,604 - INFO - 
🔍 CROSS modules:
2025-10-21 13:34:50,604 - INFO - [Shapelet  40] forward_avg=0.002755s over 12 calls
2025-10-21 13:34:50,604 - INFO - [Shapelet  80] forward_avg=0.000570s over 12 calls
2025-10-21 13:34:50,604 - INFO - [Shapelet 121] forward_avg=0.000640s over 12 calls
2025-10-21 13:34:50,604 - INFO - [Shapelet 161] forward_avg=0.000750s over 12 calls
2025-10-21 13:34:50,604 - INFO - [Shapelet 202] forward_avg=0.000853s over 12 calls
2025-10-21 13:34:50,604 - INFO - [Shapelet 242] forward_avg=0.000821s over 12 calls
2025-10-21 13:34:50,604 - INFO - [Shapelet 283] forward_avg=0.000880s over 12 calls
2025-10-21 13:34:50,604 - INFO - [Shapelet 324] forward_avg=0.000984s over 12 calls
2025-10-21 13:34:50,604 - INFO - 
💾 模型第一次反向传播阶段的显存峰值（所有模块中的最大值）: 5002.49 MB
2025-10-21 13:34:50,604 - INFO - 
💾 模型初始显存: 23.05 MB
2025-10-21 13:34:50,604 - INFO - =======================================================================

2025-10-21 13:34:50,604 - INFO - torch.cuda.max_memory_reserved() : 6.296875
2025-10-21 13:34:52,838 - INFO - Epoch 4 completed in 2.233513 seconds
2025-10-21 13:34:52,839 - INFO - torch.cuda.max_memory_reserved() : 6.296875
2025-10-21 13:34:55,128 - INFO - Epoch 5 completed in 2.288930 seconds
2025-10-21 13:34:55,128 - INFO - torch.cuda.max_memory_reserved() : 6.296875
2025-10-21 13:34:57,510 - INFO - Epoch 6 completed in 2.381170 seconds
2025-10-21 13:34:57,510 - INFO - torch.cuda.max_memory_reserved() : 6.296875
2025-10-21 13:34:59,825 - INFO - Epoch 7 completed in 2.314393 seconds
2025-10-21 13:34:59,825 - INFO - torch.cuda.max_memory_reserved() : 6.296875
2025-10-21 13:35:02,115 - INFO - Epoch 8 completed in 2.288851 seconds
2025-10-21 13:35:02,116 - INFO - torch.cuda.max_memory_reserved() : 6.296875
2025-10-21 13:35:04,410 - INFO - Epoch 9 completed in 2.292808 seconds
2025-10-21 13:35:04,410 - INFO - torch.cuda.max_memory_reserved() : 6.296875
2025-10-21 13:35:06,769 - INFO - Epoch 10 completed in 2.358258 seconds
2025-10-21 13:35:07,810 - INFO - torch.cuda.max_memory_reserved() : 6.296875
2025-10-21 13:35:07,811 - INFO - !!!采用策略后的几个epoch 平均时间:2.305190861225128
2025-10-21 13:35:07,811 - INFO - 



