2025-10-21 13:35:31,370 - INFO - 📌 第一个 epoch：默认所有模块使用 checkpoint
2025-10-21 13:35:34,737 - INFO - Epoch 1 completed in 3.375958 seconds
2025-10-21 13:35:35,790 - INFO - torch.cuda.max_memory_reserved() : 4.37890625
2025-10-21 13:35:38,585 - INFO - 
[🔁 拟合反向传播时间模型]
2025-10-21 13:35:38,586 - INFO - 总反向传播时间: 2.772259s
2025-10-21 13:35:38,586 - INFO - 拟合模型: backward_total ≈ 2 × (A + B) + b
2025-10-21 13:35:38,586 - INFO - A = 2.109707, B = 0.198152, b = 0.464400s
2025-10-21 13:35:38,611 - INFO - Set parameter LicenseID to value 2706656
2025-10-21 13:35:38,617 - INFO - Set parameter LogToConsole to value 1
2025-10-21 13:35:38,617 - INFO - Set parameter LogFile to value ""
2025-10-21 13:35:38,617 - INFO - Set parameter Threads to value 12
2025-10-21 13:35:38,617 - INFO - Set parameter TimeLimit to value 3600
2025-10-21 13:35:38,617 - INFO - Set parameter Method to value 1
2025-10-21 13:35:38,668 - INFO - Set parameter TimeLimit to value 3000
2025-10-21 13:35:38,669 - INFO - Gurobi Optimizer version 12.0.3 build v12.0.3rc0 (linux64 - "Ubuntu 20.04.6 LTS")
2025-10-21 13:35:38,669 - INFO - 
2025-10-21 13:35:38,669 - INFO - CPU model: Intel(R) Xeon(R) Platinum 8260 CPU @ 2.40GHz, instruction set [SSE2|AVX|AVX2|AVX512]
2025-10-21 13:35:38,669 - INFO - Thread count: 48 physical cores, 96 logical processors, using up to 12 threads
2025-10-21 13:35:38,669 - INFO - 
2025-10-21 13:35:38,669 - INFO - Non-default parameters:
2025-10-21 13:35:38,669 - INFO - TimeLimit  3000
2025-10-21 13:35:38,669 - INFO - Method  1
2025-10-21 13:35:38,670 - INFO - Threads  12
2025-10-21 13:35:38,670 - INFO - 
2025-10-21 13:35:38,670 - INFO - Optimize a model with 3892 rows, 1699 columns and 20398 nonzeros
2025-10-21 13:35:38,670 - INFO - Model fingerprint: 0x01ecabea
2025-10-21 13:35:38,670 - INFO - Variable types: 0 continuous, 1699 integer (1699 binary)
2025-10-21 13:35:38,670 - INFO - Coefficient statistics:
2025-10-21 13:35:38,670 - INFO -   Matrix range     [1e+00, 2e+15]
2025-10-21 13:35:38,670 - INFO -   Objective range  [6e+04, 6e+05]
2025-10-21 13:35:38,670 - INFO -   Bounds range     [1e+00, 1e+00]
2025-10-21 13:35:38,670 - INFO -   RHS range        [1e+00, 8e+15]
2025-10-21 13:35:38,670 - INFO - Warning: Model contains large matrix coefficient range
2025-10-21 13:35:38,670 - INFO - Warning: Model contains large rhs
2025-10-21 13:35:38,670 - INFO -          Consider reformulating model or setting NumericFocus parameter
2025-10-21 13:35:38,670 - INFO -          to avoid numerical issues.
2025-10-21 13:35:38,671 - INFO - Found heuristic solution: objective 1.416431e+07
2025-10-21 13:35:38,687 - INFO - Presolve removed 3701 rows and 1520 columns
2025-10-21 13:35:38,687 - INFO - Presolve time: 0.02s
2025-10-21 13:35:38,687 - INFO - Presolved: 191 rows, 179 columns, 1686 nonzeros
2025-10-21 13:35:38,687 - INFO - Variable types: 0 continuous, 179 integer (179 binary)
2025-10-21 13:35:38,688 - INFO - Found heuristic solution: objective 1.336420e+07
2025-10-21 13:35:38,688 - INFO - 
2025-10-21 13:35:38,689 - INFO - Root relaxation: objective 1.001750e+07, 102 iterations, 0.00 seconds (0.00 work units)
2025-10-21 13:35:38,690 - INFO - 
2025-10-21 13:35:38,690 - INFO -     Nodes    |    Current Node    |     Objective Bounds      |     Work
2025-10-21 13:35:38,691 - INFO -  Expl Unexpl |  Obj  Depth IntInf | Incumbent    BestBd   Gap | It/Node Time
2025-10-21 13:35:38,691 - INFO - 
2025-10-21 13:35:38,691 - INFO -      0     0 1.0018e+07    0    8 1.3364e+07 1.0018e+07  25.0%     -    0s
2025-10-21 13:35:38,691 - INFO - H    0     0                    1.241804e+07 1.0018e+07  19.3%     -    0s
2025-10-21 13:35:38,691 - INFO - H    0     0                    1.002658e+07 1.0018e+07  0.09%     -    0s
2025-10-21 13:35:38,698 - INFO -      0     0     cutoff    0      1.0027e+07 1.0027e+07  0.00%     -    0s
2025-10-21 13:35:38,698 - INFO - 
2025-10-21 13:35:38,698 - INFO - Cutting planes:
2025-10-21 13:35:38,698 - INFO -   Cover: 1
2025-10-21 13:35:38,698 - INFO -   RLT: 1
2025-10-21 13:35:38,698 - INFO - 
2025-10-21 13:35:38,698 - INFO - Explored 1 nodes (116 simplex iterations) in 0.03 seconds (0.03 work units)
2025-10-21 13:35:38,698 - INFO - Thread count was 12 (of 96 available processors)
2025-10-21 13:35:38,698 - INFO - 
2025-10-21 13:35:38,698 - INFO - Solution count 4: 1.00266e+07 1.2418e+07 1.33642e+07 1.41643e+07 
2025-10-21 13:35:38,698 - INFO - 
2025-10-21 13:35:38,699 - INFO - Optimal solution found (tolerance 1.00e-04)
2025-10-21 13:35:38,699 - INFO - Best objective 1.002658300000e+07, best bound 1.002658300000e+07, gap 0.0000%
2025-10-21 13:35:38,704 - INFO - 规划前的显存GB：7.0
2025-10-21 13:35:38,704 - INFO - 规划后的显存GB：6.191075801849365
2025-10-21 13:35:38,704 - INFO - ✅ 最优策略：[True, True, True, True, True, True, True, True, True, False, False, False, False, False, False, False]
2025-10-21 13:35:38,705 - INFO - 📌 checkpoint 的欧氏长度:, []
2025-10-21 13:35:38,705 - INFO - 📌 checkpoint 的余弦长度:, [80, 121, 161, 202, 242, 283, 324]
2025-10-21 13:35:38,705 - INFO - 💾 最终显存峰值：%.2f MB % 8692.373695373535
2025-10-21 13:35:38,705 - INFO - Epoch 2 completed in 2.914097 seconds
2025-10-21 13:35:38,705 - INFO - torch.cuda.max_memory_reserved() : 4.37890625
2025-10-21 13:35:40,999 - INFO - Epoch 3 completed in 2.293468 seconds
2025-10-21 13:35:40,999 - INFO - 
====================== [第1个 Epoch 收集统计数据] ======================
2025-10-21 13:35:40,999 - INFO - 
🔍 EUCLIDEAN modules:
2025-10-21 13:35:41,000 - INFO - [Shapelet  40] forward_avg=0.003888s over 12 calls | peak=343.57MB | final=0.00MB
2025-10-21 13:35:41,000 - INFO - [Shapelet  80] forward_avg=0.004114s over 12 calls | peak=601.19MB | final=0.00MB
2025-10-21 13:35:41,000 - INFO - [Shapelet 121] forward_avg=0.005116s over 12 calls | peak=791.72MB | final=0.00MB
2025-10-21 13:35:41,000 - INFO - [Shapelet 161] forward_avg=0.005448s over 12 calls | peak=905.43MB | final=0.00MB
2025-10-21 13:35:41,000 - INFO - [Shapelet 202] forward_avg=0.005691s over 12 calls | peak=946.48MB | final=0.00MB
2025-10-21 13:35:41,000 - INFO - [Shapelet 242] forward_avg=0.005340s over 12 calls | peak=915.59MB | final=0.00MB
2025-10-21 13:35:41,000 - INFO - [Shapelet 283] forward_avg=0.004687s over 12 calls | peak=810.62MB | final=0.00MB
2025-10-21 13:35:41,000 - INFO - [Shapelet 324] forward_avg=0.004347s over 12 calls | peak=628.61MB | final=0.00MB
2025-10-21 13:35:41,001 - INFO - 
🔍 COSINE modules:
2025-10-21 13:35:41,001 - INFO - [Shapelet  40] forward_avg=0.002018s over 12 calls | peak=220.75MB | final=0.00MB
2025-10-21 13:35:41,001 - INFO - [Shapelet  80] forward_avg=0.002039s over 12 calls | peak=390.83MB | final=0.00MB
2025-10-21 13:35:41,001 - INFO - [Shapelet 121] forward_avg=0.002568s over 12 calls | peak=515.69MB | final=0.00MB
2025-10-21 13:35:41,001 - INFO - [Shapelet 161] forward_avg=0.002845s over 12 calls | peak=589.82MB | final=0.00MB
2025-10-21 13:35:41,001 - INFO - [Shapelet 202] forward_avg=0.003099s over 12 calls | peak=615.21MB | final=0.00MB
2025-10-21 13:35:41,001 - INFO - [Shapelet 242] forward_avg=0.002931s over 12 calls | peak=592.28MB | final=0.00MB
2025-10-21 13:35:41,001 - INFO - [Shapelet 283] forward_avg=0.002329s over 12 calls | peak=520.11MB | final=0.00MB
2025-10-21 13:35:41,001 - INFO - [Shapelet 324] forward_avg=0.002144s over 12 calls | peak=396.44MB | final=0.00MB
2025-10-21 13:35:41,001 - INFO - 
🔍 CROSS modules:
2025-10-21 13:35:41,002 - INFO - [Shapelet  40] forward_avg=0.002748s over 12 calls
2025-10-21 13:35:41,002 - INFO - [Shapelet  80] forward_avg=0.000565s over 12 calls
2025-10-21 13:35:41,002 - INFO - [Shapelet 121] forward_avg=0.000638s over 12 calls
2025-10-21 13:35:41,002 - INFO - [Shapelet 161] forward_avg=0.000750s over 12 calls
2025-10-21 13:35:41,002 - INFO - [Shapelet 202] forward_avg=0.000855s over 12 calls
2025-10-21 13:35:41,002 - INFO - [Shapelet 242] forward_avg=0.000832s over 12 calls
2025-10-21 13:35:41,002 - INFO - [Shapelet 283] forward_avg=0.000883s over 12 calls
2025-10-21 13:35:41,002 - INFO - [Shapelet 324] forward_avg=0.000986s over 12 calls
2025-10-21 13:35:41,002 - INFO - 
💾 模型第一次反向传播阶段的显存峰值（所有模块中的最大值）: 4896.00 MB
2025-10-21 13:35:41,003 - INFO - 
💾 模型初始显存: 23.05 MB
2025-10-21 13:35:41,003 - INFO - =======================================================================

2025-10-21 13:35:41,003 - INFO - torch.cuda.max_memory_reserved() : 5.861328125
2025-10-21 13:35:43,248 - INFO - Epoch 4 completed in 2.243991 seconds
2025-10-21 13:35:43,249 - INFO - torch.cuda.max_memory_reserved() : 5.861328125
2025-10-21 13:35:45,525 - INFO - Epoch 5 completed in 2.275630 seconds
2025-10-21 13:35:45,525 - INFO - torch.cuda.max_memory_reserved() : 5.86328125
2025-10-21 13:35:47,839 - INFO - Epoch 6 completed in 2.312628 seconds
2025-10-21 13:35:47,840 - INFO - torch.cuda.max_memory_reserved() : 5.86328125
2025-10-21 13:35:50,153 - INFO - Epoch 7 completed in 2.311059 seconds
2025-10-21 13:35:50,153 - INFO - torch.cuda.max_memory_reserved() : 5.86328125
2025-10-21 13:35:52,447 - INFO - Epoch 8 completed in 2.291989 seconds
2025-10-21 13:35:52,447 - INFO - torch.cuda.max_memory_reserved() : 5.86328125
2025-10-21 13:35:55,078 - INFO - Epoch 9 completed in 2.631085 seconds
2025-10-21 13:35:55,079 - INFO - torch.cuda.max_memory_reserved() : 5.86328125
2025-10-21 13:35:57,788 - INFO - Epoch 10 completed in 2.707400 seconds
2025-10-21 13:35:58,823 - INFO - torch.cuda.max_memory_reserved() : 5.86328125
2025-10-21 13:35:58,823 - INFO - !!!采用策略后的几个epoch 平均时间:2.383406400680542
2025-10-21 13:35:58,824 - INFO - 



