2025-10-20 23:07:07,149 - INFO - 📌 第一个 epoch：默认所有模块使用 checkpoint
2025-10-20 23:07:22,672 - INFO - Epoch 1 completed in 15.539436 seconds
2025-10-20 23:07:25,011 - INFO - torch.cuda.max_memory_reserved() : 4.37890625
2025-10-20 23:07:45,838 - INFO - 
[🔁 拟合反向传播时间模型]
2025-10-20 23:07:45,838 - INFO - 总反向传播时间: 20.762131s
2025-10-20 23:07:45,838 - INFO - 拟合模型: backward_total ≈ 2 × (A + B) + b
2025-10-20 23:07:45,838 - INFO - A = 3.938541, B = 0.491736, b = 16.331854s
2025-10-20 23:07:45,861 - INFO - Set parameter LicenseID to value 2706656
2025-10-20 23:07:45,866 - INFO - Set parameter LogToConsole to value 1
2025-10-20 23:07:45,866 - INFO - Set parameter LogFile to value ""
2025-10-20 23:07:45,866 - INFO - Set parameter Threads to value 12
2025-10-20 23:07:45,866 - INFO - Set parameter TimeLimit to value 3600
2025-10-20 23:07:45,866 - INFO - Set parameter Method to value 1
2025-10-20 23:07:45,945 - INFO - Set parameter TimeLimit to value 3000
2025-10-20 23:07:45,947 - INFO - Gurobi Optimizer version 12.0.3 build v12.0.3rc0 (linux64 - "Ubuntu 20.04.6 LTS")
2025-10-20 23:07:45,947 - INFO - 
2025-10-20 23:07:45,947 - INFO - CPU model: Intel(R) Xeon(R) Platinum 8260 CPU @ 2.40GHz, instruction set [SSE2|AVX|AVX2|AVX512]
2025-10-20 23:07:45,948 - INFO - Thread count: 48 physical cores, 96 logical processors, using up to 12 threads
2025-10-20 23:07:45,948 - INFO - 
2025-10-20 23:07:45,948 - INFO - Non-default parameters:
2025-10-20 23:07:45,948 - INFO - TimeLimit  3000
2025-10-20 23:07:45,948 - INFO - Method  1
2025-10-20 23:07:45,948 - INFO - Threads  12
2025-10-20 23:07:45,948 - INFO - 
2025-10-20 23:07:45,948 - INFO - Optimize a model with 3892 rows, 1699 columns and 20398 nonzeros
2025-10-20 23:07:45,949 - INFO - Model fingerprint: 0x4189a569
2025-10-20 23:07:45,949 - INFO - Variable types: 0 continuous, 1699 integer (1699 binary)
2025-10-20 23:07:45,949 - INFO - Coefficient statistics:
2025-10-20 23:07:45,949 - INFO -   Matrix range     [1e+00, 2e+15]
2025-10-20 23:07:45,949 - INFO -   Objective range  [2e+05, 1e+06]
2025-10-20 23:07:45,949 - INFO -   Bounds range     [1e+00, 1e+00]
2025-10-20 23:07:45,949 - INFO -   RHS range        [1e+00, 5e+15]
2025-10-20 23:07:45,949 - INFO - Warning: Model contains large matrix coefficient range
2025-10-20 23:07:45,949 - INFO - Warning: Model contains large rhs
2025-10-20 23:07:45,949 - INFO -          Consider reformulating model or setting NumericFocus parameter
2025-10-20 23:07:45,949 - INFO -          to avoid numerical issues.
2025-10-20 23:07:45,950 - INFO - Found heuristic solution: objective 2.802144e+07
2025-10-20 23:07:45,985 - INFO - Presolve removed 3731 rows and 1531 columns
2025-10-20 23:07:45,985 - INFO - Presolve time: 0.03s
2025-10-20 23:07:45,986 - INFO - Presolved: 161 rows, 168 columns, 1078 nonzeros
2025-10-20 23:07:45,986 - INFO - Variable types: 0 continuous, 168 integer (168 binary)
2025-10-20 23:07:45,987 - INFO - Found heuristic solution: objective 2.654009e+07
2025-10-20 23:07:45,988 - INFO - 
2025-10-20 23:07:45,989 - INFO - Root relaxation: objective 2.318500e+07, 83 iterations, 0.00 seconds (0.00 work units)
2025-10-20 23:07:45,991 - INFO - 
2025-10-20 23:07:45,991 - INFO -     Nodes    |    Current Node    |     Objective Bounds      |     Work
2025-10-20 23:07:45,992 - INFO -  Expl Unexpl |  Obj  Depth IntInf | Incumbent    BestBd   Gap | It/Node Time
2025-10-20 23:07:45,992 - INFO - 
2025-10-20 23:07:45,992 - INFO -      0     0 2.3185e+07    0    9 2.6540e+07 2.3185e+07  12.6%     -    0s
2025-10-20 23:07:45,992 - INFO - H    0     0                    2.339219e+07 2.3185e+07  0.89%     -    0s
2025-10-20 23:07:45,996 - INFO -      0     0 2.3211e+07    0   11 2.3392e+07 2.3211e+07  0.78%     -    0s
2025-10-20 23:07:45,998 - INFO - H    0     0                    2.321069e+07 2.3211e+07  0.00%     -    0s
2025-10-20 23:07:45,998 - INFO - 
2025-10-20 23:07:45,998 - INFO - Cutting planes:
2025-10-20 23:07:45,998 - INFO -   RLT: 1
2025-10-20 23:07:45,998 - INFO -   Relax-and-lift: 1
2025-10-20 23:07:45,999 - INFO - 
2025-10-20 23:07:45,999 - INFO - Explored 1 nodes (105 simplex iterations) in 0.05 seconds (0.03 work units)
2025-10-20 23:07:45,999 - INFO - Thread count was 12 (of 96 available processors)
2025-10-20 23:07:45,999 - INFO - 
2025-10-20 23:07:45,999 - INFO - Solution count 4: 2.32107e+07 2.33922e+07 2.65401e+07 2.80214e+07 
2025-10-20 23:07:45,999 - INFO - 
2025-10-20 23:07:45,999 - INFO - Optimal solution found (tolerance 1.00e-04)
2025-10-20 23:07:45,999 - INFO - Best objective 2.321068900000e+07, best bound 2.321068900000e+07, gap 0.0000%
2025-10-20 23:07:46,012 - INFO - 规划前的显存GB：4.0
2025-10-20 23:07:46,012 - INFO - 规划后的显存GB：3.6906495094299316
2025-10-20 23:07:46,012 - INFO - ✅ 最优策略：[True, True, True, True, True, False, False, False, False, True, False, False, False, False, False, True]
2025-10-20 23:07:46,012 - INFO - 📌 checkpoint 的欧氏长度:, [242, 283, 324]
2025-10-20 23:07:46,012 - INFO - 📌 checkpoint 的余弦长度:, [40, 121, 161, 202, 242, 283]
2025-10-20 23:07:46,013 - INFO - 💾 最终显存峰值：%.2f MB % 8692.373695373535
2025-10-20 23:07:46,013 - INFO - Epoch 2 completed in 21.001839 seconds
2025-10-20 23:07:46,013 - INFO - torch.cuda.max_memory_reserved() : 4.37890625
2025-10-20 23:07:55,259 - INFO - Epoch 3 completed in 9.244705 seconds
2025-10-20 23:07:55,259 - INFO - 
====================== [第1个 Epoch 收集统计数据] ======================
2025-10-20 23:07:55,259 - INFO - 
🔍 EUCLIDEAN modules:
2025-10-20 23:07:55,260 - INFO - [Shapelet  40] forward_avg=0.007283s over 12 calls | peak=343.57MB | final=0.00MB
2025-10-20 23:07:55,260 - INFO - [Shapelet  80] forward_avg=0.007530s over 12 calls | peak=601.19MB | final=0.00MB
2025-10-20 23:07:55,260 - INFO - [Shapelet 121] forward_avg=0.009923s over 12 calls | peak=791.72MB | final=0.00MB
2025-10-20 23:07:55,260 - INFO - [Shapelet 161] forward_avg=0.010714s over 12 calls | peak=905.43MB | final=0.00MB
2025-10-20 23:07:55,260 - INFO - [Shapelet 202] forward_avg=0.010842s over 12 calls | peak=946.48MB | final=0.00MB
2025-10-20 23:07:55,260 - INFO - [Shapelet 242] forward_avg=0.010863s over 12 calls | peak=915.59MB | final=0.00MB
2025-10-20 23:07:55,260 - INFO - [Shapelet 283] forward_avg=0.007992s over 12 calls | peak=810.62MB | final=0.00MB
2025-10-20 23:07:55,260 - INFO - [Shapelet 324] forward_avg=0.006940s over 12 calls | peak=628.61MB | final=0.00MB
2025-10-20 23:07:55,260 - INFO - 
🔍 COSINE modules:
2025-10-20 23:07:55,260 - INFO - [Shapelet  40] forward_avg=0.003773s over 12 calls | peak=220.75MB | final=0.00MB
2025-10-20 23:07:55,260 - INFO - [Shapelet  80] forward_avg=0.003405s over 12 calls | peak=390.83MB | final=0.00MB
2025-10-20 23:07:55,260 - INFO - [Shapelet 121] forward_avg=0.005202s over 12 calls | peak=515.69MB | final=0.00MB
2025-10-20 23:07:55,260 - INFO - [Shapelet 161] forward_avg=0.005461s over 12 calls | peak=589.82MB | final=0.00MB
2025-10-20 23:07:55,260 - INFO - [Shapelet 202] forward_avg=0.005719s over 12 calls | peak=615.21MB | final=0.00MB
2025-10-20 23:07:55,260 - INFO - [Shapelet 242] forward_avg=0.005456s over 12 calls | peak=592.28MB | final=0.00MB
2025-10-20 23:07:55,260 - INFO - [Shapelet 283] forward_avg=0.004928s over 12 calls | peak=520.11MB | final=0.00MB
2025-10-20 23:07:55,260 - INFO - [Shapelet 324] forward_avg=0.003373s over 12 calls | peak=396.44MB | final=0.00MB
2025-10-20 23:07:55,261 - INFO - 
🔍 CROSS modules:
2025-10-20 23:07:55,261 - INFO - [Shapelet  40] forward_avg=0.005585s over 12 calls
2025-10-20 23:07:55,261 - INFO - [Shapelet  80] forward_avg=0.001815s over 12 calls
2025-10-20 23:07:55,261 - INFO - [Shapelet 121] forward_avg=0.001930s over 12 calls
2025-10-20 23:07:55,261 - INFO - [Shapelet 161] forward_avg=0.002052s over 12 calls
2025-10-20 23:07:55,261 - INFO - [Shapelet 202] forward_avg=0.002141s over 12 calls
2025-10-20 23:07:55,261 - INFO - [Shapelet 242] forward_avg=0.002103s over 12 calls
2025-10-20 23:07:55,261 - INFO - [Shapelet 283] forward_avg=0.002378s over 12 calls
2025-10-20 23:07:55,261 - INFO - [Shapelet 324] forward_avg=0.002486s over 12 calls
2025-10-20 23:07:55,261 - INFO - 
💾 模型第一次反向传播阶段的显存峰值（所有模块中的最大值）: 4340.68 MB
2025-10-20 23:07:55,261 - INFO - 
💾 模型初始显存: 23.05 MB
2025-10-20 23:07:55,261 - INFO - =======================================================================

2025-10-20 23:07:55,261 - INFO - torch.cuda.max_memory_reserved() : 5.22265625
2025-10-20 23:07:57,908 - INFO - Epoch 4 completed in 2.645787 seconds
2025-10-20 23:07:57,908 - INFO - torch.cuda.max_memory_reserved() : 5.22265625
2025-10-20 23:08:00,692 - INFO - Epoch 5 completed in 2.782876 seconds
2025-10-20 23:08:00,693 - INFO - torch.cuda.max_memory_reserved() : 5.22265625
2025-10-20 23:08:03,535 - INFO - Epoch 6 completed in 2.840385 seconds
2025-10-20 23:08:03,535 - INFO - torch.cuda.max_memory_reserved() : 5.22265625
2025-10-20 23:08:06,480 - INFO - Epoch 7 completed in 2.944431 seconds
2025-10-20 23:08:06,481 - INFO - torch.cuda.max_memory_reserved() : 5.22265625
2025-10-20 23:08:09,219 - INFO - Epoch 8 completed in 2.736906 seconds
2025-10-20 23:08:09,219 - INFO - torch.cuda.max_memory_reserved() : 5.224609375
2025-10-20 23:08:11,890 - INFO - Epoch 9 completed in 2.670779 seconds
2025-10-20 23:08:11,891 - INFO - torch.cuda.max_memory_reserved() : 5.224609375
2025-10-20 23:08:14,740 - INFO - Epoch 10 completed in 2.846504 seconds
2025-10-20 23:08:15,919 - INFO - torch.cuda.max_memory_reserved() : 5.224609375
2025-10-20 23:08:15,919 - INFO - !!!采用策略后的几个epoch 平均时间:3.5890465676784515
2025-10-20 23:08:15,919 - INFO - 



2025-10-21 09:59:30,592 - INFO - 📌 第一个 epoch：默认所有模块使用 checkpoint
2025-10-21 09:59:33,916 - INFO - Epoch 1 completed in 3.328906 seconds
2025-10-21 09:59:34,972 - INFO - torch.cuda.max_memory_reserved() : 4.37890625
2025-10-21 09:59:37,740 - INFO - 
[🔁 拟合反向传播时间模型]
2025-10-21 09:59:37,741 - INFO - 总反向传播时间: 2.750514s
2025-10-21 09:59:37,741 - INFO - 拟合模型: backward_total ≈ 2 × (A + B) + b
2025-10-21 09:59:37,741 - INFO - A = 2.119427, B = 0.198036, b = 0.433051s
2025-10-21 09:59:37,786 - INFO - Set parameter LicenseID to value 2706656
2025-10-21 09:59:37,814 - INFO - Set parameter LogToConsole to value 1
2025-10-21 09:59:37,814 - INFO - Set parameter LogFile to value ""
2025-10-21 09:59:37,814 - INFO - Set parameter Threads to value 12
2025-10-21 09:59:37,815 - INFO - Set parameter TimeLimit to value 3600
2025-10-21 09:59:37,815 - INFO - Set parameter Method to value 1
2025-10-21 09:59:37,867 - INFO - Set parameter TimeLimit to value 3000
2025-10-21 09:59:37,868 - INFO - Gurobi Optimizer version 12.0.3 build v12.0.3rc0 (linux64 - "Ubuntu 20.04.6 LTS")
2025-10-21 09:59:37,868 - INFO - 
2025-10-21 09:59:37,868 - INFO - CPU model: Intel(R) Xeon(R) Platinum 8260 CPU @ 2.40GHz, instruction set [SSE2|AVX|AVX2|AVX512]
2025-10-21 09:59:37,868 - INFO - Thread count: 48 physical cores, 96 logical processors, using up to 12 threads
2025-10-21 09:59:37,868 - INFO - 
2025-10-21 09:59:37,868 - INFO - Non-default parameters:
2025-10-21 09:59:37,868 - INFO - TimeLimit  3000
2025-10-21 09:59:37,868 - INFO - Method  1
2025-10-21 09:59:37,868 - INFO - Threads  12
2025-10-21 09:59:37,868 - INFO - 
2025-10-21 09:59:37,868 - INFO - Optimize a model with 3892 rows, 1699 columns and 20398 nonzeros
2025-10-21 09:59:37,869 - INFO - Model fingerprint: 0x6199d2f9
2025-10-21 09:59:37,869 - INFO - Variable types: 0 continuous, 1699 integer (1699 binary)
2025-10-21 09:59:37,869 - INFO - Coefficient statistics:
2025-10-21 09:59:37,869 - INFO -   Matrix range     [1e+00, 2e+15]
2025-10-21 09:59:37,869 - INFO -   Objective range  [6e+04, 6e+05]
2025-10-21 09:59:37,869 - INFO -   Bounds range     [1e+00, 1e+00]
2025-10-21 09:59:37,869 - INFO -   RHS range        [1e+00, 5e+15]
2025-10-21 09:59:37,869 - INFO - Warning: Model contains large matrix coefficient range
2025-10-21 09:59:37,869 - INFO - Warning: Model contains large rhs
2025-10-21 09:59:37,869 - INFO -          Consider reformulating model or setting NumericFocus parameter
2025-10-21 09:59:37,869 - INFO -          to avoid numerical issues.
2025-10-21 09:59:37,870 - INFO - Found heuristic solution: objective 1.419339e+07
2025-10-21 09:59:37,887 - INFO - Presolve removed 3731 rows and 1531 columns
2025-10-21 09:59:37,887 - INFO - Presolve time: 0.02s
2025-10-21 09:59:37,888 - INFO - Presolved: 161 rows, 168 columns, 1078 nonzeros
2025-10-21 09:59:37,888 - INFO - Variable types: 0 continuous, 168 integer (168 binary)
2025-10-21 09:59:37,888 - INFO - Found heuristic solution: objective 1.336742e+07
2025-10-21 09:59:37,889 - INFO - 
2025-10-21 09:59:37,889 - INFO - Root relaxation: objective 1.165145e+07, 85 iterations, 0.00 seconds (0.00 work units)
2025-10-21 09:59:37,891 - INFO - 
2025-10-21 09:59:37,891 - INFO -     Nodes    |    Current Node    |     Objective Bounds      |     Work
2025-10-21 09:59:37,891 - INFO -  Expl Unexpl |  Obj  Depth IntInf | Incumbent    BestBd   Gap | It/Node Time
2025-10-21 09:59:37,891 - INFO - 
2025-10-21 09:59:37,891 - INFO -      0     0 1.1651e+07    0    9 1.3367e+07 1.1651e+07  12.8%     -    0s
2025-10-21 09:59:37,891 - INFO - H    0     0                    1.175316e+07 1.1651e+07  0.87%     -    0s
2025-10-21 09:59:37,897 - INFO - H    0     0                    1.169568e+07 1.1651e+07  0.38%     -    0s
2025-10-21 09:59:37,897 - INFO - 
2025-10-21 09:59:37,897 - INFO - Cutting planes:
2025-10-21 09:59:37,897 - INFO -   RLT: 1
2025-10-21 09:59:37,897 - INFO - 
2025-10-21 09:59:37,897 - INFO - Explored 1 nodes (106 simplex iterations) in 0.03 seconds (0.03 work units)
2025-10-21 09:59:37,897 - INFO - Thread count was 12 (of 96 available processors)
2025-10-21 09:59:37,897 - INFO - 
2025-10-21 09:59:37,897 - INFO - Solution count 4: 1.16957e+07 1.17532e+07 1.33674e+07 1.41934e+07 
2025-10-21 09:59:37,897 - INFO - 
2025-10-21 09:59:37,897 - INFO - Optimal solution found (tolerance 1.00e-04)
2025-10-21 09:59:37,897 - INFO - Best objective 1.169568100000e+07, best bound 1.169568100000e+07, gap 0.0000%
2025-10-21 09:59:37,903 - INFO - 规划前的显存GB：4.0
2025-10-21 09:59:37,903 - INFO - 规划后的显存GB：3.182725429534912
2025-10-21 09:59:37,903 - INFO - ✅ 最优策略：[True, True, True, True, True, False, False, False, False, True, False, False, False, False, False, False]
2025-10-21 09:59:37,903 - INFO - 📌 checkpoint 的欧氏长度:, [242, 283, 324]
2025-10-21 09:59:37,903 - INFO - 📌 checkpoint 的余弦长度:, [40, 121, 161, 202, 242, 283, 324]
2025-10-21 09:59:37,904 - INFO - 💾 最终显存峰值：%.2f MB % 8692.373695373535
2025-10-21 09:59:37,904 - INFO - Epoch 2 completed in 2.930950 seconds
2025-10-21 09:59:37,904 - INFO - torch.cuda.max_memory_reserved() : 4.37890625
2025-10-21 09:59:40,341 - INFO - Epoch 3 completed in 2.436725 seconds
2025-10-21 09:59:40,341 - INFO - 
====================== [第1个 Epoch 收集统计数据] ======================
2025-10-21 09:59:40,342 - INFO - 
🔍 EUCLIDEAN modules:
2025-10-21 09:59:40,342 - INFO - [Shapelet  40] forward_avg=0.004067s over 12 calls | peak=343.57MB | final=0.00MB
2025-10-21 09:59:40,342 - INFO - [Shapelet  80] forward_avg=0.004193s over 12 calls | peak=601.19MB | final=0.00MB
2025-10-21 09:59:40,342 - INFO - [Shapelet 121] forward_avg=0.005119s over 12 calls | peak=791.72MB | final=0.00MB
2025-10-21 09:59:40,342 - INFO - [Shapelet 161] forward_avg=0.005434s over 12 calls | peak=905.43MB | final=0.00MB
2025-10-21 09:59:40,342 - INFO - [Shapelet 202] forward_avg=0.005590s over 12 calls | peak=946.48MB | final=0.00MB
2025-10-21 09:59:40,342 - INFO - [Shapelet 242] forward_avg=0.005396s over 12 calls | peak=915.59MB | final=0.00MB
2025-10-21 09:59:40,342 - INFO - [Shapelet 283] forward_avg=0.004693s over 12 calls | peak=810.62MB | final=0.00MB
2025-10-21 09:59:40,343 - INFO - [Shapelet 324] forward_avg=0.004241s over 12 calls | peak=628.61MB | final=0.00MB
2025-10-21 09:59:40,343 - INFO - 
🔍 COSINE modules:
2025-10-21 09:59:40,343 - INFO - [Shapelet  40] forward_avg=0.001975s over 12 calls | peak=220.75MB | final=0.00MB
2025-10-21 09:59:40,343 - INFO - [Shapelet  80] forward_avg=0.002027s over 12 calls | peak=390.83MB | final=0.00MB
2025-10-21 09:59:40,343 - INFO - [Shapelet 121] forward_avg=0.002711s over 12 calls | peak=515.69MB | final=0.00MB
2025-10-21 09:59:40,343 - INFO - [Shapelet 161] forward_avg=0.002930s over 12 calls | peak=589.82MB | final=0.00MB
2025-10-21 09:59:40,343 - INFO - [Shapelet 202] forward_avg=0.003097s over 12 calls | peak=615.21MB | final=0.00MB
2025-10-21 09:59:40,343 - INFO - [Shapelet 242] forward_avg=0.002932s over 12 calls | peak=592.28MB | final=0.00MB
2025-10-21 09:59:40,343 - INFO - [Shapelet 283] forward_avg=0.002329s over 12 calls | peak=520.11MB | final=0.00MB
2025-10-21 09:59:40,344 - INFO - [Shapelet 324] forward_avg=0.002141s over 12 calls | peak=396.44MB | final=0.00MB
2025-10-21 09:59:40,344 - INFO - 
🔍 CROSS modules:
2025-10-21 09:59:40,344 - INFO - [Shapelet  40] forward_avg=0.002741s over 12 calls
2025-10-21 09:59:40,344 - INFO - [Shapelet  80] forward_avg=0.000575s over 12 calls
2025-10-21 09:59:40,344 - INFO - [Shapelet 121] forward_avg=0.000638s over 12 calls
2025-10-21 09:59:40,344 - INFO - [Shapelet 161] forward_avg=0.000751s over 12 calls
2025-10-21 09:59:40,344 - INFO - [Shapelet 202] forward_avg=0.000851s over 12 calls
2025-10-21 09:59:40,344 - INFO - [Shapelet 242] forward_avg=0.000823s over 12 calls
2025-10-21 09:59:40,344 - INFO - [Shapelet 283] forward_avg=0.000885s over 12 calls
2025-10-21 09:59:40,344 - INFO - [Shapelet 324] forward_avg=0.000986s over 12 calls
2025-10-21 09:59:40,345 - INFO - 
💾 模型第一次反向传播阶段的显存峰值（所有模块中的最大值）: 4142.71 MB
2025-10-21 09:59:40,345 - INFO - 
💾 模型初始显存: 23.05 MB
2025-10-21 09:59:40,345 - INFO - =======================================================================

2025-10-21 09:59:40,345 - INFO - torch.cuda.max_memory_reserved() : 4.6796875
2025-10-21 09:59:42,717 - INFO - Epoch 4 completed in 2.370902 seconds
2025-10-21 09:59:42,718 - INFO - torch.cuda.max_memory_reserved() : 4.6796875
2025-10-21 09:59:45,297 - INFO - Epoch 5 completed in 2.577173 seconds
2025-10-21 09:59:45,297 - INFO - torch.cuda.max_memory_reserved() : 4.6796875
2025-10-21 09:59:47,713 - INFO - Epoch 6 completed in 2.415662 seconds
2025-10-21 09:59:47,714 - INFO - torch.cuda.max_memory_reserved() : 4.6796875
2025-10-21 09:59:50,142 - INFO - Epoch 7 completed in 2.426636 seconds
2025-10-21 09:59:50,142 - INFO - torch.cuda.max_memory_reserved() : 4.6796875
2025-10-21 09:59:52,560 - INFO - Epoch 8 completed in 2.417240 seconds
2025-10-21 09:59:52,560 - INFO - torch.cuda.max_memory_reserved() : 4.6796875
2025-10-21 09:59:55,033 - INFO - Epoch 9 completed in 2.472981 seconds
2025-10-21 09:59:55,034 - INFO - torch.cuda.max_memory_reserved() : 4.6796875
2025-10-21 09:59:57,501 - INFO - Epoch 10 completed in 2.467090 seconds
2025-10-21 09:59:58,545 - INFO - torch.cuda.max_memory_reserved() : 4.6796875
2025-10-21 09:59:58,545 - INFO - !!!采用策略后的几个epoch 平均时间:2.4480511248111725
2025-10-21 09:59:58,545 - INFO - 



