2025-10-20 23:06:20,351 - INFO - 📌 第一个 epoch：默认所有模块使用 checkpoint
2025-10-20 23:06:41,866 - INFO - Epoch 1 completed in 21.528421 seconds
2025-10-20 23:06:44,331 - INFO - torch.cuda.max_memory_reserved() : 4.37890625
2025-10-20 23:07:00,160 - INFO - 
[🔁 拟合反向传播时间模型]
2025-10-20 23:07:00,161 - INFO - 总反向传播时间: 15.757560s
2025-10-20 23:07:00,161 - INFO - 拟合模型: backward_total ≈ 2 × (A + B) + b
2025-10-20 23:07:00,161 - INFO - A = 4.319043, B = 0.577231, b = 10.861286s
2025-10-20 23:07:00,183 - INFO - Set parameter LicenseID to value 2706656
2025-10-20 23:07:00,187 - INFO - Set parameter LogToConsole to value 1
2025-10-20 23:07:00,188 - INFO - Set parameter LogFile to value ""
2025-10-20 23:07:00,188 - INFO - Set parameter Threads to value 12
2025-10-20 23:07:00,188 - INFO - Set parameter TimeLimit to value 3600
2025-10-20 23:07:00,188 - INFO - Set parameter Method to value 1
2025-10-20 23:07:00,272 - INFO - Set parameter TimeLimit to value 3000
2025-10-20 23:07:00,274 - INFO - Gurobi Optimizer version 12.0.3 build v12.0.3rc0 (linux64 - "Ubuntu 20.04.6 LTS")
2025-10-20 23:07:00,274 - INFO - 
2025-10-20 23:07:00,274 - INFO - CPU model: Intel(R) Xeon(R) Platinum 8260 CPU @ 2.40GHz, instruction set [SSE2|AVX|AVX2|AVX512]
2025-10-20 23:07:00,274 - INFO - Thread count: 48 physical cores, 96 logical processors, using up to 12 threads
2025-10-20 23:07:00,274 - INFO - 
2025-10-20 23:07:00,275 - INFO - Non-default parameters:
2025-10-20 23:07:00,275 - INFO - TimeLimit  3000
2025-10-20 23:07:00,275 - INFO - Method  1
2025-10-20 23:07:00,275 - INFO - Threads  12
2025-10-20 23:07:00,275 - INFO - 
2025-10-20 23:07:00,275 - INFO - Optimize a model with 3892 rows, 1699 columns and 20398 nonzeros
2025-10-20 23:07:00,275 - INFO - Model fingerprint: 0x8447311a
2025-10-20 23:07:00,275 - INFO - Variable types: 0 continuous, 1699 integer (1699 binary)
2025-10-20 23:07:00,275 - INFO - Coefficient statistics:
2025-10-20 23:07:00,275 - INFO -   Matrix range     [1e+00, 2e+15]
2025-10-20 23:07:00,275 - INFO -   Objective range  [2e+05, 1e+06]
2025-10-20 23:07:00,276 - INFO -   Bounds range     [1e+00, 1e+00]
2025-10-20 23:07:00,276 - INFO -   RHS range        [1e+00, 2e+15]
2025-10-20 23:07:00,276 - INFO - Warning: Model contains large matrix coefficient range
2025-10-20 23:07:00,276 - INFO - Warning: Model contains large rhs
2025-10-20 23:07:00,276 - INFO -          Consider reformulating model or setting NumericFocus parameter
2025-10-20 23:07:00,276 - INFO -          to avoid numerical issues.
2025-10-20 23:07:00,280 - INFO - Presolve removed 3 rows and 0 columns
2025-10-20 23:07:00,280 - INFO - Presolve time: 0.00s
2025-10-20 23:07:00,280 - INFO - 
2025-10-20 23:07:00,280 - INFO - Explored 0 nodes (0 simplex iterations) in 0.00 seconds (0.00 work units)
2025-10-20 23:07:00,280 - INFO - Thread count was 1 (of 96 available processors)
2025-10-20 23:07:00,280 - INFO - 
2025-10-20 23:07:00,280 - INFO - Solution count 0
2025-10-20 23:07:00,280 - INFO - 
2025-10-20 23:07:00,280 - INFO - Model is infeasible
2025-10-20 23:07:00,280 - INFO - Best objective -, best bound -, gap -
2025-10-20 23:07:00,280 - INFO - Gurobi Optimizer version 12.0.3 build v12.0.3rc0 (linux64 - "Ubuntu 20.04.6 LTS")
2025-10-20 23:07:00,280 - INFO - 
2025-10-20 23:07:00,280 - INFO - CPU model: Intel(R) Xeon(R) Platinum 8260 CPU @ 2.40GHz, instruction set [SSE2|AVX|AVX2|AVX512]
2025-10-20 23:07:00,280 - INFO - Thread count: 48 physical cores, 96 logical processors, using up to 12 threads
2025-10-20 23:07:00,281 - INFO - 
2025-10-20 23:07:00,281 - INFO - Non-default parameters:
2025-10-20 23:07:00,281 - INFO - TimeLimit  3000
2025-10-20 23:07:00,281 - INFO - Method  1
2025-10-20 23:07:00,281 - INFO - Threads  12
2025-10-20 23:07:00,281 - INFO - 
2025-10-20 23:07:00,281 - INFO - 
2025-10-20 23:07:00,281 - INFO - Computing Irreducible Inconsistent Subsystem (IIS)...
2025-10-20 23:07:00,281 - INFO - 
2025-10-20 23:07:00,281 - INFO -            Constraints          |            Bounds           |  Runtime
2025-10-20 23:07:00,281 - INFO -       Min       Max     Guess   |   Min       Max     Guess   |
2025-10-20 23:07:00,281 - INFO - --------------------------------------------------------------------------
2025-10-20 23:07:00,281 - INFO -         0      3321         -         0         0         0           0s
2025-10-20 23:07:00,296 - INFO - Numerical troubles encountered during IIS computation
2025-10-20 23:07:00,296 - INFO -         4         4         4         0         0         0           0s
2025-10-20 23:07:00,296 - INFO - 
2025-10-20 23:07:00,296 - INFO - IIS computed: 4 constraints, 0 bounds
2025-10-20 23:07:00,296 - INFO - IIS runtime: 0.02 seconds (0.00 work units)
2025-10-20 23:07:00,298 - ERROR - Infeasible model, check constraints carefully. Insufficient memory?
Traceback (most recent call last):
  File "/data/user_lixiongfei/csl_hyc/solver/monet_solver.py", line 446, in solve_ilp_gurobi
    solution = ilpsolver.solve()
  File "/data/user_lixiongfei/csl_hyc/solver/monet_solver.py", line 387, in solve
    raise ValueError("Infeasible model, check constraints carefully. Insufficient memory?")
ValueError: Infeasible model, check constraints carefully. Insufficient memory?
2025-10-21 09:59:17,381 - INFO - 📌 第一个 epoch：默认所有模块使用 checkpoint
2025-10-21 09:59:20,848 - INFO - Epoch 1 completed in 3.477684 seconds
2025-10-21 09:59:21,933 - INFO - torch.cuda.max_memory_reserved() : 4.37890625
2025-10-21 09:59:24,821 - INFO - 
[🔁 拟合反向传播时间模型]
2025-10-21 09:59:24,821 - INFO - 总反向传播时间: 2.863440s
2025-10-21 09:59:24,822 - INFO - 拟合模型: backward_total ≈ 2 × (A + B) + b
2025-10-21 09:59:24,822 - INFO - A = 2.099548, B = 0.215882, b = 0.548010s
2025-10-21 09:59:24,847 - INFO - Set parameter LicenseID to value 2706656
2025-10-21 09:59:24,875 - INFO - Set parameter LogToConsole to value 1
2025-10-21 09:59:24,875 - INFO - Set parameter LogFile to value ""
2025-10-21 09:59:24,875 - INFO - Set parameter Threads to value 12
2025-10-21 09:59:24,875 - INFO - Set parameter TimeLimit to value 3600
2025-10-21 09:59:24,875 - INFO - Set parameter Method to value 1
2025-10-21 09:59:24,929 - INFO - Set parameter TimeLimit to value 3000
2025-10-21 09:59:24,930 - INFO - Gurobi Optimizer version 12.0.3 build v12.0.3rc0 (linux64 - "Ubuntu 20.04.6 LTS")
2025-10-21 09:59:24,930 - INFO - 
2025-10-21 09:59:24,931 - INFO - CPU model: Intel(R) Xeon(R) Platinum 8260 CPU @ 2.40GHz, instruction set [SSE2|AVX|AVX2|AVX512]
2025-10-21 09:59:24,931 - INFO - Thread count: 48 physical cores, 96 logical processors, using up to 12 threads
2025-10-21 09:59:24,931 - INFO - 
2025-10-21 09:59:24,931 - INFO - Non-default parameters:
2025-10-21 09:59:24,931 - INFO - TimeLimit  3000
2025-10-21 09:59:24,931 - INFO - Method  1
2025-10-21 09:59:24,931 - INFO - Threads  12
2025-10-21 09:59:24,931 - INFO - 
2025-10-21 09:59:24,931 - INFO - Optimize a model with 3892 rows, 1699 columns and 20398 nonzeros
2025-10-21 09:59:24,931 - INFO - Model fingerprint: 0x5a7701fe
2025-10-21 09:59:24,931 - INFO - Variable types: 0 continuous, 1699 integer (1699 binary)
2025-10-21 09:59:24,931 - INFO - Coefficient statistics:
2025-10-21 09:59:24,931 - INFO -   Matrix range     [1e+00, 2e+15]
2025-10-21 09:59:24,931 - INFO -   Objective range  [6e+04, 5e+05]
2025-10-21 09:59:24,931 - INFO -   Bounds range     [1e+00, 1e+00]
2025-10-21 09:59:24,931 - INFO -   RHS range        [1e+00, 2e+15]
2025-10-21 09:59:24,931 - INFO - Warning: Model contains large matrix coefficient range
2025-10-21 09:59:24,931 - INFO - Warning: Model contains large rhs
2025-10-21 09:59:24,931 - INFO -          Consider reformulating model or setting NumericFocus parameter
2025-10-21 09:59:24,931 - INFO -          to avoid numerical issues.
2025-10-21 09:59:24,934 - INFO - Presolve removed 3 rows and 0 columns
2025-10-21 09:59:24,934 - INFO - Presolve time: 0.00s
2025-10-21 09:59:24,934 - INFO - 
2025-10-21 09:59:24,934 - INFO - Explored 0 nodes (0 simplex iterations) in 0.00 seconds (0.00 work units)
2025-10-21 09:59:24,934 - INFO - Thread count was 1 (of 96 available processors)
2025-10-21 09:59:24,934 - INFO - 
2025-10-21 09:59:24,934 - INFO - Solution count 0
2025-10-21 09:59:24,934 - INFO - 
2025-10-21 09:59:24,934 - INFO - Model is infeasible
2025-10-21 09:59:24,934 - INFO - Best objective -, best bound -, gap -
2025-10-21 09:59:24,934 - INFO - Gurobi Optimizer version 12.0.3 build v12.0.3rc0 (linux64 - "Ubuntu 20.04.6 LTS")
2025-10-21 09:59:24,934 - INFO - 
2025-10-21 09:59:24,934 - INFO - CPU model: Intel(R) Xeon(R) Platinum 8260 CPU @ 2.40GHz, instruction set [SSE2|AVX|AVX2|AVX512]
2025-10-21 09:59:24,934 - INFO - Thread count: 48 physical cores, 96 logical processors, using up to 12 threads
2025-10-21 09:59:24,934 - INFO - 
2025-10-21 09:59:24,935 - INFO - Non-default parameters:
2025-10-21 09:59:24,935 - INFO - TimeLimit  3000
2025-10-21 09:59:24,935 - INFO - Method  1
2025-10-21 09:59:24,935 - INFO - Threads  12
2025-10-21 09:59:24,935 - INFO - 
2025-10-21 09:59:24,935 - INFO - 
2025-10-21 09:59:24,935 - INFO - Computing Irreducible Inconsistent Subsystem (IIS)...
2025-10-21 09:59:24,935 - INFO - 
2025-10-21 09:59:24,935 - INFO -            Constraints          |            Bounds           |  Runtime
2025-10-21 09:59:24,935 - INFO -       Min       Max     Guess   |   Min       Max     Guess   |
2025-10-21 09:59:24,935 - INFO - --------------------------------------------------------------------------
2025-10-21 09:59:24,935 - INFO -         0      3321         -         0         0         0           0s
2025-10-21 09:59:24,943 - INFO - Numerical troubles encountered during IIS computation
2025-10-21 09:59:24,943 - INFO -         4         4         4         0         0         0           0s
2025-10-21 09:59:24,944 - INFO - 
2025-10-21 09:59:24,944 - INFO - IIS computed: 4 constraints, 0 bounds
2025-10-21 09:59:24,944 - INFO - IIS runtime: 0.01 seconds (0.00 work units)
2025-10-21 09:59:24,945 - ERROR - Infeasible model, check constraints carefully. Insufficient memory?
Traceback (most recent call last):
  File "/data/user_lixiongfei/csl_hyc/solver/monet_solver.py", line 446, in solve_ilp_gurobi
    solution = ilpsolver.solve()
  File "/data/user_lixiongfei/csl_hyc/solver/monet_solver.py", line 387, in solve
    raise ValueError("Infeasible model, check constraints carefully. Insufficient memory?")
ValueError: Infeasible model, check constraints carefully. Insufficient memory?
