2025-10-20 23:08:22,759 - INFO - 📌 第一个 epoch：默认所有模块使用 checkpoint
2025-10-20 23:08:26,568 - INFO - Epoch 1 completed in 3.814434 seconds
2025-10-20 23:08:27,751 - INFO - torch.cuda.max_memory_reserved() : 4.37890625
2025-10-20 23:08:30,817 - INFO - 
[🔁 拟合反向传播时间模型]
2025-10-20 23:08:30,817 - INFO - 总反向传播时间: 3.043411s
2025-10-20 23:08:30,817 - INFO - 拟合模型: backward_total ≈ 2 × (A + B) + b
2025-10-20 23:08:30,817 - INFO - A = 2.326794, B = 0.244480, b = 0.472137s
2025-10-20 23:08:30,863 - INFO - Set parameter LicenseID to value 2706656
2025-10-20 23:08:30,866 - INFO - Set parameter LogToConsole to value 1
2025-10-20 23:08:30,866 - INFO - Set parameter LogFile to value ""
2025-10-20 23:08:30,866 - INFO - Set parameter Threads to value 12
2025-10-20 23:08:30,866 - INFO - Set parameter TimeLimit to value 3600
2025-10-20 23:08:30,866 - INFO - Set parameter Method to value 1
2025-10-20 23:08:30,930 - INFO - Set parameter TimeLimit to value 3000
2025-10-20 23:08:30,931 - INFO - Gurobi Optimizer version 12.0.3 build v12.0.3rc0 (linux64 - "Ubuntu 20.04.6 LTS")
2025-10-20 23:08:30,931 - INFO - 
2025-10-20 23:08:30,931 - INFO - CPU model: Intel(R) Xeon(R) Platinum 8260 CPU @ 2.40GHz, instruction set [SSE2|AVX|AVX2|AVX512]
2025-10-20 23:08:30,932 - INFO - Thread count: 48 physical cores, 96 logical processors, using up to 12 threads
2025-10-20 23:08:30,932 - INFO - 
2025-10-20 23:08:30,932 - INFO - Non-default parameters:
2025-10-20 23:08:30,932 - INFO - TimeLimit  3000
2025-10-20 23:08:30,932 - INFO - Method  1
2025-10-20 23:08:30,932 - INFO - Threads  12
2025-10-20 23:08:30,932 - INFO - 
2025-10-20 23:08:30,932 - INFO - Optimize a model with 3892 rows, 1699 columns and 20398 nonzeros
2025-10-20 23:08:30,932 - INFO - Model fingerprint: 0x70985b5d
2025-10-20 23:08:30,932 - INFO - Variable types: 0 continuous, 1699 integer (1699 binary)
2025-10-20 23:08:30,932 - INFO - Coefficient statistics:
2025-10-20 23:08:30,932 - INFO -   Matrix range     [1e+00, 2e+15]
2025-10-20 23:08:30,932 - INFO -   Objective range  [7e+04, 6e+05]
2025-10-20 23:08:30,932 - INFO -   Bounds range     [1e+00, 1e+00]
2025-10-20 23:08:30,932 - INFO -   RHS range        [1e+00, 9e+15]
2025-10-20 23:08:30,932 - INFO - Warning: Model contains large matrix coefficient range
2025-10-20 23:08:30,932 - INFO - Warning: Model contains large rhs
2025-10-20 23:08:30,932 - INFO -          Consider reformulating model or setting NumericFocus parameter
2025-10-20 23:08:30,932 - INFO -          to avoid numerical issues.
2025-10-20 23:08:30,933 - INFO - Found heuristic solution: objective 1.549144e+07
2025-10-20 23:08:30,954 - INFO - Presolve removed 3721 rows and 1541 columns
2025-10-20 23:08:30,954 - INFO - Presolve time: 0.02s
2025-10-20 23:08:30,954 - INFO - Presolved: 171 rows, 158 columns, 1551 nonzeros
2025-10-20 23:08:30,955 - INFO - Variable types: 0 continuous, 158 integer (158 binary)
2025-10-20 23:08:30,955 - INFO - Found heuristic solution: objective 1.457648e+07
2025-10-20 23:08:30,956 - INFO - 
2025-10-20 23:08:30,956 - INFO - Root relaxation: objective 1.074952e+07, 83 iterations, 0.00 seconds (0.00 work units)
2025-10-20 23:08:30,958 - INFO - 
2025-10-20 23:08:30,958 - INFO -     Nodes    |    Current Node    |     Objective Bounds      |     Work
2025-10-20 23:08:30,958 - INFO -  Expl Unexpl |  Obj  Depth IntInf | Incumbent    BestBd   Gap | It/Node Time
2025-10-20 23:08:30,958 - INFO - 
2025-10-20 23:08:30,958 - INFO -      0     0 1.0750e+07    0    4 1.4576e+07 1.0750e+07  26.3%     -    0s
2025-10-20 23:08:30,958 - INFO - H    0     0                    1.183960e+07 1.0750e+07  9.21%     -    0s
2025-10-20 23:08:30,958 - INFO - H    0     0                    1.130437e+07 1.0750e+07  4.91%     -    0s
2025-10-20 23:08:30,959 - INFO - H    0     0                    1.084714e+07 1.0750e+07  0.90%     -    0s
2025-10-20 23:08:30,959 - INFO - H    0     0                    1.080604e+07 1.0750e+07  0.52%     -    0s
2025-10-20 23:08:30,966 - INFO -      0     0 1.0759e+07    0   10 1.0806e+07 1.0759e+07  0.44%     -    0s
2025-10-20 23:08:30,974 - INFO - 
2025-10-20 23:08:30,974 - INFO - Explored 1 nodes (111 simplex iterations) in 0.04 seconds (0.03 work units)
2025-10-20 23:08:30,974 - INFO - Thread count was 12 (of 96 available processors)
2025-10-20 23:08:30,975 - INFO - 
2025-10-20 23:08:30,975 - INFO - Solution count 7: 1.0806e+07 1.08471e+07 1.09941e+07 ... 1.54914e+07
2025-10-20 23:08:30,975 - INFO - 
2025-10-20 23:08:30,975 - INFO - Optimal solution found (tolerance 1.00e-04)
2025-10-20 23:08:30,975 - INFO - Best objective 1.080604200000e+07, best bound 1.080604200000e+07, gap 0.0000%
2025-10-20 23:08:31,001 - INFO - 规划前的显存GB：8.0
2025-10-20 23:08:31,001 - INFO - 规划后的显存GB：7.296245098114014
2025-10-20 23:08:31,001 - INFO - ✅ 最优策略：[True, True, True, True, True, True, True, True, True, True, True, False, False, False, False, True]
2025-10-20 23:08:31,001 - INFO - 📌 checkpoint 的欧氏长度:, []
2025-10-20 23:08:31,002 - INFO - 📌 checkpoint 的余弦长度:, [161, 202, 242, 283]
2025-10-20 23:08:31,002 - INFO - 💾 最终显存峰值：%.2f MB % 8692.373695373535
2025-10-20 23:08:31,002 - INFO - Epoch 2 completed in 3.250361 seconds
2025-10-20 23:08:31,003 - INFO - torch.cuda.max_memory_reserved() : 4.37890625
2025-10-20 23:08:33,578 - INFO - Epoch 3 completed in 2.574096 seconds
2025-10-20 23:08:33,578 - INFO - 
====================== [第1个 Epoch 收集统计数据] ======================
2025-10-20 23:08:33,578 - INFO - 
🔍 EUCLIDEAN modules:
2025-10-20 23:08:33,578 - INFO - [Shapelet  40] forward_avg=0.004445s over 12 calls | peak=343.57MB | final=0.00MB
2025-10-20 23:08:33,578 - INFO - [Shapelet  80] forward_avg=0.004705s over 12 calls | peak=601.19MB | final=0.00MB
2025-10-20 23:08:33,578 - INFO - [Shapelet 121] forward_avg=0.005352s over 12 calls | peak=791.72MB | final=0.00MB
2025-10-20 23:08:33,579 - INFO - [Shapelet 161] forward_avg=0.005690s over 12 calls | peak=905.43MB | final=0.00MB
2025-10-20 23:08:33,579 - INFO - [Shapelet 202] forward_avg=0.005854s over 12 calls | peak=946.48MB | final=0.00MB
2025-10-20 23:08:33,579 - INFO - [Shapelet 242] forward_avg=0.005623s over 12 calls | peak=915.59MB | final=0.00MB
2025-10-20 23:08:33,579 - INFO - [Shapelet 283] forward_avg=0.004866s over 12 calls | peak=810.62MB | final=0.00MB
2025-10-20 23:08:33,579 - INFO - [Shapelet 324] forward_avg=0.004545s over 12 calls | peak=628.61MB | final=0.00MB
2025-10-20 23:08:33,579 - INFO - 
🔍 COSINE modules:
2025-10-20 23:08:33,579 - INFO - [Shapelet  40] forward_avg=0.003158s over 12 calls | peak=220.75MB | final=0.00MB
2025-10-20 23:08:33,579 - INFO - [Shapelet  80] forward_avg=0.002548s over 12 calls | peak=390.83MB | final=0.00MB
2025-10-20 23:08:33,579 - INFO - [Shapelet 121] forward_avg=0.002914s over 12 calls | peak=515.69MB | final=0.00MB
2025-10-20 23:08:33,579 - INFO - [Shapelet 161] forward_avg=0.003286s over 12 calls | peak=589.82MB | final=0.00MB
2025-10-20 23:08:33,579 - INFO - [Shapelet 202] forward_avg=0.003283s over 12 calls | peak=615.21MB | final=0.00MB
2025-10-20 23:08:33,579 - INFO - [Shapelet 242] forward_avg=0.003142s over 12 calls | peak=592.28MB | final=0.00MB
2025-10-20 23:08:33,579 - INFO - [Shapelet 283] forward_avg=0.002686s over 12 calls | peak=520.11MB | final=0.00MB
2025-10-20 23:08:33,579 - INFO - [Shapelet 324] forward_avg=0.002538s over 12 calls | peak=396.44MB | final=0.00MB
2025-10-20 23:08:33,579 - INFO - 
🔍 CROSS modules:
2025-10-20 23:08:33,579 - INFO - [Shapelet  40] forward_avg=0.003894s over 12 calls
2025-10-20 23:08:33,579 - INFO - [Shapelet  80] forward_avg=0.000706s over 12 calls
2025-10-20 23:08:33,579 - INFO - [Shapelet 121] forward_avg=0.000764s over 12 calls
2025-10-20 23:08:33,579 - INFO - [Shapelet 161] forward_avg=0.000853s over 12 calls
2025-10-20 23:08:33,579 - INFO - [Shapelet 202] forward_avg=0.000943s over 12 calls
2025-10-20 23:08:33,579 - INFO - [Shapelet 242] forward_avg=0.000923s over 12 calls
2025-10-20 23:08:33,579 - INFO - [Shapelet 283] forward_avg=0.000986s over 12 calls
2025-10-20 23:08:33,579 - INFO - [Shapelet 324] forward_avg=0.001117s over 12 calls
2025-10-20 23:08:33,580 - INFO - 
💾 模型第一次反向传播阶段的显存峰值（所有模块中的最大值）: 5545.92 MB
2025-10-20 23:08:33,580 - INFO - 
💾 模型初始显存: 23.05 MB
2025-10-20 23:08:33,580 - INFO - =======================================================================

2025-10-20 23:08:33,580 - INFO - torch.cuda.max_memory_reserved() : 7.02734375
2025-10-20 23:08:36,032 - INFO - Epoch 4 completed in 2.450677 seconds
2025-10-20 23:08:36,032 - INFO - torch.cuda.max_memory_reserved() : 7.02734375
2025-10-20 23:08:38,787 - INFO - Epoch 5 completed in 2.753678 seconds
2025-10-20 23:08:38,788 - INFO - torch.cuda.max_memory_reserved() : 7.02734375
2025-10-20 23:08:41,352 - INFO - Epoch 6 completed in 2.562181 seconds
2025-10-20 23:08:41,352 - INFO - torch.cuda.max_memory_reserved() : 7.02734375
2025-10-20 23:08:44,125 - INFO - Epoch 7 completed in 2.772020 seconds
2025-10-20 23:08:44,125 - INFO - torch.cuda.max_memory_reserved() : 7.029296875
2025-10-20 23:08:46,631 - INFO - Epoch 8 completed in 2.503802 seconds
2025-10-20 23:08:46,631 - INFO - torch.cuda.max_memory_reserved() : 7.029296875
2025-10-20 23:08:49,116 - INFO - Epoch 9 completed in 2.484698 seconds
2025-10-20 23:08:49,117 - INFO - torch.cuda.max_memory_reserved() : 7.029296875
2025-10-20 23:08:51,665 - INFO - Epoch 10 completed in 2.547918 seconds
2025-10-20 23:08:52,785 - INFO - torch.cuda.max_memory_reserved() : 7.029296875
2025-10-20 23:08:52,786 - INFO - !!!采用策略后的几个epoch 平均时间:2.581133782863617
2025-10-20 23:08:52,786 - INFO - 



2025-10-21 10:00:04,244 - INFO - 📌 第一个 epoch：默认所有模块使用 checkpoint
2025-10-21 10:00:07,604 - INFO - Epoch 1 completed in 3.378930 seconds
2025-10-21 10:00:08,697 - INFO - torch.cuda.max_memory_reserved() : 4.37890625
2025-10-21 10:00:11,590 - INFO - 
[🔁 拟合反向传播时间模型]
2025-10-21 10:00:11,590 - INFO - 总反向传播时间: 2.865595s
2025-10-21 10:00:11,590 - INFO - 拟合模型: backward_total ≈ 2 × (A + B) + b
2025-10-21 10:00:11,590 - INFO - A = 2.094683, B = 0.204657, b = 0.566254s
2025-10-21 10:00:11,633 - INFO - Set parameter LicenseID to value 2706656
2025-10-21 10:00:11,657 - INFO - Set parameter LogToConsole to value 1
2025-10-21 10:00:11,658 - INFO - Set parameter LogFile to value ""
2025-10-21 10:00:11,658 - INFO - Set parameter Threads to value 12
2025-10-21 10:00:11,658 - INFO - Set parameter TimeLimit to value 3600
2025-10-21 10:00:11,658 - INFO - Set parameter Method to value 1
2025-10-21 10:00:11,721 - INFO - Set parameter TimeLimit to value 3000
2025-10-21 10:00:11,722 - INFO - Gurobi Optimizer version 12.0.3 build v12.0.3rc0 (linux64 - "Ubuntu 20.04.6 LTS")
2025-10-21 10:00:11,722 - INFO - 
2025-10-21 10:00:11,722 - INFO - CPU model: Intel(R) Xeon(R) Platinum 8260 CPU @ 2.40GHz, instruction set [SSE2|AVX|AVX2|AVX512]
2025-10-21 10:00:11,722 - INFO - Thread count: 48 physical cores, 96 logical processors, using up to 12 threads
2025-10-21 10:00:11,722 - INFO - 
2025-10-21 10:00:11,722 - INFO - Non-default parameters:
2025-10-21 10:00:11,722 - INFO - TimeLimit  3000
2025-10-21 10:00:11,722 - INFO - Method  1
2025-10-21 10:00:11,723 - INFO - Threads  12
2025-10-21 10:00:11,723 - INFO - 
2025-10-21 10:00:11,723 - INFO - Optimize a model with 3892 rows, 1699 columns and 20398 nonzeros
2025-10-21 10:00:11,723 - INFO - Model fingerprint: 0xcaca8f22
2025-10-21 10:00:11,723 - INFO - Variable types: 0 continuous, 1699 integer (1699 binary)
2025-10-21 10:00:11,723 - INFO - Coefficient statistics:
2025-10-21 10:00:11,723 - INFO -   Matrix range     [1e+00, 2e+15]
2025-10-21 10:00:11,723 - INFO -   Objective range  [6e+04, 5e+05]
2025-10-21 10:00:11,723 - INFO -   Bounds range     [1e+00, 1e+00]
2025-10-21 10:00:11,723 - INFO -   RHS range        [1e+00, 9e+15]
2025-10-21 10:00:11,723 - INFO - Warning: Model contains large matrix coefficient range
2025-10-21 10:00:11,723 - INFO - Warning: Model contains large rhs
2025-10-21 10:00:11,723 - INFO -          Consider reformulating model or setting NumericFocus parameter
2025-10-21 10:00:11,723 - INFO -          to avoid numerical issues.
2025-10-21 10:00:11,724 - INFO - Found heuristic solution: objective 1.398373e+07
2025-10-21 10:00:11,745 - INFO - Presolve removed 3721 rows and 1541 columns
2025-10-21 10:00:11,745 - INFO - Presolve time: 0.02s
2025-10-21 10:00:11,745 - INFO - Presolved: 171 rows, 158 columns, 1551 nonzeros
2025-10-21 10:00:11,746 - INFO - Variable types: 0 continuous, 158 integer (158 binary)
2025-10-21 10:00:11,746 - INFO - Found heuristic solution: objective 1.318970e+07
2025-10-21 10:00:11,747 - INFO - 
2025-10-21 10:00:11,747 - INFO - Root relaxation: objective 9.706972e+06, 83 iterations, 0.00 seconds (0.00 work units)
2025-10-21 10:00:11,749 - INFO - 
2025-10-21 10:00:11,749 - INFO -     Nodes    |    Current Node    |     Objective Bounds      |     Work
2025-10-21 10:00:11,749 - INFO -  Expl Unexpl |  Obj  Depth IntInf | Incumbent    BestBd   Gap | It/Node Time
2025-10-21 10:00:11,749 - INFO - 
2025-10-21 10:00:11,749 - INFO -      0     0 9706972.33    0    4 1.3190e+07 9706972.33  26.4%     -    0s
2025-10-21 10:00:11,749 - INFO - H    0     0                    1.071118e+07 9706972.33  9.38%     -    0s
2025-10-21 10:00:11,749 - INFO - H    0     0                    1.021960e+07 9706972.33  5.02%     -    0s
2025-10-21 10:00:11,749 - INFO - H    0     0                    1.004413e+07 9706972.33  3.36%     -    0s
2025-10-21 10:00:11,750 - INFO - H    0     0                    9794701.0000 9706972.33  0.90%     -    0s
2025-10-21 10:00:11,750 - INFO - H    0     0                    9755763.0000 9706972.33  0.50%     -    0s
2025-10-21 10:00:11,759 - INFO -      0     0 9713119.23    0   10 9755763.00 9713119.23  0.44%     -    0s
2025-10-21 10:00:11,764 - INFO - 
2025-10-21 10:00:11,764 - INFO - Explored 1 nodes (111 simplex iterations) in 0.04 seconds (0.03 work units)
2025-10-21 10:00:11,764 - INFO - Thread count was 12 (of 96 available processors)
2025-10-21 10:00:11,764 - INFO - 
2025-10-21 10:00:11,764 - INFO - Solution count 9: 9.75576e+06 9.7947e+06 9.92295e+06 ... 1.39837e+07
2025-10-21 10:00:11,764 - INFO - 
2025-10-21 10:00:11,764 - INFO - Optimal solution found (tolerance 1.00e-04)
2025-10-21 10:00:11,764 - INFO - Best objective 9.755763000000e+06, best bound 9.755763000000e+06, gap 0.0000%
2025-10-21 10:00:11,771 - INFO - 规划前的显存GB：8.0
2025-10-21 10:00:11,772 - INFO - 规划后的显存GB：7.296245098114014
2025-10-21 10:00:11,772 - INFO - ✅ 最优策略：[True, True, True, True, True, True, True, True, True, True, True, False, False, False, False, True]
2025-10-21 10:00:11,772 - INFO - 📌 checkpoint 的欧氏长度:, []
2025-10-21 10:00:11,772 - INFO - 📌 checkpoint 的余弦长度:, [161, 202, 242, 283]
2025-10-21 10:00:11,772 - INFO - 💾 最终显存峰值：%.2f MB % 8692.373695373535
2025-10-21 10:00:11,772 - INFO - Epoch 2 completed in 3.074751 seconds
2025-10-21 10:00:11,773 - INFO - torch.cuda.max_memory_reserved() : 4.37890625
2025-10-21 10:00:14,044 - INFO - Epoch 3 completed in 2.270660 seconds
2025-10-21 10:00:14,044 - INFO - 
====================== [第1个 Epoch 收集统计数据] ======================
2025-10-21 10:00:14,044 - INFO - 
🔍 EUCLIDEAN modules:
2025-10-21 10:00:14,045 - INFO - [Shapelet  40] forward_avg=0.003913s over 12 calls | peak=343.57MB | final=0.00MB
2025-10-21 10:00:14,045 - INFO - [Shapelet  80] forward_avg=0.004027s over 12 calls | peak=601.19MB | final=0.00MB
2025-10-21 10:00:14,045 - INFO - [Shapelet 121] forward_avg=0.004916s over 12 calls | peak=791.72MB | final=0.00MB
2025-10-21 10:00:14,045 - INFO - [Shapelet 161] forward_avg=0.005250s over 12 calls | peak=905.43MB | final=0.00MB
2025-10-21 10:00:14,045 - INFO - [Shapelet 202] forward_avg=0.005402s over 12 calls | peak=946.48MB | final=0.00MB
2025-10-21 10:00:14,045 - INFO - [Shapelet 242] forward_avg=0.005459s over 12 calls | peak=915.59MB | final=0.00MB
2025-10-21 10:00:14,045 - INFO - [Shapelet 283] forward_avg=0.004520s over 12 calls | peak=810.62MB | final=0.00MB
2025-10-21 10:00:14,045 - INFO - [Shapelet 324] forward_avg=0.004264s over 12 calls | peak=628.61MB | final=0.00MB
2025-10-21 10:00:14,046 - INFO - 
🔍 COSINE modules:
2025-10-21 10:00:14,046 - INFO - [Shapelet  40] forward_avg=0.002169s over 12 calls | peak=220.75MB | final=0.00MB
2025-10-21 10:00:14,046 - INFO - [Shapelet  80] forward_avg=0.002088s over 12 calls | peak=390.83MB | final=0.00MB
2025-10-21 10:00:14,046 - INFO - [Shapelet 121] forward_avg=0.002741s over 12 calls | peak=515.69MB | final=0.00MB
2025-10-21 10:00:14,046 - INFO - [Shapelet 161] forward_avg=0.002852s over 12 calls | peak=589.82MB | final=0.00MB
2025-10-21 10:00:14,046 - INFO - [Shapelet 202] forward_avg=0.003119s over 12 calls | peak=615.21MB | final=0.00MB
2025-10-21 10:00:14,046 - INFO - [Shapelet 242] forward_avg=0.002934s over 12 calls | peak=592.28MB | final=0.00MB
2025-10-21 10:00:14,046 - INFO - [Shapelet 283] forward_avg=0.002349s over 12 calls | peak=520.11MB | final=0.00MB
2025-10-21 10:00:14,047 - INFO - [Shapelet 324] forward_avg=0.002182s over 12 calls | peak=396.44MB | final=0.00MB
2025-10-21 10:00:14,047 - INFO - 
🔍 CROSS modules:
2025-10-21 10:00:14,047 - INFO - [Shapelet  40] forward_avg=0.002856s over 12 calls
2025-10-21 10:00:14,047 - INFO - [Shapelet  80] forward_avg=0.000612s over 12 calls
2025-10-21 10:00:14,047 - INFO - [Shapelet 121] forward_avg=0.000671s over 12 calls
2025-10-21 10:00:14,047 - INFO - [Shapelet 161] forward_avg=0.000769s over 12 calls
2025-10-21 10:00:14,047 - INFO - [Shapelet 202] forward_avg=0.000870s over 12 calls
2025-10-21 10:00:14,047 - INFO - [Shapelet 242] forward_avg=0.000847s over 12 calls
2025-10-21 10:00:14,047 - INFO - [Shapelet 283] forward_avg=0.000902s over 12 calls
2025-10-21 10:00:14,048 - INFO - [Shapelet 324] forward_avg=0.001001s over 12 calls
2025-10-21 10:00:14,048 - INFO - 
💾 模型第一次反向传播阶段的显存峰值（所有模块中的最大值）: 5545.92 MB
2025-10-21 10:00:14,048 - INFO - 
💾 模型初始显存: 23.05 MB
2025-10-21 10:00:14,048 - INFO - =======================================================================

2025-10-21 10:00:14,048 - INFO - torch.cuda.max_memory_reserved() : 7.02734375
2025-10-21 10:00:16,290 - INFO - Epoch 4 completed in 2.241454 seconds
2025-10-21 10:00:16,291 - INFO - torch.cuda.max_memory_reserved() : 7.02734375
2025-10-21 10:00:18,553 - INFO - Epoch 5 completed in 2.260604 seconds
2025-10-21 10:00:18,553 - INFO - torch.cuda.max_memory_reserved() : 7.02734375
2025-10-21 10:00:20,770 - INFO - Epoch 6 completed in 2.215897 seconds
2025-10-21 10:00:20,770 - INFO - torch.cuda.max_memory_reserved() : 7.02734375
2025-10-21 10:00:23,004 - INFO - Epoch 7 completed in 2.232385 seconds
2025-10-21 10:00:23,004 - INFO - torch.cuda.max_memory_reserved() : 7.029296875
2025-10-21 10:00:25,213 - INFO - Epoch 8 completed in 2.208247 seconds
2025-10-21 10:00:25,213 - INFO - torch.cuda.max_memory_reserved() : 7.029296875
2025-10-21 10:00:27,570 - INFO - Epoch 9 completed in 2.356192 seconds
2025-10-21 10:00:27,570 - INFO - torch.cuda.max_memory_reserved() : 7.029296875
2025-10-21 10:00:29,819 - INFO - Epoch 10 completed in 2.248214 seconds
2025-10-21 10:00:30,866 - INFO - torch.cuda.max_memory_reserved() : 7.029296875
2025-10-21 10:00:30,867 - INFO - !!!采用策略后的几个epoch 平均时间:2.254206597805023
2025-10-21 10:00:30,867 - INFO - 



