2025-10-20 23:09:35,041 - INFO - 📌 第一个 epoch：默认所有模块使用 checkpoint
2025-10-20 23:09:38,870 - INFO - Epoch 1 completed in 3.845339 seconds
2025-10-20 23:09:40,049 - INFO - torch.cuda.max_memory_reserved() : 4.37890625
2025-10-20 23:09:43,242 - INFO - 
[🔁 拟合反向传播时间模型]
2025-10-20 23:09:43,243 - INFO - 总反向传播时间: 3.157581s
2025-10-20 23:09:43,244 - INFO - 拟合模型: backward_total ≈ 2 × (A + B) + b
2025-10-20 23:09:43,244 - INFO - A = 2.285971, B = 0.276015, b = 0.595595s
2025-10-20 23:09:43,290 - INFO - Set parameter LicenseID to value 2706656
2025-10-20 23:09:43,297 - INFO - Set parameter LogToConsole to value 1
2025-10-20 23:09:43,297 - INFO - Set parameter LogFile to value ""
2025-10-20 23:09:43,297 - INFO - Set parameter Threads to value 12
2025-10-20 23:09:43,297 - INFO - Set parameter TimeLimit to value 3600
2025-10-20 23:09:43,297 - INFO - Set parameter Method to value 1
2025-10-20 23:09:43,349 - INFO - Set parameter TimeLimit to value 3000
2025-10-20 23:09:43,350 - INFO - Gurobi Optimizer version 12.0.3 build v12.0.3rc0 (linux64 - "Ubuntu 20.04.6 LTS")
2025-10-20 23:09:43,350 - INFO - 
2025-10-20 23:09:43,350 - INFO - CPU model: Intel(R) Xeon(R) Platinum 8260 CPU @ 2.40GHz, instruction set [SSE2|AVX|AVX2|AVX512]
2025-10-20 23:09:43,350 - INFO - Thread count: 48 physical cores, 96 logical processors, using up to 12 threads
2025-10-20 23:09:43,350 - INFO - 
2025-10-20 23:09:43,350 - INFO - Non-default parameters:
2025-10-20 23:09:43,350 - INFO - TimeLimit  3000
2025-10-20 23:09:43,350 - INFO - Method  1
2025-10-20 23:09:43,350 - INFO - Threads  12
2025-10-20 23:09:43,351 - INFO - 
2025-10-20 23:09:43,351 - INFO - Optimize a model with 3892 rows, 1699 columns and 20398 nonzeros
2025-10-20 23:09:43,351 - INFO - Model fingerprint: 0xfa3f890a
2025-10-20 23:09:43,351 - INFO - Variable types: 0 continuous, 1699 integer (1699 binary)
2025-10-20 23:09:43,351 - INFO - Coefficient statistics:
2025-10-20 23:09:43,351 - INFO -   Matrix range     [1e+00, 2e+15]
2025-10-20 23:09:43,351 - INFO -   Objective range  [8e+04, 6e+05]
2025-10-20 23:09:43,351 - INFO -   Bounds range     [1e+00, 1e+00]
2025-10-20 23:09:43,351 - INFO -   RHS range        [1e+00, 2e+16]
2025-10-20 23:09:43,351 - INFO - Warning: Model contains large matrix coefficient range
2025-10-20 23:09:43,351 - INFO - Warning: Model contains large rhs
2025-10-20 23:09:43,351 - INFO -          Consider reformulating model or setting NumericFocus parameter
2025-10-20 23:09:43,351 - INFO -          to avoid numerical issues.
2025-10-20 23:09:43,352 - INFO - Found heuristic solution: objective 1.550426e+07
2025-10-20 23:09:43,355 - INFO - Presolve removed 3892 rows and 1699 columns
2025-10-20 23:09:43,355 - INFO - Presolve time: 0.00s
2025-10-20 23:09:43,355 - INFO - Presolve: All rows and columns removed
2025-10-20 23:09:43,355 - INFO - 
2025-10-20 23:09:43,355 - INFO - Explored 0 nodes (0 simplex iterations) in 0.00 seconds (0.00 work units)
2025-10-20 23:09:43,355 - INFO - Thread count was 1 (of 96 available processors)
2025-10-20 23:09:43,355 - INFO - 
2025-10-20 23:09:43,355 - INFO - Solution count 2: 1.0378e+07 1.55043e+07 
2025-10-20 23:09:43,355 - INFO - 
2025-10-20 23:09:43,355 - INFO - Optimal solution found (tolerance 1.00e-04)
2025-10-20 23:09:43,355 - INFO - Best objective 1.037799800000e+07, best bound 1.037799800000e+07, gap 0.0000%
2025-10-20 23:09:43,361 - INFO - 规划前的显存GB：16.0
2025-10-20 23:09:43,361 - INFO - 规划后的显存GB：9.555042743682861
2025-10-20 23:09:43,361 - INFO - ✅ 最优策略：[True, True, True, True, True, True, True, True, True, True, True, True, True, True, True, True]
2025-10-20 23:09:43,362 - INFO - 📌 checkpoint 的欧氏长度:, []
2025-10-20 23:09:43,362 - INFO - 📌 checkpoint 的余弦长度:, []
2025-10-20 23:09:43,362 - INFO - 💾 最终显存峰值：%.2f MB % 8692.373695373535
2025-10-20 23:09:43,362 - INFO - Epoch 2 completed in 3.311904 seconds
2025-10-20 23:09:43,362 - INFO - torch.cuda.max_memory_reserved() : 4.37890625
2025-10-20 23:09:45,604 - INFO - Epoch 3 completed in 2.241317 seconds
2025-10-20 23:09:45,604 - INFO - 
====================== [第1个 Epoch 收集统计数据] ======================
2025-10-20 23:09:45,605 - INFO - 
🔍 EUCLIDEAN modules:
2025-10-20 23:09:45,605 - INFO - [Shapelet  40] forward_avg=0.004472s over 12 calls | peak=343.57MB | final=0.00MB
2025-10-20 23:09:45,605 - INFO - [Shapelet  80] forward_avg=0.004261s over 12 calls | peak=601.19MB | final=0.00MB
2025-10-20 23:09:45,605 - INFO - [Shapelet 121] forward_avg=0.005192s over 12 calls | peak=791.72MB | final=0.00MB
2025-10-20 23:09:45,605 - INFO - [Shapelet 161] forward_avg=0.005357s over 12 calls | peak=905.43MB | final=0.00MB
2025-10-20 23:09:45,605 - INFO - [Shapelet 202] forward_avg=0.005702s over 12 calls | peak=946.48MB | final=0.00MB
2025-10-20 23:09:45,605 - INFO - [Shapelet 242] forward_avg=0.005648s over 12 calls | peak=915.59MB | final=0.00MB
2025-10-20 23:09:45,605 - INFO - [Shapelet 283] forward_avg=0.004591s over 12 calls | peak=810.62MB | final=0.00MB
2025-10-20 23:09:45,605 - INFO - [Shapelet 324] forward_avg=0.004538s over 12 calls | peak=628.61MB | final=0.00MB
2025-10-20 23:09:45,605 - INFO - 
🔍 COSINE modules:
2025-10-20 23:09:45,605 - INFO - [Shapelet  40] forward_avg=0.003001s over 12 calls | peak=220.75MB | final=0.00MB
2025-10-20 23:09:45,605 - INFO - [Shapelet  80] forward_avg=0.002762s over 12 calls | peak=390.83MB | final=0.00MB
2025-10-20 23:09:45,605 - INFO - [Shapelet 121] forward_avg=0.002986s over 12 calls | peak=515.69MB | final=0.00MB
2025-10-20 23:09:45,606 - INFO - [Shapelet 161] forward_avg=0.003272s over 12 calls | peak=589.82MB | final=0.00MB
2025-10-20 23:09:45,606 - INFO - [Shapelet 202] forward_avg=0.003344s over 12 calls | peak=615.21MB | final=0.00MB
2025-10-20 23:09:45,606 - INFO - [Shapelet 242] forward_avg=0.003116s over 12 calls | peak=592.28MB | final=0.00MB
2025-10-20 23:09:45,606 - INFO - [Shapelet 283] forward_avg=0.002643s over 12 calls | peak=520.11MB | final=0.00MB
2025-10-20 23:09:45,606 - INFO - [Shapelet 324] forward_avg=0.002613s over 12 calls | peak=396.44MB | final=0.00MB
2025-10-20 23:09:45,606 - INFO - 
🔍 CROSS modules:
2025-10-20 23:09:45,606 - INFO - [Shapelet  40] forward_avg=0.004605s over 12 calls
2025-10-20 23:09:45,606 - INFO - [Shapelet  80] forward_avg=0.000823s over 12 calls
2025-10-20 23:09:45,606 - INFO - [Shapelet 121] forward_avg=0.000855s over 12 calls
2025-10-20 23:09:45,606 - INFO - [Shapelet 161] forward_avg=0.000896s over 12 calls
2025-10-20 23:09:45,606 - INFO - [Shapelet 202] forward_avg=0.000986s over 12 calls
2025-10-20 23:09:45,606 - INFO - [Shapelet 242] forward_avg=0.000987s over 12 calls
2025-10-20 23:09:45,606 - INFO - [Shapelet 283] forward_avg=0.001094s over 12 calls
2025-10-20 23:09:45,606 - INFO - [Shapelet 324] forward_avg=0.001255s over 12 calls
2025-10-20 23:09:45,607 - INFO - 
💾 模型第一次反向传播阶段的显存峰值（所有模块中的最大值）: 8544.94 MB
2025-10-20 23:09:45,607 - INFO - 
💾 模型初始显存: 23.05 MB
2025-10-20 23:09:45,607 - INFO - =======================================================================

2025-10-20 23:09:45,607 - INFO - torch.cuda.max_memory_reserved() : 9.25
2025-10-20 23:09:47,845 - INFO - Epoch 4 completed in 2.237159 seconds
2025-10-20 23:09:47,846 - INFO - torch.cuda.max_memory_reserved() : 9.25
2025-10-20 23:09:50,293 - INFO - Epoch 5 completed in 2.445369 seconds
2025-10-20 23:09:50,294 - INFO - torch.cuda.max_memory_reserved() : 9.25
2025-10-20 23:09:52,732 - INFO - Epoch 6 completed in 2.436167 seconds
2025-10-20 23:09:52,733 - INFO - torch.cuda.max_memory_reserved() : 9.25
2025-10-20 23:09:55,206 - INFO - Epoch 7 completed in 2.472879 seconds
2025-10-20 23:09:55,207 - INFO - torch.cuda.max_memory_reserved() : 9.25
2025-10-20 23:09:57,624 - INFO - Epoch 8 completed in 2.416999 seconds
2025-10-20 23:09:57,625 - INFO - torch.cuda.max_memory_reserved() : 9.25
2025-10-20 23:09:59,918 - INFO - Epoch 9 completed in 2.290921 seconds
2025-10-20 23:09:59,919 - INFO - torch.cuda.max_memory_reserved() : 9.251953125
2025-10-20 23:10:02,221 - INFO - Epoch 10 completed in 2.301609 seconds
2025-10-20 23:10:03,347 - INFO - torch.cuda.max_memory_reserved() : 9.251953125
2025-10-20 23:10:03,347 - INFO - !!!采用策略后的几个epoch 平均时间:2.3553023636341095
2025-10-20 23:10:03,347 - INFO - 



2025-10-21 10:01:06,064 - INFO - 📌 第一个 epoch：默认所有模块使用 checkpoint
2025-10-21 10:01:09,543 - INFO - Epoch 1 completed in 3.486291 seconds
2025-10-21 10:01:10,608 - INFO - torch.cuda.max_memory_reserved() : 4.37890625
2025-10-21 10:01:13,550 - INFO - 
[🔁 拟合反向传播时间模型]
2025-10-21 10:01:13,550 - INFO - 总反向传播时间: 2.917621s
2025-10-21 10:01:13,550 - INFO - 拟合模型: backward_total ≈ 2 × (A + B) + b
2025-10-21 10:01:13,551 - INFO - A = 2.118688, B = 0.199619, b = 0.599315s
2025-10-21 10:01:13,579 - INFO - Set parameter LicenseID to value 2706656
2025-10-21 10:01:13,583 - INFO - Set parameter LogToConsole to value 1
2025-10-21 10:01:13,583 - INFO - Set parameter LogFile to value ""
2025-10-21 10:01:13,583 - INFO - Set parameter Threads to value 12
2025-10-21 10:01:13,583 - INFO - Set parameter TimeLimit to value 3600
2025-10-21 10:01:13,583 - INFO - Set parameter Method to value 1
2025-10-21 10:01:13,634 - INFO - Set parameter TimeLimit to value 3000
2025-10-21 10:01:13,635 - INFO - Gurobi Optimizer version 12.0.3 build v12.0.3rc0 (linux64 - "Ubuntu 20.04.6 LTS")
2025-10-21 10:01:13,635 - INFO - 
2025-10-21 10:01:13,635 - INFO - CPU model: Intel(R) Xeon(R) Platinum 8260 CPU @ 2.40GHz, instruction set [SSE2|AVX|AVX2|AVX512]
2025-10-21 10:01:13,635 - INFO - Thread count: 48 physical cores, 96 logical processors, using up to 12 threads
2025-10-21 10:01:13,635 - INFO - 
2025-10-21 10:01:13,635 - INFO - Non-default parameters:
2025-10-21 10:01:13,635 - INFO - TimeLimit  3000
2025-10-21 10:01:13,635 - INFO - Method  1
2025-10-21 10:01:13,635 - INFO - Threads  12
2025-10-21 10:01:13,635 - INFO - 
2025-10-21 10:01:13,635 - INFO - Optimize a model with 3892 rows, 1699 columns and 20398 nonzeros
2025-10-21 10:01:13,636 - INFO - Model fingerprint: 0xfbda5f67
2025-10-21 10:01:13,636 - INFO - Variable types: 0 continuous, 1699 integer (1699 binary)
2025-10-21 10:01:13,636 - INFO - Coefficient statistics:
2025-10-21 10:01:13,636 - INFO -   Matrix range     [1e+00, 2e+15]
2025-10-21 10:01:13,636 - INFO -   Objective range  [6e+04, 6e+05]
2025-10-21 10:01:13,636 - INFO -   Bounds range     [1e+00, 1e+00]
2025-10-21 10:01:13,636 - INFO -   RHS range        [1e+00, 2e+16]
2025-10-21 10:01:13,636 - INFO - Warning: Model contains large matrix coefficient range
2025-10-21 10:01:13,636 - INFO - Warning: Model contains large rhs
2025-10-21 10:01:13,636 - INFO -          Consider reformulating model or setting NumericFocus parameter
2025-10-21 10:01:13,636 - INFO -          to avoid numerical issues.
2025-10-21 10:01:13,637 - INFO - Found heuristic solution: objective 1.421654e+07
2025-10-21 10:01:13,639 - INFO - Presolve removed 3892 rows and 1699 columns
2025-10-21 10:01:13,639 - INFO - Presolve time: 0.00s
2025-10-21 10:01:13,639 - INFO - Presolve: All rows and columns removed
2025-10-21 10:01:13,639 - INFO - 
2025-10-21 10:01:13,640 - INFO - Explored 0 nodes (0 simplex iterations) in 0.00 seconds (0.00 work units)
2025-10-21 10:01:13,640 - INFO - Thread count was 1 (of 96 available processors)
2025-10-21 10:01:13,640 - INFO - 
2025-10-21 10:01:13,640 - INFO - Solution count 2: 9.5106e+06 1.42165e+07 
2025-10-21 10:01:13,640 - INFO - 
2025-10-21 10:01:13,640 - INFO - Optimal solution found (tolerance 1.00e-04)
2025-10-21 10:01:13,640 - INFO - Best objective 9.510603000000e+06, best bound 9.510603000000e+06, gap 0.0000%
2025-10-21 10:01:13,646 - INFO - 规划前的显存GB：16.0
2025-10-21 10:01:13,646 - INFO - 规划后的显存GB：9.555042743682861
2025-10-21 10:01:13,646 - INFO - ✅ 最优策略：[True, True, True, True, True, True, True, True, True, True, True, True, True, True, True, True]
2025-10-21 10:01:13,646 - INFO - 📌 checkpoint 的欧氏长度:, []
2025-10-21 10:01:13,646 - INFO - 📌 checkpoint 的余弦长度:, []
2025-10-21 10:01:13,646 - INFO - 💾 最终显存峰值：%.2f MB % 8692.373695373535
2025-10-21 10:01:13,646 - INFO - Epoch 2 completed in 3.036995 seconds
2025-10-21 10:01:13,646 - INFO - torch.cuda.max_memory_reserved() : 4.37890625
2025-10-21 10:01:15,816 - INFO - Epoch 3 completed in 2.169493 seconds
2025-10-21 10:01:15,817 - INFO - 
====================== [第1个 Epoch 收集统计数据] ======================
2025-10-21 10:01:15,817 - INFO - 
🔍 EUCLIDEAN modules:
2025-10-21 10:01:15,817 - INFO - [Shapelet  40] forward_avg=0.003885s over 12 calls | peak=343.57MB | final=0.00MB
2025-10-21 10:01:15,817 - INFO - [Shapelet  80] forward_avg=0.004132s over 12 calls | peak=601.19MB | final=0.00MB
2025-10-21 10:01:15,817 - INFO - [Shapelet 121] forward_avg=0.005104s over 12 calls | peak=791.72MB | final=0.00MB
2025-10-21 10:01:15,817 - INFO - [Shapelet 161] forward_avg=0.005444s over 12 calls | peak=905.43MB | final=0.00MB
2025-10-21 10:01:15,817 - INFO - [Shapelet 202] forward_avg=0.005891s over 12 calls | peak=946.48MB | final=0.00MB
2025-10-21 10:01:15,817 - INFO - [Shapelet 242] forward_avg=0.005273s over 12 calls | peak=915.59MB | final=0.00MB
2025-10-21 10:01:15,817 - INFO - [Shapelet 283] forward_avg=0.004680s over 12 calls | peak=810.62MB | final=0.00MB
2025-10-21 10:01:15,818 - INFO - [Shapelet 324] forward_avg=0.004333s over 12 calls | peak=628.61MB | final=0.00MB
2025-10-21 10:01:15,818 - INFO - 
🔍 COSINE modules:
2025-10-21 10:01:15,818 - INFO - [Shapelet  40] forward_avg=0.002009s over 12 calls | peak=220.75MB | final=0.00MB
2025-10-21 10:01:15,818 - INFO - [Shapelet  80] forward_avg=0.002051s over 12 calls | peak=390.83MB | final=0.00MB
2025-10-21 10:01:15,818 - INFO - [Shapelet 121] forward_avg=0.002597s over 12 calls | peak=515.69MB | final=0.00MB
2025-10-21 10:01:15,818 - INFO - [Shapelet 161] forward_avg=0.002933s over 12 calls | peak=589.82MB | final=0.00MB
2025-10-21 10:01:15,818 - INFO - [Shapelet 202] forward_avg=0.003104s over 12 calls | peak=615.21MB | final=0.00MB
2025-10-21 10:01:15,818 - INFO - [Shapelet 242] forward_avg=0.002932s over 12 calls | peak=592.28MB | final=0.00MB
2025-10-21 10:01:15,818 - INFO - [Shapelet 283] forward_avg=0.002335s over 12 calls | peak=520.11MB | final=0.00MB
2025-10-21 10:01:15,819 - INFO - [Shapelet 324] forward_avg=0.002150s over 12 calls | peak=396.44MB | final=0.00MB
2025-10-21 10:01:15,819 - INFO - 
🔍 CROSS modules:
2025-10-21 10:01:15,819 - INFO - [Shapelet  40] forward_avg=0.002802s over 12 calls
2025-10-21 10:01:15,819 - INFO - [Shapelet  80] forward_avg=0.000571s over 12 calls
2025-10-21 10:01:15,819 - INFO - [Shapelet 121] forward_avg=0.000643s over 12 calls
2025-10-21 10:01:15,819 - INFO - [Shapelet 161] forward_avg=0.000756s over 12 calls
2025-10-21 10:01:15,819 - INFO - [Shapelet 202] forward_avg=0.000854s over 12 calls
2025-10-21 10:01:15,819 - INFO - [Shapelet 242] forward_avg=0.000823s over 12 calls
2025-10-21 10:01:15,819 - INFO - [Shapelet 283] forward_avg=0.000883s over 12 calls
2025-10-21 10:01:15,819 - INFO - [Shapelet 324] forward_avg=0.000987s over 12 calls
2025-10-21 10:01:15,820 - INFO - 
💾 模型第一次反向传播阶段的显存峰值（所有模块中的最大值）: 8544.94 MB
2025-10-21 10:01:15,820 - INFO - 
💾 模型初始显存: 23.05 MB
2025-10-21 10:01:15,820 - INFO - =======================================================================

2025-10-21 10:01:15,820 - INFO - torch.cuda.max_memory_reserved() : 9.25
2025-10-21 10:01:17,911 - INFO - Epoch 4 completed in 2.090222 seconds
2025-10-21 10:01:17,911 - INFO - torch.cuda.max_memory_reserved() : 9.25
2025-10-21 10:01:20,046 - INFO - Epoch 5 completed in 2.134604 seconds
2025-10-21 10:01:20,046 - INFO - torch.cuda.max_memory_reserved() : 9.25
2025-10-21 10:01:22,168 - INFO - Epoch 6 completed in 2.121144 seconds
2025-10-21 10:01:22,168 - INFO - torch.cuda.max_memory_reserved() : 9.25
2025-10-21 10:01:24,308 - INFO - Epoch 7 completed in 2.138536 seconds
2025-10-21 10:01:24,308 - INFO - torch.cuda.max_memory_reserved() : 9.25
2025-10-21 10:01:26,437 - INFO - Epoch 8 completed in 2.128592 seconds
2025-10-21 10:01:26,438 - INFO - torch.cuda.max_memory_reserved() : 9.25
2025-10-21 10:01:28,539 - INFO - Epoch 9 completed in 2.099544 seconds
2025-10-21 10:01:28,540 - INFO - torch.cuda.max_memory_reserved() : 9.251953125
2025-10-21 10:01:30,738 - INFO - Epoch 10 completed in 2.197379 seconds
2025-10-21 10:01:31,752 - INFO - torch.cuda.max_memory_reserved() : 9.251953125
2025-10-21 10:01:31,753 - INFO - !!!采用策略后的几个epoch 平均时间:2.1349391639232635
2025-10-21 10:01:31,753 - INFO - 



