2025-10-20 23:10:10,310 - INFO - 📌 第一个 epoch：默认所有模块使用 checkpoint
2025-10-20 23:10:14,173 - INFO - Epoch 1 completed in 3.890076 seconds
2025-10-20 23:10:15,424 - INFO - torch.cuda.max_memory_reserved() : 4.37890625
2025-10-20 23:10:18,619 - INFO - 
[🔁 拟合反向传播时间模型]
2025-10-20 23:10:18,620 - INFO - 总反向传播时间: 3.171625s
2025-10-20 23:10:18,620 - INFO - 拟合模型: backward_total ≈ 2 × (A + B) + b
2025-10-20 23:10:18,620 - INFO - A = 2.289903, B = 0.230341, b = 0.651381s
2025-10-20 23:10:18,645 - INFO - Set parameter LicenseID to value 2706656
2025-10-20 23:10:18,650 - INFO - Set parameter LogToConsole to value 1
2025-10-20 23:10:18,650 - INFO - Set parameter LogFile to value ""
2025-10-20 23:10:18,650 - INFO - Set parameter Threads to value 12
2025-10-20 23:10:18,650 - INFO - Set parameter TimeLimit to value 3600
2025-10-20 23:10:18,650 - INFO - Set parameter Method to value 1
2025-10-20 23:10:18,713 - INFO - Set parameter TimeLimit to value 3000
2025-10-20 23:10:18,714 - INFO - Gurobi Optimizer version 12.0.3 build v12.0.3rc0 (linux64 - "Ubuntu 20.04.6 LTS")
2025-10-20 23:10:18,714 - INFO - 
2025-10-20 23:10:18,714 - INFO - CPU model: Intel(R) Xeon(R) Platinum 8260 CPU @ 2.40GHz, instruction set [SSE2|AVX|AVX2|AVX512]
2025-10-20 23:10:18,714 - INFO - Thread count: 48 physical cores, 96 logical processors, using up to 12 threads
2025-10-20 23:10:18,714 - INFO - 
2025-10-20 23:10:18,714 - INFO - Non-default parameters:
2025-10-20 23:10:18,714 - INFO - TimeLimit  3000
2025-10-20 23:10:18,714 - INFO - Method  1
2025-10-20 23:10:18,714 - INFO - Threads  12
2025-10-20 23:10:18,714 - INFO - 
2025-10-20 23:10:18,714 - INFO - Optimize a model with 3892 rows, 1699 columns and 20398 nonzeros
2025-10-20 23:10:18,715 - INFO - Model fingerprint: 0xbe79f19c
2025-10-20 23:10:18,715 - INFO - Variable types: 0 continuous, 1699 integer (1699 binary)
2025-10-20 23:10:18,715 - INFO - Coefficient statistics:
2025-10-20 23:10:18,715 - INFO -   Matrix range     [1e+00, 2e+15]
2025-10-20 23:10:18,715 - INFO -   Objective range  [7e+04, 6e+05]
2025-10-20 23:10:18,715 - INFO -   Bounds range     [1e+00, 1e+00]
2025-10-20 23:10:18,715 - INFO -   RHS range        [1e+00, 2e+16]
2025-10-20 23:10:18,715 - INFO - Warning: Model contains large matrix coefficient range
2025-10-20 23:10:18,715 - INFO - Warning: Model contains large rhs
2025-10-20 23:10:18,715 - INFO -          Consider reformulating model or setting NumericFocus parameter
2025-10-20 23:10:18,715 - INFO -          to avoid numerical issues.
2025-10-20 23:10:18,716 - INFO - Found heuristic solution: objective 1.524126e+07
2025-10-20 23:10:18,719 - INFO - Presolve removed 3892 rows and 1699 columns
2025-10-20 23:10:18,720 - INFO - Presolve time: 0.00s
2025-10-20 23:10:18,720 - INFO - Presolve: All rows and columns removed
2025-10-20 23:10:18,720 - INFO - 
2025-10-20 23:10:18,720 - INFO - Explored 0 nodes (0 simplex iterations) in 0.01 seconds (0.00 work units)
2025-10-20 23:10:18,720 - INFO - Thread count was 1 (of 96 available processors)
2025-10-20 23:10:18,720 - INFO - 
2025-10-20 23:10:18,720 - INFO - Solution count 2: 1.01957e+07 1.52413e+07 
2025-10-20 23:10:18,720 - INFO - 
2025-10-20 23:10:18,720 - INFO - Optimal solution found (tolerance 1.00e-04)
2025-10-20 23:10:18,720 - INFO - Best objective 1.019574700000e+07, best bound 1.019574700000e+07, gap 0.0000%
2025-10-20 23:10:18,727 - INFO - 规划前的显存GB：20.0
2025-10-20 23:10:18,728 - INFO - 规划后的显存GB：9.555042743682861
2025-10-20 23:10:18,728 - INFO - ✅ 最优策略：[True, True, True, True, True, True, True, True, True, True, True, True, True, True, True, True]
2025-10-20 23:10:18,728 - INFO - 📌 checkpoint 的欧氏长度:, []
2025-10-20 23:10:18,728 - INFO - 📌 checkpoint 的余弦长度:, []
2025-10-20 23:10:18,728 - INFO - 💾 最终显存峰值：%.2f MB % 8692.373695373535
2025-10-20 23:10:18,728 - INFO - Epoch 2 completed in 3.303071 seconds
2025-10-20 23:10:18,728 - INFO - torch.cuda.max_memory_reserved() : 4.37890625
2025-10-20 23:10:20,961 - INFO - Epoch 3 completed in 2.232301 seconds
2025-10-20 23:10:20,961 - INFO - 
====================== [第1个 Epoch 收集统计数据] ======================
2025-10-20 23:10:20,962 - INFO - 
🔍 EUCLIDEAN modules:
2025-10-20 23:10:20,962 - INFO - [Shapelet  40] forward_avg=0.004280s over 12 calls | peak=343.57MB | final=0.00MB
2025-10-20 23:10:20,962 - INFO - [Shapelet  80] forward_avg=0.004587s over 12 calls | peak=601.19MB | final=0.00MB
2025-10-20 23:10:20,962 - INFO - [Shapelet 121] forward_avg=0.005373s over 12 calls | peak=791.72MB | final=0.00MB
2025-10-20 23:10:20,962 - INFO - [Shapelet 161] forward_avg=0.005742s over 12 calls | peak=905.43MB | final=0.00MB
2025-10-20 23:10:20,962 - INFO - [Shapelet 202] forward_avg=0.005976s over 12 calls | peak=946.48MB | final=0.00MB
2025-10-20 23:10:20,962 - INFO - [Shapelet 242] forward_avg=0.005600s over 12 calls | peak=915.59MB | final=0.00MB
2025-10-20 23:10:20,962 - INFO - [Shapelet 283] forward_avg=0.004700s over 12 calls | peak=810.62MB | final=0.00MB
2025-10-20 23:10:20,962 - INFO - [Shapelet 324] forward_avg=0.004599s over 12 calls | peak=628.61MB | final=0.00MB
2025-10-20 23:10:20,962 - INFO - 
🔍 COSINE modules:
2025-10-20 23:10:20,962 - INFO - [Shapelet  40] forward_avg=0.002642s over 12 calls | peak=220.75MB | final=0.00MB
2025-10-20 23:10:20,962 - INFO - [Shapelet  80] forward_avg=0.002448s over 12 calls | peak=390.83MB | final=0.00MB
2025-10-20 23:10:20,962 - INFO - [Shapelet 121] forward_avg=0.002708s over 12 calls | peak=515.69MB | final=0.00MB
2025-10-20 23:10:20,962 - INFO - [Shapelet 161] forward_avg=0.003190s over 12 calls | peak=589.82MB | final=0.00MB
2025-10-20 23:10:20,962 - INFO - [Shapelet 202] forward_avg=0.003546s over 12 calls | peak=615.21MB | final=0.00MB
2025-10-20 23:10:20,962 - INFO - [Shapelet 242] forward_avg=0.003055s over 12 calls | peak=592.28MB | final=0.00MB
2025-10-20 23:10:20,962 - INFO - [Shapelet 283] forward_avg=0.002704s over 12 calls | peak=520.11MB | final=0.00MB
2025-10-20 23:10:20,962 - INFO - [Shapelet 324] forward_avg=0.002459s over 12 calls | peak=396.44MB | final=0.00MB
2025-10-20 23:10:20,963 - INFO - 
🔍 CROSS modules:
2025-10-20 23:10:20,963 - INFO - [Shapelet  40] forward_avg=0.003517s over 12 calls
2025-10-20 23:10:20,963 - INFO - [Shapelet  80] forward_avg=0.000689s over 12 calls
2025-10-20 23:10:20,963 - INFO - [Shapelet 121] forward_avg=0.000737s over 12 calls
2025-10-20 23:10:20,963 - INFO - [Shapelet 161] forward_avg=0.000824s over 12 calls
2025-10-20 23:10:20,963 - INFO - [Shapelet 202] forward_avg=0.000918s over 12 calls
2025-10-20 23:10:20,963 - INFO - [Shapelet 242] forward_avg=0.000907s over 12 calls
2025-10-20 23:10:20,963 - INFO - [Shapelet 283] forward_avg=0.000958s over 12 calls
2025-10-20 23:10:20,963 - INFO - [Shapelet 324] forward_avg=0.001047s over 12 calls
2025-10-20 23:10:20,963 - INFO - 
💾 模型第一次反向传播阶段的显存峰值（所有模块中的最大值）: 8544.94 MB
2025-10-20 23:10:20,963 - INFO - 
💾 模型初始显存: 23.05 MB
2025-10-20 23:10:20,963 - INFO - =======================================================================

2025-10-20 23:10:20,963 - INFO - torch.cuda.max_memory_reserved() : 9.25
2025-10-20 23:10:23,169 - INFO - Epoch 4 completed in 2.205392 seconds
2025-10-20 23:10:23,170 - INFO - torch.cuda.max_memory_reserved() : 9.25
2025-10-20 23:10:25,394 - INFO - Epoch 5 completed in 2.222657 seconds
2025-10-20 23:10:25,395 - INFO - torch.cuda.max_memory_reserved() : 9.25
2025-10-20 23:10:27,792 - INFO - Epoch 6 completed in 2.396042 seconds
2025-10-20 23:10:27,793 - INFO - torch.cuda.max_memory_reserved() : 9.25
2025-10-20 23:10:30,229 - INFO - Epoch 7 completed in 2.435373 seconds
2025-10-20 23:10:30,230 - INFO - torch.cuda.max_memory_reserved() : 9.25
2025-10-20 23:10:32,601 - INFO - Epoch 8 completed in 2.369952 seconds
2025-10-20 23:10:32,601 - INFO - torch.cuda.max_memory_reserved() : 9.25
2025-10-20 23:10:34,937 - INFO - Epoch 9 completed in 2.334917 seconds
2025-10-20 23:10:34,937 - INFO - torch.cuda.max_memory_reserved() : 9.251953125
2025-10-20 23:10:37,313 - INFO - Epoch 10 completed in 2.375375 seconds
2025-10-20 23:10:38,507 - INFO - torch.cuda.max_memory_reserved() : 9.251953125
2025-10-20 23:10:38,507 - INFO - !!!采用策略后的几个epoch 平均时间:2.3215012550354004
2025-10-20 23:10:38,507 - INFO - 



2025-10-21 10:01:37,015 - INFO - 📌 第一个 epoch：默认所有模块使用 checkpoint
2025-10-21 10:01:40,342 - INFO - Epoch 1 completed in 3.335383 seconds
2025-10-21 10:01:41,403 - INFO - torch.cuda.max_memory_reserved() : 4.37890625
2025-10-21 10:01:44,163 - INFO - 
[🔁 拟合反向传播时间模型]
2025-10-21 10:01:44,164 - INFO - 总反向传播时间: 2.740310s
2025-10-21 10:01:44,164 - INFO - 拟合模型: backward_total ≈ 2 × (A + B) + b
2025-10-21 10:01:44,164 - INFO - A = 2.120384, B = 0.201494, b = 0.418432s
2025-10-21 10:01:44,211 - INFO - Set parameter LicenseID to value 2706656
2025-10-21 10:01:44,217 - INFO - Set parameter LogToConsole to value 1
2025-10-21 10:01:44,217 - INFO - Set parameter LogFile to value ""
2025-10-21 10:01:44,217 - INFO - Set parameter Threads to value 12
2025-10-21 10:01:44,217 - INFO - Set parameter TimeLimit to value 3600
2025-10-21 10:01:44,217 - INFO - Set parameter Method to value 1
2025-10-21 10:01:44,265 - INFO - Set parameter TimeLimit to value 3000
2025-10-21 10:01:44,266 - INFO - Gurobi Optimizer version 12.0.3 build v12.0.3rc0 (linux64 - "Ubuntu 20.04.6 LTS")
2025-10-21 10:01:44,266 - INFO - 
2025-10-21 10:01:44,266 - INFO - CPU model: Intel(R) Xeon(R) Platinum 8260 CPU @ 2.40GHz, instruction set [SSE2|AVX|AVX2|AVX512]
2025-10-21 10:01:44,266 - INFO - Thread count: 48 physical cores, 96 logical processors, using up to 12 threads
2025-10-21 10:01:44,266 - INFO - 
2025-10-21 10:01:44,267 - INFO - Non-default parameters:
2025-10-21 10:01:44,267 - INFO - TimeLimit  3000
2025-10-21 10:01:44,267 - INFO - Method  1
2025-10-21 10:01:44,267 - INFO - Threads  12
2025-10-21 10:01:44,267 - INFO - 
2025-10-21 10:01:44,267 - INFO - Optimize a model with 3892 rows, 1699 columns and 20398 nonzeros
2025-10-21 10:01:44,267 - INFO - Model fingerprint: 0x1f9267f0
2025-10-21 10:01:44,267 - INFO - Variable types: 0 continuous, 1699 integer (1699 binary)
2025-10-21 10:01:44,267 - INFO - Coefficient statistics:
2025-10-21 10:01:44,267 - INFO -   Matrix range     [1e+00, 2e+15]
2025-10-21 10:01:44,267 - INFO -   Objective range  [6e+04, 6e+05]
2025-10-21 10:01:44,267 - INFO -   Bounds range     [1e+00, 1e+00]
2025-10-21 10:01:44,267 - INFO -   RHS range        [1e+00, 2e+16]
2025-10-21 10:01:44,267 - INFO - Warning: Model contains large matrix coefficient range
2025-10-21 10:01:44,267 - INFO - Warning: Model contains large rhs
2025-10-21 10:01:44,267 - INFO -          Consider reformulating model or setting NumericFocus parameter
2025-10-21 10:01:44,267 - INFO -          to avoid numerical issues.
2025-10-21 10:01:44,268 - INFO - Found heuristic solution: objective 1.423034e+07
2025-10-21 10:01:44,271 - INFO - Presolve removed 3892 rows and 1699 columns
2025-10-21 10:01:44,271 - INFO - Presolve time: 0.00s
2025-10-21 10:01:44,271 - INFO - Presolve: All rows and columns removed
2025-10-21 10:01:44,271 - INFO - 
2025-10-21 10:01:44,271 - INFO - Explored 0 nodes (0 simplex iterations) in 0.00 seconds (0.00 work units)
2025-10-21 10:01:44,271 - INFO - Thread count was 1 (of 96 available processors)
2025-10-21 10:01:44,271 - INFO - 
2025-10-21 10:01:44,271 - INFO - Solution count 2: 9.51963e+06 1.42303e+07 
2025-10-21 10:01:44,271 - INFO - 
2025-10-21 10:01:44,271 - INFO - Optimal solution found (tolerance 1.00e-04)
2025-10-21 10:01:44,272 - INFO - Best objective 9.519632000000e+06, best bound 9.519632000000e+06, gap 0.0000%
2025-10-21 10:01:44,277 - INFO - 规划前的显存GB：20.0
2025-10-21 10:01:44,277 - INFO - 规划后的显存GB：9.555042743682861
2025-10-21 10:01:44,277 - INFO - ✅ 最优策略：[True, True, True, True, True, True, True, True, True, True, True, True, True, True, True, True]
2025-10-21 10:01:44,277 - INFO - 📌 checkpoint 的欧氏长度:, []
2025-10-21 10:01:44,277 - INFO - 📌 checkpoint 的余弦长度:, []
2025-10-21 10:01:44,277 - INFO - 💾 最终显存峰值：%.2f MB % 8692.373695373535
2025-10-21 10:01:44,277 - INFO - Epoch 2 completed in 2.874146 seconds
2025-10-21 10:01:44,278 - INFO - torch.cuda.max_memory_reserved() : 4.37890625
2025-10-21 10:01:46,311 - INFO - Epoch 3 completed in 2.032742 seconds
2025-10-21 10:01:46,311 - INFO - 
====================== [第1个 Epoch 收集统计数据] ======================
2025-10-21 10:01:46,311 - INFO - 
🔍 EUCLIDEAN modules:
2025-10-21 10:01:46,311 - INFO - [Shapelet  40] forward_avg=0.004061s over 12 calls | peak=343.57MB | final=0.00MB
2025-10-21 10:01:46,311 - INFO - [Shapelet  80] forward_avg=0.004195s over 12 calls | peak=601.19MB | final=0.00MB
2025-10-21 10:01:46,311 - INFO - [Shapelet 121] forward_avg=0.005115s over 12 calls | peak=791.72MB | final=0.00MB
2025-10-21 10:01:46,311 - INFO - [Shapelet 161] forward_avg=0.005449s over 12 calls | peak=905.43MB | final=0.00MB
2025-10-21 10:01:46,311 - INFO - [Shapelet 202] forward_avg=0.005596s over 12 calls | peak=946.48MB | final=0.00MB
2025-10-21 10:01:46,311 - INFO - [Shapelet 242] forward_avg=0.005392s over 12 calls | peak=915.59MB | final=0.00MB
2025-10-21 10:01:46,311 - INFO - [Shapelet 283] forward_avg=0.004670s over 12 calls | peak=810.62MB | final=0.00MB
2025-10-21 10:01:46,311 - INFO - [Shapelet 324] forward_avg=0.004234s over 12 calls | peak=628.61MB | final=0.00MB
2025-10-21 10:01:46,311 - INFO - 
🔍 COSINE modules:
2025-10-21 10:01:46,311 - INFO - [Shapelet  40] forward_avg=0.002001s over 12 calls | peak=220.75MB | final=0.00MB
2025-10-21 10:01:46,311 - INFO - [Shapelet  80] forward_avg=0.002039s over 12 calls | peak=390.83MB | final=0.00MB
2025-10-21 10:01:46,311 - INFO - [Shapelet 121] forward_avg=0.002704s over 12 calls | peak=515.69MB | final=0.00MB
2025-10-21 10:01:46,311 - INFO - [Shapelet 161] forward_avg=0.002924s over 12 calls | peak=589.82MB | final=0.00MB
2025-10-21 10:01:46,311 - INFO - [Shapelet 202] forward_avg=0.003103s over 12 calls | peak=615.21MB | final=0.00MB
2025-10-21 10:01:46,311 - INFO - [Shapelet 242] forward_avg=0.002937s over 12 calls | peak=592.28MB | final=0.00MB
2025-10-21 10:01:46,312 - INFO - [Shapelet 283] forward_avg=0.002331s over 12 calls | peak=520.11MB | final=0.00MB
2025-10-21 10:01:46,312 - INFO - [Shapelet 324] forward_avg=0.002149s over 12 calls | peak=396.44MB | final=0.00MB
2025-10-21 10:01:46,312 - INFO - 
🔍 CROSS modules:
2025-10-21 10:01:46,312 - INFO - [Shapelet  40] forward_avg=0.002882s over 12 calls
2025-10-21 10:01:46,312 - INFO - [Shapelet  80] forward_avg=0.000564s over 12 calls
2025-10-21 10:01:46,312 - INFO - [Shapelet 121] forward_avg=0.000644s over 12 calls
2025-10-21 10:01:46,312 - INFO - [Shapelet 161] forward_avg=0.000751s over 12 calls
2025-10-21 10:01:46,312 - INFO - [Shapelet 202] forward_avg=0.000858s over 12 calls
2025-10-21 10:01:46,312 - INFO - [Shapelet 242] forward_avg=0.000828s over 12 calls
2025-10-21 10:01:46,312 - INFO - [Shapelet 283] forward_avg=0.000886s over 12 calls
2025-10-21 10:01:46,312 - INFO - [Shapelet 324] forward_avg=0.000982s over 12 calls
2025-10-21 10:01:46,312 - INFO - 
💾 模型第一次反向传播阶段的显存峰值（所有模块中的最大值）: 8544.94 MB
2025-10-21 10:01:46,312 - INFO - 
💾 模型初始显存: 23.05 MB
2025-10-21 10:01:46,312 - INFO - =======================================================================

2025-10-21 10:01:46,312 - INFO - torch.cuda.max_memory_reserved() : 9.25
2025-10-21 10:01:48,280 - INFO - Epoch 4 completed in 1.967518 seconds
2025-10-21 10:01:48,280 - INFO - torch.cuda.max_memory_reserved() : 9.25
2025-10-21 10:01:50,276 - INFO - Epoch 5 completed in 1.995066 seconds
2025-10-21 10:01:50,276 - INFO - torch.cuda.max_memory_reserved() : 9.25
2025-10-21 10:01:52,281 - INFO - Epoch 6 completed in 2.004560 seconds
2025-10-21 10:01:52,282 - INFO - torch.cuda.max_memory_reserved() : 9.25
2025-10-21 10:01:54,304 - INFO - Epoch 7 completed in 2.021546 seconds
2025-10-21 10:01:54,304 - INFO - torch.cuda.max_memory_reserved() : 9.25
2025-10-21 10:01:56,314 - INFO - Epoch 8 completed in 2.009230 seconds
2025-10-21 10:01:56,314 - INFO - torch.cuda.max_memory_reserved() : 9.25
2025-10-21 10:01:58,310 - INFO - Epoch 9 completed in 1.994354 seconds
2025-10-21 10:01:58,310 - INFO - torch.cuda.max_memory_reserved() : 9.251953125
2025-10-21 10:02:00,360 - INFO - Epoch 10 completed in 2.049268 seconds
2025-10-21 10:02:01,379 - INFO - torch.cuda.max_memory_reserved() : 9.251953125
2025-10-21 10:02:01,380 - INFO - !!!采用策略后的几个epoch 平均时间:2.009285271167755
2025-10-21 10:02:01,380 - INFO - 



