2025-10-21 13:33:47,509 - INFO - 📌 第一个 epoch：默认所有模块使用 checkpoint
2025-10-21 13:33:50,852 - INFO - Epoch 1 completed in 3.350797 seconds
2025-10-21 13:33:51,899 - INFO - torch.cuda.max_memory_reserved() : 4.37890625
2025-10-21 13:33:54,783 - INFO - 
[🔁 拟合反向传播时间模型]
2025-10-21 13:33:54,784 - INFO - 总反向传播时间: 2.864124s
2025-10-21 13:33:54,784 - INFO - 拟合模型: backward_total ≈ 2 × (A + B) + b
2025-10-21 13:33:54,784 - INFO - A = 2.102228, B = 0.196872, b = 0.565023s
2025-10-21 13:33:54,809 - INFO - Set parameter LicenseID to value 2706656
2025-10-21 13:33:54,814 - INFO - Set parameter LogToConsole to value 1
2025-10-21 13:33:54,814 - INFO - Set parameter LogFile to value ""
2025-10-21 13:33:54,814 - INFO - Set parameter Threads to value 12
2025-10-21 13:33:54,814 - INFO - Set parameter TimeLimit to value 3600
2025-10-21 13:33:54,814 - INFO - Set parameter Method to value 1
2025-10-21 13:33:54,866 - INFO - Set parameter TimeLimit to value 3000
2025-10-21 13:33:54,867 - INFO - Gurobi Optimizer version 12.0.3 build v12.0.3rc0 (linux64 - "Ubuntu 20.04.6 LTS")
2025-10-21 13:33:54,867 - INFO - 
2025-10-21 13:33:54,867 - INFO - CPU model: Intel(R) Xeon(R) Platinum 8260 CPU @ 2.40GHz, instruction set [SSE2|AVX|AVX2|AVX512]
2025-10-21 13:33:54,867 - INFO - Thread count: 48 physical cores, 96 logical processors, using up to 12 threads
2025-10-21 13:33:54,867 - INFO - 
2025-10-21 13:33:54,867 - INFO - Non-default parameters:
2025-10-21 13:33:54,867 - INFO - TimeLimit  3000
2025-10-21 13:33:54,867 - INFO - Method  1
2025-10-21 13:33:54,867 - INFO - Threads  12
2025-10-21 13:33:54,867 - INFO - 
2025-10-21 13:33:54,867 - INFO - Optimize a model with 3892 rows, 1699 columns and 20398 nonzeros
2025-10-21 13:33:54,868 - INFO - Model fingerprint: 0x528eb340
2025-10-21 13:33:54,868 - INFO - Variable types: 0 continuous, 1699 integer (1699 binary)
2025-10-21 13:33:54,868 - INFO - Coefficient statistics:
2025-10-21 13:33:54,868 - INFO -   Matrix range     [1e+00, 2e+15]
2025-10-21 13:33:54,868 - INFO -   Objective range  [6e+04, 6e+05]
2025-10-21 13:33:54,868 - INFO -   Bounds range     [1e+00, 1e+00]
2025-10-21 13:33:54,868 - INFO -   RHS range        [1e+00, 6e+15]
2025-10-21 13:33:54,868 - INFO - Warning: Model contains large matrix coefficient range
2025-10-21 13:33:54,868 - INFO - Warning: Model contains large rhs
2025-10-21 13:33:54,868 - INFO -          Consider reformulating model or setting NumericFocus parameter
2025-10-21 13:33:54,868 - INFO -          to avoid numerical issues.
2025-10-21 13:33:54,869 - INFO - Found heuristic solution: objective 1.407561e+07
2025-10-21 13:33:54,887 - INFO - Presolve removed 3670 rows and 1496 columns
2025-10-21 13:33:54,887 - INFO - Presolve time: 0.02s
2025-10-21 13:33:54,887 - INFO - Presolved: 222 rows, 203 columns, 1880 nonzeros
2025-10-21 13:33:54,888 - INFO - Variable types: 0 continuous, 203 integer (203 binary)
2025-10-21 13:33:54,888 - INFO - Found heuristic solution: objective 1.327740e+07
2025-10-21 13:33:54,889 - INFO - 
2025-10-21 13:33:54,889 - INFO - Root relaxation: objective 1.095630e+07, 104 iterations, 0.00 seconds (0.00 work units)
2025-10-21 13:33:54,891 - INFO - 
2025-10-21 13:33:54,891 - INFO -     Nodes    |    Current Node    |     Objective Bounds      |     Work
2025-10-21 13:33:54,891 - INFO -  Expl Unexpl |  Obj  Depth IntInf | Incumbent    BestBd   Gap | It/Node Time
2025-10-21 13:33:54,891 - INFO - 
2025-10-21 13:33:54,891 - INFO -      0     0 1.0956e+07    0    8 1.3277e+07 1.0956e+07  17.5%     -    0s
2025-10-21 13:33:54,891 - INFO - H    0     0                    1.113944e+07 1.0956e+07  1.64%     -    0s
2025-10-21 13:33:54,905 - INFO - H    0     0                    1.108251e+07 1.1017e+07  0.59%     -    0s
2025-10-21 13:33:54,906 - INFO - 
2025-10-21 13:33:54,906 - INFO - Cutting planes:
2025-10-21 13:33:54,906 - INFO -   Cover: 2
2025-10-21 13:33:54,906 - INFO - 
2025-10-21 13:33:54,906 - INFO - Explored 1 nodes (124 simplex iterations) in 0.04 seconds (0.03 work units)
2025-10-21 13:33:54,906 - INFO - Thread count was 12 (of 96 available processors)
2025-10-21 13:33:54,906 - INFO - 
2025-10-21 13:33:54,906 - INFO - Solution count 4: 1.10825e+07 1.11394e+07 1.32774e+07 1.40756e+07 
2025-10-21 13:33:54,906 - INFO - 
2025-10-21 13:33:54,906 - INFO - Optimal solution found (tolerance 1.00e-04)
2025-10-21 13:33:54,906 - INFO - Best objective 1.108250800000e+07, best bound 1.108250800000e+07, gap 0.0000%
2025-10-21 13:33:54,912 - INFO - 规划前的显存GB：5.0
2025-10-21 13:33:54,912 - INFO - 规划后的显存GB：4.614946365356445
2025-10-21 13:33:54,912 - INFO - ✅ 最优策略：[True, True, True, True, True, True, False, False, False, True, False, False, False, False, False, True]
2025-10-21 13:33:54,912 - INFO - 📌 checkpoint 的欧氏长度:, [283, 324]
2025-10-21 13:33:54,912 - INFO - 📌 checkpoint 的余弦长度:, [40, 121, 161, 202, 242, 283]
2025-10-21 13:33:54,912 - INFO - 💾 最终显存峰值：%.2f MB % 8692.373695373535
2025-10-21 13:33:54,913 - INFO - Epoch 2 completed in 3.012989 seconds
2025-10-21 13:33:54,913 - INFO - torch.cuda.max_memory_reserved() : 4.37890625
2025-10-21 13:33:57,426 - INFO - Epoch 3 completed in 2.512776 seconds
2025-10-21 13:33:57,427 - INFO - 
====================== [第1个 Epoch 收集统计数据] ======================
2025-10-21 13:33:57,427 - INFO - 
🔍 EUCLIDEAN modules:
2025-10-21 13:33:57,427 - INFO - [Shapelet  40] forward_avg=0.003878s over 12 calls | peak=343.57MB | final=0.00MB
2025-10-21 13:33:57,427 - INFO - [Shapelet  80] forward_avg=0.004104s over 12 calls | peak=601.19MB | final=0.00MB
2025-10-21 13:33:57,427 - INFO - [Shapelet 121] forward_avg=0.005089s over 12 calls | peak=791.72MB | final=0.00MB
2025-10-21 13:33:57,427 - INFO - [Shapelet 161] forward_avg=0.005434s over 12 calls | peak=905.43MB | final=0.00MB
2025-10-21 13:33:57,427 - INFO - [Shapelet 202] forward_avg=0.005669s over 12 calls | peak=946.48MB | final=0.00MB
2025-10-21 13:33:57,428 - INFO - [Shapelet 242] forward_avg=0.005187s over 12 calls | peak=915.59MB | final=0.00MB
2025-10-21 13:33:57,428 - INFO - [Shapelet 283] forward_avg=0.004687s over 12 calls | peak=810.62MB | final=0.00MB
2025-10-21 13:33:57,428 - INFO - [Shapelet 324] forward_avg=0.004337s over 12 calls | peak=628.61MB | final=0.00MB
2025-10-21 13:33:57,428 - INFO - 
🔍 COSINE modules:
2025-10-21 13:33:57,428 - INFO - [Shapelet  40] forward_avg=0.002033s over 12 calls | peak=220.75MB | final=0.00MB
2025-10-21 13:33:57,428 - INFO - [Shapelet  80] forward_avg=0.002036s over 12 calls | peak=390.83MB | final=0.00MB
2025-10-21 13:33:57,428 - INFO - [Shapelet 121] forward_avg=0.002589s over 12 calls | peak=515.69MB | final=0.00MB
2025-10-21 13:33:57,428 - INFO - [Shapelet 161] forward_avg=0.002914s over 12 calls | peak=589.82MB | final=0.00MB
2025-10-21 13:33:57,428 - INFO - [Shapelet 202] forward_avg=0.003075s over 12 calls | peak=615.21MB | final=0.00MB
2025-10-21 13:33:57,428 - INFO - [Shapelet 242] forward_avg=0.002908s over 12 calls | peak=592.28MB | final=0.00MB
2025-10-21 13:33:57,429 - INFO - [Shapelet 283] forward_avg=0.002317s over 12 calls | peak=520.11MB | final=0.00MB
2025-10-21 13:33:57,429 - INFO - [Shapelet 324] forward_avg=0.002137s over 12 calls | peak=396.44MB | final=0.00MB
2025-10-21 13:33:57,429 - INFO - 
🔍 CROSS modules:
2025-10-21 13:33:57,429 - INFO - [Shapelet  40] forward_avg=0.002728s over 12 calls
2025-10-21 13:33:57,429 - INFO - [Shapelet  80] forward_avg=0.000569s over 12 calls
2025-10-21 13:33:57,429 - INFO - [Shapelet 121] forward_avg=0.000636s over 12 calls
2025-10-21 13:33:57,429 - INFO - [Shapelet 161] forward_avg=0.000748s over 12 calls
2025-10-21 13:33:57,429 - INFO - [Shapelet 202] forward_avg=0.000842s over 12 calls
2025-10-21 13:33:57,429 - INFO - [Shapelet 242] forward_avg=0.000816s over 12 calls
2025-10-21 13:33:57,429 - INFO - [Shapelet 283] forward_avg=0.000875s over 12 calls
2025-10-21 13:33:57,430 - INFO - [Shapelet 324] forward_avg=0.000988s over 12 calls
2025-10-21 13:33:57,430 - INFO - 
💾 模型第一次反向传播阶段的显存峰值（所有模块中的最大值）: 4768.99 MB
2025-10-21 13:33:57,430 - INFO - 
💾 模型初始显存: 23.05 MB
2025-10-21 13:33:57,430 - INFO - =======================================================================

2025-10-21 13:33:57,430 - INFO - torch.cuda.max_memory_reserved() : 5.228515625
2025-10-21 13:33:59,873 - INFO - Epoch 4 completed in 2.440984 seconds
2025-10-21 13:33:59,874 - INFO - torch.cuda.max_memory_reserved() : 5.228515625
2025-10-21 13:34:02,395 - INFO - Epoch 5 completed in 2.519722 seconds
2025-10-21 13:34:02,396 - INFO - torch.cuda.max_memory_reserved() : 5.228515625
2025-10-21 13:34:05,117 - INFO - Epoch 6 completed in 2.720095 seconds
2025-10-21 13:34:05,118 - INFO - torch.cuda.max_memory_reserved() : 5.228515625
2025-10-21 13:34:08,177 - INFO - Epoch 7 completed in 3.057174 seconds
2025-10-21 13:34:08,177 - INFO - torch.cuda.max_memory_reserved() : 5.228515625
2025-10-21 13:34:10,850 - INFO - Epoch 8 completed in 2.671051 seconds
2025-10-21 13:34:10,850 - INFO - torch.cuda.max_memory_reserved() : 5.228515625
2025-10-21 13:34:13,527 - INFO - Epoch 9 completed in 2.676331 seconds
2025-10-21 13:34:13,528 - INFO - torch.cuda.max_memory_reserved() : 5.228515625
2025-10-21 13:34:16,401 - INFO - Epoch 10 completed in 2.871992 seconds
2025-10-21 13:34:17,464 - INFO - torch.cuda.max_memory_reserved() : 5.228515625
2025-10-21 13:34:17,465 - INFO - !!!采用策略后的几个epoch 平均时间:2.683765470981598
2025-10-21 13:34:17,465 - INFO - 



