2025-10-20 23:08:59,623 - INFO - 📌 第一个 epoch：默认所有模块使用 checkpoint
2025-10-20 23:09:03,427 - INFO - Epoch 1 completed in 3.809912 seconds
2025-10-20 23:09:04,596 - INFO - torch.cuda.max_memory_reserved() : 4.37890625
2025-10-20 23:09:07,915 - INFO - 
[🔁 拟合反向传播时间模型]
2025-10-20 23:09:07,916 - INFO - 总反向传播时间: 3.300846s
2025-10-20 23:09:07,916 - INFO - 拟合模型: backward_total ≈ 2 × (A + B) + b
2025-10-20 23:09:07,916 - INFO - A = 2.368677, B = 0.278576, b = 0.653593s
2025-10-20 23:09:07,972 - INFO - Set parameter LicenseID to value 2706656
2025-10-20 23:09:08,002 - INFO - Set parameter LogToConsole to value 1
2025-10-20 23:09:08,002 - INFO - Set parameter LogFile to value ""
2025-10-20 23:09:08,002 - INFO - Set parameter Threads to value 12
2025-10-20 23:09:08,002 - INFO - Set parameter TimeLimit to value 3600
2025-10-20 23:09:08,003 - INFO - Set parameter Method to value 1
2025-10-20 23:09:08,059 - INFO - Set parameter TimeLimit to value 3000
2025-10-20 23:09:08,061 - INFO - Gurobi Optimizer version 12.0.3 build v12.0.3rc0 (linux64 - "Ubuntu 20.04.6 LTS")
2025-10-20 23:09:08,061 - INFO - 
2025-10-20 23:09:08,061 - INFO - CPU model: Intel(R) Xeon(R) Platinum 8260 CPU @ 2.40GHz, instruction set [SSE2|AVX|AVX2|AVX512]
2025-10-20 23:09:08,061 - INFO - Thread count: 48 physical cores, 96 logical processors, using up to 12 threads
2025-10-20 23:09:08,061 - INFO - 
2025-10-20 23:09:08,061 - INFO - Non-default parameters:
2025-10-20 23:09:08,061 - INFO - TimeLimit  3000
2025-10-20 23:09:08,061 - INFO - Method  1
2025-10-20 23:09:08,061 - INFO - Threads  12
2025-10-20 23:09:08,061 - INFO - 
2025-10-20 23:09:08,061 - INFO - Optimize a model with 3892 rows, 1699 columns and 20398 nonzeros
2025-10-20 23:09:08,061 - INFO - Model fingerprint: 0x604ef1c6
2025-10-20 23:09:08,061 - INFO - Variable types: 0 continuous, 1699 integer (1699 binary)
2025-10-20 23:09:08,061 - INFO - Coefficient statistics:
2025-10-20 23:09:08,061 - INFO -   Matrix range     [1e+00, 2e+15]
2025-10-20 23:09:08,061 - INFO -   Objective range  [9e+04, 6e+05]
2025-10-20 23:09:08,061 - INFO -   Bounds range     [1e+00, 1e+00]
2025-10-20 23:09:08,061 - INFO -   RHS range        [1e+00, 1e+16]
2025-10-20 23:09:08,061 - INFO - Warning: Model contains large matrix coefficient range
2025-10-20 23:09:08,062 - INFO - Warning: Model contains large rhs
2025-10-20 23:09:08,062 - INFO -          Consider reformulating model or setting NumericFocus parameter
2025-10-20 23:09:08,062 - INFO -          to avoid numerical issues.
2025-10-20 23:09:08,062 - INFO - Found heuristic solution: objective 1.587746e+07
2025-10-20 23:09:08,065 - INFO - Presolve removed 3892 rows and 1699 columns
2025-10-20 23:09:08,065 - INFO - Presolve time: 0.00s
2025-10-20 23:09:08,065 - INFO - Presolve: All rows and columns removed
2025-10-20 23:09:08,065 - INFO - 
2025-10-20 23:09:08,065 - INFO - Explored 0 nodes (0 simplex iterations) in 0.00 seconds (0.00 work units)
2025-10-20 23:09:08,065 - INFO - Thread count was 1 (of 96 available processors)
2025-10-20 23:09:08,065 - INFO - 
2025-10-20 23:09:08,065 - INFO - Solution count 2: 1.06249e+07 1.58775e+07 
2025-10-20 23:09:08,065 - INFO - 
2025-10-20 23:09:08,066 - INFO - Optimal solution found (tolerance 1.00e-04)
2025-10-20 23:09:08,066 - INFO - Best objective 1.062493100000e+07, best bound 1.062493100000e+07, gap 0.0000%
2025-10-20 23:09:08,071 - INFO - 规划前的显存GB：12.0
2025-10-20 23:09:08,071 - INFO - 规划后的显存GB：9.555042743682861
2025-10-20 23:09:08,071 - INFO - ✅ 最优策略：[True, True, True, True, True, True, True, True, True, True, True, True, True, True, True, True]
2025-10-20 23:09:08,072 - INFO - 📌 checkpoint 的欧氏长度:, []
2025-10-20 23:09:08,072 - INFO - 📌 checkpoint 的余弦长度:, []
2025-10-20 23:09:08,072 - INFO - 💾 最终显存峰值：%.2f MB % 8692.373695373535
2025-10-20 23:09:08,072 - INFO - Epoch 2 completed in 3.475524 seconds
2025-10-20 23:09:08,072 - INFO - torch.cuda.max_memory_reserved() : 4.37890625
2025-10-20 23:09:10,227 - INFO - Epoch 3 completed in 2.154468 seconds
2025-10-20 23:09:10,227 - INFO - 
====================== [第1个 Epoch 收集统计数据] ======================
2025-10-20 23:09:10,227 - INFO - 
🔍 EUCLIDEAN modules:
2025-10-20 23:09:10,228 - INFO - [Shapelet  40] forward_avg=0.004395s over 12 calls | peak=343.57MB | final=0.00MB
2025-10-20 23:09:10,228 - INFO - [Shapelet  80] forward_avg=0.004405s over 12 calls | peak=601.19MB | final=0.00MB
2025-10-20 23:09:10,228 - INFO - [Shapelet 121] forward_avg=0.005337s over 12 calls | peak=791.72MB | final=0.00MB
2025-10-20 23:09:10,228 - INFO - [Shapelet 161] forward_avg=0.005576s over 12 calls | peak=905.43MB | final=0.00MB
2025-10-20 23:09:10,228 - INFO - [Shapelet 202] forward_avg=0.005953s over 12 calls | peak=946.48MB | final=0.00MB
2025-10-20 23:09:10,228 - INFO - [Shapelet 242] forward_avg=0.005791s over 12 calls | peak=915.59MB | final=0.00MB
2025-10-20 23:09:10,228 - INFO - [Shapelet 283] forward_avg=0.004812s over 12 calls | peak=810.62MB | final=0.00MB
2025-10-20 23:09:10,228 - INFO - [Shapelet 324] forward_avg=0.004648s over 12 calls | peak=628.61MB | final=0.00MB
2025-10-20 23:09:10,228 - INFO - 
🔍 COSINE modules:
2025-10-20 23:09:10,228 - INFO - [Shapelet  40] forward_avg=0.002998s over 12 calls | peak=220.75MB | final=0.00MB
2025-10-20 23:09:10,228 - INFO - [Shapelet  80] forward_avg=0.002976s over 12 calls | peak=390.83MB | final=0.00MB
2025-10-20 23:09:10,228 - INFO - [Shapelet 121] forward_avg=0.003141s over 12 calls | peak=515.69MB | final=0.00MB
2025-10-20 23:09:10,228 - INFO - [Shapelet 161] forward_avg=0.003305s over 12 calls | peak=589.82MB | final=0.00MB
2025-10-20 23:09:10,228 - INFO - [Shapelet 202] forward_avg=0.003318s over 12 calls | peak=615.21MB | final=0.00MB
2025-10-20 23:09:10,228 - INFO - [Shapelet 242] forward_avg=0.003216s over 12 calls | peak=592.28MB | final=0.00MB
2025-10-20 23:09:10,228 - INFO - [Shapelet 283] forward_avg=0.002956s over 12 calls | peak=520.11MB | final=0.00MB
2025-10-20 23:09:10,228 - INFO - [Shapelet 324] forward_avg=0.002969s over 12 calls | peak=396.44MB | final=0.00MB
2025-10-20 23:09:10,228 - INFO - 
🔍 CROSS modules:
2025-10-20 23:09:10,228 - INFO - [Shapelet  40] forward_avg=0.004391s over 12 calls
2025-10-20 23:09:10,228 - INFO - [Shapelet  80] forward_avg=0.000899s over 12 calls
2025-10-20 23:09:10,228 - INFO - [Shapelet 121] forward_avg=0.000910s over 12 calls
2025-10-20 23:09:10,228 - INFO - [Shapelet 161] forward_avg=0.000983s over 12 calls
2025-10-20 23:09:10,228 - INFO - [Shapelet 202] forward_avg=0.001092s over 12 calls
2025-10-20 23:09:10,228 - INFO - [Shapelet 242] forward_avg=0.001028s over 12 calls
2025-10-20 23:09:10,229 - INFO - [Shapelet 283] forward_avg=0.001106s over 12 calls
2025-10-20 23:09:10,229 - INFO - [Shapelet 324] forward_avg=0.001199s over 12 calls
2025-10-20 23:09:10,229 - INFO - 
💾 模型第一次反向传播阶段的显存峰值（所有模块中的最大值）: 8544.94 MB
2025-10-20 23:09:10,229 - INFO - 
💾 模型初始显存: 23.05 MB
2025-10-20 23:09:10,229 - INFO - =======================================================================

2025-10-20 23:09:10,229 - INFO - torch.cuda.max_memory_reserved() : 9.25
2025-10-20 23:09:12,423 - INFO - Epoch 4 completed in 2.193264 seconds
2025-10-20 23:09:12,424 - INFO - torch.cuda.max_memory_reserved() : 9.25
2025-10-20 23:09:14,917 - INFO - Epoch 5 completed in 2.492507 seconds
2025-10-20 23:09:14,918 - INFO - torch.cuda.max_memory_reserved() : 9.25
2025-10-20 23:09:17,401 - INFO - Epoch 6 completed in 2.482430 seconds
2025-10-20 23:09:17,401 - INFO - torch.cuda.max_memory_reserved() : 9.25
2025-10-20 23:09:19,798 - INFO - Epoch 7 completed in 2.395957 seconds
2025-10-20 23:09:19,798 - INFO - torch.cuda.max_memory_reserved() : 9.25
2025-10-20 23:09:22,254 - INFO - Epoch 8 completed in 2.455395 seconds
2025-10-20 23:09:22,256 - INFO - torch.cuda.max_memory_reserved() : 9.25
2025-10-20 23:09:24,580 - INFO - Epoch 9 completed in 2.323103 seconds
2025-10-20 23:09:24,581 - INFO - torch.cuda.max_memory_reserved() : 9.251953125
2025-10-20 23:09:26,843 - INFO - Epoch 10 completed in 2.261651 seconds
2025-10-20 23:09:27,945 - INFO - torch.cuda.max_memory_reserved() : 9.251953125
2025-10-20 23:09:27,946 - INFO - !!!采用策略后的几个epoch 平均时间:2.3448468446731567
2025-10-20 23:09:27,946 - INFO - 



2025-10-21 10:00:36,239 - INFO - 📌 第一个 epoch：默认所有模块使用 checkpoint
2025-10-21 10:00:39,573 - INFO - Epoch 1 completed in 3.344852 seconds
2025-10-21 10:00:40,621 - INFO - torch.cuda.max_memory_reserved() : 4.37890625
2025-10-21 10:00:43,411 - INFO - 
[🔁 拟合反向传播时间模型]
2025-10-21 10:00:43,412 - INFO - 总反向传播时间: 2.774479s
2025-10-21 10:00:43,412 - INFO - 拟合模型: backward_total ≈ 2 × (A + B) + b
2025-10-21 10:00:43,412 - INFO - A = 2.116827, B = 0.201924, b = 0.455728s
2025-10-21 10:00:43,439 - INFO - Set parameter LicenseID to value 2706656
2025-10-21 10:00:43,467 - INFO - Set parameter LogToConsole to value 1
2025-10-21 10:00:43,467 - INFO - Set parameter LogFile to value ""
2025-10-21 10:00:43,467 - INFO - Set parameter Threads to value 12
2025-10-21 10:00:43,467 - INFO - Set parameter TimeLimit to value 3600
2025-10-21 10:00:43,467 - INFO - Set parameter Method to value 1
2025-10-21 10:00:43,520 - INFO - Set parameter TimeLimit to value 3000
2025-10-21 10:00:43,521 - INFO - Gurobi Optimizer version 12.0.3 build v12.0.3rc0 (linux64 - "Ubuntu 20.04.6 LTS")
2025-10-21 10:00:43,521 - INFO - 
2025-10-21 10:00:43,521 - INFO - CPU model: Intel(R) Xeon(R) Platinum 8260 CPU @ 2.40GHz, instruction set [SSE2|AVX|AVX2|AVX512]
2025-10-21 10:00:43,521 - INFO - Thread count: 48 physical cores, 96 logical processors, using up to 12 threads
2025-10-21 10:00:43,521 - INFO - 
2025-10-21 10:00:43,521 - INFO - Non-default parameters:
2025-10-21 10:00:43,521 - INFO - TimeLimit  3000
2025-10-21 10:00:43,521 - INFO - Method  1
2025-10-21 10:00:43,521 - INFO - Threads  12
2025-10-21 10:00:43,521 - INFO - 
2025-10-21 10:00:43,521 - INFO - Optimize a model with 3892 rows, 1699 columns and 20398 nonzeros
2025-10-21 10:00:43,521 - INFO - Model fingerprint: 0x02a65a03
2025-10-21 10:00:43,521 - INFO - Variable types: 0 continuous, 1699 integer (1699 binary)
2025-10-21 10:00:43,521 - INFO - Coefficient statistics:
2025-10-21 10:00:43,521 - INFO -   Matrix range     [1e+00, 2e+15]
2025-10-21 10:00:43,522 - INFO -   Objective range  [6e+04, 6e+05]
2025-10-21 10:00:43,522 - INFO -   Bounds range     [1e+00, 1e+00]
2025-10-21 10:00:43,522 - INFO -   RHS range        [1e+00, 1e+16]
2025-10-21 10:00:43,522 - INFO - Warning: Model contains large matrix coefficient range
2025-10-21 10:00:43,522 - INFO - Warning: Model contains large rhs
2025-10-21 10:00:43,522 - INFO -          Consider reformulating model or setting NumericFocus parameter
2025-10-21 10:00:43,522 - INFO -          to avoid numerical issues.
2025-10-21 10:00:43,522 - INFO - Found heuristic solution: objective 1.420939e+07
2025-10-21 10:00:43,525 - INFO - Presolve removed 3892 rows and 1699 columns
2025-10-21 10:00:43,525 - INFO - Presolve time: 0.00s
2025-10-21 10:00:43,525 - INFO - Presolve: All rows and columns removed
2025-10-21 10:00:43,525 - INFO - 
2025-10-21 10:00:43,525 - INFO - Explored 0 nodes (0 simplex iterations) in 0.00 seconds (0.00 work units)
2025-10-21 10:00:43,525 - INFO - Thread count was 1 (of 96 available processors)
2025-10-21 10:00:43,525 - INFO - 
2025-10-21 10:00:43,525 - INFO - Solution count 2: 9.50596e+06 1.42094e+07 
2025-10-21 10:00:43,525 - INFO - 
2025-10-21 10:00:43,526 - INFO - Optimal solution found (tolerance 1.00e-04)
2025-10-21 10:00:43,526 - INFO - Best objective 9.505965000000e+06, best bound 9.505965000000e+06, gap 0.0000%
2025-10-21 10:00:43,531 - INFO - 规划前的显存GB：12.0
2025-10-21 10:00:43,531 - INFO - 规划后的显存GB：9.555042743682861
2025-10-21 10:00:43,531 - INFO - ✅ 最优策略：[True, True, True, True, True, True, True, True, True, True, True, True, True, True, True, True]
2025-10-21 10:00:43,531 - INFO - 📌 checkpoint 的欧氏长度:, []
2025-10-21 10:00:43,531 - INFO - 📌 checkpoint 的余弦长度:, []
2025-10-21 10:00:43,531 - INFO - 💾 最终显存峰值：%.2f MB % 8692.373695373535
2025-10-21 10:00:43,532 - INFO - Epoch 2 completed in 2.909780 seconds
2025-10-21 10:00:43,532 - INFO - torch.cuda.max_memory_reserved() : 4.37890625
2025-10-21 10:00:45,564 - INFO - Epoch 3 completed in 2.031395 seconds
2025-10-21 10:00:45,564 - INFO - 
====================== [第1个 Epoch 收集统计数据] ======================
2025-10-21 10:00:45,564 - INFO - 
🔍 EUCLIDEAN modules:
2025-10-21 10:00:45,564 - INFO - [Shapelet  40] forward_avg=0.003891s over 12 calls | peak=343.57MB | final=0.00MB
2025-10-21 10:00:45,564 - INFO - [Shapelet  80] forward_avg=0.004142s over 12 calls | peak=601.19MB | final=0.00MB
2025-10-21 10:00:45,564 - INFO - [Shapelet 121] forward_avg=0.005118s over 12 calls | peak=791.72MB | final=0.00MB
2025-10-21 10:00:45,564 - INFO - [Shapelet 161] forward_avg=0.005441s over 12 calls | peak=905.43MB | final=0.00MB
2025-10-21 10:00:45,564 - INFO - [Shapelet 202] forward_avg=0.005692s over 12 calls | peak=946.48MB | final=0.00MB
2025-10-21 10:00:45,564 - INFO - [Shapelet 242] forward_avg=0.005307s over 12 calls | peak=915.59MB | final=0.00MB
2025-10-21 10:00:45,564 - INFO - [Shapelet 283] forward_avg=0.004683s over 12 calls | peak=810.62MB | final=0.00MB
2025-10-21 10:00:45,564 - INFO - [Shapelet 324] forward_avg=0.004345s over 12 calls | peak=628.61MB | final=0.00MB
2025-10-21 10:00:45,564 - INFO - 
🔍 COSINE modules:
2025-10-21 10:00:45,564 - INFO - [Shapelet  40] forward_avg=0.002062s over 12 calls | peak=220.75MB | final=0.00MB
2025-10-21 10:00:45,564 - INFO - [Shapelet  80] forward_avg=0.002044s over 12 calls | peak=390.83MB | final=0.00MB
2025-10-21 10:00:45,564 - INFO - [Shapelet 121] forward_avg=0.002600s over 12 calls | peak=515.69MB | final=0.00MB
2025-10-21 10:00:45,564 - INFO - [Shapelet 161] forward_avg=0.002928s over 12 calls | peak=589.82MB | final=0.00MB
2025-10-21 10:00:45,564 - INFO - [Shapelet 202] forward_avg=0.003103s over 12 calls | peak=615.21MB | final=0.00MB
2025-10-21 10:00:45,564 - INFO - [Shapelet 242] forward_avg=0.002944s over 12 calls | peak=592.28MB | final=0.00MB
2025-10-21 10:00:45,564 - INFO - [Shapelet 283] forward_avg=0.002341s over 12 calls | peak=520.11MB | final=0.00MB
2025-10-21 10:00:45,564 - INFO - [Shapelet 324] forward_avg=0.002157s over 12 calls | peak=396.44MB | final=0.00MB
2025-10-21 10:00:45,564 - INFO - 
🔍 CROSS modules:
2025-10-21 10:00:45,564 - INFO - [Shapelet  40] forward_avg=0.002847s over 12 calls
2025-10-21 10:00:45,565 - INFO - [Shapelet  80] forward_avg=0.000574s over 12 calls
2025-10-21 10:00:45,565 - INFO - [Shapelet 121] forward_avg=0.000650s over 12 calls
2025-10-21 10:00:45,565 - INFO - [Shapelet 161] forward_avg=0.000766s over 12 calls
2025-10-21 10:00:45,565 - INFO - [Shapelet 202] forward_avg=0.000860s over 12 calls
2025-10-21 10:00:45,565 - INFO - [Shapelet 242] forward_avg=0.000832s over 12 calls
2025-10-21 10:00:45,565 - INFO - [Shapelet 283] forward_avg=0.000893s over 12 calls
2025-10-21 10:00:45,565 - INFO - [Shapelet 324] forward_avg=0.000991s over 12 calls
2025-10-21 10:00:45,565 - INFO - 
💾 模型第一次反向传播阶段的显存峰值（所有模块中的最大值）: 8544.94 MB
2025-10-21 10:00:45,565 - INFO - 
💾 模型初始显存: 23.05 MB
2025-10-21 10:00:45,565 - INFO - =======================================================================

2025-10-21 10:00:45,565 - INFO - torch.cuda.max_memory_reserved() : 9.25
2025-10-21 10:00:47,561 - INFO - Epoch 4 completed in 1.996048 seconds
2025-10-21 10:00:47,562 - INFO - torch.cuda.max_memory_reserved() : 9.25
2025-10-21 10:00:49,578 - INFO - Epoch 5 completed in 2.015481 seconds
2025-10-21 10:00:49,578 - INFO - torch.cuda.max_memory_reserved() : 9.25
2025-10-21 10:00:51,586 - INFO - Epoch 6 completed in 2.007570 seconds
2025-10-21 10:00:51,586 - INFO - torch.cuda.max_memory_reserved() : 9.25
2025-10-21 10:00:53,614 - INFO - Epoch 7 completed in 2.026551 seconds
2025-10-21 10:00:53,614 - INFO - torch.cuda.max_memory_reserved() : 9.25
2025-10-21 10:00:55,605 - INFO - Epoch 8 completed in 1.990389 seconds
2025-10-21 10:00:55,606 - INFO - torch.cuda.max_memory_reserved() : 9.25
2025-10-21 10:00:57,596 - INFO - Epoch 9 completed in 1.989573 seconds
2025-10-21 10:00:57,596 - INFO - torch.cuda.max_memory_reserved() : 9.251953125
2025-10-21 10:00:59,692 - INFO - Epoch 10 completed in 2.095405 seconds
2025-10-21 10:01:00,712 - INFO - torch.cuda.max_memory_reserved() : 9.251953125
2025-10-21 10:01:00,713 - INFO - !!!采用策略后的几个epoch 平均时间:2.0190515220165253
2025-10-21 10:01:00,713 - INFO - 



