2025-10-19 00:07:31,545 - INFO - 📌 第一个 epoch：默认所有模块使用 checkpoint
2025-10-19 00:07:44,832 - INFO - Epoch 1 completed in 13.298071 seconds
2025-10-19 00:07:47,714 - INFO - torch.cuda.max_memory_reserved() : 9.49609375
2025-10-19 00:07:58,993 - INFO - 
[🔁 拟合反向传播时间模型]
2025-10-19 00:07:58,994 - INFO - 总反向传播时间: 11.089451s
2025-10-19 00:07:58,994 - INFO - 拟合模型: backward_total ≈ 2 × (A + B) + b
2025-10-19 00:07:58,994 - INFO - A = 7.066694, B = 0.437859, b = 3.584898s
2025-10-19 00:07:59,019 - INFO - Set parameter LicenseID to value 2706656
2025-10-19 00:07:59,042 - INFO - Set parameter LogToConsole to value 1
2025-10-19 00:07:59,042 - INFO - Set parameter LogFile to value ""
2025-10-19 00:07:59,042 - INFO - Set parameter Threads to value 12
2025-10-19 00:07:59,042 - INFO - Set parameter TimeLimit to value 3600
2025-10-19 00:07:59,042 - INFO - Set parameter Method to value 1
2025-10-19 00:07:59,094 - INFO - Set parameter TimeLimit to value 3000
2025-10-19 00:07:59,096 - INFO - Gurobi Optimizer version 12.0.3 build v12.0.3rc0 (linux64 - "Ubuntu 20.04.6 LTS")
2025-10-19 00:07:59,096 - INFO - 
2025-10-19 00:07:59,096 - INFO - CPU model: Intel(R) Xeon(R) Platinum 8260 CPU @ 2.40GHz, instruction set [SSE2|AVX|AVX2|AVX512]
2025-10-19 00:07:59,096 - INFO - Thread count: 48 physical cores, 96 logical processors, using up to 12 threads
2025-10-19 00:07:59,096 - INFO - 
2025-10-19 00:07:59,096 - INFO - Non-default parameters:
2025-10-19 00:07:59,096 - INFO - TimeLimit  3000
2025-10-19 00:07:59,096 - INFO - Method  1
2025-10-19 00:07:59,096 - INFO - Threads  12
2025-10-19 00:07:59,096 - INFO - 
2025-10-19 00:07:59,096 - INFO - Optimize a model with 3892 rows, 1699 columns and 20398 nonzeros
2025-10-19 00:07:59,096 - INFO - Model fingerprint: 0x95af9219
2025-10-19 00:07:59,096 - INFO - Variable types: 0 continuous, 1699 integer (1699 binary)
2025-10-19 00:07:59,096 - INFO - Coefficient statistics:
2025-10-19 00:07:59,096 - INFO -   Matrix range     [1e+00, 4e+15]
2025-10-19 00:07:59,096 - INFO -   Objective range  [1e+05, 1e+06]
2025-10-19 00:07:59,096 - INFO -   Bounds range     [1e+00, 1e+00]
2025-10-19 00:07:59,096 - INFO -   RHS range        [1e+00, 9e+15]
2025-10-19 00:07:59,097 - INFO - Warning: Model contains large matrix coefficient range
2025-10-19 00:07:59,097 - INFO - Warning: Model contains large rhs
2025-10-19 00:07:59,097 - INFO -          Consider reformulating model or setting NumericFocus parameter
2025-10-19 00:07:59,097 - INFO -          to avoid numerical issues.
2025-10-19 00:07:59,097 - INFO - Found heuristic solution: objective 3.228718e+07
2025-10-19 00:07:59,108 - INFO - Presolve removed 3892 rows and 1699 columns
2025-10-19 00:07:59,108 - INFO - Presolve time: 0.01s
2025-10-19 00:07:59,108 - INFO - Presolve: All rows and columns removed
2025-10-19 00:07:59,108 - INFO - 
2025-10-19 00:07:59,108 - INFO - Explored 0 nodes (0 simplex iterations) in 0.01 seconds (0.01 work units)
2025-10-19 00:07:59,108 - INFO - Thread count was 1 (of 96 available processors)
2025-10-19 00:07:59,108 - INFO - 
2025-10-19 00:07:59,108 - INFO - Solution count 2: 2.79178e+07 3.22872e+07 
2025-10-19 00:07:59,108 - INFO - 
2025-10-19 00:07:59,108 - INFO - Optimal solution found (tolerance 1.00e-04)
2025-10-19 00:07:59,109 - INFO - Best objective 2.791784000000e+07, best bound 2.791784000000e+07, gap 0.0000%
2025-10-19 00:07:59,114 - INFO - 规划前的显存GB：8.0
2025-10-19 00:07:59,114 - INFO - 规划后的显存GB：4.7785868644714355
2025-10-19 00:07:59,114 - INFO - ✅ 最优策略：[True, True, True, True, False, False, False, False, False, True, False, False, False, False, False, False]
2025-10-19 00:07:59,115 - INFO - 📌 checkpoint 的欧氏长度:, [71, 86, 100, 115]
2025-10-19 00:07:59,115 - INFO - 📌 checkpoint 的余弦长度:, [14, 42, 57, 71, 86, 100, 115]
2025-10-19 00:07:59,115 - INFO - 💾 最终显存峰值：%.2f MB % 19807.36321258545
2025-10-19 00:07:59,126 - INFO - Epoch 2 completed in 11.411243 seconds
2025-10-19 00:07:59,126 - INFO - torch.cuda.max_memory_reserved() : 9.49609375
2025-10-19 00:08:08,540 - INFO - Epoch 3 completed in 9.413469 seconds
2025-10-19 00:08:08,540 - INFO - 
====================== [第1个 Epoch 收集统计数据] ======================
2025-10-19 00:08:08,540 - INFO - 
🔍 EUCLIDEAN modules:
2025-10-19 00:08:08,540 - INFO - [Shapelet  14] forward_avg=0.008236s over 16 calls | peak=733.24MB | final=0.00MB
2025-10-19 00:08:08,540 - INFO - [Shapelet  28] forward_avg=0.009219s over 16 calls | peak=1257.07MB | final=0.00MB
2025-10-19 00:08:08,540 - INFO - [Shapelet  42] forward_avg=0.011706s over 16 calls | peak=1641.29MB | final=0.00MB
2025-10-19 00:08:08,540 - INFO - [Shapelet  57] forward_avg=0.012936s over 16 calls | peak=1901.19MB | final=0.00MB
2025-10-19 00:08:08,540 - INFO - [Shapelet  71] forward_avg=0.013532s over 16 calls | peak=2000.96MB | final=0.00MB
2025-10-19 00:08:08,540 - INFO - [Shapelet  86] forward_avg=0.013132s over 16 calls | peak=1952.37MB | final=0.00MB
2025-10-19 00:08:08,540 - INFO - [Shapelet 100] forward_avg=0.012972s over 16 calls | peak=1765.30MB | final=0.00MB
2025-10-19 00:08:08,541 - INFO - [Shapelet 115] forward_avg=0.011727s over 16 calls | peak=1411.02MB | final=0.00MB
2025-10-19 00:08:08,541 - INFO - 
🔍 COSINE modules:
2025-10-19 00:08:08,541 - INFO - [Shapelet  14] forward_avg=0.004405s over 16 calls | peak=446.59MB | final=0.00MB
2025-10-19 00:08:08,541 - INFO - [Shapelet  28] forward_avg=0.004807s over 16 calls | peak=783.97MB | final=0.00MB
2025-10-19 00:08:08,541 - INFO - [Shapelet  42] forward_avg=0.006334s over 16 calls | peak=1029.18MB | final=0.00MB
2025-10-19 00:08:08,541 - INFO - [Shapelet  57] forward_avg=0.007203s over 16 calls | peak=1190.34MB | final=0.00MB
2025-10-19 00:08:08,541 - INFO - [Shapelet  71] forward_avg=0.007575s over 16 calls | peak=1244.70MB | final=0.00MB
2025-10-19 00:08:08,541 - INFO - [Shapelet  86] forward_avg=0.007899s over 16 calls | peak=1199.87MB | final=0.00MB
2025-10-19 00:08:08,541 - INFO - [Shapelet 100] forward_avg=0.008193s over 16 calls | peak=1063.27MB | final=0.00MB
2025-10-19 00:08:08,541 - INFO - [Shapelet 115] forward_avg=0.007345s over 16 calls | peak=815.09MB | final=0.00MB
2025-10-19 00:08:08,541 - INFO - 
🔍 CROSS modules:
2025-10-19 00:08:08,541 - INFO - [Shapelet  14] forward_avg=0.001268s over 16 calls
2025-10-19 00:08:08,541 - INFO - [Shapelet  28] forward_avg=0.001596s over 16 calls
2025-10-19 00:08:08,541 - INFO - [Shapelet  42] forward_avg=0.001559s over 16 calls
2025-10-19 00:08:08,541 - INFO - [Shapelet  57] forward_avg=0.001874s over 16 calls
2025-10-19 00:08:08,541 - INFO - [Shapelet  71] forward_avg=0.002105s over 16 calls
2025-10-19 00:08:08,541 - INFO - [Shapelet  86] forward_avg=0.001889s over 16 calls
2025-10-19 00:08:08,541 - INFO - [Shapelet 100] forward_avg=0.001953s over 16 calls
2025-10-19 00:08:08,541 - INFO - [Shapelet 115] forward_avg=0.001440s over 16 calls
2025-10-19 00:08:08,541 - INFO - 
💾 模型第一次反向传播阶段的显存峰值（所有模块中的最大值）: 8955.88 MB
2025-10-19 00:08:08,541 - INFO - 
💾 模型初始显存: 128.80 MB
2025-10-19 00:08:08,541 - INFO - =======================================================================

2025-10-19 00:08:08,541 - INFO - torch.cuda.max_memory_reserved() : 9.49609375
2025-10-19 00:08:17,934 - INFO - Epoch 4 completed in 9.391918 seconds
2025-10-19 00:08:17,934 - INFO - torch.cuda.max_memory_reserved() : 9.49609375
2025-10-19 00:08:26,949 - INFO - Epoch 5 completed in 9.014269 seconds
2025-10-19 00:08:26,950 - INFO - torch.cuda.max_memory_reserved() : 9.498046875
2025-10-19 00:08:36,853 - INFO - Epoch 6 completed in 9.902828 seconds
2025-10-19 00:08:36,854 - INFO - torch.cuda.max_memory_reserved() : 9.498046875
2025-10-19 00:08:45,669 - INFO - Epoch 7 completed in 8.815200 seconds
2025-10-19 00:08:45,670 - INFO - torch.cuda.max_memory_reserved() : 9.498046875
2025-10-19 00:08:54,580 - INFO - Epoch 8 completed in 8.910173 seconds
2025-10-19 00:08:54,581 - INFO - torch.cuda.max_memory_reserved() : 9.498046875
2025-10-19 00:09:03,595 - INFO - Epoch 9 completed in 9.013910 seconds
2025-10-19 00:09:03,596 - INFO - torch.cuda.max_memory_reserved() : 9.498046875
2025-10-19 00:09:13,024 - INFO - Epoch 10 completed in 9.427747 seconds
2025-10-19 00:09:15,895 - INFO - torch.cuda.max_memory_reserved() : 9.498046875
2025-10-19 00:09:15,896 - INFO - !!!采用策略后的几个epoch 平均时间:9.236189126968384
2025-10-19 00:09:15,896 - INFO - 



