2025-10-19 00:11:20,419 - INFO - 📌 第一个 epoch：默认所有模块使用 checkpoint
2025-10-19 00:11:30,724 - INFO - Epoch 1 completed in 10.322135 seconds
2025-10-19 00:11:33,675 - INFO - torch.cuda.max_memory_reserved() : 9.49609375
2025-10-19 00:11:43,948 - INFO - 
[🔁 拟合反向传播时间模型]
2025-10-19 00:11:43,948 - INFO - 总反向传播时间: 10.171098s
2025-10-19 00:11:43,948 - INFO - 拟合模型: backward_total ≈ 2 × (A + B) + b
2025-10-19 00:11:43,948 - INFO - A = 7.142302, B = 0.440877, b = 2.587919s
2025-10-19 00:11:43,975 - INFO - Set parameter LicenseID to value 2706656
2025-10-19 00:11:44,003 - INFO - Set parameter LogToConsole to value 1
2025-10-19 00:11:44,003 - INFO - Set parameter LogFile to value ""
2025-10-19 00:11:44,003 - INFO - Set parameter Threads to value 12
2025-10-19 00:11:44,003 - INFO - Set parameter TimeLimit to value 3600
2025-10-19 00:11:44,003 - INFO - Set parameter Method to value 1
2025-10-19 00:11:44,058 - INFO - Set parameter TimeLimit to value 3000
2025-10-19 00:11:44,059 - INFO - Gurobi Optimizer version 12.0.3 build v12.0.3rc0 (linux64 - "Ubuntu 20.04.6 LTS")
2025-10-19 00:11:44,059 - INFO - 
2025-10-19 00:11:44,059 - INFO - CPU model: Intel(R) Xeon(R) Platinum 8260 CPU @ 2.40GHz, instruction set [SSE2|AVX|AVX2|AVX512]
2025-10-19 00:11:44,059 - INFO - Thread count: 48 physical cores, 96 logical processors, using up to 12 threads
2025-10-19 00:11:44,059 - INFO - 
2025-10-19 00:11:44,059 - INFO - Non-default parameters:
2025-10-19 00:11:44,059 - INFO - TimeLimit  3000
2025-10-19 00:11:44,059 - INFO - Method  1
2025-10-19 00:11:44,059 - INFO - Threads  12
2025-10-19 00:11:44,059 - INFO - 
2025-10-19 00:11:44,059 - INFO - Optimize a model with 3892 rows, 1699 columns and 20398 nonzeros
2025-10-19 00:11:44,059 - INFO - Model fingerprint: 0xf4684027
2025-10-19 00:11:44,059 - INFO - Variable types: 0 continuous, 1699 integer (1699 binary)
2025-10-19 00:11:44,060 - INFO - Coefficient statistics:
2025-10-19 00:11:44,060 - INFO -   Matrix range     [1e+00, 4e+15]
2025-10-19 00:11:44,060 - INFO -   Objective range  [1e+05, 1e+06]
2025-10-19 00:11:44,060 - INFO -   Bounds range     [1e+00, 1e+00]
2025-10-19 00:11:44,060 - INFO -   RHS range        [1e+00, 1e+16]
2025-10-19 00:11:44,060 - INFO - Warning: Model contains large matrix coefficient range
2025-10-19 00:11:44,060 - INFO - Warning: Model contains large rhs
2025-10-19 00:11:44,060 - INFO -          Consider reformulating model or setting NumericFocus parameter
2025-10-19 00:11:44,060 - INFO -          to avoid numerical issues.
2025-10-19 00:11:44,060 - INFO - Found heuristic solution: objective 3.255774e+07
2025-10-19 00:11:44,077 - INFO - Presolve removed 3686 rows and 1504 columns
2025-10-19 00:11:44,078 - INFO - Presolve time: 0.02s
2025-10-19 00:11:44,078 - INFO - Presolved: 206 rows, 195 columns, 1766 nonzeros
2025-10-19 00:11:44,078 - INFO - Variable types: 0 continuous, 195 integer (195 binary)
2025-10-19 00:11:44,078 - INFO - Found heuristic solution: objective 3.080390e+07
2025-10-19 00:11:44,079 - INFO - 
2025-10-19 00:11:44,079 - INFO - Root relaxation: objective 2.425503e+07, 92 iterations, 0.00 seconds (0.00 work units)
2025-10-19 00:11:44,081 - INFO - 
2025-10-19 00:11:44,081 - INFO -     Nodes    |    Current Node    |     Objective Bounds      |     Work
2025-10-19 00:11:44,081 - INFO -  Expl Unexpl |  Obj  Depth IntInf | Incumbent    BestBd   Gap | It/Node Time
2025-10-19 00:11:44,081 - INFO - 
2025-10-19 00:11:44,082 - INFO -      0     0 2.4255e+07    0    8 3.0804e+07 2.4255e+07  21.3%     -    0s
2025-10-19 00:11:44,082 - INFO - H    0     0                    2.773184e+07 2.4255e+07  12.5%     -    0s
2025-10-19 00:11:44,082 - INFO - H    0     0                    2.428788e+07 2.4255e+07  0.14%     -    0s
2025-10-19 00:11:44,089 - INFO - 
2025-10-19 00:11:44,089 - INFO - Cutting planes:
2025-10-19 00:11:44,089 - INFO -   RLT: 1
2025-10-19 00:11:44,089 - INFO - 
2025-10-19 00:11:44,089 - INFO - Explored 1 nodes (99 simplex iterations) in 0.03 seconds (0.03 work units)
2025-10-19 00:11:44,089 - INFO - Thread count was 12 (of 96 available processors)
2025-10-19 00:11:44,089 - INFO - 
2025-10-19 00:11:44,089 - INFO - Solution count 4: 2.42879e+07 2.77318e+07 3.08039e+07 3.25577e+07 
2025-10-19 00:11:44,089 - INFO - 
2025-10-19 00:11:44,090 - INFO - Optimal solution found (tolerance 1.00e-04)
2025-10-19 00:11:44,090 - INFO - Best objective 2.428788400000e+07, best bound 2.428788400000e+07, gap 0.0000%
2025-10-19 00:11:44,095 - INFO - 规划前的显存GB：12.0
2025-10-19 00:11:44,095 - INFO - 规划后的显存GB：10.495894432067871
2025-10-19 00:11:44,095 - INFO - ✅ 最优策略：[True, True, True, True, True, True, True, False, False, True, False, False, False, False, False, False]
2025-10-19 00:11:44,096 - INFO - 📌 checkpoint 的欧氏长度:, [115]
2025-10-19 00:11:44,096 - INFO - 📌 checkpoint 的余弦长度:, [14, 42, 57, 71, 86, 100, 115]
2025-10-19 00:11:44,096 - INFO - 💾 最终显存峰值：%.2f MB % 19807.36321258545
2025-10-19 00:11:44,106 - INFO - Epoch 2 completed in 10.430202 seconds
2025-10-19 00:11:44,106 - INFO - torch.cuda.max_memory_reserved() : 9.49609375
2025-10-19 00:11:52,182 - INFO - Epoch 3 completed in 8.075585 seconds
2025-10-19 00:11:52,182 - INFO - 
====================== [第1个 Epoch 收集统计数据] ======================
2025-10-19 00:11:52,182 - INFO - 
🔍 EUCLIDEAN modules:
2025-10-19 00:11:52,182 - INFO - [Shapelet  14] forward_avg=0.008285s over 16 calls | peak=733.24MB | final=0.00MB
2025-10-19 00:11:52,182 - INFO - [Shapelet  28] forward_avg=0.009253s over 16 calls | peak=1257.07MB | final=0.00MB
2025-10-19 00:11:52,182 - INFO - [Shapelet  42] forward_avg=0.011853s over 16 calls | peak=1641.29MB | final=0.00MB
2025-10-19 00:11:52,182 - INFO - [Shapelet  57] forward_avg=0.013076s over 16 calls | peak=1901.19MB | final=0.00MB
2025-10-19 00:11:52,182 - INFO - [Shapelet  71] forward_avg=0.013738s over 16 calls | peak=2000.96MB | final=0.00MB
2025-10-19 00:11:52,182 - INFO - [Shapelet  86] forward_avg=0.013317s over 16 calls | peak=1952.37MB | final=0.00MB
2025-10-19 00:11:52,182 - INFO - [Shapelet 100] forward_avg=0.013175s over 16 calls | peak=1765.30MB | final=0.00MB
2025-10-19 00:11:52,183 - INFO - [Shapelet 115] forward_avg=0.011562s over 16 calls | peak=1411.02MB | final=0.00MB
2025-10-19 00:11:52,183 - INFO - 
🔍 COSINE modules:
2025-10-19 00:11:52,183 - INFO - [Shapelet  14] forward_avg=0.004477s over 16 calls | peak=446.59MB | final=0.00MB
2025-10-19 00:11:52,183 - INFO - [Shapelet  28] forward_avg=0.004860s over 16 calls | peak=783.97MB | final=0.00MB
2025-10-19 00:11:52,183 - INFO - [Shapelet  42] forward_avg=0.006412s over 16 calls | peak=1029.18MB | final=0.00MB
2025-10-19 00:11:52,183 - INFO - [Shapelet  57] forward_avg=0.007293s over 16 calls | peak=1190.34MB | final=0.00MB
2025-10-19 00:11:52,183 - INFO - [Shapelet  71] forward_avg=0.007686s over 16 calls | peak=1244.70MB | final=0.00MB
2025-10-19 00:11:52,183 - INFO - [Shapelet  86] forward_avg=0.007986s over 16 calls | peak=1199.87MB | final=0.00MB
2025-10-19 00:11:52,183 - INFO - [Shapelet 100] forward_avg=0.008337s over 16 calls | peak=1063.27MB | final=0.00MB
2025-10-19 00:11:52,183 - INFO - [Shapelet 115] forward_avg=0.007486s over 16 calls | peak=815.09MB | final=0.00MB
2025-10-19 00:11:52,183 - INFO - 
🔍 CROSS modules:
2025-10-19 00:11:52,183 - INFO - [Shapelet  14] forward_avg=0.001164s over 16 calls
2025-10-19 00:11:52,183 - INFO - [Shapelet  28] forward_avg=0.001628s over 16 calls
2025-10-19 00:11:52,183 - INFO - [Shapelet  42] forward_avg=0.001567s over 16 calls
2025-10-19 00:11:52,183 - INFO - [Shapelet  57] forward_avg=0.001904s over 16 calls
2025-10-19 00:11:52,183 - INFO - [Shapelet  71] forward_avg=0.002139s over 16 calls
2025-10-19 00:11:52,183 - INFO - [Shapelet  86] forward_avg=0.001918s over 16 calls
2025-10-19 00:11:52,183 - INFO - [Shapelet 100] forward_avg=0.001995s over 16 calls
2025-10-19 00:11:52,183 - INFO - [Shapelet 115] forward_avg=0.001462s over 16 calls
2025-10-19 00:11:52,183 - INFO - 
💾 模型第一次反向传播阶段的显存峰值（所有模块中的最大值）: 11612.35 MB
2025-10-19 00:11:52,183 - INFO - 
💾 模型初始显存: 128.80 MB
2025-10-19 00:11:52,183 - INFO - =======================================================================

2025-10-19 00:11:52,183 - INFO - torch.cuda.max_memory_reserved() : 15.126953125
2025-10-19 00:12:00,740 - INFO - Epoch 4 completed in 8.556231 seconds
2025-10-19 00:12:00,740 - INFO - torch.cuda.max_memory_reserved() : 15.126953125
2025-10-19 00:12:08,791 - INFO - Epoch 5 completed in 8.049691 seconds
2025-10-19 00:12:08,791 - INFO - torch.cuda.max_memory_reserved() : 15.12890625
2025-10-19 00:12:17,510 - INFO - Epoch 6 completed in 8.718938 seconds
2025-10-19 00:12:17,511 - INFO - torch.cuda.max_memory_reserved() : 15.12890625
2025-10-19 00:12:25,935 - INFO - Epoch 7 completed in 8.424039 seconds
2025-10-19 00:12:25,936 - INFO - torch.cuda.max_memory_reserved() : 15.12890625
2025-10-19 00:12:34,285 - INFO - Epoch 8 completed in 8.348636 seconds
2025-10-19 00:12:34,285 - INFO - torch.cuda.max_memory_reserved() : 15.12890625
2025-10-19 00:12:42,265 - INFO - Epoch 9 completed in 7.979393 seconds
2025-10-19 00:12:42,265 - INFO - torch.cuda.max_memory_reserved() : 15.12890625
2025-10-19 00:12:50,841 - INFO - Epoch 10 completed in 8.574975 seconds
2025-10-19 00:12:53,643 - INFO - torch.cuda.max_memory_reserved() : 15.12890625
2025-10-19 00:12:53,643 - INFO - !!!采用策略后的几个epoch 平均时间:8.340936124324799
2025-10-19 00:12:53,643 - INFO - 



