2025-10-19 00:17:09,387 - INFO - 📌 第一个 epoch：默认所有模块使用 checkpoint
2025-10-19 00:17:24,550 - INFO - Epoch 1 completed in 15.182200 seconds
2025-10-19 00:17:27,553 - INFO - torch.cuda.max_memory_reserved() : 9.49609375
2025-10-19 00:17:39,704 - INFO - 
[🔁 拟合反向传播时间模型]
2025-10-19 00:17:39,704 - INFO - 总反向传播时间: 11.952502s
2025-10-19 00:17:39,704 - INFO - 拟合模型: backward_total ≈ 2 × (A + B) + b
2025-10-19 00:17:39,704 - INFO - A = 7.168508, B = 0.445026, b = 4.338968s
2025-10-19 00:17:39,731 - INFO - Set parameter LicenseID to value 2706656
2025-10-19 00:17:39,759 - INFO - Set parameter LogToConsole to value 1
2025-10-19 00:17:39,759 - INFO - Set parameter LogFile to value ""
2025-10-19 00:17:39,759 - INFO - Set parameter Threads to value 12
2025-10-19 00:17:39,759 - INFO - Set parameter TimeLimit to value 3600
2025-10-19 00:17:39,759 - INFO - Set parameter Method to value 1
2025-10-19 00:17:39,815 - INFO - Set parameter TimeLimit to value 3000
2025-10-19 00:17:39,816 - INFO - Gurobi Optimizer version 12.0.3 build v12.0.3rc0 (linux64 - "Ubuntu 20.04.6 LTS")
2025-10-19 00:17:39,816 - INFO - 
2025-10-19 00:17:39,816 - INFO - CPU model: Intel(R) Xeon(R) Platinum 8260 CPU @ 2.40GHz, instruction set [SSE2|AVX|AVX2|AVX512]
2025-10-19 00:17:39,816 - INFO - Thread count: 48 physical cores, 96 logical processors, using up to 12 threads
2025-10-19 00:17:39,816 - INFO - 
2025-10-19 00:17:39,816 - INFO - Non-default parameters:
2025-10-19 00:17:39,816 - INFO - TimeLimit  3000
2025-10-19 00:17:39,816 - INFO - Method  1
2025-10-19 00:17:39,816 - INFO - Threads  12
2025-10-19 00:17:39,816 - INFO - 
2025-10-19 00:17:39,816 - INFO - Optimize a model with 3892 rows, 1699 columns and 20398 nonzeros
2025-10-19 00:17:39,816 - INFO - Model fingerprint: 0x02531c97
2025-10-19 00:17:39,816 - INFO - Variable types: 0 continuous, 1699 integer (1699 binary)
2025-10-19 00:17:39,816 - INFO - Coefficient statistics:
2025-10-19 00:17:39,816 - INFO -   Matrix range     [1e+00, 4e+15]
2025-10-19 00:17:39,817 - INFO -   Objective range  [1e+05, 1e+06]
2025-10-19 00:17:39,817 - INFO -   Bounds range     [1e+00, 1e+00]
2025-10-19 00:17:39,817 - INFO -   RHS range        [1e+00, 2e+16]
2025-10-19 00:17:39,817 - INFO - Warning: Model contains large matrix coefficient range
2025-10-19 00:17:39,817 - INFO - Warning: Model contains large rhs
2025-10-19 00:17:39,817 - INFO -          Consider reformulating model or setting NumericFocus parameter
2025-10-19 00:17:39,817 - INFO -          to avoid numerical issues.
2025-10-19 00:17:39,817 - INFO - Found heuristic solution: objective 3.269320e+07
2025-10-19 00:17:39,836 - INFO - Presolve removed 3747 rows and 1553 columns
2025-10-19 00:17:39,836 - INFO - Presolve time: 0.02s
2025-10-19 00:17:39,836 - INFO - Presolved: 145 rows, 146 columns, 1298 nonzeros
2025-10-19 00:17:39,837 - INFO - Variable types: 0 continuous, 146 integer (146 binary)
2025-10-19 00:17:39,837 - INFO - Found heuristic solution: objective 2.972681e+07
2025-10-19 00:17:39,838 - INFO - 
2025-10-19 00:17:39,838 - INFO - Root relaxation: objective 2.233693e+07, 71 iterations, 0.00 seconds (0.00 work units)
2025-10-19 00:17:39,839 - INFO - 
2025-10-19 00:17:39,839 - INFO -     Nodes    |    Current Node    |     Objective Bounds      |     Work
2025-10-19 00:17:39,839 - INFO -  Expl Unexpl |  Obj  Depth IntInf | Incumbent    BestBd   Gap | It/Node Time
2025-10-19 00:17:39,839 - INFO - 
2025-10-19 00:17:39,839 - INFO -      0     0 2.2337e+07    0    7 2.9727e+07 2.2337e+07  24.9%     -    0s
2025-10-19 00:17:39,839 - INFO - H    0     0                    2.632199e+07 2.2337e+07  15.1%     -    0s
2025-10-19 00:17:39,839 - INFO - H    0     0                    2.386626e+07 2.2337e+07  6.41%     -    0s
2025-10-19 00:17:39,840 - INFO - H    0     0                    2.251934e+07 2.2337e+07  0.81%     -    0s
2025-10-19 00:17:39,840 - INFO - H    0     0                    2.247014e+07 2.2337e+07  0.59%     -    0s
2025-10-19 00:17:39,849 - INFO -      0     0 2.2361e+07    0   20 2.2470e+07 2.2361e+07  0.49%     -    0s
2025-10-19 00:17:39,852 - INFO - H    0     0                    2.246377e+07 2.2361e+07  0.46%     -    0s
2025-10-19 00:17:39,854 - INFO -      0     0 2.2361e+07    0    1 2.2464e+07 2.2361e+07  0.46%     -    0s
2025-10-19 00:17:39,855 - INFO -      0     0 2.2369e+07    0    1 2.2464e+07 2.2369e+07  0.42%     -    0s
2025-10-19 00:17:39,856 - INFO -      0     0 2.2464e+07    0    3 2.2464e+07 2.2464e+07  0.00%     -    0s
2025-10-19 00:17:39,856 - INFO - 
2025-10-19 00:17:39,856 - INFO - Cutting planes:
2025-10-19 00:17:39,856 - INFO -   Cover: 2
2025-10-19 00:17:39,856 - INFO -   RLT: 1
2025-10-19 00:17:39,857 - INFO - 
2025-10-19 00:17:39,857 - INFO - Explored 1 nodes (94 simplex iterations) in 0.04 seconds (0.03 work units)
2025-10-19 00:17:39,857 - INFO - Thread count was 12 (of 96 available processors)
2025-10-19 00:17:39,857 - INFO - 
2025-10-19 00:17:39,857 - INFO - Solution count 9: 2.24638e+07 2.24701e+07 2.24701e+07 ... 3.26932e+07
2025-10-19 00:17:39,857 - INFO - 
2025-10-19 00:17:39,857 - INFO - Optimal solution found (tolerance 1.00e-04)
2025-10-19 00:17:39,857 - INFO - Best objective 2.246376600000e+07, best bound 2.246376600000e+07, gap 0.0000%
2025-10-19 00:17:39,864 - INFO - 规划前的显存GB：18.0
2025-10-19 00:17:39,864 - INFO - 规划后的显存GB：15.559080123901367
2025-10-19 00:17:39,864 - INFO - ✅ 最优策略：[True, True, True, True, True, True, True, True, False, True, False, True, True, False, True, False]
2025-10-19 00:17:39,864 - INFO - 📌 checkpoint 的欧氏长度:, []
2025-10-19 00:17:39,864 - INFO - 📌 checkpoint 的余弦长度:, [14, 42, 86, 115]
2025-10-19 00:17:39,864 - INFO - 💾 最终显存峰值：%.2f MB % 19807.36321258545
2025-10-19 00:17:39,873 - INFO - Epoch 2 completed in 12.318653 seconds
2025-10-19 00:17:39,873 - INFO - torch.cuda.max_memory_reserved() : 9.49609375
2025-10-19 00:17:47,948 - INFO - Epoch 3 completed in 8.074612 seconds
2025-10-19 00:17:47,948 - INFO - 
====================== [第1个 Epoch 收集统计数据] ======================
2025-10-19 00:17:47,948 - INFO - 
🔍 EUCLIDEAN modules:
2025-10-19 00:17:47,948 - INFO - [Shapelet  14] forward_avg=0.008446s over 16 calls | peak=733.24MB | final=0.00MB
2025-10-19 00:17:47,948 - INFO - [Shapelet  28] forward_avg=0.009336s over 16 calls | peak=1257.07MB | final=0.00MB
2025-10-19 00:17:47,948 - INFO - [Shapelet  42] forward_avg=0.011882s over 16 calls | peak=1641.29MB | final=0.00MB
2025-10-19 00:17:47,948 - INFO - [Shapelet  57] forward_avg=0.013162s over 16 calls | peak=1901.19MB | final=0.00MB
2025-10-19 00:17:47,948 - INFO - [Shapelet  71] forward_avg=0.013688s over 16 calls | peak=2000.96MB | final=0.00MB
2025-10-19 00:17:47,948 - INFO - [Shapelet  86] forward_avg=0.013320s over 16 calls | peak=1952.37MB | final=0.00MB
2025-10-19 00:17:47,949 - INFO - [Shapelet 100] forward_avg=0.013177s over 16 calls | peak=1765.30MB | final=0.00MB
2025-10-19 00:17:47,949 - INFO - [Shapelet 115] forward_avg=0.011571s over 16 calls | peak=1411.02MB | final=0.00MB
2025-10-19 00:17:47,949 - INFO - 
🔍 COSINE modules:
2025-10-19 00:17:47,949 - INFO - [Shapelet  14] forward_avg=0.004656s over 16 calls | peak=446.59MB | final=0.00MB
2025-10-19 00:17:47,949 - INFO - [Shapelet  28] forward_avg=0.004873s over 16 calls | peak=783.97MB | final=0.00MB
2025-10-19 00:17:47,949 - INFO - [Shapelet  42] forward_avg=0.006428s over 16 calls | peak=1029.18MB | final=0.00MB
2025-10-19 00:17:47,949 - INFO - [Shapelet  57] forward_avg=0.007289s over 16 calls | peak=1190.34MB | final=0.00MB
2025-10-19 00:17:47,949 - INFO - [Shapelet  71] forward_avg=0.007677s over 16 calls | peak=1244.70MB | final=0.00MB
2025-10-19 00:17:47,949 - INFO - [Shapelet  86] forward_avg=0.008012s over 16 calls | peak=1199.87MB | final=0.00MB
2025-10-19 00:17:47,949 - INFO - [Shapelet 100] forward_avg=0.008340s over 16 calls | peak=1063.27MB | final=0.00MB
2025-10-19 00:17:47,949 - INFO - [Shapelet 115] forward_avg=0.007488s over 16 calls | peak=815.09MB | final=0.00MB
2025-10-19 00:17:47,949 - INFO - 
🔍 CROSS modules:
2025-10-19 00:17:47,949 - INFO - [Shapelet  14] forward_avg=0.001216s over 16 calls
2025-10-19 00:17:47,949 - INFO - [Shapelet  28] forward_avg=0.001651s over 16 calls
2025-10-19 00:17:47,949 - INFO - [Shapelet  42] forward_avg=0.001588s over 16 calls
2025-10-19 00:17:47,949 - INFO - [Shapelet  57] forward_avg=0.001926s over 16 calls
2025-10-19 00:17:47,949 - INFO - [Shapelet  71] forward_avg=0.002143s over 16 calls
2025-10-19 00:17:47,949 - INFO - [Shapelet  86] forward_avg=0.001925s over 16 calls
2025-10-19 00:17:47,949 - INFO - [Shapelet 100] forward_avg=0.001992s over 16 calls
2025-10-19 00:17:47,949 - INFO - [Shapelet 115] forward_avg=0.001466s over 16 calls
2025-10-19 00:17:47,949 - INFO - 
💾 模型第一次反向传播阶段的显存峰值（所有模块中的最大值）: 13980.17 MB
2025-10-19 00:17:47,949 - INFO - 
💾 模型初始显存: 128.80 MB
2025-10-19 00:17:47,949 - INFO - =======================================================================

2025-10-19 00:17:47,949 - INFO - torch.cuda.max_memory_reserved() : 18.259765625
2025-10-19 00:17:56,659 - INFO - Epoch 4 completed in 8.709399 seconds
2025-10-19 00:17:56,660 - INFO - torch.cuda.max_memory_reserved() : 18.259765625
2025-10-19 00:18:05,591 - INFO - Epoch 5 completed in 8.930583 seconds
2025-10-19 00:18:05,591 - INFO - torch.cuda.max_memory_reserved() : 18.259765625
2025-10-19 00:18:14,335 - INFO - Epoch 6 completed in 8.743564 seconds
2025-10-19 00:18:14,336 - INFO - torch.cuda.max_memory_reserved() : 18.259765625
2025-10-19 00:18:22,613 - INFO - Epoch 7 completed in 8.277004 seconds
2025-10-19 00:18:22,614 - INFO - torch.cuda.max_memory_reserved() : 18.259765625
2025-10-19 00:18:35,419 - INFO - Epoch 8 completed in 12.804987 seconds
2025-10-19 00:18:35,420 - INFO - torch.cuda.max_memory_reserved() : 18.259765625
2025-10-19 00:18:43,936 - INFO - Epoch 9 completed in 8.515695 seconds
2025-10-19 00:18:43,936 - INFO - torch.cuda.max_memory_reserved() : 18.259765625
2025-10-19 00:18:53,407 - INFO - Epoch 10 completed in 9.470279 seconds
2025-10-19 00:18:56,259 - INFO - torch.cuda.max_memory_reserved() : 18.259765625
2025-10-19 00:18:56,260 - INFO - !!!采用策略后的几个epoch 平均时间:9.190765291452408
2025-10-19 00:18:56,260 - INFO - 



