2025-10-19 00:09:30,179 - INFO - 📌 第一个 epoch：默认所有模块使用 checkpoint
2025-10-19 00:09:40,467 - INFO - Epoch 1 completed in 10.311536 seconds
2025-10-19 00:09:43,303 - INFO - torch.cuda.max_memory_reserved() : 9.49609375
2025-10-19 00:09:53,639 - INFO - 
[🔁 拟合反向传播时间模型]
2025-10-19 00:09:53,640 - INFO - 总反向传播时间: 10.173949s
2025-10-19 00:09:53,640 - INFO - 拟合模型: backward_total ≈ 2 × (A + B) + b
2025-10-19 00:09:53,640 - INFO - A = 7.103541, B = 0.438433, b = 2.631975s
2025-10-19 00:09:53,667 - INFO - Set parameter LicenseID to value 2706656
2025-10-19 00:09:53,671 - INFO - Set parameter LogToConsole to value 1
2025-10-19 00:09:53,671 - INFO - Set parameter LogFile to value ""
2025-10-19 00:09:53,671 - INFO - Set parameter Threads to value 12
2025-10-19 00:09:53,671 - INFO - Set parameter TimeLimit to value 3600
2025-10-19 00:09:53,672 - INFO - Set parameter Method to value 1
2025-10-19 00:09:53,724 - INFO - Set parameter TimeLimit to value 3000
2025-10-19 00:09:53,725 - INFO - Gurobi Optimizer version 12.0.3 build v12.0.3rc0 (linux64 - "Ubuntu 20.04.6 LTS")
2025-10-19 00:09:53,725 - INFO - 
2025-10-19 00:09:53,725 - INFO - CPU model: Intel(R) Xeon(R) Platinum 8260 CPU @ 2.40GHz, instruction set [SSE2|AVX|AVX2|AVX512]
2025-10-19 00:09:53,725 - INFO - Thread count: 48 physical cores, 96 logical processors, using up to 12 threads
2025-10-19 00:09:53,725 - INFO - 
2025-10-19 00:09:53,725 - INFO - Non-default parameters:
2025-10-19 00:09:53,725 - INFO - TimeLimit  3000
2025-10-19 00:09:53,725 - INFO - Method  1
2025-10-19 00:09:53,725 - INFO - Threads  12
2025-10-19 00:09:53,725 - INFO - 
2025-10-19 00:09:53,725 - INFO - Optimize a model with 3892 rows, 1699 columns and 20398 nonzeros
2025-10-19 00:09:53,725 - INFO - Model fingerprint: 0x84bd44d5
2025-10-19 00:09:53,725 - INFO - Variable types: 0 continuous, 1699 integer (1699 binary)
2025-10-19 00:09:53,726 - INFO - Coefficient statistics:
2025-10-19 00:09:53,726 - INFO -   Matrix range     [1e+00, 4e+15]
2025-10-19 00:09:53,726 - INFO -   Objective range  [1e+05, 1e+06]
2025-10-19 00:09:53,726 - INFO -   Bounds range     [1e+00, 1e+00]
2025-10-19 00:09:53,726 - INFO -   RHS range        [1e+00, 1e+16]
2025-10-19 00:09:53,726 - INFO - Warning: Model contains large matrix coefficient range
2025-10-19 00:09:53,726 - INFO - Warning: Model contains large rhs
2025-10-19 00:09:53,726 - INFO -          Consider reformulating model or setting NumericFocus parameter
2025-10-19 00:09:53,726 - INFO -          to avoid numerical issues.
2025-10-19 00:09:53,726 - INFO - Found heuristic solution: objective 3.233533e+07
2025-10-19 00:09:53,749 - INFO - Presolve removed 3628 rows and 1490 columns
2025-10-19 00:09:53,750 - INFO - Presolve time: 0.02s
2025-10-19 00:09:53,750 - INFO - Presolved: 264 rows, 209 columns, 2323 nonzeros
2025-10-19 00:09:53,750 - INFO - Variable types: 0 continuous, 209 integer (209 binary)
2025-10-19 00:09:53,750 - INFO - Found heuristic solution: objective 3.058523e+07
2025-10-19 00:09:53,751 - INFO - 
2025-10-19 00:09:53,751 - INFO - Root relaxation: objective 2.541401e+07, 96 iterations, 0.00 seconds (0.00 work units)
2025-10-19 00:09:53,754 - INFO - 
2025-10-19 00:09:53,754 - INFO -     Nodes    |    Current Node    |     Objective Bounds      |     Work
2025-10-19 00:09:53,754 - INFO -  Expl Unexpl |  Obj  Depth IntInf | Incumbent    BestBd   Gap | It/Node Time
2025-10-19 00:09:53,754 - INFO - 
2025-10-19 00:09:53,754 - INFO -      0     0 2.5414e+07    0    8 3.0585e+07 2.5414e+07  16.9%     -    0s
2025-10-19 00:09:53,754 - INFO - H    0     0                    2.544204e+07 2.5414e+07  0.11%     -    0s
2025-10-19 00:09:53,763 - INFO - 
2025-10-19 00:09:53,763 - INFO - Cutting planes:
2025-10-19 00:09:53,763 - INFO -   Cover: 4
2025-10-19 00:09:53,763 - INFO -   RLT: 3
2025-10-19 00:09:53,763 - INFO -   Relax-and-lift: 2
2025-10-19 00:09:53,763 - INFO - 
2025-10-19 00:09:53,763 - INFO - Explored 1 nodes (116 simplex iterations) in 0.04 seconds (0.04 work units)
2025-10-19 00:09:53,763 - INFO - Thread count was 12 (of 96 available processors)
2025-10-19 00:09:53,763 - INFO - 
2025-10-19 00:09:53,763 - INFO - Solution count 3: 2.5442e+07 3.05852e+07 3.23353e+07 
2025-10-19 00:09:53,764 - INFO - 
2025-10-19 00:09:53,764 - INFO - Optimal solution found (tolerance 1.00e-04)
2025-10-19 00:09:53,764 - INFO - Best objective 2.544203900000e+07, best bound 2.544203900000e+07, gap 0.0000%
2025-10-19 00:09:53,769 - INFO - 规划前的显存GB：10.0
2025-10-19 00:09:53,769 - INFO - 规划后的显存GB：8.105713844299316
2025-10-19 00:09:53,769 - INFO - ✅ 最优策略：[True, True, True, True, True, False, True, False, False, False, False, False, False, False, False, False]
2025-10-19 00:09:53,770 - INFO - 📌 checkpoint 的欧氏长度:, [86, 115]
2025-10-19 00:09:53,770 - INFO - 📌 checkpoint 的余弦长度:, [14, 28, 42, 57, 71, 86, 100, 115]
2025-10-19 00:09:53,770 - INFO - 💾 最终显存峰值：%.2f MB % 19807.36321258545
2025-10-19 00:09:53,780 - INFO - Epoch 2 completed in 10.477139 seconds
2025-10-19 00:09:53,781 - INFO - torch.cuda.max_memory_reserved() : 9.49609375
2025-10-19 00:10:02,281 - INFO - Epoch 3 completed in 8.499842 seconds
2025-10-19 00:10:02,281 - INFO - 
====================== [第1个 Epoch 收集统计数据] ======================
2025-10-19 00:10:02,281 - INFO - 
🔍 EUCLIDEAN modules:
2025-10-19 00:10:02,281 - INFO - [Shapelet  14] forward_avg=0.008251s over 16 calls | peak=733.24MB | final=0.00MB
2025-10-19 00:10:02,281 - INFO - [Shapelet  28] forward_avg=0.009250s over 16 calls | peak=1257.07MB | final=0.00MB
2025-10-19 00:10:02,281 - INFO - [Shapelet  42] forward_avg=0.011785s over 16 calls | peak=1641.29MB | final=0.00MB
2025-10-19 00:10:02,281 - INFO - [Shapelet  57] forward_avg=0.013004s over 16 calls | peak=1901.19MB | final=0.00MB
2025-10-19 00:10:02,281 - INFO - [Shapelet  71] forward_avg=0.013597s over 16 calls | peak=2000.96MB | final=0.00MB
2025-10-19 00:10:02,281 - INFO - [Shapelet  86] forward_avg=0.013182s over 16 calls | peak=1952.37MB | final=0.00MB
2025-10-19 00:10:02,281 - INFO - [Shapelet 100] forward_avg=0.013046s over 16 calls | peak=1765.30MB | final=0.00MB
2025-10-19 00:10:02,281 - INFO - [Shapelet 115] forward_avg=0.011485s over 16 calls | peak=1411.02MB | final=0.00MB
2025-10-19 00:10:02,281 - INFO - 
🔍 COSINE modules:
2025-10-19 00:10:02,281 - INFO - [Shapelet  14] forward_avg=0.004454s over 16 calls | peak=446.59MB | final=0.00MB
2025-10-19 00:10:02,281 - INFO - [Shapelet  28] forward_avg=0.004851s over 16 calls | peak=783.97MB | final=0.00MB
2025-10-19 00:10:02,281 - INFO - [Shapelet  42] forward_avg=0.006400s over 16 calls | peak=1029.18MB | final=0.00MB
2025-10-19 00:10:02,281 - INFO - [Shapelet  57] forward_avg=0.007290s over 16 calls | peak=1190.34MB | final=0.00MB
2025-10-19 00:10:02,282 - INFO - [Shapelet  71] forward_avg=0.007659s over 16 calls | peak=1244.70MB | final=0.00MB
2025-10-19 00:10:02,282 - INFO - [Shapelet  86] forward_avg=0.007962s over 16 calls | peak=1199.87MB | final=0.00MB
2025-10-19 00:10:02,282 - INFO - [Shapelet 100] forward_avg=0.008315s over 16 calls | peak=1063.27MB | final=0.00MB
2025-10-19 00:10:02,282 - INFO - [Shapelet 115] forward_avg=0.007461s over 16 calls | peak=815.09MB | final=0.00MB
2025-10-19 00:10:02,282 - INFO - 
🔍 CROSS modules:
2025-10-19 00:10:02,282 - INFO - [Shapelet  14] forward_avg=0.001133s over 16 calls
2025-10-19 00:10:02,282 - INFO - [Shapelet  28] forward_avg=0.001616s over 16 calls
2025-10-19 00:10:02,282 - INFO - [Shapelet  42] forward_avg=0.001553s over 16 calls
2025-10-19 00:10:02,282 - INFO - [Shapelet  57] forward_avg=0.001906s over 16 calls
2025-10-19 00:10:02,282 - INFO - [Shapelet  71] forward_avg=0.002137s over 16 calls
2025-10-19 00:10:02,282 - INFO - [Shapelet  86] forward_avg=0.001918s over 16 calls
2025-10-19 00:10:02,282 - INFO - [Shapelet 100] forward_avg=0.001987s over 16 calls
2025-10-19 00:10:02,282 - INFO - [Shapelet 115] forward_avg=0.001452s over 16 calls
2025-10-19 00:10:02,282 - INFO - 
💾 模型第一次反向传播阶段的显存峰值（所有模块中的最大值）: 11018.40 MB
2025-10-19 00:10:02,282 - INFO - 
💾 模型初始显存: 128.80 MB
2025-10-19 00:10:02,282 - INFO - =======================================================================

2025-10-19 00:10:02,282 - INFO - torch.cuda.max_memory_reserved() : 13.16015625
2025-10-19 00:10:11,258 - INFO - Epoch 4 completed in 8.975540 seconds
2025-10-19 00:10:11,259 - INFO - torch.cuda.max_memory_reserved() : 13.16015625
2025-10-19 00:10:19,883 - INFO - Epoch 5 completed in 8.624377 seconds
2025-10-19 00:10:19,884 - INFO - torch.cuda.max_memory_reserved() : 13.16015625
2025-10-19 00:10:28,768 - INFO - Epoch 6 completed in 8.884131 seconds
2025-10-19 00:10:28,769 - INFO - torch.cuda.max_memory_reserved() : 13.16015625
2025-10-19 00:10:37,406 - INFO - Epoch 7 completed in 8.637077 seconds
2025-10-19 00:10:37,406 - INFO - torch.cuda.max_memory_reserved() : 13.16015625
2025-10-19 00:10:46,085 - INFO - Epoch 8 completed in 8.678079 seconds
2025-10-19 00:10:46,085 - INFO - torch.cuda.max_memory_reserved() : 13.16015625
2025-10-19 00:10:54,446 - INFO - Epoch 9 completed in 8.360119 seconds
2025-10-19 00:10:54,446 - INFO - torch.cuda.max_memory_reserved() : 13.16015625
2025-10-19 00:11:03,519 - INFO - Epoch 10 completed in 9.071953 seconds
2025-10-19 00:11:06,369 - INFO - torch.cuda.max_memory_reserved() : 13.16015625
2025-10-19 00:11:06,370 - INFO - !!!采用策略后的几个epoch 平均时间:8.71638971567154
2025-10-19 00:11:06,370 - INFO - 



