2025-10-19 00:15:21,562 - INFO - 📌 第一个 epoch：默认所有模块使用 checkpoint
2025-10-19 00:15:32,433 - INFO - Epoch 1 completed in 10.888018 seconds
2025-10-19 00:15:35,322 - INFO - torch.cuda.max_memory_reserved() : 9.49609375
2025-10-19 00:15:45,713 - INFO - 
[🔁 拟合反向传播时间模型]
2025-10-19 00:15:45,713 - INFO - 总反向传播时间: 10.297899s
2025-10-19 00:15:45,714 - INFO - 拟合模型: backward_total ≈ 2 × (A + B) + b
2025-10-19 00:15:45,714 - INFO - A = 7.104601, B = 0.440117, b = 2.753181s
2025-10-19 00:15:45,739 - INFO - Set parameter LicenseID to value 2706656
2025-10-19 00:15:45,745 - INFO - Set parameter LogToConsole to value 1
2025-10-19 00:15:45,746 - INFO - Set parameter LogFile to value ""
2025-10-19 00:15:45,746 - INFO - Set parameter Threads to value 12
2025-10-19 00:15:45,746 - INFO - Set parameter TimeLimit to value 3600
2025-10-19 00:15:45,746 - INFO - Set parameter Method to value 1
2025-10-19 00:15:45,797 - INFO - Set parameter TimeLimit to value 3000
2025-10-19 00:15:45,798 - INFO - Gurobi Optimizer version 12.0.3 build v12.0.3rc0 (linux64 - "Ubuntu 20.04.6 LTS")
2025-10-19 00:15:45,798 - INFO - 
2025-10-19 00:15:45,798 - INFO - CPU model: Intel(R) Xeon(R) Platinum 8260 CPU @ 2.40GHz, instruction set [SSE2|AVX|AVX2|AVX512]
2025-10-19 00:15:45,798 - INFO - Thread count: 48 physical cores, 96 logical processors, using up to 12 threads
2025-10-19 00:15:45,798 - INFO - 
2025-10-19 00:15:45,798 - INFO - Non-default parameters:
2025-10-19 00:15:45,798 - INFO - TimeLimit  3000
2025-10-19 00:15:45,798 - INFO - Method  1
2025-10-19 00:15:45,798 - INFO - Threads  12
2025-10-19 00:15:45,798 - INFO - 
2025-10-19 00:15:45,798 - INFO - Optimize a model with 3892 rows, 1699 columns and 20398 nonzeros
2025-10-19 00:15:45,799 - INFO - Model fingerprint: 0x427a7df4
2025-10-19 00:15:45,799 - INFO - Variable types: 0 continuous, 1699 integer (1699 binary)
2025-10-19 00:15:45,799 - INFO - Coefficient statistics:
2025-10-19 00:15:45,799 - INFO -   Matrix range     [1e+00, 4e+15]
2025-10-19 00:15:45,799 - INFO -   Objective range  [1e+05, 1e+06]
2025-10-19 00:15:45,799 - INFO -   Bounds range     [1e+00, 1e+00]
2025-10-19 00:15:45,799 - INFO -   RHS range        [1e+00, 2e+16]
2025-10-19 00:15:45,799 - INFO - Warning: Model contains large matrix coefficient range
2025-10-19 00:15:45,799 - INFO - Warning: Model contains large rhs
2025-10-19 00:15:45,799 - INFO -          Consider reformulating model or setting NumericFocus parameter
2025-10-19 00:15:45,799 - INFO -          to avoid numerical issues.
2025-10-19 00:15:45,800 - INFO - Found heuristic solution: objective 3.239996e+07
2025-10-19 00:15:45,819 - INFO - Presolve removed 3717 rows and 1535 columns
2025-10-19 00:15:45,819 - INFO - Presolve time: 0.02s
2025-10-19 00:15:45,819 - INFO - Presolved: 175 rows, 164 columns, 1578 nonzeros
2025-10-19 00:15:45,820 - INFO - Variable types: 0 continuous, 164 integer (164 binary)
2025-10-19 00:15:45,820 - INFO - Found heuristic solution: objective 3.064062e+07
2025-10-19 00:15:45,821 - INFO - 
2025-10-19 00:15:45,821 - INFO - Root relaxation: objective 2.248632e+07, 70 iterations, 0.00 seconds (0.00 work units)
2025-10-19 00:15:45,823 - INFO - 
2025-10-19 00:15:45,823 - INFO -     Nodes    |    Current Node    |     Objective Bounds      |     Work
2025-10-19 00:15:45,823 - INFO -  Expl Unexpl |  Obj  Depth IntInf | Incumbent    BestBd   Gap | It/Node Time
2025-10-19 00:15:45,823 - INFO - 
2025-10-19 00:15:45,823 - INFO -      0     0 2.2486e+07    0    7 3.0641e+07 2.2486e+07  26.6%     -    0s
2025-10-19 00:15:45,823 - INFO - H    0     0                    2.829281e+07 2.2486e+07  20.5%     -    0s
2025-10-19 00:15:45,824 - INFO - H    0     0                    2.251524e+07 2.2486e+07  0.13%     -    0s
2025-10-19 00:15:45,830 - INFO - 
2025-10-19 00:15:45,830 - INFO - Cutting planes:
2025-10-19 00:15:45,830 - INFO -   Cover: 5
2025-10-19 00:15:45,830 - INFO -   RLT: 2
2025-10-19 00:15:45,831 - INFO - 
2025-10-19 00:15:45,831 - INFO - Explored 1 nodes (99 simplex iterations) in 0.03 seconds (0.03 work units)
2025-10-19 00:15:45,831 - INFO - Thread count was 12 (of 96 available processors)
2025-10-19 00:15:45,831 - INFO - 
2025-10-19 00:15:45,831 - INFO - Solution count 4: 2.25152e+07 2.82928e+07 3.06406e+07 3.24e+07 
2025-10-19 00:15:45,832 - INFO - 
2025-10-19 00:15:45,832 - INFO - Optimal solution found (tolerance 1.00e-04)
2025-10-19 00:15:45,832 - INFO - Best objective 2.251524400000e+07, best bound 2.251524400000e+07, gap 0.0000%
2025-10-19 00:15:45,843 - INFO - 规划前的显存GB：16.0
2025-10-19 00:15:45,843 - INFO - 规划后的显存GB：13.990476131439209
2025-10-19 00:15:45,843 - INFO - ✅ 最优策略：[True, True, True, True, True, True, True, True, False, True, True, True, False, False, False, False]
2025-10-19 00:15:45,843 - INFO - 📌 checkpoint 的欧氏长度:, []
2025-10-19 00:15:45,843 - INFO - 📌 checkpoint 的余弦长度:, [14, 71, 86, 100, 115]
2025-10-19 00:15:45,843 - INFO - 💾 最终显存峰值：%.2f MB % 19807.36321258545
2025-10-19 00:15:45,856 - INFO - Epoch 2 completed in 10.534164 seconds
2025-10-19 00:15:45,857 - INFO - torch.cuda.max_memory_reserved() : 9.49609375
2025-10-19 00:15:54,208 - INFO - Epoch 3 completed in 8.350804 seconds
2025-10-19 00:15:54,208 - INFO - 
====================== [第1个 Epoch 收集统计数据] ======================
2025-10-19 00:15:54,208 - INFO - 
🔍 EUCLIDEAN modules:
2025-10-19 00:15:54,208 - INFO - [Shapelet  14] forward_avg=0.008269s over 16 calls | peak=733.24MB | final=0.00MB
2025-10-19 00:15:54,209 - INFO - [Shapelet  28] forward_avg=0.009324s over 16 calls | peak=1257.07MB | final=0.00MB
2025-10-19 00:15:54,209 - INFO - [Shapelet  42] forward_avg=0.011839s over 16 calls | peak=1641.29MB | final=0.00MB
2025-10-19 00:15:54,209 - INFO - [Shapelet  57] forward_avg=0.012988s over 16 calls | peak=1901.19MB | final=0.00MB
2025-10-19 00:15:54,209 - INFO - [Shapelet  71] forward_avg=0.013663s over 16 calls | peak=2000.96MB | final=0.00MB
2025-10-19 00:15:54,209 - INFO - [Shapelet  86] forward_avg=0.013154s over 16 calls | peak=1952.37MB | final=0.00MB
2025-10-19 00:15:54,209 - INFO - [Shapelet 100] forward_avg=0.013018s over 16 calls | peak=1765.30MB | final=0.00MB
2025-10-19 00:15:54,209 - INFO - [Shapelet 115] forward_avg=0.011505s over 16 calls | peak=1411.02MB | final=0.00MB
2025-10-19 00:15:54,209 - INFO - 
🔍 COSINE modules:
2025-10-19 00:15:54,209 - INFO - [Shapelet  14] forward_avg=0.004491s over 16 calls | peak=446.59MB | final=0.00MB
2025-10-19 00:15:54,209 - INFO - [Shapelet  28] forward_avg=0.004835s over 16 calls | peak=783.97MB | final=0.00MB
2025-10-19 00:15:54,209 - INFO - [Shapelet  42] forward_avg=0.006379s over 16 calls | peak=1029.18MB | final=0.00MB
2025-10-19 00:15:54,209 - INFO - [Shapelet  57] forward_avg=0.007260s over 16 calls | peak=1190.34MB | final=0.00MB
2025-10-19 00:15:54,209 - INFO - [Shapelet  71] forward_avg=0.007575s over 16 calls | peak=1244.70MB | final=0.00MB
2025-10-19 00:15:54,209 - INFO - [Shapelet  86] forward_avg=0.007948s over 16 calls | peak=1199.87MB | final=0.00MB
2025-10-19 00:15:54,209 - INFO - [Shapelet 100] forward_avg=0.008311s over 16 calls | peak=1063.27MB | final=0.00MB
2025-10-19 00:15:54,209 - INFO - [Shapelet 115] forward_avg=0.007455s over 16 calls | peak=815.09MB | final=0.00MB
2025-10-19 00:15:54,209 - INFO - 
🔍 CROSS modules:
2025-10-19 00:15:54,209 - INFO - [Shapelet  14] forward_avg=0.001167s over 16 calls
2025-10-19 00:15:54,209 - INFO - [Shapelet  28] forward_avg=0.001624s over 16 calls
2025-10-19 00:15:54,209 - INFO - [Shapelet  42] forward_avg=0.001559s over 16 calls
2025-10-19 00:15:54,209 - INFO - [Shapelet  57] forward_avg=0.001904s over 16 calls
2025-10-19 00:15:54,209 - INFO - [Shapelet  71] forward_avg=0.002137s over 16 calls
2025-10-19 00:15:54,209 - INFO - [Shapelet  86] forward_avg=0.001913s over 16 calls
2025-10-19 00:15:54,209 - INFO - [Shapelet 100] forward_avg=0.001989s over 16 calls
2025-10-19 00:15:54,209 - INFO - [Shapelet 115] forward_avg=0.001459s over 16 calls
2025-10-19 00:15:54,209 - INFO - 
💾 模型第一次反向传播阶段的显存峰值（所有模块中的最大值）: 13340.64 MB
2025-10-19 00:15:54,209 - INFO - 
💾 模型初始显存: 128.80 MB
2025-10-19 00:15:54,209 - INFO - =======================================================================

2025-10-19 00:15:54,210 - INFO - torch.cuda.max_memory_reserved() : 17.9609375
2025-10-19 00:16:02,889 - INFO - Epoch 4 completed in 8.679410 seconds
2025-10-19 00:16:02,890 - INFO - torch.cuda.max_memory_reserved() : 17.9609375
2025-10-19 00:16:10,800 - INFO - Epoch 5 completed in 7.909814 seconds
2025-10-19 00:16:10,801 - INFO - torch.cuda.max_memory_reserved() : 17.9609375
2025-10-19 00:16:18,951 - INFO - Epoch 6 completed in 8.149481 seconds
2025-10-19 00:16:18,951 - INFO - torch.cuda.max_memory_reserved() : 17.9609375
2025-10-19 00:16:27,272 - INFO - Epoch 7 completed in 8.320489 seconds
2025-10-19 00:16:27,272 - INFO - torch.cuda.max_memory_reserved() : 17.9609375
2025-10-19 00:16:35,367 - INFO - Epoch 8 completed in 8.094587 seconds
2025-10-19 00:16:35,368 - INFO - torch.cuda.max_memory_reserved() : 17.9609375
2025-10-19 00:16:43,002 - INFO - Epoch 9 completed in 7.633727 seconds
2025-10-19 00:16:43,002 - INFO - torch.cuda.max_memory_reserved() : 17.9609375
2025-10-19 00:16:51,381 - INFO - Epoch 10 completed in 8.378066 seconds
2025-10-19 00:16:54,152 - INFO - torch.cuda.max_memory_reserved() : 17.9609375
2025-10-19 00:16:54,153 - INFO - !!!采用策略后的几个epoch 平均时间:8.18954735994339
2025-10-19 00:16:54,153 - INFO - 



