2025-10-12 01:50:22,999 - INFO - 📌 第一个 epoch：默认所有模块使用 checkpoint
2025-10-12 01:50:30,281 - INFO - Epoch 1 completed in 7.289898 seconds
2025-10-12 01:50:32,552 - INFO - torch.cuda.max_memory_reserved() : 11.17578125
2025-10-12 01:50:39,272 - INFO - 
[🔁 拟合反向传播时间模型]
2025-10-12 01:50:39,273 - INFO - 总反向传播时间: 6.683128s
2025-10-12 01:50:39,273 - INFO - 拟合模型: backward_total ≈ 2 × (A + B) + b
2025-10-12 01:50:39,273 - INFO - A = 5.322578, B = 0.463671, b = 0.896879s
2025-10-12 01:50:39,704 - INFO - ✅ 最优策略：[1.0, 0.0, 1.0, 0.0, 0.0, 0.0, 1.0, 1.0, 0.0, 0.0, 0.0, 1.0, 1.0, 0.0, 0.0, 1.0]
2025-10-12 01:50:39,704 - INFO - 📌 checkpoint 的欧氏长度:, [54, 108, 135, 162]
2025-10-12 01:50:39,704 - INFO - 📌 checkpoint 的余弦长度:, [27, 54, 81, 162, 189]
2025-10-12 01:50:39,704 - INFO - 💾 最终显存峰值：%.2f MB % 10209.923553466797
2025-10-12 01:50:39,709 - INFO - Epoch 2 completed in 7.155769 seconds
2025-10-12 01:50:39,709 - INFO - torch.cuda.max_memory_reserved() : 11.17578125
2025-10-12 01:50:45,503 - INFO - Epoch 3 completed in 5.793406 seconds
2025-10-12 01:50:45,503 - INFO - 
====================== [第1个 Epoch 收集统计数据] ======================
2025-10-12 01:50:45,503 - INFO - 
🔍 EUCLIDEAN modules:
2025-10-12 01:50:45,503 - INFO - [Shapelet  27] forward_avg=0.007918s over 12 calls | peak=866.77MB | final=0.00MB
2025-10-12 01:50:45,503 - INFO - [Shapelet  54] forward_avg=0.009939s over 12 calls | peak=1508.45MB | final=0.00MB
2025-10-12 01:50:45,503 - INFO - [Shapelet  81] forward_avg=0.012708s over 12 calls | peak=1972.67MB | final=0.00MB
2025-10-12 01:50:45,503 - INFO - [Shapelet 108] forward_avg=0.014194s over 12 calls | peak=2253.60MB | final=0.00MB
2025-10-12 01:50:45,503 - INFO - [Shapelet 135] forward_avg=0.014969s over 12 calls | peak=2357.04MB | final=0.00MB
2025-10-12 01:50:45,503 - INFO - [Shapelet 162] forward_avg=0.012967s over 12 calls | peak=2280.04MB | final=0.00MB
2025-10-12 01:50:45,503 - INFO - [Shapelet 189] forward_avg=0.012035s over 12 calls | peak=2023.78MB | final=0.00MB
2025-10-12 01:50:45,503 - INFO - [Shapelet 216] forward_avg=0.010575s over 12 calls | peak=1588.90MB | final=0.00MB
2025-10-12 01:50:45,503 - INFO - 
🔍 COSINE modules:
2025-10-12 01:50:45,503 - INFO - [Shapelet  27] forward_avg=0.003521s over 12 calls | peak=550.84MB | final=0.00MB
2025-10-12 01:50:45,504 - INFO - [Shapelet  54] forward_avg=0.005344s over 12 calls | peak=970.87MB | final=0.00MB
2025-10-12 01:50:45,504 - INFO - [Shapelet  81] forward_avg=0.006786s over 12 calls | peak=1271.50MB | final=0.00MB
2025-10-12 01:50:45,504 - INFO - [Shapelet 108] forward_avg=0.008013s over 12 calls | peak=1451.84MB | final=0.00MB
2025-10-12 01:50:45,504 - INFO - [Shapelet 135] forward_avg=0.008496s over 12 calls | peak=1513.58MB | final=0.00MB
2025-10-12 01:50:45,504 - INFO - [Shapelet 162] forward_avg=0.007166s over 12 calls | peak=1454.06MB | final=0.00MB
2025-10-12 01:50:45,504 - INFO - [Shapelet 189] forward_avg=0.006828s over 12 calls | peak=1275.63MB | final=0.00MB
2025-10-12 01:50:45,504 - INFO - [Shapelet 216] forward_avg=0.006393s over 12 calls | peak=977.89MB | final=0.00MB
2025-10-12 01:50:45,504 - INFO - 
🔍 CROSS modules:
2025-10-12 01:50:45,504 - INFO - [Shapelet  27] forward_avg=0.001177s over 12 calls
2025-10-12 01:50:45,504 - INFO - [Shapelet  54] forward_avg=0.001799s over 12 calls
2025-10-12 01:50:45,504 - INFO - [Shapelet  81] forward_avg=0.002455s over 12 calls
2025-10-12 01:50:45,504 - INFO - [Shapelet 108] forward_avg=0.002898s over 12 calls
2025-10-12 01:50:45,504 - INFO - [Shapelet 135] forward_avg=0.002203s over 12 calls
2025-10-12 01:50:45,504 - INFO - [Shapelet 162] forward_avg=0.002563s over 12 calls
2025-10-12 01:50:45,504 - INFO - [Shapelet 189] forward_avg=0.002926s over 12 calls
2025-10-12 01:50:45,504 - INFO - [Shapelet 216] forward_avg=0.003298s over 12 calls
2025-10-12 01:50:45,504 - INFO - 
💾 模型第一次反向传播阶段的显存峰值（所有模块中的最大值）: 9717.35 MB
2025-10-12 01:50:45,504 - INFO - 
💾 模型初始显存: 237.80 MB
2025-10-12 01:50:45,504 - INFO - =======================================================================

2025-10-12 01:50:45,504 - INFO - torch.cuda.max_memory_reserved() : 12.66015625
2025-10-12 01:50:50,887 - INFO - Epoch 4 completed in 5.382446 seconds
2025-10-12 01:50:50,888 - INFO - torch.cuda.max_memory_reserved() : 12.66015625
2025-10-12 01:50:56,756 - INFO - Epoch 5 completed in 5.868004 seconds
2025-10-12 01:50:56,757 - INFO - torch.cuda.max_memory_reserved() : 12.66015625
2025-10-12 01:51:02,572 - INFO - Epoch 6 completed in 5.815110 seconds
2025-10-12 01:51:02,573 - INFO - torch.cuda.max_memory_reserved() : 12.66015625
2025-10-12 01:51:08,595 - INFO - Epoch 7 completed in 6.021293 seconds
2025-10-12 01:51:08,595 - INFO - torch.cuda.max_memory_reserved() : 12.66015625
2025-10-12 01:51:14,466 - INFO - Epoch 8 completed in 5.870661 seconds
2025-10-12 01:51:14,467 - INFO - torch.cuda.max_memory_reserved() : 13.396484375
2025-10-12 01:51:20,502 - INFO - Epoch 9 completed in 6.033658 seconds
2025-10-12 01:51:20,502 - INFO - torch.cuda.max_memory_reserved() : 13.396484375
2025-10-12 01:51:26,159 - INFO - Epoch 10 completed in 5.655746 seconds
2025-10-12 01:51:28,430 - INFO - torch.cuda.max_memory_reserved() : 13.396484375
2025-10-12 01:51:28,431 - INFO - !!!采用策略后的几个epoch 平均时间:5.805040597915649
2025-10-12 01:51:28,431 - INFO - 



