2025-10-12 03:05:47,394 - INFO - 📌 第一个 epoch：默认所有模块使用 checkpoint
2025-10-12 03:08:10,582 - INFO - Epoch 1 completed in 143.207964 seconds
2025-10-12 03:08:44,044 - INFO - torch.cuda.max_memory_reserved() : 15.2421875
2025-10-12 03:11:07,121 - INFO - 
[🔁 拟合反向传播时间模型]
2025-10-12 03:11:07,121 - INFO - 总反向传播时间: 142.664833s
2025-10-12 03:11:07,121 - INFO - 拟合模型: backward_total ≈ 2 × (A + B) + b
2025-10-12 03:11:07,122 - INFO - A = 124.058912, B = 12.054804, b = 6.551116s
2025-10-12 03:11:07,582 - INFO - ✅ 最优策略：[1.0, 1.0, 1.0, 0.0, 1.0, 1.0, 1.0, 1.0, 1.0, 0.0, 0.0, 1.0, 0.0, 0.0, 0.0, 1.0]
2025-10-12 03:11:07,582 - INFO - 📌 checkpoint 的欧氏长度:, [1101]
2025-10-12 03:11:07,582 - INFO - 📌 checkpoint 的余弦长度:, [452, 777, 1426, 1750, 2075]
2025-10-12 03:11:07,582 - INFO - 💾 最终显存峰值：%.2f MB % 16371.596252441406
2025-10-12 03:11:07,598 - INFO - Epoch 2 completed in 143.553375 seconds
2025-10-12 03:11:07,599 - INFO - torch.cuda.max_memory_reserved() : 15.2421875
2025-10-12 03:13:02,094 - INFO - Epoch 3 completed in 114.495033 seconds
2025-10-12 03:13:02,095 - INFO - 
====================== [第1个 Epoch 收集统计数据] ======================
2025-10-12 03:13:02,095 - INFO - 
🔍 EUCLIDEAN modules:
2025-10-12 03:13:02,095 - INFO - [Shapelet 128] forward_avg=0.003249s over 278 calls | peak=545.46MB | final=0.00MB
2025-10-12 03:13:02,095 - INFO - [Shapelet 452] forward_avg=0.008114s over 278 calls | peak=1696.97MB | final=0.00MB
2025-10-12 03:13:02,095 - INFO - [Shapelet 777] forward_avg=0.011960s over 278 calls | peak=2541.23MB | final=0.00MB
2025-10-12 03:13:02,095 - INFO - [Shapelet 1101] forward_avg=0.014320s over 278 calls | peak=3076.86MB | final=0.00MB
2025-10-12 03:13:02,095 - INFO - [Shapelet 1426] forward_avg=0.015423s over 278 calls | peak=3302.11MB | final=0.00MB
2025-10-12 03:13:02,095 - INFO - [Shapelet 1750] forward_avg=0.014903s over 278 calls | peak=3220.47MB | final=0.00MB
2025-10-12 03:13:02,095 - INFO - [Shapelet 2075] forward_avg=0.013165s over 278 calls | peak=2830.50MB | final=0.00MB
2025-10-12 03:13:02,095 - INFO - [Shapelet 2400] forward_avg=0.009763s over 278 calls | peak=2129.31MB | final=0.00MB
2025-10-12 03:13:02,095 - INFO - 
🔍 COSINE modules:
2025-10-12 03:13:02,095 - INFO - [Shapelet 128] forward_avg=0.002285s over 278 calls | peak=360.86MB | final=0.00MB
2025-10-12 03:13:02,095 - INFO - [Shapelet 452] forward_avg=0.005115s over 278 calls | peak=1127.04MB | final=0.00MB
2025-10-12 03:13:02,095 - INFO - [Shapelet 777] forward_avg=0.007544s over 278 calls | peak=1688.97MB | final=0.00MB
2025-10-12 03:13:02,095 - INFO - [Shapelet 1101] forward_avg=0.008968s over 278 calls | peak=2044.93MB | final=0.00MB
2025-10-12 03:13:02,095 - INFO - [Shapelet 1426] forward_avg=0.009723s over 278 calls | peak=2194.08MB | final=0.00MB
2025-10-12 03:13:02,095 - INFO - [Shapelet 1750] forward_avg=0.009397s over 278 calls | peak=2138.55MB | final=0.00MB
2025-10-12 03:13:02,095 - INFO - [Shapelet 2075] forward_avg=0.008493s over 278 calls | peak=1876.87MB | final=0.00MB
2025-10-12 03:13:02,095 - INFO - [Shapelet 2400] forward_avg=0.006332s over 278 calls | peak=1408.89MB | final=0.00MB
2025-10-12 03:13:02,095 - INFO - 
🔍 CROSS modules:
2025-10-12 03:13:02,095 - INFO - [Shapelet 128] forward_avg=0.000684s over 278 calls
2025-10-12 03:13:02,095 - INFO - [Shapelet 452] forward_avg=0.001078s over 278 calls
2025-10-12 03:13:02,095 - INFO - [Shapelet 777] forward_avg=0.001645s over 278 calls
2025-10-12 03:13:02,095 - INFO - [Shapelet 1101] forward_avg=0.002320s over 278 calls
2025-10-12 03:13:02,095 - INFO - [Shapelet 1426] forward_avg=0.003024s over 278 calls
2025-10-12 03:13:02,096 - INFO - [Shapelet 1750] forward_avg=0.003673s over 278 calls
2025-10-12 03:13:02,096 - INFO - [Shapelet 2075] forward_avg=0.004333s over 278 calls
2025-10-12 03:13:02,096 - INFO - [Shapelet 2400] forward_avg=0.004924s over 278 calls
2025-10-12 03:13:02,096 - INFO - 
💾 模型第一次反向传播阶段的显存峰值（所有模块中的最大值）: 15323.00 MB
2025-10-12 03:13:02,096 - INFO - 
💾 模型初始显存: 104.49 MB
2025-10-12 03:13:02,096 - INFO - =======================================================================

2025-10-12 03:13:02,096 - INFO - torch.cuda.max_memory_reserved() : 20.974609375
2025-10-12 03:14:56,039 - INFO - Epoch 4 completed in 113.942629 seconds
2025-10-12 03:14:56,040 - INFO - torch.cuda.max_memory_reserved() : 20.974609375
2025-10-12 03:16:50,391 - INFO - Epoch 5 completed in 114.350910 seconds
2025-10-12 03:16:50,392 - INFO - torch.cuda.max_memory_reserved() : 20.974609375
2025-10-12 03:18:44,668 - INFO - Epoch 6 completed in 114.275356 seconds
2025-10-12 03:18:44,668 - INFO - torch.cuda.max_memory_reserved() : 20.974609375
2025-10-12 03:20:38,853 - INFO - Epoch 7 completed in 114.184896 seconds
2025-10-12 03:20:38,854 - INFO - torch.cuda.max_memory_reserved() : 20.974609375
2025-10-12 03:22:32,402 - INFO - Epoch 8 completed in 113.547829 seconds
2025-10-12 03:22:32,403 - INFO - torch.cuda.max_memory_reserved() : 20.974609375
2025-10-12 03:24:27,083 - INFO - Epoch 9 completed in 114.680007 seconds
2025-10-12 03:24:27,084 - INFO - torch.cuda.max_memory_reserved() : 20.974609375
2025-10-12 03:26:21,058 - INFO - Epoch 10 completed in 113.973576 seconds
2025-10-12 03:26:53,717 - INFO - torch.cuda.max_memory_reserved() : 20.974609375
2025-10-12 03:26:53,718 - INFO - !!!采用策略后的几个epoch 平均时间:114.18127951025963
2025-10-12 03:26:53,718 - INFO - 



