2025-10-12 02:44:00,859 - INFO - 📌 第一个 epoch：默认所有模块使用 checkpoint
2025-10-12 02:46:23,673 - INFO - Epoch 1 completed in 142.831154 seconds
2025-10-12 02:46:56,594 - INFO - torch.cuda.max_memory_reserved() : 15.2421875
2025-10-12 02:49:19,977 - INFO - 
[🔁 拟合反向传播时间模型]
2025-10-12 02:49:19,978 - INFO - 总反向传播时间: 142.912516s
2025-10-12 02:49:19,978 - INFO - 拟合模型: backward_total ≈ 2 × (A + B) + b
2025-10-12 02:49:19,978 - INFO - A = 124.013613, B = 12.054752, b = 6.844152s
2025-10-12 02:49:20,427 - INFO - ✅ 最优策略：[1.0, 1.0, 0.0, 1.0, 1.0, 0.0, 1.0, 1.0, 1.0, 0.0, 1.0, 0.0, 0.0, 0.0, 0.0, 1.0]
2025-10-12 02:49:20,427 - INFO - 📌 checkpoint 的欧氏长度:, [777, 1750]
2025-10-12 02:49:20,427 - INFO - 📌 checkpoint 的余弦长度:, [452, 1101, 1426, 1750, 2075]
2025-10-12 02:49:20,427 - INFO - 💾 最终显存峰值：%.2f MB % 14258.123263346704
2025-10-12 02:49:20,441 - INFO - Epoch 2 completed in 143.845926 seconds
2025-10-12 02:49:20,441 - INFO - torch.cuda.max_memory_reserved() : 15.2421875
2025-10-12 02:51:17,306 - INFO - Epoch 3 completed in 116.864268 seconds
2025-10-12 02:51:17,306 - INFO - 
====================== [第1个 Epoch 收集统计数据] ======================
2025-10-12 02:51:17,306 - INFO - 
🔍 EUCLIDEAN modules:
2025-10-12 02:51:17,306 - INFO - [Shapelet 128] forward_avg=0.003233s over 278 calls | peak=545.46MB | final=0.00MB
2025-10-12 02:51:17,306 - INFO - [Shapelet 452] forward_avg=0.008114s over 278 calls | peak=1696.97MB | final=0.00MB
2025-10-12 02:51:17,307 - INFO - [Shapelet 777] forward_avg=0.011960s over 278 calls | peak=2541.23MB | final=0.00MB
2025-10-12 02:51:17,307 - INFO - [Shapelet 1101] forward_avg=0.014323s over 278 calls | peak=3076.86MB | final=0.00MB
2025-10-12 02:51:17,307 - INFO - [Shapelet 1426] forward_avg=0.015425s over 278 calls | peak=3302.11MB | final=0.00MB
2025-10-12 02:51:17,307 - INFO - [Shapelet 1750] forward_avg=0.014900s over 278 calls | peak=3220.47MB | final=0.00MB
2025-10-12 02:51:17,307 - INFO - [Shapelet 2075] forward_avg=0.013161s over 278 calls | peak=2830.50MB | final=0.00MB
2025-10-12 02:51:17,307 - INFO - [Shapelet 2400] forward_avg=0.009760s over 278 calls | peak=2129.31MB | final=0.00MB
2025-10-12 02:51:17,307 - INFO - 
🔍 COSINE modules:
2025-10-12 02:51:17,307 - INFO - [Shapelet 128] forward_avg=0.002247s over 278 calls | peak=360.86MB | final=0.00MB
2025-10-12 02:51:17,307 - INFO - [Shapelet 452] forward_avg=0.005119s over 278 calls | peak=1127.04MB | final=0.00MB
2025-10-12 02:51:17,307 - INFO - [Shapelet 777] forward_avg=0.007544s over 278 calls | peak=1688.97MB | final=0.00MB
2025-10-12 02:51:17,307 - INFO - [Shapelet 1101] forward_avg=0.008966s over 278 calls | peak=2044.93MB | final=0.00MB
2025-10-12 02:51:17,307 - INFO - [Shapelet 1426] forward_avg=0.009721s over 278 calls | peak=2194.08MB | final=0.00MB
2025-10-12 02:51:17,307 - INFO - [Shapelet 1750] forward_avg=0.009396s over 278 calls | peak=2138.55MB | final=0.00MB
2025-10-12 02:51:17,307 - INFO - [Shapelet 2075] forward_avg=0.008498s over 278 calls | peak=1876.87MB | final=0.00MB
2025-10-12 02:51:17,307 - INFO - [Shapelet 2400] forward_avg=0.006330s over 278 calls | peak=1408.89MB | final=0.00MB
2025-10-12 02:51:17,307 - INFO - 
🔍 CROSS modules:
2025-10-12 02:51:17,307 - INFO - [Shapelet 128] forward_avg=0.000667s over 278 calls
2025-10-12 02:51:17,307 - INFO - [Shapelet 452] forward_avg=0.001074s over 278 calls
2025-10-12 02:51:17,307 - INFO - [Shapelet 777] forward_avg=0.001641s over 278 calls
2025-10-12 02:51:17,307 - INFO - [Shapelet 1101] forward_avg=0.002318s over 278 calls
2025-10-12 02:51:17,307 - INFO - [Shapelet 1426] forward_avg=0.003027s over 278 calls
2025-10-12 02:51:17,307 - INFO - [Shapelet 1750] forward_avg=0.003687s over 278 calls
2025-10-12 02:51:17,307 - INFO - [Shapelet 2075] forward_avg=0.004339s over 278 calls
2025-10-12 02:51:17,307 - INFO - [Shapelet 2400] forward_avg=0.004928s over 278 calls
2025-10-12 02:51:17,307 - INFO - 
💾 模型第一次反向传播阶段的显存峰值（所有模块中的最大值）: 13836.68 MB
2025-10-12 02:51:17,307 - INFO - 
💾 模型初始显存: 104.49 MB
2025-10-12 02:51:17,307 - INFO - =======================================================================

2025-10-12 02:51:17,307 - INFO - torch.cuda.max_memory_reserved() : 17.390625
2025-10-12 02:53:14,601 - INFO - Epoch 4 completed in 117.292794 seconds
2025-10-12 02:53:14,601 - INFO - torch.cuda.max_memory_reserved() : 17.390625
2025-10-12 02:55:11,876 - INFO - Epoch 5 completed in 117.274229 seconds
2025-10-12 02:55:11,877 - INFO - torch.cuda.max_memory_reserved() : 17.390625
2025-10-12 02:57:09,950 - INFO - Epoch 6 completed in 118.072856 seconds
2025-10-12 02:57:09,950 - INFO - torch.cuda.max_memory_reserved() : 17.390625
2025-10-12 02:59:07,945 - INFO - Epoch 7 completed in 117.993866 seconds
2025-10-12 02:59:07,945 - INFO - torch.cuda.max_memory_reserved() : 17.390625
2025-10-12 03:01:04,818 - INFO - Epoch 8 completed in 116.871924 seconds
2025-10-12 03:01:04,818 - INFO - torch.cuda.max_memory_reserved() : 17.390625
2025-10-12 03:03:02,923 - INFO - Epoch 9 completed in 118.103854 seconds
2025-10-12 03:03:02,923 - INFO - torch.cuda.max_memory_reserved() : 17.390625
2025-10-12 03:04:59,651 - INFO - Epoch 10 completed in 116.726896 seconds
2025-10-12 03:05:32,576 - INFO - torch.cuda.max_memory_reserved() : 17.390625
2025-10-12 03:05:32,577 - INFO - !!!采用策略后的几个epoch 平均时间:117.40008583664894
2025-10-12 03:05:32,577 - INFO - 



