2025-10-12 01:41:05,105 - INFO - 📌 第一个 epoch：默认所有模块使用 checkpoint
2025-10-12 01:41:19,806 - INFO - Epoch 1 completed in 14.717288 seconds
2025-10-12 01:41:23,137 - INFO - torch.cuda.max_memory_reserved() : 2.0546875
2025-10-12 01:41:38,386 - INFO - 
[🔁 拟合反向传播时间模型]
2025-10-12 01:41:38,386 - INFO - 总反向传播时间: 14.889704s
2025-10-12 01:41:38,386 - INFO - 拟合模型: backward_total ≈ 2 × (A + B) + b
2025-10-12 01:41:38,386 - INFO - A = 8.604093, B = 0.781932, b = 5.503678s
2025-10-12 01:41:38,848 - INFO - ✅ 最优策略：[1.0, 1.0, 0.0, 1.0, 1.0, 1.0, 1.0, 1.0, 1.0, 1.0, 0.0, 0.0, 1.0, 0.0, 1.0, 1.0]
2025-10-12 01:41:38,849 - INFO - 📌 checkpoint 的欧氏长度:, [42]
2025-10-12 01:41:38,849 - INFO - 📌 checkpoint 的余弦长度:, [42, 57, 86]
2025-10-12 01:41:38,849 - INFO - 💾 最终显存峰值：%.2f MB % 3061.9332394045955
2025-10-12 01:41:38,859 - INFO - Epoch 2 completed in 15.720938 seconds
2025-10-12 01:41:38,859 - INFO - torch.cuda.max_memory_reserved() : 2.0546875
2025-10-12 01:41:50,678 - INFO - Epoch 3 completed in 11.818467 seconds
2025-10-12 01:41:50,678 - INFO - 
====================== [第1个 Epoch 收集统计数据] ======================
2025-10-12 01:41:50,678 - INFO - 
🔍 EUCLIDEAN modules:
2025-10-12 01:41:50,679 - INFO - [Shapelet  14] forward_avg=0.002433s over 66 calls | peak=183.81MB | final=0.00MB
2025-10-12 01:41:50,679 - INFO - [Shapelet  28] forward_avg=0.002745s over 66 calls | peak=315.73MB | final=0.00MB
2025-10-12 01:41:50,679 - INFO - [Shapelet  42] forward_avg=0.003220s over 66 calls | peak=412.87MB | final=0.00MB
2025-10-12 01:41:50,679 - INFO - [Shapelet  57] forward_avg=0.003430s over 66 calls | peak=476.30MB | final=0.00MB
2025-10-12 01:41:50,679 - INFO - [Shapelet  71] forward_avg=0.003551s over 66 calls | peak=499.81MB | final=0.00MB
2025-10-12 01:41:50,679 - INFO - [Shapelet  86] forward_avg=0.003496s over 66 calls | peak=487.91MB | final=0.00MB
2025-10-12 01:41:50,679 - INFO - [Shapelet 100] forward_avg=0.003553s over 66 calls | peak=441.43MB | final=0.00MB
2025-10-12 01:41:50,679 - INFO - [Shapelet 115] forward_avg=0.003205s over 66 calls | peak=352.40MB | final=0.00MB
2025-10-12 01:41:50,679 - INFO - 
🔍 COSINE modules:
2025-10-12 01:41:50,679 - INFO - [Shapelet  14] forward_avg=0.002181s over 66 calls | peak=111.85MB | final=0.00MB
2025-10-12 01:41:50,679 - INFO - [Shapelet  28] forward_avg=0.002023s over 66 calls | peak=195.99MB | final=0.00MB
2025-10-12 01:41:50,679 - INFO - [Shapelet  42] forward_avg=0.002019s over 66 calls | peak=259.03MB | final=0.00MB
2025-10-12 01:41:50,679 - INFO - [Shapelet  57] forward_avg=0.002094s over 66 calls | peak=298.59MB | final=0.00MB
2025-10-12 01:41:50,679 - INFO - [Shapelet  71] forward_avg=0.002241s over 66 calls | peak=310.99MB | final=0.00MB
2025-10-12 01:41:50,679 - INFO - [Shapelet  86] forward_avg=0.002353s over 66 calls | peak=299.97MB | final=0.00MB
2025-10-12 01:41:50,679 - INFO - [Shapelet 100] forward_avg=0.002420s over 66 calls | peak=265.82MB | final=0.00MB
2025-10-12 01:41:50,679 - INFO - [Shapelet 115] forward_avg=0.002490s over 66 calls | peak=203.66MB | final=0.00MB
2025-10-12 01:41:50,679 - INFO - 
🔍 CROSS modules:
2025-10-12 01:41:50,679 - INFO - [Shapelet  14] forward_avg=0.000550s over 66 calls
2025-10-12 01:41:50,679 - INFO - [Shapelet  28] forward_avg=0.000518s over 66 calls
2025-10-12 01:41:50,679 - INFO - [Shapelet  42] forward_avg=0.000594s over 66 calls
2025-10-12 01:41:50,679 - INFO - [Shapelet  57] forward_avg=0.000676s over 66 calls
2025-10-12 01:41:50,679 - INFO - [Shapelet  71] forward_avg=0.000764s over 66 calls
2025-10-12 01:41:50,679 - INFO - [Shapelet  86] forward_avg=0.000851s over 66 calls
2025-10-12 01:41:50,679 - INFO - [Shapelet 100] forward_avg=0.000937s over 66 calls
2025-10-12 01:41:50,679 - INFO - [Shapelet 115] forward_avg=0.001032s over 66 calls
2025-10-12 01:41:50,679 - INFO - 
💾 模型第一次反向传播阶段的显存峰值（所有模块中的最大值）: 3613.32 MB
2025-10-12 01:41:50,679 - INFO - 
💾 模型初始显存: 91.00 MB
2025-10-12 01:41:50,679 - INFO - =======================================================================

2025-10-12 01:41:50,680 - INFO - torch.cuda.max_memory_reserved() : 4.5
2025-10-12 01:42:02,225 - INFO - Epoch 4 completed in 11.544683 seconds
2025-10-12 01:42:02,226 - INFO - torch.cuda.max_memory_reserved() : 4.5
2025-10-12 01:42:13,894 - INFO - Epoch 5 completed in 11.667241 seconds
2025-10-12 01:42:13,894 - INFO - torch.cuda.max_memory_reserved() : 4.5
2025-10-12 01:42:25,297 - INFO - Epoch 6 completed in 11.402213 seconds
2025-10-12 01:42:25,297 - INFO - torch.cuda.max_memory_reserved() : 4.5
2025-10-12 01:42:36,935 - INFO - Epoch 7 completed in 11.636794 seconds
2025-10-12 01:42:36,935 - INFO - torch.cuda.max_memory_reserved() : 4.5
2025-10-12 01:42:48,702 - INFO - Epoch 8 completed in 11.766959 seconds
2025-10-12 01:42:48,703 - INFO - torch.cuda.max_memory_reserved() : 4.5
2025-10-12 01:43:00,196 - INFO - Epoch 9 completed in 11.492727 seconds
2025-10-12 01:43:00,196 - INFO - torch.cuda.max_memory_reserved() : 4.501953125
2025-10-12 01:43:11,785 - INFO - Epoch 10 completed in 11.587771 seconds
2025-10-12 01:43:14,969 - INFO - torch.cuda.max_memory_reserved() : 4.501953125
2025-10-12 01:43:14,970 - INFO - !!!采用策略后的几个epoch 平均时间:11.614606976509094
2025-10-12 01:43:14,970 - INFO - 



