2025-10-12 01:45:48,161 - INFO - 📌 第一个 epoch：默认所有模块使用 checkpoint
2025-10-12 01:46:03,215 - INFO - Epoch 1 completed in 15.071901 seconds
2025-10-12 01:46:06,498 - INFO - torch.cuda.max_memory_reserved() : 2.0546875
2025-10-12 01:46:20,431 - INFO - 
[🔁 拟合反向传播时间模型]
2025-10-12 01:46:20,431 - INFO - 总反向传播时间: 13.828400s
2025-10-12 01:46:20,431 - INFO - 拟合模型: backward_total ≈ 2 × (A + B) + b
2025-10-12 01:46:20,431 - INFO - A = 9.089575, B = 0.818513, b = 3.920312s
2025-10-12 01:46:20,872 - INFO - ✅ 最优策略：[1.0, 1.0, 1.0, 1.0, 1.0, 1.0, 1.0, 1.0, 1.0, 1.0, 1.0, 1.0, 1.0, 1.0, 1.0, 1.0]
2025-10-12 01:46:20,872 - INFO - 📌 checkpoint 的欧氏长度:, []
2025-10-12 01:46:20,872 - INFO - 📌 checkpoint 的余弦长度:, []
2025-10-12 01:46:20,872 - INFO - 💾 最终显存峰值：%.2f MB % 4169.022087097168
2025-10-12 01:46:20,880 - INFO - Epoch 2 completed in 14.381352 seconds
2025-10-12 01:46:20,881 - INFO - torch.cuda.max_memory_reserved() : 2.0546875
2025-10-12 01:46:33,251 - INFO - Epoch 3 completed in 12.369995 seconds
2025-10-12 01:46:33,251 - INFO - 
====================== [第1个 Epoch 收集统计数据] ======================
2025-10-12 01:46:33,251 - INFO - 
🔍 EUCLIDEAN modules:
2025-10-12 01:46:33,251 - INFO - [Shapelet  14] forward_avg=0.002514s over 66 calls | peak=183.81MB | final=0.00MB
2025-10-12 01:46:33,251 - INFO - [Shapelet  28] forward_avg=0.002823s over 66 calls | peak=315.73MB | final=0.00MB
2025-10-12 01:46:33,252 - INFO - [Shapelet  42] forward_avg=0.003301s over 66 calls | peak=412.87MB | final=0.00MB
2025-10-12 01:46:33,252 - INFO - [Shapelet  57] forward_avg=0.003506s over 66 calls | peak=476.30MB | final=0.00MB
2025-10-12 01:46:33,252 - INFO - [Shapelet  71] forward_avg=0.003624s over 66 calls | peak=499.81MB | final=0.00MB
2025-10-12 01:46:33,252 - INFO - [Shapelet  86] forward_avg=0.003616s over 66 calls | peak=487.91MB | final=0.00MB
2025-10-12 01:46:33,252 - INFO - [Shapelet 100] forward_avg=0.003631s over 66 calls | peak=441.43MB | final=0.00MB
2025-10-12 01:46:33,252 - INFO - [Shapelet 115] forward_avg=0.003288s over 66 calls | peak=352.40MB | final=0.00MB
2025-10-12 01:46:33,252 - INFO - 
🔍 COSINE modules:
2025-10-12 01:46:33,252 - INFO - [Shapelet  14] forward_avg=0.002427s over 66 calls | peak=111.85MB | final=0.00MB
2025-10-12 01:46:33,252 - INFO - [Shapelet  28] forward_avg=0.002270s over 66 calls | peak=195.99MB | final=0.00MB
2025-10-12 01:46:33,252 - INFO - [Shapelet  42] forward_avg=0.002269s over 66 calls | peak=259.03MB | final=0.00MB
2025-10-12 01:46:33,252 - INFO - [Shapelet  57] forward_avg=0.002319s over 66 calls | peak=298.59MB | final=0.00MB
2025-10-12 01:46:33,252 - INFO - [Shapelet  71] forward_avg=0.002456s over 66 calls | peak=310.99MB | final=0.00MB
2025-10-12 01:46:33,252 - INFO - [Shapelet  86] forward_avg=0.002568s over 66 calls | peak=299.97MB | final=0.00MB
2025-10-12 01:46:33,252 - INFO - [Shapelet 100] forward_avg=0.002605s over 66 calls | peak=265.82MB | final=0.00MB
2025-10-12 01:46:33,252 - INFO - [Shapelet 115] forward_avg=0.002691s over 66 calls | peak=203.66MB | final=0.00MB
2025-10-12 01:46:33,252 - INFO - 
🔍 CROSS modules:
2025-10-12 01:46:33,252 - INFO - [Shapelet  14] forward_avg=0.000605s over 66 calls
2025-10-12 01:46:33,252 - INFO - [Shapelet  28] forward_avg=0.000566s over 66 calls
2025-10-12 01:46:33,252 - INFO - [Shapelet  42] forward_avg=0.000627s over 66 calls
2025-10-12 01:46:33,252 - INFO - [Shapelet  57] forward_avg=0.000705s over 66 calls
2025-10-12 01:46:33,252 - INFO - [Shapelet  71] forward_avg=0.000795s over 66 calls
2025-10-12 01:46:33,252 - INFO - [Shapelet  86] forward_avg=0.000879s over 66 calls
2025-10-12 01:46:33,252 - INFO - [Shapelet 100] forward_avg=0.000965s over 66 calls
2025-10-12 01:46:33,252 - INFO - [Shapelet 115] forward_avg=0.001058s over 66 calls
2025-10-12 01:46:33,252 - INFO - 
💾 模型第一次反向传播阶段的显存峰值（所有模块中的最大值）: 5037.06 MB
2025-10-12 01:46:33,252 - INFO - 
💾 模型初始显存: 91.00 MB
2025-10-12 01:46:33,253 - INFO - =======================================================================

2025-10-12 01:46:33,253 - INFO - torch.cuda.max_memory_reserved() : 5.384765625
2025-10-12 01:46:44,434 - INFO - Epoch 4 completed in 11.181061 seconds
2025-10-12 01:46:44,435 - INFO - torch.cuda.max_memory_reserved() : 5.384765625
2025-10-12 01:46:55,360 - INFO - Epoch 5 completed in 10.923934 seconds
2025-10-12 01:46:55,360 - INFO - torch.cuda.max_memory_reserved() : 5.384765625
2025-10-12 01:47:06,173 - INFO - Epoch 6 completed in 10.811785 seconds
2025-10-12 01:47:06,173 - INFO - torch.cuda.max_memory_reserved() : 5.384765625
2025-10-12 01:47:17,076 - INFO - Epoch 7 completed in 10.902120 seconds
2025-10-12 01:47:17,076 - INFO - torch.cuda.max_memory_reserved() : 5.384765625
2025-10-12 01:47:28,296 - INFO - Epoch 8 completed in 11.219315 seconds
2025-10-12 01:47:28,296 - INFO - torch.cuda.max_memory_reserved() : 5.384765625
2025-10-12 01:47:39,299 - INFO - Epoch 9 completed in 11.001808 seconds
2025-10-12 01:47:39,299 - INFO - torch.cuda.max_memory_reserved() : 5.384765625
2025-10-12 01:47:50,396 - INFO - Epoch 10 completed in 11.096127 seconds
2025-10-12 01:47:53,665 - INFO - torch.cuda.max_memory_reserved() : 5.384765625
2025-10-12 01:47:53,666 - INFO - !!!采用策略后的几个epoch 平均时间:11.188268005847931
2025-10-12 01:47:53,666 - INFO - 



