2025-10-12 10:16:16,915 - INFO - 📌 第一个 epoch：默认所有模块使用 checkpoint
2025-10-12 10:16:24,104 - INFO - Epoch 1 completed in 7.199389 seconds
2025-10-12 10:16:26,351 - INFO - torch.cuda.max_memory_reserved() : 11.17578125
2025-10-12 10:16:33,037 - INFO - 
[🔁 拟合反向传播时间模型]
2025-10-12 10:16:33,038 - INFO - 总反向传播时间: 6.636101s
2025-10-12 10:16:33,038 - INFO - 拟合模型: backward_total ≈ 2 × (A + B) + b
2025-10-12 10:16:33,039 - INFO - A = 5.300757, B = 0.459060, b = 0.876284s
2025-10-12 10:16:33,106 - INFO - ✅ 最优策略：[1, 0, 0, 0, 0, 1, 1, 1, 0, 0, 1, 1, 1, 1, 1, 1]
2025-10-12 10:16:33,106 - INFO - 📌 checkpoint 的欧氏长度:, [54, 81, 108, 135]
2025-10-12 10:16:33,106 - INFO - 📌 checkpoint 的余弦长度:, [27, 54]
2025-10-12 10:16:33,106 - INFO - 💾 最终显存峰值：%.2f MB % 14631.440877745805
2025-10-12 10:16:33,111 - INFO - Epoch 2 completed in 6.759414 seconds
2025-10-12 10:16:33,111 - INFO - torch.cuda.max_memory_reserved() : 11.17578125
2025-10-12 10:16:38,499 - INFO - Epoch 3 completed in 5.386995 seconds
2025-10-12 10:16:38,499 - INFO - 
====================== [第1个 Epoch 收集统计数据] ======================
2025-10-12 10:16:38,499 - INFO - 
🔍 EUCLIDEAN modules:
2025-10-12 10:16:38,499 - INFO - [Shapelet  27] forward_avg=0.007891s over 12 calls | peak=866.77MB | final=0.00MB
2025-10-12 10:16:38,499 - INFO - [Shapelet  54] forward_avg=0.009915s over 12 calls | peak=1508.45MB | final=0.00MB
2025-10-12 10:16:38,499 - INFO - [Shapelet  81] forward_avg=0.012674s over 12 calls | peak=1972.67MB | final=0.00MB
2025-10-12 10:16:38,499 - INFO - [Shapelet 108] forward_avg=0.014190s over 12 calls | peak=2253.60MB | final=0.00MB
2025-10-12 10:16:38,499 - INFO - [Shapelet 135] forward_avg=0.014998s over 12 calls | peak=2357.04MB | final=0.00MB
2025-10-12 10:16:38,499 - INFO - [Shapelet 162] forward_avg=0.012931s over 12 calls | peak=2280.04MB | final=0.00MB
2025-10-12 10:16:38,500 - INFO - [Shapelet 189] forward_avg=0.011817s over 12 calls | peak=2023.78MB | final=0.00MB
2025-10-12 10:16:38,500 - INFO - [Shapelet 216] forward_avg=0.010555s over 12 calls | peak=1588.90MB | final=0.00MB
2025-10-12 10:16:38,500 - INFO - 
🔍 COSINE modules:
2025-10-12 10:16:38,500 - INFO - [Shapelet  27] forward_avg=0.003500s over 12 calls | peak=550.84MB | final=0.00MB
2025-10-12 10:16:38,500 - INFO - [Shapelet  54] forward_avg=0.005319s over 12 calls | peak=970.87MB | final=0.00MB
2025-10-12 10:16:38,500 - INFO - [Shapelet  81] forward_avg=0.006783s over 12 calls | peak=1271.50MB | final=0.00MB
2025-10-12 10:16:38,500 - INFO - [Shapelet 108] forward_avg=0.007994s over 12 calls | peak=1451.84MB | final=0.00MB
2025-10-12 10:16:38,500 - INFO - [Shapelet 135] forward_avg=0.008441s over 12 calls | peak=1513.58MB | final=0.00MB
2025-10-12 10:16:38,500 - INFO - [Shapelet 162] forward_avg=0.007117s over 12 calls | peak=1454.06MB | final=0.00MB
2025-10-12 10:16:38,500 - INFO - [Shapelet 189] forward_avg=0.006777s over 12 calls | peak=1275.63MB | final=0.00MB
2025-10-12 10:16:38,500 - INFO - [Shapelet 216] forward_avg=0.006341s over 12 calls | peak=977.89MB | final=0.00MB
2025-10-12 10:16:38,500 - INFO - 
🔍 CROSS modules:
2025-10-12 10:16:38,500 - INFO - [Shapelet  27] forward_avg=0.001162s over 12 calls
2025-10-12 10:16:38,500 - INFO - [Shapelet  54] forward_avg=0.001779s over 12 calls
2025-10-12 10:16:38,500 - INFO - [Shapelet  81] forward_avg=0.002414s over 12 calls
2025-10-12 10:16:38,500 - INFO - [Shapelet 108] forward_avg=0.002856s over 12 calls
2025-10-12 10:16:38,500 - INFO - [Shapelet 135] forward_avg=0.002173s over 12 calls
2025-10-12 10:16:38,500 - INFO - [Shapelet 162] forward_avg=0.002547s over 12 calls
2025-10-12 10:16:38,500 - INFO - [Shapelet 189] forward_avg=0.002917s over 12 calls
2025-10-12 10:16:38,500 - INFO - [Shapelet 216] forward_avg=0.003280s over 12 calls
2025-10-12 10:16:38,500 - INFO - 
💾 模型第一次反向传播阶段的显存峰值（所有模块中的最大值）: 11613.58 MB
2025-10-12 10:16:38,500 - INFO - 
💾 模型初始显存: 237.80 MB
2025-10-12 10:16:38,500 - INFO - =======================================================================

2025-10-12 10:16:38,500 - INFO - torch.cuda.max_memory_reserved() : 15.791015625
2025-10-12 10:16:44,064 - INFO - Epoch 4 completed in 5.562859 seconds
2025-10-12 10:16:44,064 - INFO - torch.cuda.max_memory_reserved() : 16.52734375
2025-10-12 10:16:49,694 - INFO - Epoch 5 completed in 5.629303 seconds
2025-10-12 10:16:49,694 - INFO - torch.cuda.max_memory_reserved() : 16.52734375
2025-10-12 10:16:55,357 - INFO - Epoch 6 completed in 5.661958 seconds
2025-10-12 10:16:55,357 - INFO - torch.cuda.max_memory_reserved() : 16.52734375
2025-10-12 10:17:00,939 - INFO - Epoch 7 completed in 5.581781 seconds
2025-10-12 10:17:00,940 - INFO - torch.cuda.max_memory_reserved() : 16.52734375
2025-10-12 10:17:06,245 - INFO - Epoch 8 completed in 5.303980 seconds
2025-10-12 10:17:06,245 - INFO - torch.cuda.max_memory_reserved() : 16.52734375
2025-10-12 10:17:11,759 - INFO - Epoch 9 completed in 5.513311 seconds
2025-10-12 10:17:11,759 - INFO - torch.cuda.max_memory_reserved() : 16.52734375
2025-10-12 10:17:17,088 - INFO - Epoch 10 completed in 5.328226 seconds
2025-10-12 10:17:19,310 - INFO - torch.cuda.max_memory_reserved() : 16.52734375
2025-10-12 10:17:19,310 - INFO - !!!采用策略后的几个epoch 平均时间:5.496051549911499
2025-10-12 10:17:19,310 - INFO - 



