2025-10-12 10:19:17,630 - INFO - 📌 第一个 epoch：默认所有模块使用 checkpoint
2025-10-12 10:19:24,845 - INFO - Epoch 1 completed in 7.224611 seconds
2025-10-12 10:19:27,086 - INFO - torch.cuda.max_memory_reserved() : 11.17578125
2025-10-12 10:19:33,763 - INFO - 
[🔁 拟合反向传播时间模型]
2025-10-12 10:19:33,764 - INFO - 总反向传播时间: 6.631302s
2025-10-12 10:19:33,764 - INFO - 拟合模型: backward_total ≈ 2 × (A + B) + b
2025-10-12 10:19:33,764 - INFO - A = 5.309422, B = 0.460402, b = 0.861478s
2025-10-12 10:19:33,829 - INFO - ✅ 最优策略：[1, 0, 0, 0, 0, 1, 1, 1, 0, 0, 1, 1, 1, 1, 1, 1]
2025-10-12 10:19:33,829 - INFO - 📌 checkpoint 的欧氏长度:, [54, 81, 108, 135]
2025-10-12 10:19:33,829 - INFO - 📌 checkpoint 的余弦长度:, [27, 54]
2025-10-12 10:19:33,830 - INFO - 💾 最终显存峰值：%.2f MB % 14631.440877745805
2025-10-12 10:19:33,835 - INFO - Epoch 2 completed in 6.748236 seconds
2025-10-12 10:19:33,835 - INFO - torch.cuda.max_memory_reserved() : 11.17578125
2025-10-12 10:19:39,218 - INFO - Epoch 3 completed in 5.383023 seconds
2025-10-12 10:19:39,219 - INFO - 
====================== [第1个 Epoch 收集统计数据] ======================
2025-10-12 10:19:39,219 - INFO - 
🔍 EUCLIDEAN modules:
2025-10-12 10:19:39,219 - INFO - [Shapelet  27] forward_avg=0.007895s over 12 calls | peak=866.77MB | final=0.00MB
2025-10-12 10:19:39,219 - INFO - [Shapelet  54] forward_avg=0.009927s over 12 calls | peak=1508.45MB | final=0.00MB
2025-10-12 10:19:39,219 - INFO - [Shapelet  81] forward_avg=0.012690s over 12 calls | peak=1972.67MB | final=0.00MB
2025-10-12 10:19:39,219 - INFO - [Shapelet 108] forward_avg=0.014204s over 12 calls | peak=2253.60MB | final=0.00MB
2025-10-12 10:19:39,219 - INFO - [Shapelet 135] forward_avg=0.015027s over 12 calls | peak=2357.04MB | final=0.00MB
2025-10-12 10:19:39,219 - INFO - [Shapelet 162] forward_avg=0.012955s over 12 calls | peak=2280.04MB | final=0.00MB
2025-10-12 10:19:39,219 - INFO - [Shapelet 189] forward_avg=0.011829s over 12 calls | peak=2023.78MB | final=0.00MB
2025-10-12 10:19:39,219 - INFO - [Shapelet 216] forward_avg=0.010574s over 12 calls | peak=1588.90MB | final=0.00MB
2025-10-12 10:19:39,219 - INFO - 
🔍 COSINE modules:
2025-10-12 10:19:39,219 - INFO - [Shapelet  27] forward_avg=0.003510s over 12 calls | peak=550.84MB | final=0.00MB
2025-10-12 10:19:39,219 - INFO - [Shapelet  54] forward_avg=0.005335s over 12 calls | peak=970.87MB | final=0.00MB
2025-10-12 10:19:39,219 - INFO - [Shapelet  81] forward_avg=0.006785s over 12 calls | peak=1271.50MB | final=0.00MB
2025-10-12 10:19:39,219 - INFO - [Shapelet 108] forward_avg=0.008006s over 12 calls | peak=1451.84MB | final=0.00MB
2025-10-12 10:19:39,219 - INFO - [Shapelet 135] forward_avg=0.008455s over 12 calls | peak=1513.58MB | final=0.00MB
2025-10-12 10:19:39,219 - INFO - [Shapelet 162] forward_avg=0.007134s over 12 calls | peak=1454.06MB | final=0.00MB
2025-10-12 10:19:39,219 - INFO - [Shapelet 189] forward_avg=0.006795s over 12 calls | peak=1275.63MB | final=0.00MB
2025-10-12 10:19:39,219 - INFO - [Shapelet 216] forward_avg=0.006362s over 12 calls | peak=977.89MB | final=0.00MB
2025-10-12 10:19:39,219 - INFO - 
🔍 CROSS modules:
2025-10-12 10:19:39,219 - INFO - [Shapelet  27] forward_avg=0.001172s over 12 calls
2025-10-12 10:19:39,219 - INFO - [Shapelet  54] forward_avg=0.001781s over 12 calls
2025-10-12 10:19:39,219 - INFO - [Shapelet  81] forward_avg=0.002436s over 12 calls
2025-10-12 10:19:39,219 - INFO - [Shapelet 108] forward_avg=0.002871s over 12 calls
2025-10-12 10:19:39,219 - INFO - [Shapelet 135] forward_avg=0.002184s over 12 calls
2025-10-12 10:19:39,219 - INFO - [Shapelet 162] forward_avg=0.002546s over 12 calls
2025-10-12 10:19:39,219 - INFO - [Shapelet 189] forward_avg=0.002916s over 12 calls
2025-10-12 10:19:39,219 - INFO - [Shapelet 216] forward_avg=0.003277s over 12 calls
2025-10-12 10:19:39,219 - INFO - 
💾 模型第一次反向传播阶段的显存峰值（所有模块中的最大值）: 11613.58 MB
2025-10-12 10:19:39,219 - INFO - 
💾 模型初始显存: 237.80 MB
2025-10-12 10:19:39,219 - INFO - =======================================================================

2025-10-12 10:19:39,220 - INFO - torch.cuda.max_memory_reserved() : 15.791015625
2025-10-12 10:19:44,769 - INFO - Epoch 4 completed in 5.549131 seconds
2025-10-12 10:19:44,770 - INFO - torch.cuda.max_memory_reserved() : 16.52734375
2025-10-12 10:19:50,399 - INFO - Epoch 5 completed in 5.628403 seconds
2025-10-12 10:19:50,399 - INFO - torch.cuda.max_memory_reserved() : 16.52734375
2025-10-12 10:19:56,024 - INFO - Epoch 6 completed in 5.624492 seconds
2025-10-12 10:19:56,025 - INFO - torch.cuda.max_memory_reserved() : 16.52734375
2025-10-12 10:20:01,550 - INFO - Epoch 7 completed in 5.524941 seconds
2025-10-12 10:20:01,551 - INFO - torch.cuda.max_memory_reserved() : 16.52734375
2025-10-12 10:20:06,870 - INFO - Epoch 8 completed in 5.319102 seconds
2025-10-12 10:20:06,871 - INFO - torch.cuda.max_memory_reserved() : 16.52734375
2025-10-12 10:20:12,405 - INFO - Epoch 9 completed in 5.534080 seconds
2025-10-12 10:20:12,406 - INFO - torch.cuda.max_memory_reserved() : 16.52734375
2025-10-12 10:20:17,723 - INFO - Epoch 10 completed in 5.317072 seconds
2025-10-12 10:20:19,936 - INFO - torch.cuda.max_memory_reserved() : 16.52734375
2025-10-12 10:20:19,937 - INFO - !!!采用策略后的几个epoch 平均时间:5.485030561685562
2025-10-12 10:20:19,937 - INFO - 



