2025-10-12 10:17:46,878 - INFO - 📌 第一个 epoch：默认所有模块使用 checkpoint
2025-10-12 10:17:54,137 - INFO - Epoch 1 completed in 7.271286 seconds
2025-10-12 10:17:56,403 - INFO - torch.cuda.max_memory_reserved() : 11.17578125
2025-10-12 10:18:03,142 - INFO - 
[🔁 拟合反向传播时间模型]
2025-10-12 10:18:03,143 - INFO - 总反向传播时间: 6.695033s
2025-10-12 10:18:03,143 - INFO - 拟合模型: backward_total ≈ 2 × (A + B) + b
2025-10-12 10:18:03,143 - INFO - A = 5.299742, B = 0.461649, b = 0.933641s
2025-10-12 10:18:03,212 - INFO - ✅ 最优策略：[1, 0, 0, 0, 0, 1, 1, 1, 0, 0, 1, 1, 1, 1, 1, 1]
2025-10-12 10:18:03,212 - INFO - 📌 checkpoint 的欧氏长度:, [54, 81, 108, 135]
2025-10-12 10:18:03,212 - INFO - 📌 checkpoint 的余弦长度:, [27, 54]
2025-10-12 10:18:03,212 - INFO - 💾 最终显存峰值：%.2f MB % 14631.440877745805
2025-10-12 10:18:03,217 - INFO - Epoch 2 completed in 6.813899 seconds
2025-10-12 10:18:03,218 - INFO - torch.cuda.max_memory_reserved() : 11.17578125
2025-10-12 10:18:08,655 - INFO - Epoch 3 completed in 5.437415 seconds
2025-10-12 10:18:08,656 - INFO - 
====================== [第1个 Epoch 收集统计数据] ======================
2025-10-12 10:18:08,656 - INFO - 
🔍 EUCLIDEAN modules:
2025-10-12 10:18:08,656 - INFO - [Shapelet  27] forward_avg=0.007918s over 12 calls | peak=866.77MB | final=0.00MB
2025-10-12 10:18:08,656 - INFO - [Shapelet  54] forward_avg=0.009931s over 12 calls | peak=1508.45MB | final=0.00MB
2025-10-12 10:18:08,656 - INFO - [Shapelet  81] forward_avg=0.012680s over 12 calls | peak=1972.67MB | final=0.00MB
2025-10-12 10:18:08,656 - INFO - [Shapelet 108] forward_avg=0.014174s over 12 calls | peak=2253.60MB | final=0.00MB
2025-10-12 10:18:08,656 - INFO - [Shapelet 135] forward_avg=0.014936s over 12 calls | peak=2357.04MB | final=0.00MB
2025-10-12 10:18:08,656 - INFO - [Shapelet 162] forward_avg=0.012931s over 12 calls | peak=2280.04MB | final=0.00MB
2025-10-12 10:18:08,656 - INFO - [Shapelet 189] forward_avg=0.011916s over 12 calls | peak=2023.78MB | final=0.00MB
2025-10-12 10:18:08,656 - INFO - [Shapelet 216] forward_avg=0.010448s over 12 calls | peak=1588.90MB | final=0.00MB
2025-10-12 10:18:08,656 - INFO - 
🔍 COSINE modules:
2025-10-12 10:18:08,656 - INFO - [Shapelet  27] forward_avg=0.003507s over 12 calls | peak=550.84MB | final=0.00MB
2025-10-12 10:18:08,656 - INFO - [Shapelet  54] forward_avg=0.005327s over 12 calls | peak=970.87MB | final=0.00MB
2025-10-12 10:18:08,656 - INFO - [Shapelet  81] forward_avg=0.006769s over 12 calls | peak=1271.50MB | final=0.00MB
2025-10-12 10:18:08,656 - INFO - [Shapelet 108] forward_avg=0.008001s over 12 calls | peak=1451.84MB | final=0.00MB
2025-10-12 10:18:08,656 - INFO - [Shapelet 135] forward_avg=0.008413s over 12 calls | peak=1513.58MB | final=0.00MB
2025-10-12 10:18:08,656 - INFO - [Shapelet 162] forward_avg=0.007113s over 12 calls | peak=1454.06MB | final=0.00MB
2025-10-12 10:18:08,656 - INFO - [Shapelet 189] forward_avg=0.006797s over 12 calls | peak=1275.63MB | final=0.00MB
2025-10-12 10:18:08,656 - INFO - [Shapelet 216] forward_avg=0.006354s over 12 calls | peak=977.89MB | final=0.00MB
2025-10-12 10:18:08,656 - INFO - 
🔍 CROSS modules:
2025-10-12 10:18:08,656 - INFO - [Shapelet  27] forward_avg=0.001178s over 12 calls
2025-10-12 10:18:08,656 - INFO - [Shapelet  54] forward_avg=0.001785s over 12 calls
2025-10-12 10:18:08,657 - INFO - [Shapelet  81] forward_avg=0.002432s over 12 calls
2025-10-12 10:18:08,657 - INFO - [Shapelet 108] forward_avg=0.002878s over 12 calls
2025-10-12 10:18:08,657 - INFO - [Shapelet 135] forward_avg=0.002196s over 12 calls
2025-10-12 10:18:08,657 - INFO - [Shapelet 162] forward_avg=0.002560s over 12 calls
2025-10-12 10:18:08,657 - INFO - [Shapelet 189] forward_avg=0.002929s over 12 calls
2025-10-12 10:18:08,657 - INFO - [Shapelet 216] forward_avg=0.003277s over 12 calls
2025-10-12 10:18:08,657 - INFO - 
💾 模型第一次反向传播阶段的显存峰值（所有模块中的最大值）: 11613.58 MB
2025-10-12 10:18:08,657 - INFO - 
💾 模型初始显存: 237.80 MB
2025-10-12 10:18:08,657 - INFO - =======================================================================

2025-10-12 10:18:08,657 - INFO - torch.cuda.max_memory_reserved() : 15.791015625
2025-10-12 10:18:14,272 - INFO - Epoch 4 completed in 5.614398 seconds
2025-10-12 10:18:14,272 - INFO - torch.cuda.max_memory_reserved() : 16.52734375
2025-10-12 10:18:19,945 - INFO - Epoch 5 completed in 5.671826 seconds
2025-10-12 10:18:19,945 - INFO - torch.cuda.max_memory_reserved() : 16.52734375
2025-10-12 10:18:25,658 - INFO - Epoch 6 completed in 5.712803 seconds
2025-10-12 10:18:25,659 - INFO - torch.cuda.max_memory_reserved() : 16.52734375
2025-10-12 10:18:31,257 - INFO - Epoch 7 completed in 5.597905 seconds
2025-10-12 10:18:31,258 - INFO - torch.cuda.max_memory_reserved() : 16.52734375
2025-10-12 10:18:36,608 - INFO - Epoch 8 completed in 5.349868 seconds
2025-10-12 10:18:36,609 - INFO - torch.cuda.max_memory_reserved() : 16.52734375
2025-10-12 10:18:42,199 - INFO - Epoch 9 completed in 5.589729 seconds
2025-10-12 10:18:42,199 - INFO - torch.cuda.max_memory_reserved() : 16.52734375
2025-10-12 10:18:47,592 - INFO - Epoch 10 completed in 5.392750 seconds
2025-10-12 10:18:49,827 - INFO - torch.cuda.max_memory_reserved() : 16.52734375
2025-10-12 10:18:49,828 - INFO - !!!采用策略后的几个epoch 平均时间:5.545836806297302
2025-10-12 10:18:49,828 - INFO - 



