2025-10-12 10:10:07,322 - INFO - 📌 第一个 epoch：默认所有模块使用 checkpoint
2025-10-12 10:10:14,555 - INFO - Epoch 1 completed in 7.245210 seconds
2025-10-12 10:10:16,802 - INFO - torch.cuda.max_memory_reserved() : 11.17578125
2025-10-12 10:10:23,462 - INFO - 
[🔁 拟合反向传播时间模型]
2025-10-12 10:10:23,462 - INFO - 总反向传播时间: 6.619811s
2025-10-12 10:10:23,462 - INFO - 拟合模型: backward_total ≈ 2 × (A + B) + b
2025-10-12 10:10:23,463 - INFO - A = 5.281314, B = 0.459704, b = 0.878792s
2025-10-12 10:10:23,949 - INFO - ✅ 最优策略：[0, 0, 0, 0, 1, 0, 0, 1, 0, 0, 0, 0, 1, 0, 1, 1]
2025-10-12 10:10:23,949 - INFO - 📌 checkpoint 的欧氏长度:, [27, 54, 81, 108, 162, 189]
2025-10-12 10:10:23,949 - INFO - 📌 checkpoint 的余弦长度:, [27, 54, 81, 108, 162]
2025-10-12 10:10:23,949 - INFO - 💾 最终显存峰值：%.2f MB % 10113.690406630654
2025-10-12 10:10:23,954 - INFO - Epoch 2 completed in 7.151673 seconds
2025-10-12 10:10:23,955 - INFO - torch.cuda.max_memory_reserved() : 11.17578125
2025-10-12 10:10:29,734 - INFO - Epoch 3 completed in 5.778733 seconds
2025-10-12 10:10:29,734 - INFO - 
====================== [第1个 Epoch 收集统计数据] ======================
2025-10-12 10:10:29,734 - INFO - 
🔍 EUCLIDEAN modules:
2025-10-12 10:10:29,734 - INFO - [Shapelet  27] forward_avg=0.007892s over 12 calls | peak=866.77MB | final=0.00MB
2025-10-12 10:10:29,734 - INFO - [Shapelet  54] forward_avg=0.009727s over 12 calls | peak=1508.45MB | final=0.00MB
2025-10-12 10:10:29,734 - INFO - [Shapelet  81] forward_avg=0.012580s over 12 calls | peak=1972.67MB | final=0.00MB
2025-10-12 10:10:29,734 - INFO - [Shapelet 108] forward_avg=0.014168s over 12 calls | peak=2253.60MB | final=0.00MB
2025-10-12 10:10:29,734 - INFO - [Shapelet 135] forward_avg=0.014813s over 12 calls | peak=2357.04MB | final=0.00MB
2025-10-12 10:10:29,734 - INFO - [Shapelet 162] forward_avg=0.012919s over 12 calls | peak=2280.04MB | final=0.00MB
2025-10-12 10:10:29,734 - INFO - [Shapelet 189] forward_avg=0.011803s over 12 calls | peak=2023.78MB | final=0.00MB
2025-10-12 10:10:29,734 - INFO - [Shapelet 216] forward_avg=0.010544s over 12 calls | peak=1588.90MB | final=0.00MB
2025-10-12 10:10:29,734 - INFO - 
🔍 COSINE modules:
2025-10-12 10:10:29,734 - INFO - [Shapelet  27] forward_avg=0.003540s over 12 calls | peak=550.84MB | final=0.00MB
2025-10-12 10:10:29,734 - INFO - [Shapelet  54] forward_avg=0.005316s over 12 calls | peak=970.87MB | final=0.00MB
2025-10-12 10:10:29,735 - INFO - [Shapelet  81] forward_avg=0.006760s over 12 calls | peak=1271.50MB | final=0.00MB
2025-10-12 10:10:29,735 - INFO - [Shapelet 108] forward_avg=0.007975s over 12 calls | peak=1451.84MB | final=0.00MB
2025-10-12 10:10:29,735 - INFO - [Shapelet 135] forward_avg=0.008419s over 12 calls | peak=1513.58MB | final=0.00MB
2025-10-12 10:10:29,735 - INFO - [Shapelet 162] forward_avg=0.007117s over 12 calls | peak=1454.06MB | final=0.00MB
2025-10-12 10:10:29,735 - INFO - [Shapelet 189] forward_avg=0.006776s over 12 calls | peak=1275.63MB | final=0.00MB
2025-10-12 10:10:29,735 - INFO - [Shapelet 216] forward_avg=0.006355s over 12 calls | peak=977.89MB | final=0.00MB
2025-10-12 10:10:29,735 - INFO - 
🔍 CROSS modules:
2025-10-12 10:10:29,735 - INFO - [Shapelet  27] forward_avg=0.001162s over 12 calls
2025-10-12 10:10:29,735 - INFO - [Shapelet  54] forward_avg=0.001786s over 12 calls
2025-10-12 10:10:29,735 - INFO - [Shapelet  81] forward_avg=0.002429s over 12 calls
2025-10-12 10:10:29,735 - INFO - [Shapelet 108] forward_avg=0.002864s over 12 calls
2025-10-12 10:10:29,735 - INFO - [Shapelet 135] forward_avg=0.002180s over 12 calls
2025-10-12 10:10:29,735 - INFO - [Shapelet 162] forward_avg=0.002542s over 12 calls
2025-10-12 10:10:29,735 - INFO - [Shapelet 189] forward_avg=0.002911s over 12 calls
2025-10-12 10:10:29,735 - INFO - [Shapelet 216] forward_avg=0.003281s over 12 calls
2025-10-12 10:10:29,735 - INFO - 
💾 模型第一次反向传播阶段的显存峰值（所有模块中的最大值）: 8148.18 MB
2025-10-12 10:10:29,735 - INFO - 
💾 模型初始显存: 237.80 MB
2025-10-12 10:10:29,735 - INFO - =======================================================================

2025-10-12 10:10:29,735 - INFO - torch.cuda.max_memory_reserved() : 12.66015625
2025-10-12 10:10:35,929 - INFO - Epoch 4 completed in 6.192960 seconds
2025-10-12 10:10:35,929 - INFO - torch.cuda.max_memory_reserved() : 12.66015625
2025-10-12 10:10:41,878 - INFO - Epoch 5 completed in 5.948727 seconds
2025-10-12 10:10:41,879 - INFO - torch.cuda.max_memory_reserved() : 12.66015625
2025-10-12 10:10:48,070 - INFO - Epoch 6 completed in 6.191193 seconds
2025-10-12 10:10:48,071 - INFO - torch.cuda.max_memory_reserved() : 12.66015625
2025-10-12 10:10:53,973 - INFO - Epoch 7 completed in 5.901456 seconds
2025-10-12 10:10:53,973 - INFO - torch.cuda.max_memory_reserved() : 12.66015625
2025-10-12 10:10:59,697 - INFO - Epoch 8 completed in 5.722679 seconds
2025-10-12 10:10:59,698 - INFO - torch.cuda.max_memory_reserved() : 12.66015625
2025-10-12 10:11:05,761 - INFO - Epoch 9 completed in 6.062746 seconds
2025-10-12 10:11:05,761 - INFO - torch.cuda.max_memory_reserved() : 12.66015625
2025-10-12 10:11:11,882 - INFO - Epoch 10 completed in 6.120380 seconds
2025-10-12 10:11:14,125 - INFO - torch.cuda.max_memory_reserved() : 12.66015625
2025-10-12 10:11:14,126 - INFO - !!!采用策略后的几个epoch 平均时间:5.989859223365784
2025-10-12 10:11:14,126 - INFO - 



