2025-10-12 12:14:21,303 - INFO - 📌 第一个 epoch：默认所有模块使用 checkpoint
2025-10-12 12:16:42,361 - INFO - Epoch 1 completed in 141.078446 seconds
2025-10-12 12:17:15,090 - INFO - torch.cuda.max_memory_reserved() : 15.2421875
2025-10-12 12:19:35,832 - INFO - 
[🔁 拟合反向传播时间模型]
2025-10-12 12:19:35,832 - INFO - 总反向传播时间: 140.474037s
2025-10-12 12:19:35,832 - INFO - 拟合模型: backward_total ≈ 2 × (A + B) + b
2025-10-12 12:19:35,832 - INFO - A = 123.540890, B = 11.943130, b = 4.990017s
2025-10-12 12:19:35,898 - INFO - ✅ 最优策略：[0, 1, 1, 0, 1, 1, 0, 1, 0, 1, 0, 1, 1, 1, 0, 1]
2025-10-12 12:19:35,898 - INFO - 📌 checkpoint 的欧氏长度:, [128, 1101, 2075]
2025-10-12 12:19:35,898 - INFO - 📌 checkpoint 的余弦长度:, [128, 777, 2075]
2025-10-12 12:19:35,898 - INFO - 💾 最终显存峰值：%.2f MB % 16622.094304968174
2025-10-12 12:19:35,912 - INFO - Epoch 2 completed in 140.821596 seconds
2025-10-12 12:19:35,913 - INFO - torch.cuda.max_memory_reserved() : 15.2421875
2025-10-12 12:21:25,573 - INFO - Epoch 3 completed in 109.659933 seconds
2025-10-12 12:21:25,573 - INFO - 
====================== [第1个 Epoch 收集统计数据] ======================
2025-10-12 12:21:25,573 - INFO - 
🔍 EUCLIDEAN modules:
2025-10-12 12:21:25,573 - INFO - [Shapelet 128] forward_avg=0.003187s over 278 calls | peak=545.46MB | final=0.00MB
2025-10-12 12:21:25,573 - INFO - [Shapelet 452] forward_avg=0.008093s over 278 calls | peak=1696.97MB | final=0.00MB
2025-10-12 12:21:25,573 - INFO - [Shapelet 777] forward_avg=0.011948s over 278 calls | peak=2541.23MB | final=0.00MB
2025-10-12 12:21:25,574 - INFO - [Shapelet 1101] forward_avg=0.014252s over 278 calls | peak=3076.86MB | final=0.00MB
2025-10-12 12:21:25,574 - INFO - [Shapelet 1426] forward_avg=0.015380s over 278 calls | peak=3302.11MB | final=0.00MB
2025-10-12 12:21:25,574 - INFO - [Shapelet 1750] forward_avg=0.014852s over 278 calls | peak=3220.47MB | final=0.00MB
2025-10-12 12:21:25,574 - INFO - [Shapelet 2075] forward_avg=0.013150s over 278 calls | peak=2830.50MB | final=0.00MB
2025-10-12 12:21:25,574 - INFO - [Shapelet 2400] forward_avg=0.009758s over 278 calls | peak=2129.31MB | final=0.00MB
2025-10-12 12:21:25,574 - INFO - 
🔍 COSINE modules:
2025-10-12 12:21:25,574 - INFO - [Shapelet 128] forward_avg=0.002083s over 278 calls | peak=360.86MB | final=0.00MB
2025-10-12 12:21:25,574 - INFO - [Shapelet 452] forward_avg=0.005098s over 278 calls | peak=1127.04MB | final=0.00MB
2025-10-12 12:21:25,574 - INFO - [Shapelet 777] forward_avg=0.007527s over 278 calls | peak=1688.97MB | final=0.00MB
2025-10-12 12:21:25,574 - INFO - [Shapelet 1101] forward_avg=0.008950s over 278 calls | peak=2044.93MB | final=0.00MB
2025-10-12 12:21:25,574 - INFO - [Shapelet 1426] forward_avg=0.009707s over 278 calls | peak=2194.08MB | final=0.00MB
2025-10-12 12:21:25,574 - INFO - [Shapelet 1750] forward_avg=0.009370s over 278 calls | peak=2138.55MB | final=0.00MB
2025-10-12 12:21:25,574 - INFO - [Shapelet 2075] forward_avg=0.008468s over 278 calls | peak=1876.87MB | final=0.00MB
2025-10-12 12:21:25,574 - INFO - [Shapelet 2400] forward_avg=0.006309s over 278 calls | peak=1408.89MB | final=0.00MB
2025-10-12 12:21:25,574 - INFO - 
🔍 CROSS modules:
2025-10-12 12:21:25,574 - INFO - [Shapelet 128] forward_avg=0.000635s over 278 calls
2025-10-12 12:21:25,574 - INFO - [Shapelet 452] forward_avg=0.001054s over 278 calls
2025-10-12 12:21:25,574 - INFO - [Shapelet 777] forward_avg=0.001619s over 278 calls
2025-10-12 12:21:25,574 - INFO - [Shapelet 1101] forward_avg=0.002294s over 278 calls
2025-10-12 12:21:25,574 - INFO - [Shapelet 1426] forward_avg=0.003005s over 278 calls
2025-10-12 12:21:25,574 - INFO - [Shapelet 1750] forward_avg=0.003652s over 278 calls
2025-10-12 12:21:25,574 - INFO - [Shapelet 2075] forward_avg=0.004315s over 278 calls
2025-10-12 12:21:25,574 - INFO - [Shapelet 2400] forward_avg=0.004907s over 278 calls
2025-10-12 12:21:25,574 - INFO - 
💾 模型第一次反向传播阶段的显存峰值（所有模块中的最大值）: 16501.82 MB
2025-10-12 12:21:25,574 - INFO - 
💾 模型初始显存: 104.49 MB
2025-10-12 12:21:25,574 - INFO - =======================================================================

2025-10-12 12:21:25,574 - INFO - torch.cuda.max_memory_reserved() : 22.25
2025-10-12 12:23:15,649 - INFO - Epoch 4 completed in 110.073731 seconds
2025-10-12 12:23:15,649 - INFO - torch.cuda.max_memory_reserved() : 23.322265625
2025-10-12 12:25:05,949 - INFO - Epoch 5 completed in 110.299111 seconds
2025-10-12 12:25:05,949 - INFO - torch.cuda.max_memory_reserved() : 23.322265625
2025-10-12 12:26:57,717 - INFO - Epoch 6 completed in 111.767172 seconds
2025-10-12 12:26:57,717 - INFO - torch.cuda.max_memory_reserved() : 23.322265625
2025-10-12 12:28:48,092 - INFO - Epoch 7 completed in 110.374298 seconds
2025-10-12 12:28:48,093 - INFO - torch.cuda.max_memory_reserved() : 23.322265625
2025-10-12 12:30:38,843 - INFO - Epoch 8 completed in 110.749816 seconds
2025-10-12 12:30:38,843 - INFO - torch.cuda.max_memory_reserved() : 23.322265625
2025-10-12 12:32:29,626 - INFO - Epoch 9 completed in 110.782338 seconds
2025-10-12 12:32:29,627 - INFO - torch.cuda.max_memory_reserved() : 23.322265625
2025-10-12 12:34:20,696 - INFO - Epoch 10 completed in 111.069184 seconds
2025-10-12 12:34:53,169 - INFO - torch.cuda.max_memory_reserved() : 23.322265625
2025-10-12 12:34:53,170 - INFO - !!!采用策略后的几个epoch 平均时间:110.59694775938988
2025-10-12 12:34:53,170 - INFO - 



