2025-10-12 10:46:11,071 - INFO - 📌 第一个 epoch：默认所有模块使用 checkpoint
2025-10-12 10:48:31,626 - INFO - Epoch 1 completed in 140.575083 seconds
2025-10-12 10:49:04,292 - INFO - torch.cuda.max_memory_reserved() : 15.2421875
2025-10-12 10:51:25,476 - INFO - 
[🔁 拟合反向传播时间模型]
2025-10-12 10:51:25,476 - INFO - 总反向传播时间: 140.907983s
2025-10-12 10:51:25,476 - INFO - 拟合模型: backward_total ≈ 2 × (A + B) + b
2025-10-12 10:51:25,476 - INFO - A = 123.358196, B = 11.879633, b = 5.670154s
2025-10-12 10:51:26,103 - INFO - ✅ 最优策略：[1, 0, 1, 0, 0, 0, 1, 0, 1, 0, 0, 0, 1, 0, 1, 1]
2025-10-12 10:51:26,103 - INFO - 📌 checkpoint 的欧氏长度:, [452, 1101, 1426, 1750, 2400]
2025-10-12 10:51:26,103 - INFO - 📌 checkpoint 的余弦长度:, [452, 777, 1101, 1750]
2025-10-12 10:51:26,103 - INFO - 💾 最终显存峰值：%.2f MB % 11512.645934334862
2025-10-12 10:51:26,118 - INFO - Epoch 2 completed in 141.825781 seconds
2025-10-12 10:51:26,118 - INFO - torch.cuda.max_memory_reserved() : 15.2421875
2025-10-12 10:53:29,371 - INFO - Epoch 3 completed in 123.252413 seconds
2025-10-12 10:53:29,371 - INFO - 
====================== [第1个 Epoch 收集统计数据] ======================
2025-10-12 10:53:29,371 - INFO - 
🔍 EUCLIDEAN modules:
2025-10-12 10:53:29,372 - INFO - [Shapelet 128] forward_avg=0.003165s over 278 calls | peak=545.46MB | final=0.00MB
2025-10-12 10:53:29,372 - INFO - [Shapelet 452] forward_avg=0.008092s over 278 calls | peak=1696.97MB | final=0.00MB
2025-10-12 10:53:29,372 - INFO - [Shapelet 777] forward_avg=0.011933s over 278 calls | peak=2541.23MB | final=0.00MB
2025-10-12 10:53:29,372 - INFO - [Shapelet 1101] forward_avg=0.014259s over 278 calls | peak=3076.86MB | final=0.00MB
2025-10-12 10:53:29,372 - INFO - [Shapelet 1426] forward_avg=0.015378s over 278 calls | peak=3302.11MB | final=0.00MB
2025-10-12 10:53:29,372 - INFO - [Shapelet 1750] forward_avg=0.014868s over 278 calls | peak=3220.47MB | final=0.00MB
2025-10-12 10:53:29,372 - INFO - [Shapelet 2075] forward_avg=0.013136s over 278 calls | peak=2830.50MB | final=0.00MB
2025-10-12 10:53:29,372 - INFO - [Shapelet 2400] forward_avg=0.009733s over 278 calls | peak=2129.31MB | final=0.00MB
2025-10-12 10:53:29,372 - INFO - 
🔍 COSINE modules:
2025-10-12 10:53:29,372 - INFO - [Shapelet 128] forward_avg=0.002035s over 278 calls | peak=360.86MB | final=0.00MB
2025-10-12 10:53:29,372 - INFO - [Shapelet 452] forward_avg=0.005082s over 278 calls | peak=1127.04MB | final=0.00MB
2025-10-12 10:53:29,372 - INFO - [Shapelet 777] forward_avg=0.007509s over 278 calls | peak=1688.97MB | final=0.00MB
2025-10-12 10:53:29,372 - INFO - [Shapelet 1101] forward_avg=0.008935s over 278 calls | peak=2044.93MB | final=0.00MB
2025-10-12 10:53:29,372 - INFO - [Shapelet 1426] forward_avg=0.009683s over 278 calls | peak=2194.08MB | final=0.00MB
2025-10-12 10:53:29,372 - INFO - [Shapelet 1750] forward_avg=0.009352s over 278 calls | peak=2138.55MB | final=0.00MB
2025-10-12 10:53:29,372 - INFO - [Shapelet 2075] forward_avg=0.008453s over 278 calls | peak=1876.87MB | final=0.00MB
2025-10-12 10:53:29,372 - INFO - [Shapelet 2400] forward_avg=0.006298s over 278 calls | peak=1408.89MB | final=0.00MB
2025-10-12 10:53:29,372 - INFO - 
🔍 CROSS modules:
2025-10-12 10:53:29,372 - INFO - [Shapelet 128] forward_avg=0.000606s over 278 calls
2025-10-12 10:53:29,372 - INFO - [Shapelet 452] forward_avg=0.001042s over 278 calls
2025-10-12 10:53:29,372 - INFO - [Shapelet 777] forward_avg=0.001612s over 278 calls
2025-10-12 10:53:29,372 - INFO - [Shapelet 1101] forward_avg=0.002283s over 278 calls
2025-10-12 10:53:29,372 - INFO - [Shapelet 1426] forward_avg=0.002990s over 278 calls
2025-10-12 10:53:29,372 - INFO - [Shapelet 1750] forward_avg=0.003637s over 278 calls
2025-10-12 10:53:29,372 - INFO - [Shapelet 2075] forward_avg=0.004302s over 278 calls
2025-10-12 10:53:29,372 - INFO - [Shapelet 2400] forward_avg=0.004895s over 278 calls
2025-10-12 10:53:29,372 - INFO - 
💾 模型第一次反向传播阶段的显存峰值（所有模块中的最大值）: 10665.66 MB
2025-10-12 10:53:29,372 - INFO - 
💾 模型初始显存: 104.49 MB
2025-10-12 10:53:29,372 - INFO - =======================================================================

2025-10-12 10:53:29,373 - INFO - torch.cuda.max_memory_reserved() : 17.390625
2025-10-12 10:55:34,095 - INFO - Epoch 4 completed in 124.722109 seconds
2025-10-12 10:55:34,096 - INFO - torch.cuda.max_memory_reserved() : 17.390625
2025-10-12 10:57:39,058 - INFO - Epoch 5 completed in 124.961559 seconds
2025-10-12 10:57:39,058 - INFO - torch.cuda.max_memory_reserved() : 17.390625
2025-10-12 10:59:43,052 - INFO - Epoch 6 completed in 123.993180 seconds
2025-10-12 10:59:43,052 - INFO - torch.cuda.max_memory_reserved() : 17.390625
2025-10-12 11:01:47,256 - INFO - Epoch 7 completed in 124.202973 seconds
2025-10-12 11:01:47,256 - INFO - torch.cuda.max_memory_reserved() : 17.390625
2025-10-12 11:03:51,087 - INFO - Epoch 8 completed in 123.830525 seconds
2025-10-12 11:03:51,088 - INFO - torch.cuda.max_memory_reserved() : 17.390625
2025-10-12 11:05:55,226 - INFO - Epoch 9 completed in 124.138061 seconds
2025-10-12 11:05:55,226 - INFO - torch.cuda.max_memory_reserved() : 17.390625
2025-10-12 11:07:59,441 - INFO - Epoch 10 completed in 124.213849 seconds
2025-10-12 11:08:32,073 - INFO - torch.cuda.max_memory_reserved() : 17.390625
2025-10-12 11:08:32,073 - INFO - !!!采用策略后的几个epoch 平均时间:124.1643336713314
2025-10-12 11:08:32,073 - INFO - 



