2025-10-12 10:07:31,893 - INFO - 📌 第一个 epoch：默认所有模块使用 checkpoint
2025-10-12 10:07:46,273 - INFO - Epoch 1 completed in 14.398080 seconds
2025-10-12 10:07:49,543 - INFO - torch.cuda.max_memory_reserved() : 2.0546875
2025-10-12 10:08:03,364 - INFO - 
[🔁 拟合反向传播时间模型]
2025-10-12 10:08:03,365 - INFO - 总反向传播时间: 13.707332s
2025-10-12 10:08:03,365 - INFO - 拟合模型: backward_total ≈ 2 × (A + B) + b
2025-10-12 10:08:03,365 - INFO - A = 8.455552, B = 0.766662, b = 4.485118s
2025-10-12 10:08:03,432 - INFO - ✅ 最优策略：[1, 0, 1, 0, 1, 0, 1, 0, 0, 1, 1, 1, 1, 1, 1, 1]
2025-10-12 10:08:03,432 - INFO - 📌 checkpoint 的欧氏长度:, [28, 57, 86, 115]
2025-10-12 10:08:03,432 - INFO - 📌 checkpoint 的余弦长度:, [14]
2025-10-12 10:08:03,432 - INFO - 💾 最终显存峰值：%.2f MB % 2586.457639650792
2025-10-12 10:08:03,443 - INFO - Epoch 2 completed in 13.899688 seconds
2025-10-12 10:08:03,443 - INFO - torch.cuda.max_memory_reserved() : 2.0546875
2025-10-12 10:08:15,090 - INFO - Epoch 3 completed in 11.646852 seconds
2025-10-12 10:08:15,091 - INFO - 
====================== [第1个 Epoch 收集统计数据] ======================
2025-10-12 10:08:15,091 - INFO - 
🔍 EUCLIDEAN modules:
2025-10-12 10:08:15,091 - INFO - [Shapelet  14] forward_avg=0.002387s over 66 calls | peak=183.81MB | final=0.00MB
2025-10-12 10:08:15,091 - INFO - [Shapelet  28] forward_avg=0.002717s over 66 calls | peak=315.73MB | final=0.00MB
2025-10-12 10:08:15,091 - INFO - [Shapelet  42] forward_avg=0.003195s over 66 calls | peak=412.87MB | final=0.00MB
2025-10-12 10:08:15,091 - INFO - [Shapelet  57] forward_avg=0.003403s over 66 calls | peak=476.30MB | final=0.00MB
2025-10-12 10:08:15,091 - INFO - [Shapelet  71] forward_avg=0.003526s over 66 calls | peak=499.81MB | final=0.00MB
2025-10-12 10:08:15,091 - INFO - [Shapelet  86] forward_avg=0.003463s over 66 calls | peak=487.91MB | final=0.00MB
2025-10-12 10:08:15,091 - INFO - [Shapelet 100] forward_avg=0.003526s over 66 calls | peak=441.43MB | final=0.00MB
2025-10-12 10:08:15,091 - INFO - [Shapelet 115] forward_avg=0.003170s over 66 calls | peak=352.40MB | final=0.00MB
2025-10-12 10:08:15,091 - INFO - 
🔍 COSINE modules:
2025-10-12 10:08:15,091 - INFO - [Shapelet  14] forward_avg=0.002110s over 66 calls | peak=111.85MB | final=0.00MB
2025-10-12 10:08:15,091 - INFO - [Shapelet  28] forward_avg=0.001942s over 66 calls | peak=195.99MB | final=0.00MB
2025-10-12 10:08:15,091 - INFO - [Shapelet  42] forward_avg=0.001942s over 66 calls | peak=259.03MB | final=0.00MB
2025-10-12 10:08:15,091 - INFO - [Shapelet  57] forward_avg=0.002039s over 66 calls | peak=298.59MB | final=0.00MB
2025-10-12 10:08:15,091 - INFO - [Shapelet  71] forward_avg=0.002184s over 66 calls | peak=310.99MB | final=0.00MB
2025-10-12 10:08:15,091 - INFO - [Shapelet  86] forward_avg=0.002311s over 66 calls | peak=299.97MB | final=0.00MB
2025-10-12 10:08:15,091 - INFO - [Shapelet 100] forward_avg=0.002371s over 66 calls | peak=265.82MB | final=0.00MB
2025-10-12 10:08:15,091 - INFO - [Shapelet 115] forward_avg=0.002418s over 66 calls | peak=203.66MB | final=0.00MB
2025-10-12 10:08:15,091 - INFO - 
🔍 CROSS modules:
2025-10-12 10:08:15,091 - INFO - [Shapelet  14] forward_avg=0.000529s over 66 calls
2025-10-12 10:08:15,091 - INFO - [Shapelet  28] forward_avg=0.000493s over 66 calls
2025-10-12 10:08:15,091 - INFO - [Shapelet  42] forward_avg=0.000613s over 66 calls
2025-10-12 10:08:15,091 - INFO - [Shapelet  57] forward_avg=0.000660s over 66 calls
2025-10-12 10:08:15,091 - INFO - [Shapelet  71] forward_avg=0.000755s over 66 calls
2025-10-12 10:08:15,091 - INFO - [Shapelet  86] forward_avg=0.000833s over 66 calls
2025-10-12 10:08:15,091 - INFO - [Shapelet 100] forward_avg=0.000915s over 66 calls
2025-10-12 10:08:15,091 - INFO - [Shapelet 115] forward_avg=0.001010s over 66 calls
2025-10-12 10:08:15,091 - INFO - 
💾 模型第一次反向传播阶段的显存峰值（所有模块中的最大值）: 3077.16 MB
2025-10-12 10:08:15,091 - INFO - 
💾 模型初始显存: 91.00 MB
2025-10-12 10:08:15,091 - INFO - =======================================================================

2025-10-12 10:08:15,092 - INFO - torch.cuda.max_memory_reserved() : 4.1875
2025-10-12 10:08:26,835 - INFO - Epoch 4 completed in 11.742425 seconds
2025-10-12 10:08:26,835 - INFO - torch.cuda.max_memory_reserved() : 4.189453125
2025-10-12 10:08:38,556 - INFO - Epoch 5 completed in 11.720175 seconds
2025-10-12 10:08:38,556 - INFO - torch.cuda.max_memory_reserved() : 4.189453125
2025-10-12 10:08:50,248 - INFO - Epoch 6 completed in 11.691544 seconds
2025-10-12 10:08:50,248 - INFO - torch.cuda.max_memory_reserved() : 4.189453125
2025-10-12 10:09:01,895 - INFO - Epoch 7 completed in 11.645741 seconds
2025-10-12 10:09:01,895 - INFO - torch.cuda.max_memory_reserved() : 4.189453125
2025-10-12 10:09:13,484 - INFO - Epoch 8 completed in 11.588912 seconds
2025-10-12 10:09:13,485 - INFO - torch.cuda.max_memory_reserved() : 4.189453125
2025-10-12 10:09:25,143 - INFO - Epoch 9 completed in 11.657766 seconds
2025-10-12 10:09:25,143 - INFO - torch.cuda.max_memory_reserved() : 4.189453125
2025-10-12 10:09:36,680 - INFO - Epoch 10 completed in 11.536284 seconds
2025-10-12 10:09:39,781 - INFO - torch.cuda.max_memory_reserved() : 4.189453125
2025-10-12 10:09:39,782 - INFO - !!!采用策略后的几个epoch 平均时间:11.65371236205101
2025-10-12 10:09:39,782 - INFO - 



