2025-10-18 23:54:41,593 - INFO - 📌 第一个 epoch：默认所有模块使用 checkpoint
2025-10-18 23:54:42,777 - INFO - Epoch 1 completed in 1.187544 seconds
2025-10-18 23:54:43,274 - INFO - torch.cuda.max_memory_reserved() : 7.45703125
2025-10-18 23:54:43,891 - INFO - 
[🔁 拟合反向传播时间模型]
2025-10-18 23:54:43,892 - INFO - 总反向传播时间: 0.612216s
2025-10-18 23:54:43,892 - INFO - 拟合模型: backward_total ≈ 2 × (A + B) + b
2025-10-18 23:54:43,892 - INFO - A = 0.969406, B = 0.018987, b = -0.376177s
2025-10-18 23:54:44,363 - INFO - ✅ 最优策略：[1.0, 1.0, 1.0, 1.0, 1.0, 1.0, 1.0, 1.0, 1.0, 1.0, 1.0, 1.0, 1.0, 1.0, 1.0, 1.0]
2025-10-18 23:54:44,363 - INFO - 📌 checkpoint 的欧氏长度:, []
2025-10-18 23:54:44,364 - INFO - 📌 checkpoint 的余弦长度:, []
2025-10-18 23:54:44,364 - INFO - 💾 最终显存峰值：%.2f MB % 14191.99333190918
2025-10-18 23:54:44,364 - INFO - Epoch 2 completed in 1.089321 seconds
2025-10-18 23:54:44,364 - INFO - torch.cuda.max_memory_reserved() : 7.45703125
2025-10-18 23:54:44,789 - INFO - Epoch 3 completed in 0.424402 seconds
2025-10-18 23:54:44,789 - INFO - 
====================== [第1个 Epoch 收集统计数据] ======================
2025-10-18 23:54:44,789 - INFO - 
🔍 EUCLIDEAN modules:
2025-10-18 23:54:44,789 - INFO - [Shapelet 119] forward_avg=0.017754s over 2 calls | peak=574.44MB | final=0.00MB
2025-10-18 23:54:44,789 - INFO - [Shapelet 238] forward_avg=0.010363s over 2 calls | peak=1015.43MB | final=0.00MB
2025-10-18 23:54:44,789 - INFO - [Shapelet 358] forward_avg=0.016301s over 2 calls | peak=1333.82MB | final=0.00MB
2025-10-18 23:54:44,789 - INFO - [Shapelet 478] forward_avg=0.019927s over 2 calls | peak=1527.39MB | final=0.00MB
2025-10-18 23:54:44,789 - INFO - [Shapelet 597] forward_avg=0.019630s over 2 calls | peak=1593.80MB | final=0.00MB
2025-10-18 23:54:44,789 - INFO - [Shapelet 717] forward_avg=0.016840s over 2 calls | peak=1532.89MB | final=0.00MB
2025-10-18 23:54:44,789 - INFO - [Shapelet 837] forward_avg=0.014191s over 2 calls | peak=1346.26MB | final=0.00MB
2025-10-18 23:54:44,789 - INFO - [Shapelet 957] forward_avg=0.011694s over 2 calls | peak=1033.37MB | final=0.00MB
2025-10-18 23:54:44,790 - INFO - 
🔍 COSINE modules:
2025-10-18 23:54:44,790 - INFO - [Shapelet 119] forward_avg=0.002047s over 2 calls | peak=377.76MB | final=0.00MB
2025-10-18 23:54:44,790 - INFO - [Shapelet 238] forward_avg=0.003042s over 2 calls | peak=670.78MB | final=0.00MB
2025-10-18 23:54:44,790 - INFO - [Shapelet 358] forward_avg=0.003852s over 2 calls | peak=882.25MB | final=0.00MB
2025-10-18 23:54:44,790 - INFO - [Shapelet 478] forward_avg=0.006777s over 2 calls | peak=1010.33MB | final=0.00MB
2025-10-18 23:54:44,790 - INFO - [Shapelet 597] forward_avg=0.007875s over 2 calls | peak=1052.88MB | final=0.00MB
2025-10-18 23:54:44,790 - INFO - [Shapelet 717] forward_avg=0.004341s over 2 calls | peak=1012.70MB | final=0.00MB
2025-10-18 23:54:44,790 - INFO - [Shapelet 837] forward_avg=0.003884s over 2 calls | peak=885.75MB | final=0.00MB
2025-10-18 23:54:44,790 - INFO - [Shapelet 957] forward_avg=0.003048s over 2 calls | peak=676.20MB | final=0.00MB
2025-10-18 23:54:44,790 - INFO - 
🔍 CROSS modules:
2025-10-18 23:54:44,790 - INFO - [Shapelet 119] forward_avg=0.000566s over 2 calls
2025-10-18 23:54:44,790 - INFO - [Shapelet 238] forward_avg=0.000459s over 2 calls
2025-10-18 23:54:44,790 - INFO - [Shapelet 358] forward_avg=0.000628s over 2 calls
2025-10-18 23:54:44,790 - INFO - [Shapelet 478] forward_avg=0.000748s over 2 calls
2025-10-18 23:54:44,790 - INFO - [Shapelet 597] forward_avg=0.000633s over 2 calls
2025-10-18 23:54:44,790 - INFO - [Shapelet 717] forward_avg=0.000556s over 2 calls
2025-10-18 23:54:44,790 - INFO - [Shapelet 837] forward_avg=0.000609s over 2 calls
2025-10-18 23:54:44,790 - INFO - [Shapelet 957] forward_avg=0.000549s over 2 calls
2025-10-18 23:54:44,790 - INFO - 
💾 模型第一次反向传播阶段的显存峰值（所有模块中的最大值）: 10772.51 MB
2025-10-18 23:54:44,790 - INFO - 
💾 模型初始显存: 9.69 MB
2025-10-18 23:54:44,790 - INFO - =======================================================================

2025-10-18 23:54:44,790 - INFO - torch.cuda.max_memory_reserved() : 15.03515625
2025-10-18 23:54:45,191 - INFO - Epoch 4 completed in 0.399984 seconds
2025-10-18 23:54:45,192 - INFO - torch.cuda.max_memory_reserved() : 15.03515625
2025-10-18 23:54:45,587 - INFO - Epoch 5 completed in 0.394607 seconds
2025-10-18 23:54:45,588 - INFO - torch.cuda.max_memory_reserved() : 15.037109375
2025-10-18 23:54:46,025 - INFO - Epoch 6 completed in 0.436749 seconds
2025-10-18 23:54:46,026 - INFO - torch.cuda.max_memory_reserved() : 15.037109375
2025-10-18 23:54:46,452 - INFO - Epoch 7 completed in 0.424776 seconds
2025-10-18 23:54:46,452 - INFO - torch.cuda.max_memory_reserved() : 15.037109375
2025-10-18 23:54:46,891 - INFO - Epoch 8 completed in 0.436868 seconds
2025-10-18 23:54:46,891 - INFO - torch.cuda.max_memory_reserved() : 15.037109375
2025-10-18 23:54:47,281 - INFO - Epoch 9 completed in 0.389520 seconds
2025-10-18 23:54:47,282 - INFO - torch.cuda.max_memory_reserved() : 15.037109375
2025-10-18 23:54:47,667 - INFO - Epoch 10 completed in 0.384607 seconds
2025-10-18 23:54:48,119 - INFO - torch.cuda.max_memory_reserved() : 15.037109375
2025-10-18 23:54:48,119 - INFO - !!!采用策略后的几个epoch 平均时间:0.4114391505718231
2025-10-18 23:54:48,119 - INFO - 



