2025-10-18 23:54:52,479 - INFO - 📌 第一个 epoch：默认所有模块使用 checkpoint
2025-10-18 23:54:53,650 - INFO - Epoch 1 completed in 1.174866 seconds
2025-10-18 23:54:54,187 - INFO - torch.cuda.max_memory_reserved() : 7.45703125
2025-10-18 23:54:54,796 - INFO - 
[🔁 拟合反向传播时间模型]
2025-10-18 23:54:54,796 - INFO - 总反向传播时间: 0.602598s
2025-10-18 23:54:54,796 - INFO - 拟合模型: backward_total ≈ 2 × (A + B) + b
2025-10-18 23:54:54,796 - INFO - A = 0.974087, B = 0.018901, b = -0.390389s
2025-10-18 23:54:55,251 - INFO - ✅ 最优策略：[1.0, 1.0, 1.0, 1.0, 1.0, 1.0, 1.0, 1.0, 1.0, 1.0, 1.0, 1.0, 1.0, 1.0, 1.0, 1.0]
2025-10-18 23:54:55,251 - INFO - 📌 checkpoint 的欧氏长度:, []
2025-10-18 23:54:55,251 - INFO - 📌 checkpoint 的余弦长度:, []
2025-10-18 23:54:55,252 - INFO - 💾 最终显存峰值：%.2f MB % 14191.99333190918
2025-10-18 23:54:55,252 - INFO - Epoch 2 completed in 1.064196 seconds
2025-10-18 23:54:55,252 - INFO - torch.cuda.max_memory_reserved() : 7.45703125
2025-10-18 23:54:55,671 - INFO - Epoch 3 completed in 0.418851 seconds
2025-10-18 23:54:55,672 - INFO - 
====================== [第1个 Epoch 收集统计数据] ======================
2025-10-18 23:54:55,672 - INFO - 
🔍 EUCLIDEAN modules:
2025-10-18 23:54:55,672 - INFO - [Shapelet 119] forward_avg=0.017790s over 2 calls | peak=574.44MB | final=0.00MB
2025-10-18 23:54:55,672 - INFO - [Shapelet 238] forward_avg=0.010186s over 2 calls | peak=1015.43MB | final=0.00MB
2025-10-18 23:54:55,672 - INFO - [Shapelet 358] forward_avg=0.017392s over 2 calls | peak=1333.82MB | final=0.00MB
2025-10-18 23:54:55,672 - INFO - [Shapelet 478] forward_avg=0.019728s over 2 calls | peak=1527.39MB | final=0.00MB
2025-10-18 23:54:55,672 - INFO - [Shapelet 597] forward_avg=0.019619s over 2 calls | peak=1593.80MB | final=0.00MB
2025-10-18 23:54:55,672 - INFO - [Shapelet 717] forward_avg=0.016936s over 2 calls | peak=1532.89MB | final=0.00MB
2025-10-18 23:54:55,672 - INFO - [Shapelet 837] forward_avg=0.014122s over 2 calls | peak=1346.26MB | final=0.00MB
2025-10-18 23:54:55,672 - INFO - [Shapelet 957] forward_avg=0.011679s over 2 calls | peak=1033.37MB | final=0.00MB
2025-10-18 23:54:55,672 - INFO - 
🔍 COSINE modules:
2025-10-18 23:54:55,672 - INFO - [Shapelet 119] forward_avg=0.001963s over 2 calls | peak=377.76MB | final=0.00MB
2025-10-18 23:54:55,672 - INFO - [Shapelet 238] forward_avg=0.003030s over 2 calls | peak=670.78MB | final=0.00MB
2025-10-18 23:54:55,672 - INFO - [Shapelet 358] forward_avg=0.004965s over 2 calls | peak=882.25MB | final=0.00MB
2025-10-18 23:54:55,672 - INFO - [Shapelet 478] forward_avg=0.006816s over 2 calls | peak=1010.33MB | final=0.00MB
2025-10-18 23:54:55,672 - INFO - [Shapelet 597] forward_avg=0.006838s over 2 calls | peak=1052.88MB | final=0.00MB
2025-10-18 23:54:55,672 - INFO - [Shapelet 717] forward_avg=0.004345s over 2 calls | peak=1012.70MB | final=0.00MB
2025-10-18 23:54:55,672 - INFO - [Shapelet 837] forward_avg=0.003899s over 2 calls | peak=885.75MB | final=0.00MB
2025-10-18 23:54:55,672 - INFO - [Shapelet 957] forward_avg=0.003040s over 2 calls | peak=676.20MB | final=0.00MB
2025-10-18 23:54:55,672 - INFO - 
🔍 CROSS modules:
2025-10-18 23:54:55,672 - INFO - [Shapelet 119] forward_avg=0.000599s over 2 calls
2025-10-18 23:54:55,672 - INFO - [Shapelet 238] forward_avg=0.000463s over 2 calls
2025-10-18 23:54:55,672 - INFO - [Shapelet 358] forward_avg=0.000589s over 2 calls
2025-10-18 23:54:55,672 - INFO - [Shapelet 478] forward_avg=0.000738s over 2 calls
2025-10-18 23:54:55,672 - INFO - [Shapelet 597] forward_avg=0.000623s over 2 calls
2025-10-18 23:54:55,672 - INFO - [Shapelet 717] forward_avg=0.000563s over 2 calls
2025-10-18 23:54:55,672 - INFO - [Shapelet 837] forward_avg=0.000606s over 2 calls
2025-10-18 23:54:55,672 - INFO - [Shapelet 957] forward_avg=0.000544s over 2 calls
2025-10-18 23:54:55,673 - INFO - 
💾 模型第一次反向传播阶段的显存峰值（所有模块中的最大值）: 10772.51 MB
2025-10-18 23:54:55,673 - INFO - 
💾 模型初始显存: 9.69 MB
2025-10-18 23:54:55,673 - INFO - =======================================================================

2025-10-18 23:54:55,673 - INFO - torch.cuda.max_memory_reserved() : 15.03515625
2025-10-18 23:54:56,079 - INFO - Epoch 4 completed in 0.405707 seconds
2025-10-18 23:54:56,080 - INFO - torch.cuda.max_memory_reserved() : 15.03515625
2025-10-18 23:54:56,476 - INFO - Epoch 5 completed in 0.394691 seconds
2025-10-18 23:54:56,476 - INFO - torch.cuda.max_memory_reserved() : 15.037109375
2025-10-18 23:54:56,915 - INFO - Epoch 6 completed in 0.438310 seconds
2025-10-18 23:54:56,915 - INFO - torch.cuda.max_memory_reserved() : 15.037109375
2025-10-18 23:54:57,334 - INFO - Epoch 7 completed in 0.418592 seconds
2025-10-18 23:54:57,334 - INFO - torch.cuda.max_memory_reserved() : 15.037109375
2025-10-18 23:54:57,777 - INFO - Epoch 8 completed in 0.441743 seconds
2025-10-18 23:54:57,777 - INFO - torch.cuda.max_memory_reserved() : 15.037109375
2025-10-18 23:54:58,172 - INFO - Epoch 9 completed in 0.393816 seconds
2025-10-18 23:54:58,172 - INFO - torch.cuda.max_memory_reserved() : 15.037109375
2025-10-18 23:54:58,564 - INFO - Epoch 10 completed in 0.390738 seconds
2025-10-18 23:54:59,044 - INFO - torch.cuda.max_memory_reserved() : 15.037109375
2025-10-18 23:54:59,044 - INFO - !!!采用策略后的几个epoch 平均时间:0.41280606389045715
2025-10-18 23:54:59,044 - INFO - 



