2025-10-22 01:45:08,383 - INFO - 📌 第一个 epoch：默认所有模块使用 checkpoint
2025-10-22 01:45:33,329 - INFO - Epoch 1 completed in 25.004984 seconds
2025-10-22 01:50:49,526 - INFO - torch.cuda.max_memory_reserved() : 0.919921875
2025-10-22 01:51:14,482 - INFO - 
[🔁 拟合反向传播时间模型]
2025-10-22 01:51:14,483 - INFO - 总反向传播时间: 24.601377s
2025-10-22 01:51:14,483 - INFO - 拟合模型: backward_total ≈ 2 × (A + B) + b
2025-10-22 01:51:14,483 - INFO - A = 13.566329, B = 1.204039, b = 9.831009s
2025-10-22 01:51:15,180 - INFO - ✅ 最优策略：[1.0, 1.0, 0.0, 1.0, 0.0, 1.0, 1.0, 1.0, 1.0, 1.0, 1.0, 1.0, 1.0, 1.0, 1.0, 1.0]
2025-10-22 01:51:15,180 - INFO - 📌 checkpoint 的欧氏长度:, [18, 30]
2025-10-22 01:51:15,181 - INFO - 📌 checkpoint 的余弦长度:, []
2025-10-22 01:51:15,181 - INFO - 💾 最终显存峰值：%.2f MB % 2046.4620361328125
2025-10-22 01:51:15,205 - INFO - Epoch 2 completed in 25.678512 seconds
2025-10-22 01:51:15,206 - INFO - torch.cuda.max_memory_reserved() : 0.919921875
2025-10-22 01:51:35,638 - INFO - Epoch 3 completed in 20.430660 seconds
2025-10-22 01:51:35,638 - INFO - 
====================== [第1个 Epoch 收集统计数据] ======================
2025-10-22 01:51:35,638 - INFO - 
🔍 EUCLIDEAN modules:
2025-10-22 01:51:35,638 - INFO - [Shapelet   6] forward_avg=0.002706s over 92 calls | peak=121.01MB | final=0.00MB
2025-10-22 01:51:35,639 - INFO - [Shapelet  12] forward_avg=0.002757s over 92 calls | peak=164.59MB | final=0.00MB
2025-10-22 01:51:35,639 - INFO - [Shapelet  18] forward_avg=0.003128s over 92 calls | peak=202.52MB | final=0.00MB
2025-10-22 01:51:35,639 - INFO - [Shapelet  24] forward_avg=0.003426s over 92 calls | peak=233.25MB | final=0.00MB
2025-10-22 01:51:35,639 - INFO - [Shapelet  30] forward_avg=0.003449s over 92 calls | peak=247.82MB | final=0.00MB
2025-10-22 01:51:35,639 - INFO - [Shapelet  36] forward_avg=0.003610s over 92 calls | peak=247.36MB | final=0.00MB
2025-10-22 01:51:35,639 - INFO - [Shapelet  42] forward_avg=0.003914s over 92 calls | peak=232.68MB | final=0.00MB
2025-10-22 01:51:35,639 - INFO - [Shapelet  49] forward_avg=0.002469s over 92 calls | peak=202.64MB | final=0.00MB
2025-10-22 01:51:35,639 - INFO - 
🔍 COSINE modules:
2025-10-22 01:51:35,639 - INFO - [Shapelet   6] forward_avg=0.002816s over 92 calls | peak=81.68MB | final=0.00MB
2025-10-22 01:51:35,639 - INFO - [Shapelet  12] forward_avg=0.002798s over 92 calls | peak=100.70MB | final=0.00MB
2025-10-22 01:51:35,639 - INFO - [Shapelet  18] forward_avg=0.002931s over 92 calls | peak=117.07MB | final=0.00MB
2025-10-22 01:51:35,639 - INFO - [Shapelet  24] forward_avg=0.002924s over 92 calls | peak=134.74MB | final=0.00MB
2025-10-22 01:51:35,639 - INFO - [Shapelet  30] forward_avg=0.003102s over 92 calls | peak=141.93MB | final=0.00MB
2025-10-22 01:51:35,639 - INFO - [Shapelet  36] forward_avg=0.003259s over 92 calls | peak=139.35MB | final=0.00MB
2025-10-22 01:51:35,639 - INFO - [Shapelet  42] forward_avg=0.003174s over 92 calls | peak=125.51MB | final=0.00MB
2025-10-22 01:51:35,639 - INFO - [Shapelet  49] forward_avg=0.002691s over 92 calls | peak=106.17MB | final=0.00MB
2025-10-22 01:51:35,639 - INFO - 
🔍 CROSS modules:
2025-10-22 01:51:35,639 - INFO - [Shapelet   6] forward_avg=0.000682s over 92 calls
2025-10-22 01:51:35,639 - INFO - [Shapelet  12] forward_avg=0.000625s over 92 calls
2025-10-22 01:51:35,639 - INFO - [Shapelet  18] forward_avg=0.000654s over 92 calls
2025-10-22 01:51:35,639 - INFO - [Shapelet  24] forward_avg=0.000734s over 92 calls
2025-10-22 01:51:35,639 - INFO - [Shapelet  30] forward_avg=0.000837s over 92 calls
2025-10-22 01:51:35,639 - INFO - [Shapelet  36] forward_avg=0.000908s over 92 calls
2025-10-22 01:51:35,639 - INFO - [Shapelet  42] forward_avg=0.000998s over 92 calls
2025-10-22 01:51:35,639 - INFO - [Shapelet  49] forward_avg=0.001106s over 92 calls
2025-10-22 01:51:35,640 - INFO - 
💾 模型第一次反向传播阶段的显存峰值（所有模块中的最大值）: 2295.82 MB
2025-10-22 01:51:35,640 - INFO - 
💾 模型初始显存: 18.32 MB
2025-10-22 01:51:35,640 - INFO - =======================================================================

2025-10-22 01:51:35,640 - INFO - torch.cuda.max_memory_reserved() : 2.53515625
2025-10-22 01:51:56,548 - INFO - Epoch 4 completed in 20.907602 seconds
2025-10-22 01:51:56,553 - INFO - torch.cuda.max_memory_reserved() : 2.53515625
2025-10-22 01:52:17,264 - INFO - Epoch 5 completed in 20.708070 seconds
2025-10-22 01:52:17,264 - INFO - torch.cuda.max_memory_reserved() : 2.53515625
2025-10-22 01:52:38,101 - INFO - Epoch 6 completed in 20.836068 seconds
2025-10-22 01:52:38,102 - INFO - torch.cuda.max_memory_reserved() : 2.53515625
2025-10-22 01:52:59,135 - INFO - Epoch 7 completed in 21.032080 seconds
2025-10-22 01:52:59,135 - INFO - torch.cuda.max_memory_reserved() : 2.53515625
2025-10-22 01:53:20,225 - INFO - Epoch 8 completed in 21.088457 seconds
2025-10-22 01:53:20,226 - INFO - torch.cuda.max_memory_reserved() : 2.53515625
2025-10-22 01:53:40,760 - INFO - Epoch 9 completed in 20.533620 seconds
2025-10-22 01:53:40,761 - INFO - torch.cuda.max_memory_reserved() : 2.53515625
2025-10-22 01:54:00,953 - INFO - Epoch 10 completed in 20.191303 seconds
2025-10-22 01:59:09,902 - INFO - torch.cuda.max_memory_reserved() : 2.53515625
2025-10-22 01:59:09,903 - INFO - !!!采用策略后的几个epoch 平均时间:20.71598246693611
2025-10-22 01:59:09,903 - INFO - 



