2025-10-22 02:47:43,193 - INFO - 📌 第一个 epoch：默认所有模块使用 checkpoint
2025-10-22 02:48:09,017 - INFO - Epoch 1 completed in 25.882178 seconds
2025-10-22 02:53:38,524 - INFO - torch.cuda.max_memory_reserved() : 0.919921875
2025-10-22 02:54:04,049 - INFO - 
[🔁 拟合反向传播时间模型]
2025-10-22 02:54:04,049 - INFO - 总反向传播时间: 25.148513s
2025-10-22 02:54:04,049 - INFO - 拟合模型: backward_total ≈ 2 × (A + B) + b
2025-10-22 02:54:04,049 - INFO - A = 13.532890, B = 1.264724, b = 10.350899s
2025-10-22 02:54:04,691 - INFO - ✅ 最优策略：[1.0, 1.0, 1.0, 1.0, 1.0, 1.0, 1.0, 1.0, 1.0, 1.0, 1.0, 1.0, 1.0, 1.0, 1.0, 1.0]
2025-10-22 02:54:04,691 - INFO - 📌 checkpoint 的欧氏长度:, []
2025-10-22 02:54:04,691 - INFO - 📌 checkpoint 的余弦长度:, []
2025-10-22 02:54:04,691 - INFO - 💾 最终显存峰值：%.2f MB % 2444.3057861328125
2025-10-22 02:54:04,710 - INFO - Epoch 2 completed in 26.184989 seconds
2025-10-22 02:54:04,711 - INFO - torch.cuda.max_memory_reserved() : 0.919921875
2025-10-22 02:54:23,477 - INFO - Epoch 3 completed in 18.764377 seconds
2025-10-22 02:54:23,477 - INFO - 
====================== [第1个 Epoch 收集统计数据] ======================
2025-10-22 02:54:23,477 - INFO - 
🔍 EUCLIDEAN modules:
2025-10-22 02:54:23,477 - INFO - [Shapelet   6] forward_avg=0.002711s over 92 calls | peak=121.01MB | final=0.00MB
2025-10-22 02:54:23,477 - INFO - [Shapelet  12] forward_avg=0.002784s over 92 calls | peak=164.59MB | final=0.00MB
2025-10-22 02:54:23,477 - INFO - [Shapelet  18] forward_avg=0.003143s over 92 calls | peak=202.52MB | final=0.00MB
2025-10-22 02:54:23,477 - INFO - [Shapelet  24] forward_avg=0.003575s over 92 calls | peak=233.25MB | final=0.00MB
2025-10-22 02:54:23,477 - INFO - [Shapelet  30] forward_avg=0.003433s over 92 calls | peak=247.82MB | final=0.00MB
2025-10-22 02:54:23,477 - INFO - [Shapelet  36] forward_avg=0.003610s over 92 calls | peak=247.36MB | final=0.00MB
2025-10-22 02:54:23,477 - INFO - [Shapelet  42] forward_avg=0.003731s over 92 calls | peak=232.68MB | final=0.00MB
2025-10-22 02:54:23,477 - INFO - [Shapelet  49] forward_avg=0.002359s over 92 calls | peak=202.64MB | final=0.00MB
2025-10-22 02:54:23,477 - INFO - 
🔍 COSINE modules:
2025-10-22 02:54:23,477 - INFO - [Shapelet   6] forward_avg=0.002869s over 92 calls | peak=81.68MB | final=0.00MB
2025-10-22 02:54:23,477 - INFO - [Shapelet  12] forward_avg=0.002792s over 92 calls | peak=100.70MB | final=0.00MB
2025-10-22 02:54:23,478 - INFO - [Shapelet  18] forward_avg=0.003168s over 92 calls | peak=117.07MB | final=0.00MB
2025-10-22 02:54:23,478 - INFO - [Shapelet  24] forward_avg=0.002761s over 92 calls | peak=134.74MB | final=0.00MB
2025-10-22 02:54:23,478 - INFO - [Shapelet  30] forward_avg=0.003035s over 92 calls | peak=141.93MB | final=0.00MB
2025-10-22 02:54:23,478 - INFO - [Shapelet  36] forward_avg=0.003160s over 92 calls | peak=139.35MB | final=0.00MB
2025-10-22 02:54:23,478 - INFO - [Shapelet  42] forward_avg=0.003090s over 92 calls | peak=125.51MB | final=0.00MB
2025-10-22 02:54:23,478 - INFO - [Shapelet  49] forward_avg=0.002812s over 92 calls | peak=106.17MB | final=0.00MB
2025-10-22 02:54:23,478 - INFO - 
🔍 CROSS modules:
2025-10-22 02:54:23,478 - INFO - [Shapelet   6] forward_avg=0.000794s over 92 calls
2025-10-22 02:54:23,478 - INFO - [Shapelet  12] forward_avg=0.000667s over 92 calls
2025-10-22 02:54:23,478 - INFO - [Shapelet  18] forward_avg=0.000650s over 92 calls
2025-10-22 02:54:23,478 - INFO - [Shapelet  24] forward_avg=0.000893s over 92 calls
2025-10-22 02:54:23,478 - INFO - [Shapelet  30] forward_avg=0.000878s over 92 calls
2025-10-22 02:54:23,478 - INFO - [Shapelet  36] forward_avg=0.000909s over 92 calls
2025-10-22 02:54:23,478 - INFO - [Shapelet  42] forward_avg=0.000982s over 92 calls
2025-10-22 02:54:23,478 - INFO - [Shapelet  49] forward_avg=0.001099s over 92 calls
2025-10-22 02:54:23,478 - INFO - 
💾 模型第一次反向传播阶段的显存峰值（所有模块中的最大值）: 2779.71 MB
2025-10-22 02:54:23,478 - INFO - 
💾 模型初始显存: 18.32 MB
2025-10-22 02:54:23,478 - INFO - =======================================================================

2025-10-22 02:54:23,478 - INFO - torch.cuda.max_memory_reserved() : 3.052734375
2025-10-22 02:54:43,107 - INFO - Epoch 4 completed in 19.628127 seconds
2025-10-22 02:54:43,108 - INFO - torch.cuda.max_memory_reserved() : 3.052734375
2025-10-22 02:55:01,932 - INFO - Epoch 5 completed in 18.822761 seconds
2025-10-22 02:55:01,933 - INFO - torch.cuda.max_memory_reserved() : 3.052734375
2025-10-22 02:55:21,088 - INFO - Epoch 6 completed in 19.154267 seconds
2025-10-22 02:55:21,088 - INFO - torch.cuda.max_memory_reserved() : 3.052734375
2025-10-22 02:55:40,282 - INFO - Epoch 7 completed in 19.193328 seconds
2025-10-22 02:55:40,283 - INFO - torch.cuda.max_memory_reserved() : 3.052734375
2025-10-22 02:55:59,502 - INFO - Epoch 8 completed in 19.217845 seconds
2025-10-22 02:55:59,502 - INFO - torch.cuda.max_memory_reserved() : 3.052734375
2025-10-22 02:56:18,108 - INFO - Epoch 9 completed in 18.604700 seconds
2025-10-22 02:56:18,108 - INFO - torch.cuda.max_memory_reserved() : 3.052734375
2025-10-22 02:56:37,500 - INFO - Epoch 10 completed in 19.390200 seconds
2025-10-22 03:01:50,827 - INFO - torch.cuda.max_memory_reserved() : 3.052734375
2025-10-22 03:01:50,828 - INFO - !!!采用策略后的几个epoch 平均时间:19.09695068001747
2025-10-22 03:01:50,829 - INFO - 



