2025-10-22 01:30:25,209 - INFO - 📌 第一个 epoch：默认所有模块使用 checkpoint
2025-10-22 01:30:50,581 - INFO - Epoch 1 completed in 25.432867 seconds
2025-10-22 01:35:57,831 - INFO - torch.cuda.max_memory_reserved() : 0.919921875
2025-10-22 01:36:23,369 - INFO - 
[🔁 拟合反向传播时间模型]
2025-10-22 01:36:23,370 - INFO - 总反向传播时间: 25.105843s
2025-10-22 01:36:23,370 - INFO - 拟合模型: backward_total ≈ 2 × (A + B) + b
2025-10-22 01:36:23,370 - INFO - A = 13.686664, B = 1.286503, b = 10.132676s
2025-10-22 01:36:24,001 - INFO - ✅ 最优策略：[0.0, 0.0, 0.0, 0.0, 0.0, 0.0, 0.0, 0.0, 1.0, 1.0, 1.0, 1.0, 1.0, 1.0, 1.0, 1.0]
2025-10-22 01:36:24,002 - INFO - 📌 checkpoint 的欧氏长度:, [6, 12, 18, 24, 30, 36, 42, 49]
2025-10-22 01:36:24,002 - INFO - 📌 checkpoint 的余弦长度:, []
2025-10-22 01:36:24,002 - INFO - 💾 最终显存峰值：%.2f MB % 989.3370361328125
2025-10-22 01:36:24,024 - INFO - Epoch 2 completed in 26.191602 seconds
2025-10-22 01:36:24,025 - INFO - torch.cuda.max_memory_reserved() : 0.919921875
2025-10-22 01:36:46,398 - INFO - Epoch 3 completed in 22.372738 seconds
2025-10-22 01:36:46,398 - INFO - 
====================== [第1个 Epoch 收集统计数据] ======================
2025-10-22 01:36:46,399 - INFO - 
🔍 EUCLIDEAN modules:
2025-10-22 01:36:46,399 - INFO - [Shapelet   6] forward_avg=0.002544s over 92 calls | peak=121.01MB | final=0.00MB
2025-10-22 01:36:46,399 - INFO - [Shapelet  12] forward_avg=0.002742s over 92 calls | peak=164.59MB | final=0.00MB
2025-10-22 01:36:46,399 - INFO - [Shapelet  18] forward_avg=0.003290s over 92 calls | peak=202.52MB | final=0.00MB
2025-10-22 01:36:46,399 - INFO - [Shapelet  24] forward_avg=0.003501s over 92 calls | peak=233.25MB | final=0.00MB
2025-10-22 01:36:46,399 - INFO - [Shapelet  30] forward_avg=0.003482s over 92 calls | peak=247.82MB | final=0.00MB
2025-10-22 01:36:46,399 - INFO - [Shapelet  36] forward_avg=0.003736s over 92 calls | peak=247.36MB | final=0.00MB
2025-10-22 01:36:46,399 - INFO - [Shapelet  42] forward_avg=0.003689s over 92 calls | peak=232.68MB | final=0.00MB
2025-10-22 01:36:46,399 - INFO - [Shapelet  49] forward_avg=0.002442s over 92 calls | peak=202.64MB | final=0.00MB
2025-10-22 01:36:46,399 - INFO - 
🔍 COSINE modules:
2025-10-22 01:36:46,399 - INFO - [Shapelet   6] forward_avg=0.002883s over 92 calls | peak=81.68MB | final=0.00MB
2025-10-22 01:36:46,399 - INFO - [Shapelet  12] forward_avg=0.002790s over 92 calls | peak=100.70MB | final=0.00MB
2025-10-22 01:36:46,399 - INFO - [Shapelet  18] forward_avg=0.002894s over 92 calls | peak=117.07MB | final=0.00MB
2025-10-22 01:36:46,399 - INFO - [Shapelet  24] forward_avg=0.002827s over 92 calls | peak=134.74MB | final=0.00MB
2025-10-22 01:36:46,399 - INFO - [Shapelet  30] forward_avg=0.003191s over 92 calls | peak=141.93MB | final=0.00MB
2025-10-22 01:36:46,399 - INFO - [Shapelet  36] forward_avg=0.003251s over 92 calls | peak=139.35MB | final=0.00MB
2025-10-22 01:36:46,399 - INFO - [Shapelet  42] forward_avg=0.003489s over 92 calls | peak=125.51MB | final=0.00MB
2025-10-22 01:36:46,399 - INFO - [Shapelet  49] forward_avg=0.002839s over 92 calls | peak=106.17MB | final=0.00MB
2025-10-22 01:36:46,399 - INFO - 
🔍 CROSS modules:
2025-10-22 01:36:46,399 - INFO - [Shapelet   6] forward_avg=0.000838s over 92 calls
2025-10-22 01:36:46,399 - INFO - [Shapelet  12] forward_avg=0.000621s over 92 calls
2025-10-22 01:36:46,399 - INFO - [Shapelet  18] forward_avg=0.000667s over 92 calls
2025-10-22 01:36:46,399 - INFO - [Shapelet  24] forward_avg=0.000882s over 92 calls
2025-10-22 01:36:46,399 - INFO - [Shapelet  30] forward_avg=0.000953s over 92 calls
2025-10-22 01:36:46,399 - INFO - [Shapelet  36] forward_avg=0.000928s over 92 calls
2025-10-22 01:36:46,399 - INFO - [Shapelet  42] forward_avg=0.000992s over 92 calls
2025-10-22 01:36:46,399 - INFO - [Shapelet  49] forward_avg=0.001110s over 92 calls
2025-10-22 01:36:46,400 - INFO - 
💾 模型第一次反向传播阶段的显存峰值（所有模块中的最大值）: 979.57 MB
2025-10-22 01:36:46,400 - INFO - 
💾 模型初始显存: 18.32 MB
2025-10-22 01:36:46,400 - INFO - =======================================================================

2025-10-22 01:36:46,400 - INFO - torch.cuda.max_memory_reserved() : 1.171875
2025-10-22 01:37:08,941 - INFO - Epoch 4 completed in 22.540026 seconds
2025-10-22 01:37:08,941 - INFO - torch.cuda.max_memory_reserved() : 1.171875
2025-10-22 01:37:31,279 - INFO - Epoch 5 completed in 22.335916 seconds
2025-10-22 01:37:31,279 - INFO - torch.cuda.max_memory_reserved() : 1.171875
2025-10-22 01:37:54,087 - INFO - Epoch 6 completed in 22.806571 seconds
2025-10-22 01:37:54,087 - INFO - torch.cuda.max_memory_reserved() : 1.171875
2025-10-22 01:38:16,497 - INFO - Epoch 7 completed in 22.408766 seconds
2025-10-22 01:38:16,497 - INFO - torch.cuda.max_memory_reserved() : 1.171875
2025-10-22 01:38:38,894 - INFO - Epoch 8 completed in 22.395757 seconds
2025-10-22 01:38:38,895 - INFO - torch.cuda.max_memory_reserved() : 1.171875
2025-10-22 01:39:01,552 - INFO - Epoch 9 completed in 22.656476 seconds
2025-10-22 01:39:01,553 - INFO - torch.cuda.max_memory_reserved() : 1.171875
2025-10-22 01:39:24,233 - INFO - Epoch 10 completed in 22.679266 seconds
2025-10-22 01:44:36,814 - INFO - torch.cuda.max_memory_reserved() : 1.171875
2025-10-22 01:44:36,816 - INFO - !!!采用策略后的几个epoch 平均时间:22.52443927526474
2025-10-22 01:44:36,816 - INFO - 



