2025-10-28 02:43:28,504 - INFO - 📌 第一个 epoch：默认所有模块使用 checkpoint
2025-10-28 03:06:26,320 - INFO - Epoch 1 completed in 1377.846569 seconds
2025-10-28 03:14:08,201 - INFO - torch.cuda.max_memory_reserved() : 0.560546875
2025-10-28 03:36:51,676 - INFO - 
[🔁 拟合反向传播时间模型]
2025-10-28 03:36:51,677 - INFO - 总反向传播时间: 1357.496808s
2025-10-28 03:36:51,677 - INFO - 拟合模型: backward_total ≈ 2 × (A + B) + b
2025-10-28 03:36:51,677 - INFO - A = 857.913255, B = 68.583681, b = 430.999871s
2025-10-28 03:36:52,115 - INFO - ✅ 最优策略：[1.0, 1.0, 1.0, 1.0, 1.0, 1.0, 1.0, 1.0, 1.0, 1.0, 1.0, 1.0, 1.0, 1.0, 1.0, 1.0]
2025-10-28 03:36:52,115 - INFO - 📌 checkpoint 的欧氏长度:, []
2025-10-28 03:36:52,115 - INFO - 📌 checkpoint 的余弦长度:, []
2025-10-28 03:36:52,116 - INFO - 💾 最终显存峰值：%.2f MB % 1269.9289474487305
2025-10-28 03:36:52,117 - INFO - Epoch 2 completed in 1363.911288 seconds
2025-10-28 03:36:52,117 - INFO - torch.cuda.max_memory_reserved() : 0.560546875
2025-10-28 03:53:20,410 - INFO - Epoch 3 completed in 988.289427 seconds
2025-10-28 03:53:20,410 - INFO - 
====================== [第1个 Epoch 收集统计数据] ======================
2025-10-28 03:53:20,410 - INFO - 
🔍 EUCLIDEAN modules:
2025-10-28 03:53:20,410 - INFO - [Shapelet 128] forward_avg=0.001357s over 10912 calls | peak=14.80MB | final=0.00MB
2025-10-28 03:53:20,410 - INFO - [Shapelet 694] forward_avg=0.001344s over 10912 calls | peak=72.14MB | final=0.00MB
2025-10-28 03:53:20,410 - INFO - [Shapelet 1261] forward_avg=0.001334s over 10912 calls | peak=114.19MB | final=0.00MB
2025-10-28 03:53:20,410 - INFO - [Shapelet 1828] forward_avg=0.001350s over 10912 calls | peak=138.23MB | final=0.00MB
2025-10-28 03:53:20,410 - INFO - [Shapelet 2395] forward_avg=0.001429s over 10912 calls | peak=150.28MB | final=0.00MB
2025-10-28 03:53:20,410 - INFO - [Shapelet 2962] forward_avg=0.001488s over 10912 calls | peak=146.73MB | final=0.00MB
2025-10-28 03:53:20,410 - INFO - [Shapelet 3529] forward_avg=0.001538s over 10912 calls | peak=128.99MB | final=0.00MB
2025-10-28 03:53:20,410 - INFO - [Shapelet 4096] forward_avg=0.001504s over 10912 calls | peak=96.53MB | final=0.00MB
2025-10-28 03:53:20,410 - INFO - 
🔍 COSINE modules:
2025-10-28 03:53:20,410 - INFO - [Shapelet 128] forward_avg=0.001915s over 10912 calls | peak=9.79MB | final=0.00MB
2025-10-28 03:53:20,410 - INFO - [Shapelet 694] forward_avg=0.001787s over 10912 calls | peak=48.03MB | final=0.00MB
2025-10-28 03:53:20,410 - INFO - [Shapelet 1261] forward_avg=0.001787s over 10912 calls | peak=76.03MB | final=0.00MB
2025-10-28 03:53:20,410 - INFO - [Shapelet 1828] forward_avg=0.001785s over 10912 calls | peak=92.03MB | final=0.00MB
2025-10-28 03:53:20,410 - INFO - [Shapelet 2395] forward_avg=0.001865s over 10912 calls | peak=100.02MB | final=0.00MB
2025-10-28 03:53:20,410 - INFO - [Shapelet 2962] forward_avg=0.001828s over 10912 calls | peak=97.60MB | final=0.00MB
2025-10-28 03:53:20,410 - INFO - [Shapelet 3529] forward_avg=0.002109s over 10912 calls | peak=85.74MB | final=0.00MB
2025-10-28 03:53:20,410 - INFO - [Shapelet 4096] forward_avg=0.001788s over 10912 calls | peak=64.07MB | final=0.00MB
2025-10-28 03:53:20,410 - INFO - 
🔍 CROSS modules:
2025-10-28 03:53:20,410 - INFO - [Shapelet 128] forward_avg=0.000380s over 10912 calls
2025-10-28 03:53:20,410 - INFO - [Shapelet 694] forward_avg=0.000367s over 10912 calls
2025-10-28 03:53:20,411 - INFO - [Shapelet 1261] forward_avg=0.000364s over 10912 calls
2025-10-28 03:53:20,411 - INFO - [Shapelet 1828] forward_avg=0.000363s over 10912 calls
2025-10-28 03:53:20,411 - INFO - [Shapelet 2395] forward_avg=0.000383s over 10912 calls
2025-10-28 03:53:20,411 - INFO - [Shapelet 2962] forward_avg=0.000399s over 10912 calls
2025-10-28 03:53:20,411 - INFO - [Shapelet 3529] forward_avg=0.000428s over 10912 calls
2025-10-28 03:53:20,411 - INFO - [Shapelet 4096] forward_avg=0.000458s over 10912 calls
2025-10-28 03:53:20,411 - INFO - 
💾 模型第一次反向传播阶段的显存峰值（所有模块中的最大值）: 1211.74 MB
2025-10-28 03:53:20,411 - INFO - 
💾 模型初始显存: 3.17 MB
2025-10-28 03:53:20,411 - INFO - =======================================================================

2025-10-28 03:53:20,411 - INFO - torch.cuda.max_memory_reserved() : 1.310546875
2025-10-28 04:09:44,363 - INFO - Epoch 4 completed in 983.948596 seconds
2025-10-28 04:09:44,364 - INFO - torch.cuda.max_memory_reserved() : 1.310546875
2025-10-28 04:26:13,154 - INFO - Epoch 5 completed in 988.786548 seconds
2025-10-28 04:26:13,154 - INFO - torch.cuda.max_memory_reserved() : 1.310546875
2025-10-28 04:42:37,666 - INFO - Epoch 6 completed in 984.508097 seconds
2025-10-28 04:42:37,667 - INFO - torch.cuda.max_memory_reserved() : 1.310546875
2025-10-28 04:59:06,197 - INFO - Epoch 7 completed in 988.525597 seconds
2025-10-28 04:59:06,198 - INFO - torch.cuda.max_memory_reserved() : 1.310546875
2025-10-28 05:15:32,712 - INFO - Epoch 8 completed in 986.509389 seconds
2025-10-28 05:15:32,712 - INFO - torch.cuda.max_memory_reserved() : 1.310546875
2025-10-28 05:32:00,861 - INFO - Epoch 9 completed in 988.145034 seconds
2025-10-28 05:32:00,861 - INFO - torch.cuda.max_memory_reserved() : 1.310546875
2025-10-28 05:48:26,954 - INFO - Epoch 10 completed in 986.089644 seconds
2025-10-28 05:55:17,812 - INFO - torch.cuda.max_memory_reserved() : 1.310546875
2025-10-28 05:55:17,818 - INFO - !!!采用策略后的几个epoch 平均时间:986.8502914905548
2025-10-28 05:55:17,818 - INFO - 



