2025-10-27 16:45:04,430 - INFO - 📌 第一个 epoch：默认所有模块使用 checkpoint
2025-10-27 17:08:00,206 - INFO - Epoch 1 completed in 1375.788465 seconds
2025-10-27 17:15:55,948 - INFO - torch.cuda.max_memory_reserved() : 0.560546875
2025-10-27 17:39:48,481 - INFO - 
[🔁 拟合反向传播时间模型]
2025-10-27 17:39:48,482 - INFO - 总反向传播时间: 1423.549228s
2025-10-27 17:39:48,482 - INFO - 拟合模型: backward_total ≈ 2 × (A + B) + b
2025-10-27 17:39:48,482 - INFO - A = 853.637198, B = 68.724450, b = 501.187579s
2025-10-27 17:39:48,959 - INFO - ✅ 最优策略：[1.0, 0.0, 1.0, 0.0, 0.0, 1.0, 1.0, 1.0, 1.0, 1.0, 1.0, 1.0, 1.0, 1.0, 1.0, 1.0]
2025-10-27 17:39:48,959 - INFO - 📌 checkpoint 的欧氏长度:, [694, 1828, 2395]
2025-10-27 17:39:48,959 - INFO - 📌 checkpoint 的余弦长度:, []
2025-10-27 17:39:48,959 - INFO - 💾 最终显存峰值：%.2f MB % 1009.108024597168
2025-10-27 17:39:48,960 - INFO - Epoch 2 completed in 1433.008022 seconds
2025-10-27 17:39:48,961 - INFO - torch.cuda.max_memory_reserved() : 0.560546875
2025-10-27 17:58:22,067 - INFO - Epoch 3 completed in 1113.103110 seconds
2025-10-27 17:58:22,067 - INFO - 
====================== [第1个 Epoch 收集统计数据] ======================
2025-10-27 17:58:22,067 - INFO - 
🔍 EUCLIDEAN modules:
2025-10-27 17:58:22,067 - INFO - [Shapelet 128] forward_avg=0.001357s over 10912 calls | peak=14.80MB | final=0.00MB
2025-10-27 17:58:22,067 - INFO - [Shapelet 694] forward_avg=0.001337s over 10912 calls | peak=72.14MB | final=0.00MB
2025-10-27 17:58:22,067 - INFO - [Shapelet 1261] forward_avg=0.001324s over 10912 calls | peak=114.19MB | final=0.00MB
2025-10-27 17:58:22,067 - INFO - [Shapelet 1828] forward_avg=0.001343s over 10912 calls | peak=138.23MB | final=0.00MB
2025-10-27 17:58:22,068 - INFO - [Shapelet 2395] forward_avg=0.001429s over 10912 calls | peak=150.28MB | final=0.00MB
2025-10-27 17:58:22,068 - INFO - [Shapelet 2962] forward_avg=0.001490s over 10912 calls | peak=146.73MB | final=0.00MB
2025-10-27 17:58:22,068 - INFO - [Shapelet 3529] forward_avg=0.001538s over 10912 calls | peak=128.99MB | final=0.00MB
2025-10-27 17:58:22,068 - INFO - [Shapelet 4096] forward_avg=0.001505s over 10912 calls | peak=96.53MB | final=0.00MB
2025-10-27 17:58:22,068 - INFO - 
🔍 COSINE modules:
2025-10-27 17:58:22,068 - INFO - [Shapelet 128] forward_avg=0.001904s over 10912 calls | peak=9.79MB | final=0.00MB
2025-10-27 17:58:22,068 - INFO - [Shapelet 694] forward_avg=0.001772s over 10912 calls | peak=48.03MB | final=0.00MB
2025-10-27 17:58:22,068 - INFO - [Shapelet 1261] forward_avg=0.001775s over 10912 calls | peak=76.03MB | final=0.00MB
2025-10-27 17:58:22,068 - INFO - [Shapelet 1828] forward_avg=0.001766s over 10912 calls | peak=92.03MB | final=0.00MB
2025-10-27 17:58:22,068 - INFO - [Shapelet 2395] forward_avg=0.001853s over 10912 calls | peak=100.02MB | final=0.00MB
2025-10-27 17:58:22,068 - INFO - [Shapelet 2962] forward_avg=0.001812s over 10912 calls | peak=97.60MB | final=0.00MB
2025-10-27 17:58:22,068 - INFO - [Shapelet 3529] forward_avg=0.002099s over 10912 calls | peak=85.74MB | final=0.00MB
2025-10-27 17:58:22,068 - INFO - [Shapelet 4096] forward_avg=0.001772s over 10912 calls | peak=64.07MB | final=0.00MB
2025-10-27 17:58:22,068 - INFO - 
🔍 CROSS modules:
2025-10-27 17:58:22,068 - INFO - [Shapelet 128] forward_avg=0.000385s over 10912 calls
2025-10-27 17:58:22,068 - INFO - [Shapelet 694] forward_avg=0.000366s over 10912 calls
2025-10-27 17:58:22,068 - INFO - [Shapelet 1261] forward_avg=0.000362s over 10912 calls
2025-10-27 17:58:22,068 - INFO - [Shapelet 1828] forward_avg=0.000362s over 10912 calls
2025-10-27 17:58:22,068 - INFO - [Shapelet 2395] forward_avg=0.000384s over 10912 calls
2025-10-27 17:58:22,068 - INFO - [Shapelet 2962] forward_avg=0.000401s over 10912 calls
2025-10-27 17:58:22,068 - INFO - [Shapelet 3529] forward_avg=0.000430s over 10912 calls
2025-10-27 17:58:22,068 - INFO - [Shapelet 4096] forward_avg=0.000459s over 10912 calls
2025-10-27 17:58:22,068 - INFO - 
💾 模型第一次反向传播阶段的显存峰值（所有模块中的最大值）: 969.25 MB
2025-10-27 17:58:22,068 - INFO - 
💾 模型初始显存: 3.17 MB
2025-10-27 17:58:22,068 - INFO - =======================================================================

2025-10-27 17:58:22,068 - INFO - torch.cuda.max_memory_reserved() : 1.052734375
2025-10-27 18:17:06,983 - INFO - Epoch 4 completed in 1124.911278 seconds
2025-10-27 18:17:06,984 - INFO - torch.cuda.max_memory_reserved() : 1.052734375
2025-10-27 18:35:20,906 - INFO - Epoch 5 completed in 1093.918702 seconds
2025-10-27 18:35:20,906 - INFO - torch.cuda.max_memory_reserved() : 1.052734375
2025-10-27 18:53:39,874 - INFO - Epoch 6 completed in 1098.964193 seconds
2025-10-27 18:53:39,875 - INFO - torch.cuda.max_memory_reserved() : 1.052734375
2025-10-27 19:12:18,600 - INFO - Epoch 7 completed in 1118.721739 seconds
2025-10-27 19:12:18,600 - INFO - torch.cuda.max_memory_reserved() : 1.052734375
2025-10-27 19:29:56,081 - INFO - Epoch 8 completed in 1057.477841 seconds
2025-10-27 19:29:56,082 - INFO - torch.cuda.max_memory_reserved() : 1.052734375
2025-10-27 19:47:59,692 - INFO - Epoch 9 completed in 1083.606027 seconds
2025-10-27 19:47:59,693 - INFO - torch.cuda.max_memory_reserved() : 1.052734375
2025-10-27 20:06:27,996 - INFO - Epoch 10 completed in 1108.295742 seconds
2025-10-27 20:13:53,320 - INFO - torch.cuda.max_memory_reserved() : 1.052734375
2025-10-27 20:13:53,325 - INFO - !!!采用策略后的几个epoch 平均时间:1099.8748289644718
2025-10-27 20:13:53,325 - INFO - 



