2025-10-28 05:56:04,795 - INFO - 📌 第一个 epoch：默认所有模块使用 checkpoint
2025-10-28 06:19:11,847 - INFO - Epoch 1 completed in 1387.066964 seconds
2025-10-28 06:26:56,578 - INFO - torch.cuda.max_memory_reserved() : 0.560546875
2025-10-28 06:49:48,793 - INFO - 
[🔁 拟合反向传播时间模型]
2025-10-28 06:49:48,793 - INFO - 总反向传播时间: 1366.240148s
2025-10-28 06:49:48,793 - INFO - 拟合模型: backward_total ≈ 2 × (A + B) + b
2025-10-28 06:49:48,794 - INFO - A = 883.185993, B = 70.256035, b = 412.798120s
2025-10-28 06:49:49,252 - INFO - ✅ 最优策略：[1.0, 1.0, 1.0, 1.0, 1.0, 1.0, 1.0, 1.0, 1.0, 1.0, 1.0, 1.0, 1.0, 1.0, 1.0, 1.0]
2025-10-28 06:49:49,252 - INFO - 📌 checkpoint 的欧氏长度:, []
2025-10-28 06:49:49,252 - INFO - 📌 checkpoint 的余弦长度:, []
2025-10-28 06:49:49,252 - INFO - 💾 最终显存峰值：%.2f MB % 1269.9289474487305
2025-10-28 06:49:49,253 - INFO - Epoch 2 completed in 1372.671707 seconds
2025-10-28 06:49:49,254 - INFO - torch.cuda.max_memory_reserved() : 0.560546875
2025-10-28 07:06:18,636 - INFO - Epoch 3 completed in 989.379375 seconds
2025-10-28 07:06:18,637 - INFO - 
====================== [第1个 Epoch 收集统计数据] ======================
2025-10-28 07:06:18,637 - INFO - 
🔍 EUCLIDEAN modules:
2025-10-28 07:06:18,637 - INFO - [Shapelet 128] forward_avg=0.001410s over 10912 calls | peak=14.80MB | final=0.00MB
2025-10-28 07:06:18,637 - INFO - [Shapelet 694] forward_avg=0.001398s over 10912 calls | peak=72.14MB | final=0.00MB
2025-10-28 07:06:18,637 - INFO - [Shapelet 1261] forward_avg=0.001387s over 10912 calls | peak=114.19MB | final=0.00MB
2025-10-28 07:06:18,637 - INFO - [Shapelet 1828] forward_avg=0.001391s over 10912 calls | peak=138.23MB | final=0.00MB
2025-10-28 07:06:18,637 - INFO - [Shapelet 2395] forward_avg=0.001450s over 10912 calls | peak=150.28MB | final=0.00MB
2025-10-28 07:06:18,637 - INFO - [Shapelet 2962] forward_avg=0.001507s over 10912 calls | peak=146.73MB | final=0.00MB
2025-10-28 07:06:18,637 - INFO - [Shapelet 3529] forward_avg=0.001559s over 10912 calls | peak=128.99MB | final=0.00MB
2025-10-28 07:06:18,637 - INFO - [Shapelet 4096] forward_avg=0.001527s over 10912 calls | peak=96.53MB | final=0.00MB
2025-10-28 07:06:18,637 - INFO - 
🔍 COSINE modules:
2025-10-28 07:06:18,637 - INFO - [Shapelet 128] forward_avg=0.001977s over 10912 calls | peak=9.79MB | final=0.00MB
2025-10-28 07:06:18,637 - INFO - [Shapelet 694] forward_avg=0.001848s over 10912 calls | peak=48.03MB | final=0.00MB
2025-10-28 07:06:18,637 - INFO - [Shapelet 1261] forward_avg=0.001847s over 10912 calls | peak=76.03MB | final=0.00MB
2025-10-28 07:06:18,637 - INFO - [Shapelet 1828] forward_avg=0.001846s over 10912 calls | peak=92.03MB | final=0.00MB
2025-10-28 07:06:18,637 - INFO - [Shapelet 2395] forward_avg=0.001925s over 10912 calls | peak=100.02MB | final=0.00MB
2025-10-28 07:06:18,637 - INFO - [Shapelet 2962] forward_avg=0.001891s over 10912 calls | peak=97.60MB | final=0.00MB
2025-10-28 07:06:18,637 - INFO - [Shapelet 3529] forward_avg=0.002169s over 10912 calls | peak=85.74MB | final=0.00MB
2025-10-28 07:06:18,637 - INFO - [Shapelet 4096] forward_avg=0.001848s over 10912 calls | peak=64.07MB | final=0.00MB
2025-10-28 07:06:18,637 - INFO - 
🔍 CROSS modules:
2025-10-28 07:06:18,637 - INFO - [Shapelet 128] forward_avg=0.000394s over 10912 calls
2025-10-28 07:06:18,637 - INFO - [Shapelet 694] forward_avg=0.000380s over 10912 calls
2025-10-28 07:06:18,637 - INFO - [Shapelet 1261] forward_avg=0.000377s over 10912 calls
2025-10-28 07:06:18,637 - INFO - [Shapelet 1828] forward_avg=0.000376s over 10912 calls
2025-10-28 07:06:18,637 - INFO - [Shapelet 2395] forward_avg=0.000390s over 10912 calls
2025-10-28 07:06:18,637 - INFO - [Shapelet 2962] forward_avg=0.000404s over 10912 calls
2025-10-28 07:06:18,637 - INFO - [Shapelet 3529] forward_avg=0.000434s over 10912 calls
2025-10-28 07:06:18,637 - INFO - [Shapelet 4096] forward_avg=0.000464s over 10912 calls
2025-10-28 07:06:18,637 - INFO - 
💾 模型第一次反向传播阶段的显存峰值（所有模块中的最大值）: 1211.74 MB
2025-10-28 07:06:18,638 - INFO - 
💾 模型初始显存: 3.17 MB
2025-10-28 07:06:18,638 - INFO - =======================================================================

2025-10-28 07:06:18,638 - INFO - torch.cuda.max_memory_reserved() : 1.310546875
2025-10-28 07:22:47,944 - INFO - Epoch 4 completed in 989.302819 seconds
2025-10-28 07:22:47,945 - INFO - torch.cuda.max_memory_reserved() : 1.310546875
2025-10-28 07:39:36,056 - INFO - Epoch 5 completed in 1008.107500 seconds
2025-10-28 07:39:36,056 - INFO - torch.cuda.max_memory_reserved() : 1.310546875
2025-10-28 07:56:05,158 - INFO - Epoch 6 completed in 989.098189 seconds
2025-10-28 07:56:05,159 - INFO - torch.cuda.max_memory_reserved() : 1.310546875
2025-10-28 08:12:34,394 - INFO - Epoch 7 completed in 989.230883 seconds
2025-10-28 08:12:34,394 - INFO - torch.cuda.max_memory_reserved() : 1.310546875
2025-10-28 08:29:05,566 - INFO - Epoch 8 completed in 991.168524 seconds
2025-10-28 08:29:05,567 - INFO - torch.cuda.max_memory_reserved() : 1.310546875
2025-10-28 08:45:42,760 - INFO - Epoch 9 completed in 997.188764 seconds
2025-10-28 08:45:42,760 - INFO - torch.cuda.max_memory_reserved() : 1.310546875
2025-10-28 09:02:14,909 - INFO - Epoch 10 completed in 992.145353 seconds
2025-10-28 09:09:16,552 - INFO - torch.cuda.max_memory_reserved() : 1.310546875
2025-10-28 09:09:16,557 - INFO - !!!采用策略后的几个epoch 平均时间:993.2026759088039
2025-10-28 09:09:16,557 - INFO - 



