2025-10-28 09:10:07,131 - INFO - 📌 第一个 epoch：默认所有模块使用 checkpoint
2025-10-28 09:32:49,982 - INFO - Epoch 1 completed in 1362.863469 seconds
2025-10-28 09:40:45,743 - INFO - torch.cuda.max_memory_reserved() : 0.560546875
2025-10-28 10:03:33,301 - INFO - 
[🔁 拟合反向传播时间模型]
2025-10-28 10:03:33,301 - INFO - 总反向传播时间: 1361.432110s
2025-10-28 10:03:33,301 - INFO - 拟合模型: backward_total ≈ 2 × (A + B) + b
2025-10-28 10:03:33,301 - INFO - A = 859.512784, B = 68.764841, b = 433.154485s
2025-10-28 10:03:33,740 - INFO - ✅ 最优策略：[1.0, 1.0, 1.0, 1.0, 1.0, 1.0, 1.0, 1.0, 1.0, 1.0, 1.0, 1.0, 1.0, 1.0, 1.0, 1.0]
2025-10-28 10:03:33,740 - INFO - 📌 checkpoint 的欧氏长度:, []
2025-10-28 10:03:33,740 - INFO - 📌 checkpoint 的余弦长度:, []
2025-10-28 10:03:33,740 - INFO - 💾 最终显存峰值：%.2f MB % 1269.9289474487305
2025-10-28 10:03:33,741 - INFO - Epoch 2 completed in 1367.994772 seconds
2025-10-28 10:03:33,742 - INFO - torch.cuda.max_memory_reserved() : 0.560546875
2025-10-28 10:20:11,492 - INFO - Epoch 3 completed in 997.746986 seconds
2025-10-28 10:20:11,492 - INFO - 
====================== [第1个 Epoch 收集统计数据] ======================
2025-10-28 10:20:11,492 - INFO - 
🔍 EUCLIDEAN modules:
2025-10-28 10:20:11,492 - INFO - [Shapelet 128] forward_avg=0.001355s over 10912 calls | peak=14.80MB | final=0.00MB
2025-10-28 10:20:11,492 - INFO - [Shapelet 694] forward_avg=0.001341s over 10912 calls | peak=72.14MB | final=0.00MB
2025-10-28 10:20:11,492 - INFO - [Shapelet 1261] forward_avg=0.001335s over 10912 calls | peak=114.19MB | final=0.00MB
2025-10-28 10:20:11,492 - INFO - [Shapelet 1828] forward_avg=0.001348s over 10912 calls | peak=138.23MB | final=0.00MB
2025-10-28 10:20:11,492 - INFO - [Shapelet 2395] forward_avg=0.001432s over 10912 calls | peak=150.28MB | final=0.00MB
2025-10-28 10:20:11,493 - INFO - [Shapelet 2962] forward_avg=0.001490s over 10912 calls | peak=146.73MB | final=0.00MB
2025-10-28 10:20:11,493 - INFO - [Shapelet 3529] forward_avg=0.001541s over 10912 calls | peak=128.99MB | final=0.00MB
2025-10-28 10:20:11,493 - INFO - [Shapelet 4096] forward_avg=0.001507s over 10912 calls | peak=96.53MB | final=0.00MB
2025-10-28 10:20:11,493 - INFO - 
🔍 COSINE modules:
2025-10-28 10:20:11,493 - INFO - [Shapelet 128] forward_avg=0.001918s over 10912 calls | peak=9.79MB | final=0.00MB
2025-10-28 10:20:11,493 - INFO - [Shapelet 694] forward_avg=0.001792s over 10912 calls | peak=48.03MB | final=0.00MB
2025-10-28 10:20:11,493 - INFO - [Shapelet 1261] forward_avg=0.001792s over 10912 calls | peak=76.03MB | final=0.00MB
2025-10-28 10:20:11,493 - INFO - [Shapelet 1828] forward_avg=0.001790s over 10912 calls | peak=92.03MB | final=0.00MB
2025-10-28 10:20:11,493 - INFO - [Shapelet 2395] forward_avg=0.001869s over 10912 calls | peak=100.02MB | final=0.00MB
2025-10-28 10:20:11,493 - INFO - [Shapelet 2962] forward_avg=0.001833s over 10912 calls | peak=97.60MB | final=0.00MB
2025-10-28 10:20:11,493 - INFO - [Shapelet 3529] forward_avg=0.002121s over 10912 calls | peak=85.74MB | final=0.00MB
2025-10-28 10:20:11,493 - INFO - [Shapelet 4096] forward_avg=0.001793s over 10912 calls | peak=64.07MB | final=0.00MB
2025-10-28 10:20:11,493 - INFO - 
🔍 CROSS modules:
2025-10-28 10:20:11,493 - INFO - [Shapelet 128] forward_avg=0.000382s over 10912 calls
2025-10-28 10:20:11,493 - INFO - [Shapelet 694] forward_avg=0.000368s over 10912 calls
2025-10-28 10:20:11,493 - INFO - [Shapelet 1261] forward_avg=0.000364s over 10912 calls
2025-10-28 10:20:11,493 - INFO - [Shapelet 1828] forward_avg=0.000364s over 10912 calls
2025-10-28 10:20:11,493 - INFO - [Shapelet 2395] forward_avg=0.000384s over 10912 calls
2025-10-28 10:20:11,493 - INFO - [Shapelet 2962] forward_avg=0.000400s over 10912 calls
2025-10-28 10:20:11,493 - INFO - [Shapelet 3529] forward_avg=0.000430s over 10912 calls
2025-10-28 10:20:11,493 - INFO - [Shapelet 4096] forward_avg=0.000459s over 10912 calls
2025-10-28 10:20:11,493 - INFO - 
💾 模型第一次反向传播阶段的显存峰值（所有模块中的最大值）: 1211.74 MB
2025-10-28 10:20:11,493 - INFO - 
💾 模型初始显存: 3.17 MB
2025-10-28 10:20:11,493 - INFO - =======================================================================

2025-10-28 10:20:11,493 - INFO - torch.cuda.max_memory_reserved() : 1.310546875
2025-10-28 10:37:02,820 - INFO - Epoch 4 completed in 1011.322412 seconds
2025-10-28 10:37:02,820 - INFO - torch.cuda.max_memory_reserved() : 1.310546875
2025-10-28 10:53:34,975 - INFO - Epoch 5 completed in 992.151418 seconds
2025-10-28 10:53:34,975 - INFO - torch.cuda.max_memory_reserved() : 1.310546875
2025-10-28 11:10:11,504 - INFO - Epoch 6 completed in 996.525394 seconds
2025-10-28 11:10:11,505 - INFO - torch.cuda.max_memory_reserved() : 1.310546875
2025-10-28 11:27:11,073 - INFO - Epoch 7 completed in 1019.564398 seconds
2025-10-28 11:27:11,073 - INFO - torch.cuda.max_memory_reserved() : 1.310546875
2025-10-28 11:43:40,711 - INFO - Epoch 8 completed in 989.634112 seconds
2025-10-28 11:43:40,711 - INFO - torch.cuda.max_memory_reserved() : 1.310546875
2025-10-28 12:00:09,381 - INFO - Epoch 9 completed in 988.666168 seconds
2025-10-28 12:00:09,381 - INFO - torch.cuda.max_memory_reserved() : 1.310546875
2025-10-28 12:16:37,578 - INFO - Epoch 10 completed in 988.193458 seconds
2025-10-28 12:23:27,260 - INFO - torch.cuda.max_memory_reserved() : 1.310546875
2025-10-28 12:23:27,266 - INFO - !!!采用策略后的几个epoch 平均时间:997.9755433499813
2025-10-28 12:23:27,266 - INFO - 



