2025-10-21 13:45:50,484 - INFO - 📌 第一个 epoch：默认所有模块使用 checkpoint
2025-10-21 13:45:53,826 - INFO - Epoch 1 completed in 3.351403 seconds
2025-10-21 13:45:54,882 - INFO - torch.cuda.max_memory_reserved() : 4.37890625
2025-10-21 13:45:57,661 - INFO - 
[🔁 拟合反向传播时间模型]
2025-10-21 13:45:57,661 - INFO - 总反向传播时间: 2.759345s
2025-10-21 13:45:57,661 - INFO - 拟合模型: backward_total ≈ 2 × (A + B) + b
2025-10-21 13:45:57,661 - INFO - A = 2.100683, B = 0.203446, b = 0.455216s
2025-10-21 13:45:58,102 - INFO - ✅ 最优策略：[1.0, 1.0, 1.0, 1.0, 1.0, 1.0, 1.0, 1.0, 1.0, 0.0, 1.0, 1.0, 0.0, 1.0, 0.0, 1.0]
2025-10-21 13:45:58,102 - INFO - 📌 checkpoint 的欧氏长度:, []
2025-10-21 13:45:58,102 - INFO - 📌 checkpoint 的余弦长度:, [80, 202, 283]
2025-10-21 13:45:58,102 - INFO - 💾 最终显存峰值：%.2f MB % 7166.349502563477
2025-10-21 13:45:58,102 - INFO - Epoch 2 completed in 3.219709 seconds
2025-10-21 13:45:58,102 - INFO - torch.cuda.max_memory_reserved() : 4.37890625
2025-10-21 13:46:00,232 - INFO - Epoch 3 completed in 2.128853 seconds
2025-10-21 13:46:00,232 - INFO - 
====================== [第1个 Epoch 收集统计数据] ======================
2025-10-21 13:46:00,232 - INFO - 
🔍 EUCLIDEAN modules:
2025-10-21 13:46:00,232 - INFO - [Shapelet  40] forward_avg=0.003974s over 12 calls | peak=343.57MB | final=0.00MB
2025-10-21 13:46:00,232 - INFO - [Shapelet  80] forward_avg=0.004125s over 12 calls | peak=601.19MB | final=0.00MB
2025-10-21 13:46:00,232 - INFO - [Shapelet 121] forward_avg=0.005146s over 12 calls | peak=791.72MB | final=0.00MB
2025-10-21 13:46:00,232 - INFO - [Shapelet 161] forward_avg=0.005408s over 12 calls | peak=905.43MB | final=0.00MB
2025-10-21 13:46:00,232 - INFO - [Shapelet 202] forward_avg=0.005681s over 12 calls | peak=946.48MB | final=0.00MB
2025-10-21 13:46:00,232 - INFO - [Shapelet 242] forward_avg=0.005236s over 12 calls | peak=915.59MB | final=0.00MB
2025-10-21 13:46:00,232 - INFO - [Shapelet 283] forward_avg=0.004519s over 12 calls | peak=810.62MB | final=0.00MB
2025-10-21 13:46:00,232 - INFO - [Shapelet 324] forward_avg=0.004350s over 12 calls | peak=628.61MB | final=0.00MB
2025-10-21 13:46:00,232 - INFO - 
🔍 COSINE modules:
2025-10-21 13:46:00,232 - INFO - [Shapelet  40] forward_avg=0.002030s over 12 calls | peak=220.75MB | final=0.00MB
2025-10-21 13:46:00,233 - INFO - [Shapelet  80] forward_avg=0.002026s over 12 calls | peak=390.83MB | final=0.00MB
2025-10-21 13:46:00,233 - INFO - [Shapelet 121] forward_avg=0.002557s over 12 calls | peak=515.69MB | final=0.00MB
2025-10-21 13:46:00,233 - INFO - [Shapelet 161] forward_avg=0.002845s over 12 calls | peak=589.82MB | final=0.00MB
2025-10-21 13:46:00,233 - INFO - [Shapelet 202] forward_avg=0.003084s over 12 calls | peak=615.21MB | final=0.00MB
2025-10-21 13:46:00,233 - INFO - [Shapelet 242] forward_avg=0.002917s over 12 calls | peak=592.28MB | final=0.00MB
2025-10-21 13:46:00,233 - INFO - [Shapelet 283] forward_avg=0.002320s over 12 calls | peak=520.11MB | final=0.00MB
2025-10-21 13:46:00,233 - INFO - [Shapelet 324] forward_avg=0.002135s over 12 calls | peak=396.44MB | final=0.00MB
2025-10-21 13:46:00,233 - INFO - 
🔍 CROSS modules:
2025-10-21 13:46:00,233 - INFO - [Shapelet  40] forward_avg=0.002988s over 12 calls
2025-10-21 13:46:00,233 - INFO - [Shapelet  80] forward_avg=0.000579s over 12 calls
2025-10-21 13:46:00,233 - INFO - [Shapelet 121] forward_avg=0.000643s over 12 calls
2025-10-21 13:46:00,233 - INFO - [Shapelet 161] forward_avg=0.000749s over 12 calls
2025-10-21 13:46:00,233 - INFO - [Shapelet 202] forward_avg=0.000852s over 12 calls
2025-10-21 13:46:00,233 - INFO - [Shapelet 242] forward_avg=0.000817s over 12 calls
2025-10-21 13:46:00,233 - INFO - [Shapelet 283] forward_avg=0.000877s over 12 calls
2025-10-21 13:46:00,233 - INFO - [Shapelet 324] forward_avg=0.000972s over 12 calls
2025-10-21 13:46:00,233 - INFO - 
💾 模型第一次反向传播阶段的显存峰值（所有模块中的最大值）: 5939.77 MB
2025-10-21 13:46:00,233 - INFO - 
💾 模型初始显存: 23.05 MB
2025-10-21 13:46:00,233 - INFO - =======================================================================

2025-10-21 13:46:00,233 - INFO - torch.cuda.max_memory_reserved() : 7.40625
2025-10-21 13:46:02,313 - INFO - Epoch 4 completed in 2.078593 seconds
2025-10-21 13:46:02,313 - INFO - torch.cuda.max_memory_reserved() : 7.40625
2025-10-21 13:46:04,463 - INFO - Epoch 5 completed in 2.148012 seconds
2025-10-21 13:46:04,464 - INFO - torch.cuda.max_memory_reserved() : 7.40625
2025-10-21 13:46:06,626 - INFO - Epoch 6 completed in 2.161344 seconds
2025-10-21 13:46:06,628 - INFO - torch.cuda.max_memory_reserved() : 7.40625
2025-10-21 13:46:08,812 - INFO - Epoch 7 completed in 2.183307 seconds
2025-10-21 13:46:08,813 - INFO - torch.cuda.max_memory_reserved() : 7.40625
2025-10-21 13:46:10,952 - INFO - Epoch 8 completed in 2.137602 seconds
2025-10-21 13:46:10,953 - INFO - torch.cuda.max_memory_reserved() : 7.408203125
2025-10-21 13:46:13,105 - INFO - Epoch 9 completed in 2.151358 seconds
2025-10-21 13:46:13,106 - INFO - torch.cuda.max_memory_reserved() : 7.408203125
2025-10-21 13:46:15,360 - INFO - Epoch 10 completed in 2.252571 seconds
2025-10-21 13:46:16,398 - INFO - torch.cuda.max_memory_reserved() : 7.408203125
2025-10-21 13:46:16,399 - INFO - !!!采用策略后的几个epoch 平均时间:2.155204951763153
2025-10-21 13:46:16,399 - INFO - 



