2025-10-20 23:31:46,097 - INFO - 📌 第一个 epoch：默认所有模块使用 checkpoint
2025-10-20 23:32:03,933 - INFO - Epoch 1 completed in 17.857058 seconds
2025-10-20 23:32:06,291 - INFO - torch.cuda.max_memory_reserved() : 4.37890625
2025-10-20 23:32:26,205 - INFO - 
[🔁 拟合反向传播时间模型]
2025-10-20 23:32:26,205 - INFO - 总反向传播时间: 19.843146s
2025-10-20 23:32:26,205 - INFO - 拟合模型: backward_total ≈ 2 × (A + B) + b
2025-10-20 23:32:26,205 - INFO - A = 4.109101, B = 0.533970, b = 15.200075s
2025-10-20 23:32:26,842 - INFO - ✅ 最优策略：[1.0, 1.0, 1.0, 1.0, 1.0, 1.0, 1.0, 1.0, 1.0, 1.0, 1.0, 1.0, 1.0, 1.0, 0.0, 1.0]
2025-10-20 23:32:26,842 - INFO - 📌 checkpoint 的欧氏长度:, []
2025-10-20 23:32:26,842 - INFO - 📌 checkpoint 的余弦长度:, [283]
2025-10-20 23:32:26,842 - INFO - 💾 最终显存峰值：%.2f MB % 8171.860107421875
2025-10-20 23:32:26,843 - INFO - Epoch 2 completed in 20.549575 seconds
2025-10-20 23:32:26,843 - INFO - torch.cuda.max_memory_reserved() : 4.37890625
2025-10-20 23:32:45,061 - INFO - Epoch 3 completed in 18.216123 seconds
2025-10-20 23:32:45,061 - INFO - 
====================== [第1个 Epoch 收集统计数据] ======================
2025-10-20 23:32:45,061 - INFO - 
🔍 EUCLIDEAN modules:
2025-10-20 23:32:45,061 - INFO - [Shapelet  40] forward_avg=0.007626s over 12 calls | peak=343.57MB | final=0.00MB
2025-10-20 23:32:45,061 - INFO - [Shapelet  80] forward_avg=0.007473s over 12 calls | peak=601.19MB | final=0.00MB
2025-10-20 23:32:45,061 - INFO - [Shapelet 121] forward_avg=0.010059s over 12 calls | peak=791.72MB | final=0.00MB
2025-10-20 23:32:45,061 - INFO - [Shapelet 161] forward_avg=0.010532s over 12 calls | peak=905.43MB | final=0.00MB
2025-10-20 23:32:45,061 - INFO - [Shapelet 202] forward_avg=0.010874s over 12 calls | peak=946.48MB | final=0.00MB
2025-10-20 23:32:45,061 - INFO - [Shapelet 242] forward_avg=0.010475s over 12 calls | peak=915.59MB | final=0.00MB
2025-10-20 23:32:45,061 - INFO - [Shapelet 283] forward_avg=0.007980s over 12 calls | peak=810.62MB | final=0.00MB
2025-10-20 23:32:45,061 - INFO - [Shapelet 324] forward_avg=0.007529s over 12 calls | peak=628.61MB | final=0.00MB
2025-10-20 23:32:45,061 - INFO - 
🔍 COSINE modules:
2025-10-20 23:32:45,062 - INFO - [Shapelet  40] forward_avg=0.004067s over 12 calls | peak=220.75MB | final=0.00MB
2025-10-20 23:32:45,062 - INFO - [Shapelet  80] forward_avg=0.003683s over 12 calls | peak=390.83MB | final=0.00MB
2025-10-20 23:32:45,062 - INFO - [Shapelet 121] forward_avg=0.005544s over 12 calls | peak=515.69MB | final=0.00MB
2025-10-20 23:32:45,062 - INFO - [Shapelet 161] forward_avg=0.006010s over 12 calls | peak=589.82MB | final=0.00MB
2025-10-20 23:32:45,062 - INFO - [Shapelet 202] forward_avg=0.006595s over 12 calls | peak=615.21MB | final=0.00MB
2025-10-20 23:32:45,062 - INFO - [Shapelet 242] forward_avg=0.005844s over 12 calls | peak=592.28MB | final=0.00MB
2025-10-20 23:32:45,062 - INFO - [Shapelet 283] forward_avg=0.005200s over 12 calls | peak=520.11MB | final=0.00MB
2025-10-20 23:32:45,062 - INFO - [Shapelet 324] forward_avg=0.004651s over 12 calls | peak=396.44MB | final=0.00MB
2025-10-20 23:32:45,062 - INFO - 
🔍 CROSS modules:
2025-10-20 23:32:45,062 - INFO - [Shapelet  40] forward_avg=0.005534s over 12 calls
2025-10-20 23:32:45,062 - INFO - [Shapelet  80] forward_avg=0.002187s over 12 calls
2025-10-20 23:32:45,062 - INFO - [Shapelet 121] forward_avg=0.002368s over 12 calls
2025-10-20 23:32:45,062 - INFO - [Shapelet 161] forward_avg=0.002141s over 12 calls
2025-10-20 23:32:45,062 - INFO - [Shapelet 202] forward_avg=0.002306s over 12 calls
2025-10-20 23:32:45,062 - INFO - [Shapelet 242] forward_avg=0.002299s over 12 calls
2025-10-20 23:32:45,062 - INFO - [Shapelet 283] forward_avg=0.002746s over 12 calls
2025-10-20 23:32:45,062 - INFO - [Shapelet 324] forward_avg=0.002667s over 12 calls
2025-10-20 23:32:45,062 - INFO - 
💾 模型第一次反向传播阶段的显存峰值（所有模块中的最大值）: 6442.89 MB
2025-10-20 23:32:45,062 - INFO - 
💾 模型初始显存: 23.05 MB
2025-10-20 23:32:45,062 - INFO - =======================================================================

2025-10-20 23:32:45,063 - INFO - torch.cuda.max_memory_reserved() : 8.5390625
2025-10-20 23:33:04,559 - INFO - Epoch 4 completed in 19.495623 seconds
2025-10-20 23:33:04,560 - INFO - torch.cuda.max_memory_reserved() : 8.5390625
2025-10-20 23:33:21,767 - INFO - Epoch 5 completed in 17.206612 seconds
2025-10-20 23:33:21,768 - INFO - torch.cuda.max_memory_reserved() : 8.5390625
2025-10-20 23:33:38,956 - INFO - Epoch 6 completed in 17.186849 seconds
2025-10-20 23:33:38,957 - INFO - torch.cuda.max_memory_reserved() : 8.5390625
2025-10-20 23:33:58,827 - INFO - Epoch 7 completed in 19.868966 seconds
2025-10-20 23:33:58,829 - INFO - torch.cuda.max_memory_reserved() : 8.541015625
2025-10-20 23:34:15,527 - INFO - Epoch 8 completed in 16.697129 seconds
2025-10-20 23:34:15,528 - INFO - torch.cuda.max_memory_reserved() : 8.541015625
2025-10-20 23:34:35,239 - INFO - Epoch 9 completed in 19.710311 seconds
2025-10-20 23:34:35,240 - INFO - torch.cuda.max_memory_reserved() : 8.541015625
2025-10-20 23:34:52,366 - INFO - Epoch 10 completed in 17.125192 seconds
2025-10-20 23:34:54,706 - INFO - torch.cuda.max_memory_reserved() : 8.541015625
2025-10-20 23:34:54,707 - INFO - !!!采用策略后的几个epoch 平均时间:18.188350439071655
2025-10-20 23:34:54,707 - INFO - 



2025-10-21 10:11:35,927 - INFO - 📌 第一个 epoch：默认所有模块使用 checkpoint
2025-10-21 10:11:39,697 - INFO - Epoch 1 completed in 3.780385 seconds
2025-10-21 10:11:40,812 - INFO - torch.cuda.max_memory_reserved() : 4.37890625
2025-10-21 10:11:43,996 - INFO - 
[🔁 拟合反向传播时间模型]
2025-10-21 10:11:43,996 - INFO - 总反向传播时间: 3.162024s
2025-10-21 10:11:43,996 - INFO - 拟合模型: backward_total ≈ 2 × (A + B) + b
2025-10-21 10:11:43,996 - INFO - A = 2.118929, B = 0.213382, b = 0.829713s
2025-10-21 10:11:44,445 - INFO - ✅ 最优策略：[1.0, 1.0, 1.0, 1.0, 1.0, 1.0, 1.0, 1.0, 1.0, 1.0, 1.0, 1.0, 1.0, 1.0, 0.0, 1.0]
2025-10-21 10:11:44,445 - INFO - 📌 checkpoint 的欧氏长度:, []
2025-10-21 10:11:44,446 - INFO - 📌 checkpoint 的余弦长度:, [283]
2025-10-21 10:11:44,446 - INFO - 💾 最终显存峰值：%.2f MB % 8171.860107421875
2025-10-21 10:11:44,446 - INFO - Epoch 2 completed in 3.634270 seconds
2025-10-21 10:11:44,447 - INFO - torch.cuda.max_memory_reserved() : 4.37890625
2025-10-21 10:11:46,543 - INFO - Epoch 3 completed in 2.095958 seconds
2025-10-21 10:11:46,543 - INFO - 
====================== [第1个 Epoch 收集统计数据] ======================
2025-10-21 10:11:46,543 - INFO - 
🔍 EUCLIDEAN modules:
2025-10-21 10:11:46,543 - INFO - [Shapelet  40] forward_avg=0.003947s over 12 calls | peak=343.57MB | final=0.00MB
2025-10-21 10:11:46,543 - INFO - [Shapelet  80] forward_avg=0.004024s over 12 calls | peak=601.19MB | final=0.00MB
2025-10-21 10:11:46,543 - INFO - [Shapelet 121] forward_avg=0.004938s over 12 calls | peak=791.72MB | final=0.00MB
2025-10-21 10:11:46,543 - INFO - [Shapelet 161] forward_avg=0.005226s over 12 calls | peak=905.43MB | final=0.00MB
2025-10-21 10:11:46,543 - INFO - [Shapelet 202] forward_avg=0.005418s over 12 calls | peak=946.48MB | final=0.00MB
2025-10-21 10:11:46,543 - INFO - [Shapelet 242] forward_avg=0.005358s over 12 calls | peak=915.59MB | final=0.00MB
2025-10-21 10:11:46,543 - INFO - [Shapelet 283] forward_avg=0.004546s over 12 calls | peak=810.62MB | final=0.00MB
2025-10-21 10:11:46,543 - INFO - [Shapelet 324] forward_avg=0.004265s over 12 calls | peak=628.61MB | final=0.00MB
2025-10-21 10:11:46,543 - INFO - 
🔍 COSINE modules:
2025-10-21 10:11:46,544 - INFO - [Shapelet  40] forward_avg=0.002238s over 12 calls | peak=220.75MB | final=0.00MB
2025-10-21 10:11:46,544 - INFO - [Shapelet  80] forward_avg=0.002193s over 12 calls | peak=390.83MB | final=0.00MB
2025-10-21 10:11:46,544 - INFO - [Shapelet 121] forward_avg=0.002784s over 12 calls | peak=515.69MB | final=0.00MB
2025-10-21 10:11:46,544 - INFO - [Shapelet 161] forward_avg=0.003022s over 12 calls | peak=589.82MB | final=0.00MB
2025-10-21 10:11:46,544 - INFO - [Shapelet 202] forward_avg=0.003226s over 12 calls | peak=615.21MB | final=0.00MB
2025-10-21 10:11:46,544 - INFO - [Shapelet 242] forward_avg=0.002938s over 12 calls | peak=592.28MB | final=0.00MB
2025-10-21 10:11:46,544 - INFO - [Shapelet 283] forward_avg=0.002401s over 12 calls | peak=520.11MB | final=0.00MB
2025-10-21 10:11:46,544 - INFO - [Shapelet 324] forward_avg=0.002334s over 12 calls | peak=396.44MB | final=0.00MB
2025-10-21 10:11:46,544 - INFO - 
🔍 CROSS modules:
2025-10-21 10:11:46,544 - INFO - [Shapelet  40] forward_avg=0.003100s over 12 calls
2025-10-21 10:11:46,544 - INFO - [Shapelet  80] forward_avg=0.000583s over 12 calls
2025-10-21 10:11:46,544 - INFO - [Shapelet 121] forward_avg=0.000651s over 12 calls
2025-10-21 10:11:46,544 - INFO - [Shapelet 161] forward_avg=0.000761s over 12 calls
2025-10-21 10:11:46,544 - INFO - [Shapelet 202] forward_avg=0.000856s over 12 calls
2025-10-21 10:11:46,544 - INFO - [Shapelet 242] forward_avg=0.000851s over 12 calls
2025-10-21 10:11:46,544 - INFO - [Shapelet 283] forward_avg=0.000987s over 12 calls
2025-10-21 10:11:46,544 - INFO - [Shapelet 324] forward_avg=0.001100s over 12 calls
2025-10-21 10:11:46,544 - INFO - 
💾 模型第一次反向传播阶段的显存峰值（所有模块中的最大值）: 6442.89 MB
2025-10-21 10:11:46,544 - INFO - 
💾 模型初始显存: 23.05 MB
2025-10-21 10:11:46,544 - INFO - =======================================================================

2025-10-21 10:11:46,544 - INFO - torch.cuda.max_memory_reserved() : 8.5390625
2025-10-21 10:11:48,610 - INFO - Epoch 4 completed in 2.065325 seconds
2025-10-21 10:11:48,612 - INFO - torch.cuda.max_memory_reserved() : 8.5390625
2025-10-21 10:11:50,866 - INFO - Epoch 5 completed in 2.253041 seconds
2025-10-21 10:11:50,867 - INFO - torch.cuda.max_memory_reserved() : 8.5390625
2025-10-21 10:11:53,227 - INFO - Epoch 6 completed in 2.359256 seconds
2025-10-21 10:11:53,227 - INFO - torch.cuda.max_memory_reserved() : 8.5390625
2025-10-21 10:11:55,446 - INFO - Epoch 7 completed in 2.218079 seconds
2025-10-21 10:11:55,446 - INFO - torch.cuda.max_memory_reserved() : 8.541015625
2025-10-21 10:11:57,622 - INFO - Epoch 8 completed in 2.175210 seconds
2025-10-21 10:11:57,622 - INFO - torch.cuda.max_memory_reserved() : 8.541015625
2025-10-21 10:12:00,475 - INFO - Epoch 9 completed in 2.851921 seconds
2025-10-21 10:12:00,475 - INFO - torch.cuda.max_memory_reserved() : 8.541015625
2025-10-21 10:12:02,510 - INFO - Epoch 10 completed in 2.034137 seconds
2025-10-21 10:12:03,568 - INFO - torch.cuda.max_memory_reserved() : 8.541015625
2025-10-21 10:12:03,569 - INFO - !!!采用策略后的几个epoch 平均时间:2.2566159665584564
2025-10-21 10:12:03,569 - INFO - 



