2025-10-20 23:36:15,572 - INFO - 📌 第一个 epoch：默认所有模块使用 checkpoint
2025-10-20 23:36:19,522 - INFO - Epoch 1 completed in 3.972927 seconds
2025-10-20 23:36:20,866 - INFO - torch.cuda.max_memory_reserved() : 4.37890625
2025-10-20 23:36:24,217 - INFO - 
[🔁 拟合反向传播时间模型]
2025-10-20 23:36:24,218 - INFO - 总反向传播时间: 3.329671s
2025-10-20 23:36:24,218 - INFO - 拟合模型: backward_total ≈ 2 × (A + B) + b
2025-10-20 23:36:24,218 - INFO - A = 2.484312, B = 0.270007, b = 0.575353s
2025-10-20 23:36:24,878 - INFO - ✅ 最优策略：[1.0, 1.0, 1.0, 1.0, 1.0, 1.0, 1.0, 1.0, 1.0, 1.0, 1.0, 1.0, 1.0, 1.0, 1.0, 1.0]
2025-10-20 23:36:24,878 - INFO - 📌 checkpoint 的欧氏长度:, []
2025-10-20 23:36:24,878 - INFO - 📌 checkpoint 的余弦长度:, []
2025-10-20 23:36:24,878 - INFO - 💾 最终显存峰值：%.2f MB % 8692.373695373535
2025-10-20 23:36:24,879 - INFO - Epoch 2 completed in 4.011797 seconds
2025-10-20 23:36:24,879 - INFO - torch.cuda.max_memory_reserved() : 4.37890625
2025-10-20 23:36:27,356 - INFO - Epoch 3 completed in 2.476071 seconds
2025-10-20 23:36:27,356 - INFO - 
====================== [第1个 Epoch 收集统计数据] ======================
2025-10-20 23:36:27,356 - INFO - 
🔍 EUCLIDEAN modules:
2025-10-20 23:36:27,356 - INFO - [Shapelet  40] forward_avg=0.004626s over 12 calls | peak=343.57MB | final=0.00MB
2025-10-20 23:36:27,356 - INFO - [Shapelet  80] forward_avg=0.004918s over 12 calls | peak=601.19MB | final=0.00MB
2025-10-20 23:36:27,356 - INFO - [Shapelet 121] forward_avg=0.005826s over 12 calls | peak=791.72MB | final=0.00MB
2025-10-20 23:36:27,356 - INFO - [Shapelet 161] forward_avg=0.005987s over 12 calls | peak=905.43MB | final=0.00MB
2025-10-20 23:36:27,356 - INFO - [Shapelet 202] forward_avg=0.006134s over 12 calls | peak=946.48MB | final=0.00MB
2025-10-20 23:36:27,356 - INFO - [Shapelet 242] forward_avg=0.005913s over 12 calls | peak=915.59MB | final=0.00MB
2025-10-20 23:36:27,356 - INFO - [Shapelet 283] forward_avg=0.005136s over 12 calls | peak=810.62MB | final=0.00MB
2025-10-20 23:36:27,356 - INFO - [Shapelet 324] forward_avg=0.004770s over 12 calls | peak=628.61MB | final=0.00MB
2025-10-20 23:36:27,356 - INFO - 
🔍 COSINE modules:
2025-10-20 23:36:27,356 - INFO - [Shapelet  40] forward_avg=0.003215s over 12 calls | peak=220.75MB | final=0.00MB
2025-10-20 23:36:27,356 - INFO - [Shapelet  80] forward_avg=0.003043s over 12 calls | peak=390.83MB | final=0.00MB
2025-10-20 23:36:27,356 - INFO - [Shapelet 121] forward_avg=0.003231s over 12 calls | peak=515.69MB | final=0.00MB
2025-10-20 23:36:27,357 - INFO - [Shapelet 161] forward_avg=0.003544s over 12 calls | peak=589.82MB | final=0.00MB
2025-10-20 23:36:27,357 - INFO - [Shapelet 202] forward_avg=0.003318s over 12 calls | peak=615.21MB | final=0.00MB
2025-10-20 23:36:27,357 - INFO - [Shapelet 242] forward_avg=0.003296s over 12 calls | peak=592.28MB | final=0.00MB
2025-10-20 23:36:27,357 - INFO - [Shapelet 283] forward_avg=0.003045s over 12 calls | peak=520.11MB | final=0.00MB
2025-10-20 23:36:27,357 - INFO - [Shapelet 324] forward_avg=0.003006s over 12 calls | peak=396.44MB | final=0.00MB
2025-10-20 23:36:27,357 - INFO - 
🔍 CROSS modules:
2025-10-20 23:36:27,357 - INFO - [Shapelet  40] forward_avg=0.003925s over 12 calls
2025-10-20 23:36:27,357 - INFO - [Shapelet  80] forward_avg=0.000824s over 12 calls
2025-10-20 23:36:27,357 - INFO - [Shapelet 121] forward_avg=0.000900s over 12 calls
2025-10-20 23:36:27,357 - INFO - [Shapelet 161] forward_avg=0.000963s over 12 calls
2025-10-20 23:36:27,357 - INFO - [Shapelet 202] forward_avg=0.001037s over 12 calls
2025-10-20 23:36:27,357 - INFO - [Shapelet 242] forward_avg=0.001198s over 12 calls
2025-10-20 23:36:27,357 - INFO - [Shapelet 283] forward_avg=0.001189s over 12 calls
2025-10-20 23:36:27,357 - INFO - [Shapelet 324] forward_avg=0.001214s over 12 calls
2025-10-20 23:36:27,357 - INFO - 
💾 模型第一次反向传播阶段的显存峰值（所有模块中的最大值）: 8544.94 MB
2025-10-20 23:36:27,357 - INFO - 
💾 模型初始显存: 23.05 MB
2025-10-20 23:36:27,357 - INFO - =======================================================================

2025-10-20 23:36:27,357 - INFO - torch.cuda.max_memory_reserved() : 9.25
2025-10-20 23:36:29,795 - INFO - Epoch 4 completed in 2.436799 seconds
2025-10-20 23:36:29,795 - INFO - torch.cuda.max_memory_reserved() : 9.25
2025-10-20 23:36:32,226 - INFO - Epoch 5 completed in 2.429878 seconds
2025-10-20 23:36:32,227 - INFO - torch.cuda.max_memory_reserved() : 9.25
2025-10-20 23:36:34,673 - INFO - Epoch 6 completed in 2.445115 seconds
2025-10-20 23:36:34,674 - INFO - torch.cuda.max_memory_reserved() : 9.251953125
2025-10-20 23:36:37,140 - INFO - Epoch 7 completed in 2.465979 seconds
2025-10-20 23:36:37,141 - INFO - torch.cuda.max_memory_reserved() : 9.251953125
2025-10-20 23:36:39,557 - INFO - Epoch 8 completed in 2.414717 seconds
2025-10-20 23:36:39,558 - INFO - torch.cuda.max_memory_reserved() : 9.251953125
2025-10-20 23:36:42,056 - INFO - Epoch 9 completed in 2.497691 seconds
2025-10-20 23:36:42,057 - INFO - torch.cuda.max_memory_reserved() : 9.251953125
2025-10-20 23:36:44,317 - INFO - Epoch 10 completed in 2.259149 seconds
2025-10-20 23:36:45,448 - INFO - torch.cuda.max_memory_reserved() : 9.251953125
2025-10-20 23:36:45,448 - INFO - !!!采用策略后的几个epoch 平均时间:2.4281748235225677
2025-10-20 23:36:45,448 - INFO - 



2025-10-21 10:13:19,052 - INFO - 📌 第一个 epoch：默认所有模块使用 checkpoint
2025-10-21 10:13:23,250 - INFO - Epoch 1 completed in 4.210283 seconds
2025-10-21 10:13:24,324 - INFO - torch.cuda.max_memory_reserved() : 4.37890625
2025-10-21 10:13:27,506 - INFO - 
[🔁 拟合反向传播时间模型]
2025-10-21 10:13:27,506 - INFO - 总反向传播时间: 3.161092s
2025-10-21 10:13:27,506 - INFO - 拟合模型: backward_total ≈ 2 × (A + B) + b
2025-10-21 10:13:27,506 - INFO - A = 2.080879, B = 0.207341, b = 0.872871s
2025-10-21 10:13:27,969 - INFO - ✅ 最优策略：[1.0, 1.0, 1.0, 1.0, 1.0, 1.0, 1.0, 1.0, 1.0, 1.0, 1.0, 1.0, 1.0, 1.0, 1.0, 1.0]
2025-10-21 10:13:27,969 - INFO - 📌 checkpoint 的欧氏长度:, []
2025-10-21 10:13:27,969 - INFO - 📌 checkpoint 的余弦长度:, []
2025-10-21 10:13:27,970 - INFO - 💾 最终显存峰值：%.2f MB % 8692.373695373535
2025-10-21 10:13:27,970 - INFO - Epoch 2 completed in 3.645307 seconds
2025-10-21 10:13:27,970 - INFO - torch.cuda.max_memory_reserved() : 4.37890625
2025-10-21 10:13:30,566 - INFO - Epoch 3 completed in 2.595419 seconds
2025-10-21 10:13:30,566 - INFO - 
====================== [第1个 Epoch 收集统计数据] ======================
2025-10-21 10:13:30,566 - INFO - 
🔍 EUCLIDEAN modules:
2025-10-21 10:13:30,566 - INFO - [Shapelet  40] forward_avg=0.003924s over 12 calls | peak=343.57MB | final=0.00MB
2025-10-21 10:13:30,566 - INFO - [Shapelet  80] forward_avg=0.004001s over 12 calls | peak=601.19MB | final=0.00MB
2025-10-21 10:13:30,566 - INFO - [Shapelet 121] forward_avg=0.004973s over 12 calls | peak=791.72MB | final=0.00MB
2025-10-21 10:13:30,566 - INFO - [Shapelet 161] forward_avg=0.005122s over 12 calls | peak=905.43MB | final=0.00MB
2025-10-21 10:13:30,567 - INFO - [Shapelet 202] forward_avg=0.005493s over 12 calls | peak=946.48MB | final=0.00MB
2025-10-21 10:13:30,567 - INFO - [Shapelet 242] forward_avg=0.005198s over 12 calls | peak=915.59MB | final=0.00MB
2025-10-21 10:13:30,567 - INFO - [Shapelet 283] forward_avg=0.004338s over 12 calls | peak=810.62MB | final=0.00MB
2025-10-21 10:13:30,567 - INFO - [Shapelet 324] forward_avg=0.004235s over 12 calls | peak=628.61MB | final=0.00MB
2025-10-21 10:13:30,567 - INFO - 
🔍 COSINE modules:
2025-10-21 10:13:30,567 - INFO - [Shapelet  40] forward_avg=0.002075s over 12 calls | peak=220.75MB | final=0.00MB
2025-10-21 10:13:30,567 - INFO - [Shapelet  80] forward_avg=0.002049s over 12 calls | peak=390.83MB | final=0.00MB
2025-10-21 10:13:30,567 - INFO - [Shapelet 121] forward_avg=0.002697s over 12 calls | peak=515.69MB | final=0.00MB
2025-10-21 10:13:30,567 - INFO - [Shapelet 161] forward_avg=0.002927s over 12 calls | peak=589.82MB | final=0.00MB
2025-10-21 10:13:30,567 - INFO - [Shapelet 202] forward_avg=0.003097s over 12 calls | peak=615.21MB | final=0.00MB
2025-10-21 10:13:30,567 - INFO - [Shapelet 242] forward_avg=0.002940s over 12 calls | peak=592.28MB | final=0.00MB
2025-10-21 10:13:30,567 - INFO - [Shapelet 283] forward_avg=0.002441s over 12 calls | peak=520.11MB | final=0.00MB
2025-10-21 10:13:30,567 - INFO - [Shapelet 324] forward_avg=0.002290s over 12 calls | peak=396.44MB | final=0.00MB
2025-10-21 10:13:30,567 - INFO - 
🔍 CROSS modules:
2025-10-21 10:13:30,567 - INFO - [Shapelet  40] forward_avg=0.002987s over 12 calls
2025-10-21 10:13:30,567 - INFO - [Shapelet  80] forward_avg=0.000604s over 12 calls
2025-10-21 10:13:30,567 - INFO - [Shapelet 121] forward_avg=0.000675s over 12 calls
2025-10-21 10:13:30,567 - INFO - [Shapelet 161] forward_avg=0.000767s over 12 calls
2025-10-21 10:13:30,567 - INFO - [Shapelet 202] forward_avg=0.000863s over 12 calls
2025-10-21 10:13:30,567 - INFO - [Shapelet 242] forward_avg=0.000850s over 12 calls
2025-10-21 10:13:30,567 - INFO - [Shapelet 283] forward_avg=0.000905s over 12 calls
2025-10-21 10:13:30,567 - INFO - [Shapelet 324] forward_avg=0.000988s over 12 calls
2025-10-21 10:13:30,567 - INFO - 
💾 模型第一次反向传播阶段的显存峰值（所有模块中的最大值）: 8544.94 MB
2025-10-21 10:13:30,567 - INFO - 
💾 模型初始显存: 23.05 MB
2025-10-21 10:13:30,567 - INFO - =======================================================================

2025-10-21 10:13:30,568 - INFO - torch.cuda.max_memory_reserved() : 9.25
2025-10-21 10:13:33,272 - INFO - Epoch 4 completed in 2.703862 seconds
2025-10-21 10:13:33,273 - INFO - torch.cuda.max_memory_reserved() : 9.25
2025-10-21 10:13:35,525 - INFO - Epoch 5 completed in 2.250606 seconds
2025-10-21 10:13:35,525 - INFO - torch.cuda.max_memory_reserved() : 9.25
2025-10-21 10:13:38,139 - INFO - Epoch 6 completed in 2.613295 seconds
2025-10-21 10:13:38,139 - INFO - torch.cuda.max_memory_reserved() : 9.251953125
2025-10-21 10:13:40,197 - INFO - Epoch 7 completed in 2.057664 seconds
2025-10-21 10:13:40,198 - INFO - torch.cuda.max_memory_reserved() : 9.251953125
2025-10-21 10:13:42,209 - INFO - Epoch 8 completed in 2.011070 seconds
2025-10-21 10:13:42,209 - INFO - torch.cuda.max_memory_reserved() : 9.251953125
2025-10-21 10:13:44,243 - INFO - Epoch 9 completed in 2.033107 seconds
2025-10-21 10:13:44,243 - INFO - torch.cuda.max_memory_reserved() : 9.251953125
2025-10-21 10:13:46,355 - INFO - Epoch 10 completed in 2.111661 seconds
2025-10-21 10:13:47,416 - INFO - torch.cuda.max_memory_reserved() : 9.251953125
2025-10-21 10:13:47,417 - INFO - !!!采用策略后的几个epoch 平均时间:2.2970854938030243
2025-10-21 10:13:47,417 - INFO - 



