2025-10-21 13:44:09,960 - INFO - 📌 第一个 epoch：默认所有模块使用 checkpoint
2025-10-21 13:44:13,297 - INFO - Epoch 1 completed in 3.346105 seconds
2025-10-21 13:44:14,371 - INFO - torch.cuda.max_memory_reserved() : 4.37890625
2025-10-21 13:44:17,161 - INFO - 
[🔁 拟合反向传播时间模型]
2025-10-21 13:44:17,162 - INFO - 总反向传播时间: 2.767500s
2025-10-21 13:44:17,162 - INFO - 拟合模型: backward_total ≈ 2 × (A + B) + b
2025-10-21 13:44:17,162 - INFO - A = 2.105583, B = 0.198201, b = 0.463716s
2025-10-21 13:44:17,595 - INFO - ✅ 最优策略：[1.0, 1.0, 1.0, 1.0, 0.0, 1.0, 1.0, 1.0, 1.0, 0.0, 1.0, 0.0, 0.0, 0.0, 0.0, 0.0]
2025-10-21 13:44:17,595 - INFO - 📌 checkpoint 的欧氏长度:, [202]
2025-10-21 13:44:17,596 - INFO - 📌 checkpoint 的余弦长度:, [80, 161, 202, 242, 283, 324]
2025-10-21 13:44:17,596 - INFO - 💾 最终显存峰值：%.2f MB % 5112.658180236816
2025-10-21 13:44:17,596 - INFO - Epoch 2 completed in 3.224262 seconds
2025-10-21 13:44:17,596 - INFO - torch.cuda.max_memory_reserved() : 4.37890625
2025-10-21 13:44:19,918 - INFO - Epoch 3 completed in 2.321205 seconds
2025-10-21 13:44:19,918 - INFO - 
====================== [第1个 Epoch 收集统计数据] ======================
2025-10-21 13:44:19,918 - INFO - 
🔍 EUCLIDEAN modules:
2025-10-21 13:44:19,918 - INFO - [Shapelet  40] forward_avg=0.003875s over 12 calls | peak=343.57MB | final=0.00MB
2025-10-21 13:44:19,918 - INFO - [Shapelet  80] forward_avg=0.004109s over 12 calls | peak=601.19MB | final=0.00MB
2025-10-21 13:44:19,918 - INFO - [Shapelet 121] forward_avg=0.005098s over 12 calls | peak=791.72MB | final=0.00MB
2025-10-21 13:44:19,918 - INFO - [Shapelet 161] forward_avg=0.005448s over 12 calls | peak=905.43MB | final=0.00MB
2025-10-21 13:44:19,918 - INFO - [Shapelet 202] forward_avg=0.005685s over 12 calls | peak=946.48MB | final=0.00MB
2025-10-21 13:44:19,918 - INFO - [Shapelet 242] forward_avg=0.005200s over 12 calls | peak=915.59MB | final=0.00MB
2025-10-21 13:44:19,918 - INFO - [Shapelet 283] forward_avg=0.004691s over 12 calls | peak=810.62MB | final=0.00MB
2025-10-21 13:44:19,918 - INFO - [Shapelet 324] forward_avg=0.004332s over 12 calls | peak=628.61MB | final=0.00MB
2025-10-21 13:44:19,918 - INFO - 
🔍 COSINE modules:
2025-10-21 13:44:19,918 - INFO - [Shapelet  40] forward_avg=0.002041s over 12 calls | peak=220.75MB | final=0.00MB
2025-10-21 13:44:19,918 - INFO - [Shapelet  80] forward_avg=0.002024s over 12 calls | peak=390.83MB | final=0.00MB
2025-10-21 13:44:19,918 - INFO - [Shapelet 121] forward_avg=0.002602s over 12 calls | peak=515.69MB | final=0.00MB
2025-10-21 13:44:19,918 - INFO - [Shapelet 161] forward_avg=0.002915s over 12 calls | peak=589.82MB | final=0.00MB
2025-10-21 13:44:19,919 - INFO - [Shapelet 202] forward_avg=0.003087s over 12 calls | peak=615.21MB | final=0.00MB
2025-10-21 13:44:19,919 - INFO - [Shapelet 242] forward_avg=0.002916s over 12 calls | peak=592.28MB | final=0.00MB
2025-10-21 13:44:19,919 - INFO - [Shapelet 283] forward_avg=0.002324s over 12 calls | peak=520.11MB | final=0.00MB
2025-10-21 13:44:19,919 - INFO - [Shapelet 324] forward_avg=0.002138s over 12 calls | peak=396.44MB | final=0.00MB
2025-10-21 13:44:19,919 - INFO - 
🔍 CROSS modules:
2025-10-21 13:44:19,919 - INFO - [Shapelet  40] forward_avg=0.002764s over 12 calls
2025-10-21 13:44:19,919 - INFO - [Shapelet  80] forward_avg=0.000578s over 12 calls
2025-10-21 13:44:19,919 - INFO - [Shapelet 121] forward_avg=0.000642s over 12 calls
2025-10-21 13:44:19,919 - INFO - [Shapelet 161] forward_avg=0.000748s over 12 calls
2025-10-21 13:44:19,919 - INFO - [Shapelet 202] forward_avg=0.000851s over 12 calls
2025-10-21 13:44:19,919 - INFO - [Shapelet 242] forward_avg=0.000818s over 12 calls
2025-10-21 13:44:19,919 - INFO - [Shapelet 283] forward_avg=0.000882s over 12 calls
2025-10-21 13:44:19,919 - INFO - [Shapelet 324] forward_avg=0.000976s over 12 calls
2025-10-21 13:44:19,919 - INFO - 
💾 模型第一次反向传播阶段的显存峰值（所有模块中的最大值）: 4885.87 MB
2025-10-21 13:44:19,919 - INFO - 
💾 模型初始显存: 23.05 MB
2025-10-21 13:44:19,919 - INFO - =======================================================================

2025-10-21 13:44:19,919 - INFO - torch.cuda.max_memory_reserved() : 5.416015625
2025-10-21 13:44:22,159 - INFO - Epoch 4 completed in 2.239617 seconds
2025-10-21 13:44:22,160 - INFO - torch.cuda.max_memory_reserved() : 5.416015625
2025-10-21 13:44:24,492 - INFO - Epoch 5 completed in 2.331585 seconds
2025-10-21 13:44:24,492 - INFO - torch.cuda.max_memory_reserved() : 5.416015625
2025-10-21 13:44:26,960 - INFO - Epoch 6 completed in 2.467841 seconds
2025-10-21 13:44:26,961 - INFO - torch.cuda.max_memory_reserved() : 5.416015625
2025-10-21 13:44:29,346 - INFO - Epoch 7 completed in 2.383306 seconds
2025-10-21 13:44:29,346 - INFO - torch.cuda.max_memory_reserved() : 5.416015625
2025-10-21 13:44:31,666 - INFO - Epoch 8 completed in 2.319836 seconds
2025-10-21 13:44:31,667 - INFO - torch.cuda.max_memory_reserved() : 5.416015625
2025-10-21 13:44:34,010 - INFO - Epoch 9 completed in 2.342030 seconds
2025-10-21 13:44:34,011 - INFO - torch.cuda.max_memory_reserved() : 5.416015625
2025-10-21 13:44:36,287 - INFO - Epoch 10 completed in 2.275496 seconds
2025-10-21 13:44:37,312 - INFO - torch.cuda.max_memory_reserved() : 5.416015625
2025-10-21 13:44:37,313 - INFO - !!!采用策略后的几个epoch 平均时间:2.335114538669586
2025-10-21 13:44:37,313 - INFO - 



