2025-10-20 23:28:16,292 - INFO - 📌 第一个 epoch：默认所有模块使用 checkpoint
2025-10-20 23:28:20,507 - INFO - Epoch 1 completed in 4.226006 seconds
2025-10-20 23:28:21,700 - INFO - torch.cuda.max_memory_reserved() : 4.37890625
2025-10-20 23:28:26,096 - INFO - 
[🔁 拟合反向传播时间模型]
2025-10-20 23:28:26,097 - INFO - 总反向传播时间: 4.369387s
2025-10-20 23:28:26,097 - INFO - 拟合模型: backward_total ≈ 2 × (A + B) + b
2025-10-20 23:28:26,097 - INFO - A = 2.306165, B = 0.247040, b = 1.816182s
2025-10-20 23:28:26,612 - INFO - ✅ 最优策略：[0.0, 0.0, 0.0, 0.0, 0.0, 0.0, 0.0, 0.0, 0.0, 0.0, 0.0, 0.0, 0.0, 0.0, 0.0, 0.0]
2025-10-20 23:28:26,612 - INFO - 📌 checkpoint 的欧氏长度:, [40, 80, 121, 161, 202, 242, 283, 324]
2025-10-20 23:28:26,612 - INFO - 📌 checkpoint 的余弦长度:, [40, 80, 121, 161, 202, 242, 283, 324]
2025-10-20 23:28:26,613 - INFO - 💾 最终显存峰值：%.2f MB % 1420.24853515625
2025-10-20 23:28:26,614 - INFO - Epoch 2 completed in 4.913911 seconds
2025-10-20 23:28:26,615 - INFO - torch.cuda.max_memory_reserved() : 4.37890625
2025-10-20 23:28:30,574 - INFO - Epoch 3 completed in 3.958738 seconds
2025-10-20 23:28:30,575 - INFO - 
====================== [第1个 Epoch 收集统计数据] ======================
2025-10-20 23:28:30,575 - INFO - 
🔍 EUCLIDEAN modules:
2025-10-20 23:28:30,575 - INFO - [Shapelet  40] forward_avg=0.004106s over 12 calls | peak=343.57MB | final=0.00MB
2025-10-20 23:28:30,575 - INFO - [Shapelet  80] forward_avg=0.004230s over 12 calls | peak=601.19MB | final=0.00MB
2025-10-20 23:28:30,575 - INFO - [Shapelet 121] forward_avg=0.005052s over 12 calls | peak=791.72MB | final=0.00MB
2025-10-20 23:28:30,575 - INFO - [Shapelet 161] forward_avg=0.005474s over 12 calls | peak=905.43MB | final=0.00MB
2025-10-20 23:28:30,575 - INFO - [Shapelet 202] forward_avg=0.005789s over 12 calls | peak=946.48MB | final=0.00MB
2025-10-20 23:28:30,575 - INFO - [Shapelet 242] forward_avg=0.005688s over 12 calls | peak=915.59MB | final=0.00MB
2025-10-20 23:28:30,575 - INFO - [Shapelet 283] forward_avg=0.004834s over 12 calls | peak=810.62MB | final=0.00MB
2025-10-20 23:28:30,575 - INFO - [Shapelet 324] forward_avg=0.004477s over 12 calls | peak=628.61MB | final=0.00MB
2025-10-20 23:28:30,575 - INFO - 
🔍 COSINE modules:
2025-10-20 23:28:30,576 - INFO - [Shapelet  40] forward_avg=0.002861s over 12 calls | peak=220.75MB | final=0.00MB
2025-10-20 23:28:30,576 - INFO - [Shapelet  80] forward_avg=0.002735s over 12 calls | peak=390.83MB | final=0.00MB
2025-10-20 23:28:30,576 - INFO - [Shapelet 121] forward_avg=0.002986s over 12 calls | peak=515.69MB | final=0.00MB
2025-10-20 23:28:30,576 - INFO - [Shapelet 161] forward_avg=0.003276s over 12 calls | peak=589.82MB | final=0.00MB
2025-10-20 23:28:30,576 - INFO - [Shapelet 202] forward_avg=0.003417s over 12 calls | peak=615.21MB | final=0.00MB
2025-10-20 23:28:30,576 - INFO - [Shapelet 242] forward_avg=0.003375s over 12 calls | peak=592.28MB | final=0.00MB
2025-10-20 23:28:30,576 - INFO - [Shapelet 283] forward_avg=0.003093s over 12 calls | peak=520.11MB | final=0.00MB
2025-10-20 23:28:30,576 - INFO - [Shapelet 324] forward_avg=0.002668s over 12 calls | peak=396.44MB | final=0.00MB
2025-10-20 23:28:30,576 - INFO - 
🔍 CROSS modules:
2025-10-20 23:28:30,576 - INFO - [Shapelet  40] forward_avg=0.003991s over 12 calls
2025-10-20 23:28:30,576 - INFO - [Shapelet  80] forward_avg=0.000692s over 12 calls
2025-10-20 23:28:30,576 - INFO - [Shapelet 121] forward_avg=0.000754s over 12 calls
2025-10-20 23:28:30,576 - INFO - [Shapelet 161] forward_avg=0.000853s over 12 calls
2025-10-20 23:28:30,576 - INFO - [Shapelet 202] forward_avg=0.000915s over 12 calls
2025-10-20 23:28:30,576 - INFO - [Shapelet 242] forward_avg=0.000899s over 12 calls
2025-10-20 23:28:30,576 - INFO - [Shapelet 283] forward_avg=0.001018s over 12 calls
2025-10-20 23:28:30,576 - INFO - [Shapelet 324] forward_avg=0.001172s over 12 calls
2025-10-20 23:28:30,577 - INFO - 
💾 模型第一次反向传播阶段的显存峰值（所有模块中的最大值）: 1420.25 MB
2025-10-20 23:28:30,577 - INFO - 
💾 模型初始显存: 23.05 MB
2025-10-20 23:28:30,577 - INFO - =======================================================================

2025-10-20 23:28:30,577 - INFO - torch.cuda.max_memory_reserved() : 4.37890625
2025-10-20 23:28:34,272 - INFO - Epoch 4 completed in 3.693630 seconds
2025-10-20 23:28:34,272 - INFO - torch.cuda.max_memory_reserved() : 4.37890625
2025-10-20 23:28:37,890 - INFO - Epoch 5 completed in 3.617470 seconds
2025-10-20 23:28:37,891 - INFO - torch.cuda.max_memory_reserved() : 4.37890625
2025-10-20 23:28:41,270 - INFO - Epoch 6 completed in 3.378434 seconds
2025-10-20 23:28:41,271 - INFO - torch.cuda.max_memory_reserved() : 4.37890625
2025-10-20 23:28:44,626 - INFO - Epoch 7 completed in 3.353774 seconds
2025-10-20 23:28:44,627 - INFO - torch.cuda.max_memory_reserved() : 4.37890625
2025-10-20 23:28:47,919 - INFO - Epoch 8 completed in 3.290335 seconds
2025-10-20 23:28:47,920 - INFO - torch.cuda.max_memory_reserved() : 4.37890625
2025-10-20 23:28:51,173 - INFO - Epoch 9 completed in 3.251270 seconds
2025-10-20 23:28:51,174 - INFO - torch.cuda.max_memory_reserved() : 4.37890625
2025-10-20 23:28:54,518 - INFO - Epoch 10 completed in 3.343390 seconds
2025-10-20 23:28:55,678 - INFO - torch.cuda.max_memory_reserved() : 4.37890625
2025-10-20 23:28:55,679 - INFO - !!!采用策略后的几个epoch 平均时间:3.4858799278736115
2025-10-20 23:28:55,679 - INFO - 



2025-10-21 10:09:32,555 - INFO - 📌 第一个 epoch：默认所有模块使用 checkpoint
2025-10-21 10:09:37,135 - INFO - Epoch 1 completed in 4.591911 seconds
2025-10-21 10:09:38,204 - INFO - torch.cuda.max_memory_reserved() : 4.37890625
2025-10-21 10:09:41,358 - INFO - 
[🔁 拟合反向传播时间模型]
2025-10-21 10:09:41,359 - INFO - 总反向传播时间: 3.130918s
2025-10-21 10:09:41,359 - INFO - 拟合模型: backward_total ≈ 2 × (A + B) + b
2025-10-21 10:09:41,359 - INFO - A = 2.090644, B = 0.204422, b = 0.835851s
2025-10-21 10:09:41,785 - INFO - ✅ 最优策略：[0.0, 0.0, 0.0, 0.0, 0.0, 0.0, 0.0, 0.0, 0.0, 0.0, 0.0, 0.0, 0.0, 0.0, 0.0, 0.0]
2025-10-21 10:09:41,785 - INFO - 📌 checkpoint 的欧氏长度:, [40, 80, 121, 161, 202, 242, 283, 324]
2025-10-21 10:09:41,785 - INFO - 📌 checkpoint 的余弦长度:, [40, 80, 121, 161, 202, 242, 283, 324]
2025-10-21 10:09:41,785 - INFO - 💾 最终显存峰值：%.2f MB % 1420.24853515625
2025-10-21 10:09:41,786 - INFO - Epoch 2 completed in 3.580699 seconds
2025-10-21 10:09:41,786 - INFO - torch.cuda.max_memory_reserved() : 4.37890625
2025-10-21 10:09:44,845 - INFO - Epoch 3 completed in 3.058722 seconds
2025-10-21 10:09:44,846 - INFO - 
====================== [第1个 Epoch 收集统计数据] ======================
2025-10-21 10:09:44,846 - INFO - 
🔍 EUCLIDEAN modules:
2025-10-21 10:09:44,846 - INFO - [Shapelet  40] forward_avg=0.003939s over 12 calls | peak=343.57MB | final=0.00MB
2025-10-21 10:09:44,846 - INFO - [Shapelet  80] forward_avg=0.004123s over 12 calls | peak=601.19MB | final=0.00MB
2025-10-21 10:09:44,846 - INFO - [Shapelet 121] forward_avg=0.004996s over 12 calls | peak=791.72MB | final=0.00MB
2025-10-21 10:09:44,846 - INFO - [Shapelet 161] forward_avg=0.005140s over 12 calls | peak=905.43MB | final=0.00MB
2025-10-21 10:09:44,846 - INFO - [Shapelet 202] forward_avg=0.005495s over 12 calls | peak=946.48MB | final=0.00MB
2025-10-21 10:09:44,846 - INFO - [Shapelet 242] forward_avg=0.005308s over 12 calls | peak=915.59MB | final=0.00MB
2025-10-21 10:09:44,847 - INFO - [Shapelet 283] forward_avg=0.004344s over 12 calls | peak=810.62MB | final=0.00MB
2025-10-21 10:09:44,847 - INFO - [Shapelet 324] forward_avg=0.004268s over 12 calls | peak=628.61MB | final=0.00MB
2025-10-21 10:09:44,847 - INFO - 
🔍 COSINE modules:
2025-10-21 10:09:44,847 - INFO - [Shapelet  40] forward_avg=0.002184s over 12 calls | peak=220.75MB | final=0.00MB
2025-10-21 10:09:44,847 - INFO - [Shapelet  80] forward_avg=0.002093s over 12 calls | peak=390.83MB | final=0.00MB
2025-10-21 10:09:44,847 - INFO - [Shapelet 121] forward_avg=0.002683s over 12 calls | peak=515.69MB | final=0.00MB
2025-10-21 10:09:44,847 - INFO - [Shapelet 161] forward_avg=0.002934s over 12 calls | peak=589.82MB | final=0.00MB
2025-10-21 10:09:44,847 - INFO - [Shapelet 202] forward_avg=0.003123s over 12 calls | peak=615.21MB | final=0.00MB
2025-10-21 10:09:44,847 - INFO - [Shapelet 242] forward_avg=0.002928s over 12 calls | peak=592.28MB | final=0.00MB
2025-10-21 10:09:44,848 - INFO - [Shapelet 283] forward_avg=0.002347s over 12 calls | peak=520.11MB | final=0.00MB
2025-10-21 10:09:44,848 - INFO - [Shapelet 324] forward_avg=0.002167s over 12 calls | peak=396.44MB | final=0.00MB
2025-10-21 10:09:44,848 - INFO - 
🔍 CROSS modules:
2025-10-21 10:09:44,848 - INFO - [Shapelet  40] forward_avg=0.002867s over 12 calls
2025-10-21 10:09:44,848 - INFO - [Shapelet  80] forward_avg=0.000601s over 12 calls
2025-10-21 10:09:44,848 - INFO - [Shapelet 121] forward_avg=0.000660s over 12 calls
2025-10-21 10:09:44,848 - INFO - [Shapelet 161] forward_avg=0.000769s over 12 calls
2025-10-21 10:09:44,848 - INFO - [Shapelet 202] forward_avg=0.000877s over 12 calls
2025-10-21 10:09:44,848 - INFO - [Shapelet 242] forward_avg=0.000843s over 12 calls
2025-10-21 10:09:44,848 - INFO - [Shapelet 283] forward_avg=0.000902s over 12 calls
2025-10-21 10:09:44,848 - INFO - [Shapelet 324] forward_avg=0.000999s over 12 calls
2025-10-21 10:09:44,848 - INFO - 
💾 模型第一次反向传播阶段的显存峰值（所有模块中的最大值）: 1420.25 MB
2025-10-21 10:09:44,848 - INFO - 
💾 模型初始显存: 23.05 MB
2025-10-21 10:09:44,848 - INFO - =======================================================================

2025-10-21 10:09:44,848 - INFO - torch.cuda.max_memory_reserved() : 4.37890625
2025-10-21 10:09:48,075 - INFO - Epoch 4 completed in 3.226755 seconds
2025-10-21 10:09:48,076 - INFO - torch.cuda.max_memory_reserved() : 4.37890625
2025-10-21 10:09:51,163 - INFO - Epoch 5 completed in 3.086407 seconds
2025-10-21 10:09:51,163 - INFO - torch.cuda.max_memory_reserved() : 4.37890625
2025-10-21 10:09:54,603 - INFO - Epoch 6 completed in 3.439228 seconds
2025-10-21 10:09:54,603 - INFO - torch.cuda.max_memory_reserved() : 4.37890625
2025-10-21 10:09:57,640 - INFO - Epoch 7 completed in 3.034975 seconds
2025-10-21 10:09:57,641 - INFO - torch.cuda.max_memory_reserved() : 4.37890625
2025-10-21 10:10:00,397 - INFO - Epoch 8 completed in 2.755076 seconds
2025-10-21 10:10:00,398 - INFO - torch.cuda.max_memory_reserved() : 4.37890625
2025-10-21 10:10:03,305 - INFO - Epoch 9 completed in 2.906078 seconds
2025-10-21 10:10:03,305 - INFO - torch.cuda.max_memory_reserved() : 4.37890625
2025-10-21 10:10:05,994 - INFO - Epoch 10 completed in 2.688259 seconds
2025-10-21 10:10:07,091 - INFO - torch.cuda.max_memory_reserved() : 4.37890625
2025-10-21 10:10:07,092 - INFO - !!!采用策略后的几个epoch 平均时间:3.0244375467300415
2025-10-21 10:10:07,092 - INFO - 



