2025-10-21 13:45:00,711 - INFO - 📌 第一个 epoch：默认所有模块使用 checkpoint
2025-10-21 13:45:04,074 - INFO - Epoch 1 completed in 3.371466 seconds
2025-10-21 13:45:05,131 - INFO - torch.cuda.max_memory_reserved() : 4.37890625
2025-10-21 13:45:07,942 - INFO - 
[🔁 拟合反向传播时间模型]
2025-10-21 13:45:07,943 - INFO - 总反向传播时间: 2.792051s
2025-10-21 13:45:07,943 - INFO - 拟合模型: backward_total ≈ 2 × (A + B) + b
2025-10-21 13:45:07,943 - INFO - A = 2.112273, B = 0.199574, b = 0.480205s
2025-10-21 13:45:08,369 - INFO - ✅ 最优策略：[1.0, 1.0, 1.0, 1.0, 1.0, 1.0, 1.0, 1.0, 1.0, 0.0, 0.0, 0.0, 0.0, 1.0, 0.0, 1.0]
2025-10-21 13:45:08,370 - INFO - 📌 checkpoint 的欧氏长度:, []
2025-10-21 13:45:08,370 - INFO - 📌 checkpoint 的余弦长度:, [80, 121, 161, 202, 283]
2025-10-21 13:45:08,370 - INFO - 💾 最终显存峰值：%.2f MB % 6061.922393798828
2025-10-21 13:45:08,370 - INFO - Epoch 2 completed in 3.238390 seconds
2025-10-21 13:45:08,370 - INFO - torch.cuda.max_memory_reserved() : 4.37890625
2025-10-21 13:45:10,600 - INFO - Epoch 3 completed in 2.229730 seconds
2025-10-21 13:45:10,601 - INFO - 
====================== [第1个 Epoch 收集统计数据] ======================
2025-10-21 13:45:10,601 - INFO - 
🔍 EUCLIDEAN modules:
2025-10-21 13:45:10,601 - INFO - [Shapelet  40] forward_avg=0.003981s over 12 calls | peak=343.57MB | final=0.00MB
2025-10-21 13:45:10,601 - INFO - [Shapelet  80] forward_avg=0.004209s over 12 calls | peak=601.19MB | final=0.00MB
2025-10-21 13:45:10,601 - INFO - [Shapelet 121] forward_avg=0.005143s over 12 calls | peak=791.72MB | final=0.00MB
2025-10-21 13:45:10,601 - INFO - [Shapelet 161] forward_avg=0.005396s over 12 calls | peak=905.43MB | final=0.00MB
2025-10-21 13:45:10,601 - INFO - [Shapelet 202] forward_avg=0.005685s over 12 calls | peak=946.48MB | final=0.00MB
2025-10-21 13:45:10,601 - INFO - [Shapelet 242] forward_avg=0.005299s over 12 calls | peak=915.59MB | final=0.00MB
2025-10-21 13:45:10,601 - INFO - [Shapelet 283] forward_avg=0.004499s over 12 calls | peak=810.62MB | final=0.00MB
2025-10-21 13:45:10,601 - INFO - [Shapelet 324] forward_avg=0.004340s over 12 calls | peak=628.61MB | final=0.00MB
2025-10-21 13:45:10,601 - INFO - 
🔍 COSINE modules:
2025-10-21 13:45:10,601 - INFO - [Shapelet  40] forward_avg=0.002060s over 12 calls | peak=220.75MB | final=0.00MB
2025-10-21 13:45:10,601 - INFO - [Shapelet  80] forward_avg=0.002036s over 12 calls | peak=390.83MB | final=0.00MB
2025-10-21 13:45:10,601 - INFO - [Shapelet 121] forward_avg=0.002584s over 12 calls | peak=515.69MB | final=0.00MB
2025-10-21 13:45:10,601 - INFO - [Shapelet 161] forward_avg=0.002926s over 12 calls | peak=589.82MB | final=0.00MB
2025-10-21 13:45:10,601 - INFO - [Shapelet 202] forward_avg=0.003090s over 12 calls | peak=615.21MB | final=0.00MB
2025-10-21 13:45:10,601 - INFO - [Shapelet 242] forward_avg=0.002931s over 12 calls | peak=592.28MB | final=0.00MB
2025-10-21 13:45:10,601 - INFO - [Shapelet 283] forward_avg=0.002343s over 12 calls | peak=520.11MB | final=0.00MB
2025-10-21 13:45:10,601 - INFO - [Shapelet 324] forward_avg=0.002153s over 12 calls | peak=396.44MB | final=0.00MB
2025-10-21 13:45:10,601 - INFO - 
🔍 CROSS modules:
2025-10-21 13:45:10,601 - INFO - [Shapelet  40] forward_avg=0.002770s over 12 calls
2025-10-21 13:45:10,601 - INFO - [Shapelet  80] forward_avg=0.000581s over 12 calls
2025-10-21 13:45:10,601 - INFO - [Shapelet 121] forward_avg=0.000652s over 12 calls
2025-10-21 13:45:10,601 - INFO - [Shapelet 161] forward_avg=0.000759s over 12 calls
2025-10-21 13:45:10,601 - INFO - [Shapelet 202] forward_avg=0.000853s over 12 calls
2025-10-21 13:45:10,602 - INFO - [Shapelet 242] forward_avg=0.000828s over 12 calls
2025-10-21 13:45:10,602 - INFO - [Shapelet 283] forward_avg=0.000889s over 12 calls
2025-10-21 13:45:10,602 - INFO - [Shapelet 324] forward_avg=0.000984s over 12 calls
2025-10-21 13:45:10,602 - INFO - 
💾 模型第一次反向传播阶段的显存峰值（所有模块中的最大值）: 5388.81 MB
2025-10-21 13:45:10,602 - INFO - 
💾 模型初始显存: 23.05 MB
2025-10-21 13:45:10,602 - INFO - =======================================================================

2025-10-21 13:45:10,602 - INFO - torch.cuda.max_memory_reserved() : 6.802734375
2025-10-21 13:45:12,768 - INFO - Epoch 4 completed in 2.166085 seconds
2025-10-21 13:45:12,769 - INFO - torch.cuda.max_memory_reserved() : 6.802734375
2025-10-21 13:45:15,015 - INFO - Epoch 5 completed in 2.246009 seconds
2025-10-21 13:45:15,016 - INFO - torch.cuda.max_memory_reserved() : 6.802734375
2025-10-21 13:45:17,283 - INFO - Epoch 6 completed in 2.266616 seconds
2025-10-21 13:45:17,284 - INFO - torch.cuda.max_memory_reserved() : 6.802734375
2025-10-21 13:45:19,563 - INFO - Epoch 7 completed in 2.278211 seconds
2025-10-21 13:45:19,563 - INFO - torch.cuda.max_memory_reserved() : 6.802734375
2025-10-21 13:45:21,765 - INFO - Epoch 8 completed in 2.200654 seconds
2025-10-21 13:45:21,765 - INFO - torch.cuda.max_memory_reserved() : 6.802734375
2025-10-21 13:45:24,009 - INFO - Epoch 9 completed in 2.243905 seconds
2025-10-21 13:45:24,010 - INFO - torch.cuda.max_memory_reserved() : 6.802734375
2025-10-21 13:45:26,195 - INFO - Epoch 10 completed in 2.184805 seconds
2025-10-21 13:45:27,228 - INFO - torch.cuda.max_memory_reserved() : 6.802734375
2025-10-21 13:45:27,228 - INFO - !!!采用策略后的几个epoch 平均时间:2.227001965045929
2025-10-21 13:45:27,228 - INFO - 



