2025-10-20 23:29:03,379 - INFO - 📌 第一个 epoch：默认所有模块使用 checkpoint
2025-10-20 23:29:07,185 - INFO - Epoch 1 completed in 3.820698 seconds
2025-10-20 23:29:08,427 - INFO - torch.cuda.max_memory_reserved() : 4.37890625
2025-10-20 23:29:11,611 - INFO - 
[🔁 拟合反向传播时间模型]
2025-10-20 23:29:11,612 - INFO - 总反向传播时间: 3.155432s
2025-10-20 23:29:11,612 - INFO - 拟合模型: backward_total ≈ 2 × (A + B) + b
2025-10-20 23:29:11,612 - INFO - A = 2.259244, B = 0.237784, b = 0.658404s
2025-10-20 23:29:12,092 - INFO - ✅ 最优策略：[0.0, 0.0, 0.0, 0.0, 0.0, 0.0, 0.0, 1.0, 1.0, 1.0, 0.0, 0.0, 0.0, 0.0, 0.0, 0.0]
2025-10-20 23:29:12,092 - INFO - 📌 checkpoint 的欧氏长度:, [40, 80, 121, 161, 202, 242, 283]
2025-10-20 23:29:12,092 - INFO - 📌 checkpoint 的余弦长度:, [121, 161, 202, 242, 283, 324]
2025-10-20 23:29:12,092 - INFO - 💾 最终显存峰值：%.2f MB % 1962.0726165771484
2025-10-20 23:29:12,093 - INFO - Epoch 2 completed in 3.664864 seconds
2025-10-20 23:29:12,093 - INFO - torch.cuda.max_memory_reserved() : 4.37890625
2025-10-20 23:29:14,998 - INFO - Epoch 3 completed in 2.904123 seconds
2025-10-20 23:29:14,998 - INFO - 
====================== [第1个 Epoch 收集统计数据] ======================
2025-10-20 23:29:14,998 - INFO - 
🔍 EUCLIDEAN modules:
2025-10-20 23:29:14,998 - INFO - [Shapelet  40] forward_avg=0.004241s over 12 calls | peak=343.57MB | final=0.00MB
2025-10-20 23:29:14,998 - INFO - [Shapelet  80] forward_avg=0.004351s over 12 calls | peak=601.19MB | final=0.00MB
2025-10-20 23:29:14,998 - INFO - [Shapelet 121] forward_avg=0.005240s over 12 calls | peak=791.72MB | final=0.00MB
2025-10-20 23:29:14,998 - INFO - [Shapelet 161] forward_avg=0.005442s over 12 calls | peak=905.43MB | final=0.00MB
2025-10-20 23:29:14,998 - INFO - [Shapelet 202] forward_avg=0.005720s over 12 calls | peak=946.48MB | final=0.00MB
2025-10-20 23:29:14,998 - INFO - [Shapelet 242] forward_avg=0.005503s over 12 calls | peak=915.59MB | final=0.00MB
2025-10-20 23:29:14,998 - INFO - [Shapelet 283] forward_avg=0.004562s over 12 calls | peak=810.62MB | final=0.00MB
2025-10-20 23:29:14,998 - INFO - [Shapelet 324] forward_avg=0.004471s over 12 calls | peak=628.61MB | final=0.00MB
2025-10-20 23:29:14,998 - INFO - 
🔍 COSINE modules:
2025-10-20 23:29:14,998 - INFO - [Shapelet  40] forward_avg=0.002769s over 12 calls | peak=220.75MB | final=0.00MB
2025-10-20 23:29:14,998 - INFO - [Shapelet  80] forward_avg=0.003019s over 12 calls | peak=390.83MB | final=0.00MB
2025-10-20 23:29:14,998 - INFO - [Shapelet 121] forward_avg=0.002804s over 12 calls | peak=515.69MB | final=0.00MB
2025-10-20 23:29:14,999 - INFO - [Shapelet 161] forward_avg=0.003005s over 12 calls | peak=589.82MB | final=0.00MB
2025-10-20 23:29:14,999 - INFO - [Shapelet 202] forward_avg=0.003155s over 12 calls | peak=615.21MB | final=0.00MB
2025-10-20 23:29:14,999 - INFO - [Shapelet 242] forward_avg=0.003039s over 12 calls | peak=592.28MB | final=0.00MB
2025-10-20 23:29:14,999 - INFO - [Shapelet 283] forward_avg=0.002803s over 12 calls | peak=520.11MB | final=0.00MB
2025-10-20 23:29:14,999 - INFO - [Shapelet 324] forward_avg=0.002632s over 12 calls | peak=396.44MB | final=0.00MB
2025-10-20 23:29:14,999 - INFO - 
🔍 CROSS modules:
2025-10-20 23:29:14,999 - INFO - [Shapelet  40] forward_avg=0.003551s over 12 calls
2025-10-20 23:29:14,999 - INFO - [Shapelet  80] forward_avg=0.000702s over 12 calls
2025-10-20 23:29:14,999 - INFO - [Shapelet 121] forward_avg=0.000786s over 12 calls
2025-10-20 23:29:14,999 - INFO - [Shapelet 161] forward_avg=0.000909s over 12 calls
2025-10-20 23:29:14,999 - INFO - [Shapelet 202] forward_avg=0.000998s over 12 calls
2025-10-20 23:29:14,999 - INFO - [Shapelet 242] forward_avg=0.000938s over 12 calls
2025-10-20 23:29:14,999 - INFO - [Shapelet 283] forward_avg=0.000954s over 12 calls
2025-10-20 23:29:14,999 - INFO - [Shapelet 324] forward_avg=0.001070s over 12 calls
2025-10-20 23:29:14,999 - INFO - 
💾 模型第一次反向传播阶段的显存峰值（所有模块中的最大值）: 1960.80 MB
2025-10-20 23:29:14,999 - INFO - 
💾 模型初始显存: 23.05 MB
2025-10-20 23:29:14,999 - INFO - =======================================================================

2025-10-20 23:29:14,999 - INFO - torch.cuda.max_memory_reserved() : 4.380859375
2025-10-20 23:29:17,953 - INFO - Epoch 4 completed in 2.952914 seconds
2025-10-20 23:29:17,953 - INFO - torch.cuda.max_memory_reserved() : 4.380859375
2025-10-20 23:29:20,883 - INFO - Epoch 5 completed in 2.929438 seconds
2025-10-20 23:29:20,884 - INFO - torch.cuda.max_memory_reserved() : 4.380859375
2025-10-20 23:29:24,172 - INFO - Epoch 6 completed in 3.286762 seconds
2025-10-20 23:29:24,173 - INFO - torch.cuda.max_memory_reserved() : 4.380859375
2025-10-20 23:29:27,126 - INFO - Epoch 7 completed in 2.951980 seconds
2025-10-20 23:29:27,127 - INFO - torch.cuda.max_memory_reserved() : 4.380859375
2025-10-20 23:29:29,962 - INFO - Epoch 8 completed in 2.834905 seconds
2025-10-20 23:29:29,963 - INFO - torch.cuda.max_memory_reserved() : 4.380859375
2025-10-20 23:29:32,961 - INFO - Epoch 9 completed in 2.997236 seconds
2025-10-20 23:29:32,961 - INFO - torch.cuda.max_memory_reserved() : 4.380859375
2025-10-20 23:29:35,807 - INFO - Epoch 10 completed in 2.844676 seconds
2025-10-20 23:29:36,982 - INFO - torch.cuda.max_memory_reserved() : 4.380859375
2025-10-20 23:29:36,982 - INFO - !!!采用策略后的几个epoch 平均时间:2.962754338979721
2025-10-20 23:29:36,982 - INFO - 



2025-10-21 10:10:14,433 - INFO - 📌 第一个 epoch：默认所有模块使用 checkpoint
2025-10-21 10:10:18,340 - INFO - Epoch 1 completed in 3.916277 seconds
2025-10-21 10:10:19,556 - INFO - torch.cuda.max_memory_reserved() : 4.37890625
2025-10-21 10:10:23,085 - INFO - 
[🔁 拟合反向传播时间模型]
2025-10-21 10:10:23,085 - INFO - 总反向传播时间: 3.499707s
2025-10-21 10:10:23,086 - INFO - 拟合模型: backward_total ≈ 2 × (A + B) + b
2025-10-21 10:10:23,086 - INFO - A = 2.135511, B = 0.238366, b = 1.125830s
2025-10-21 10:10:23,656 - INFO - ✅ 最优策略：[0.0, 0.0, 0.0, 0.0, 0.0, 0.0, 0.0, 1.0, 1.0, 0.0, 1.0, 0.0, 0.0, 0.0, 0.0, 0.0]
2025-10-21 10:10:23,656 - INFO - 📌 checkpoint 的欧氏长度:, [40, 80, 121, 161, 202, 242, 283]
2025-10-21 10:10:23,656 - INFO - 📌 checkpoint 的余弦长度:, [80, 161, 202, 242, 283, 324]
2025-10-21 10:10:23,657 - INFO - 💾 最终显存峰值：%.2f MB % 2024.7176399230957
2025-10-21 10:10:23,658 - INFO - Epoch 2 completed in 4.101161 seconds
2025-10-21 10:10:23,658 - INFO - torch.cuda.max_memory_reserved() : 4.37890625
2025-10-21 10:10:26,820 - INFO - Epoch 3 completed in 3.161168 seconds
2025-10-21 10:10:26,820 - INFO - 
====================== [第1个 Epoch 收集统计数据] ======================
2025-10-21 10:10:26,820 - INFO - 
🔍 EUCLIDEAN modules:
2025-10-21 10:10:26,820 - INFO - [Shapelet  40] forward_avg=0.003998s over 12 calls | peak=343.57MB | final=0.00MB
2025-10-21 10:10:26,820 - INFO - [Shapelet  80] forward_avg=0.004096s over 12 calls | peak=601.19MB | final=0.00MB
2025-10-21 10:10:26,820 - INFO - [Shapelet 121] forward_avg=0.004925s over 12 calls | peak=791.72MB | final=0.00MB
2025-10-21 10:10:26,820 - INFO - [Shapelet 161] forward_avg=0.005249s over 12 calls | peak=905.43MB | final=0.00MB
2025-10-21 10:10:26,820 - INFO - [Shapelet 202] forward_avg=0.005442s over 12 calls | peak=946.48MB | final=0.00MB
2025-10-21 10:10:26,820 - INFO - [Shapelet 242] forward_avg=0.005427s over 12 calls | peak=915.59MB | final=0.00MB
2025-10-21 10:10:26,820 - INFO - [Shapelet 283] forward_avg=0.004552s over 12 calls | peak=810.62MB | final=0.00MB
2025-10-21 10:10:26,820 - INFO - [Shapelet 324] forward_avg=0.004312s over 12 calls | peak=628.61MB | final=0.00MB
2025-10-21 10:10:26,820 - INFO - 
🔍 COSINE modules:
2025-10-21 10:10:26,820 - INFO - [Shapelet  40] forward_avg=0.002256s over 12 calls | peak=220.75MB | final=0.00MB
2025-10-21 10:10:26,820 - INFO - [Shapelet  80] forward_avg=0.002190s over 12 calls | peak=390.83MB | final=0.00MB
2025-10-21 10:10:26,820 - INFO - [Shapelet 121] forward_avg=0.002799s over 12 calls | peak=515.69MB | final=0.00MB
2025-10-21 10:10:26,820 - INFO - [Shapelet 161] forward_avg=0.003038s over 12 calls | peak=589.82MB | final=0.00MB
2025-10-21 10:10:26,820 - INFO - [Shapelet 202] forward_avg=0.003190s over 12 calls | peak=615.21MB | final=0.00MB
2025-10-21 10:10:26,820 - INFO - [Shapelet 242] forward_avg=0.003043s over 12 calls | peak=592.28MB | final=0.00MB
2025-10-21 10:10:26,820 - INFO - [Shapelet 283] forward_avg=0.002481s over 12 calls | peak=520.11MB | final=0.00MB
2025-10-21 10:10:26,820 - INFO - [Shapelet 324] forward_avg=0.002320s over 12 calls | peak=396.44MB | final=0.00MB
2025-10-21 10:10:26,820 - INFO - 
🔍 CROSS modules:
2025-10-21 10:10:26,821 - INFO - [Shapelet  40] forward_avg=0.003884s over 12 calls
2025-10-21 10:10:26,821 - INFO - [Shapelet  80] forward_avg=0.000691s over 12 calls
2025-10-21 10:10:26,821 - INFO - [Shapelet 121] forward_avg=0.000750s over 12 calls
2025-10-21 10:10:26,821 - INFO - [Shapelet 161] forward_avg=0.000800s over 12 calls
2025-10-21 10:10:26,821 - INFO - [Shapelet 202] forward_avg=0.000884s over 12 calls
2025-10-21 10:10:26,821 - INFO - [Shapelet 242] forward_avg=0.000910s over 12 calls
2025-10-21 10:10:26,821 - INFO - [Shapelet 283] forward_avg=0.000940s over 12 calls
2025-10-21 10:10:26,821 - INFO - [Shapelet 324] forward_avg=0.001073s over 12 calls
2025-10-21 10:10:26,821 - INFO - 
💾 模型第一次反向传播阶段的显存峰值（所有模块中的最大值）: 2023.32 MB
2025-10-21 10:10:26,821 - INFO - 
💾 模型初始显存: 23.05 MB
2025-10-21 10:10:26,821 - INFO - =======================================================================

2025-10-21 10:10:26,821 - INFO - torch.cuda.max_memory_reserved() : 4.380859375
2025-10-21 10:10:30,142 - INFO - Epoch 4 completed in 3.320080 seconds
2025-10-21 10:10:30,142 - INFO - torch.cuda.max_memory_reserved() : 4.380859375
2025-10-21 10:10:33,550 - INFO - Epoch 5 completed in 3.406497 seconds
2025-10-21 10:10:33,552 - INFO - torch.cuda.max_memory_reserved() : 4.380859375
2025-10-21 10:10:37,159 - INFO - Epoch 6 completed in 3.606642 seconds
2025-10-21 10:10:37,160 - INFO - torch.cuda.max_memory_reserved() : 4.380859375
2025-10-21 10:10:40,078 - INFO - Epoch 7 completed in 2.917401 seconds
2025-10-21 10:10:40,079 - INFO - torch.cuda.max_memory_reserved() : 4.380859375
2025-10-21 10:10:43,155 - INFO - Epoch 8 completed in 3.074594 seconds
2025-10-21 10:10:43,156 - INFO - torch.cuda.max_memory_reserved() : 4.380859375
2025-10-21 10:10:46,672 - INFO - Epoch 9 completed in 3.515050 seconds
2025-10-21 10:10:46,673 - INFO - torch.cuda.max_memory_reserved() : 4.380859375
2025-10-21 10:10:49,592 - INFO - Epoch 10 completed in 2.917874 seconds
2025-10-21 10:10:50,802 - INFO - torch.cuda.max_memory_reserved() : 4.380859375
2025-10-21 10:10:50,803 - INFO - !!!采用策略后的几个epoch 平均时间:3.2399131655693054
2025-10-21 10:10:50,803 - INFO - 



