2025-10-20 23:35:01,679 - INFO - 📌 第一个 epoch：默认所有模块使用 checkpoint
2025-10-20 23:35:08,027 - INFO - Epoch 1 completed in 6.360209 seconds
2025-10-20 23:35:09,240 - INFO - torch.cuda.max_memory_reserved() : 4.37890625
2025-10-20 23:35:12,373 - INFO - 
[🔁 拟合反向传播时间模型]
2025-10-20 23:35:12,373 - INFO - 总反向传播时间: 3.114993s
2025-10-20 23:35:12,373 - INFO - 拟合模型: backward_total ≈ 2 × (A + B) + b
2025-10-20 23:35:12,373 - INFO - A = 2.469157, B = 0.254857, b = 0.390979s
2025-10-20 23:35:13,019 - INFO - ✅ 最优策略：[1.0, 1.0, 1.0, 1.0, 1.0, 1.0, 1.0, 1.0, 1.0, 1.0, 1.0, 1.0, 1.0, 1.0, 1.0, 1.0]
2025-10-20 23:35:13,019 - INFO - 📌 checkpoint 的欧氏长度:, []
2025-10-20 23:35:13,019 - INFO - 📌 checkpoint 的余弦长度:, []
2025-10-20 23:35:13,019 - INFO - 💾 最终显存峰值：%.2f MB % 8692.373695373535
2025-10-20 23:35:13,019 - INFO - Epoch 2 completed in 3.778687 seconds
2025-10-20 23:35:13,020 - INFO - torch.cuda.max_memory_reserved() : 4.37890625
2025-10-20 23:35:15,299 - INFO - Epoch 3 completed in 2.278624 seconds
2025-10-20 23:35:15,299 - INFO - 
====================== [第1个 Epoch 收集统计数据] ======================
2025-10-20 23:35:15,299 - INFO - 
🔍 EUCLIDEAN modules:
2025-10-20 23:35:15,299 - INFO - [Shapelet  40] forward_avg=0.004894s over 12 calls | peak=343.57MB | final=0.00MB
2025-10-20 23:35:15,299 - INFO - [Shapelet  80] forward_avg=0.004793s over 12 calls | peak=601.19MB | final=0.00MB
2025-10-20 23:35:15,299 - INFO - [Shapelet 121] forward_avg=0.005823s over 12 calls | peak=791.72MB | final=0.00MB
2025-10-20 23:35:15,299 - INFO - [Shapelet 161] forward_avg=0.006090s over 12 calls | peak=905.43MB | final=0.00MB
2025-10-20 23:35:15,300 - INFO - [Shapelet 202] forward_avg=0.006670s over 12 calls | peak=946.48MB | final=0.00MB
2025-10-20 23:35:15,300 - INFO - [Shapelet 242] forward_avg=0.006317s over 12 calls | peak=915.59MB | final=0.00MB
2025-10-20 23:35:15,300 - INFO - [Shapelet 283] forward_avg=0.005072s over 12 calls | peak=810.62MB | final=0.00MB
2025-10-20 23:35:15,300 - INFO - [Shapelet 324] forward_avg=0.005077s over 12 calls | peak=628.61MB | final=0.00MB
2025-10-20 23:35:15,300 - INFO - 
🔍 COSINE modules:
2025-10-20 23:35:15,300 - INFO - [Shapelet  40] forward_avg=0.002386s over 12 calls | peak=220.75MB | final=0.00MB
2025-10-20 23:35:15,300 - INFO - [Shapelet  80] forward_avg=0.002692s over 12 calls | peak=390.83MB | final=0.00MB
2025-10-20 23:35:15,300 - INFO - [Shapelet 121] forward_avg=0.003111s over 12 calls | peak=515.69MB | final=0.00MB
2025-10-20 23:35:15,300 - INFO - [Shapelet 161] forward_avg=0.003356s over 12 calls | peak=589.82MB | final=0.00MB
2025-10-20 23:35:15,300 - INFO - [Shapelet 202] forward_avg=0.003504s over 12 calls | peak=615.21MB | final=0.00MB
2025-10-20 23:35:15,300 - INFO - [Shapelet 242] forward_avg=0.003489s over 12 calls | peak=592.28MB | final=0.00MB
2025-10-20 23:35:15,300 - INFO - [Shapelet 283] forward_avg=0.002780s over 12 calls | peak=520.11MB | final=0.00MB
2025-10-20 23:35:15,300 - INFO - [Shapelet 324] forward_avg=0.002534s over 12 calls | peak=396.44MB | final=0.00MB
2025-10-20 23:35:15,300 - INFO - 
🔍 CROSS modules:
2025-10-20 23:35:15,300 - INFO - [Shapelet  40] forward_avg=0.003315s over 12 calls
2025-10-20 23:35:15,300 - INFO - [Shapelet  80] forward_avg=0.000832s over 12 calls
2025-10-20 23:35:15,300 - INFO - [Shapelet 121] forward_avg=0.000875s over 12 calls
2025-10-20 23:35:15,300 - INFO - [Shapelet 161] forward_avg=0.001005s over 12 calls
2025-10-20 23:35:15,300 - INFO - [Shapelet 202] forward_avg=0.001135s over 12 calls
2025-10-20 23:35:15,300 - INFO - [Shapelet 242] forward_avg=0.001105s over 12 calls
2025-10-20 23:35:15,300 - INFO - [Shapelet 283] forward_avg=0.001141s over 12 calls
2025-10-20 23:35:15,300 - INFO - [Shapelet 324] forward_avg=0.001212s over 12 calls
2025-10-20 23:35:15,300 - INFO - 
💾 模型第一次反向传播阶段的显存峰值（所有模块中的最大值）: 8544.94 MB
2025-10-20 23:35:15,300 - INFO - 
💾 模型初始显存: 23.05 MB
2025-10-20 23:35:15,300 - INFO - =======================================================================

2025-10-20 23:35:15,300 - INFO - torch.cuda.max_memory_reserved() : 9.25
2025-10-20 23:35:17,598 - INFO - Epoch 4 completed in 2.297379 seconds
2025-10-20 23:35:17,599 - INFO - torch.cuda.max_memory_reserved() : 9.25
2025-10-20 23:35:19,915 - INFO - Epoch 5 completed in 2.315772 seconds
2025-10-20 23:35:19,916 - INFO - torch.cuda.max_memory_reserved() : 9.25
2025-10-20 23:35:22,365 - INFO - Epoch 6 completed in 2.448065 seconds
2025-10-20 23:35:22,365 - INFO - torch.cuda.max_memory_reserved() : 9.251953125
2025-10-20 23:35:24,720 - INFO - Epoch 7 completed in 2.353882 seconds
2025-10-20 23:35:24,720 - INFO - torch.cuda.max_memory_reserved() : 9.251953125
2025-10-20 23:35:27,023 - INFO - Epoch 8 completed in 2.301591 seconds
2025-10-20 23:35:27,023 - INFO - torch.cuda.max_memory_reserved() : 9.251953125
2025-10-20 23:35:29,400 - INFO - Epoch 9 completed in 2.375658 seconds
2025-10-20 23:35:29,400 - INFO - torch.cuda.max_memory_reserved() : 9.251953125
2025-10-20 23:35:31,845 - INFO - Epoch 10 completed in 2.444114 seconds
2025-10-20 23:35:32,982 - INFO - torch.cuda.max_memory_reserved() : 9.251953125
2025-10-20 23:35:32,983 - INFO - !!!采用策略后的几个epoch 平均时间:2.3518855571746826
2025-10-20 23:35:32,983 - INFO - 



2025-10-21 10:12:10,588 - INFO - 📌 第一个 epoch：默认所有模块使用 checkpoint
2025-10-21 10:12:15,042 - INFO - Epoch 1 completed in 4.462065 seconds
2025-10-21 10:12:16,102 - INFO - torch.cuda.max_memory_reserved() : 4.37890625
2025-10-21 10:12:19,182 - INFO - 
[🔁 拟合反向传播时间模型]
2025-10-21 10:12:19,183 - INFO - 总反向传播时间: 3.058010s
2025-10-21 10:12:19,183 - INFO - 拟合模型: backward_total ≈ 2 × (A + B) + b
2025-10-21 10:12:19,183 - INFO - A = 2.088629, B = 0.205986, b = 0.763395s
2025-10-21 10:12:19,609 - INFO - ✅ 最优策略：[1.0, 1.0, 1.0, 1.0, 1.0, 1.0, 1.0, 1.0, 1.0, 1.0, 1.0, 1.0, 1.0, 1.0, 1.0, 1.0]
2025-10-21 10:12:19,609 - INFO - 📌 checkpoint 的欧氏长度:, []
2025-10-21 10:12:19,610 - INFO - 📌 checkpoint 的余弦长度:, []
2025-10-21 10:12:19,610 - INFO - 💾 最终显存峰值：%.2f MB % 8692.373695373535
2025-10-21 10:12:19,610 - INFO - Epoch 2 completed in 3.507323 seconds
2025-10-21 10:12:19,610 - INFO - torch.cuda.max_memory_reserved() : 4.37890625
2025-10-21 10:12:21,809 - INFO - Epoch 3 completed in 2.198391 seconds
2025-10-21 10:12:21,809 - INFO - 
====================== [第1个 Epoch 收集统计数据] ======================
2025-10-21 10:12:21,809 - INFO - 
🔍 EUCLIDEAN modules:
2025-10-21 10:12:21,809 - INFO - [Shapelet  40] forward_avg=0.003913s over 12 calls | peak=343.57MB | final=0.00MB
2025-10-21 10:12:21,809 - INFO - [Shapelet  80] forward_avg=0.004163s over 12 calls | peak=601.19MB | final=0.00MB
2025-10-21 10:12:21,809 - INFO - [Shapelet 121] forward_avg=0.004998s over 12 calls | peak=791.72MB | final=0.00MB
2025-10-21 10:12:21,809 - INFO - [Shapelet 161] forward_avg=0.005133s over 12 calls | peak=905.43MB | final=0.00MB
2025-10-21 10:12:21,809 - INFO - [Shapelet 202] forward_avg=0.005506s over 12 calls | peak=946.48MB | final=0.00MB
2025-10-21 10:12:21,809 - INFO - [Shapelet 242] forward_avg=0.005450s over 12 calls | peak=915.59MB | final=0.00MB
2025-10-21 10:12:21,809 - INFO - [Shapelet 283] forward_avg=0.004318s over 12 calls | peak=810.62MB | final=0.00MB
2025-10-21 10:12:21,810 - INFO - [Shapelet 324] forward_avg=0.004244s over 12 calls | peak=628.61MB | final=0.00MB
2025-10-21 10:12:21,810 - INFO - 
🔍 COSINE modules:
2025-10-21 10:12:21,810 - INFO - [Shapelet  40] forward_avg=0.002047s over 12 calls | peak=220.75MB | final=0.00MB
2025-10-21 10:12:21,810 - INFO - [Shapelet  80] forward_avg=0.002054s over 12 calls | peak=390.83MB | final=0.00MB
2025-10-21 10:12:21,810 - INFO - [Shapelet 121] forward_avg=0.002672s over 12 calls | peak=515.69MB | final=0.00MB
2025-10-21 10:12:21,810 - INFO - [Shapelet 161] forward_avg=0.002862s over 12 calls | peak=589.82MB | final=0.00MB
2025-10-21 10:12:21,810 - INFO - [Shapelet 202] forward_avg=0.003099s over 12 calls | peak=615.21MB | final=0.00MB
2025-10-21 10:12:21,810 - INFO - [Shapelet 242] forward_avg=0.002933s over 12 calls | peak=592.28MB | final=0.00MB
2025-10-21 10:12:21,810 - INFO - [Shapelet 283] forward_avg=0.002400s over 12 calls | peak=520.11MB | final=0.00MB
2025-10-21 10:12:21,810 - INFO - [Shapelet 324] forward_avg=0.002225s over 12 calls | peak=396.44MB | final=0.00MB
2025-10-21 10:12:21,810 - INFO - 
🔍 CROSS modules:
2025-10-21 10:12:21,810 - INFO - [Shapelet  40] forward_avg=0.002914s over 12 calls
2025-10-21 10:12:21,810 - INFO - [Shapelet  80] forward_avg=0.000595s over 12 calls
2025-10-21 10:12:21,810 - INFO - [Shapelet 121] forward_avg=0.000661s over 12 calls
2025-10-21 10:12:21,810 - INFO - [Shapelet 161] forward_avg=0.000768s over 12 calls
2025-10-21 10:12:21,810 - INFO - [Shapelet 202] forward_avg=0.000874s over 12 calls
2025-10-21 10:12:21,810 - INFO - [Shapelet 242] forward_avg=0.000855s over 12 calls
2025-10-21 10:12:21,810 - INFO - [Shapelet 283] forward_avg=0.000918s over 12 calls
2025-10-21 10:12:21,810 - INFO - [Shapelet 324] forward_avg=0.000997s over 12 calls
2025-10-21 10:12:21,810 - INFO - 
💾 模型第一次反向传播阶段的显存峰值（所有模块中的最大值）: 8544.94 MB
2025-10-21 10:12:21,810 - INFO - 
💾 模型初始显存: 23.05 MB
2025-10-21 10:12:21,810 - INFO - =======================================================================

2025-10-21 10:12:21,810 - INFO - torch.cuda.max_memory_reserved() : 9.25
2025-10-21 10:12:23,949 - INFO - Epoch 4 completed in 2.137820 seconds
2025-10-21 10:12:23,949 - INFO - torch.cuda.max_memory_reserved() : 9.25
2025-10-21 10:12:26,109 - INFO - Epoch 5 completed in 2.159592 seconds
2025-10-21 10:12:26,109 - INFO - torch.cuda.max_memory_reserved() : 9.25
2025-10-21 10:12:28,468 - INFO - Epoch 6 completed in 2.358654 seconds
2025-10-21 10:12:28,469 - INFO - torch.cuda.max_memory_reserved() : 9.251953125
2025-10-21 10:12:30,663 - INFO - Epoch 7 completed in 2.193943 seconds
2025-10-21 10:12:30,664 - INFO - torch.cuda.max_memory_reserved() : 9.251953125
2025-10-21 10:12:32,799 - INFO - Epoch 8 completed in 2.133398 seconds
2025-10-21 10:12:32,799 - INFO - torch.cuda.max_memory_reserved() : 9.251953125
2025-10-21 10:12:35,304 - INFO - Epoch 9 completed in 2.504332 seconds
2025-10-21 10:12:35,304 - INFO - torch.cuda.max_memory_reserved() : 9.251953125
2025-10-21 10:12:37,334 - INFO - Epoch 10 completed in 2.029010 seconds
2025-10-21 10:12:38,367 - INFO - torch.cuda.max_memory_reserved() : 9.251953125
2025-10-21 10:12:38,368 - INFO - !!!采用策略后的几个epoch 平均时间:2.2143924236297607
2025-10-21 10:12:38,368 - INFO - 



