2025-10-21 13:43:17,773 - INFO - 📌 第一个 epoch：默认所有模块使用 checkpoint
2025-10-21 13:43:21,129 - INFO - Epoch 1 completed in 3.365188 seconds
2025-10-21 13:43:22,199 - INFO - torch.cuda.max_memory_reserved() : 4.37890625
2025-10-21 13:43:24,941 - INFO - 
[🔁 拟合反向传播时间模型]
2025-10-21 13:43:24,941 - INFO - 总反向传播时间: 2.724378s
2025-10-21 13:43:24,941 - INFO - 拟合模型: backward_total ≈ 2 × (A + B) + b
2025-10-21 13:43:24,942 - INFO - A = 2.072450, B = 0.197334, b = 0.454594s
2025-10-21 13:43:25,369 - INFO - ✅ 最优策略：[1.0, 0.0, 0.0, 0.0, 0.0, 0.0, 1.0, 1.0, 1.0, 0.0, 0.0, 0.0, 1.0, 0.0, 0.0, 1.0]
2025-10-21 13:43:25,369 - INFO - 📌 checkpoint 的欧氏长度:, [80, 121, 161, 202, 242]
2025-10-21 13:43:25,369 - INFO - 📌 checkpoint 的余弦长度:, [80, 121, 161, 242, 283]
2025-10-21 13:43:25,369 - INFO - 💾 最终显存峰值：%.2f MB % 3017.0874099731445
2025-10-21 13:43:25,369 - INFO - Epoch 2 completed in 3.170187 seconds
2025-10-21 13:43:25,370 - INFO - torch.cuda.max_memory_reserved() : 4.37890625
2025-10-21 13:43:27,897 - INFO - Epoch 3 completed in 2.527066 seconds
2025-10-21 13:43:27,897 - INFO - 
====================== [第1个 Epoch 收集统计数据] ======================
2025-10-21 13:43:27,898 - INFO - 
🔍 EUCLIDEAN modules:
2025-10-21 13:43:27,898 - INFO - [Shapelet  40] forward_avg=0.003867s over 12 calls | peak=343.57MB | final=0.00MB
2025-10-21 13:43:27,898 - INFO - [Shapelet  80] forward_avg=0.003978s over 12 calls | peak=601.19MB | final=0.00MB
2025-10-21 13:43:27,898 - INFO - [Shapelet 121] forward_avg=0.005069s over 12 calls | peak=791.72MB | final=0.00MB
2025-10-21 13:43:27,898 - INFO - [Shapelet 161] forward_avg=0.005179s over 12 calls | peak=905.43MB | final=0.00MB
2025-10-21 13:43:27,898 - INFO - [Shapelet 202] forward_avg=0.005483s over 12 calls | peak=946.48MB | final=0.00MB
2025-10-21 13:43:27,898 - INFO - [Shapelet 242] forward_avg=0.005370s over 12 calls | peak=915.59MB | final=0.00MB
2025-10-21 13:43:27,898 - INFO - [Shapelet 283] forward_avg=0.004298s over 12 calls | peak=810.62MB | final=0.00MB
2025-10-21 13:43:27,899 - INFO - [Shapelet 324] forward_avg=0.004221s over 12 calls | peak=628.61MB | final=0.00MB
2025-10-21 13:43:27,899 - INFO - 
🔍 COSINE modules:
2025-10-21 13:43:27,899 - INFO - [Shapelet  40] forward_avg=0.002017s over 12 calls | peak=220.75MB | final=0.00MB
2025-10-21 13:43:27,899 - INFO - [Shapelet  80] forward_avg=0.002027s over 12 calls | peak=390.83MB | final=0.00MB
2025-10-21 13:43:27,899 - INFO - [Shapelet 121] forward_avg=0.002689s over 12 calls | peak=515.69MB | final=0.00MB
2025-10-21 13:43:27,899 - INFO - [Shapelet 161] forward_avg=0.002920s over 12 calls | peak=589.82MB | final=0.00MB
2025-10-21 13:43:27,899 - INFO - [Shapelet 202] forward_avg=0.003086s over 12 calls | peak=615.21MB | final=0.00MB
2025-10-21 13:43:27,899 - INFO - [Shapelet 242] forward_avg=0.002913s over 12 calls | peak=592.28MB | final=0.00MB
2025-10-21 13:43:27,899 - INFO - [Shapelet 283] forward_avg=0.002319s over 12 calls | peak=520.11MB | final=0.00MB
2025-10-21 13:43:27,899 - INFO - [Shapelet 324] forward_avg=0.002130s over 12 calls | peak=396.44MB | final=0.00MB
2025-10-21 13:43:27,900 - INFO - 
🔍 CROSS modules:
2025-10-21 13:43:27,900 - INFO - [Shapelet  40] forward_avg=0.002745s over 12 calls
2025-10-21 13:43:27,900 - INFO - [Shapelet  80] forward_avg=0.000570s over 12 calls
2025-10-21 13:43:27,900 - INFO - [Shapelet 121] forward_avg=0.000636s over 12 calls
2025-10-21 13:43:27,900 - INFO - [Shapelet 161] forward_avg=0.000749s over 12 calls
2025-10-21 13:43:27,900 - INFO - [Shapelet 202] forward_avg=0.000846s over 12 calls
2025-10-21 13:43:27,900 - INFO - [Shapelet 242] forward_avg=0.000821s over 12 calls
2025-10-21 13:43:27,900 - INFO - [Shapelet 283] forward_avg=0.000876s over 12 calls
2025-10-21 13:43:27,900 - INFO - [Shapelet 324] forward_avg=0.000980s over 12 calls
2025-10-21 13:43:27,901 - INFO - 
💾 模型第一次反向传播阶段的显存峰值（所有模块中的最大值）: 2867.48 MB
2025-10-21 13:43:27,901 - INFO - 
💾 模型初始显存: 23.05 MB
2025-10-21 13:43:27,901 - INFO - =======================================================================

2025-10-21 13:43:27,901 - INFO - torch.cuda.max_memory_reserved() : 4.681640625
2025-10-21 13:43:30,327 - INFO - Epoch 4 completed in 2.424051 seconds
2025-10-21 13:43:30,328 - INFO - torch.cuda.max_memory_reserved() : 4.681640625
2025-10-21 13:43:32,865 - INFO - Epoch 5 completed in 2.535918 seconds
2025-10-21 13:43:32,865 - INFO - torch.cuda.max_memory_reserved() : 4.681640625
2025-10-21 13:43:35,553 - INFO - Epoch 6 completed in 2.687153 seconds
2025-10-21 13:43:35,553 - INFO - torch.cuda.max_memory_reserved() : 4.681640625
2025-10-21 13:43:38,120 - INFO - Epoch 7 completed in 2.566805 seconds
2025-10-21 13:43:38,121 - INFO - torch.cuda.max_memory_reserved() : 4.681640625
2025-10-21 13:43:40,599 - INFO - Epoch 8 completed in 2.476769 seconds
2025-10-21 13:43:40,600 - INFO - torch.cuda.max_memory_reserved() : 4.681640625
2025-10-21 13:43:43,118 - INFO - Epoch 9 completed in 2.517737 seconds
2025-10-21 13:43:43,119 - INFO - torch.cuda.max_memory_reserved() : 4.681640625
2025-10-21 13:43:45,616 - INFO - Epoch 10 completed in 2.495926 seconds
2025-10-21 13:43:46,651 - INFO - torch.cuda.max_memory_reserved() : 4.681640625
2025-10-21 13:43:46,652 - INFO - !!!采用策略后的几个epoch 平均时间:2.5289283096790314
2025-10-21 13:43:46,652 - INFO - 



