2025-10-20 19:05:03,182 - INFO - 📌 第一个 epoch：默认所有模块使用 checkpoint
2025-10-20 19:05:14,521 - INFO - Epoch 1 completed in 11.349561 seconds
2025-10-20 19:05:17,865 - INFO - torch.cuda.max_memory_reserved() : 9.49609375
2025-10-20 19:05:29,280 - INFO - 
[🔁 拟合反向传播时间模型]
2025-10-20 19:05:29,281 - INFO - 总反向传播时间: 11.278309s
2025-10-20 19:05:29,281 - INFO - 拟合模型: backward_total ≈ 2 × (A + B) + b
2025-10-20 19:05:29,281 - INFO - A = 7.526792, B = 0.458573, b = 3.292944s
2025-10-20 19:05:29,829 - INFO - ✅ 最优策略：[1.0, 1.0, 1.0, 1.0, 1.0, 1.0, 1.0, 1.0, 1.0, 1.0, 1.0, 1.0, 1.0, 1.0, 1.0, 1.0]
2025-10-20 19:05:29,829 - INFO - 📌 checkpoint 的欧氏长度:, []
2025-10-20 19:05:29,829 - INFO - 📌 checkpoint 的余弦长度:, []
2025-10-20 19:05:29,829 - INFO - 💾 最终显存峰值：%.2f MB % 19807.36321258545
2025-10-20 19:05:29,837 - INFO - Epoch 2 completed in 11.971216 seconds
2025-10-20 19:05:29,837 - INFO - torch.cuda.max_memory_reserved() : 9.49609375
2025-10-20 19:05:37,999 - INFO - Epoch 3 completed in 8.161331 seconds
2025-10-20 19:05:38,000 - INFO - 
====================== [第1个 Epoch 收集统计数据] ======================
2025-10-20 19:05:38,000 - INFO - 
🔍 EUCLIDEAN modules:
2025-10-20 19:05:38,000 - INFO - [Shapelet  14] forward_avg=0.009054s over 16 calls | peak=733.24MB | final=0.00MB
2025-10-20 19:05:38,000 - INFO - [Shapelet  28] forward_avg=0.009680s over 16 calls | peak=1257.07MB | final=0.00MB
2025-10-20 19:05:38,000 - INFO - [Shapelet  42] forward_avg=0.012309s over 16 calls | peak=1641.29MB | final=0.00MB
2025-10-20 19:05:38,000 - INFO - [Shapelet  57] forward_avg=0.013840s over 16 calls | peak=1901.19MB | final=0.00MB
2025-10-20 19:05:38,000 - INFO - [Shapelet  71] forward_avg=0.013779s over 16 calls | peak=2000.96MB | final=0.00MB
2025-10-20 19:05:38,000 - INFO - [Shapelet  86] forward_avg=0.015274s over 16 calls | peak=1952.37MB | final=0.00MB
2025-10-20 19:05:38,000 - INFO - [Shapelet 100] forward_avg=0.014104s over 16 calls | peak=1765.30MB | final=0.00MB
2025-10-20 19:05:38,000 - INFO - [Shapelet 115] forward_avg=0.011632s over 16 calls | peak=1411.02MB | final=0.00MB
2025-10-20 19:05:38,000 - INFO - 
🔍 COSINE modules:
2025-10-20 19:05:38,000 - INFO - [Shapelet  14] forward_avg=0.004659s over 16 calls | peak=446.59MB | final=0.00MB
2025-10-20 19:05:38,000 - INFO - [Shapelet  28] forward_avg=0.004908s over 16 calls | peak=783.97MB | final=0.00MB
2025-10-20 19:05:38,000 - INFO - [Shapelet  42] forward_avg=0.006792s over 16 calls | peak=1029.18MB | final=0.00MB
2025-10-20 19:05:38,001 - INFO - [Shapelet  57] forward_avg=0.007932s over 16 calls | peak=1190.34MB | final=0.00MB
2025-10-20 19:05:38,001 - INFO - [Shapelet  71] forward_avg=0.007774s over 16 calls | peak=1244.70MB | final=0.00MB
2025-10-20 19:05:38,001 - INFO - [Shapelet  86] forward_avg=0.008519s over 16 calls | peak=1199.87MB | final=0.00MB
2025-10-20 19:05:38,001 - INFO - [Shapelet 100] forward_avg=0.008911s over 16 calls | peak=1063.27MB | final=0.00MB
2025-10-20 19:05:38,001 - INFO - [Shapelet 115] forward_avg=0.007640s over 16 calls | peak=815.09MB | final=0.00MB
2025-10-20 19:05:38,001 - INFO - 
🔍 CROSS modules:
2025-10-20 19:05:38,001 - INFO - [Shapelet  14] forward_avg=0.001238s over 16 calls
2025-10-20 19:05:38,001 - INFO - [Shapelet  28] forward_avg=0.001679s over 16 calls
2025-10-20 19:05:38,001 - INFO - [Shapelet  42] forward_avg=0.001600s over 16 calls
2025-10-20 19:05:38,001 - INFO - [Shapelet  57] forward_avg=0.001944s over 16 calls
2025-10-20 19:05:38,001 - INFO - [Shapelet  71] forward_avg=0.002169s over 16 calls
2025-10-20 19:05:38,001 - INFO - [Shapelet  86] forward_avg=0.001977s over 16 calls
2025-10-20 19:05:38,001 - INFO - [Shapelet 100] forward_avg=0.002063s over 16 calls
2025-10-20 19:05:38,001 - INFO - [Shapelet 115] forward_avg=0.001660s over 16 calls
2025-10-20 19:05:38,001 - INFO - 
💾 模型第一次反向传播阶段的显存峰值（所有模块中的最大值）: 19578.38 MB
2025-10-20 19:05:38,001 - INFO - 
💾 模型初始显存: 128.80 MB
2025-10-20 19:05:38,001 - INFO - =======================================================================

2025-10-20 19:05:38,001 - INFO - torch.cuda.max_memory_reserved() : 20.998046875
2025-10-20 19:05:45,753 - INFO - Epoch 4 completed in 7.750700 seconds
2025-10-20 19:05:45,753 - INFO - torch.cuda.max_memory_reserved() : 20.998046875
2025-10-20 19:05:53,836 - INFO - Epoch 5 completed in 8.082574 seconds
2025-10-20 19:05:53,837 - INFO - torch.cuda.max_memory_reserved() : 21.0
2025-10-20 19:06:02,572 - INFO - Epoch 6 completed in 8.734149 seconds
2025-10-20 19:06:02,573 - INFO - torch.cuda.max_memory_reserved() : 21.0
2025-10-20 19:06:10,598 - INFO - Epoch 7 completed in 8.023734 seconds
2025-10-20 19:06:10,598 - INFO - torch.cuda.max_memory_reserved() : 21.0
2025-10-20 19:06:18,858 - INFO - Epoch 8 completed in 8.258809 seconds
2025-10-20 19:06:18,858 - INFO - torch.cuda.max_memory_reserved() : 21.0
2025-10-20 19:06:27,488 - INFO - Epoch 9 completed in 8.629843 seconds
2025-10-20 19:06:27,489 - INFO - torch.cuda.max_memory_reserved() : 21.0
2025-10-20 19:06:36,271 - INFO - Epoch 10 completed in 8.780993 seconds
2025-10-20 19:06:39,488 - INFO - torch.cuda.max_memory_reserved() : 21.0
2025-10-20 19:06:39,489 - INFO - !!!采用策略后的几个epoch 平均时间:8.302766650915146
2025-10-20 19:06:39,489 - INFO - 



