2025-10-19 00:42:16,684 - INFO - 📌 第一个 epoch：默认所有模块使用 checkpoint
2025-10-19 00:42:27,045 - INFO - Epoch 1 completed in 10.377241 seconds
2025-10-19 00:42:29,965 - INFO - torch.cuda.max_memory_reserved() : 9.49609375
2025-10-19 00:42:40,298 - INFO - 
[🔁 拟合反向传播时间模型]
2025-10-19 00:42:40,298 - INFO - 总反向传播时间: 10.237080s
2025-10-19 00:42:40,299 - INFO - 拟合模型: backward_total ≈ 2 × (A + B) + b
2025-10-19 00:42:40,299 - INFO - A = 7.129579, B = 0.443889, b = 2.663612s
2025-10-19 00:42:40,733 - INFO - ✅ 最优策略：[1.0, 0.0, 0.0, 0.0, 0.0, 0.0, 1.0, 1.0, 1.0, 0.0, 0.0, 0.0, 0.0, 1.0, 1.0, 1.0]
2025-10-19 00:42:40,733 - INFO - 📌 checkpoint 的欧氏长度:, [28, 42, 57, 71, 86]
2025-10-19 00:42:40,733 - INFO - 📌 checkpoint 的余弦长度:, [28, 42, 57, 71]
2025-10-19 00:42:40,733 - INFO - 💾 最终显存峰值：%.2f MB % 7971.385902404785
2025-10-19 00:42:40,743 - INFO - Epoch 2 completed in 10.777167 seconds
2025-10-19 00:42:40,743 - INFO - torch.cuda.max_memory_reserved() : 9.49609375
2025-10-19 00:42:49,633 - INFO - Epoch 3 completed in 8.889370 seconds
2025-10-19 00:42:49,633 - INFO - 
====================== [第1个 Epoch 收集统计数据] ======================
2025-10-19 00:42:49,633 - INFO - 
🔍 EUCLIDEAN modules:
2025-10-19 00:42:49,633 - INFO - [Shapelet  14] forward_avg=0.008356s over 16 calls | peak=733.24MB | final=0.00MB
2025-10-19 00:42:49,633 - INFO - [Shapelet  28] forward_avg=0.009277s over 16 calls | peak=1257.07MB | final=0.00MB
2025-10-19 00:42:49,633 - INFO - [Shapelet  42] forward_avg=0.011875s over 16 calls | peak=1641.29MB | final=0.00MB
2025-10-19 00:42:49,633 - INFO - [Shapelet  57] forward_avg=0.013014s over 16 calls | peak=1901.19MB | final=0.00MB
2025-10-19 00:42:49,633 - INFO - [Shapelet  71] forward_avg=0.013757s over 16 calls | peak=2000.96MB | final=0.00MB
2025-10-19 00:42:49,633 - INFO - [Shapelet  86] forward_avg=0.013200s over 16 calls | peak=1952.37MB | final=0.00MB
2025-10-19 00:42:49,633 - INFO - [Shapelet 100] forward_avg=0.013069s over 16 calls | peak=1765.30MB | final=0.00MB
2025-10-19 00:42:49,633 - INFO - [Shapelet 115] forward_avg=0.011503s over 16 calls | peak=1411.02MB | final=0.00MB
2025-10-19 00:42:49,633 - INFO - 
🔍 COSINE modules:
2025-10-19 00:42:49,633 - INFO - [Shapelet  14] forward_avg=0.004468s over 16 calls | peak=446.59MB | final=0.00MB
2025-10-19 00:42:49,633 - INFO - [Shapelet  28] forward_avg=0.004854s over 16 calls | peak=783.97MB | final=0.00MB
2025-10-19 00:42:49,634 - INFO - [Shapelet  42] forward_avg=0.006411s over 16 calls | peak=1029.18MB | final=0.00MB
2025-10-19 00:42:49,634 - INFO - [Shapelet  57] forward_avg=0.007276s over 16 calls | peak=1190.34MB | final=0.00MB
2025-10-19 00:42:49,634 - INFO - [Shapelet  71] forward_avg=0.007666s over 16 calls | peak=1244.70MB | final=0.00MB
2025-10-19 00:42:49,634 - INFO - [Shapelet  86] forward_avg=0.007971s over 16 calls | peak=1199.87MB | final=0.00MB
2025-10-19 00:42:49,634 - INFO - [Shapelet 100] forward_avg=0.008344s over 16 calls | peak=1063.27MB | final=0.00MB
2025-10-19 00:42:49,634 - INFO - [Shapelet 115] forward_avg=0.007493s over 16 calls | peak=815.09MB | final=0.00MB
2025-10-19 00:42:49,634 - INFO - 
🔍 CROSS modules:
2025-10-19 00:42:49,634 - INFO - [Shapelet  14] forward_avg=0.001156s over 16 calls
2025-10-19 00:42:49,634 - INFO - [Shapelet  28] forward_avg=0.001640s over 16 calls
2025-10-19 00:42:49,634 - INFO - [Shapelet  42] forward_avg=0.001600s over 16 calls
2025-10-19 00:42:49,634 - INFO - [Shapelet  57] forward_avg=0.001915s over 16 calls
2025-10-19 00:42:49,634 - INFO - [Shapelet  71] forward_avg=0.002157s over 16 calls
2025-10-19 00:42:49,634 - INFO - [Shapelet  86] forward_avg=0.001928s over 16 calls
2025-10-19 00:42:49,634 - INFO - [Shapelet 100] forward_avg=0.002000s over 16 calls
2025-10-19 00:42:49,634 - INFO - [Shapelet 115] forward_avg=0.001475s over 16 calls
2025-10-19 00:42:49,634 - INFO - 
💾 模型第一次反向传播阶段的显存峰值（所有模块中的最大值）: 7468.79 MB
2025-10-19 00:42:49,634 - INFO - 
💾 模型初始显存: 128.80 MB
2025-10-19 00:42:49,634 - INFO - =======================================================================

2025-10-19 00:42:49,634 - INFO - torch.cuda.max_memory_reserved() : 9.498046875
2025-10-19 00:42:58,476 - INFO - Epoch 4 completed in 8.840876 seconds
2025-10-19 00:42:58,476 - INFO - torch.cuda.max_memory_reserved() : 9.89453125
2025-10-19 00:43:07,193 - INFO - Epoch 5 completed in 8.716800 seconds
2025-10-19 00:43:07,194 - INFO - torch.cuda.max_memory_reserved() : 9.89453125
2025-10-19 00:43:16,135 - INFO - Epoch 6 completed in 8.940429 seconds
2025-10-19 00:43:16,135 - INFO - torch.cuda.max_memory_reserved() : 9.89453125
2025-10-19 00:43:24,725 - INFO - Epoch 7 completed in 8.589160 seconds
2025-10-19 00:43:24,726 - INFO - torch.cuda.max_memory_reserved() : 9.89453125
2025-10-19 00:43:33,187 - INFO - Epoch 8 completed in 8.460601 seconds
2025-10-19 00:43:33,187 - INFO - torch.cuda.max_memory_reserved() : 9.89453125
2025-10-19 00:43:42,310 - INFO - Epoch 9 completed in 9.121670 seconds
2025-10-19 00:43:42,310 - INFO - torch.cuda.max_memory_reserved() : 9.89453125
2025-10-19 00:43:51,559 - INFO - Epoch 10 completed in 9.249076 seconds
2025-10-19 00:43:54,385 - INFO - torch.cuda.max_memory_reserved() : 9.89453125
2025-10-19 00:43:54,385 - INFO - !!!采用策略后的几个epoch 平均时间:8.850997537374496
2025-10-19 00:43:54,385 - INFO - 



