2025-10-19 00:47:43,905 - INFO - 📌 第一个 epoch：默认所有模块使用 checkpoint
2025-10-19 00:47:54,366 - INFO - Epoch 1 completed in 10.485909 seconds
2025-10-19 00:47:57,261 - INFO - torch.cuda.max_memory_reserved() : 9.49609375
2025-10-19 00:48:07,683 - INFO - 
[🔁 拟合反向传播时间模型]
2025-10-19 00:48:07,683 - INFO - 总反向传播时间: 10.322121s
2025-10-19 00:48:07,684 - INFO - 拟合模型: backward_total ≈ 2 × (A + B) + b
2025-10-19 00:48:07,684 - INFO - A = 7.151637, B = 0.451600, b = 2.718885s
2025-10-19 00:48:08,152 - INFO - ✅ 最优策略：[1.0, 0.0, 1.0, 1.0, 1.0, 1.0, 1.0, 1.0, 1.0, 1.0, 0.0, 0.0, 0.0, 0.0, 1.0, 1.0]
2025-10-19 00:48:08,152 - INFO - 📌 checkpoint 的欧氏长度:, [28]
2025-10-19 00:48:08,152 - INFO - 📌 checkpoint 的余弦长度:, [42, 57, 71, 86]
2025-10-19 00:48:08,152 - INFO - 💾 最终显存峰值：%.2f MB % 14034.98128367017
2025-10-19 00:48:08,162 - INFO - Epoch 2 completed in 10.900292 seconds
2025-10-19 00:48:08,162 - INFO - torch.cuda.max_memory_reserved() : 9.49609375
2025-10-19 00:48:16,109 - INFO - Epoch 3 completed in 7.945692 seconds
2025-10-19 00:48:16,109 - INFO - 
====================== [第1个 Epoch 收集统计数据] ======================
2025-10-19 00:48:16,109 - INFO - 
🔍 EUCLIDEAN modules:
2025-10-19 00:48:16,109 - INFO - [Shapelet  14] forward_avg=0.008483s over 16 calls | peak=733.24MB | final=0.00MB
2025-10-19 00:48:16,109 - INFO - [Shapelet  28] forward_avg=0.009302s over 16 calls | peak=1257.07MB | final=0.00MB
2025-10-19 00:48:16,109 - INFO - [Shapelet  42] forward_avg=0.011857s over 16 calls | peak=1641.29MB | final=0.00MB
2025-10-19 00:48:16,109 - INFO - [Shapelet  57] forward_avg=0.013021s over 16 calls | peak=1901.19MB | final=0.00MB
2025-10-19 00:48:16,109 - INFO - [Shapelet  71] forward_avg=0.013758s over 16 calls | peak=2000.96MB | final=0.00MB
2025-10-19 00:48:16,109 - INFO - [Shapelet  86] forward_avg=0.013191s over 16 calls | peak=1952.37MB | final=0.00MB
2025-10-19 00:48:16,109 - INFO - [Shapelet 100] forward_avg=0.013074s over 16 calls | peak=1765.30MB | final=0.00MB
2025-10-19 00:48:16,109 - INFO - [Shapelet 115] forward_avg=0.011522s over 16 calls | peak=1411.02MB | final=0.00MB
2025-10-19 00:48:16,109 - INFO - 
🔍 COSINE modules:
2025-10-19 00:48:16,109 - INFO - [Shapelet  14] forward_avg=0.004584s over 16 calls | peak=446.59MB | final=0.00MB
2025-10-19 00:48:16,109 - INFO - [Shapelet  28] forward_avg=0.004878s over 16 calls | peak=783.97MB | final=0.00MB
2025-10-19 00:48:16,109 - INFO - [Shapelet  42] forward_avg=0.006445s over 16 calls | peak=1029.18MB | final=0.00MB
2025-10-19 00:48:16,109 - INFO - [Shapelet  57] forward_avg=0.007328s over 16 calls | peak=1190.34MB | final=0.00MB
2025-10-19 00:48:16,109 - INFO - [Shapelet  71] forward_avg=0.007695s over 16 calls | peak=1244.70MB | final=0.00MB
2025-10-19 00:48:16,109 - INFO - [Shapelet  86] forward_avg=0.008031s over 16 calls | peak=1199.87MB | final=0.00MB
2025-10-19 00:48:16,109 - INFO - [Shapelet 100] forward_avg=0.008352s over 16 calls | peak=1063.27MB | final=0.00MB
2025-10-19 00:48:16,109 - INFO - [Shapelet 115] forward_avg=0.007470s over 16 calls | peak=815.09MB | final=0.00MB
2025-10-19 00:48:16,110 - INFO - 
🔍 CROSS modules:
2025-10-19 00:48:16,110 - INFO - [Shapelet  14] forward_avg=0.001199s over 16 calls
2025-10-19 00:48:16,110 - INFO - [Shapelet  28] forward_avg=0.001664s over 16 calls
2025-10-19 00:48:16,110 - INFO - [Shapelet  42] forward_avg=0.001616s over 16 calls
2025-10-19 00:48:16,110 - INFO - [Shapelet  57] forward_avg=0.001947s over 16 calls
2025-10-19 00:48:16,110 - INFO - [Shapelet  71] forward_avg=0.002181s over 16 calls
2025-10-19 00:48:16,110 - INFO - [Shapelet  86] forward_avg=0.001954s over 16 calls
2025-10-19 00:48:16,110 - INFO - [Shapelet 100] forward_avg=0.002035s over 16 calls
2025-10-19 00:48:16,110 - INFO - [Shapelet 115] forward_avg=0.001517s over 16 calls
2025-10-19 00:48:16,110 - INFO - 
💾 模型第一次反向传播阶段的显存峰值（所有模块中的最大值）: 13604.48 MB
2025-10-19 00:48:16,110 - INFO - 
💾 模型初始显存: 128.80 MB
2025-10-19 00:48:16,110 - INFO - =======================================================================

2025-10-19 00:48:16,110 - INFO - torch.cuda.max_memory_reserved() : 15.400390625
2025-10-19 00:48:24,126 - INFO - Epoch 4 completed in 8.014970 seconds
2025-10-19 00:48:24,126 - INFO - torch.cuda.max_memory_reserved() : 15.400390625
2025-10-19 00:48:32,077 - INFO - Epoch 5 completed in 7.950130 seconds
2025-10-19 00:48:32,077 - INFO - torch.cuda.max_memory_reserved() : 15.400390625
2025-10-19 00:48:40,557 - INFO - Epoch 6 completed in 8.479817 seconds
2025-10-19 00:48:40,558 - INFO - torch.cuda.max_memory_reserved() : 15.400390625
2025-10-19 00:48:48,330 - INFO - Epoch 7 completed in 7.771616 seconds
2025-10-19 00:48:48,330 - INFO - torch.cuda.max_memory_reserved() : 15.400390625
2025-10-19 00:48:56,028 - INFO - Epoch 8 completed in 7.697795 seconds
2025-10-19 00:48:56,029 - INFO - torch.cuda.max_memory_reserved() : 15.400390625
2025-10-19 00:49:04,447 - INFO - Epoch 9 completed in 8.417567 seconds
2025-10-19 00:49:04,447 - INFO - torch.cuda.max_memory_reserved() : 15.400390625
2025-10-19 00:49:12,835 - INFO - Epoch 10 completed in 8.387683 seconds
2025-10-19 00:49:15,676 - INFO - torch.cuda.max_memory_reserved() : 15.400390625
2025-10-19 00:49:15,677 - INFO - !!!采用策略后的几个epoch 平均时间:8.08315885066986
2025-10-19 00:49:15,677 - INFO - 



