2025-10-19 00:45:57,488 - INFO - 📌 第一个 epoch：默认所有模块使用 checkpoint
2025-10-19 00:46:07,829 - INFO - Epoch 1 completed in 10.358569 seconds
2025-10-19 00:46:10,737 - INFO - torch.cuda.max_memory_reserved() : 9.49609375
2025-10-19 00:46:20,821 - INFO - 
[🔁 拟合反向传播时间模型]
2025-10-19 00:46:20,821 - INFO - 总反向传播时间: 10.007437s
2025-10-19 00:46:20,821 - INFO - 拟合模型: backward_total ≈ 2 × (A + B) + b
2025-10-19 00:46:20,821 - INFO - A = 7.130647, B = 0.441999, b = 2.434792s
2025-10-19 00:46:21,258 - INFO - ✅ 最优策略：[1.0, 1.0, 1.0, 1.0, 0.0, 0.0, 1.0, 1.0, 1.0, 0.0, 0.0, 0.0, 0.0, 1.0, 1.0, 1.0]
2025-10-19 00:46:21,259 - INFO - 📌 checkpoint 的欧氏长度:, [71, 86]
2025-10-19 00:46:21,259 - INFO - 📌 checkpoint 的余弦长度:, [28, 42, 57, 71]
2025-10-19 00:46:21,259 - INFO - 💾 最终显存峰值：%.2f MB % 12269.048500061035
2025-10-19 00:46:21,267 - INFO - Epoch 2 completed in 10.529876 seconds
2025-10-19 00:46:21,268 - INFO - torch.cuda.max_memory_reserved() : 9.49609375
2025-10-19 00:46:29,323 - INFO - Epoch 3 completed in 8.055119 seconds
2025-10-19 00:46:29,323 - INFO - 
====================== [第1个 Epoch 收集统计数据] ======================
2025-10-19 00:46:29,323 - INFO - 
🔍 EUCLIDEAN modules:
2025-10-19 00:46:29,324 - INFO - [Shapelet  14] forward_avg=0.008289s over 16 calls | peak=733.24MB | final=0.00MB
2025-10-19 00:46:29,324 - INFO - [Shapelet  28] forward_avg=0.009289s over 16 calls | peak=1257.07MB | final=0.00MB
2025-10-19 00:46:29,324 - INFO - [Shapelet  42] forward_avg=0.011875s over 16 calls | peak=1641.29MB | final=0.00MB
2025-10-19 00:46:29,324 - INFO - [Shapelet  57] forward_avg=0.013020s over 16 calls | peak=1901.19MB | final=0.00MB
2025-10-19 00:46:29,324 - INFO - [Shapelet  71] forward_avg=0.013668s over 16 calls | peak=2000.96MB | final=0.00MB
2025-10-19 00:46:29,324 - INFO - [Shapelet  86] forward_avg=0.013218s over 16 calls | peak=1952.37MB | final=0.00MB
2025-10-19 00:46:29,324 - INFO - [Shapelet 100] forward_avg=0.013199s over 16 calls | peak=1765.30MB | final=0.00MB
2025-10-19 00:46:29,324 - INFO - [Shapelet 115] forward_avg=0.011514s over 16 calls | peak=1411.02MB | final=0.00MB
2025-10-19 00:46:29,324 - INFO - 
🔍 COSINE modules:
2025-10-19 00:46:29,324 - INFO - [Shapelet  14] forward_avg=0.004447s over 16 calls | peak=446.59MB | final=0.00MB
2025-10-19 00:46:29,324 - INFO - [Shapelet  28] forward_avg=0.004864s over 16 calls | peak=783.97MB | final=0.00MB
2025-10-19 00:46:29,324 - INFO - [Shapelet  42] forward_avg=0.006435s over 16 calls | peak=1029.18MB | final=0.00MB
2025-10-19 00:46:29,324 - INFO - [Shapelet  57] forward_avg=0.007263s over 16 calls | peak=1190.34MB | final=0.00MB
2025-10-19 00:46:29,324 - INFO - [Shapelet  71] forward_avg=0.007668s over 16 calls | peak=1244.70MB | final=0.00MB
2025-10-19 00:46:29,324 - INFO - [Shapelet  86] forward_avg=0.007988s over 16 calls | peak=1199.87MB | final=0.00MB
2025-10-19 00:46:29,324 - INFO - [Shapelet 100] forward_avg=0.008336s over 16 calls | peak=1063.27MB | final=0.00MB
2025-10-19 00:46:29,324 - INFO - [Shapelet 115] forward_avg=0.007482s over 16 calls | peak=815.09MB | final=0.00MB
2025-10-19 00:46:29,324 - INFO - 
🔍 CROSS modules:
2025-10-19 00:46:29,324 - INFO - [Shapelet  14] forward_avg=0.001133s over 16 calls
2025-10-19 00:46:29,324 - INFO - [Shapelet  28] forward_avg=0.001631s over 16 calls
2025-10-19 00:46:29,324 - INFO - [Shapelet  42] forward_avg=0.001578s over 16 calls
2025-10-19 00:46:29,324 - INFO - [Shapelet  57] forward_avg=0.001913s over 16 calls
2025-10-19 00:46:29,324 - INFO - [Shapelet  71] forward_avg=0.002151s over 16 calls
2025-10-19 00:46:29,324 - INFO - [Shapelet  86] forward_avg=0.001927s over 16 calls
2025-10-19 00:46:29,324 - INFO - [Shapelet 100] forward_avg=0.002010s over 16 calls
2025-10-19 00:46:29,324 - INFO - [Shapelet 115] forward_avg=0.001469s over 16 calls
2025-10-19 00:46:29,324 - INFO - 
💾 模型第一次反向传播阶段的显存峰值（所有模块中的最大值）: 11714.88 MB
2025-10-19 00:46:29,324 - INFO - 
💾 模型初始显存: 128.80 MB
2025-10-19 00:46:29,324 - INFO - =======================================================================

2025-10-19 00:46:29,325 - INFO - torch.cuda.max_memory_reserved() : 13.3984375
2025-10-19 00:46:37,412 - INFO - Epoch 4 completed in 8.086838 seconds
2025-10-19 00:46:37,412 - INFO - torch.cuda.max_memory_reserved() : 13.3984375
2025-10-19 00:46:45,495 - INFO - Epoch 5 completed in 8.082269 seconds
2025-10-19 00:46:45,495 - INFO - torch.cuda.max_memory_reserved() : 13.3984375
2025-10-19 00:46:54,083 - INFO - Epoch 6 completed in 8.586954 seconds
2025-10-19 00:46:54,083 - INFO - torch.cuda.max_memory_reserved() : 13.3984375
2025-10-19 00:47:02,096 - INFO - Epoch 7 completed in 8.011949 seconds
2025-10-19 00:47:02,096 - INFO - torch.cuda.max_memory_reserved() : 13.3984375
2025-10-19 00:47:09,964 - INFO - Epoch 8 completed in 7.867552 seconds
2025-10-19 00:47:09,964 - INFO - torch.cuda.max_memory_reserved() : 13.3984375
2025-10-19 00:47:18,506 - INFO - Epoch 9 completed in 8.540570 seconds
2025-10-19 00:47:18,506 - INFO - torch.cuda.max_memory_reserved() : 13.3984375
2025-10-19 00:47:27,194 - INFO - Epoch 10 completed in 8.687298 seconds
2025-10-19 00:47:30,027 - INFO - torch.cuda.max_memory_reserved() : 13.3984375
2025-10-19 00:47:30,027 - INFO - !!!采用策略后的几个epoch 平均时间:8.239818543195724
2025-10-19 00:47:30,027 - INFO - 



