2025-10-19 00:44:08,316 - INFO - 📌 第一个 epoch：默认所有模块使用 checkpoint
2025-10-19 00:44:18,773 - INFO - Epoch 1 completed in 10.476126 seconds
2025-10-19 00:44:21,684 - INFO - torch.cuda.max_memory_reserved() : 9.49609375
2025-10-19 00:44:32,006 - INFO - 
[🔁 拟合反向传播时间模型]
2025-10-19 00:44:32,007 - INFO - 总反向传播时间: 10.222703s
2025-10-19 00:44:32,007 - INFO - 拟合模型: backward_total ≈ 2 × (A + B) + b
2025-10-19 00:44:32,007 - INFO - A = 7.126384, B = 0.442363, b = 2.653956s
2025-10-19 00:44:32,458 - INFO - ✅ 最优策略：[0.0, 0.0, 0.0, 0.0, 1.0, 1.0, 1.0, 1.0, 1.0, 0.0, 1.0, 0.0, 0.0, 0.0, 1.0, 1.0]
2025-10-19 00:44:32,458 - INFO - 📌 checkpoint 的欧氏长度:, [14, 28, 42, 57]
2025-10-19 00:44:32,458 - INFO - 📌 checkpoint 的余弦长度:, [28, 57, 71, 86]
2025-10-19 00:44:32,458 - INFO - 💾 最终显存峰值：%.2f MB % 10232.15747833252
2025-10-19 00:44:32,467 - INFO - Epoch 2 completed in 10.782509 seconds
2025-10-19 00:44:32,468 - INFO - torch.cuda.max_memory_reserved() : 9.49609375
2025-10-19 00:44:40,917 - INFO - Epoch 3 completed in 8.448596 seconds
2025-10-19 00:44:40,917 - INFO - 
====================== [第1个 Epoch 收集统计数据] ======================
2025-10-19 00:44:40,917 - INFO - 
🔍 EUCLIDEAN modules:
2025-10-19 00:44:40,917 - INFO - [Shapelet  14] forward_avg=0.008303s over 16 calls | peak=733.24MB | final=0.00MB
2025-10-19 00:44:40,917 - INFO - [Shapelet  28] forward_avg=0.009262s over 16 calls | peak=1257.07MB | final=0.00MB
2025-10-19 00:44:40,917 - INFO - [Shapelet  42] forward_avg=0.011802s over 16 calls | peak=1641.29MB | final=0.00MB
2025-10-19 00:44:40,917 - INFO - [Shapelet  57] forward_avg=0.013020s over 16 calls | peak=1901.19MB | final=0.00MB
2025-10-19 00:44:40,917 - INFO - [Shapelet  71] forward_avg=0.013688s over 16 calls | peak=2000.96MB | final=0.00MB
2025-10-19 00:44:40,917 - INFO - [Shapelet  86] forward_avg=0.013199s over 16 calls | peak=1952.37MB | final=0.00MB
2025-10-19 00:44:40,917 - INFO - [Shapelet 100] forward_avg=0.013048s over 16 calls | peak=1765.30MB | final=0.00MB
2025-10-19 00:44:40,917 - INFO - [Shapelet 115] forward_avg=0.011578s over 16 calls | peak=1411.02MB | final=0.00MB
2025-10-19 00:44:40,917 - INFO - 
🔍 COSINE modules:
2025-10-19 00:44:40,917 - INFO - [Shapelet  14] forward_avg=0.004488s over 16 calls | peak=446.59MB | final=0.00MB
2025-10-19 00:44:40,917 - INFO - [Shapelet  28] forward_avg=0.004855s over 16 calls | peak=783.97MB | final=0.00MB
2025-10-19 00:44:40,917 - INFO - [Shapelet  42] forward_avg=0.006402s over 16 calls | peak=1029.18MB | final=0.00MB
2025-10-19 00:44:40,918 - INFO - [Shapelet  57] forward_avg=0.007273s over 16 calls | peak=1190.34MB | final=0.00MB
2025-10-19 00:44:40,918 - INFO - [Shapelet  71] forward_avg=0.007688s over 16 calls | peak=1244.70MB | final=0.00MB
2025-10-19 00:44:40,918 - INFO - [Shapelet  86] forward_avg=0.008008s over 16 calls | peak=1199.87MB | final=0.00MB
2025-10-19 00:44:40,918 - INFO - [Shapelet 100] forward_avg=0.008352s over 16 calls | peak=1063.27MB | final=0.00MB
2025-10-19 00:44:40,918 - INFO - [Shapelet 115] forward_avg=0.007499s over 16 calls | peak=815.09MB | final=0.00MB
2025-10-19 00:44:40,918 - INFO - 
🔍 CROSS modules:
2025-10-19 00:44:40,918 - INFO - [Shapelet  14] forward_avg=0.001151s over 16 calls
2025-10-19 00:44:40,918 - INFO - [Shapelet  28] forward_avg=0.001633s over 16 calls
2025-10-19 00:44:40,918 - INFO - [Shapelet  42] forward_avg=0.001568s over 16 calls
2025-10-19 00:44:40,918 - INFO - [Shapelet  57] forward_avg=0.001921s over 16 calls
2025-10-19 00:44:40,918 - INFO - [Shapelet  71] forward_avg=0.002154s over 16 calls
2025-10-19 00:44:40,918 - INFO - [Shapelet  86] forward_avg=0.001929s over 16 calls
2025-10-19 00:44:40,918 - INFO - [Shapelet 100] forward_avg=0.001999s over 16 calls
2025-10-19 00:44:40,918 - INFO - [Shapelet 115] forward_avg=0.001469s over 16 calls
2025-10-19 00:44:40,918 - INFO - 
💾 模型第一次反向传播阶段的显存峰值（所有模块中的最大值）: 9770.26 MB
2025-10-19 00:44:40,918 - INFO - 
💾 模型初始显存: 128.80 MB
2025-10-19 00:44:40,918 - INFO - =======================================================================

2025-10-19 00:44:40,918 - INFO - torch.cuda.max_memory_reserved() : 12.173828125
2025-10-19 00:44:49,558 - INFO - Epoch 4 completed in 8.638985 seconds
2025-10-19 00:44:49,558 - INFO - torch.cuda.max_memory_reserved() : 12.17578125
2025-10-19 00:44:58,000 - INFO - Epoch 5 completed in 8.441010 seconds
2025-10-19 00:44:58,000 - INFO - torch.cuda.max_memory_reserved() : 12.17578125
2025-10-19 00:45:06,720 - INFO - Epoch 6 completed in 8.719954 seconds
2025-10-19 00:45:06,721 - INFO - torch.cuda.max_memory_reserved() : 12.17578125
2025-10-19 00:45:14,961 - INFO - Epoch 7 completed in 8.239739 seconds
2025-10-19 00:45:14,961 - INFO - torch.cuda.max_memory_reserved() : 12.17578125
2025-10-19 00:45:23,113 - INFO - Epoch 8 completed in 8.150742 seconds
2025-10-19 00:45:23,113 - INFO - torch.cuda.max_memory_reserved() : 12.17578125
2025-10-19 00:45:32,065 - INFO - Epoch 9 completed in 8.951774 seconds
2025-10-19 00:45:32,066 - INFO - torch.cuda.max_memory_reserved() : 12.17578125
2025-10-19 00:45:41,053 - INFO - Epoch 10 completed in 8.987291 seconds
2025-10-19 00:45:43,887 - INFO - torch.cuda.max_memory_reserved() : 12.17578125
2025-10-19 00:45:43,888 - INFO - !!!采用策略后的几个epoch 平均时间:8.572261363267899
2025-10-19 00:45:43,888 - INFO - 



