2025-10-19 00:49:29,453 - INFO - 📌 第一个 epoch：默认所有模块使用 checkpoint
2025-10-19 00:49:39,977 - INFO - Epoch 1 completed in 10.539412 seconds
2025-10-19 00:49:42,984 - INFO - torch.cuda.max_memory_reserved() : 9.49609375
2025-10-19 00:49:53,194 - INFO - 
[🔁 拟合反向传播时间模型]
2025-10-19 00:49:53,194 - INFO - 总反向传播时间: 10.111542s
2025-10-19 00:49:53,195 - INFO - 拟合模型: backward_total ≈ 2 × (A + B) + b
2025-10-19 00:49:53,195 - INFO - A = 7.146694, B = 0.445045, b = 2.519802s
2025-10-19 00:49:53,656 - INFO - ✅ 最优策略：[1.0, 1.0, 1.0, 1.0, 1.0, 1.0, 1.0, 1.0, 1.0, 1.0, 0.0, 0.0, 0.0, 1.0, 1.0, 1.0]
2025-10-19 00:49:53,656 - INFO - 📌 checkpoint 的欧氏长度:, []
2025-10-19 00:49:53,656 - INFO - 📌 checkpoint 的余弦长度:, [42, 57, 71]
2025-10-19 00:49:53,656 - INFO - 💾 最终显存峰值：%.2f MB % 16358.074516296387
2025-10-19 00:49:53,666 - INFO - Epoch 2 completed in 10.681635 seconds
2025-10-19 00:49:53,666 - INFO - torch.cuda.max_memory_reserved() : 9.49609375
2025-10-19 00:50:01,305 - INFO - Epoch 3 completed in 7.638519 seconds
2025-10-19 00:50:01,306 - INFO - 
====================== [第1个 Epoch 收集统计数据] ======================
2025-10-19 00:50:01,306 - INFO - 
🔍 EUCLIDEAN modules:
2025-10-19 00:50:01,306 - INFO - [Shapelet  14] forward_avg=0.008382s over 16 calls | peak=733.24MB | final=0.00MB
2025-10-19 00:50:01,306 - INFO - [Shapelet  28] forward_avg=0.009270s over 16 calls | peak=1257.07MB | final=0.00MB
2025-10-19 00:50:01,306 - INFO - [Shapelet  42] forward_avg=0.011935s over 16 calls | peak=1641.29MB | final=0.00MB
2025-10-19 00:50:01,306 - INFO - [Shapelet  57] forward_avg=0.013006s over 16 calls | peak=1901.19MB | final=0.00MB
2025-10-19 00:50:01,306 - INFO - [Shapelet  71] forward_avg=0.013758s over 16 calls | peak=2000.96MB | final=0.00MB
2025-10-19 00:50:01,306 - INFO - [Shapelet  86] forward_avg=0.013198s over 16 calls | peak=1952.37MB | final=0.00MB
2025-10-19 00:50:01,306 - INFO - [Shapelet 100] forward_avg=0.013137s over 16 calls | peak=1765.30MB | final=0.00MB
2025-10-19 00:50:01,306 - INFO - [Shapelet 115] forward_avg=0.011586s over 16 calls | peak=1411.02MB | final=0.00MB
2025-10-19 00:50:01,306 - INFO - 
🔍 COSINE modules:
2025-10-19 00:50:01,306 - INFO - [Shapelet  14] forward_avg=0.004515s over 16 calls | peak=446.59MB | final=0.00MB
2025-10-19 00:50:01,306 - INFO - [Shapelet  28] forward_avg=0.004865s over 16 calls | peak=783.97MB | final=0.00MB
2025-10-19 00:50:01,306 - INFO - [Shapelet  42] forward_avg=0.006446s over 16 calls | peak=1029.18MB | final=0.00MB
2025-10-19 00:50:01,306 - INFO - [Shapelet  57] forward_avg=0.007318s over 16 calls | peak=1190.34MB | final=0.00MB
2025-10-19 00:50:01,306 - INFO - [Shapelet  71] forward_avg=0.007675s over 16 calls | peak=1244.70MB | final=0.00MB
2025-10-19 00:50:01,306 - INFO - [Shapelet  86] forward_avg=0.007983s over 16 calls | peak=1199.87MB | final=0.00MB
2025-10-19 00:50:01,306 - INFO - [Shapelet 100] forward_avg=0.008346s over 16 calls | peak=1063.27MB | final=0.00MB
2025-10-19 00:50:01,306 - INFO - [Shapelet 115] forward_avg=0.007470s over 16 calls | peak=815.09MB | final=0.00MB
2025-10-19 00:50:01,306 - INFO - 
🔍 CROSS modules:
2025-10-19 00:50:01,306 - INFO - [Shapelet  14] forward_avg=0.001167s over 16 calls
2025-10-19 00:50:01,306 - INFO - [Shapelet  28] forward_avg=0.001638s over 16 calls
2025-10-19 00:50:01,306 - INFO - [Shapelet  42] forward_avg=0.001572s over 16 calls
2025-10-19 00:50:01,306 - INFO - [Shapelet  57] forward_avg=0.001924s over 16 calls
2025-10-19 00:50:01,306 - INFO - [Shapelet  71] forward_avg=0.002161s over 16 calls
2025-10-19 00:50:01,306 - INFO - [Shapelet  86] forward_avg=0.001944s over 16 calls
2025-10-19 00:50:01,306 - INFO - [Shapelet 100] forward_avg=0.002022s over 16 calls
2025-10-19 00:50:01,307 - INFO - [Shapelet 115] forward_avg=0.001479s over 16 calls
2025-10-19 00:50:01,307 - INFO - 
💾 模型第一次反向传播阶段的显存峰值（所有模块中的最大值）: 13987.52 MB
2025-10-19 00:50:01,307 - INFO - 
💾 模型初始显存: 128.80 MB
2025-10-19 00:50:01,307 - INFO - =======================================================================

2025-10-19 00:50:01,307 - INFO - torch.cuda.max_memory_reserved() : 17.57421875
2025-10-19 00:50:08,825 - INFO - Epoch 4 completed in 7.517564 seconds
2025-10-19 00:50:08,825 - INFO - torch.cuda.max_memory_reserved() : 17.57421875
2025-10-19 00:50:16,412 - INFO - Epoch 5 completed in 7.586384 seconds
2025-10-19 00:50:16,413 - INFO - torch.cuda.max_memory_reserved() : 17.57421875
2025-10-19 00:50:24,508 - INFO - Epoch 6 completed in 8.094775 seconds
2025-10-19 00:50:24,509 - INFO - torch.cuda.max_memory_reserved() : 17.57421875
2025-10-19 00:50:31,927 - INFO - Epoch 7 completed in 7.417615 seconds
2025-10-19 00:50:31,927 - INFO - torch.cuda.max_memory_reserved() : 17.57421875
2025-10-19 00:50:39,315 - INFO - Epoch 8 completed in 7.387709 seconds
2025-10-19 00:50:39,316 - INFO - torch.cuda.max_memory_reserved() : 17.57421875
2025-10-19 00:50:47,438 - INFO - Epoch 9 completed in 8.121111 seconds
2025-10-19 00:50:47,438 - INFO - torch.cuda.max_memory_reserved() : 17.57421875
2025-10-19 00:50:55,515 - INFO - Epoch 10 completed in 8.076505 seconds
2025-10-19 00:50:58,366 - INFO - torch.cuda.max_memory_reserved() : 17.57421875
2025-10-19 00:50:58,366 - INFO - !!!采用策略后的几个epoch 平均时间:7.730022877454758
2025-10-19 00:50:58,366 - INFO - 



