2025-10-20 19:02:58,618 - INFO - 📌 第一个 epoch：默认所有模块使用 checkpoint
2025-10-20 19:03:09,821 - INFO - Epoch 1 completed in 11.219545 seconds
2025-10-20 19:03:12,899 - INFO - torch.cuda.max_memory_reserved() : 9.49609375
2025-10-20 19:03:23,424 - INFO - 
[🔁 拟合反向传播时间模型]
2025-10-20 19:03:23,424 - INFO - 总反向传播时间: 10.358508s
2025-10-20 19:03:23,425 - INFO - 拟合模型: backward_total ≈ 2 × (A + B) + b
2025-10-20 19:03:23,425 - INFO - A = 7.186365, B = 0.450449, b = 2.721694s
2025-10-20 19:03:23,914 - INFO - ✅ 最优策略：[0.0, 0.0, 0.0, 0.0, 0.0, 0.0, 0.0, 1.0, 0.0, 1.0, 0.0, 0.0, 0.0, 1.0, 1.0, 1.0]
2025-10-20 19:03:23,914 - INFO - 📌 checkpoint 的欧氏长度:, [14, 28, 42, 57, 71, 86, 100]
2025-10-20 19:03:23,914 - INFO - 📌 checkpoint 的余弦长度:, [14, 42, 57, 71]
2025-10-20 19:03:23,914 - INFO - 💾 最终显存峰值：%.2f MB % 6042.6608543396
2025-10-20 19:03:23,923 - INFO - Epoch 2 completed in 11.022956 seconds
2025-10-20 19:03:23,923 - INFO - torch.cuda.max_memory_reserved() : 9.49609375
2025-10-20 19:03:33,205 - INFO - Epoch 3 completed in 9.281677 seconds
2025-10-20 19:03:33,205 - INFO - 
====================== [第1个 Epoch 收集统计数据] ======================
2025-10-20 19:03:33,205 - INFO - 
🔍 EUCLIDEAN modules:
2025-10-20 19:03:33,205 - INFO - [Shapelet  14] forward_avg=0.008589s over 16 calls | peak=733.24MB | final=0.00MB
2025-10-20 19:03:33,205 - INFO - [Shapelet  28] forward_avg=0.009358s over 16 calls | peak=1257.07MB | final=0.00MB
2025-10-20 19:03:33,206 - INFO - [Shapelet  42] forward_avg=0.011865s over 16 calls | peak=1641.29MB | final=0.00MB
2025-10-20 19:03:33,206 - INFO - [Shapelet  57] forward_avg=0.013090s over 16 calls | peak=1901.19MB | final=0.00MB
2025-10-20 19:03:33,206 - INFO - [Shapelet  71] forward_avg=0.013861s over 16 calls | peak=2000.96MB | final=0.00MB
2025-10-20 19:03:33,206 - INFO - [Shapelet  86] forward_avg=0.013346s over 16 calls | peak=1952.37MB | final=0.00MB
2025-10-20 19:03:33,206 - INFO - [Shapelet 100] forward_avg=0.013134s over 16 calls | peak=1765.30MB | final=0.00MB
2025-10-20 19:03:33,206 - INFO - [Shapelet 115] forward_avg=0.011566s over 16 calls | peak=1411.02MB | final=0.00MB
2025-10-20 19:03:33,206 - INFO - 
🔍 COSINE modules:
2025-10-20 19:03:33,206 - INFO - [Shapelet  14] forward_avg=0.004694s over 16 calls | peak=446.59MB | final=0.00MB
2025-10-20 19:03:33,206 - INFO - [Shapelet  28] forward_avg=0.004894s over 16 calls | peak=783.97MB | final=0.00MB
2025-10-20 19:03:33,206 - INFO - [Shapelet  42] forward_avg=0.006450s over 16 calls | peak=1029.18MB | final=0.00MB
2025-10-20 19:03:33,206 - INFO - [Shapelet  57] forward_avg=0.007325s over 16 calls | peak=1190.34MB | final=0.00MB
2025-10-20 19:03:33,206 - INFO - [Shapelet  71] forward_avg=0.007686s over 16 calls | peak=1244.70MB | final=0.00MB
2025-10-20 19:03:33,206 - INFO - [Shapelet  86] forward_avg=0.007998s over 16 calls | peak=1199.87MB | final=0.00MB
2025-10-20 19:03:33,206 - INFO - [Shapelet 100] forward_avg=0.008365s over 16 calls | peak=1063.27MB | final=0.00MB
2025-10-20 19:03:33,206 - INFO - [Shapelet 115] forward_avg=0.007495s over 16 calls | peak=815.09MB | final=0.00MB
2025-10-20 19:03:33,206 - INFO - 
🔍 CROSS modules:
2025-10-20 19:03:33,206 - INFO - [Shapelet  14] forward_avg=0.001197s over 16 calls
2025-10-20 19:03:33,206 - INFO - [Shapelet  28] forward_avg=0.001660s over 16 calls
2025-10-20 19:03:33,206 - INFO - [Shapelet  42] forward_avg=0.001627s over 16 calls
2025-10-20 19:03:33,206 - INFO - [Shapelet  57] forward_avg=0.001944s over 16 calls
2025-10-20 19:03:33,206 - INFO - [Shapelet  71] forward_avg=0.002173s over 16 calls
2025-10-20 19:03:33,206 - INFO - [Shapelet  86] forward_avg=0.001950s over 16 calls
2025-10-20 19:03:33,206 - INFO - [Shapelet 100] forward_avg=0.002024s over 16 calls
2025-10-20 19:03:33,206 - INFO - [Shapelet 115] forward_avg=0.001503s over 16 calls
2025-10-20 19:03:33,206 - INFO - 
💾 模型第一次反向传播阶段的显存峰值（所有模块中的最大值）: 6014.40 MB
2025-10-20 19:03:33,206 - INFO - 
💾 模型初始显存: 128.80 MB
2025-10-20 19:03:33,206 - INFO - =======================================================================

2025-10-20 19:03:33,206 - INFO - torch.cuda.max_memory_reserved() : 9.498046875
2025-10-20 19:03:43,617 - INFO - Epoch 4 completed in 10.410119 seconds
2025-10-20 19:03:43,618 - INFO - torch.cuda.max_memory_reserved() : 9.498046875
2025-10-20 19:03:54,678 - INFO - Epoch 5 completed in 11.060078 seconds
2025-10-20 19:03:54,679 - INFO - torch.cuda.max_memory_reserved() : 9.498046875
2025-10-20 19:04:04,665 - INFO - Epoch 6 completed in 9.984688 seconds
2025-10-20 19:04:04,665 - INFO - torch.cuda.max_memory_reserved() : 9.498046875
2025-10-20 19:04:14,235 - INFO - Epoch 7 completed in 9.569332 seconds
2025-10-20 19:04:14,236 - INFO - torch.cuda.max_memory_reserved() : 9.498046875
2025-10-20 19:04:24,114 - INFO - Epoch 8 completed in 9.877191 seconds
2025-10-20 19:04:24,114 - INFO - torch.cuda.max_memory_reserved() : 9.498046875
2025-10-20 19:04:34,220 - INFO - Epoch 9 completed in 10.105341 seconds
2025-10-20 19:04:34,221 - INFO - torch.cuda.max_memory_reserved() : 9.498046875
2025-10-20 19:04:45,031 - INFO - Epoch 10 completed in 10.808944 seconds
2025-10-20 19:04:48,215 - INFO - torch.cuda.max_memory_reserved() : 9.498046875
2025-10-20 19:04:48,216 - INFO - !!!采用策略后的几个epoch 平均时间:10.137171447277069
2025-10-20 19:04:48,216 - INFO - 



