2025-10-19 00:51:12,398 - INFO - 📌 第一个 epoch：默认所有模块使用 checkpoint
2025-10-19 00:51:22,972 - INFO - Epoch 1 completed in 10.589904 seconds
2025-10-19 00:51:25,891 - INFO - torch.cuda.max_memory_reserved() : 9.49609375
2025-10-19 00:51:35,998 - INFO - 
[🔁 拟合反向传播时间模型]
2025-10-19 00:51:35,999 - INFO - 总反向传播时间: 9.995794s
2025-10-19 00:51:35,999 - INFO - 拟合模型: backward_total ≈ 2 × (A + B) + b
2025-10-19 00:51:35,999 - INFO - A = 7.131467, B = 0.443477, b = 2.420849s
2025-10-19 00:51:36,476 - INFO - ✅ 最优策略：[1.0, 1.0, 1.0, 1.0, 1.0, 1.0, 1.0, 1.0, 0.0, 1.0, 0.0, 1.0, 1.0, 1.0, 1.0, 1.0]
2025-10-19 00:51:36,476 - INFO - 📌 checkpoint 的欧氏长度:, []
2025-10-19 00:51:36,476 - INFO - 📌 checkpoint 的余弦长度:, [14, 42]
2025-10-19 00:51:36,476 - INFO - 💾 最终显存峰值：%.2f MB % 18352.621726989746
2025-10-19 00:51:36,487 - INFO - Epoch 2 completed in 10.594587 seconds
2025-10-19 00:51:36,487 - INFO - torch.cuda.max_memory_reserved() : 9.49609375
2025-10-19 00:51:43,865 - INFO - Epoch 3 completed in 7.377533 seconds
2025-10-19 00:51:43,866 - INFO - 
====================== [第1个 Epoch 收集统计数据] ======================
2025-10-19 00:51:43,866 - INFO - 
🔍 EUCLIDEAN modules:
2025-10-19 00:51:43,866 - INFO - [Shapelet  14] forward_avg=0.008301s over 16 calls | peak=733.24MB | final=0.00MB
2025-10-19 00:51:43,866 - INFO - [Shapelet  28] forward_avg=0.009268s over 16 calls | peak=1257.07MB | final=0.00MB
2025-10-19 00:51:43,866 - INFO - [Shapelet  42] forward_avg=0.011794s over 16 calls | peak=1641.29MB | final=0.00MB
2025-10-19 00:51:43,866 - INFO - [Shapelet  57] forward_avg=0.013024s over 16 calls | peak=1901.19MB | final=0.00MB
2025-10-19 00:51:43,866 - INFO - [Shapelet  71] forward_avg=0.013679s over 16 calls | peak=2000.96MB | final=0.00MB
2025-10-19 00:51:43,866 - INFO - [Shapelet  86] forward_avg=0.013265s over 16 calls | peak=1952.37MB | final=0.00MB
2025-10-19 00:51:43,866 - INFO - [Shapelet 100] forward_avg=0.013071s over 16 calls | peak=1765.30MB | final=0.00MB
2025-10-19 00:51:43,866 - INFO - [Shapelet 115] forward_avg=0.011602s over 16 calls | peak=1411.02MB | final=0.00MB
2025-10-19 00:51:43,866 - INFO - 
🔍 COSINE modules:
2025-10-19 00:51:43,866 - INFO - [Shapelet  14] forward_avg=0.004520s over 16 calls | peak=446.59MB | final=0.00MB
2025-10-19 00:51:43,866 - INFO - [Shapelet  28] forward_avg=0.004866s over 16 calls | peak=783.97MB | final=0.00MB
2025-10-19 00:51:43,866 - INFO - [Shapelet  42] forward_avg=0.006417s over 16 calls | peak=1029.18MB | final=0.00MB
2025-10-19 00:51:43,866 - INFO - [Shapelet  57] forward_avg=0.007283s over 16 calls | peak=1190.34MB | final=0.00MB
2025-10-19 00:51:43,866 - INFO - [Shapelet  71] forward_avg=0.007687s over 16 calls | peak=1244.70MB | final=0.00MB
2025-10-19 00:51:43,866 - INFO - [Shapelet  86] forward_avg=0.007989s over 16 calls | peak=1199.87MB | final=0.00MB
2025-10-19 00:51:43,866 - INFO - [Shapelet 100] forward_avg=0.008333s over 16 calls | peak=1063.27MB | final=0.00MB
2025-10-19 00:51:43,866 - INFO - [Shapelet 115] forward_avg=0.007473s over 16 calls | peak=815.09MB | final=0.00MB
2025-10-19 00:51:43,866 - INFO - 
🔍 CROSS modules:
2025-10-19 00:51:43,866 - INFO - [Shapelet  14] forward_avg=0.001170s over 16 calls
2025-10-19 00:51:43,866 - INFO - [Shapelet  28] forward_avg=0.001634s over 16 calls
2025-10-19 00:51:43,866 - INFO - [Shapelet  42] forward_avg=0.001571s over 16 calls
2025-10-19 00:51:43,866 - INFO - [Shapelet  57] forward_avg=0.001918s over 16 calls
2025-10-19 00:51:43,866 - INFO - [Shapelet  71] forward_avg=0.002151s over 16 calls
2025-10-19 00:51:43,866 - INFO - [Shapelet  86] forward_avg=0.001931s over 16 calls
2025-10-19 00:51:43,866 - INFO - [Shapelet 100] forward_avg=0.002008s over 16 calls
2025-10-19 00:51:43,866 - INFO - [Shapelet 115] forward_avg=0.001476s over 16 calls
2025-10-19 00:51:43,866 - INFO - 
💾 模型第一次反向传播阶段的显存峰值（所有模块中的最大值）: 14978.84 MB
2025-10-19 00:51:43,867 - INFO - 
💾 模型初始显存: 128.80 MB
2025-10-19 00:51:43,867 - INFO - =======================================================================

2025-10-19 00:51:43,867 - INFO - torch.cuda.max_memory_reserved() : 18.86328125
2025-10-19 00:51:51,099 - INFO - Epoch 4 completed in 7.231925 seconds
2025-10-19 00:51:51,100 - INFO - torch.cuda.max_memory_reserved() : 19.259765625
2025-10-19 00:51:58,454 - INFO - Epoch 5 completed in 7.353217 seconds
2025-10-19 00:51:58,454 - INFO - torch.cuda.max_memory_reserved() : 19.259765625
2025-10-19 00:52:06,505 - INFO - Epoch 6 completed in 8.050036 seconds
2025-10-19 00:52:06,505 - INFO - torch.cuda.max_memory_reserved() : 19.259765625
2025-10-19 00:52:13,951 - INFO - Epoch 7 completed in 7.445984 seconds
2025-10-19 00:52:13,952 - INFO - torch.cuda.max_memory_reserved() : 19.259765625
2025-10-19 00:52:21,268 - INFO - Epoch 8 completed in 7.315473 seconds
2025-10-19 00:52:21,268 - INFO - torch.cuda.max_memory_reserved() : 19.259765625
2025-10-19 00:52:29,296 - INFO - Epoch 9 completed in 8.026722 seconds
2025-10-19 00:52:29,296 - INFO - torch.cuda.max_memory_reserved() : 19.259765625
2025-10-19 00:52:37,281 - INFO - Epoch 10 completed in 7.984657 seconds
2025-10-19 00:52:40,102 - INFO - torch.cuda.max_memory_reserved() : 19.259765625
2025-10-19 00:52:40,102 - INFO - !!!采用策略后的几个epoch 平均时间:7.598193377256393
2025-10-19 00:52:40,103 - INFO - 



