2025-10-11 18:48:12,482 - INFO - 📌 第一个 epoch：默认所有模块使用 checkpoint
2025-10-11 18:48:16,211 - INFO - Epoch 1 completed in 3.733101 seconds
2025-10-11 18:48:16,880 - INFO - torch.cuda.max_memory_reserved() : 1.029296875
2025-10-11 18:48:20,103 - INFO - 
[🔁 拟合反向传播时间模型]
2025-10-11 18:48:20,103 - INFO - 总反向传播时间: 3.211815s
2025-10-11 18:48:20,103 - INFO - 拟合模型: backward_total ≈ 2 × (A + B) + b
2025-10-11 18:48:20,103 - INFO - A = 2.173718, B = 0.198255, b = 0.839842s
2025-10-11 18:48:20,146 - INFO - Set parameter LicenseID to value 2706656
2025-10-11 18:48:20,175 - INFO - Set parameter LogToConsole to value 1
2025-10-11 18:48:20,175 - INFO - Set parameter LogFile to value ""
2025-10-11 18:48:20,175 - INFO - Set parameter Threads to value 12
2025-10-11 18:48:20,176 - INFO - Set parameter TimeLimit to value 3600
2025-10-11 18:48:20,176 - INFO - Set parameter Method to value 1
2025-10-11 18:48:20,344 - INFO - Set parameter TimeLimit to value 3000
2025-10-11 18:48:20,346 - INFO - Gurobi Optimizer version 12.0.3 build v12.0.3rc0 (linux64 - "Ubuntu 20.04.6 LTS")
2025-10-11 18:48:20,346 - INFO - 
2025-10-11 18:48:20,346 - INFO - CPU model: Intel(R) Xeon(R) Platinum 8260 CPU @ 2.40GHz, instruction set [SSE2|AVX|AVX2|AVX512]
2025-10-11 18:48:20,346 - INFO - Thread count: 48 physical cores, 96 logical processors, using up to 12 threads
2025-10-11 18:48:20,346 - INFO - 
2025-10-11 18:48:20,346 - INFO - Non-default parameters:
2025-10-11 18:48:20,346 - INFO - TimeLimit  3000
2025-10-11 18:48:20,346 - INFO - Method  1
2025-10-11 18:48:20,346 - INFO - Threads  12
2025-10-11 18:48:20,346 - INFO - 
2025-10-11 18:48:20,346 - INFO - Optimize a model with 3892 rows, 1699 columns and 20398 nonzeros
2025-10-11 18:48:20,346 - INFO - Model fingerprint: 0x9aee26cf
2025-10-11 18:48:20,346 - INFO - Variable types: 0 continuous, 1699 integer (1699 binary)
2025-10-11 18:48:20,346 - INFO - Coefficient statistics:
2025-10-11 18:48:20,346 - INFO -   Matrix range     [1e+00, 4e+14]
2025-10-11 18:48:20,346 - INFO -   Objective range  [4e+04, 2e+05]
2025-10-11 18:48:20,346 - INFO -   Bounds range     [1e+00, 1e+00]
2025-10-11 18:48:20,347 - INFO -   RHS range        [1e+00, 3e+15]
2025-10-11 18:48:20,347 - INFO - Warning: Model contains large matrix coefficient range
2025-10-11 18:48:20,347 - INFO - Warning: Model contains large rhs
2025-10-11 18:48:20,347 - INFO -          Consider reformulating model or setting NumericFocus parameter
2025-10-11 18:48:20,347 - INFO -          to avoid numerical issues.
2025-10-11 18:48:20,347 - INFO - Found heuristic solution: objective 5049196.0000
2025-10-11 18:48:20,350 - INFO - Presolve removed 3892 rows and 1699 columns
2025-10-11 18:48:20,350 - INFO - Presolve time: 0.00s
2025-10-11 18:48:20,350 - INFO - Presolve: All rows and columns removed
2025-10-11 18:48:20,351 - INFO - 
2025-10-11 18:48:20,351 - INFO - Explored 0 nodes (0 simplex iterations) in 0.00 seconds (0.00 work units)
2025-10-11 18:48:20,351 - INFO - Thread count was 1 (of 96 available processors)
2025-10-11 18:48:20,351 - INFO - 
2025-10-11 18:48:20,351 - INFO - Solution count 2: 3.38572e+06 5.0492e+06 
2025-10-11 18:48:20,351 - INFO - 
2025-10-11 18:48:20,351 - INFO - Optimal solution found (tolerance 1.00e-04)
2025-10-11 18:48:20,351 - INFO - Best objective 3.385724000000e+06, best bound 3.385724000000e+06, gap 0.0000%
2025-10-11 18:48:20,357 - INFO - 规划前的显存GB：3.0
2025-10-11 18:48:20,357 - INFO - 规划后的显存GB：2.0340452194213867
2025-10-11 18:48:20,357 - INFO - ✅ 最优策略：[True, True, True, True, True, True, True, True, True, True, True, True, True, True, True, True]
2025-10-11 18:48:20,357 - INFO - 📌 checkpoint 的欧氏长度:, []
2025-10-11 18:48:20,357 - INFO - 📌 checkpoint 的余弦长度:, []
2025-10-11 18:48:20,357 - INFO - 💾 最终显存峰值：%.2f MB % 1780.8826751708984
2025-10-11 18:48:20,357 - INFO - Epoch 2 completed in 3.476127 seconds
2025-10-11 18:48:20,357 - INFO - torch.cuda.max_memory_reserved() : 1.029296875
2025-10-11 18:48:22,770 - INFO - Epoch 3 completed in 2.411957 seconds
2025-10-11 18:48:22,770 - INFO - 
====================== [第1个 Epoch 收集统计数据] ======================
2025-10-11 18:48:22,770 - INFO - 
🔍 EUCLIDEAN modules:
2025-10-11 18:48:22,770 - INFO - [Shapelet 119] forward_avg=0.001800s over 26 calls | peak=72.20MB | final=0.00MB
2025-10-11 18:48:22,770 - INFO - [Shapelet 238] forward_avg=0.001476s over 26 calls | peak=126.95MB | final=0.00MB
2025-10-11 18:48:22,770 - INFO - [Shapelet 358] forward_avg=0.001598s over 26 calls | peak=169.17MB | final=0.00MB
2025-10-11 18:48:22,770 - INFO - [Shapelet 478] forward_avg=0.001656s over 26 calls | peak=193.41MB | final=0.00MB
2025-10-11 18:48:22,770 - INFO - [Shapelet 597] forward_avg=0.001648s over 26 calls | peak=199.65MB | final=0.00MB
2025-10-11 18:48:22,770 - INFO - [Shapelet 717] forward_avg=0.001602s over 26 calls | peak=193.90MB | final=0.00MB
2025-10-11 18:48:22,770 - INFO - [Shapelet 837] forward_avg=0.001517s over 26 calls | peak=170.03MB | final=0.00MB
2025-10-11 18:48:22,770 - INFO - [Shapelet 957] forward_avg=0.001524s over 26 calls | peak=129.44MB | final=0.00MB
2025-10-11 18:48:22,770 - INFO - 
🔍 COSINE modules:
2025-10-11 18:48:22,770 - INFO - [Shapelet 119] forward_avg=0.001967s over 26 calls | peak=47.22MB | final=0.00MB
2025-10-11 18:48:22,770 - INFO - [Shapelet 238] forward_avg=0.001861s over 26 calls | peak=83.85MB | final=0.00MB
2025-10-11 18:48:22,770 - INFO - [Shapelet 358] forward_avg=0.001851s over 26 calls | peak=112.15MB | final=0.00MB
2025-10-11 18:48:22,770 - INFO - [Shapelet 478] forward_avg=0.001886s over 26 calls | peak=128.13MB | final=0.00MB
2025-10-11 18:48:22,770 - INFO - [Shapelet 597] forward_avg=0.001897s over 26 calls | peak=132.11MB | final=0.00MB
2025-10-11 18:48:22,770 - INFO - [Shapelet 717] forward_avg=0.001871s over 26 calls | peak=128.09MB | final=0.00MB
2025-10-11 18:48:22,771 - INFO - [Shapelet 837] forward_avg=0.001857s over 26 calls | peak=112.07MB | final=0.00MB
2025-10-11 18:48:22,771 - INFO - [Shapelet 957] forward_avg=0.001856s over 26 calls | peak=84.51MB | final=0.00MB
2025-10-11 18:48:22,771 - INFO - 
🔍 CROSS modules:
2025-10-11 18:48:22,771 - INFO - [Shapelet 119] forward_avg=0.000445s over 26 calls
2025-10-11 18:48:22,771 - INFO - [Shapelet 238] forward_avg=0.000417s over 26 calls
2025-10-11 18:48:22,771 - INFO - [Shapelet 358] forward_avg=0.000409s over 26 calls
2025-10-11 18:48:22,771 - INFO - [Shapelet 478] forward_avg=0.000436s over 26 calls
2025-10-11 18:48:22,771 - INFO - [Shapelet 597] forward_avg=0.000467s over 26 calls
2025-10-11 18:48:22,771 - INFO - [Shapelet 717] forward_avg=0.000501s over 26 calls
2025-10-11 18:48:22,771 - INFO - [Shapelet 837] forward_avg=0.000548s over 26 calls
2025-10-11 18:48:22,771 - INFO - [Shapelet 957] forward_avg=0.000588s over 26 calls
2025-10-11 18:48:22,771 - INFO - 
💾 模型第一次反向传播阶段的显存峰值（所有模块中的最大值）: 1798.81 MB
2025-10-11 18:48:22,771 - INFO - 
💾 模型初始显存: 5.08 MB
2025-10-11 18:48:22,771 - INFO - =======================================================================

2025-10-11 18:48:22,771 - INFO - torch.cuda.max_memory_reserved() : 1.994140625
2025-10-11 18:48:25,192 - INFO - Epoch 4 completed in 2.420818 seconds
2025-10-11 18:48:25,193 - INFO - torch.cuda.max_memory_reserved() : 1.994140625
2025-10-11 18:48:27,586 - INFO - Epoch 5 completed in 2.392533 seconds
2025-10-11 18:48:27,586 - INFO - torch.cuda.max_memory_reserved() : 1.994140625
2025-10-11 18:48:29,959 - INFO - Epoch 6 completed in 2.372099 seconds
2025-10-11 18:48:29,959 - INFO - torch.cuda.max_memory_reserved() : 1.994140625
2025-10-11 18:48:32,364 - INFO - Epoch 7 completed in 2.405092 seconds
2025-10-11 18:48:32,365 - INFO - torch.cuda.max_memory_reserved() : 1.994140625
2025-10-11 18:48:34,788 - INFO - Epoch 8 completed in 2.422927 seconds
2025-10-11 18:48:34,789 - INFO - torch.cuda.max_memory_reserved() : 1.994140625
2025-10-11 18:48:37,209 - INFO - Epoch 9 completed in 2.420518 seconds
2025-10-11 18:48:37,210 - INFO - torch.cuda.max_memory_reserved() : 1.994140625
2025-10-11 18:48:39,658 - INFO - Epoch 10 completed in 2.447946 seconds
2025-10-11 18:48:40,253 - INFO - torch.cuda.max_memory_reserved() : 1.994140625
2025-10-11 18:48:40,254 - INFO - !!!采用策略后的几个epoch 平均时间:2.4117361903190613
2025-10-11 18:48:40,254 - INFO - 



