2025-10-11 19:03:54,964 - INFO - 📌 第一个 epoch：默认所有模块使用 checkpoint
2025-10-11 19:04:02,142 - INFO - Epoch 1 completed in 7.192309 seconds
2025-10-11 19:04:04,625 - INFO - torch.cuda.max_memory_reserved() : 11.17578125
2025-10-11 19:04:11,396 - INFO - 
[🔁 拟合反向传播时间模型]
2025-10-11 19:04:11,396 - INFO - 总反向传播时间: 6.729610s
2025-10-11 19:04:11,396 - INFO - 拟合模型: backward_total ≈ 2 × (A + B) + b
2025-10-11 19:04:11,396 - INFO - A = 5.310406, B = 0.461316, b = 0.957889s
2025-10-11 19:04:11,439 - INFO - Set parameter LicenseID to value 2706656
2025-10-11 19:04:11,463 - INFO - Set parameter LogToConsole to value 1
2025-10-11 19:04:11,463 - INFO - Set parameter LogFile to value ""
2025-10-11 19:04:11,463 - INFO - Set parameter Threads to value 12
2025-10-11 19:04:11,463 - INFO - Set parameter TimeLimit to value 3600
2025-10-11 19:04:11,463 - INFO - Set parameter Method to value 1
2025-10-11 19:04:11,529 - INFO - Set parameter TimeLimit to value 3000
2025-10-11 19:04:11,531 - INFO - Gurobi Optimizer version 12.0.3 build v12.0.3rc0 (linux64 - "Ubuntu 20.04.6 LTS")
2025-10-11 19:04:11,531 - INFO - 
2025-10-11 19:04:11,531 - INFO - CPU model: Intel(R) Xeon(R) Platinum 8260 CPU @ 2.40GHz, instruction set [SSE2|AVX|AVX2|AVX512]
2025-10-11 19:04:11,531 - INFO - Thread count: 48 physical cores, 96 logical processors, using up to 12 threads
2025-10-11 19:04:11,531 - INFO - 
2025-10-11 19:04:11,531 - INFO - Non-default parameters:
2025-10-11 19:04:11,531 - INFO - TimeLimit  3000
2025-10-11 19:04:11,531 - INFO - Method  1
2025-10-11 19:04:11,531 - INFO - Threads  12
2025-10-11 19:04:11,532 - INFO - 
2025-10-11 19:04:11,532 - INFO - Optimize a model with 3892 rows, 1699 columns and 20398 nonzeros
2025-10-11 19:04:11,532 - INFO - Model fingerprint: 0x89dacfe0
2025-10-11 19:04:11,532 - INFO - Variable types: 0 continuous, 1699 integer (1699 binary)
2025-10-11 19:04:11,532 - INFO - Coefficient statistics:
2025-10-11 19:04:11,532 - INFO -   Matrix range     [1e+00, 5e+15]
2025-10-11 19:04:11,532 - INFO -   Objective range  [1e+05, 1e+06]
2025-10-11 19:04:11,532 - INFO -   Bounds range     [1e+00, 1e+00]
2025-10-11 19:04:11,532 - INFO -   RHS range        [1e+00, 2e+16]
2025-10-11 19:04:11,533 - INFO - Warning: Model contains large matrix coefficient range
2025-10-11 19:04:11,533 - INFO - Warning: Model contains large rhs
2025-10-11 19:04:11,533 - INFO -          Consider reformulating model or setting NumericFocus parameter
2025-10-11 19:04:11,533 - INFO -          to avoid numerical issues.
2025-10-11 19:04:11,534 - INFO - Found heuristic solution: objective 3.461046e+07
2025-10-11 19:04:11,559 - INFO - Presolve removed 3672 rows and 1501 columns
2025-10-11 19:04:11,559 - INFO - Presolve time: 0.02s
2025-10-11 19:04:11,559 - INFO - Presolved: 220 rows, 198 columns, 1893 nonzeros
2025-10-11 19:04:11,560 - INFO - Variable types: 0 continuous, 198 integer (198 binary)
2025-10-11 19:04:11,560 - INFO - Found heuristic solution: objective 3.381943e+07
2025-10-11 19:04:11,561 - INFO - 
2025-10-11 19:04:11,561 - INFO - Root relaxation: objective 2.620147e+07, 88 iterations, 0.00 seconds (0.00 work units)
2025-10-11 19:04:11,564 - INFO - 
2025-10-11 19:04:11,564 - INFO -     Nodes    |    Current Node    |     Objective Bounds      |     Work
2025-10-11 19:04:11,564 - INFO -  Expl Unexpl |  Obj  Depth IntInf | Incumbent    BestBd   Gap | It/Node Time
2025-10-11 19:04:11,564 - INFO - 
2025-10-11 19:04:11,564 - INFO -      0     0 2.6201e+07    0    2 3.3819e+07 2.6201e+07  22.5%     -    0s
2025-10-11 19:04:11,565 - INFO - H    0     0                    2.757120e+07 2.6201e+07  4.97%     -    0s
2025-10-11 19:04:11,565 - INFO - H    0     0                    2.734513e+07 2.6201e+07  4.18%     -    0s
2025-10-11 19:04:11,573 - INFO -      0     0 2.6244e+07    0   16 2.7345e+07 2.6244e+07  4.03%     -    0s
2025-10-11 19:04:11,573 - INFO - H    0     0                    2.658921e+07 2.6244e+07  1.30%     -    0s
2025-10-11 19:04:11,574 - INFO - H    0     0                    2.658578e+07 2.6244e+07  1.28%     -    0s
2025-10-11 19:04:11,574 - INFO - H    0     0                    2.629772e+07 2.6244e+07  0.20%     -    0s
2025-10-11 19:04:11,576 - INFO - 
2025-10-11 19:04:11,576 - INFO - Cutting planes:
2025-10-11 19:04:11,576 - INFO -   Cover: 3
2025-10-11 19:04:11,576 - INFO -   RLT: 2
2025-10-11 19:04:11,576 - INFO - 
2025-10-11 19:04:11,577 - INFO - Explored 1 nodes (126 simplex iterations) in 0.04 seconds (0.02 work units)
2025-10-11 19:04:11,577 - INFO - Thread count was 12 (of 96 available processors)
2025-10-11 19:04:11,577 - INFO - 
2025-10-11 19:04:11,577 - INFO - Solution count 7: 2.62977e+07 2.65858e+07 2.65892e+07 ... 3.46105e+07
2025-10-11 19:04:11,577 - INFO - 
2025-10-11 19:04:11,577 - INFO - Optimal solution found (tolerance 1.00e-04)
2025-10-11 19:04:11,577 - INFO - Best objective 2.629771800000e+07, best bound 2.629771800000e+07, gap 0.0000%
2025-10-11 19:04:11,588 - INFO - 规划前的显存GB：14.0
2025-10-11 19:04:11,588 - INFO - 规划后的显存GB：11.679879188537598
2025-10-11 19:04:11,588 - INFO - ✅ 最优策略：[True, True, True, True, True, True, False, True, False, False, False, False, False, False, False, False]
2025-10-11 19:04:11,588 - INFO - 📌 checkpoint 的欧氏长度:, [189]
2025-10-11 19:04:11,588 - INFO - 📌 checkpoint 的余弦长度:, [27, 54, 81, 108, 135, 162, 189, 216]
2025-10-11 19:04:11,589 - INFO - 💾 最终显存峰值：%.2f MB % 22255.649505615234
2025-10-11 19:04:11,595 - INFO - Epoch 2 completed in 6.969632 seconds
2025-10-11 19:04:11,596 - INFO - torch.cuda.max_memory_reserved() : 11.17578125
2025-10-11 19:04:17,297 - INFO - Epoch 3 completed in 5.700356 seconds
2025-10-11 19:04:17,297 - INFO - 
====================== [第1个 Epoch 收集统计数据] ======================
2025-10-11 19:04:17,297 - INFO - 
🔍 EUCLIDEAN modules:
2025-10-11 19:04:17,297 - INFO - [Shapelet  27] forward_avg=0.007910s over 12 calls | peak=866.77MB | final=0.00MB
2025-10-11 19:04:17,297 - INFO - [Shapelet  54] forward_avg=0.009944s over 12 calls | peak=1508.45MB | final=0.00MB
2025-10-11 19:04:17,297 - INFO - [Shapelet  81] forward_avg=0.012708s over 12 calls | peak=1972.67MB | final=0.00MB
2025-10-11 19:04:17,297 - INFO - [Shapelet 108] forward_avg=0.014183s over 12 calls | peak=2253.60MB | final=0.00MB
2025-10-11 19:04:17,297 - INFO - [Shapelet 135] forward_avg=0.014954s over 12 calls | peak=2357.04MB | final=0.00MB
2025-10-11 19:04:17,297 - INFO - [Shapelet 162] forward_avg=0.012953s over 12 calls | peak=2280.04MB | final=0.00MB
2025-10-11 19:04:17,297 - INFO - [Shapelet 189] forward_avg=0.011923s over 12 calls | peak=2023.78MB | final=0.00MB
2025-10-11 19:04:17,297 - INFO - [Shapelet 216] forward_avg=0.010474s over 12 calls | peak=1588.90MB | final=0.00MB
2025-10-11 19:04:17,297 - INFO - 
🔍 COSINE modules:
2025-10-11 19:04:17,297 - INFO - [Shapelet  27] forward_avg=0.003510s over 12 calls | peak=550.84MB | final=0.00MB
2025-10-11 19:04:17,297 - INFO - [Shapelet  54] forward_avg=0.005338s over 12 calls | peak=970.87MB | final=0.00MB
2025-10-11 19:04:17,297 - INFO - [Shapelet  81] forward_avg=0.006789s over 12 calls | peak=1271.50MB | final=0.00MB
2025-10-11 19:04:17,297 - INFO - [Shapelet 108] forward_avg=0.008013s over 12 calls | peak=1451.84MB | final=0.00MB
2025-10-11 19:04:17,297 - INFO - [Shapelet 135] forward_avg=0.008473s over 12 calls | peak=1513.58MB | final=0.00MB
2025-10-11 19:04:17,297 - INFO - [Shapelet 162] forward_avg=0.007148s over 12 calls | peak=1454.06MB | final=0.00MB
2025-10-11 19:04:17,297 - INFO - [Shapelet 189] forward_avg=0.006808s over 12 calls | peak=1275.63MB | final=0.00MB
2025-10-11 19:04:17,297 - INFO - [Shapelet 216] forward_avg=0.006382s over 12 calls | peak=977.89MB | final=0.00MB
2025-10-11 19:04:17,297 - INFO - 
🔍 CROSS modules:
2025-10-11 19:04:17,297 - INFO - [Shapelet  27] forward_avg=0.001168s over 12 calls
2025-10-11 19:04:17,298 - INFO - [Shapelet  54] forward_avg=0.001797s over 12 calls
2025-10-11 19:04:17,298 - INFO - [Shapelet  81] forward_avg=0.002440s over 12 calls
2025-10-11 19:04:17,298 - INFO - [Shapelet 108] forward_avg=0.002881s over 12 calls
2025-10-11 19:04:17,298 - INFO - [Shapelet 135] forward_avg=0.002182s over 12 calls
2025-10-11 19:04:17,298 - INFO - [Shapelet 162] forward_avg=0.002549s over 12 calls
2025-10-11 19:04:17,298 - INFO - [Shapelet 189] forward_avg=0.002915s over 12 calls
2025-10-11 19:04:17,298 - INFO - [Shapelet 216] forward_avg=0.003290s over 12 calls
2025-10-11 19:04:17,298 - INFO - 
💾 模型第一次反向传播阶段的显存峰值（所有模块中的最大值）: 12431.00 MB
2025-10-11 19:04:17,298 - INFO - 
💾 模型初始显存: 237.80 MB
2025-10-11 19:04:17,298 - INFO - =======================================================================

2025-10-11 19:04:17,298 - INFO - torch.cuda.max_memory_reserved() : 15.205078125
2025-10-11 19:04:22,663 - INFO - Epoch 4 completed in 5.364794 seconds
2025-10-11 19:04:22,664 - INFO - torch.cuda.max_memory_reserved() : 15.205078125
2025-10-11 19:04:28,363 - INFO - Epoch 5 completed in 5.698256 seconds
2025-10-11 19:04:28,363 - INFO - torch.cuda.max_memory_reserved() : 15.205078125
2025-10-11 19:04:33,971 - INFO - Epoch 6 completed in 5.607234 seconds
2025-10-11 19:04:33,972 - INFO - torch.cuda.max_memory_reserved() : 15.205078125
2025-10-11 19:04:39,735 - INFO - Epoch 7 completed in 5.763045 seconds
2025-10-11 19:04:39,736 - INFO - torch.cuda.max_memory_reserved() : 15.205078125
2025-10-11 19:04:45,241 - INFO - Epoch 8 completed in 5.504829 seconds
2025-10-11 19:04:45,242 - INFO - torch.cuda.max_memory_reserved() : 15.205078125
2025-10-11 19:04:50,685 - INFO - Epoch 9 completed in 5.442817 seconds
2025-10-11 19:04:50,686 - INFO - torch.cuda.max_memory_reserved() : 15.205078125
2025-10-11 19:04:56,414 - INFO - Epoch 10 completed in 5.727765 seconds
2025-10-11 19:04:58,654 - INFO - torch.cuda.max_memory_reserved() : 15.205078125
2025-10-11 19:04:58,654 - INFO - !!!采用策略后的几个epoch 平均时间:5.601136893033981
2025-10-11 19:04:58,654 - INFO - 



