2025-10-11 19:02:39,345 - INFO - 📌 第一个 epoch：默认所有模块使用 checkpoint
2025-10-11 19:02:46,679 - INFO - Epoch 1 completed in 7.341075 seconds
2025-10-11 19:02:48,946 - INFO - torch.cuda.max_memory_reserved() : 11.17578125
2025-10-11 19:02:55,763 - INFO - 
[🔁 拟合反向传播时间模型]
2025-10-11 19:02:55,763 - INFO - 总反向传播时间: 6.778047s
2025-10-11 19:02:55,763 - INFO - 拟合模型: backward_total ≈ 2 × (A + B) + b
2025-10-11 19:02:55,763 - INFO - A = 5.293633, B = 0.463516, b = 1.020898s
2025-10-11 19:02:55,804 - INFO - Set parameter LicenseID to value 2706656
2025-10-11 19:02:55,809 - INFO - Set parameter LogToConsole to value 1
2025-10-11 19:02:55,809 - INFO - Set parameter LogFile to value ""
2025-10-11 19:02:55,809 - INFO - Set parameter Threads to value 12
2025-10-11 19:02:55,809 - INFO - Set parameter TimeLimit to value 3600
2025-10-11 19:02:55,809 - INFO - Set parameter Method to value 1
2025-10-11 19:02:55,861 - INFO - Set parameter TimeLimit to value 3000
2025-10-11 19:02:55,862 - INFO - Gurobi Optimizer version 12.0.3 build v12.0.3rc0 (linux64 - "Ubuntu 20.04.6 LTS")
2025-10-11 19:02:55,862 - INFO - 
2025-10-11 19:02:55,862 - INFO - CPU model: Intel(R) Xeon(R) Platinum 8260 CPU @ 2.40GHz, instruction set [SSE2|AVX|AVX2|AVX512]
2025-10-11 19:02:55,862 - INFO - Thread count: 48 physical cores, 96 logical processors, using up to 12 threads
2025-10-11 19:02:55,862 - INFO - 
2025-10-11 19:02:55,862 - INFO - Non-default parameters:
2025-10-11 19:02:55,862 - INFO - TimeLimit  3000
2025-10-11 19:02:55,862 - INFO - Method  1
2025-10-11 19:02:55,862 - INFO - Threads  12
2025-10-11 19:02:55,862 - INFO - 
2025-10-11 19:02:55,863 - INFO - Optimize a model with 3892 rows, 1699 columns and 20398 nonzeros
2025-10-11 19:02:55,863 - INFO - Model fingerprint: 0xaef1db81
2025-10-11 19:02:55,863 - INFO - Variable types: 0 continuous, 1699 integer (1699 binary)
2025-10-11 19:02:55,863 - INFO - Coefficient statistics:
2025-10-11 19:02:55,863 - INFO -   Matrix range     [1e+00, 5e+15]
2025-10-11 19:02:55,863 - INFO -   Objective range  [1e+05, 1e+06]
2025-10-11 19:02:55,863 - INFO -   Bounds range     [1e+00, 1e+00]
2025-10-11 19:02:55,863 - INFO -   RHS range        [1e+00, 1e+16]
2025-10-11 19:02:55,863 - INFO - Warning: Model contains large matrix coefficient range
2025-10-11 19:02:55,863 - INFO - Warning: Model contains large rhs
2025-10-11 19:02:55,863 - INFO -          Consider reformulating model or setting NumericFocus parameter
2025-10-11 19:02:55,863 - INFO -          to avoid numerical issues.
2025-10-11 19:02:55,864 - INFO - Found heuristic solution: objective 3.451591e+07
2025-10-11 19:02:55,882 - INFO - Presolve removed 3674 rows and 1490 columns
2025-10-11 19:02:55,882 - INFO - Presolve time: 0.02s
2025-10-11 19:02:55,883 - INFO - Presolved: 218 rows, 209 columns, 1821 nonzeros
2025-10-11 19:02:55,883 - INFO - Variable types: 0 continuous, 209 integer (209 binary)
2025-10-11 19:02:55,883 - INFO - Found heuristic solution: objective 3.275118e+07
2025-10-11 19:02:55,884 - INFO - 
2025-10-11 19:02:55,884 - INFO - Root relaxation: objective 2.721723e+07, 92 iterations, 0.00 seconds (0.00 work units)
2025-10-11 19:02:55,886 - INFO - 
2025-10-11 19:02:55,886 - INFO -     Nodes    |    Current Node    |     Objective Bounds      |     Work
2025-10-11 19:02:55,886 - INFO -  Expl Unexpl |  Obj  Depth IntInf | Incumbent    BestBd   Gap | It/Node Time
2025-10-11 19:02:55,886 - INFO - 
2025-10-11 19:02:55,886 - INFO -      0     0 2.7217e+07    0    8 3.2751e+07 2.7217e+07  16.9%     -    0s
2025-10-11 19:02:55,886 - INFO - H    0     0                    2.728977e+07 2.7217e+07  0.27%     -    0s
2025-10-11 19:02:55,897 - INFO - 
2025-10-11 19:02:55,897 - INFO - Cutting planes:
2025-10-11 19:02:55,897 - INFO -   Cover: 1
2025-10-11 19:02:55,897 - INFO -   RLT: 2
2025-10-11 19:02:55,897 - INFO -   Relax-and-lift: 1
2025-10-11 19:02:55,897 - INFO - 
2025-10-11 19:02:55,897 - INFO - Explored 1 nodes (110 simplex iterations) in 0.03 seconds (0.03 work units)
2025-10-11 19:02:55,897 - INFO - Thread count was 12 (of 96 available processors)
2025-10-11 19:02:55,897 - INFO - 
2025-10-11 19:02:55,897 - INFO - Solution count 3: 2.72898e+07 3.27512e+07 3.45159e+07 
2025-10-11 19:02:55,897 - INFO - 
2025-10-11 19:02:55,897 - INFO - Optimal solution found (tolerance 1.00e-04)
2025-10-11 19:02:55,897 - INFO - Best objective 2.728977300000e+07, best bound 2.728977300000e+07, gap 0.0000%
2025-10-11 19:02:55,903 - INFO - 规划前的显存GB：12.0
2025-10-11 19:02:55,903 - INFO - 规划后的显存GB：9.703529834747314
2025-10-11 19:02:55,903 - INFO - ✅ 最优策略：[True, True, True, True, True, True, False, False, False, False, False, False, False, False, False, False]
2025-10-11 19:02:55,903 - INFO - 📌 checkpoint 的欧氏长度:, [189, 216]
2025-10-11 19:02:55,903 - INFO - 📌 checkpoint 的余弦长度:, [27, 54, 81, 108, 135, 162, 189, 216]
2025-10-11 19:02:55,903 - INFO - 💾 最终显存峰值：%.2f MB % 22255.649505615234
2025-10-11 19:02:55,908 - INFO - Epoch 2 completed in 6.961783 seconds
2025-10-11 19:02:55,909 - INFO - torch.cuda.max_memory_reserved() : 11.17578125
2025-10-11 19:03:01,801 - INFO - Epoch 3 completed in 5.892003 seconds
2025-10-11 19:03:01,801 - INFO - 
====================== [第1个 Epoch 收集统计数据] ======================
2025-10-11 19:03:01,801 - INFO - 
🔍 EUCLIDEAN modules:
2025-10-11 19:03:01,801 - INFO - [Shapelet  27] forward_avg=0.007900s over 12 calls | peak=866.77MB | final=0.00MB
2025-10-11 19:03:01,801 - INFO - [Shapelet  54] forward_avg=0.009747s over 12 calls | peak=1508.45MB | final=0.00MB
2025-10-11 19:03:01,802 - INFO - [Shapelet  81] forward_avg=0.012609s over 12 calls | peak=1972.67MB | final=0.00MB
2025-10-11 19:03:01,802 - INFO - [Shapelet 108] forward_avg=0.014196s over 12 calls | peak=2253.60MB | final=0.00MB
2025-10-11 19:03:01,802 - INFO - [Shapelet 135] forward_avg=0.014855s over 12 calls | peak=2357.04MB | final=0.00MB
2025-10-11 19:03:01,802 - INFO - [Shapelet 162] forward_avg=0.012954s over 12 calls | peak=2280.04MB | final=0.00MB
2025-10-11 19:03:01,802 - INFO - [Shapelet 189] forward_avg=0.011826s over 12 calls | peak=2023.78MB | final=0.00MB
2025-10-11 19:03:01,802 - INFO - [Shapelet 216] forward_avg=0.010552s over 12 calls | peak=1588.90MB | final=0.00MB
2025-10-11 19:03:01,802 - INFO - 
🔍 COSINE modules:
2025-10-11 19:03:01,802 - INFO - [Shapelet  27] forward_avg=0.003509s over 12 calls | peak=550.84MB | final=0.00MB
2025-10-11 19:03:01,802 - INFO - [Shapelet  54] forward_avg=0.005338s over 12 calls | peak=970.87MB | final=0.00MB
2025-10-11 19:03:01,802 - INFO - [Shapelet  81] forward_avg=0.006781s over 12 calls | peak=1271.50MB | final=0.00MB
2025-10-11 19:03:01,802 - INFO - [Shapelet 108] forward_avg=0.008008s over 12 calls | peak=1451.84MB | final=0.00MB
2025-10-11 19:03:01,802 - INFO - [Shapelet 135] forward_avg=0.008445s over 12 calls | peak=1513.58MB | final=0.00MB
2025-10-11 19:03:01,802 - INFO - [Shapelet 162] forward_avg=0.007137s over 12 calls | peak=1454.06MB | final=0.00MB
2025-10-11 19:03:01,802 - INFO - [Shapelet 189] forward_avg=0.006808s over 12 calls | peak=1275.63MB | final=0.00MB
2025-10-11 19:03:01,802 - INFO - [Shapelet 216] forward_avg=0.006380s over 12 calls | peak=977.89MB | final=0.00MB
2025-10-11 19:03:01,802 - INFO - 
🔍 CROSS modules:
2025-10-11 19:03:01,802 - INFO - [Shapelet  27] forward_avg=0.001172s over 12 calls
2025-10-11 19:03:01,802 - INFO - [Shapelet  54] forward_avg=0.001798s over 12 calls
2025-10-11 19:03:01,802 - INFO - [Shapelet  81] forward_avg=0.002453s over 12 calls
2025-10-11 19:03:01,802 - INFO - [Shapelet 108] forward_avg=0.002893s over 12 calls
2025-10-11 19:03:01,802 - INFO - [Shapelet 135] forward_avg=0.002194s over 12 calls
2025-10-11 19:03:01,802 - INFO - [Shapelet 162] forward_avg=0.002565s over 12 calls
2025-10-11 19:03:01,802 - INFO - [Shapelet 189] forward_avg=0.002935s over 12 calls
2025-10-11 19:03:01,802 - INFO - [Shapelet 216] forward_avg=0.003302s over 12 calls
2025-10-11 19:03:01,802 - INFO - 
💾 模型第一次反向传播阶段的显存峰值（所有模块中的最大值）: 11799.48 MB
2025-10-11 19:03:01,802 - INFO - 
💾 模型初始显存: 237.80 MB
2025-10-11 19:03:01,802 - INFO - =======================================================================

2025-10-11 19:03:01,802 - INFO - torch.cuda.max_memory_reserved() : 13.728515625
2025-10-11 19:03:07,426 - INFO - Epoch 4 completed in 5.622872 seconds
2025-10-11 19:03:07,426 - INFO - torch.cuda.max_memory_reserved() : 13.728515625
2025-10-11 19:03:13,266 - INFO - Epoch 5 completed in 5.838854 seconds
2025-10-11 19:03:13,266 - INFO - torch.cuda.max_memory_reserved() : 14.46484375
2025-10-11 19:03:18,985 - INFO - Epoch 6 completed in 5.718610 seconds
2025-10-11 19:03:18,986 - INFO - torch.cuda.max_memory_reserved() : 14.46484375
2025-10-11 19:03:25,114 - INFO - Epoch 7 completed in 6.127936 seconds
2025-10-11 19:03:25,115 - INFO - torch.cuda.max_memory_reserved() : 14.46484375
2025-10-11 19:03:30,961 - INFO - Epoch 8 completed in 5.845505 seconds
2025-10-11 19:03:30,961 - INFO - torch.cuda.max_memory_reserved() : 14.46484375
2025-10-11 19:03:36,755 - INFO - Epoch 9 completed in 5.792963 seconds
2025-10-11 19:03:36,755 - INFO - torch.cuda.max_memory_reserved() : 14.46484375
2025-10-11 19:03:42,792 - INFO - Epoch 10 completed in 6.036062 seconds
2025-10-11 19:03:45,049 - INFO - torch.cuda.max_memory_reserved() : 14.46484375
2025-10-11 19:03:45,049 - INFO - !!!采用策略后的几个epoch 平均时间:5.85935041308403
2025-10-11 19:03:45,049 - INFO - 



