2025-10-11 19:10:23,732 - INFO - 📌 第一个 epoch：默认所有模块使用 checkpoint
2025-10-11 19:12:44,938 - INFO - Epoch 1 completed in 141.225340 seconds
2025-10-11 19:13:18,049 - INFO - torch.cuda.max_memory_reserved() : 15.2421875
2025-10-11 19:15:39,402 - INFO - 
[🔁 拟合反向传播时间模型]
2025-10-11 19:15:39,402 - INFO - 总反向传播时间: 141.083974s
2025-10-11 19:15:39,402 - INFO - 拟合模型: backward_total ≈ 2 × (A + B) + b
2025-10-11 19:15:39,402 - INFO - A = 123.616457, B = 11.927222, b = 5.540295s
2025-10-11 19:15:39,446 - INFO - Set parameter LicenseID to value 2706656
2025-10-11 19:15:39,453 - INFO - Set parameter LogToConsole to value 1
2025-10-11 19:15:39,453 - INFO - Set parameter LogFile to value ""
2025-10-11 19:15:39,453 - INFO - Set parameter Threads to value 12
2025-10-11 19:15:39,453 - INFO - Set parameter TimeLimit to value 3600
2025-10-11 19:15:39,453 - INFO - Set parameter Method to value 1
2025-10-11 19:15:39,507 - INFO - Set parameter TimeLimit to value 3000
2025-10-11 19:15:39,508 - INFO - Gurobi Optimizer version 12.0.3 build v12.0.3rc0 (linux64 - "Ubuntu 20.04.6 LTS")
2025-10-11 19:15:39,508 - INFO - 
2025-10-11 19:15:39,508 - INFO - CPU model: Intel(R) Xeon(R) Platinum 8260 CPU @ 2.40GHz, instruction set [SSE2|AVX|AVX2|AVX512]
2025-10-11 19:15:39,508 - INFO - Thread count: 48 physical cores, 96 logical processors, using up to 12 threads
2025-10-11 19:15:39,508 - INFO - 
2025-10-11 19:15:39,508 - INFO - Non-default parameters:
2025-10-11 19:15:39,508 - INFO - TimeLimit  3000
2025-10-11 19:15:39,508 - INFO - Method  1
2025-10-11 19:15:39,508 - INFO - Threads  12
2025-10-11 19:15:39,509 - INFO - 
2025-10-11 19:15:39,509 - INFO - Optimize a model with 3892 rows, 1699 columns and 20398 nonzeros
2025-10-11 19:15:39,509 - INFO - Model fingerprint: 0x521fd74d
2025-10-11 19:15:39,509 - INFO - Variable types: 0 continuous, 1699 integer (1699 binary)
2025-10-11 19:15:39,509 - INFO - Coefficient statistics:
2025-10-11 19:15:39,509 - INFO -   Matrix range     [1e+00, 7e+15]
2025-10-11 19:15:39,509 - INFO -   Objective range  [6e+04, 2e+06]
2025-10-11 19:15:39,509 - INFO -   Bounds range     [1e+00, 1e+00]
2025-10-11 19:15:39,509 - INFO -   RHS range        [1e+00, 1e+16]
2025-10-11 19:15:39,509 - INFO - Warning: Model contains large matrix coefficient range
2025-10-11 19:15:39,509 - INFO - Warning: Model contains large rhs
2025-10-11 19:15:39,509 - INFO -          Consider reformulating model or setting NumericFocus parameter
2025-10-11 19:15:39,509 - INFO -          to avoid numerical issues.
2025-10-11 19:15:39,512 - INFO - Presolve removed 5 rows and 0 columns
2025-10-11 19:15:39,512 - INFO - Presolve time: 0.00s
2025-10-11 19:15:39,512 - INFO - 
2025-10-11 19:15:39,512 - INFO - Explored 0 nodes (0 simplex iterations) in 0.00 seconds (0.00 work units)
2025-10-11 19:15:39,512 - INFO - Thread count was 1 (of 96 available processors)
2025-10-11 19:15:39,512 - INFO - 
2025-10-11 19:15:39,512 - INFO - Solution count 0
2025-10-11 19:15:39,512 - INFO - 
2025-10-11 19:15:39,512 - INFO - Model is infeasible
2025-10-11 19:15:39,512 - INFO - Best objective -, best bound -, gap -
2025-10-11 19:15:39,512 - INFO - Gurobi Optimizer version 12.0.3 build v12.0.3rc0 (linux64 - "Ubuntu 20.04.6 LTS")
2025-10-11 19:15:39,512 - INFO - 
2025-10-11 19:15:39,512 - INFO - CPU model: Intel(R) Xeon(R) Platinum 8260 CPU @ 2.40GHz, instruction set [SSE2|AVX|AVX2|AVX512]
2025-10-11 19:15:39,512 - INFO - Thread count: 48 physical cores, 96 logical processors, using up to 12 threads
2025-10-11 19:15:39,512 - INFO - 
2025-10-11 19:15:39,512 - INFO - Non-default parameters:
2025-10-11 19:15:39,512 - INFO - TimeLimit  3000
2025-10-11 19:15:39,513 - INFO - Method  1
2025-10-11 19:15:39,513 - INFO - Threads  12
2025-10-11 19:15:39,513 - INFO - 
2025-10-11 19:15:39,513 - INFO - 
2025-10-11 19:15:39,513 - INFO - Computing Irreducible Inconsistent Subsystem (IIS)...
2025-10-11 19:15:39,513 - INFO - 
2025-10-11 19:15:39,513 - INFO -            Constraints          |            Bounds           |  Runtime
2025-10-11 19:15:39,513 - INFO -       Min       Max     Guess   |   Min       Max     Guess   |
2025-10-11 19:15:39,513 - INFO - --------------------------------------------------------------------------
2025-10-11 19:15:39,513 - INFO -         0      3315         -         0         0         0           0s
2025-10-11 19:15:39,522 - INFO - Numerical troubles encountered during IIS computation
2025-10-11 19:15:39,522 - INFO -         4         4         4         0         0         0           0s
2025-10-11 19:15:39,522 - INFO - 
2025-10-11 19:15:39,522 - INFO - IIS computed: 4 constraints, 0 bounds
2025-10-11 19:15:39,522 - INFO - IIS runtime: 0.01 seconds (0.00 work units)
2025-10-11 19:15:39,523 - ERROR - Infeasible model, check constraints carefully. Insufficient memory?
Traceback (most recent call last):
  File "/data/user_lixiongfei/csl_hyc/solver/monet_solver.py", line 446, in solve_ilp_gurobi
    solution = ilpsolver.solve()
  File "/data/user_lixiongfei/csl_hyc/solver/monet_solver.py", line 387, in solve
    raise ValueError("Infeasible model, check constraints carefully. Insufficient memory?")
ValueError: Infeasible model, check constraints carefully. Insufficient memory?
