2025-10-11 20:23:14,075 - INFO - 📌 第一个 epoch：默认所有模块使用 checkpoint
2025-10-11 20:25:38,919 - INFO - Epoch 1 completed in 144.862656 seconds
2025-10-11 20:26:11,921 - INFO - torch.cuda.max_memory_reserved() : 15.2421875
2025-10-11 20:28:34,774 - INFO - 
[🔁 拟合反向传播时间模型]
2025-10-11 20:28:34,774 - INFO - 总反向传播时间: 142.526115s
2025-10-11 20:28:34,774 - INFO - 拟合模型: backward_total ≈ 2 × (A + B) + b
2025-10-11 20:28:34,774 - INFO - A = 124.709063, B = 12.172377, b = 5.644675s
2025-10-11 20:28:34,822 - INFO - Set parameter LicenseID to value 2706656
2025-10-11 20:28:34,829 - INFO - Set parameter LogToConsole to value 1
2025-10-11 20:28:34,829 - INFO - Set parameter LogFile to value ""
2025-10-11 20:28:34,829 - INFO - Set parameter Threads to value 12
2025-10-11 20:28:34,829 - INFO - Set parameter TimeLimit to value 3600
2025-10-11 20:28:34,829 - INFO - Set parameter Method to value 1
2025-10-11 20:28:34,881 - INFO - Set parameter TimeLimit to value 3000
2025-10-11 20:28:34,882 - INFO - Gurobi Optimizer version 12.0.3 build v12.0.3rc0 (linux64 - "Ubuntu 20.04.6 LTS")
2025-10-11 20:28:34,882 - INFO - 
2025-10-11 20:28:34,882 - INFO - CPU model: Intel(R) Xeon(R) Platinum 8260 CPU @ 2.40GHz, instruction set [SSE2|AVX|AVX2|AVX512]
2025-10-11 20:28:34,882 - INFO - Thread count: 48 physical cores, 96 logical processors, using up to 12 threads
2025-10-11 20:28:34,882 - INFO - 
2025-10-11 20:28:34,882 - INFO - Non-default parameters:
2025-10-11 20:28:34,882 - INFO - TimeLimit  3000
2025-10-11 20:28:34,882 - INFO - Method  1
2025-10-11 20:28:34,882 - INFO - Threads  12
2025-10-11 20:28:34,882 - INFO - 
2025-10-11 20:28:34,882 - INFO - Optimize a model with 3892 rows, 1699 columns and 20398 nonzeros
2025-10-11 20:28:34,883 - INFO - Model fingerprint: 0xf2a5c59f
2025-10-11 20:28:34,883 - INFO - Variable types: 0 continuous, 1699 integer (1699 binary)
2025-10-11 20:28:34,883 - INFO - Coefficient statistics:
2025-10-11 20:28:34,883 - INFO -   Matrix range     [1e+00, 7e+15]
2025-10-11 20:28:34,883 - INFO -   Objective range  [7e+04, 2e+06]
2025-10-11 20:28:34,883 - INFO -   Bounds range     [1e+00, 1e+00]
2025-10-11 20:28:34,883 - INFO -   RHS range        [1e+00, 2e+16]
2025-10-11 20:28:34,883 - INFO - Warning: Model contains large matrix coefficient range
2025-10-11 20:28:34,883 - INFO - Warning: Model contains large rhs
2025-10-11 20:28:34,883 - INFO -          Consider reformulating model or setting NumericFocus parameter
2025-10-11 20:28:34,883 - INFO -          to avoid numerical issues.
2025-10-11 20:28:34,884 - INFO - Found heuristic solution: objective 3.445045e+07
2025-10-11 20:28:34,904 - INFO - Presolve removed 3666 rows and 1504 columns
2025-10-11 20:28:34,904 - INFO - Presolve time: 0.02s
2025-10-11 20:28:34,904 - INFO - Presolved: 226 rows, 195 columns, 1962 nonzeros
2025-10-11 20:28:34,904 - INFO - Variable types: 0 continuous, 195 integer (195 binary)
2025-10-11 20:28:34,905 - INFO - Found heuristic solution: objective 3.330868e+07
2025-10-11 20:28:34,906 - INFO - 
2025-10-11 20:28:34,906 - INFO - Root relaxation: objective 2.657967e+07, 113 iterations, 0.00 seconds (0.00 work units)
2025-10-11 20:28:34,908 - INFO - 
2025-10-11 20:28:34,908 - INFO -     Nodes    |    Current Node    |     Objective Bounds      |     Work
2025-10-11 20:28:34,908 - INFO -  Expl Unexpl |  Obj  Depth IntInf | Incumbent    BestBd   Gap | It/Node Time
2025-10-11 20:28:34,908 - INFO - 
2025-10-11 20:28:34,908 - INFO -      0     0 2.6580e+07    0    2 3.3309e+07 2.6580e+07  20.2%     -    0s
2025-10-11 20:28:34,908 - INFO - H    0     0                    2.734899e+07 2.6580e+07  2.81%     -    0s
2025-10-11 20:28:34,910 - INFO - H    0     0                    2.664442e+07 2.6580e+07  0.24%     -    0s
2025-10-11 20:28:34,916 - INFO - 
2025-10-11 20:28:34,916 - INFO - Cutting planes:
2025-10-11 20:28:34,916 - INFO -   Gomory: 1
2025-10-11 20:28:34,916 - INFO - 
2025-10-11 20:28:34,916 - INFO - Explored 1 nodes (141 simplex iterations) in 0.03 seconds (0.03 work units)
2025-10-11 20:28:34,916 - INFO - Thread count was 12 (of 96 available processors)
2025-10-11 20:28:34,916 - INFO - 
2025-10-11 20:28:34,916 - INFO - Solution count 4: 2.66444e+07 2.7349e+07 3.33087e+07 3.44504e+07 
2025-10-11 20:28:34,916 - INFO - 
2025-10-11 20:28:34,916 - INFO - Optimal solution found (tolerance 1.00e-04)
2025-10-11 20:28:34,916 - INFO - Best objective 2.664442100000e+07, best bound 2.664442100000e+07, gap 0.0000%
2025-10-11 20:28:34,922 - INFO - 规划前的显存GB：18.0
2025-10-11 20:28:34,922 - INFO - 规划后的显存GB：15.39343786239624
2025-10-11 20:28:34,922 - INFO - ✅ 最优策略：[True, True, True, True, True, True, False, True, False, True, False, False, False, False, False, False]
2025-10-11 20:28:34,922 - INFO - 📌 checkpoint 的欧氏长度:, [2075]
2025-10-11 20:28:34,923 - INFO - 📌 checkpoint 的余弦长度:, [128, 777, 1101, 1426, 1750, 2075, 2400]
2025-10-11 20:28:34,923 - INFO - 💾 最终显存峰值：%.2f MB % 27442.5994720459
2025-10-11 20:28:34,936 - INFO - Epoch 2 completed in 143.014033 seconds
2025-10-11 20:28:34,936 - INFO - torch.cuda.max_memory_reserved() : 15.2421875
2025-10-11 20:30:32,252 - INFO - Epoch 3 completed in 117.314827 seconds
2025-10-11 20:30:32,252 - INFO - 
====================== [第1个 Epoch 收集统计数据] ======================
2025-10-11 20:30:32,252 - INFO - 
🔍 EUCLIDEAN modules:
2025-10-11 20:30:32,252 - INFO - [Shapelet 128] forward_avg=0.003271s over 278 calls | peak=545.46MB | final=0.00MB
2025-10-11 20:30:32,252 - INFO - [Shapelet 452] forward_avg=0.008147s over 278 calls | peak=1696.97MB | final=0.00MB
2025-10-11 20:30:32,252 - INFO - [Shapelet 777] forward_avg=0.012011s over 278 calls | peak=2541.23MB | final=0.00MB
2025-10-11 20:30:32,252 - INFO - [Shapelet 1101] forward_avg=0.014356s over 278 calls | peak=3076.86MB | final=0.00MB
2025-10-11 20:30:32,252 - INFO - [Shapelet 1426] forward_avg=0.015493s over 278 calls | peak=3302.11MB | final=0.00MB
2025-10-11 20:30:32,252 - INFO - [Shapelet 1750] forward_avg=0.014973s over 278 calls | peak=3220.47MB | final=0.00MB
2025-10-11 20:30:32,252 - INFO - [Shapelet 2075] forward_avg=0.013230s over 278 calls | peak=2830.50MB | final=0.00MB
2025-10-11 20:30:32,252 - INFO - [Shapelet 2400] forward_avg=0.009809s over 278 calls | peak=2129.31MB | final=0.00MB
2025-10-11 20:30:32,252 - INFO - 
🔍 COSINE modules:
2025-10-11 20:30:32,252 - INFO - [Shapelet 128] forward_avg=0.002377s over 278 calls | peak=360.86MB | final=0.00MB
2025-10-11 20:30:32,252 - INFO - [Shapelet 452] forward_avg=0.005145s over 278 calls | peak=1127.04MB | final=0.00MB
2025-10-11 20:30:32,252 - INFO - [Shapelet 777] forward_avg=0.007586s over 278 calls | peak=1688.97MB | final=0.00MB
2025-10-11 20:30:32,252 - INFO - [Shapelet 1101] forward_avg=0.009010s over 278 calls | peak=2044.93MB | final=0.00MB
2025-10-11 20:30:32,252 - INFO - [Shapelet 1426] forward_avg=0.009772s over 278 calls | peak=2194.08MB | final=0.00MB
2025-10-11 20:30:32,252 - INFO - [Shapelet 1750] forward_avg=0.009441s over 278 calls | peak=2138.55MB | final=0.00MB
2025-10-11 20:30:32,252 - INFO - [Shapelet 2075] forward_avg=0.008540s over 278 calls | peak=1876.87MB | final=0.00MB
2025-10-11 20:30:32,252 - INFO - [Shapelet 2400] forward_avg=0.006369s over 278 calls | peak=1408.89MB | final=0.00MB
2025-10-11 20:30:32,252 - INFO - 
🔍 CROSS modules:
2025-10-11 20:30:32,252 - INFO - [Shapelet 128] forward_avg=0.000668s over 278 calls
2025-10-11 20:30:32,252 - INFO - [Shapelet 452] forward_avg=0.001101s over 278 calls
2025-10-11 20:30:32,253 - INFO - [Shapelet 777] forward_avg=0.001671s over 278 calls
2025-10-11 20:30:32,253 - INFO - [Shapelet 1101] forward_avg=0.002348s over 278 calls
2025-10-11 20:30:32,253 - INFO - [Shapelet 1426] forward_avg=0.003062s over 278 calls
2025-10-11 20:30:32,253 - INFO - [Shapelet 1750] forward_avg=0.003713s over 278 calls
2025-10-11 20:30:32,253 - INFO - [Shapelet 2075] forward_avg=0.004374s over 278 calls
2025-10-11 20:30:32,253 - INFO - [Shapelet 2400] forward_avg=0.004957s over 278 calls
2025-10-11 20:30:32,253 - INFO - 
💾 模型第一次反向传播阶段的显存峰值（所有模块中的最大值）: 14147.29 MB
2025-10-11 20:30:32,253 - INFO - 
💾 模型初始显存: 104.49 MB
2025-10-11 20:30:32,253 - INFO - =======================================================================

2025-10-11 20:30:32,253 - INFO - torch.cuda.max_memory_reserved() : 21.35546875
2025-10-11 20:32:29,389 - INFO - Epoch 4 completed in 117.135593 seconds
2025-10-11 20:32:29,390 - INFO - torch.cuda.max_memory_reserved() : 21.35546875
2025-10-11 20:34:26,310 - INFO - Epoch 5 completed in 116.918395 seconds
2025-10-11 20:34:26,310 - INFO - torch.cuda.max_memory_reserved() : 21.35546875
2025-10-11 20:36:25,527 - INFO - Epoch 6 completed in 119.216238 seconds
2025-10-11 20:36:25,527 - INFO - torch.cuda.max_memory_reserved() : 21.357421875
2025-10-11 20:38:23,551 - INFO - Epoch 7 completed in 118.022905 seconds
2025-10-11 20:38:23,551 - INFO - torch.cuda.max_memory_reserved() : 21.357421875
2025-10-11 20:40:23,426 - INFO - Epoch 8 completed in 119.874334 seconds
2025-10-11 20:40:23,427 - INFO - torch.cuda.max_memory_reserved() : 21.357421875
2025-10-11 20:42:21,424 - INFO - Epoch 9 completed in 117.996948 seconds
2025-10-11 20:42:21,424 - INFO - torch.cuda.max_memory_reserved() : 21.357421875
2025-10-11 20:44:17,231 - INFO - Epoch 10 completed in 115.806360 seconds
2025-10-11 20:44:50,440 - INFO - torch.cuda.max_memory_reserved() : 21.357421875
2025-10-11 20:44:50,441 - INFO - !!!采用策略后的几个epoch 平均时间:117.78570002317429
2025-10-11 20:44:50,441 - INFO - 



