2025-10-11 20:45:08,560 - INFO - 📌 第一个 epoch：默认所有模块使用 checkpoint
2025-10-11 20:47:30,959 - INFO - Epoch 1 completed in 142.415088 seconds
2025-10-11 20:48:03,990 - INFO - torch.cuda.max_memory_reserved() : 15.2421875
2025-10-11 20:50:27,892 - INFO - 
[🔁 拟合反向传播时间模型]
2025-10-11 20:50:27,893 - INFO - 总反向传播时间: 143.396828s
2025-10-11 20:50:27,893 - INFO - 拟合模型: backward_total ≈ 2 × (A + B) + b
2025-10-11 20:50:27,893 - INFO - A = 124.226194, B = 12.063837, b = 7.106797s
2025-10-11 20:50:27,938 - INFO - Set parameter LicenseID to value 2706656
2025-10-11 20:50:27,945 - INFO - Set parameter LogToConsole to value 1
2025-10-11 20:50:27,945 - INFO - Set parameter LogFile to value ""
2025-10-11 20:50:27,945 - INFO - Set parameter Threads to value 12
2025-10-11 20:50:27,945 - INFO - Set parameter TimeLimit to value 3600
2025-10-11 20:50:27,945 - INFO - Set parameter Method to value 1
2025-10-11 20:50:28,005 - INFO - Set parameter TimeLimit to value 3000
2025-10-11 20:50:28,006 - INFO - Gurobi Optimizer version 12.0.3 build v12.0.3rc0 (linux64 - "Ubuntu 20.04.6 LTS")
2025-10-11 20:50:28,006 - INFO - 
2025-10-11 20:50:28,006 - INFO - CPU model: Intel(R) Xeon(R) Platinum 8260 CPU @ 2.40GHz, instruction set [SSE2|AVX|AVX2|AVX512]
2025-10-11 20:50:28,006 - INFO - Thread count: 48 physical cores, 96 logical processors, using up to 12 threads
2025-10-11 20:50:28,006 - INFO - 
2025-10-11 20:50:28,006 - INFO - Non-default parameters:
2025-10-11 20:50:28,006 - INFO - TimeLimit  3000
2025-10-11 20:50:28,006 - INFO - Method  1
2025-10-11 20:50:28,006 - INFO - Threads  12
2025-10-11 20:50:28,006 - INFO - 
2025-10-11 20:50:28,006 - INFO - Optimize a model with 3892 rows, 1699 columns and 20398 nonzeros
2025-10-11 20:50:28,006 - INFO - Model fingerprint: 0x815ffb6e
2025-10-11 20:50:28,007 - INFO - Variable types: 0 continuous, 1699 integer (1699 binary)
2025-10-11 20:50:28,007 - INFO - Coefficient statistics:
2025-10-11 20:50:28,007 - INFO -   Matrix range     [1e+00, 7e+15]
2025-10-11 20:50:28,007 - INFO -   Objective range  [7e+04, 2e+06]
2025-10-11 20:50:28,007 - INFO -   Bounds range     [1e+00, 1e+00]
2025-10-11 20:50:28,007 - INFO -   RHS range        [1e+00, 2e+16]
2025-10-11 20:50:28,007 - INFO - Warning: Model contains large matrix coefficient range
2025-10-11 20:50:28,007 - INFO - Warning: Model contains large rhs
2025-10-11 20:50:28,007 - INFO -          Consider reformulating model or setting NumericFocus parameter
2025-10-11 20:50:28,007 - INFO -          to avoid numerical issues.
2025-10-11 20:50:28,008 - INFO - Found heuristic solution: objective 3.431906e+07
2025-10-11 20:50:28,026 - INFO - Presolve removed 3676 rows and 1506 columns
2025-10-11 20:50:28,026 - INFO - Presolve time: 0.02s
2025-10-11 20:50:28,026 - INFO - Presolved: 216 rows, 193 columns, 1887 nonzeros
2025-10-11 20:50:28,027 - INFO - Variable types: 0 continuous, 193 integer (193 binary)
2025-10-11 20:50:28,027 - INFO - Found heuristic solution: objective 3.318507e+07
2025-10-11 20:50:28,028 - INFO - 
2025-10-11 20:50:28,028 - INFO - Root relaxation: objective 2.568787e+07, 101 iterations, 0.00 seconds (0.00 work units)
2025-10-11 20:50:28,030 - INFO - 
2025-10-11 20:50:28,030 - INFO -     Nodes    |    Current Node    |     Objective Bounds      |     Work
2025-10-11 20:50:28,030 - INFO -  Expl Unexpl |  Obj  Depth IntInf | Incumbent    BestBd   Gap | It/Node Time
2025-10-11 20:50:28,030 - INFO - 
2025-10-11 20:50:28,030 - INFO -      0     0 2.5688e+07    0    5 3.3185e+07 2.5688e+07  22.6%     -    0s
2025-10-11 20:50:28,030 - INFO - H    0     0                    2.795032e+07 2.5688e+07  8.09%     -    0s
2025-10-11 20:50:28,031 - INFO - H    0     0                    2.690963e+07 2.5688e+07  4.54%     -    0s
2025-10-11 20:50:28,031 - INFO - H    0     0                    2.651095e+07 2.5688e+07  3.10%     -    0s
2025-10-11 20:50:28,032 - INFO - H    0     0                    2.619268e+07 2.5688e+07  1.93%     -    0s
2025-10-11 20:50:28,040 - INFO - H    0     0                    2.608546e+07 2.5688e+07  1.52%     -    0s
2025-10-11 20:50:28,041 - INFO -      0     0 2.5779e+07    0   12 2.6085e+07 2.5779e+07  1.17%     -    0s
2025-10-11 20:50:28,052 - INFO - H    0     0                    2.592147e+07 2.5779e+07  0.55%     -    0s
2025-10-11 20:50:28,056 - INFO - 
2025-10-11 20:50:28,056 - INFO - Cutting planes:
2025-10-11 20:50:28,056 - INFO -   Cover: 1
2025-10-11 20:50:28,056 - INFO -   RLT: 2
2025-10-11 20:50:28,057 - INFO - 
2025-10-11 20:50:28,057 - INFO - Explored 1 nodes (120 simplex iterations) in 0.05 seconds (0.03 work units)
2025-10-11 20:50:28,057 - INFO - Thread count was 12 (of 96 available processors)
2025-10-11 20:50:28,057 - INFO - 
2025-10-11 20:50:28,057 - INFO - Solution count 8: 2.59215e+07 2.60855e+07 2.61927e+07 ... 3.43191e+07
2025-10-11 20:50:28,057 - INFO - 
2025-10-11 20:50:28,057 - INFO - Optimal solution found (tolerance 1.00e-04)
2025-10-11 20:50:28,057 - INFO - Best objective 2.592146700000e+07, best bound 2.592146700000e+07, gap 0.0000%
2025-10-11 20:50:28,064 - INFO - 规划前的显存GB：20.0
2025-10-11 20:50:28,064 - INFO - 规划后的显存GB：16.874893188476562
2025-10-11 20:50:28,064 - INFO - ✅ 最优策略：[True, True, True, True, True, True, True, False, False, True, True, False, False, False, False, False]
2025-10-11 20:50:28,064 - INFO - 📌 checkpoint 的欧氏长度:, [2400]
2025-10-11 20:50:28,064 - INFO - 📌 checkpoint 的余弦长度:, [128, 1101, 1426, 1750, 2075, 2400]
2025-10-11 20:50:28,064 - INFO - 💾 最终显存峰值：%.2f MB % 27442.5994720459
2025-10-11 20:50:28,080 - INFO - Epoch 2 completed in 144.089096 seconds
2025-10-11 20:50:28,080 - INFO - torch.cuda.max_memory_reserved() : 15.2421875
2025-10-11 20:52:20,894 - INFO - Epoch 3 completed in 112.813443 seconds
2025-10-11 20:52:20,894 - INFO - 
====================== [第1个 Epoch 收集统计数据] ======================
2025-10-11 20:52:20,894 - INFO - 
🔍 EUCLIDEAN modules:
2025-10-11 20:52:20,894 - INFO - [Shapelet 128] forward_avg=0.003213s over 278 calls | peak=545.46MB | final=0.00MB
2025-10-11 20:52:20,895 - INFO - [Shapelet 452] forward_avg=0.008127s over 278 calls | peak=1696.97MB | final=0.00MB
2025-10-11 20:52:20,895 - INFO - [Shapelet 777] forward_avg=0.011974s over 278 calls | peak=2541.23MB | final=0.00MB
2025-10-11 20:52:20,895 - INFO - [Shapelet 1101] forward_avg=0.014342s over 278 calls | peak=3076.86MB | final=0.00MB
2025-10-11 20:52:20,895 - INFO - [Shapelet 1426] forward_avg=0.015466s over 278 calls | peak=3302.11MB | final=0.00MB
2025-10-11 20:52:20,895 - INFO - [Shapelet 1750] forward_avg=0.014956s over 278 calls | peak=3220.47MB | final=0.00MB
2025-10-11 20:52:20,895 - INFO - [Shapelet 2075] forward_avg=0.013186s over 278 calls | peak=2830.50MB | final=0.00MB
2025-10-11 20:52:20,895 - INFO - [Shapelet 2400] forward_avg=0.009787s over 278 calls | peak=2129.31MB | final=0.00MB
2025-10-11 20:52:20,895 - INFO - 
🔍 COSINE modules:
2025-10-11 20:52:20,895 - INFO - [Shapelet 128] forward_avg=0.002176s over 278 calls | peak=360.86MB | final=0.00MB
2025-10-11 20:52:20,895 - INFO - [Shapelet 452] forward_avg=0.005124s over 278 calls | peak=1127.04MB | final=0.00MB
2025-10-11 20:52:20,895 - INFO - [Shapelet 777] forward_avg=0.007562s over 278 calls | peak=1688.97MB | final=0.00MB
2025-10-11 20:52:20,895 - INFO - [Shapelet 1101] forward_avg=0.008990s over 278 calls | peak=2044.93MB | final=0.00MB
2025-10-11 20:52:20,895 - INFO - [Shapelet 1426] forward_avg=0.009751s over 278 calls | peak=2194.08MB | final=0.00MB
2025-10-11 20:52:20,895 - INFO - [Shapelet 1750] forward_avg=0.009421s over 278 calls | peak=2138.55MB | final=0.00MB
2025-10-11 20:52:20,895 - INFO - [Shapelet 2075] forward_avg=0.008525s over 278 calls | peak=1876.87MB | final=0.00MB
2025-10-11 20:52:20,895 - INFO - [Shapelet 2400] forward_avg=0.006352s over 278 calls | peak=1408.89MB | final=0.00MB
2025-10-11 20:52:20,895 - INFO - 
🔍 CROSS modules:
2025-10-11 20:52:20,895 - INFO - [Shapelet 128] forward_avg=0.000654s over 278 calls
2025-10-11 20:52:20,895 - INFO - [Shapelet 452] forward_avg=0.001072s over 278 calls
2025-10-11 20:52:20,895 - INFO - [Shapelet 777] forward_avg=0.001640s over 278 calls
2025-10-11 20:52:20,895 - INFO - [Shapelet 1101] forward_avg=0.002321s over 278 calls
2025-10-11 20:52:20,895 - INFO - [Shapelet 1426] forward_avg=0.003034s over 278 calls
2025-10-11 20:52:20,895 - INFO - [Shapelet 1750] forward_avg=0.003690s over 278 calls
2025-10-11 20:52:20,895 - INFO - [Shapelet 2075] forward_avg=0.004342s over 278 calls
2025-10-11 20:52:20,895 - INFO - [Shapelet 2400] forward_avg=0.004944s over 278 calls
2025-10-11 20:52:20,895 - INFO - 
💾 模型第一次反向传播阶段的显存峰值（所有模块中的最大值）: 15198.50 MB
2025-10-11 20:52:20,895 - INFO - 
💾 模型初始显存: 104.49 MB
2025-10-11 20:52:20,895 - INFO - =======================================================================

2025-10-11 20:52:20,896 - INFO - torch.cuda.max_memory_reserved() : 21.892578125
2025-10-11 20:54:14,636 - INFO - Epoch 4 completed in 113.739870 seconds
2025-10-11 20:54:14,636 - INFO - torch.cuda.max_memory_reserved() : 21.892578125
2025-10-11 20:56:11,877 - INFO - Epoch 5 completed in 117.240322 seconds
2025-10-11 20:56:11,878 - INFO - torch.cuda.max_memory_reserved() : 21.892578125
2025-10-11 20:58:06,911 - INFO - Epoch 6 completed in 115.033233 seconds
2025-10-11 20:58:06,912 - INFO - torch.cuda.max_memory_reserved() : 21.892578125
2025-10-11 21:00:02,917 - INFO - Epoch 7 completed in 116.004119 seconds
2025-10-11 21:00:02,917 - INFO - torch.cuda.max_memory_reserved() : 21.892578125
2025-10-11 21:01:57,554 - INFO - Epoch 8 completed in 114.635814 seconds
2025-10-11 21:01:57,554 - INFO - torch.cuda.max_memory_reserved() : 21.892578125
2025-10-11 21:03:51,333 - INFO - Epoch 9 completed in 113.778742 seconds
2025-10-11 21:03:51,334 - INFO - torch.cuda.max_memory_reserved() : 21.892578125
2025-10-11 21:05:45,507 - INFO - Epoch 10 completed in 114.172902 seconds
2025-10-11 21:06:18,641 - INFO - torch.cuda.max_memory_reserved() : 21.892578125
2025-10-11 21:06:18,642 - INFO - !!!采用策略后的几个epoch 平均时间:114.67730581760406
2025-10-11 21:06:18,642 - INFO - 



