2025-10-12 01:34:25,861 - INFO - 📌 第一个 epoch：默认所有模块使用 checkpoint
2025-10-12 01:34:29,661 - INFO - Epoch 1 completed in 3.804204 seconds
2025-10-12 01:34:30,355 - INFO - torch.cuda.max_memory_reserved() : 1.029296875
2025-10-12 01:34:33,862 - INFO - 
[🔁 拟合反向传播时间模型]
2025-10-12 01:34:33,863 - INFO - 总反向传播时间: 3.495764s
2025-10-12 01:34:33,863 - INFO - 拟合模型: backward_total ≈ 2 × (A + B) + b
2025-10-12 01:34:33,863 - INFO - A = 2.238479, B = 0.203168, b = 1.054117s
2025-10-12 01:34:34,328 - INFO - ✅ 最优策略：[1.0, 1.0, 1.0, 1.0, 1.0, 1.0, 1.0, 1.0, 1.0, 1.0, 1.0, 1.0, 1.0, 1.0, 1.0, 1.0]
2025-10-12 01:34:34,328 - INFO - 📌 checkpoint 的欧氏长度:, []
2025-10-12 01:34:34,328 - INFO - 📌 checkpoint 的余弦长度:, []
2025-10-12 01:34:34,329 - INFO - 💾 最终显存峰值：%.2f MB % 1780.8826751708984
2025-10-12 01:34:34,329 - INFO - Epoch 2 completed in 3.973374 seconds
2025-10-12 01:34:34,329 - INFO - torch.cuda.max_memory_reserved() : 1.029296875
2025-10-12 01:34:36,813 - INFO - Epoch 3 completed in 2.483548 seconds
2025-10-12 01:34:36,813 - INFO - 
====================== [第1个 Epoch 收集统计数据] ======================
2025-10-12 01:34:36,813 - INFO - 
🔍 EUCLIDEAN modules:
2025-10-12 01:34:36,814 - INFO - [Shapelet 119] forward_avg=0.001840s over 26 calls | peak=72.20MB | final=0.00MB
2025-10-12 01:34:36,814 - INFO - [Shapelet 238] forward_avg=0.001525s over 26 calls | peak=126.95MB | final=0.00MB
2025-10-12 01:34:36,814 - INFO - [Shapelet 358] forward_avg=0.001623s over 26 calls | peak=169.17MB | final=0.00MB
2025-10-12 01:34:36,814 - INFO - [Shapelet 478] forward_avg=0.001688s over 26 calls | peak=193.41MB | final=0.00MB
2025-10-12 01:34:36,814 - INFO - [Shapelet 597] forward_avg=0.001673s over 26 calls | peak=199.65MB | final=0.00MB
2025-10-12 01:34:36,814 - INFO - [Shapelet 717] forward_avg=0.001627s over 26 calls | peak=193.90MB | final=0.00MB
2025-10-12 01:34:36,814 - INFO - [Shapelet 837] forward_avg=0.001546s over 26 calls | peak=170.03MB | final=0.00MB
2025-10-12 01:34:36,814 - INFO - [Shapelet 957] forward_avg=0.001553s over 26 calls | peak=129.44MB | final=0.00MB
2025-10-12 01:34:36,814 - INFO - 
🔍 COSINE modules:
2025-10-12 01:34:36,814 - INFO - [Shapelet 119] forward_avg=0.002033s over 26 calls | peak=47.22MB | final=0.00MB
2025-10-12 01:34:36,814 - INFO - [Shapelet 238] forward_avg=0.001918s over 26 calls | peak=83.85MB | final=0.00MB
2025-10-12 01:34:36,814 - INFO - [Shapelet 358] forward_avg=0.001935s over 26 calls | peak=112.15MB | final=0.00MB
2025-10-12 01:34:36,814 - INFO - [Shapelet 478] forward_avg=0.001947s over 26 calls | peak=128.13MB | final=0.00MB
2025-10-12 01:34:36,814 - INFO - [Shapelet 597] forward_avg=0.001973s over 26 calls | peak=132.11MB | final=0.00MB
2025-10-12 01:34:36,814 - INFO - [Shapelet 717] forward_avg=0.001944s over 26 calls | peak=128.09MB | final=0.00MB
2025-10-12 01:34:36,814 - INFO - [Shapelet 837] forward_avg=0.001919s over 26 calls | peak=112.07MB | final=0.00MB
2025-10-12 01:34:36,814 - INFO - [Shapelet 957] forward_avg=0.001951s over 26 calls | peak=84.51MB | final=0.00MB
2025-10-12 01:34:36,814 - INFO - 
🔍 CROSS modules:
2025-10-12 01:34:36,814 - INFO - [Shapelet 119] forward_avg=0.000459s over 26 calls
2025-10-12 01:34:36,814 - INFO - [Shapelet 238] forward_avg=0.000430s over 26 calls
2025-10-12 01:34:36,814 - INFO - [Shapelet 358] forward_avg=0.000423s over 26 calls
2025-10-12 01:34:36,814 - INFO - [Shapelet 478] forward_avg=0.000448s over 26 calls
2025-10-12 01:34:36,814 - INFO - [Shapelet 597] forward_avg=0.000477s over 26 calls
2025-10-12 01:34:36,814 - INFO - [Shapelet 717] forward_avg=0.000516s over 26 calls
2025-10-12 01:34:36,814 - INFO - [Shapelet 837] forward_avg=0.000558s over 26 calls
2025-10-12 01:34:36,814 - INFO - [Shapelet 957] forward_avg=0.000597s over 26 calls
2025-10-12 01:34:36,814 - INFO - 
💾 模型第一次反向传播阶段的显存峰值（所有模块中的最大值）: 1796.95 MB
2025-10-12 01:34:36,814 - INFO - 
💾 模型初始显存: 5.08 MB
2025-10-12 01:34:36,814 - INFO - =======================================================================

2025-10-12 01:34:36,815 - INFO - torch.cuda.max_memory_reserved() : 2.2421875
2025-10-12 01:34:39,285 - INFO - Epoch 4 completed in 2.469763 seconds
2025-10-12 01:34:39,285 - INFO - torch.cuda.max_memory_reserved() : 2.2421875
2025-10-12 01:34:41,759 - INFO - Epoch 5 completed in 2.473034 seconds
2025-10-12 01:34:41,759 - INFO - torch.cuda.max_memory_reserved() : 2.2421875
2025-10-12 01:34:44,235 - INFO - Epoch 6 completed in 2.475308 seconds
2025-10-12 01:34:44,235 - INFO - torch.cuda.max_memory_reserved() : 2.2421875
2025-10-12 01:34:46,756 - INFO - Epoch 7 completed in 2.520056 seconds
2025-10-12 01:34:46,756 - INFO - torch.cuda.max_memory_reserved() : 2.2421875
2025-10-12 01:34:49,232 - INFO - Epoch 8 completed in 2.475221 seconds
2025-10-12 01:34:49,232 - INFO - torch.cuda.max_memory_reserved() : 2.2421875
2025-10-12 01:34:51,708 - INFO - Epoch 9 completed in 2.475780 seconds
2025-10-12 01:34:51,708 - INFO - torch.cuda.max_memory_reserved() : 2.2421875
2025-10-12 01:34:54,182 - INFO - Epoch 10 completed in 2.473248 seconds
2025-10-12 01:34:54,786 - INFO - torch.cuda.max_memory_reserved() : 2.2421875
2025-10-12 01:34:54,787 - INFO - !!!采用策略后的几个epoch 平均时间:2.480744868516922
2025-10-12 01:34:54,787 - INFO - 



