2025-10-12 01:54:03,555 - INFO - 📌 第一个 epoch：默认所有模块使用 checkpoint
2025-10-12 01:54:10,919 - INFO - Epoch 1 completed in 7.377808 seconds
2025-10-12 01:54:13,190 - INFO - torch.cuda.max_memory_reserved() : 11.17578125
2025-10-12 01:54:19,999 - INFO - 
[🔁 拟合反向传播时间模型]
2025-10-12 01:54:20,000 - INFO - 总反向传播时间: 6.770414s
2025-10-12 01:54:20,000 - INFO - 拟合模型: backward_total ≈ 2 × (A + B) + b
2025-10-12 01:54:20,001 - INFO - A = 5.330284, B = 0.465834, b = 0.974297s
2025-10-12 01:54:20,445 - INFO - ✅ 最优策略：[1.0, 1.0, 1.0, 1.0, 1.0, 1.0, 1.0, 1.0, 0.0, 0.0, 1.0, 0.0, 0.0, 0.0, 1.0, 1.0]
2025-10-12 01:54:20,445 - INFO - 📌 checkpoint 的欧氏长度:, []
2025-10-12 01:54:20,445 - INFO - 📌 checkpoint 的余弦长度:, [27, 54, 108, 135, 162]
2025-10-12 01:54:20,446 - INFO - 💾 最终显存峰值：%.2f MB % 16304.909446596128
2025-10-12 01:54:20,451 - INFO - Epoch 2 completed in 7.260198 seconds
2025-10-12 01:54:20,451 - INFO - torch.cuda.max_memory_reserved() : 11.17578125
2025-10-12 01:54:26,069 - INFO - Epoch 3 completed in 5.616583 seconds
2025-10-12 01:54:26,069 - INFO - 
====================== [第1个 Epoch 收集统计数据] ======================
2025-10-12 01:54:26,069 - INFO - 
🔍 EUCLIDEAN modules:
2025-10-12 01:54:26,069 - INFO - [Shapelet  27] forward_avg=0.007935s over 12 calls | peak=866.77MB | final=0.00MB
2025-10-12 01:54:26,069 - INFO - [Shapelet  54] forward_avg=0.009946s over 12 calls | peak=1508.45MB | final=0.00MB
2025-10-12 01:54:26,069 - INFO - [Shapelet  81] forward_avg=0.012714s over 12 calls | peak=1972.67MB | final=0.00MB
2025-10-12 01:54:26,069 - INFO - [Shapelet 108] forward_avg=0.014223s over 12 calls | peak=2253.60MB | final=0.00MB
2025-10-12 01:54:26,069 - INFO - [Shapelet 135] forward_avg=0.014996s over 12 calls | peak=2357.04MB | final=0.00MB
2025-10-12 01:54:26,069 - INFO - [Shapelet 162] forward_avg=0.012971s over 12 calls | peak=2280.04MB | final=0.00MB
2025-10-12 01:54:26,069 - INFO - [Shapelet 189] forward_avg=0.011958s over 12 calls | peak=2023.78MB | final=0.00MB
2025-10-12 01:54:26,069 - INFO - [Shapelet 216] forward_avg=0.010597s over 12 calls | peak=1588.90MB | final=0.00MB
2025-10-12 01:54:26,069 - INFO - 
🔍 COSINE modules:
2025-10-12 01:54:26,069 - INFO - [Shapelet  27] forward_avg=0.003539s over 12 calls | peak=550.84MB | final=0.00MB
2025-10-12 01:54:26,069 - INFO - [Shapelet  54] forward_avg=0.005369s over 12 calls | peak=970.87MB | final=0.00MB
2025-10-12 01:54:26,069 - INFO - [Shapelet  81] forward_avg=0.006820s over 12 calls | peak=1271.50MB | final=0.00MB
2025-10-12 01:54:26,070 - INFO - [Shapelet 108] forward_avg=0.008057s over 12 calls | peak=1451.84MB | final=0.00MB
2025-10-12 01:54:26,070 - INFO - [Shapelet 135] forward_avg=0.008502s over 12 calls | peak=1513.58MB | final=0.00MB
2025-10-12 01:54:26,070 - INFO - [Shapelet 162] forward_avg=0.007165s over 12 calls | peak=1454.06MB | final=0.00MB
2025-10-12 01:54:26,070 - INFO - [Shapelet 189] forward_avg=0.006866s over 12 calls | peak=1275.63MB | final=0.00MB
2025-10-12 01:54:26,070 - INFO - [Shapelet 216] forward_avg=0.006406s over 12 calls | peak=977.89MB | final=0.00MB
2025-10-12 01:54:26,070 - INFO - 
🔍 CROSS modules:
2025-10-12 01:54:26,070 - INFO - [Shapelet  27] forward_avg=0.001201s over 12 calls
2025-10-12 01:54:26,070 - INFO - [Shapelet  54] forward_avg=0.001799s over 12 calls
2025-10-12 01:54:26,070 - INFO - [Shapelet  81] forward_avg=0.002461s over 12 calls
2025-10-12 01:54:26,070 - INFO - [Shapelet 108] forward_avg=0.002911s over 12 calls
2025-10-12 01:54:26,070 - INFO - [Shapelet 135] forward_avg=0.002211s over 12 calls
2025-10-12 01:54:26,070 - INFO - [Shapelet 162] forward_avg=0.002579s over 12 calls
2025-10-12 01:54:26,070 - INFO - [Shapelet 189] forward_avg=0.002938s over 12 calls
2025-10-12 01:54:26,070 - INFO - [Shapelet 216] forward_avg=0.003309s over 12 calls
2025-10-12 01:54:26,070 - INFO - 
💾 模型第一次反向传播阶段的显存峰值（所有模块中的最大值）: 14553.74 MB
2025-10-12 01:54:26,070 - INFO - 
💾 模型初始显存: 237.80 MB
2025-10-12 01:54:26,070 - INFO - =======================================================================

2025-10-12 01:54:26,070 - INFO - torch.cuda.max_memory_reserved() : 17.365234375
2025-10-12 01:54:31,422 - INFO - Epoch 4 completed in 5.350765 seconds
2025-10-12 01:54:31,422 - INFO - torch.cuda.max_memory_reserved() : 17.365234375
2025-10-12 01:54:36,818 - INFO - Epoch 5 completed in 5.395550 seconds
2025-10-12 01:54:36,819 - INFO - torch.cuda.max_memory_reserved() : 17.365234375
2025-10-12 01:54:42,156 - INFO - Epoch 6 completed in 5.336619 seconds
2025-10-12 01:54:42,157 - INFO - torch.cuda.max_memory_reserved() : 17.365234375
2025-10-12 01:54:47,576 - INFO - Epoch 7 completed in 5.418096 seconds
2025-10-12 01:54:47,576 - INFO - torch.cuda.max_memory_reserved() : 17.365234375
2025-10-12 01:54:52,596 - INFO - Epoch 8 completed in 5.019538 seconds
2025-10-12 01:54:52,597 - INFO - torch.cuda.max_memory_reserved() : 17.365234375
2025-10-12 01:54:57,669 - INFO - Epoch 9 completed in 5.071810 seconds
2025-10-12 01:54:57,670 - INFO - torch.cuda.max_memory_reserved() : 17.365234375
2025-10-12 01:55:02,657 - INFO - Epoch 10 completed in 4.986208 seconds
2025-10-12 01:55:04,911 - INFO - torch.cuda.max_memory_reserved() : 17.365234375
2025-10-12 01:55:04,912 - INFO - !!!采用策略后的几个epoch 平均时间:5.274396061897278
2025-10-12 01:55:04,912 - INFO - 



