2025-10-12 01:56:24,622 - INFO - 📌 第一个 epoch：默认所有模块使用 checkpoint
2025-10-12 01:56:31,874 - INFO - Epoch 1 completed in 7.262518 seconds
2025-10-12 01:56:34,148 - INFO - torch.cuda.max_memory_reserved() : 11.17578125
2025-10-12 01:56:40,865 - INFO - 
[🔁 拟合反向传播时间模型]
2025-10-12 01:56:40,865 - INFO - 总反向传播时间: 6.678231s
2025-10-12 01:56:40,865 - INFO - 拟合模型: backward_total ≈ 2 × (A + B) + b
2025-10-12 01:56:40,865 - INFO - A = 5.329345, B = 0.464916, b = 0.883970s
2025-10-12 01:56:41,320 - INFO - ✅ 最优策略：[1.0, 1.0, 1.0, 1.0, 1.0, 1.0, 1.0, 1.0, 0.0, 1.0, 0.0, 1.0, 1.0, 1.0, 1.0, 1.0]
2025-10-12 01:56:41,321 - INFO - 📌 checkpoint 的欧氏长度:, []
2025-10-12 01:56:41,321 - INFO - 📌 checkpoint 的余弦长度:, [27, 81]
2025-10-12 01:56:41,321 - INFO - 💾 最终显存峰值：%.2f MB % 20436.13851928711
2025-10-12 01:56:41,325 - INFO - Epoch 2 completed in 7.177038 seconds
2025-10-12 01:56:41,326 - INFO - torch.cuda.max_memory_reserved() : 11.17578125
2025-10-12 01:56:46,271 - INFO - Epoch 3 completed in 4.944971 seconds
2025-10-12 01:56:46,271 - INFO - 
====================== [第1个 Epoch 收集统计数据] ======================
2025-10-12 01:56:46,271 - INFO - 
🔍 EUCLIDEAN modules:
2025-10-12 01:56:46,271 - INFO - [Shapelet  27] forward_avg=0.007923s over 12 calls | peak=866.77MB | final=0.00MB
2025-10-12 01:56:46,271 - INFO - [Shapelet  54] forward_avg=0.009954s over 12 calls | peak=1508.45MB | final=0.00MB
2025-10-12 01:56:46,272 - INFO - [Shapelet  81] forward_avg=0.012726s over 12 calls | peak=1972.67MB | final=0.00MB
2025-10-12 01:56:46,272 - INFO - [Shapelet 108] forward_avg=0.014213s over 12 calls | peak=2253.60MB | final=0.00MB
2025-10-12 01:56:46,272 - INFO - [Shapelet 135] forward_avg=0.014997s over 12 calls | peak=2357.04MB | final=0.00MB
2025-10-12 01:56:46,272 - INFO - [Shapelet 162] forward_avg=0.012977s over 12 calls | peak=2280.04MB | final=0.00MB
2025-10-12 01:56:46,272 - INFO - [Shapelet 189] forward_avg=0.011956s over 12 calls | peak=2023.78MB | final=0.00MB
2025-10-12 01:56:46,272 - INFO - [Shapelet 216] forward_avg=0.010600s over 12 calls | peak=1588.90MB | final=0.00MB
2025-10-12 01:56:46,272 - INFO - 
🔍 COSINE modules:
2025-10-12 01:56:46,272 - INFO - [Shapelet  27] forward_avg=0.003534s over 12 calls | peak=550.84MB | final=0.00MB
2025-10-12 01:56:46,272 - INFO - [Shapelet  54] forward_avg=0.005368s over 12 calls | peak=970.87MB | final=0.00MB
2025-10-12 01:56:46,272 - INFO - [Shapelet  81] forward_avg=0.006817s over 12 calls | peak=1271.50MB | final=0.00MB
2025-10-12 01:56:46,272 - INFO - [Shapelet 108] forward_avg=0.008053s over 12 calls | peak=1451.84MB | final=0.00MB
2025-10-12 01:56:46,272 - INFO - [Shapelet 135] forward_avg=0.008514s over 12 calls | peak=1513.58MB | final=0.00MB
2025-10-12 01:56:46,272 - INFO - [Shapelet 162] forward_avg=0.007158s over 12 calls | peak=1454.06MB | final=0.00MB
2025-10-12 01:56:46,272 - INFO - [Shapelet 189] forward_avg=0.006839s over 12 calls | peak=1275.63MB | final=0.00MB
2025-10-12 01:56:46,272 - INFO - [Shapelet 216] forward_avg=0.006407s over 12 calls | peak=977.89MB | final=0.00MB
2025-10-12 01:56:46,272 - INFO - 
🔍 CROSS modules:
2025-10-12 01:56:46,272 - INFO - [Shapelet  27] forward_avg=0.001183s over 12 calls
2025-10-12 01:56:46,272 - INFO - [Shapelet  54] forward_avg=0.001802s over 12 calls
2025-10-12 01:56:46,272 - INFO - [Shapelet  81] forward_avg=0.002457s over 12 calls
2025-10-12 01:56:46,272 - INFO - [Shapelet 108] forward_avg=0.002902s over 12 calls
2025-10-12 01:56:46,272 - INFO - [Shapelet 135] forward_avg=0.002206s over 12 calls
2025-10-12 01:56:46,272 - INFO - [Shapelet 162] forward_avg=0.002570s over 12 calls
2025-10-12 01:56:46,272 - INFO - [Shapelet 189] forward_avg=0.002942s over 12 calls
2025-10-12 01:56:46,272 - INFO - [Shapelet 216] forward_avg=0.003310s over 12 calls
2025-10-12 01:56:46,272 - INFO - 
💾 模型第一次反向传播阶段的显存峰值（所有模块中的最大值）: 16609.08 MB
2025-10-12 01:56:46,272 - INFO - 
💾 模型初始显存: 237.80 MB
2025-10-12 01:56:46,272 - INFO - =======================================================================

2025-10-12 01:56:46,272 - INFO - torch.cuda.max_memory_reserved() : 21.248046875
2025-10-12 01:56:50,825 - INFO - Epoch 4 completed in 4.552406 seconds
2025-10-12 01:56:50,826 - INFO - torch.cuda.max_memory_reserved() : 21.248046875
2025-10-12 01:56:55,715 - INFO - Epoch 5 completed in 4.889099 seconds
2025-10-12 01:56:55,716 - INFO - torch.cuda.max_memory_reserved() : 21.248046875
2025-10-12 01:57:00,655 - INFO - Epoch 6 completed in 4.938180 seconds
2025-10-12 01:57:00,655 - INFO - torch.cuda.max_memory_reserved() : 21.248046875
2025-10-12 01:57:05,754 - INFO - Epoch 7 completed in 5.098879 seconds
2025-10-12 01:57:05,755 - INFO - torch.cuda.max_memory_reserved() : 21.248046875
2025-10-12 01:57:10,478 - INFO - Epoch 8 completed in 4.722758 seconds
2025-10-12 01:57:10,479 - INFO - torch.cuda.max_memory_reserved() : 21.248046875
2025-10-12 01:57:15,306 - INFO - Epoch 9 completed in 4.826203 seconds
2025-10-12 01:57:15,306 - INFO - torch.cuda.max_memory_reserved() : 21.248046875
2025-10-12 01:57:20,005 - INFO - Epoch 10 completed in 4.698515 seconds
2025-10-12 01:57:22,219 - INFO - torch.cuda.max_memory_reserved() : 21.248046875
2025-10-12 01:57:22,220 - INFO - !!!采用策略后的几个epoch 平均时间:4.833876371383667
2025-10-12 01:57:22,220 - INFO - 



