2025-10-12 01:48:07,303 - INFO - 📌 第一个 epoch：默认所有模块使用 checkpoint
2025-10-12 01:48:22,469 - INFO - Epoch 1 completed in 15.183135 seconds
2025-10-12 01:48:26,331 - INFO - torch.cuda.max_memory_reserved() : 2.0546875
2025-10-12 01:48:40,859 - INFO - 
[🔁 拟合反向传播时间模型]
2025-10-12 01:48:40,859 - INFO - 总反向传播时间: 14.378937s
2025-10-12 01:48:40,859 - INFO - 拟合模型: backward_total ≈ 2 × (A + B) + b
2025-10-12 01:48:40,859 - INFO - A = 8.836306, B = 0.795212, b = 4.747419s
2025-10-12 01:48:41,316 - INFO - ✅ 最优策略：[1.0, 1.0, 1.0, 1.0, 1.0, 1.0, 1.0, 1.0, 1.0, 1.0, 1.0, 1.0, 1.0, 1.0, 1.0, 1.0]
2025-10-12 01:48:41,316 - INFO - 📌 checkpoint 的欧氏长度:, []
2025-10-12 01:48:41,316 - INFO - 📌 checkpoint 的余弦长度:, []
2025-10-12 01:48:41,316 - INFO - 💾 最终显存峰值：%.2f MB % 4169.022087097168
2025-10-12 01:48:41,326 - INFO - Epoch 2 completed in 14.994735 seconds
2025-10-12 01:48:41,327 - INFO - torch.cuda.max_memory_reserved() : 2.0546875
2025-10-12 01:48:51,981 - INFO - Epoch 3 completed in 10.654021 seconds
2025-10-12 01:48:51,982 - INFO - 
====================== [第1个 Epoch 收集统计数据] ======================
2025-10-12 01:48:51,982 - INFO - 
🔍 EUCLIDEAN modules:
2025-10-12 01:48:51,982 - INFO - [Shapelet  14] forward_avg=0.002470s over 66 calls | peak=183.81MB | final=0.00MB
2025-10-12 01:48:51,982 - INFO - [Shapelet  28] forward_avg=0.002800s over 66 calls | peak=315.73MB | final=0.00MB
2025-10-12 01:48:51,982 - INFO - [Shapelet  42] forward_avg=0.003260s over 66 calls | peak=412.87MB | final=0.00MB
2025-10-12 01:48:51,982 - INFO - [Shapelet  57] forward_avg=0.003464s over 66 calls | peak=476.30MB | final=0.00MB
2025-10-12 01:48:51,982 - INFO - [Shapelet  71] forward_avg=0.003583s over 66 calls | peak=499.81MB | final=0.00MB
2025-10-12 01:48:51,982 - INFO - [Shapelet  86] forward_avg=0.003533s over 66 calls | peak=487.91MB | final=0.00MB
2025-10-12 01:48:51,982 - INFO - [Shapelet 100] forward_avg=0.003678s over 66 calls | peak=441.43MB | final=0.00MB
2025-10-12 01:48:51,982 - INFO - [Shapelet 115] forward_avg=0.003267s over 66 calls | peak=352.40MB | final=0.00MB
2025-10-12 01:48:51,982 - INFO - 
🔍 COSINE modules:
2025-10-12 01:48:51,982 - INFO - [Shapelet  14] forward_avg=0.002309s over 66 calls | peak=111.85MB | final=0.00MB
2025-10-12 01:48:51,982 - INFO - [Shapelet  28] forward_avg=0.002102s over 66 calls | peak=195.99MB | final=0.00MB
2025-10-12 01:48:51,982 - INFO - [Shapelet  42] forward_avg=0.002109s over 66 calls | peak=259.03MB | final=0.00MB
2025-10-12 01:48:51,982 - INFO - [Shapelet  57] forward_avg=0.002255s over 66 calls | peak=298.59MB | final=0.00MB
2025-10-12 01:48:51,982 - INFO - [Shapelet  71] forward_avg=0.002346s over 66 calls | peak=310.99MB | final=0.00MB
2025-10-12 01:48:51,982 - INFO - [Shapelet  86] forward_avg=0.002430s over 66 calls | peak=299.97MB | final=0.00MB
2025-10-12 01:48:51,982 - INFO - [Shapelet 100] forward_avg=0.002487s over 66 calls | peak=265.82MB | final=0.00MB
2025-10-12 01:48:51,982 - INFO - [Shapelet 115] forward_avg=0.002537s over 66 calls | peak=203.66MB | final=0.00MB
2025-10-12 01:48:51,982 - INFO - 
🔍 CROSS modules:
2025-10-12 01:48:51,982 - INFO - [Shapelet  14] forward_avg=0.000576s over 66 calls
2025-10-12 01:48:51,982 - INFO - [Shapelet  28] forward_avg=0.000533s over 66 calls
2025-10-12 01:48:51,982 - INFO - [Shapelet  42] forward_avg=0.000603s over 66 calls
2025-10-12 01:48:51,982 - INFO - [Shapelet  57] forward_avg=0.000693s over 66 calls
2025-10-12 01:48:51,982 - INFO - [Shapelet  71] forward_avg=0.000775s over 66 calls
2025-10-12 01:48:51,982 - INFO - [Shapelet  86] forward_avg=0.000858s over 66 calls
2025-10-12 01:48:51,982 - INFO - [Shapelet 100] forward_avg=0.000950s over 66 calls
2025-10-12 01:48:51,982 - INFO - [Shapelet 115] forward_avg=0.001037s over 66 calls
2025-10-12 01:48:51,982 - INFO - 
💾 模型第一次反向传播阶段的显存峰值（所有模块中的最大值）: 5037.06 MB
2025-10-12 01:48:51,982 - INFO - 
💾 模型初始显存: 91.00 MB
2025-10-12 01:48:51,983 - INFO - =======================================================================

2025-10-12 01:48:51,983 - INFO - torch.cuda.max_memory_reserved() : 5.384765625
2025-10-12 01:49:02,755 - INFO - Epoch 4 completed in 10.772080 seconds
2025-10-12 01:49:02,756 - INFO - torch.cuda.max_memory_reserved() : 5.384765625
2025-10-12 01:49:13,612 - INFO - Epoch 5 completed in 10.855471 seconds
2025-10-12 01:49:13,612 - INFO - torch.cuda.max_memory_reserved() : 5.384765625
2025-10-12 01:49:24,194 - INFO - Epoch 6 completed in 10.580706 seconds
2025-10-12 01:49:24,194 - INFO - torch.cuda.max_memory_reserved() : 5.384765625
2025-10-12 01:49:35,625 - INFO - Epoch 7 completed in 11.430501 seconds
2025-10-12 01:49:35,625 - INFO - torch.cuda.max_memory_reserved() : 5.484375
2025-10-12 01:49:47,959 - INFO - Epoch 8 completed in 12.332641 seconds
2025-10-12 01:49:47,959 - INFO - torch.cuda.max_memory_reserved() : 5.484375
2025-10-12 01:49:59,019 - INFO - Epoch 9 completed in 11.058719 seconds
2025-10-12 01:49:59,019 - INFO - torch.cuda.max_memory_reserved() : 5.484375
2025-10-12 01:50:09,813 - INFO - Epoch 10 completed in 10.793206 seconds
2025-10-12 01:50:12,982 - INFO - torch.cuda.max_memory_reserved() : 5.484375
2025-10-12 01:50:12,983 - INFO - !!!采用策略后的几个epoch 平均时间:11.059668183326721
2025-10-12 01:50:12,983 - INFO - 



