2025-07-26 12:54:26,518 - INFO - 📌 第一个 epoch：默认所有模块使用 checkpoint
2025-07-26 12:54:33,833 - INFO - Epoch 1 completed in 7.325487 seconds
2025-07-26 12:54:36,239 - INFO - torch.cuda.max_memory_reserved() : 11.17578125
2025-07-26 12:54:43,048 - INFO - 
[🔁 拟合反向传播时间模型]
2025-07-26 12:54:43,049 - INFO - 总反向传播时间: 6.711987s
2025-07-26 12:54:43,050 - INFO - 拟合模型: backward_total ≈ 2 × (A + B) + b
2025-07-26 12:54:43,050 - INFO - A = 5.264797, B = 0.455752, b = 0.991438s
2025-07-26 12:54:43,685 - INFO - ✅ 最优策略：[0.0, 0.0, 0.0, 0.0, 0.0, 0.0, 0.0, 0.0, 0.0, 0.0, 0.0, 0.0, 0.0, 0.0, 0.0, 0.0]
2025-07-26 12:54:43,685 - INFO - 📌 checkpoint 的欧氏长度:, [27, 54, 81, 108, 135, 162, 189, 216]
2025-07-26 12:54:43,685 - INFO - 📌 checkpoint 的余弦长度:, [27, 54, 81, 108, 135, 162, 189, 216]
2025-07-26 12:54:43,685 - INFO - 💾 最终显存峰值：%.2f MB % 3982.45703125
2025-07-26 12:54:43,690 - INFO - Epoch 2 completed in 7.449703 seconds
2025-07-26 12:54:43,690 - INFO - torch.cuda.max_memory_reserved() : 11.17578125
2025-07-26 12:54:50,286 - INFO - Epoch 3 completed in 6.595167 seconds
2025-07-26 12:54:50,286 - INFO - 
====================== [第1个 Epoch 收集统计数据] ======================
2025-07-26 12:54:50,286 - INFO - 
🔍 EUCLIDEAN modules:
2025-07-26 12:54:50,286 - INFO - [Shapelet  27] forward_avg=0.007822s over 12 calls | peak=866.77MB | final=0.00MB
2025-07-26 12:54:50,286 - INFO - [Shapelet  54] forward_avg=0.009703s over 12 calls | peak=1508.45MB | final=0.00MB
2025-07-26 12:54:50,287 - INFO - [Shapelet  81] forward_avg=0.012552s over 12 calls | peak=1972.67MB | final=0.00MB
2025-07-26 12:54:50,287 - INFO - [Shapelet 108] forward_avg=0.014116s over 12 calls | peak=2253.60MB | final=0.00MB
2025-07-26 12:54:50,287 - INFO - [Shapelet 135] forward_avg=0.014896s over 12 calls | peak=2357.04MB | final=0.00MB
2025-07-26 12:54:50,287 - INFO - [Shapelet 162] forward_avg=0.012993s over 12 calls | peak=2280.04MB | final=0.00MB
2025-07-26 12:54:50,287 - INFO - [Shapelet 189] forward_avg=0.011771s over 12 calls | peak=2023.78MB | final=0.00MB
2025-07-26 12:54:50,287 - INFO - [Shapelet 216] forward_avg=0.010457s over 12 calls | peak=1588.90MB | final=0.00MB
2025-07-26 12:54:50,287 - INFO - 
🔍 COSINE modules:
2025-07-26 12:54:50,287 - INFO - [Shapelet  27] forward_avg=0.003472s over 12 calls | peak=550.84MB | final=0.00MB
2025-07-26 12:54:50,287 - INFO - [Shapelet  54] forward_avg=0.005279s over 12 calls | peak=970.87MB | final=0.00MB
2025-07-26 12:54:50,287 - INFO - [Shapelet  81] forward_avg=0.006714s over 12 calls | peak=1271.50MB | final=0.00MB
2025-07-26 12:54:50,287 - INFO - [Shapelet 108] forward_avg=0.007944s over 12 calls | peak=1451.84MB | final=0.00MB
2025-07-26 12:54:50,287 - INFO - [Shapelet 135] forward_avg=0.008415s over 12 calls | peak=1513.58MB | final=0.00MB
2025-07-26 12:54:50,287 - INFO - [Shapelet 162] forward_avg=0.007076s over 12 calls | peak=1454.06MB | final=0.00MB
2025-07-26 12:54:50,287 - INFO - [Shapelet 189] forward_avg=0.006739s over 12 calls | peak=1275.63MB | final=0.00MB
2025-07-26 12:54:50,287 - INFO - [Shapelet 216] forward_avg=0.006296s over 12 calls | peak=977.89MB | final=0.00MB
2025-07-26 12:54:50,287 - INFO - 
🔍 CROSS modules:
2025-07-26 12:54:50,287 - INFO - [Shapelet  27] forward_avg=0.001165s over 12 calls
2025-07-26 12:54:50,287 - INFO - [Shapelet  54] forward_avg=0.001769s over 12 calls
2025-07-26 12:54:50,287 - INFO - [Shapelet  81] forward_avg=0.002409s over 12 calls
2025-07-26 12:54:50,287 - INFO - [Shapelet 108] forward_avg=0.002834s over 12 calls
2025-07-26 12:54:50,287 - INFO - [Shapelet 135] forward_avg=0.002163s over 12 calls
2025-07-26 12:54:50,287 - INFO - [Shapelet 162] forward_avg=0.002522s over 12 calls
2025-07-26 12:54:50,287 - INFO - [Shapelet 189] forward_avg=0.002884s over 12 calls
2025-07-26 12:54:50,287 - INFO - [Shapelet 216] forward_avg=0.003243s over 12 calls
2025-07-26 12:54:50,287 - INFO - 
💾 模型第一次反向传播阶段的显存峰值（所有模块中的最大值）: 3982.46 MB
2025-07-26 12:54:50,287 - INFO - 
💾 模型初始显存: 237.80 MB
2025-07-26 12:54:50,288 - INFO - =======================================================================

2025-07-26 12:54:50,288 - INFO - torch.cuda.max_memory_reserved() : 11.17578125
2025-07-26 12:54:56,517 - INFO - Epoch 4 completed in 6.228640 seconds
2025-07-26 12:54:56,517 - INFO - torch.cuda.max_memory_reserved() : 11.17578125
2025-07-26 12:55:03,127 - INFO - Epoch 5 completed in 6.609146 seconds
2025-07-26 12:55:03,128 - INFO - torch.cuda.max_memory_reserved() : 11.17578125
2025-07-26 12:55:09,934 - INFO - Epoch 6 completed in 6.806076 seconds
2025-07-26 12:55:09,935 - INFO - torch.cuda.max_memory_reserved() : 11.17578125
2025-07-26 12:55:16,587 - INFO - Epoch 7 completed in 6.652081 seconds
2025-07-26 12:55:16,588 - INFO - torch.cuda.max_memory_reserved() : 11.17578125
2025-07-26 12:55:22,898 - INFO - Epoch 8 completed in 6.309134 seconds
2025-07-26 12:55:22,898 - INFO - torch.cuda.max_memory_reserved() : 11.17578125
2025-07-26 12:55:29,385 - INFO - Epoch 9 completed in 6.486077 seconds
2025-07-26 12:55:29,385 - INFO - torch.cuda.max_memory_reserved() : 11.17578125
2025-07-26 12:55:35,835 - INFO - Epoch 10 completed in 6.448731 seconds
2025-07-26 12:55:38,257 - INFO - torch.cuda.max_memory_reserved() : 11.17578125
2025-07-26 12:55:38,258 - INFO - !!!采用策略后的几个epoch 平均时间:6.51688152551651
2025-07-26 12:55:38,258 - INFO - 



