2025-07-26 12:57:49,729 - INFO - 📌 第一个 epoch：默认所有模块使用 checkpoint
2025-07-26 12:57:57,106 - INFO - Epoch 1 completed in 7.383309 seconds
2025-07-26 12:57:59,498 - INFO - torch.cuda.max_memory_reserved() : 11.17578125
2025-07-26 12:58:06,183 - INFO - 
[🔁 拟合反向传播时间模型]
2025-07-26 12:58:06,183 - INFO - 总反向传播时间: 6.595140s
2025-07-26 12:58:06,183 - INFO - 拟合模型: backward_total ≈ 2 × (A + B) + b
2025-07-26 12:58:06,183 - INFO - A = 5.267189, B = 0.456772, b = 0.871179s
2025-07-26 12:58:06,805 - INFO - ✅ 最优策略：[0.0, 0.0, 0.0, 0.0, 0.0, 0.0, 0.0, 0.0, 0.0, 0.0, 0.0, 0.0, 0.0, 0.0, 0.0, 0.0]
2025-07-26 12:58:06,805 - INFO - 📌 checkpoint 的欧氏长度:, [27, 54, 81, 108, 135, 162, 189, 216]
2025-07-26 12:58:06,805 - INFO - 📌 checkpoint 的余弦长度:, [27, 54, 81, 108, 135, 162, 189, 216]
2025-07-26 12:58:06,805 - INFO - 💾 最终显存峰值：%.2f MB % 3982.45703125
2025-07-26 12:58:06,809 - INFO - Epoch 2 completed in 7.310738 seconds
2025-07-26 12:58:06,810 - INFO - torch.cuda.max_memory_reserved() : 11.17578125
2025-07-26 12:58:13,380 - INFO - Epoch 3 completed in 6.569704 seconds
2025-07-26 12:58:13,380 - INFO - 
====================== [第1个 Epoch 收集统计数据] ======================
2025-07-26 12:58:13,380 - INFO - 
🔍 EUCLIDEAN modules:
2025-07-26 12:58:13,380 - INFO - [Shapelet  27] forward_avg=0.007786s over 12 calls | peak=866.77MB | final=0.00MB
2025-07-26 12:58:13,380 - INFO - [Shapelet  54] forward_avg=0.009709s over 12 calls | peak=1508.45MB | final=0.00MB
2025-07-26 12:58:13,380 - INFO - [Shapelet  81] forward_avg=0.012546s over 12 calls | peak=1972.67MB | final=0.00MB
2025-07-26 12:58:13,380 - INFO - [Shapelet 108] forward_avg=0.014117s over 12 calls | peak=2253.60MB | final=0.00MB
2025-07-26 12:58:13,380 - INFO - [Shapelet 135] forward_avg=0.014881s over 12 calls | peak=2357.04MB | final=0.00MB
2025-07-26 12:58:13,380 - INFO - [Shapelet 162] forward_avg=0.012909s over 12 calls | peak=2280.04MB | final=0.00MB
2025-07-26 12:58:13,380 - INFO - [Shapelet 189] forward_avg=0.011792s over 12 calls | peak=2023.78MB | final=0.00MB
2025-07-26 12:58:13,380 - INFO - [Shapelet 216] forward_avg=0.010392s over 12 calls | peak=1588.90MB | final=0.00MB
2025-07-26 12:58:13,380 - INFO - 
🔍 COSINE modules:
2025-07-26 12:58:13,381 - INFO - [Shapelet  27] forward_avg=0.003504s over 12 calls | peak=550.84MB | final=0.00MB
2025-07-26 12:58:13,381 - INFO - [Shapelet  54] forward_avg=0.005306s over 12 calls | peak=970.87MB | final=0.00MB
2025-07-26 12:58:13,381 - INFO - [Shapelet  81] forward_avg=0.006752s over 12 calls | peak=1271.50MB | final=0.00MB
2025-07-26 12:58:13,381 - INFO - [Shapelet 108] forward_avg=0.007983s over 12 calls | peak=1451.84MB | final=0.00MB
2025-07-26 12:58:13,381 - INFO - [Shapelet 135] forward_avg=0.008447s over 12 calls | peak=1513.58MB | final=0.00MB
2025-07-26 12:58:13,381 - INFO - [Shapelet 162] forward_avg=0.007099s over 12 calls | peak=1454.06MB | final=0.00MB
2025-07-26 12:58:13,381 - INFO - [Shapelet 189] forward_avg=0.006767s over 12 calls | peak=1275.63MB | final=0.00MB
2025-07-26 12:58:13,381 - INFO - [Shapelet 216] forward_avg=0.006319s over 12 calls | peak=977.89MB | final=0.00MB
2025-07-26 12:58:13,381 - INFO - 
🔍 CROSS modules:
2025-07-26 12:58:13,381 - INFO - [Shapelet  27] forward_avg=0.001147s over 12 calls
2025-07-26 12:58:13,381 - INFO - [Shapelet  54] forward_avg=0.001771s over 12 calls
2025-07-26 12:58:13,381 - INFO - [Shapelet  81] forward_avg=0.002398s over 12 calls
2025-07-26 12:58:13,381 - INFO - [Shapelet 108] forward_avg=0.002839s over 12 calls
2025-07-26 12:58:13,381 - INFO - [Shapelet 135] forward_avg=0.002175s over 12 calls
2025-07-26 12:58:13,381 - INFO - [Shapelet 162] forward_avg=0.002541s over 12 calls
2025-07-26 12:58:13,381 - INFO - [Shapelet 189] forward_avg=0.002897s over 12 calls
2025-07-26 12:58:13,381 - INFO - [Shapelet 216] forward_avg=0.003264s over 12 calls
2025-07-26 12:58:13,381 - INFO - 
💾 模型第一次反向传播阶段的显存峰值（所有模块中的最大值）: 3982.46 MB
2025-07-26 12:58:13,381 - INFO - 
💾 模型初始显存: 237.80 MB
2025-07-26 12:58:13,381 - INFO - =======================================================================

2025-07-26 12:58:13,381 - INFO - torch.cuda.max_memory_reserved() : 11.17578125
2025-07-26 12:58:19,475 - INFO - Epoch 4 completed in 6.092982 seconds
2025-07-26 12:58:19,475 - INFO - torch.cuda.max_memory_reserved() : 11.17578125
2025-07-26 12:58:26,064 - INFO - Epoch 5 completed in 6.587868 seconds
2025-07-26 12:58:26,064 - INFO - torch.cuda.max_memory_reserved() : 11.17578125
2025-07-26 12:58:33,084 - INFO - Epoch 6 completed in 7.019550 seconds
2025-07-26 12:58:33,085 - INFO - torch.cuda.max_memory_reserved() : 11.17578125
2025-07-26 12:58:40,028 - INFO - Epoch 7 completed in 6.942343 seconds
2025-07-26 12:58:40,028 - INFO - torch.cuda.max_memory_reserved() : 11.17578125
2025-07-26 12:58:46,373 - INFO - Epoch 8 completed in 6.344429 seconds
2025-07-26 12:58:46,373 - INFO - torch.cuda.max_memory_reserved() : 11.17578125
2025-07-26 12:58:52,875 - INFO - Epoch 9 completed in 6.500766 seconds
2025-07-26 12:58:52,875 - INFO - torch.cuda.max_memory_reserved() : 11.17578125
2025-07-26 12:58:59,270 - INFO - Epoch 10 completed in 6.393736 seconds
2025-07-26 12:59:01,633 - INFO - torch.cuda.max_memory_reserved() : 11.17578125
2025-07-26 12:59:01,634 - INFO - !!!采用策略后的几个epoch 平均时间:6.556422233581543
2025-07-26 12:59:01,634 - INFO - 



