2025-07-29 19:50:22,827 - INFO - 📌 第一个 epoch：默认所有模块使用 checkpoint
2025-07-29 19:52:43,532 - INFO - Epoch 1 completed in 140.725543 seconds
2025-07-29 19:53:16,272 - INFO - torch.cuda.max_memory_reserved() : 15.2421875
2025-07-29 19:55:37,531 - INFO - 
[🔁 拟合反向传播时间模型]
2025-07-29 19:55:37,531 - INFO - 总反向传播时间: 140.977397s
2025-07-29 19:55:37,531 - INFO - 拟合模型: backward_total ≈ 2 × (A + B) + b
2025-07-29 19:55:37,531 - INFO - A = 123.377015, B = 11.893791, b = 5.706590s
2025-07-29 19:55:38,118 - INFO - ✅ 最优策略：[0.0, 0.0, 0.0, 0.0, 0.0, 0.0, 0.0, 0.0, 0.0, 0.0, 0.0, 0.0, 0.0, 0.0, 0.0, 0.0]
2025-07-29 19:55:38,119 - INFO - 📌 checkpoint 的欧氏长度:, [128, 452, 777, 1101, 1426, 1750, 2075, 2400]
2025-07-29 19:55:38,119 - INFO - 📌 checkpoint 的余弦长度:, [128, 452, 777, 1101, 1426, 1750, 2075, 2400]
2025-07-29 19:55:38,119 - INFO - 💾 最终显存峰值：%.2f MB % 4676.61767578125
2025-07-29 19:55:38,133 - INFO - Epoch 2 completed in 141.860145 seconds
2025-07-29 19:55:38,133 - INFO - torch.cuda.max_memory_reserved() : 15.2421875
2025-07-29 19:57:58,179 - INFO - Epoch 3 completed in 140.045014 seconds
2025-07-29 19:57:58,179 - INFO - 
====================== [第1个 Epoch 收集统计数据] ======================
2025-07-29 19:57:58,179 - INFO - 
🔍 EUCLIDEAN modules:
2025-07-29 19:57:58,179 - INFO - [Shapelet 128] forward_avg=0.003149s over 278 calls | peak=545.46MB | final=0.00MB
2025-07-29 19:57:58,179 - INFO - [Shapelet 452] forward_avg=0.008081s over 278 calls | peak=1696.97MB | final=0.00MB
2025-07-29 19:57:58,179 - INFO - [Shapelet 777] forward_avg=0.011917s over 278 calls | peak=2541.23MB | final=0.00MB
2025-07-29 19:57:58,179 - INFO - [Shapelet 1101] forward_avg=0.014248s over 278 calls | peak=3076.86MB | final=0.00MB
2025-07-29 19:57:58,179 - INFO - [Shapelet 1426] forward_avg=0.015373s over 278 calls | peak=3302.11MB | final=0.00MB
2025-07-29 19:57:58,179 - INFO - [Shapelet 1750] forward_avg=0.014849s over 278 calls | peak=3220.47MB | final=0.00MB
2025-07-29 19:57:58,179 - INFO - [Shapelet 2075] forward_avg=0.013134s over 278 calls | peak=2830.50MB | final=0.00MB
2025-07-29 19:57:58,179 - INFO - [Shapelet 2400] forward_avg=0.009730s over 278 calls | peak=2129.31MB | final=0.00MB
2025-07-29 19:57:58,179 - INFO - 
🔍 COSINE modules:
2025-07-29 19:57:58,179 - INFO - [Shapelet 128] forward_avg=0.002012s over 278 calls | peak=360.86MB | final=0.00MB
2025-07-29 19:57:58,179 - INFO - [Shapelet 452] forward_avg=0.005094s over 278 calls | peak=1127.04MB | final=0.00MB
2025-07-29 19:57:58,179 - INFO - [Shapelet 777] forward_avg=0.007534s over 278 calls | peak=1688.97MB | final=0.00MB
2025-07-29 19:57:58,179 - INFO - [Shapelet 1101] forward_avg=0.008954s over 278 calls | peak=2044.93MB | final=0.00MB
2025-07-29 19:57:58,180 - INFO - [Shapelet 1426] forward_avg=0.009708s over 278 calls | peak=2194.08MB | final=0.00MB
2025-07-29 19:57:58,180 - INFO - [Shapelet 1750] forward_avg=0.009374s over 278 calls | peak=2138.55MB | final=0.00MB
2025-07-29 19:57:58,180 - INFO - [Shapelet 2075] forward_avg=0.008470s over 278 calls | peak=1876.87MB | final=0.00MB
2025-07-29 19:57:58,180 - INFO - [Shapelet 2400] forward_avg=0.006307s over 278 calls | peak=1408.89MB | final=0.00MB
2025-07-29 19:57:58,180 - INFO - 
🔍 CROSS modules:
2025-07-29 19:57:58,180 - INFO - [Shapelet 128] forward_avg=0.000610s over 278 calls
2025-07-29 19:57:58,180 - INFO - [Shapelet 452] forward_avg=0.001043s over 278 calls
2025-07-29 19:57:58,180 - INFO - [Shapelet 777] forward_avg=0.001609s over 278 calls
2025-07-29 19:57:58,180 - INFO - [Shapelet 1101] forward_avg=0.002286s over 278 calls
2025-07-29 19:57:58,180 - INFO - [Shapelet 1426] forward_avg=0.002996s over 278 calls
2025-07-29 19:57:58,180 - INFO - [Shapelet 1750] forward_avg=0.003650s over 278 calls
2025-07-29 19:57:58,180 - INFO - [Shapelet 2075] forward_avg=0.004302s over 278 calls
2025-07-29 19:57:58,180 - INFO - [Shapelet 2400] forward_avg=0.004896s over 278 calls
2025-07-29 19:57:58,180 - INFO - 
💾 模型第一次反向传播阶段的显存峰值（所有模块中的最大值）: 4676.62 MB
2025-07-29 19:57:58,180 - INFO - 
💾 模型初始显存: 104.49 MB
2025-07-29 19:57:58,180 - INFO - =======================================================================

2025-07-29 19:57:58,180 - INFO - torch.cuda.max_memory_reserved() : 15.2421875
2025-07-29 20:00:18,432 - INFO - Epoch 4 completed in 140.250949 seconds
2025-07-29 20:00:18,432 - INFO - torch.cuda.max_memory_reserved() : 15.2421875
2025-07-29 20:02:38,584 - INFO - Epoch 5 completed in 140.151819 seconds
2025-07-29 20:02:38,585 - INFO - torch.cuda.max_memory_reserved() : 15.244140625
2025-07-29 20:04:59,457 - INFO - Epoch 6 completed in 140.871862 seconds
2025-07-29 20:04:59,457 - INFO - torch.cuda.max_memory_reserved() : 15.244140625
2025-07-29 20:07:20,435 - INFO - Epoch 7 completed in 140.976873 seconds
2025-07-29 20:07:20,435 - INFO - torch.cuda.max_memory_reserved() : 15.244140625
2025-07-29 20:09:40,006 - INFO - Epoch 8 completed in 139.570233 seconds
2025-07-29 20:09:40,006 - INFO - torch.cuda.max_memory_reserved() : 15.244140625
2025-07-29 20:12:01,105 - INFO - Epoch 9 completed in 141.098050 seconds
2025-07-29 20:12:01,105 - INFO - torch.cuda.max_memory_reserved() : 15.244140625
2025-07-29 20:14:20,756 - INFO - Epoch 10 completed in 139.650717 seconds
2025-07-29 20:14:53,473 - INFO - torch.cuda.max_memory_reserved() : 15.244140625
2025-07-29 20:14:53,474 - INFO - !!!采用策略后的几个epoch 平均时间:140.32693976163864
2025-07-29 20:14:53,474 - INFO - 



