2025-07-26 12:41:56,860 - INFO - 📌 第一个 epoch：默认所有模块使用 checkpoint
2025-07-26 12:42:01,201 - INFO - Epoch 1 completed in 4.353513 seconds
2025-07-26 12:42:01,868 - INFO - torch.cuda.max_memory_reserved() : 1.029296875
2025-07-26 12:42:05,755 - INFO - 
[🔁 拟合反向传播时间模型]
2025-07-26 12:42:05,756 - INFO - 总反向传播时间: 3.876046s
2025-07-26 12:42:05,756 - INFO - 拟合模型: backward_total ≈ 2 × (A + B) + b
2025-07-26 12:42:05,756 - INFO - A = 2.692427, B = 0.227978, b = 0.955640s
2025-07-26 12:42:06,486 - INFO - ✅ 最优策略：[0.0, 0.0, 0.0, 0.0, 0.0, 0.0, 0.0, 0.0, 0.0, 0.0, 0.0, 0.0, 0.0, 0.0, 0.0, 0.0]
2025-07-26 12:42:06,486 - INFO - 📌 checkpoint 的欧氏长度:, [119, 238, 358, 478, 597, 717, 837, 957]
2025-07-26 12:42:06,486 - INFO - 📌 checkpoint 的余弦长度:, [119, 238, 358, 478, 597, 717, 837, 957]
2025-07-26 12:42:06,487 - INFO - 💾 最终显存峰值：%.2f MB % 300.42529296875
2025-07-26 12:42:06,487 - INFO - Epoch 2 completed in 4.618620 seconds
2025-07-26 12:42:06,487 - INFO - torch.cuda.max_memory_reserved() : 1.029296875
2025-07-26 12:42:10,903 - INFO - Epoch 3 completed in 4.415231 seconds
2025-07-26 12:42:10,904 - INFO - 
====================== [第1个 Epoch 收集统计数据] ======================
2025-07-26 12:42:10,904 - INFO - 
🔍 EUCLIDEAN modules:
2025-07-26 12:42:10,904 - INFO - [Shapelet 119] forward_avg=0.002132s over 26 calls | peak=72.20MB | final=0.00MB
2025-07-26 12:42:10,904 - INFO - [Shapelet 238] forward_avg=0.001921s over 26 calls | peak=126.95MB | final=0.00MB
2025-07-26 12:42:10,905 - INFO - [Shapelet 358] forward_avg=0.002001s over 26 calls | peak=169.17MB | final=0.00MB
2025-07-26 12:42:10,905 - INFO - [Shapelet 478] forward_avg=0.001912s over 26 calls | peak=193.41MB | final=0.00MB
2025-07-26 12:42:10,905 - INFO - [Shapelet 597] forward_avg=0.001890s over 26 calls | peak=199.65MB | final=0.00MB
2025-07-26 12:42:10,905 - INFO - [Shapelet 717] forward_avg=0.001850s over 26 calls | peak=193.90MB | final=0.00MB
2025-07-26 12:42:10,905 - INFO - [Shapelet 837] forward_avg=0.001821s over 26 calls | peak=170.03MB | final=0.00MB
2025-07-26 12:42:10,905 - INFO - [Shapelet 957] forward_avg=0.001847s over 26 calls | peak=129.44MB | final=0.00MB
2025-07-26 12:42:10,906 - INFO - 
🔍 COSINE modules:
2025-07-26 12:42:10,906 - INFO - [Shapelet 119] forward_avg=0.002447s over 26 calls | peak=47.22MB | final=0.00MB
2025-07-26 12:42:10,906 - INFO - [Shapelet 238] forward_avg=0.002325s over 26 calls | peak=83.85MB | final=0.00MB
2025-07-26 12:42:10,906 - INFO - [Shapelet 358] forward_avg=0.002331s over 26 calls | peak=112.15MB | final=0.00MB
2025-07-26 12:42:10,906 - INFO - [Shapelet 478] forward_avg=0.002340s over 26 calls | peak=128.13MB | final=0.00MB
2025-07-26 12:42:10,906 - INFO - [Shapelet 597] forward_avg=0.002694s over 26 calls | peak=132.11MB | final=0.00MB
2025-07-26 12:42:10,907 - INFO - [Shapelet 717] forward_avg=0.002354s over 26 calls | peak=128.09MB | final=0.00MB
2025-07-26 12:42:10,907 - INFO - [Shapelet 837] forward_avg=0.002324s over 26 calls | peak=112.07MB | final=0.00MB
2025-07-26 12:42:10,907 - INFO - [Shapelet 957] forward_avg=0.002329s over 26 calls | peak=84.51MB | final=0.00MB
2025-07-26 12:42:10,907 - INFO - 
🔍 CROSS modules:
2025-07-26 12:42:10,907 - INFO - [Shapelet 119] forward_avg=0.000528s over 26 calls
2025-07-26 12:42:10,907 - INFO - [Shapelet 238] forward_avg=0.000503s over 26 calls
2025-07-26 12:42:10,907 - INFO - [Shapelet 358] forward_avg=0.000499s over 26 calls
2025-07-26 12:42:10,908 - INFO - [Shapelet 478] forward_avg=0.000513s over 26 calls
2025-07-26 12:42:10,908 - INFO - [Shapelet 597] forward_avg=0.000532s over 26 calls
2025-07-26 12:42:10,908 - INFO - [Shapelet 717] forward_avg=0.000563s over 26 calls
2025-07-26 12:42:10,908 - INFO - [Shapelet 837] forward_avg=0.000606s over 26 calls
2025-07-26 12:42:10,908 - INFO - [Shapelet 957] forward_avg=0.000640s over 26 calls
2025-07-26 12:42:10,909 - INFO - 
💾 模型第一次反向传播阶段的显存峰值（所有模块中的最大值）: 300.43 MB
2025-07-26 12:42:10,909 - INFO - 
💾 模型初始显存: 5.08 MB
2025-07-26 12:42:10,909 - INFO - =======================================================================

2025-07-26 12:42:10,909 - INFO - torch.cuda.max_memory_reserved() : 1.029296875
2025-07-26 12:42:14,885 - INFO - Epoch 4 completed in 3.974612 seconds
2025-07-26 12:42:14,885 - INFO - torch.cuda.max_memory_reserved() : 1.029296875
2025-07-26 12:42:18,654 - INFO - Epoch 5 completed in 3.767953 seconds
2025-07-26 12:42:18,655 - INFO - torch.cuda.max_memory_reserved() : 1.029296875
2025-07-26 12:42:23,218 - INFO - Epoch 6 completed in 4.562620 seconds
2025-07-26 12:42:23,218 - INFO - torch.cuda.max_memory_reserved() : 1.029296875
2025-07-26 12:42:27,362 - INFO - Epoch 7 completed in 4.142751 seconds
2025-07-26 12:42:27,363 - INFO - torch.cuda.max_memory_reserved() : 1.029296875
2025-07-26 12:42:31,550 - INFO - Epoch 8 completed in 4.186960 seconds
2025-07-26 12:42:31,551 - INFO - torch.cuda.max_memory_reserved() : 1.029296875
2025-07-26 12:42:35,846 - INFO - Epoch 9 completed in 4.293742 seconds
2025-07-26 12:42:35,847 - INFO - torch.cuda.max_memory_reserved() : 1.029296875
2025-07-26 12:42:40,115 - INFO - Epoch 10 completed in 4.267473 seconds
2025-07-26 12:42:40,818 - INFO - torch.cuda.max_memory_reserved() : 1.029296875
2025-07-26 12:42:40,819 - INFO - !!!采用策略后的几个epoch 平均时间:4.201417654752731
2025-07-26 12:42:40,819 - INFO - 



