2025-07-26 12:38:56,140 - INFO - 📌 第一个 epoch：默认所有模块使用 checkpoint
2025-07-26 12:39:00,753 - INFO - Epoch 1 completed in 4.618614 seconds
2025-07-26 12:39:01,676 - INFO - torch.cuda.max_memory_reserved() : 1.029296875
2025-07-26 12:39:05,523 - INFO - 
[🔁 拟合反向传播时间模型]
2025-07-26 12:39:05,523 - INFO - 总反向传播时间: 3.825559s
2025-07-26 12:39:05,523 - INFO - 拟合模型: backward_total ≈ 2 × (A + B) + b
2025-07-26 12:39:05,524 - INFO - A = 2.892291, B = 0.257135, b = 0.676132s
2025-07-26 12:39:06,253 - INFO - ✅ 最优策略：[0.0, 0.0, 0.0, 0.0, 0.0, 0.0, 0.0, 1.0, 1.0, 1.0, 0.0, 0.0, 0.0, 0.0, 1.0, 1.0]
2025-07-26 12:39:06,253 - INFO - 📌 checkpoint 的欧氏长度:, [119, 238, 358, 478, 597, 717, 837]
2025-07-26 12:39:06,253 - INFO - 📌 checkpoint 的余弦长度:, [358, 478, 597, 717]
2025-07-26 12:39:06,253 - INFO - 💾 最终显存峰值：%.2f MB % 510.3948745727539
2025-07-26 12:39:06,254 - INFO - Epoch 2 completed in 4.576760 seconds
2025-07-26 12:39:06,254 - INFO - torch.cuda.max_memory_reserved() : 1.029296875
2025-07-26 12:39:10,400 - INFO - Epoch 3 completed in 4.145166 seconds
2025-07-26 12:39:10,401 - INFO - 
====================== [第1个 Epoch 收集统计数据] ======================
2025-07-26 12:39:10,401 - INFO - 
🔍 EUCLIDEAN modules:
2025-07-26 12:39:10,401 - INFO - [Shapelet 119] forward_avg=0.002267s over 26 calls | peak=72.20MB | final=0.00MB
2025-07-26 12:39:10,402 - INFO - [Shapelet 238] forward_avg=0.001933s over 26 calls | peak=126.95MB | final=0.00MB
2025-07-26 12:39:10,402 - INFO - [Shapelet 358] forward_avg=0.001962s over 26 calls | peak=169.17MB | final=0.00MB
2025-07-26 12:39:10,402 - INFO - [Shapelet 478] forward_avg=0.002153s over 26 calls | peak=193.41MB | final=0.00MB
2025-07-26 12:39:10,402 - INFO - [Shapelet 597] forward_avg=0.002173s over 26 calls | peak=199.65MB | final=0.00MB
2025-07-26 12:39:10,402 - INFO - [Shapelet 717] forward_avg=0.001960s over 26 calls | peak=193.90MB | final=0.00MB
2025-07-26 12:39:10,402 - INFO - [Shapelet 837] forward_avg=0.001965s over 26 calls | peak=170.03MB | final=0.00MB
2025-07-26 12:39:10,402 - INFO - [Shapelet 957] forward_avg=0.002021s over 26 calls | peak=129.44MB | final=0.00MB
2025-07-26 12:39:10,402 - INFO - 
🔍 COSINE modules:
2025-07-26 12:39:10,403 - INFO - [Shapelet 119] forward_avg=0.002663s over 26 calls | peak=47.22MB | final=0.00MB
2025-07-26 12:39:10,403 - INFO - [Shapelet 238] forward_avg=0.002544s over 26 calls | peak=83.85MB | final=0.00MB
2025-07-26 12:39:10,403 - INFO - [Shapelet 358] forward_avg=0.002548s over 26 calls | peak=112.15MB | final=0.00MB
2025-07-26 12:39:10,403 - INFO - [Shapelet 478] forward_avg=0.002559s over 26 calls | peak=128.13MB | final=0.00MB
2025-07-26 12:39:10,403 - INFO - [Shapelet 597] forward_avg=0.002605s over 26 calls | peak=132.11MB | final=0.00MB
2025-07-26 12:39:10,403 - INFO - [Shapelet 717] forward_avg=0.002561s over 26 calls | peak=128.09MB | final=0.00MB
2025-07-26 12:39:10,403 - INFO - [Shapelet 837] forward_avg=0.002582s over 26 calls | peak=112.07MB | final=0.00MB
2025-07-26 12:39:10,403 - INFO - [Shapelet 957] forward_avg=0.002586s over 26 calls | peak=84.51MB | final=0.00MB
2025-07-26 12:39:10,404 - INFO - 
🔍 CROSS modules:
2025-07-26 12:39:10,404 - INFO - [Shapelet 119] forward_avg=0.000610s over 26 calls
2025-07-26 12:39:10,404 - INFO - [Shapelet 238] forward_avg=0.000586s over 26 calls
2025-07-26 12:39:10,404 - INFO - [Shapelet 358] forward_avg=0.000579s over 26 calls
2025-07-26 12:39:10,404 - INFO - [Shapelet 478] forward_avg=0.000587s over 26 calls
2025-07-26 12:39:10,404 - INFO - [Shapelet 597] forward_avg=0.000602s over 26 calls
2025-07-26 12:39:10,404 - INFO - [Shapelet 717] forward_avg=0.000626s over 26 calls
2025-07-26 12:39:10,404 - INFO - [Shapelet 837] forward_avg=0.000660s over 26 calls
2025-07-26 12:39:10,405 - INFO - [Shapelet 957] forward_avg=0.000696s over 26 calls
2025-07-26 12:39:10,405 - INFO - 
💾 模型第一次反向传播阶段的显存峰值（所有模块中的最大值）: 511.01 MB
2025-07-26 12:39:10,405 - INFO - 
💾 模型初始显存: 5.08 MB
2025-07-26 12:39:10,405 - INFO - =======================================================================

2025-07-26 12:39:10,405 - INFO - torch.cuda.max_memory_reserved() : 1.029296875
2025-07-26 12:39:14,447 - INFO - Epoch 4 completed in 4.041265 seconds
2025-07-26 12:39:14,447 - INFO - torch.cuda.max_memory_reserved() : 1.03125
2025-07-26 12:39:18,141 - INFO - Epoch 5 completed in 3.693174 seconds
2025-07-26 12:39:18,143 - INFO - torch.cuda.max_memory_reserved() : 1.03125
2025-07-26 12:39:21,820 - INFO - Epoch 6 completed in 3.676755 seconds
2025-07-26 12:39:21,821 - INFO - torch.cuda.max_memory_reserved() : 1.03125
2025-07-26 12:39:25,526 - INFO - Epoch 7 completed in 3.704117 seconds
2025-07-26 12:39:25,527 - INFO - torch.cuda.max_memory_reserved() : 1.03125
2025-07-26 12:39:29,441 - INFO - Epoch 8 completed in 3.912344 seconds
2025-07-26 12:39:29,443 - INFO - torch.cuda.max_memory_reserved() : 1.03125
2025-07-26 12:39:33,533 - INFO - Epoch 9 completed in 4.088563 seconds
2025-07-26 12:39:33,533 - INFO - torch.cuda.max_memory_reserved() : 1.03125
2025-07-26 12:39:37,377 - INFO - Epoch 10 completed in 3.842800 seconds
2025-07-26 12:39:38,198 - INFO - torch.cuda.max_memory_reserved() : 1.03125
2025-07-26 12:39:38,199 - INFO - !!!采用策略后的几个epoch 平均时间:3.88802307844162
2025-07-26 12:39:38,199 - INFO - 



