2025-07-26 12:36:46,818 - INFO - 📌 第一个 epoch：默认所有模块使用 checkpoint
2025-07-26 12:36:51,144 - INFO - Epoch 1 completed in 4.332350 seconds
2025-07-26 12:36:52,004 - INFO - torch.cuda.max_memory_reserved() : 1.029296875
2025-07-26 12:36:56,085 - INFO - 
[🔁 拟合反向传播时间模型]
2025-07-26 12:36:56,086 - INFO - 总反向传播时间: 4.057855s
2025-07-26 12:36:56,086 - INFO - 拟合模型: backward_total ≈ 2 × (A + B) + b
2025-07-26 12:36:56,087 - INFO - A = 2.464010, B = 0.210386, b = 1.383459s
2025-07-26 12:36:56,976 - INFO - ✅ 最优策略：[1.0, 1.0, 1.0, 1.0, 1.0, 1.0, 1.0, 1.0, 1.0, 1.0, 1.0, 1.0, 1.0, 1.0, 1.0, 1.0]
2025-07-26 12:36:56,976 - INFO - 📌 checkpoint 的欧氏长度:, []
2025-07-26 12:36:56,976 - INFO - 📌 checkpoint 的余弦长度:, []
2025-07-26 12:36:56,976 - INFO - 💾 最终显存峰值：%.2f MB % 1780.8826751708984
2025-07-26 12:36:56,977 - INFO - Epoch 2 completed in 4.971481 seconds
2025-07-26 12:36:56,977 - INFO - torch.cuda.max_memory_reserved() : 1.029296875
2025-07-26 12:36:59,880 - INFO - Epoch 3 completed in 2.902822 seconds
2025-07-26 12:36:59,881 - INFO - 
====================== [第1个 Epoch 收集统计数据] ======================
2025-07-26 12:36:59,881 - INFO - 
🔍 EUCLIDEAN modules:
2025-07-26 12:36:59,881 - INFO - [Shapelet 119] forward_avg=0.001954s over 26 calls | peak=72.20MB | final=0.00MB
2025-07-26 12:36:59,881 - INFO - [Shapelet 238] forward_avg=0.001612s over 26 calls | peak=126.95MB | final=0.00MB
2025-07-26 12:36:59,881 - INFO - [Shapelet 358] forward_avg=0.001642s over 26 calls | peak=169.17MB | final=0.00MB
2025-07-26 12:36:59,881 - INFO - [Shapelet 478] forward_avg=0.002516s over 26 calls | peak=193.41MB | final=0.00MB
2025-07-26 12:36:59,881 - INFO - [Shapelet 597] forward_avg=0.001699s over 26 calls | peak=199.65MB | final=0.00MB
2025-07-26 12:36:59,881 - INFO - [Shapelet 717] forward_avg=0.001701s over 26 calls | peak=193.90MB | final=0.00MB
2025-07-26 12:36:59,882 - INFO - [Shapelet 837] forward_avg=0.001625s over 26 calls | peak=170.03MB | final=0.00MB
2025-07-26 12:36:59,882 - INFO - [Shapelet 957] forward_avg=0.001828s over 26 calls | peak=129.44MB | final=0.00MB
2025-07-26 12:36:59,882 - INFO - 
🔍 COSINE modules:
2025-07-26 12:36:59,882 - INFO - [Shapelet 119] forward_avg=0.002216s over 26 calls | peak=47.22MB | final=0.00MB
2025-07-26 12:36:59,882 - INFO - [Shapelet 238] forward_avg=0.002283s over 26 calls | peak=83.85MB | final=0.00MB
2025-07-26 12:36:59,882 - INFO - [Shapelet 358] forward_avg=0.002143s over 26 calls | peak=112.15MB | final=0.00MB
2025-07-26 12:36:59,882 - INFO - [Shapelet 478] forward_avg=0.002126s over 26 calls | peak=128.13MB | final=0.00MB
2025-07-26 12:36:59,882 - INFO - [Shapelet 597] forward_avg=0.002115s over 26 calls | peak=132.11MB | final=0.00MB
2025-07-26 12:36:59,882 - INFO - [Shapelet 717] forward_avg=0.002067s over 26 calls | peak=128.09MB | final=0.00MB
2025-07-26 12:36:59,882 - INFO - [Shapelet 837] forward_avg=0.002029s over 26 calls | peak=112.07MB | final=0.00MB
2025-07-26 12:36:59,882 - INFO - [Shapelet 957] forward_avg=0.002034s over 26 calls | peak=84.51MB | final=0.00MB
2025-07-26 12:36:59,882 - INFO - 
🔍 CROSS modules:
2025-07-26 12:36:59,882 - INFO - [Shapelet 119] forward_avg=0.000489s over 26 calls
2025-07-26 12:36:59,882 - INFO - [Shapelet 238] forward_avg=0.000455s over 26 calls
2025-07-26 12:36:59,882 - INFO - [Shapelet 358] forward_avg=0.000447s over 26 calls
2025-07-26 12:36:59,882 - INFO - [Shapelet 478] forward_avg=0.000468s over 26 calls
2025-07-26 12:36:59,882 - INFO - [Shapelet 597] forward_avg=0.000489s over 26 calls
2025-07-26 12:36:59,882 - INFO - [Shapelet 717] forward_avg=0.000523s over 26 calls
2025-07-26 12:36:59,883 - INFO - [Shapelet 837] forward_avg=0.000566s over 26 calls
2025-07-26 12:36:59,883 - INFO - [Shapelet 957] forward_avg=0.000609s over 26 calls
2025-07-26 12:36:59,883 - INFO - 
💾 模型第一次反向传播阶段的显存峰值（所有模块中的最大值）: 1796.95 MB
2025-07-26 12:36:59,883 - INFO - 
💾 模型初始显存: 5.08 MB
2025-07-26 12:36:59,883 - INFO - =======================================================================

2025-07-26 12:36:59,883 - INFO - torch.cuda.max_memory_reserved() : 2.2421875
2025-07-26 12:37:02,986 - INFO - Epoch 4 completed in 3.101957 seconds
2025-07-26 12:37:02,986 - INFO - torch.cuda.max_memory_reserved() : 2.2421875
2025-07-26 12:37:05,766 - INFO - Epoch 5 completed in 2.779596 seconds
2025-07-26 12:37:05,767 - INFO - torch.cuda.max_memory_reserved() : 2.2421875
2025-07-26 12:37:08,666 - INFO - Epoch 6 completed in 2.898622 seconds
2025-07-26 12:37:08,668 - INFO - torch.cuda.max_memory_reserved() : 2.2421875
2025-07-26 12:37:11,503 - INFO - Epoch 7 completed in 2.834046 seconds
2025-07-26 12:37:11,504 - INFO - torch.cuda.max_memory_reserved() : 2.2421875
2025-07-26 12:37:14,524 - INFO - Epoch 8 completed in 3.018951 seconds
2025-07-26 12:37:14,525 - INFO - torch.cuda.max_memory_reserved() : 2.2421875
2025-07-26 12:37:17,609 - INFO - Epoch 9 completed in 3.083699 seconds
2025-07-26 12:37:17,609 - INFO - torch.cuda.max_memory_reserved() : 2.2421875
2025-07-26 12:37:20,689 - INFO - Epoch 10 completed in 3.079293 seconds
2025-07-26 12:37:21,320 - INFO - torch.cuda.max_memory_reserved() : 2.2421875
2025-07-26 12:37:21,321 - INFO - !!!采用策略后的几个epoch 平均时间:2.962373286485672
2025-07-26 12:37:21,321 - INFO - 



