2025-07-26 12:40:12,744 - INFO - 📌 第一个 epoch：默认所有模块使用 checkpoint
2025-07-26 12:40:17,428 - INFO - Epoch 1 completed in 4.696049 seconds
2025-07-26 12:40:18,157 - INFO - torch.cuda.max_memory_reserved() : 1.029296875
2025-07-26 12:40:22,290 - INFO - 
[🔁 拟合反向传播时间模型]
2025-07-26 12:40:22,291 - INFO - 总反向传播时间: 4.113828s
2025-07-26 12:40:22,291 - INFO - 拟合模型: backward_total ≈ 2 × (A + B) + b
2025-07-26 12:40:22,291 - INFO - A = 2.715442, B = 0.230131, b = 1.168256s
2025-07-26 12:40:23,143 - INFO - ✅ 最优策略：[1.0, 1.0, 1.0, 1.0, 1.0, 1.0, 1.0, 1.0, 1.0, 1.0, 1.0, 1.0, 1.0, 1.0, 1.0, 1.0]
2025-07-26 12:40:23,144 - INFO - 📌 checkpoint 的欧氏长度:, []
2025-07-26 12:40:23,144 - INFO - 📌 checkpoint 的余弦长度:, []
2025-07-26 12:40:23,144 - INFO - 💾 最终显存峰值：%.2f MB % 1780.8826751708984
2025-07-26 12:40:23,146 - INFO - Epoch 2 completed in 4.987882 seconds
2025-07-26 12:40:23,146 - INFO - torch.cuda.max_memory_reserved() : 1.029296875
2025-07-26 12:40:26,162 - INFO - Epoch 3 completed in 3.014830 seconds
2025-07-26 12:40:26,163 - INFO - 
====================== [第1个 Epoch 收集统计数据] ======================
2025-07-26 12:40:26,163 - INFO - 
🔍 EUCLIDEAN modules:
2025-07-26 12:40:26,163 - INFO - [Shapelet 119] forward_avg=0.002106s over 26 calls | peak=72.20MB | final=0.00MB
2025-07-26 12:40:26,163 - INFO - [Shapelet 238] forward_avg=0.001767s over 26 calls | peak=126.95MB | final=0.00MB
2025-07-26 12:40:26,163 - INFO - [Shapelet 358] forward_avg=0.001917s over 26 calls | peak=169.17MB | final=0.00MB
2025-07-26 12:40:26,163 - INFO - [Shapelet 478] forward_avg=0.001904s over 26 calls | peak=193.41MB | final=0.00MB
2025-07-26 12:40:26,163 - INFO - [Shapelet 597] forward_avg=0.002149s over 26 calls | peak=199.65MB | final=0.00MB
2025-07-26 12:40:26,163 - INFO - [Shapelet 717] forward_avg=0.001866s over 26 calls | peak=193.90MB | final=0.00MB
2025-07-26 12:40:26,163 - INFO - [Shapelet 837] forward_avg=0.001829s over 26 calls | peak=170.03MB | final=0.00MB
2025-07-26 12:40:26,163 - INFO - [Shapelet 957] forward_avg=0.001869s over 26 calls | peak=129.44MB | final=0.00MB
2025-07-26 12:40:26,163 - INFO - 
🔍 COSINE modules:
2025-07-26 12:40:26,163 - INFO - [Shapelet 119] forward_avg=0.002467s over 26 calls | peak=47.22MB | final=0.00MB
2025-07-26 12:40:26,163 - INFO - [Shapelet 238] forward_avg=0.002373s over 26 calls | peak=83.85MB | final=0.00MB
2025-07-26 12:40:26,163 - INFO - [Shapelet 358] forward_avg=0.002359s over 26 calls | peak=112.15MB | final=0.00MB
2025-07-26 12:40:26,163 - INFO - [Shapelet 478] forward_avg=0.002477s over 26 calls | peak=128.13MB | final=0.00MB
2025-07-26 12:40:26,163 - INFO - [Shapelet 597] forward_avg=0.002622s over 26 calls | peak=132.11MB | final=0.00MB
2025-07-26 12:40:26,163 - INFO - [Shapelet 717] forward_avg=0.002404s over 26 calls | peak=128.09MB | final=0.00MB
2025-07-26 12:40:26,163 - INFO - [Shapelet 837] forward_avg=0.002353s over 26 calls | peak=112.07MB | final=0.00MB
2025-07-26 12:40:26,163 - INFO - [Shapelet 957] forward_avg=0.002351s over 26 calls | peak=84.51MB | final=0.00MB
2025-07-26 12:40:26,163 - INFO - 
🔍 CROSS modules:
2025-07-26 12:40:26,163 - INFO - [Shapelet 119] forward_avg=0.000539s over 26 calls
2025-07-26 12:40:26,163 - INFO - [Shapelet 238] forward_avg=0.000509s over 26 calls
2025-07-26 12:40:26,163 - INFO - [Shapelet 358] forward_avg=0.000504s over 26 calls
2025-07-26 12:40:26,163 - INFO - [Shapelet 478] forward_avg=0.000521s over 26 calls
2025-07-26 12:40:26,163 - INFO - [Shapelet 597] forward_avg=0.000536s over 26 calls
2025-07-26 12:40:26,163 - INFO - [Shapelet 717] forward_avg=0.000564s over 26 calls
2025-07-26 12:40:26,163 - INFO - [Shapelet 837] forward_avg=0.000609s over 26 calls
2025-07-26 12:40:26,163 - INFO - [Shapelet 957] forward_avg=0.000643s over 26 calls
2025-07-26 12:40:26,163 - INFO - 
💾 模型第一次反向传播阶段的显存峰值（所有模块中的最大值）: 1796.95 MB
2025-07-26 12:40:26,164 - INFO - 
💾 模型初始显存: 5.08 MB
2025-07-26 12:40:26,164 - INFO - =======================================================================

2025-07-26 12:40:26,164 - INFO - torch.cuda.max_memory_reserved() : 2.2421875
2025-07-26 12:40:29,487 - INFO - Epoch 4 completed in 3.322368 seconds
2025-07-26 12:40:29,488 - INFO - torch.cuda.max_memory_reserved() : 2.2421875
2025-07-26 12:40:32,505 - INFO - Epoch 5 completed in 3.015845 seconds
2025-07-26 12:40:32,506 - INFO - torch.cuda.max_memory_reserved() : 2.2421875
2025-07-26 12:40:35,550 - INFO - Epoch 6 completed in 3.043620 seconds
2025-07-26 12:40:35,550 - INFO - torch.cuda.max_memory_reserved() : 2.2421875
2025-07-26 12:40:38,545 - INFO - Epoch 7 completed in 2.993950 seconds
2025-07-26 12:40:38,546 - INFO - torch.cuda.max_memory_reserved() : 2.2421875
2025-07-26 12:40:41,722 - INFO - Epoch 8 completed in 3.173863 seconds
2025-07-26 12:40:41,722 - INFO - torch.cuda.max_memory_reserved() : 2.2421875
2025-07-26 12:40:44,675 - INFO - Epoch 9 completed in 2.952153 seconds
2025-07-26 12:40:44,676 - INFO - torch.cuda.max_memory_reserved() : 2.2421875
2025-07-26 12:40:47,927 - INFO - Epoch 10 completed in 3.250590 seconds
2025-07-26 12:40:48,568 - INFO - torch.cuda.max_memory_reserved() : 2.2421875
2025-07-26 12:40:48,568 - INFO - !!!采用策略后的几个epoch 平均时间:3.0959023237228394
2025-07-26 12:40:48,568 - INFO - 



