2025-07-26 12:59:30,324 - INFO - 📌 第一个 epoch：默认所有模块使用 checkpoint
2025-07-26 12:59:37,525 - INFO - Epoch 1 completed in 7.222393 seconds
2025-07-26 12:59:40,087 - INFO - torch.cuda.max_memory_reserved() : 11.17578125
2025-07-26 12:59:46,701 - INFO - 
[🔁 拟合反向传播时间模型]
2025-07-26 12:59:46,702 - INFO - 总反向传播时间: 6.575853s
2025-07-26 12:59:46,702 - INFO - 拟合模型: backward_total ≈ 2 × (A + B) + b
2025-07-26 12:59:46,702 - INFO - A = 5.289652, B = 0.460275, b = 0.825926s
2025-07-26 12:59:47,303 - INFO - ✅ 最优策略：[0.0, 0.0, 0.0, 0.0, 0.0, 0.0, 0.0, 0.0, 0.0, 0.0, 0.0, 0.0, 0.0, 0.0, 0.0, 0.0]
2025-07-26 12:59:47,303 - INFO - 📌 checkpoint 的欧氏长度:, [27, 54, 81, 108, 135, 162, 189, 216]
2025-07-26 12:59:47,303 - INFO - 📌 checkpoint 的余弦长度:, [27, 54, 81, 108, 135, 162, 189, 216]
2025-07-26 12:59:47,303 - INFO - 💾 最终显存峰值：%.2f MB % 3982.45703125
2025-07-26 12:59:47,308 - INFO - Epoch 2 completed in 7.220572 seconds
2025-07-26 12:59:47,309 - INFO - torch.cuda.max_memory_reserved() : 11.17578125
2025-07-26 12:59:53,878 - INFO - Epoch 3 completed in 6.568737 seconds
2025-07-26 12:59:53,878 - INFO - 
====================== [第1个 Epoch 收集统计数据] ======================
2025-07-26 12:59:53,878 - INFO - 
🔍 EUCLIDEAN modules:
2025-07-26 12:59:53,879 - INFO - [Shapelet  27] forward_avg=0.007877s over 12 calls | peak=866.77MB | final=0.00MB
2025-07-26 12:59:53,879 - INFO - [Shapelet  54] forward_avg=0.009904s over 12 calls | peak=1508.45MB | final=0.00MB
2025-07-26 12:59:53,879 - INFO - [Shapelet  81] forward_avg=0.012647s over 12 calls | peak=1972.67MB | final=0.00MB
2025-07-26 12:59:53,879 - INFO - [Shapelet 108] forward_avg=0.014148s over 12 calls | peak=2253.60MB | final=0.00MB
2025-07-26 12:59:53,879 - INFO - [Shapelet 135] forward_avg=0.014891s over 12 calls | peak=2357.04MB | final=0.00MB
2025-07-26 12:59:53,879 - INFO - [Shapelet 162] forward_avg=0.012910s over 12 calls | peak=2280.04MB | final=0.00MB
2025-07-26 12:59:53,879 - INFO - [Shapelet 189] forward_avg=0.011876s over 12 calls | peak=2023.78MB | final=0.00MB
2025-07-26 12:59:53,879 - INFO - [Shapelet 216] forward_avg=0.010483s over 12 calls | peak=1588.90MB | final=0.00MB
2025-07-26 12:59:53,879 - INFO - 
🔍 COSINE modules:
2025-07-26 12:59:53,879 - INFO - [Shapelet  27] forward_avg=0.003490s over 12 calls | peak=550.84MB | final=0.00MB
2025-07-26 12:59:53,879 - INFO - [Shapelet  54] forward_avg=0.005290s over 12 calls | peak=970.87MB | final=0.00MB
2025-07-26 12:59:53,879 - INFO - [Shapelet  81] forward_avg=0.006740s over 12 calls | peak=1271.50MB | final=0.00MB
2025-07-26 12:59:53,879 - INFO - [Shapelet 108] forward_avg=0.007968s over 12 calls | peak=1451.84MB | final=0.00MB
2025-07-26 12:59:53,879 - INFO - [Shapelet 135] forward_avg=0.008459s over 12 calls | peak=1513.58MB | final=0.00MB
2025-07-26 12:59:53,879 - INFO - [Shapelet 162] forward_avg=0.007129s over 12 calls | peak=1454.06MB | final=0.00MB
2025-07-26 12:59:53,879 - INFO - [Shapelet 189] forward_avg=0.006775s over 12 calls | peak=1275.63MB | final=0.00MB
2025-07-26 12:59:53,879 - INFO - [Shapelet 216] forward_avg=0.006349s over 12 calls | peak=977.89MB | final=0.00MB
2025-07-26 12:59:53,879 - INFO - 
🔍 CROSS modules:
2025-07-26 12:59:53,879 - INFO - [Shapelet  27] forward_avg=0.001146s over 12 calls
2025-07-26 12:59:53,879 - INFO - [Shapelet  54] forward_avg=0.001777s over 12 calls
2025-07-26 12:59:53,879 - INFO - [Shapelet  81] forward_avg=0.002422s over 12 calls
2025-07-26 12:59:53,879 - INFO - [Shapelet 108] forward_avg=0.002846s over 12 calls
2025-07-26 12:59:53,879 - INFO - [Shapelet 135] forward_avg=0.002174s over 12 calls
2025-07-26 12:59:53,879 - INFO - [Shapelet 162] forward_avg=0.002546s over 12 calls
2025-07-26 12:59:53,879 - INFO - [Shapelet 189] forward_avg=0.002895s over 12 calls
2025-07-26 12:59:53,879 - INFO - [Shapelet 216] forward_avg=0.003371s over 12 calls
2025-07-26 12:59:53,879 - INFO - 
💾 模型第一次反向传播阶段的显存峰值（所有模块中的最大值）: 3982.46 MB
2025-07-26 12:59:53,879 - INFO - 
💾 模型初始显存: 237.80 MB
2025-07-26 12:59:53,879 - INFO - =======================================================================

2025-07-26 12:59:53,880 - INFO - torch.cuda.max_memory_reserved() : 11.17578125
2025-07-26 13:00:00,320 - INFO - Epoch 4 completed in 6.439172 seconds
2025-07-26 13:00:00,321 - INFO - torch.cuda.max_memory_reserved() : 11.17578125
2025-07-26 13:00:06,872 - INFO - Epoch 5 completed in 6.549409 seconds
2025-07-26 13:00:06,872 - INFO - torch.cuda.max_memory_reserved() : 11.17578125
2025-07-26 13:00:13,586 - INFO - Epoch 6 completed in 6.712559 seconds
2025-07-26 13:00:13,586 - INFO - torch.cuda.max_memory_reserved() : 11.17578125
2025-07-26 13:00:20,377 - INFO - Epoch 7 completed in 6.790457 seconds
2025-07-26 13:00:20,378 - INFO - torch.cuda.max_memory_reserved() : 11.17578125
2025-07-26 13:00:26,834 - INFO - Epoch 8 completed in 6.455589 seconds
2025-07-26 13:00:26,835 - INFO - torch.cuda.max_memory_reserved() : 11.17578125
2025-07-26 13:00:33,236 - INFO - Epoch 9 completed in 6.400978 seconds
2025-07-26 13:00:33,237 - INFO - torch.cuda.max_memory_reserved() : 11.17578125
2025-07-26 13:00:39,690 - INFO - Epoch 10 completed in 6.453361 seconds
2025-07-26 13:00:42,213 - INFO - torch.cuda.max_memory_reserved() : 11.17578125
2025-07-26 13:00:42,214 - INFO - !!!采用策略后的几个epoch 平均时间:6.546282529830933
2025-07-26 13:00:42,214 - INFO - 



