2025-10-18 23:53:02,183 - INFO - 📌 第一个 epoch：默认所有模块使用 checkpoint
2025-10-18 23:53:03,365 - INFO - Epoch 1 completed in 1.186472 seconds
2025-10-18 23:53:03,842 - INFO - torch.cuda.max_memory_reserved() : 7.45703125
2025-10-18 23:53:04,435 - INFO - 
[🔁 拟合反向传播时间模型]
2025-10-18 23:53:04,435 - INFO - 总反向传播时间: 0.588786s
2025-10-18 23:53:04,435 - INFO - 拟合模型: backward_total ≈ 2 × (A + B) + b
2025-10-18 23:53:04,436 - INFO - A = 0.971107, B = 0.018820, b = -0.401141s
2025-10-18 23:53:04,503 - INFO - ✅ 最优策略：[0, 1, 0, 1, 0, 0, 1, 0, 0, 0, 1, 0, 1, 0, 1, 0]
2025-10-18 23:53:04,503 - INFO - 📌 checkpoint 的欧氏长度:, [119, 358, 597, 717, 957]
2025-10-18 23:53:04,503 - INFO - 📌 checkpoint 的余弦长度:, [119, 238, 478, 717, 957]
2025-10-18 23:53:04,504 - INFO - 💾 最终显存峰值：%.2f MB % 6297.65749917011
2025-10-18 23:53:04,504 - INFO - Epoch 2 completed in 0.661420 seconds
2025-10-18 23:53:04,504 - INFO - torch.cuda.max_memory_reserved() : 7.45703125
2025-10-18 23:53:05,023 - INFO - Epoch 3 completed in 0.519114 seconds
2025-10-18 23:53:05,024 - INFO - 
====================== [第1个 Epoch 收集统计数据] ======================
2025-10-18 23:53:05,024 - INFO - 
🔍 EUCLIDEAN modules:
2025-10-18 23:53:05,024 - INFO - [Shapelet 119] forward_avg=0.017698s over 2 calls | peak=574.44MB | final=0.00MB
2025-10-18 23:53:05,024 - INFO - [Shapelet 238] forward_avg=0.010438s over 2 calls | peak=1015.43MB | final=0.00MB
2025-10-18 23:53:05,024 - INFO - [Shapelet 358] forward_avg=0.016325s over 2 calls | peak=1333.82MB | final=0.00MB
2025-10-18 23:53:05,024 - INFO - [Shapelet 478] forward_avg=0.019953s over 2 calls | peak=1527.39MB | final=0.00MB
2025-10-18 23:53:05,024 - INFO - [Shapelet 597] forward_avg=0.019611s over 2 calls | peak=1593.80MB | final=0.00MB
2025-10-18 23:53:05,024 - INFO - [Shapelet 717] forward_avg=0.016932s over 2 calls | peak=1532.89MB | final=0.00MB
2025-10-18 23:53:05,024 - INFO - [Shapelet 837] forward_avg=0.014213s over 2 calls | peak=1346.26MB | final=0.00MB
2025-10-18 23:53:05,024 - INFO - [Shapelet 957] forward_avg=0.011674s over 2 calls | peak=1033.37MB | final=0.00MB
2025-10-18 23:53:05,024 - INFO - 
🔍 COSINE modules:
2025-10-18 23:53:05,024 - INFO - [Shapelet 119] forward_avg=0.001911s over 2 calls | peak=377.76MB | final=0.00MB
2025-10-18 23:53:05,025 - INFO - [Shapelet 238] forward_avg=0.003031s over 2 calls | peak=670.78MB | final=0.00MB
2025-10-18 23:53:05,025 - INFO - [Shapelet 358] forward_avg=0.003997s over 2 calls | peak=882.25MB | final=0.00MB
2025-10-18 23:53:05,025 - INFO - [Shapelet 478] forward_avg=0.006885s over 2 calls | peak=1010.33MB | final=0.00MB
2025-10-18 23:53:05,025 - INFO - [Shapelet 597] forward_avg=0.007882s over 2 calls | peak=1052.88MB | final=0.00MB
2025-10-18 23:53:05,025 - INFO - [Shapelet 717] forward_avg=0.004348s over 2 calls | peak=1012.70MB | final=0.00MB
2025-10-18 23:53:05,025 - INFO - [Shapelet 837] forward_avg=0.003895s over 2 calls | peak=885.75MB | final=0.00MB
2025-10-18 23:53:05,025 - INFO - [Shapelet 957] forward_avg=0.003058s over 2 calls | peak=676.20MB | final=0.00MB
2025-10-18 23:53:05,025 - INFO - 
🔍 CROSS modules:
2025-10-18 23:53:05,025 - INFO - [Shapelet 119] forward_avg=0.000557s over 2 calls
2025-10-18 23:53:05,025 - INFO - [Shapelet 238] forward_avg=0.000460s over 2 calls
2025-10-18 23:53:05,025 - INFO - [Shapelet 358] forward_avg=0.000593s over 2 calls
2025-10-18 23:53:05,025 - INFO - [Shapelet 478] forward_avg=0.000749s over 2 calls
2025-10-18 23:53:05,025 - INFO - [Shapelet 597] forward_avg=0.000620s over 2 calls
2025-10-18 23:53:05,025 - INFO - [Shapelet 717] forward_avg=0.000556s over 2 calls
2025-10-18 23:53:05,025 - INFO - [Shapelet 837] forward_avg=0.000610s over 2 calls
2025-10-18 23:53:05,025 - INFO - [Shapelet 957] forward_avg=0.000561s over 2 calls
2025-10-18 23:53:05,025 - INFO - 
💾 模型第一次反向传播阶段的显存峰值（所有模块中的最大值）: 5865.06 MB
2025-10-18 23:53:05,025 - INFO - 
💾 模型初始显存: 9.69 MB
2025-10-18 23:53:05,025 - INFO - =======================================================================

2025-10-18 23:53:05,025 - INFO - torch.cuda.max_memory_reserved() : 7.970703125
2025-10-18 23:53:05,525 - INFO - Epoch 4 completed in 0.498708 seconds
2025-10-18 23:53:05,525 - INFO - torch.cuda.max_memory_reserved() : 7.970703125
2025-10-18 23:53:06,050 - INFO - Epoch 5 completed in 0.522989 seconds
2025-10-18 23:53:06,050 - INFO - torch.cuda.max_memory_reserved() : 7.970703125
2025-10-18 23:53:06,533 - INFO - Epoch 6 completed in 0.480947 seconds
2025-10-18 23:53:06,533 - INFO - torch.cuda.max_memory_reserved() : 7.970703125
2025-10-18 23:53:07,053 - INFO - Epoch 7 completed in 0.518240 seconds
2025-10-18 23:53:07,054 - INFO - torch.cuda.max_memory_reserved() : 7.970703125
2025-10-18 23:53:07,522 - INFO - Epoch 8 completed in 0.467532 seconds
2025-10-18 23:53:07,523 - INFO - torch.cuda.max_memory_reserved() : 7.970703125
2025-10-18 23:53:08,061 - INFO - Epoch 9 completed in 0.536617 seconds
2025-10-18 23:53:08,062 - INFO - torch.cuda.max_memory_reserved() : 7.970703125
2025-10-18 23:53:08,585 - INFO - Epoch 10 completed in 0.522257 seconds
2025-10-18 23:53:09,041 - INFO - torch.cuda.max_memory_reserved() : 7.970703125
2025-10-18 23:53:09,041 - INFO - !!!采用策略后的几个epoch 平均时间:0.5083004534244537
2025-10-18 23:53:09,041 - INFO - 



