2025-10-18 23:50:35,463 - INFO - 📌 第一个 epoch：默认所有模块使用 checkpoint
2025-10-18 23:50:36,640 - INFO - Epoch 1 completed in 1.181989 seconds
2025-10-18 23:50:37,110 - INFO - torch.cuda.max_memory_reserved() : 7.45703125
2025-10-18 23:50:37,706 - INFO - 
[🔁 拟合反向传播时间模型]
2025-10-18 23:50:37,706 - INFO - 总反向传播时间: 0.590565s
2025-10-18 23:50:37,707 - INFO - 拟合模型: backward_total ≈ 2 × (A + B) + b
2025-10-18 23:50:37,707 - INFO - A = 0.971148, B = 0.018463, b = -0.399047s
2025-10-18 23:50:37,861 - INFO - ✅ 最优策略：[1, 1, 0, 0, 0, 0, 1, 0, 0, 0, 1, 0, 1, 1, 1, 1]
2025-10-18 23:50:37,861 - INFO - 📌 checkpoint 的欧氏长度:, [358, 478, 597, 717, 957]
2025-10-18 23:50:37,861 - INFO - 📌 checkpoint 的余弦长度:, [119, 238, 478]
2025-10-18 23:50:37,861 - INFO - 💾 最终显存峰值：%.2f MB % 7236.828612113497
2025-10-18 23:50:37,862 - INFO - Epoch 2 completed in 0.750707 seconds
2025-10-18 23:50:37,862 - INFO - torch.cuda.max_memory_reserved() : 7.45703125
2025-10-18 23:50:38,387 - INFO - Epoch 3 completed in 0.525066 seconds
2025-10-18 23:50:38,388 - INFO - 
====================== [第1个 Epoch 收集统计数据] ======================
2025-10-18 23:50:38,388 - INFO - 
🔍 EUCLIDEAN modules:
2025-10-18 23:50:38,388 - INFO - [Shapelet 119] forward_avg=0.017632s over 2 calls | peak=574.44MB | final=0.00MB
2025-10-18 23:50:38,388 - INFO - [Shapelet 238] forward_avg=0.010440s over 2 calls | peak=1015.43MB | final=0.00MB
2025-10-18 23:50:38,388 - INFO - [Shapelet 358] forward_avg=0.016415s over 2 calls | peak=1333.82MB | final=0.00MB
2025-10-18 23:50:38,388 - INFO - [Shapelet 478] forward_avg=0.019859s over 2 calls | peak=1527.39MB | final=0.00MB
2025-10-18 23:50:38,388 - INFO - [Shapelet 597] forward_avg=0.019601s over 2 calls | peak=1593.80MB | final=0.00MB
2025-10-18 23:50:38,388 - INFO - [Shapelet 717] forward_avg=0.016896s over 2 calls | peak=1532.89MB | final=0.00MB
2025-10-18 23:50:38,388 - INFO - [Shapelet 837] forward_avg=0.014211s over 2 calls | peak=1346.26MB | final=0.00MB
2025-10-18 23:50:38,389 - INFO - [Shapelet 957] forward_avg=0.011691s over 2 calls | peak=1033.37MB | final=0.00MB
2025-10-18 23:50:38,389 - INFO - 
🔍 COSINE modules:
2025-10-18 23:50:38,389 - INFO - [Shapelet 119] forward_avg=0.001899s over 2 calls | peak=377.76MB | final=0.00MB
2025-10-18 23:50:38,389 - INFO - [Shapelet 238] forward_avg=0.003010s over 2 calls | peak=670.78MB | final=0.00MB
2025-10-18 23:50:38,389 - INFO - [Shapelet 358] forward_avg=0.003845s over 2 calls | peak=882.25MB | final=0.00MB
2025-10-18 23:50:38,389 - INFO - [Shapelet 478] forward_avg=0.007172s over 2 calls | peak=1010.33MB | final=0.00MB
2025-10-18 23:50:38,389 - INFO - [Shapelet 597] forward_avg=0.007905s over 2 calls | peak=1052.88MB | final=0.00MB
2025-10-18 23:50:38,389 - INFO - [Shapelet 717] forward_avg=0.004345s over 2 calls | peak=1012.70MB | final=0.00MB
2025-10-18 23:50:38,390 - INFO - [Shapelet 837] forward_avg=0.003888s over 2 calls | peak=885.75MB | final=0.00MB
2025-10-18 23:50:38,390 - INFO - [Shapelet 957] forward_avg=0.003050s over 2 calls | peak=676.20MB | final=0.00MB
2025-10-18 23:50:38,390 - INFO - 
🔍 CROSS modules:
2025-10-18 23:50:38,390 - INFO - [Shapelet 119] forward_avg=0.000556s over 2 calls
2025-10-18 23:50:38,390 - INFO - [Shapelet 238] forward_avg=0.000467s over 2 calls
2025-10-18 23:50:38,390 - INFO - [Shapelet 358] forward_avg=0.000579s over 2 calls
2025-10-18 23:50:38,390 - INFO - [Shapelet 478] forward_avg=0.000724s over 2 calls
2025-10-18 23:50:38,390 - INFO - [Shapelet 597] forward_avg=0.000605s over 2 calls
2025-10-18 23:50:38,390 - INFO - [Shapelet 717] forward_avg=0.000544s over 2 calls
2025-10-18 23:50:38,390 - INFO - [Shapelet 837] forward_avg=0.000602s over 2 calls
2025-10-18 23:50:38,391 - INFO - [Shapelet 957] forward_avg=0.000539s over 2 calls
2025-10-18 23:50:38,391 - INFO - 
💾 模型第一次反向传播阶段的显存峰值（所有模块中的最大值）: 5250.43 MB
2025-10-18 23:50:38,391 - INFO - 
💾 模型初始显存: 9.69 MB
2025-10-18 23:50:38,391 - INFO - =======================================================================

2025-10-18 23:50:38,391 - INFO - torch.cuda.max_memory_reserved() : 7.45703125
2025-10-18 23:50:38,914 - INFO - Epoch 4 completed in 0.521437 seconds
2025-10-18 23:50:38,914 - INFO - torch.cuda.max_memory_reserved() : 7.970703125
2025-10-18 23:50:39,381 - INFO - Epoch 5 completed in 0.465312 seconds
2025-10-18 23:50:39,381 - INFO - torch.cuda.max_memory_reserved() : 7.97265625
2025-10-18 23:50:39,911 - INFO - Epoch 6 completed in 0.528149 seconds
2025-10-18 23:50:39,911 - INFO - torch.cuda.max_memory_reserved() : 7.97265625
2025-10-18 23:50:40,446 - INFO - Epoch 7 completed in 0.534431 seconds
2025-10-18 23:50:40,447 - INFO - torch.cuda.max_memory_reserved() : 7.97265625
2025-10-18 23:50:40,929 - INFO - Epoch 8 completed in 0.480091 seconds
2025-10-18 23:50:40,930 - INFO - torch.cuda.max_memory_reserved() : 7.97265625
2025-10-18 23:50:41,401 - INFO - Epoch 9 completed in 0.470124 seconds
2025-10-18 23:50:41,402 - INFO - torch.cuda.max_memory_reserved() : 7.97265625
2025-10-18 23:50:41,917 - INFO - Epoch 10 completed in 0.514039 seconds
2025-10-18 23:50:42,369 - INFO - torch.cuda.max_memory_reserved() : 7.97265625
2025-10-18 23:50:42,370 - INFO - !!!采用策略后的几个epoch 平均时间:0.5048311054706573
2025-10-18 23:50:42,370 - INFO - 



