2025-10-18 23:51:05,229 - INFO - 📌 第一个 epoch：默认所有模块使用 checkpoint
2025-10-18 23:51:06,413 - INFO - Epoch 1 completed in 1.188395 seconds
2025-10-18 23:51:06,883 - INFO - torch.cuda.max_memory_reserved() : 7.45703125
2025-10-18 23:51:07,479 - INFO - 
[🔁 拟合反向传播时间模型]
2025-10-18 23:51:07,480 - INFO - 总反向传播时间: 0.592273s
2025-10-18 23:51:07,480 - INFO - 拟合模型: backward_total ≈ 2 × (A + B) + b
2025-10-18 23:51:07,480 - INFO - A = 0.945199, B = 0.018799, b = -0.371725s
2025-10-18 23:51:07,547 - INFO - ✅ 最优策略：[0, 1, 0, 1, 0, 0, 1, 0, 0, 0, 1, 0, 1, 0, 1, 0]
2025-10-18 23:51:07,547 - INFO - 📌 checkpoint 的欧氏长度:, [119, 358, 597, 717, 957]
2025-10-18 23:51:07,547 - INFO - 📌 checkpoint 的余弦长度:, [119, 238, 478, 717, 957]
2025-10-18 23:51:07,547 - INFO - 💾 最终显存峰值：%.2f MB % 6297.65749917011
2025-10-18 23:51:07,548 - INFO - Epoch 2 completed in 0.664215 seconds
2025-10-18 23:51:07,548 - INFO - torch.cuda.max_memory_reserved() : 7.45703125
2025-10-18 23:51:08,063 - INFO - Epoch 3 completed in 0.514677 seconds
2025-10-18 23:51:08,063 - INFO - 
====================== [第1个 Epoch 收集统计数据] ======================
2025-10-18 23:51:08,063 - INFO - 
🔍 EUCLIDEAN modules:
2025-10-18 23:51:08,063 - INFO - [Shapelet 119] forward_avg=0.017700s over 2 calls | peak=574.44MB | final=0.00MB
2025-10-18 23:51:08,063 - INFO - [Shapelet 238] forward_avg=0.010323s over 2 calls | peak=1015.43MB | final=0.00MB
2025-10-18 23:51:08,063 - INFO - [Shapelet 358] forward_avg=0.016389s over 2 calls | peak=1333.82MB | final=0.00MB
2025-10-18 23:51:08,063 - INFO - [Shapelet 478] forward_avg=0.018855s over 2 calls | peak=1527.39MB | final=0.00MB
2025-10-18 23:51:08,063 - INFO - [Shapelet 597] forward_avg=0.018550s over 2 calls | peak=1593.80MB | final=0.00MB
2025-10-18 23:51:08,063 - INFO - [Shapelet 717] forward_avg=0.015853s over 2 calls | peak=1532.89MB | final=0.00MB
2025-10-18 23:51:08,063 - INFO - [Shapelet 837] forward_avg=0.014174s over 2 calls | peak=1346.26MB | final=0.00MB
2025-10-18 23:51:08,063 - INFO - [Shapelet 957] forward_avg=0.010631s over 2 calls | peak=1033.37MB | final=0.00MB
2025-10-18 23:51:08,063 - INFO - 
🔍 COSINE modules:
2025-10-18 23:51:08,063 - INFO - [Shapelet 119] forward_avg=0.001997s over 2 calls | peak=377.76MB | final=0.00MB
2025-10-18 23:51:08,063 - INFO - [Shapelet 238] forward_avg=0.003022s over 2 calls | peak=670.78MB | final=0.00MB
2025-10-18 23:51:08,063 - INFO - [Shapelet 358] forward_avg=0.004995s over 2 calls | peak=882.25MB | final=0.00MB
2025-10-18 23:51:08,063 - INFO - [Shapelet 478] forward_avg=0.006833s over 2 calls | peak=1010.33MB | final=0.00MB
2025-10-18 23:51:08,063 - INFO - [Shapelet 597] forward_avg=0.006892s over 2 calls | peak=1052.88MB | final=0.00MB
2025-10-18 23:51:08,063 - INFO - [Shapelet 717] forward_avg=0.004371s over 2 calls | peak=1012.70MB | final=0.00MB
2025-10-18 23:51:08,063 - INFO - [Shapelet 837] forward_avg=0.003895s over 2 calls | peak=885.75MB | final=0.00MB
2025-10-18 23:51:08,064 - INFO - [Shapelet 957] forward_avg=0.003053s over 2 calls | peak=676.20MB | final=0.00MB
2025-10-18 23:51:08,064 - INFO - 
🔍 CROSS modules:
2025-10-18 23:51:08,064 - INFO - [Shapelet 119] forward_avg=0.000559s over 2 calls
2025-10-18 23:51:08,064 - INFO - [Shapelet 238] forward_avg=0.000473s over 2 calls
2025-10-18 23:51:08,064 - INFO - [Shapelet 358] forward_avg=0.000606s over 2 calls
2025-10-18 23:51:08,064 - INFO - [Shapelet 478] forward_avg=0.000738s over 2 calls
2025-10-18 23:51:08,064 - INFO - [Shapelet 597] forward_avg=0.000619s over 2 calls
2025-10-18 23:51:08,064 - INFO - [Shapelet 717] forward_avg=0.000551s over 2 calls
2025-10-18 23:51:08,064 - INFO - [Shapelet 837] forward_avg=0.000603s over 2 calls
2025-10-18 23:51:08,064 - INFO - [Shapelet 957] forward_avg=0.000551s over 2 calls
2025-10-18 23:51:08,064 - INFO - 
💾 模型第一次反向传播阶段的显存峰值（所有模块中的最大值）: 5865.06 MB
2025-10-18 23:51:08,064 - INFO - 
💾 模型初始显存: 9.69 MB
2025-10-18 23:51:08,064 - INFO - =======================================================================

2025-10-18 23:51:08,064 - INFO - torch.cuda.max_memory_reserved() : 7.970703125
2025-10-18 23:51:08,562 - INFO - Epoch 4 completed in 0.497267 seconds
2025-10-18 23:51:08,562 - INFO - torch.cuda.max_memory_reserved() : 7.970703125
2025-10-18 23:51:09,088 - INFO - Epoch 5 completed in 0.524376 seconds
2025-10-18 23:51:09,089 - INFO - torch.cuda.max_memory_reserved() : 7.970703125
2025-10-18 23:51:09,583 - INFO - Epoch 6 completed in 0.492826 seconds
2025-10-18 23:51:09,583 - INFO - torch.cuda.max_memory_reserved() : 7.970703125
2025-10-18 23:51:10,108 - INFO - Epoch 7 completed in 0.524386 seconds
2025-10-18 23:51:10,109 - INFO - torch.cuda.max_memory_reserved() : 7.970703125
2025-10-18 23:51:10,580 - INFO - Epoch 8 completed in 0.470036 seconds
2025-10-18 23:51:10,581 - INFO - torch.cuda.max_memory_reserved() : 7.970703125
2025-10-18 23:51:11,108 - INFO - Epoch 9 completed in 0.526184 seconds
2025-10-18 23:51:11,109 - INFO - torch.cuda.max_memory_reserved() : 7.970703125
2025-10-18 23:51:11,620 - INFO - Epoch 10 completed in 0.509803 seconds
2025-10-18 23:51:12,073 - INFO - torch.cuda.max_memory_reserved() : 7.970703125
2025-10-18 23:51:12,073 - INFO - !!!采用策略后的几个epoch 平均时间:0.5074443817138672
2025-10-18 23:51:12,074 - INFO - 



