2025-10-18 23:51:34,764 - INFO - 📌 第一个 epoch：默认所有模块使用 checkpoint
2025-10-18 23:51:35,921 - INFO - Epoch 1 completed in 1.160956 seconds
2025-10-18 23:51:36,377 - INFO - torch.cuda.max_memory_reserved() : 7.45703125
2025-10-18 23:51:36,970 - INFO - 
[🔁 拟合反向传播时间模型]
2025-10-18 23:51:36,970 - INFO - 总反向传播时间: 0.588969s
2025-10-18 23:51:36,970 - INFO - 拟合模型: backward_total ≈ 2 × (A + B) + b
2025-10-18 23:51:36,971 - INFO - A = 0.971887, B = 0.018856, b = -0.401773s
2025-10-18 23:51:37,039 - INFO - ✅ 最优策略：[0, 1, 0, 1, 0, 0, 1, 0, 0, 0, 1, 0, 1, 0, 1, 0]
2025-10-18 23:51:37,040 - INFO - 📌 checkpoint 的欧氏长度:, [119, 358, 597, 717, 957]
2025-10-18 23:51:37,040 - INFO - 📌 checkpoint 的余弦长度:, [119, 238, 478, 717, 957]
2025-10-18 23:51:37,040 - INFO - 💾 最终显存峰值：%.2f MB % 6297.65749917011
2025-10-18 23:51:37,040 - INFO - Epoch 2 completed in 0.662670 seconds
2025-10-18 23:51:37,040 - INFO - torch.cuda.max_memory_reserved() : 7.45703125
2025-10-18 23:51:37,549 - INFO - Epoch 3 completed in 0.508571 seconds
2025-10-18 23:51:37,549 - INFO - 
====================== [第1个 Epoch 收集统计数据] ======================
2025-10-18 23:51:37,550 - INFO - 
🔍 EUCLIDEAN modules:
2025-10-18 23:51:37,550 - INFO - [Shapelet 119] forward_avg=0.017718s over 2 calls | peak=574.44MB | final=0.00MB
2025-10-18 23:51:37,550 - INFO - [Shapelet 238] forward_avg=0.010415s over 2 calls | peak=1015.43MB | final=0.00MB
2025-10-18 23:51:37,550 - INFO - [Shapelet 358] forward_avg=0.016347s over 2 calls | peak=1333.82MB | final=0.00MB
2025-10-18 23:51:37,550 - INFO - [Shapelet 478] forward_avg=0.019933s over 2 calls | peak=1527.39MB | final=0.00MB
2025-10-18 23:51:37,550 - INFO - [Shapelet 597] forward_avg=0.019608s over 2 calls | peak=1593.80MB | final=0.00MB
2025-10-18 23:51:37,550 - INFO - [Shapelet 717] forward_avg=0.016949s over 2 calls | peak=1532.89MB | final=0.00MB
2025-10-18 23:51:37,550 - INFO - [Shapelet 837] forward_avg=0.014180s over 2 calls | peak=1346.26MB | final=0.00MB
2025-10-18 23:51:37,550 - INFO - [Shapelet 957] forward_avg=0.011639s over 2 calls | peak=1033.37MB | final=0.00MB
2025-10-18 23:51:37,551 - INFO - 
🔍 COSINE modules:
2025-10-18 23:51:37,551 - INFO - [Shapelet 119] forward_avg=0.001874s over 2 calls | peak=377.76MB | final=0.00MB
2025-10-18 23:51:37,551 - INFO - [Shapelet 238] forward_avg=0.003013s over 2 calls | peak=670.78MB | final=0.00MB
2025-10-18 23:51:37,551 - INFO - [Shapelet 358] forward_avg=0.003849s over 2 calls | peak=882.25MB | final=0.00MB
2025-10-18 23:51:37,551 - INFO - [Shapelet 478] forward_avg=0.007214s over 2 calls | peak=1010.33MB | final=0.00MB
2025-10-18 23:51:37,551 - INFO - [Shapelet 597] forward_avg=0.007927s over 2 calls | peak=1052.88MB | final=0.00MB
2025-10-18 23:51:37,551 - INFO - [Shapelet 717] forward_avg=0.004360s over 2 calls | peak=1012.70MB | final=0.00MB
2025-10-18 23:51:37,551 - INFO - [Shapelet 837] forward_avg=0.003896s over 2 calls | peak=885.75MB | final=0.00MB
2025-10-18 23:51:37,551 - INFO - [Shapelet 957] forward_avg=0.003057s over 2 calls | peak=676.20MB | final=0.00MB
2025-10-18 23:51:37,551 - INFO - 
🔍 CROSS modules:
2025-10-18 23:51:37,552 - INFO - [Shapelet 119] forward_avg=0.000582s over 2 calls
2025-10-18 23:51:37,552 - INFO - [Shapelet 238] forward_avg=0.000467s over 2 calls
2025-10-18 23:51:37,552 - INFO - [Shapelet 358] forward_avg=0.000624s over 2 calls
2025-10-18 23:51:37,552 - INFO - [Shapelet 478] forward_avg=0.000734s over 2 calls
2025-10-18 23:51:37,552 - INFO - [Shapelet 597] forward_avg=0.000608s over 2 calls
2025-10-18 23:51:37,552 - INFO - [Shapelet 717] forward_avg=0.000549s over 2 calls
2025-10-18 23:51:37,552 - INFO - [Shapelet 837] forward_avg=0.000602s over 2 calls
2025-10-18 23:51:37,552 - INFO - [Shapelet 957] forward_avg=0.000548s over 2 calls
2025-10-18 23:51:37,552 - INFO - 
💾 模型第一次反向传播阶段的显存峰值（所有模块中的最大值）: 5865.06 MB
2025-10-18 23:51:37,552 - INFO - 
💾 模型初始显存: 9.69 MB
2025-10-18 23:51:37,552 - INFO - =======================================================================

2025-10-18 23:51:37,552 - INFO - torch.cuda.max_memory_reserved() : 7.970703125
2025-10-18 23:51:38,045 - INFO - Epoch 4 completed in 0.492433 seconds
2025-10-18 23:51:38,046 - INFO - torch.cuda.max_memory_reserved() : 7.970703125
2025-10-18 23:51:38,566 - INFO - Epoch 5 completed in 0.519454 seconds
2025-10-18 23:51:38,567 - INFO - torch.cuda.max_memory_reserved() : 7.970703125
2025-10-18 23:51:39,050 - INFO - Epoch 6 completed in 0.481715 seconds
2025-10-18 23:51:39,051 - INFO - torch.cuda.max_memory_reserved() : 7.970703125
2025-10-18 23:51:39,604 - INFO - Epoch 7 completed in 0.552034 seconds
2025-10-18 23:51:39,604 - INFO - torch.cuda.max_memory_reserved() : 7.970703125
2025-10-18 23:51:40,078 - INFO - Epoch 8 completed in 0.472399 seconds
2025-10-18 23:51:40,079 - INFO - torch.cuda.max_memory_reserved() : 7.970703125
2025-10-18 23:51:40,604 - INFO - Epoch 9 completed in 0.524503 seconds
2025-10-18 23:51:40,605 - INFO - torch.cuda.max_memory_reserved() : 7.970703125
2025-10-18 23:51:41,121 - INFO - Epoch 10 completed in 0.516061 seconds
2025-10-18 23:51:41,570 - INFO - torch.cuda.max_memory_reserved() : 7.970703125
2025-10-18 23:51:41,570 - INFO - !!!采用策略后的几个epoch 平均时间:0.5083964467048645
2025-10-18 23:51:41,571 - INFO - 



