2025-10-22 01:02:07,556 - INFO - 📌 第一个 epoch：默认所有模块使用 checkpoint
2025-10-22 01:02:32,606 - INFO - Epoch 1 completed in 25.103470 seconds
2025-10-22 01:07:36,251 - INFO - torch.cuda.max_memory_reserved() : 0.919921875
2025-10-22 01:08:02,024 - INFO - 
[🔁 拟合反向传播时间模型]
2025-10-22 01:08:02,024 - INFO - 总反向传播时间: 25.329586s
2025-10-22 01:08:02,024 - INFO - 拟合模型: backward_total ≈ 2 × (A + B) + b
2025-10-22 01:08:02,025 - INFO - A = 13.546167, B = 1.240980, b = 10.542438s
2025-10-22 01:08:02,160 - INFO - ✅ 最优策略：[1, 0, 1, 1, 0, 1, 0, 1, 1, 1, 1, 0, 1, 1, 1, 1]
2025-10-22 01:08:02,160 - INFO - 📌 checkpoint 的欧氏长度:, [12, 30, 42]
2025-10-22 01:08:02,161 - INFO - 📌 checkpoint 的余弦长度:, [24]
2025-10-22 01:08:02,161 - INFO - 💾 最终显存峰值：%.2f MB % 1634.0300333179882
2025-10-22 01:08:02,184 - INFO - Epoch 2 completed in 25.931278 seconds
2025-10-22 01:08:02,185 - INFO - torch.cuda.max_memory_reserved() : 0.919921875
2025-10-22 01:08:23,393 - INFO - Epoch 3 completed in 21.207548 seconds
2025-10-22 01:08:23,394 - INFO - 
====================== [第1个 Epoch 收集统计数据] ======================
2025-10-22 01:08:23,394 - INFO - 
🔍 EUCLIDEAN modules:
2025-10-22 01:08:23,394 - INFO - [Shapelet   6] forward_avg=0.002739s over 92 calls | peak=121.01MB | final=0.00MB
2025-10-22 01:08:23,394 - INFO - [Shapelet  12] forward_avg=0.002743s over 92 calls | peak=164.59MB | final=0.00MB
2025-10-22 01:08:23,394 - INFO - [Shapelet  18] forward_avg=0.003227s over 92 calls | peak=202.52MB | final=0.00MB
2025-10-22 01:08:23,394 - INFO - [Shapelet  24] forward_avg=0.003496s over 92 calls | peak=233.25MB | final=0.00MB
2025-10-22 01:08:23,394 - INFO - [Shapelet  30] forward_avg=0.003329s over 92 calls | peak=247.82MB | final=0.00MB
2025-10-22 01:08:23,394 - INFO - [Shapelet  36] forward_avg=0.003629s over 92 calls | peak=247.36MB | final=0.00MB
2025-10-22 01:08:23,394 - INFO - [Shapelet  42] forward_avg=0.003744s over 92 calls | peak=232.68MB | final=0.00MB
2025-10-22 01:08:23,394 - INFO - [Shapelet  49] forward_avg=0.002497s over 92 calls | peak=202.64MB | final=0.00MB
2025-10-22 01:08:23,395 - INFO - 
🔍 COSINE modules:
2025-10-22 01:08:23,395 - INFO - [Shapelet   6] forward_avg=0.002791s over 92 calls | peak=81.68MB | final=0.00MB
2025-10-22 01:08:23,395 - INFO - [Shapelet  12] forward_avg=0.003013s over 92 calls | peak=100.70MB | final=0.00MB
2025-10-22 01:08:23,395 - INFO - [Shapelet  18] forward_avg=0.002907s over 92 calls | peak=117.07MB | final=0.00MB
2025-10-22 01:08:23,395 - INFO - [Shapelet  24] forward_avg=0.002843s over 92 calls | peak=134.74MB | final=0.00MB
2025-10-22 01:08:23,395 - INFO - [Shapelet  30] forward_avg=0.003065s over 92 calls | peak=141.93MB | final=0.00MB
2025-10-22 01:08:23,395 - INFO - [Shapelet  36] forward_avg=0.003162s over 92 calls | peak=139.35MB | final=0.00MB
2025-10-22 01:08:23,395 - INFO - [Shapelet  42] forward_avg=0.003097s over 92 calls | peak=125.51MB | final=0.00MB
2025-10-22 01:08:23,395 - INFO - [Shapelet  49] forward_avg=0.002797s over 92 calls | peak=106.17MB | final=0.00MB
2025-10-22 01:08:23,395 - INFO - 
🔍 CROSS modules:
2025-10-22 01:08:23,395 - INFO - [Shapelet   6] forward_avg=0.000749s over 92 calls
2025-10-22 01:08:23,395 - INFO - [Shapelet  12] forward_avg=0.000615s over 92 calls
2025-10-22 01:08:23,395 - INFO - [Shapelet  18] forward_avg=0.000674s over 92 calls
2025-10-22 01:08:23,395 - INFO - [Shapelet  24] forward_avg=0.000741s over 92 calls
2025-10-22 01:08:23,395 - INFO - [Shapelet  30] forward_avg=0.000866s over 92 calls
2025-10-22 01:08:23,395 - INFO - [Shapelet  36] forward_avg=0.000945s over 92 calls
2025-10-22 01:08:23,395 - INFO - [Shapelet  42] forward_avg=0.000992s over 92 calls
2025-10-22 01:08:23,395 - INFO - [Shapelet  49] forward_avg=0.001162s over 92 calls
2025-10-22 01:08:23,395 - INFO - 
💾 模型第一次反向传播阶段的显存峰值（所有模块中的最大值）: 1873.81 MB
2025-10-22 01:08:23,395 - INFO - 
💾 模型初始显存: 18.32 MB
2025-10-22 01:08:23,395 - INFO - =======================================================================

2025-10-22 01:08:23,396 - INFO - torch.cuda.max_memory_reserved() : 2.1953125
2025-10-22 01:08:44,391 - INFO - Epoch 4 completed in 20.994269 seconds
2025-10-22 01:08:44,392 - INFO - torch.cuda.max_memory_reserved() : 2.1953125
2025-10-22 01:09:05,889 - INFO - Epoch 5 completed in 21.495984 seconds
2025-10-22 01:09:05,890 - INFO - torch.cuda.max_memory_reserved() : 2.1953125
2025-10-22 01:09:27,043 - INFO - Epoch 6 completed in 21.152515 seconds
2025-10-22 01:09:27,044 - INFO - torch.cuda.max_memory_reserved() : 2.1953125
2025-10-22 01:09:47,939 - INFO - Epoch 7 completed in 20.894041 seconds
2025-10-22 01:09:47,940 - INFO - torch.cuda.max_memory_reserved() : 2.1953125
2025-10-22 01:10:08,373 - INFO - Epoch 8 completed in 20.432556 seconds
2025-10-22 01:10:08,374 - INFO - torch.cuda.max_memory_reserved() : 2.1953125
2025-10-22 01:10:28,900 - INFO - Epoch 9 completed in 20.525448 seconds
2025-10-22 01:10:28,900 - INFO - torch.cuda.max_memory_reserved() : 2.1953125
2025-10-22 01:10:49,489 - INFO - Epoch 10 completed in 20.587914 seconds
2025-10-22 01:15:46,129 - INFO - torch.cuda.max_memory_reserved() : 2.1953125
2025-10-22 01:15:46,130 - INFO - !!!采用策略后的几个epoch 平均时间:20.91128444671631
2025-10-22 01:15:46,130 - INFO - 



