2025-10-22 00:18:57,286 - INFO - 📌 第一个 epoch：默认所有模块使用 checkpoint
2025-10-22 00:19:22,402 - INFO - Epoch 1 completed in 25.171424 seconds
2025-10-22 00:24:30,585 - INFO - torch.cuda.max_memory_reserved() : 0.919921875
2025-10-22 00:24:56,019 - INFO - 
[🔁 拟合反向传播时间模型]
2025-10-22 00:24:56,020 - INFO - 总反向传播时间: 25.055707s
2025-10-22 00:24:56,020 - INFO - 拟合模型: backward_total ≈ 2 × (A + B) + b
2025-10-22 00:24:56,020 - INFO - A = 13.624064, B = 1.249731, b = 10.181912s
2025-10-22 00:24:56,136 - INFO - ✅ 最优策略：[1, 0, 1, 1, 0, 1, 0, 1, 1, 1, 1, 0, 1, 1, 1, 1]
2025-10-22 00:24:56,137 - INFO - 📌 checkpoint 的欧氏长度:, [12, 30, 42]
2025-10-22 00:24:56,137 - INFO - 📌 checkpoint 的余弦长度:, [24]
2025-10-22 00:24:56,138 - INFO - 💾 最终显存峰值：%.2f MB % 1634.0300333179882
2025-10-22 00:24:56,165 - INFO - Epoch 2 completed in 25.579087 seconds
2025-10-22 00:24:56,166 - INFO - torch.cuda.max_memory_reserved() : 0.919921875
2025-10-22 00:25:16,978 - INFO - Epoch 3 completed in 20.811937 seconds
2025-10-22 00:25:16,979 - INFO - 
====================== [第1个 Epoch 收集统计数据] ======================
2025-10-22 00:25:16,979 - INFO - 
🔍 EUCLIDEAN modules:
2025-10-22 00:25:16,979 - INFO - [Shapelet   6] forward_avg=0.002527s over 92 calls | peak=121.01MB | final=0.00MB
2025-10-22 00:25:16,979 - INFO - [Shapelet  12] forward_avg=0.002795s over 92 calls | peak=164.59MB | final=0.00MB
2025-10-22 00:25:16,979 - INFO - [Shapelet  18] forward_avg=0.003190s over 92 calls | peak=202.52MB | final=0.00MB
2025-10-22 00:25:16,979 - INFO - [Shapelet  24] forward_avg=0.003397s over 92 calls | peak=233.25MB | final=0.00MB
2025-10-22 00:25:16,979 - INFO - [Shapelet  30] forward_avg=0.003335s over 92 calls | peak=247.82MB | final=0.00MB
2025-10-22 00:25:16,979 - INFO - [Shapelet  36] forward_avg=0.003525s over 92 calls | peak=247.36MB | final=0.00MB
2025-10-22 00:25:16,979 - INFO - [Shapelet  42] forward_avg=0.003903s over 92 calls | peak=232.68MB | final=0.00MB
2025-10-22 00:25:16,979 - INFO - [Shapelet  49] forward_avg=0.002439s over 92 calls | peak=202.64MB | final=0.00MB
2025-10-22 00:25:16,979 - INFO - 
🔍 COSINE modules:
2025-10-22 00:25:16,979 - INFO - [Shapelet   6] forward_avg=0.002906s over 92 calls | peak=81.68MB | final=0.00MB
2025-10-22 00:25:16,980 - INFO - [Shapelet  12] forward_avg=0.002837s over 92 calls | peak=100.70MB | final=0.00MB
2025-10-22 00:25:16,980 - INFO - [Shapelet  18] forward_avg=0.003060s over 92 calls | peak=117.07MB | final=0.00MB
2025-10-22 00:25:16,980 - INFO - [Shapelet  24] forward_avg=0.003028s over 92 calls | peak=134.74MB | final=0.00MB
2025-10-22 00:25:16,980 - INFO - [Shapelet  30] forward_avg=0.003070s over 92 calls | peak=141.93MB | final=0.00MB
2025-10-22 00:25:16,980 - INFO - [Shapelet  36] forward_avg=0.003221s over 92 calls | peak=139.35MB | final=0.00MB
2025-10-22 00:25:16,980 - INFO - [Shapelet  42] forward_avg=0.003168s over 92 calls | peak=125.51MB | final=0.00MB
2025-10-22 00:25:16,980 - INFO - [Shapelet  49] forward_avg=0.002960s over 92 calls | peak=106.17MB | final=0.00MB
2025-10-22 00:25:16,980 - INFO - 
🔍 CROSS modules:
2025-10-22 00:25:16,980 - INFO - [Shapelet   6] forward_avg=0.000719s over 92 calls
2025-10-22 00:25:16,980 - INFO - [Shapelet  12] forward_avg=0.000634s over 92 calls
2025-10-22 00:25:16,980 - INFO - [Shapelet  18] forward_avg=0.000735s over 92 calls
2025-10-22 00:25:16,980 - INFO - [Shapelet  24] forward_avg=0.000799s over 92 calls
2025-10-22 00:25:16,980 - INFO - [Shapelet  30] forward_avg=0.000846s over 92 calls
2025-10-22 00:25:16,980 - INFO - [Shapelet  36] forward_avg=0.000919s over 92 calls
2025-10-22 00:25:16,980 - INFO - [Shapelet  42] forward_avg=0.001008s over 92 calls
2025-10-22 00:25:16,980 - INFO - [Shapelet  49] forward_avg=0.001131s over 92 calls
2025-10-22 00:25:16,980 - INFO - 
💾 模型第一次反向传播阶段的显存峰值（所有模块中的最大值）: 1873.81 MB
2025-10-22 00:25:16,980 - INFO - 
💾 模型初始显存: 18.32 MB
2025-10-22 00:25:16,980 - INFO - =======================================================================

2025-10-22 00:25:16,981 - INFO - torch.cuda.max_memory_reserved() : 2.1953125
2025-10-22 00:25:37,925 - INFO - Epoch 4 completed in 20.943180 seconds
2025-10-22 00:25:37,925 - INFO - torch.cuda.max_memory_reserved() : 2.1953125
2025-10-22 00:25:58,891 - INFO - Epoch 5 completed in 20.964397 seconds
2025-10-22 00:25:58,891 - INFO - torch.cuda.max_memory_reserved() : 2.1953125
2025-10-22 00:26:19,956 - INFO - Epoch 6 completed in 21.063687 seconds
2025-10-22 00:26:19,956 - INFO - torch.cuda.max_memory_reserved() : 2.1953125
2025-10-22 00:26:40,916 - INFO - Epoch 7 completed in 20.958947 seconds
2025-10-22 00:26:40,916 - INFO - torch.cuda.max_memory_reserved() : 2.1953125
2025-10-22 00:27:02,128 - INFO - Epoch 8 completed in 21.210914 seconds
2025-10-22 00:27:02,129 - INFO - torch.cuda.max_memory_reserved() : 2.1953125
2025-10-22 00:27:23,024 - INFO - Epoch 9 completed in 20.894297 seconds
2025-10-22 00:27:23,024 - INFO - torch.cuda.max_memory_reserved() : 2.1953125
2025-10-22 00:27:43,650 - INFO - Epoch 10 completed in 20.624528 seconds
2025-10-22 00:32:38,978 - INFO - torch.cuda.max_memory_reserved() : 2.1953125
2025-10-22 00:32:38,979 - INFO - !!!采用策略后的几个epoch 平均时间:20.9339859187603
2025-10-22 00:32:38,979 - INFO - 



