2025-10-22 00:47:49,876 - INFO - 📌 第一个 epoch：默认所有模块使用 checkpoint
2025-10-22 00:48:15,121 - INFO - Epoch 1 completed in 25.286485 seconds
2025-10-22 00:53:20,294 - INFO - torch.cuda.max_memory_reserved() : 0.919921875
2025-10-22 00:53:45,564 - INFO - 
[🔁 拟合反向传播时间模型]
2025-10-22 00:53:45,564 - INFO - 总反向传播时间: 24.935715s
2025-10-22 00:53:45,565 - INFO - 拟合模型: backward_total ≈ 2 × (A + B) + b
2025-10-22 00:53:45,565 - INFO - A = 13.591341, B = 1.252078, b = 10.092296s
2025-10-22 00:53:45,679 - INFO - ✅ 最优策略：[1, 0, 1, 1, 0, 1, 0, 1, 1, 1, 1, 0, 1, 1, 1, 1]
2025-10-22 00:53:45,680 - INFO - 📌 checkpoint 的欧氏长度:, [12, 30, 42]
2025-10-22 00:53:45,680 - INFO - 📌 checkpoint 的余弦长度:, [24]
2025-10-22 00:53:45,680 - INFO - 💾 最终显存峰值：%.2f MB % 1634.0300333179882
2025-10-22 00:53:45,699 - INFO - Epoch 2 completed in 25.403516 seconds
2025-10-22 00:53:45,700 - INFO - torch.cuda.max_memory_reserved() : 0.919921875
2025-10-22 00:54:06,464 - INFO - Epoch 3 completed in 20.763027 seconds
2025-10-22 00:54:06,464 - INFO - 
====================== [第1个 Epoch 收集统计数据] ======================
2025-10-22 00:54:06,464 - INFO - 
🔍 EUCLIDEAN modules:
2025-10-22 00:54:06,464 - INFO - [Shapelet   6] forward_avg=0.002535s over 92 calls | peak=121.01MB | final=0.00MB
2025-10-22 00:54:06,465 - INFO - [Shapelet  12] forward_avg=0.002773s over 92 calls | peak=164.59MB | final=0.00MB
2025-10-22 00:54:06,465 - INFO - [Shapelet  18] forward_avg=0.003335s over 92 calls | peak=202.52MB | final=0.00MB
2025-10-22 00:54:06,465 - INFO - [Shapelet  24] forward_avg=0.003393s over 92 calls | peak=233.25MB | final=0.00MB
2025-10-22 00:54:06,465 - INFO - [Shapelet  30] forward_avg=0.003505s over 92 calls | peak=247.82MB | final=0.00MB
2025-10-22 00:54:06,465 - INFO - [Shapelet  36] forward_avg=0.003678s over 92 calls | peak=247.36MB | final=0.00MB
2025-10-22 00:54:06,465 - INFO - [Shapelet  42] forward_avg=0.003686s over 92 calls | peak=232.68MB | final=0.00MB
2025-10-22 00:54:06,465 - INFO - [Shapelet  49] forward_avg=0.002449s over 92 calls | peak=202.64MB | final=0.00MB
2025-10-22 00:54:06,465 - INFO - 
🔍 COSINE modules:
2025-10-22 00:54:06,465 - INFO - [Shapelet   6] forward_avg=0.002846s over 92 calls | peak=81.68MB | final=0.00MB
2025-10-22 00:54:06,465 - INFO - [Shapelet  12] forward_avg=0.002789s over 92 calls | peak=100.70MB | final=0.00MB
2025-10-22 00:54:06,465 - INFO - [Shapelet  18] forward_avg=0.002959s over 92 calls | peak=117.07MB | final=0.00MB
2025-10-22 00:54:06,466 - INFO - [Shapelet  24] forward_avg=0.002870s over 92 calls | peak=134.74MB | final=0.00MB
2025-10-22 00:54:06,466 - INFO - [Shapelet  30] forward_avg=0.003210s over 92 calls | peak=141.93MB | final=0.00MB
2025-10-22 00:54:06,466 - INFO - [Shapelet  36] forward_avg=0.003276s over 92 calls | peak=139.35MB | final=0.00MB
2025-10-22 00:54:06,466 - INFO - [Shapelet  42] forward_avg=0.003174s over 92 calls | peak=125.51MB | final=0.00MB
2025-10-22 00:54:06,466 - INFO - [Shapelet  49] forward_avg=0.002765s over 92 calls | peak=106.17MB | final=0.00MB
2025-10-22 00:54:06,466 - INFO - 
🔍 CROSS modules:
2025-10-22 00:54:06,466 - INFO - [Shapelet   6] forward_avg=0.000757s over 92 calls
2025-10-22 00:54:06,466 - INFO - [Shapelet  12] forward_avg=0.000617s over 92 calls
2025-10-22 00:54:06,466 - INFO - [Shapelet  18] forward_avg=0.000654s over 92 calls
2025-10-22 00:54:06,466 - INFO - [Shapelet  24] forward_avg=0.000918s over 92 calls
2025-10-22 00:54:06,468 - INFO - [Shapelet  30] forward_avg=0.000865s over 92 calls
2025-10-22 00:54:06,468 - INFO - [Shapelet  36] forward_avg=0.000910s over 92 calls
2025-10-22 00:54:06,468 - INFO - [Shapelet  42] forward_avg=0.000981s over 92 calls
2025-10-22 00:54:06,469 - INFO - [Shapelet  49] forward_avg=0.001102s over 92 calls
2025-10-22 00:54:06,469 - INFO - 
💾 模型第一次反向传播阶段的显存峰值（所有模块中的最大值）: 1873.81 MB
2025-10-22 00:54:06,469 - INFO - 
💾 模型初始显存: 18.32 MB
2025-10-22 00:54:06,469 - INFO - =======================================================================

2025-10-22 00:54:06,470 - INFO - torch.cuda.max_memory_reserved() : 2.1953125
2025-10-22 00:54:27,677 - INFO - Epoch 4 completed in 21.206241 seconds
2025-10-22 00:54:27,678 - INFO - torch.cuda.max_memory_reserved() : 2.1953125
2025-10-22 00:54:48,647 - INFO - Epoch 5 completed in 20.967458 seconds
2025-10-22 00:54:48,647 - INFO - torch.cuda.max_memory_reserved() : 2.1953125
2025-10-22 00:55:09,495 - INFO - Epoch 6 completed in 20.846534 seconds
2025-10-22 00:55:09,495 - INFO - torch.cuda.max_memory_reserved() : 2.1953125
2025-10-22 00:55:30,890 - INFO - Epoch 7 completed in 21.394435 seconds
2025-10-22 00:55:30,891 - INFO - torch.cuda.max_memory_reserved() : 2.1953125
2025-10-22 00:55:52,024 - INFO - Epoch 8 completed in 21.132414 seconds
2025-10-22 00:55:52,024 - INFO - torch.cuda.max_memory_reserved() : 2.1953125
2025-10-22 00:56:12,821 - INFO - Epoch 9 completed in 20.795970 seconds
2025-10-22 00:56:12,822 - INFO - torch.cuda.max_memory_reserved() : 2.1953125
2025-10-22 00:56:33,534 - INFO - Epoch 10 completed in 20.710691 seconds
2025-10-22 01:01:35,323 - INFO - torch.cuda.max_memory_reserved() : 2.1953125
2025-10-22 01:01:35,324 - INFO - !!!采用策略后的几个epoch 平均时间:20.977096438407898
2025-10-22 01:01:35,325 - INFO - 



