2025-10-27 09:34:23,859 - INFO - 📌 第一个 epoch：默认所有模块使用 checkpoint
2025-10-27 09:57:15,341 - INFO - Epoch 1 completed in 1371.499875 seconds
2025-10-27 10:04:58,263 - INFO - torch.cuda.max_memory_reserved() : 0.560546875
2025-10-27 10:27:45,772 - INFO - 
[🔁 拟合反向传播时间模型]
2025-10-27 10:27:45,772 - INFO - 总反向传播时间: 1360.360734s
2025-10-27 10:27:45,772 - INFO - 拟合模型: backward_total ≈ 2 × (A + B) + b
2025-10-27 10:27:45,772 - INFO - A = 864.579352, B = 69.104464, b = 426.676918s
2025-10-27 10:27:45,837 - INFO - ✅ 最优策略：[1, 0, 1, 1, 0, 1, 0, 1, 0, 0, 1, 1, 0, 1, 1, 1]
2025-10-27 10:27:45,837 - INFO - 📌 checkpoint 的欧氏长度:, [694, 2395, 3529]
2025-10-27 10:27:45,837 - INFO - 📌 checkpoint 的余弦长度:, [128, 694, 2395]
2025-10-27 10:27:45,837 - INFO - 💾 最终显存峰值：%.2f MB % 730.1842742706013
2025-10-27 10:27:45,838 - INFO - Epoch 2 completed in 1367.571643 seconds
2025-10-27 10:27:45,839 - INFO - torch.cuda.max_memory_reserved() : 0.560546875
2025-10-27 10:47:52,352 - INFO - Epoch 3 completed in 1206.510598 seconds
2025-10-27 10:47:52,352 - INFO - 
====================== [第1个 Epoch 收集统计数据] ======================
2025-10-27 10:47:52,352 - INFO - 
🔍 EUCLIDEAN modules:
2025-10-27 10:47:52,353 - INFO - [Shapelet 128] forward_avg=0.001371s over 10912 calls | peak=14.80MB | final=0.00MB
2025-10-27 10:47:52,353 - INFO - [Shapelet 694] forward_avg=0.001354s over 10912 calls | peak=72.14MB | final=0.00MB
2025-10-27 10:47:52,353 - INFO - [Shapelet 1261] forward_avg=0.001347s over 10912 calls | peak=114.19MB | final=0.00MB
2025-10-27 10:47:52,353 - INFO - [Shapelet 1828] forward_avg=0.001358s over 10912 calls | peak=138.23MB | final=0.00MB
2025-10-27 10:47:52,353 - INFO - [Shapelet 2395] forward_avg=0.001438s over 10912 calls | peak=150.28MB | final=0.00MB
2025-10-27 10:47:52,353 - INFO - [Shapelet 2962] forward_avg=0.001496s over 10912 calls | peak=146.73MB | final=0.00MB
2025-10-27 10:47:52,353 - INFO - [Shapelet 3529] forward_avg=0.001547s over 10912 calls | peak=128.99MB | final=0.00MB
2025-10-27 10:47:52,353 - INFO - [Shapelet 4096] forward_avg=0.001513s over 10912 calls | peak=96.53MB | final=0.00MB
2025-10-27 10:47:52,353 - INFO - 
🔍 COSINE modules:
2025-10-27 10:47:52,353 - INFO - [Shapelet 128] forward_avg=0.001933s over 10912 calls | peak=9.79MB | final=0.00MB
2025-10-27 10:47:52,353 - INFO - [Shapelet 694] forward_avg=0.001803s over 10912 calls | peak=48.03MB | final=0.00MB
2025-10-27 10:47:52,353 - INFO - [Shapelet 1261] forward_avg=0.001802s over 10912 calls | peak=76.03MB | final=0.00MB
2025-10-27 10:47:52,353 - INFO - [Shapelet 1828] forward_avg=0.001801s over 10912 calls | peak=92.03MB | final=0.00MB
2025-10-27 10:47:52,353 - INFO - [Shapelet 2395] forward_avg=0.001880s over 10912 calls | peak=100.02MB | final=0.00MB
2025-10-27 10:47:52,353 - INFO - [Shapelet 2962] forward_avg=0.001846s over 10912 calls | peak=97.60MB | final=0.00MB
2025-10-27 10:47:52,353 - INFO - [Shapelet 3529] forward_avg=0.002119s over 10912 calls | peak=85.74MB | final=0.00MB
2025-10-27 10:47:52,353 - INFO - [Shapelet 4096] forward_avg=0.001804s over 10912 calls | peak=64.07MB | final=0.00MB
2025-10-27 10:47:52,353 - INFO - 
🔍 CROSS modules:
2025-10-27 10:47:52,353 - INFO - [Shapelet 128] forward_avg=0.000384s over 10912 calls
2025-10-27 10:47:52,353 - INFO - [Shapelet 694] forward_avg=0.000370s over 10912 calls
2025-10-27 10:47:52,353 - INFO - [Shapelet 1261] forward_avg=0.000367s over 10912 calls
2025-10-27 10:47:52,353 - INFO - [Shapelet 1828] forward_avg=0.000367s over 10912 calls
2025-10-27 10:47:52,353 - INFO - [Shapelet 2395] forward_avg=0.000385s over 10912 calls
2025-10-27 10:47:52,353 - INFO - [Shapelet 2962] forward_avg=0.000402s over 10912 calls
2025-10-27 10:47:52,353 - INFO - [Shapelet 3529] forward_avg=0.000431s over 10912 calls
2025-10-27 10:47:52,353 - INFO - [Shapelet 4096] forward_avg=0.000460s over 10912 calls
2025-10-27 10:47:52,353 - INFO - 
💾 模型第一次反向传播阶段的显存峰值（所有模块中的最大值）: 715.67 MB
2025-10-27 10:47:52,353 - INFO - 
💾 模型初始显存: 3.17 MB
2025-10-27 10:47:52,353 - INFO - =======================================================================

2025-10-27 10:47:52,354 - INFO - torch.cuda.max_memory_reserved() : 0.97265625
2025-10-27 11:07:03,782 - INFO - Epoch 4 completed in 1151.424879 seconds
2025-10-27 11:07:03,782 - INFO - torch.cuda.max_memory_reserved() : 0.97265625
2025-10-27 11:26:03,356 - INFO - Epoch 5 completed in 1139.570909 seconds
2025-10-27 11:26:03,357 - INFO - torch.cuda.max_memory_reserved() : 0.97265625
2025-10-27 11:44:58,213 - INFO - Epoch 6 completed in 1134.852501 seconds
2025-10-27 11:44:58,214 - INFO - torch.cuda.max_memory_reserved() : 0.97265625
2025-10-27 12:03:59,373 - INFO - Epoch 7 completed in 1141.154463 seconds
2025-10-27 12:03:59,373 - INFO - torch.cuda.max_memory_reserved() : 0.97265625
2025-10-27 12:22:57,521 - INFO - Epoch 8 completed in 1138.143682 seconds
2025-10-27 12:22:57,522 - INFO - torch.cuda.max_memory_reserved() : 0.97265625
2025-10-27 12:42:26,569 - INFO - Epoch 9 completed in 1169.044110 seconds
2025-10-27 12:42:26,570 - INFO - torch.cuda.max_memory_reserved() : 0.97265625
2025-10-27 13:01:22,332 - INFO - Epoch 10 completed in 1135.758945 seconds
2025-10-27 13:08:19,411 - INFO - torch.cuda.max_memory_reserved() : 0.97265625
2025-10-27 13:08:19,416 - INFO - !!!采用策略后的几个epoch 平均时间:1152.0575107336044
2025-10-27 13:08:19,416 - INFO - 



