2025-10-27 13:09:00,403 - INFO - 📌 第一个 epoch：默认所有模块使用 checkpoint
2025-10-27 13:32:36,884 - INFO - Epoch 1 completed in 1416.496757 seconds
2025-10-27 13:40:19,296 - INFO - torch.cuda.max_memory_reserved() : 0.560546875
2025-10-27 14:03:52,679 - INFO - 
[🔁 拟合反向传播时间模型]
2025-10-27 14:03:52,680 - INFO - 总反向传播时间: 1406.905492s
2025-10-27 14:03:52,680 - INFO - 拟合模型: backward_total ≈ 2 × (A + B) + b
2025-10-27 14:03:52,680 - INFO - A = 850.658789, B = 68.333555, b = 487.913148s
2025-10-27 14:03:52,747 - INFO - ✅ 最优策略：[1, 0, 1, 1, 0, 1, 0, 1, 0, 0, 1, 1, 0, 1, 1, 1]
2025-10-27 14:03:52,747 - INFO - 📌 checkpoint 的欧氏长度:, [694, 2395, 3529]
2025-10-27 14:03:52,747 - INFO - 📌 checkpoint 的余弦长度:, [128, 694, 2395]
2025-10-27 14:03:52,747 - INFO - 💾 最终显存峰值：%.2f MB % 730.1842742706013
2025-10-27 14:03:52,748 - INFO - Epoch 2 completed in 1413.448749 seconds
2025-10-27 14:03:52,749 - INFO - torch.cuda.max_memory_reserved() : 0.560546875
2025-10-27 14:23:34,525 - INFO - Epoch 3 completed in 1181.773591 seconds
2025-10-27 14:23:34,526 - INFO - 
====================== [第1个 Epoch 收集统计数据] ======================
2025-10-27 14:23:34,526 - INFO - 
🔍 EUCLIDEAN modules:
2025-10-27 14:23:34,526 - INFO - [Shapelet 128] forward_avg=0.001346s over 10912 calls | peak=14.80MB | final=0.00MB
2025-10-27 14:23:34,526 - INFO - [Shapelet 694] forward_avg=0.001329s over 10912 calls | peak=72.14MB | final=0.00MB
2025-10-27 14:23:34,526 - INFO - [Shapelet 1261] forward_avg=0.001321s over 10912 calls | peak=114.19MB | final=0.00MB
2025-10-27 14:23:34,526 - INFO - [Shapelet 1828] forward_avg=0.001337s over 10912 calls | peak=138.23MB | final=0.00MB
2025-10-27 14:23:34,526 - INFO - [Shapelet 2395] forward_avg=0.001426s over 10912 calls | peak=150.28MB | final=0.00MB
2025-10-27 14:23:34,526 - INFO - [Shapelet 2962] forward_avg=0.001485s over 10912 calls | peak=146.73MB | final=0.00MB
2025-10-27 14:23:34,526 - INFO - [Shapelet 3529] forward_avg=0.001534s over 10912 calls | peak=128.99MB | final=0.00MB
2025-10-27 14:23:34,526 - INFO - [Shapelet 4096] forward_avg=0.001502s over 10912 calls | peak=96.53MB | final=0.00MB
2025-10-27 14:23:34,526 - INFO - 
🔍 COSINE modules:
2025-10-27 14:23:34,526 - INFO - [Shapelet 128] forward_avg=0.001897s over 10912 calls | peak=9.79MB | final=0.00MB
2025-10-27 14:23:34,526 - INFO - [Shapelet 694] forward_avg=0.001768s over 10912 calls | peak=48.03MB | final=0.00MB
2025-10-27 14:23:34,526 - INFO - [Shapelet 1261] forward_avg=0.001770s over 10912 calls | peak=76.03MB | final=0.00MB
2025-10-27 14:23:34,526 - INFO - [Shapelet 1828] forward_avg=0.001764s over 10912 calls | peak=92.03MB | final=0.00MB
2025-10-27 14:23:34,526 - INFO - [Shapelet 2395] forward_avg=0.001847s over 10912 calls | peak=100.02MB | final=0.00MB
2025-10-27 14:23:34,526 - INFO - [Shapelet 2962] forward_avg=0.001808s over 10912 calls | peak=97.60MB | final=0.00MB
2025-10-27 14:23:34,526 - INFO - [Shapelet 3529] forward_avg=0.002081s over 10912 calls | peak=85.74MB | final=0.00MB
2025-10-27 14:23:34,526 - INFO - [Shapelet 4096] forward_avg=0.001769s over 10912 calls | peak=64.07MB | final=0.00MB
2025-10-27 14:23:34,526 - INFO - 
🔍 CROSS modules:
2025-10-27 14:23:34,526 - INFO - [Shapelet 128] forward_avg=0.000378s over 10912 calls
2025-10-27 14:23:34,526 - INFO - [Shapelet 694] forward_avg=0.000365s over 10912 calls
2025-10-27 14:23:34,526 - INFO - [Shapelet 1261] forward_avg=0.000361s over 10912 calls
2025-10-27 14:23:34,526 - INFO - [Shapelet 1828] forward_avg=0.000361s over 10912 calls
2025-10-27 14:23:34,526 - INFO - [Shapelet 2395] forward_avg=0.000382s over 10912 calls
2025-10-27 14:23:34,526 - INFO - [Shapelet 2962] forward_avg=0.000399s over 10912 calls
2025-10-27 14:23:34,526 - INFO - [Shapelet 3529] forward_avg=0.000428s over 10912 calls
2025-10-27 14:23:34,526 - INFO - [Shapelet 4096] forward_avg=0.000457s over 10912 calls
2025-10-27 14:23:34,526 - INFO - 
💾 模型第一次反向传播阶段的显存峰值（所有模块中的最大值）: 715.67 MB
2025-10-27 14:23:34,527 - INFO - 
💾 模型初始显存: 3.17 MB
2025-10-27 14:23:34,527 - INFO - =======================================================================

2025-10-27 14:23:34,527 - INFO - torch.cuda.max_memory_reserved() : 0.97265625
2025-10-27 14:42:41,448 - INFO - Epoch 4 completed in 1146.917487 seconds
2025-10-27 14:42:41,448 - INFO - torch.cuda.max_memory_reserved() : 0.97265625
2025-10-27 15:01:42,950 - INFO - Epoch 5 completed in 1141.498349 seconds
2025-10-27 15:01:42,950 - INFO - torch.cuda.max_memory_reserved() : 0.97265625
2025-10-27 15:20:34,837 - INFO - Epoch 6 completed in 1131.883727 seconds
2025-10-27 15:20:34,837 - INFO - torch.cuda.max_memory_reserved() : 0.97265625
2025-10-27 15:39:42,748 - INFO - Epoch 7 completed in 1147.905944 seconds
2025-10-27 15:39:42,748 - INFO - torch.cuda.max_memory_reserved() : 0.97265625
2025-10-27 15:59:01,144 - INFO - Epoch 8 completed in 1158.392890 seconds
2025-10-27 15:59:01,145 - INFO - torch.cuda.max_memory_reserved() : 0.97265625
2025-10-27 16:18:28,111 - INFO - Epoch 9 completed in 1166.962964 seconds
2025-10-27 16:18:28,111 - INFO - torch.cuda.max_memory_reserved() : 0.97265625
2025-10-27 16:37:23,329 - INFO - Epoch 10 completed in 1135.212716 seconds
2025-10-27 16:44:23,983 - INFO - torch.cuda.max_memory_reserved() : 0.97265625
2025-10-27 16:44:23,987 - INFO - !!!采用策略后的几个epoch 平均时间:1151.318458378315
2025-10-27 16:44:23,987 - INFO - 



