2025-10-27 06:00:06,743 - INFO - 📌 第一个 epoch：默认所有模块使用 checkpoint
2025-10-27 06:22:55,542 - INFO - Epoch 1 completed in 1368.815135 seconds
2025-10-27 06:30:40,055 - INFO - torch.cuda.max_memory_reserved() : 0.560546875
2025-10-27 06:53:32,697 - INFO - 
[🔁 拟合反向传播时间模型]
2025-10-27 06:53:32,697 - INFO - 总反向传播时间: 1365.644941s
2025-10-27 06:53:32,697 - INFO - 拟合模型: backward_total ≈ 2 × (A + B) + b
2025-10-27 06:53:32,698 - INFO - A = 859.148288, B = 68.741090, b = 437.755563s
2025-10-27 06:53:32,764 - INFO - ✅ 最优策略：[1, 0, 1, 1, 0, 1, 0, 1, 0, 0, 1, 1, 0, 1, 1, 1]
2025-10-27 06:53:32,764 - INFO - 📌 checkpoint 的欧氏长度:, [694, 2395, 3529]
2025-10-27 06:53:32,764 - INFO - 📌 checkpoint 的余弦长度:, [128, 694, 2395]
2025-10-27 06:53:32,764 - INFO - 💾 最终显存峰值：%.2f MB % 730.1842742706013
2025-10-27 06:53:32,765 - INFO - Epoch 2 completed in 1372.705502 seconds
2025-10-27 06:53:32,765 - INFO - torch.cuda.max_memory_reserved() : 0.560546875
2025-10-27 07:12:31,552 - INFO - Epoch 3 completed in 1138.783529 seconds
2025-10-27 07:12:31,552 - INFO - 
====================== [第1个 Epoch 收集统计数据] ======================
2025-10-27 07:12:31,552 - INFO - 
🔍 EUCLIDEAN modules:
2025-10-27 07:12:31,552 - INFO - [Shapelet 128] forward_avg=0.001358s over 10912 calls | peak=14.80MB | final=0.00MB
2025-10-27 07:12:31,552 - INFO - [Shapelet 694] forward_avg=0.001339s over 10912 calls | peak=72.14MB | final=0.00MB
2025-10-27 07:12:31,552 - INFO - [Shapelet 1261] forward_avg=0.001333s over 10912 calls | peak=114.19MB | final=0.00MB
2025-10-27 07:12:31,552 - INFO - [Shapelet 1828] forward_avg=0.001345s over 10912 calls | peak=138.23MB | final=0.00MB
2025-10-27 07:12:31,552 - INFO - [Shapelet 2395] forward_avg=0.001432s over 10912 calls | peak=150.28MB | final=0.00MB
2025-10-27 07:12:31,552 - INFO - [Shapelet 2962] forward_avg=0.001491s over 10912 calls | peak=146.73MB | final=0.00MB
2025-10-27 07:12:31,552 - INFO - [Shapelet 3529] forward_avg=0.001542s over 10912 calls | peak=128.99MB | final=0.00MB
2025-10-27 07:12:31,552 - INFO - [Shapelet 4096] forward_avg=0.001506s over 10912 calls | peak=96.53MB | final=0.00MB
2025-10-27 07:12:31,552 - INFO - 
🔍 COSINE modules:
2025-10-27 07:12:31,552 - INFO - [Shapelet 128] forward_avg=0.001918s over 10912 calls | peak=9.79MB | final=0.00MB
2025-10-27 07:12:31,552 - INFO - [Shapelet 694] forward_avg=0.001793s over 10912 calls | peak=48.03MB | final=0.00MB
2025-10-27 07:12:31,552 - INFO - [Shapelet 1261] forward_avg=0.001792s over 10912 calls | peak=76.03MB | final=0.00MB
2025-10-27 07:12:31,552 - INFO - [Shapelet 1828] forward_avg=0.001791s over 10912 calls | peak=92.03MB | final=0.00MB
2025-10-27 07:12:31,552 - INFO - [Shapelet 2395] forward_avg=0.001869s over 10912 calls | peak=100.02MB | final=0.00MB
2025-10-27 07:12:31,552 - INFO - [Shapelet 2962] forward_avg=0.001835s over 10912 calls | peak=97.60MB | final=0.00MB
2025-10-27 07:12:31,552 - INFO - [Shapelet 3529] forward_avg=0.002109s over 10912 calls | peak=85.74MB | final=0.00MB
2025-10-27 07:12:31,553 - INFO - [Shapelet 4096] forward_avg=0.001793s over 10912 calls | peak=64.07MB | final=0.00MB
2025-10-27 07:12:31,553 - INFO - 
🔍 CROSS modules:
2025-10-27 07:12:31,553 - INFO - [Shapelet 128] forward_avg=0.000382s over 10912 calls
2025-10-27 07:12:31,553 - INFO - [Shapelet 694] forward_avg=0.000368s over 10912 calls
2025-10-27 07:12:31,553 - INFO - [Shapelet 1261] forward_avg=0.000364s over 10912 calls
2025-10-27 07:12:31,553 - INFO - [Shapelet 1828] forward_avg=0.000364s over 10912 calls
2025-10-27 07:12:31,553 - INFO - [Shapelet 2395] forward_avg=0.000384s over 10912 calls
2025-10-27 07:12:31,553 - INFO - [Shapelet 2962] forward_avg=0.000400s over 10912 calls
2025-10-27 07:12:31,553 - INFO - [Shapelet 3529] forward_avg=0.000430s over 10912 calls
2025-10-27 07:12:31,553 - INFO - [Shapelet 4096] forward_avg=0.000459s over 10912 calls
2025-10-27 07:12:31,553 - INFO - 
💾 模型第一次反向传播阶段的显存峰值（所有模块中的最大值）: 715.67 MB
2025-10-27 07:12:31,553 - INFO - 
💾 模型初始显存: 3.17 MB
2025-10-27 07:12:31,553 - INFO - =======================================================================

2025-10-27 07:12:31,553 - INFO - torch.cuda.max_memory_reserved() : 0.97265625
2025-10-27 07:31:30,633 - INFO - Epoch 4 completed in 1139.076374 seconds
2025-10-27 07:31:30,633 - INFO - torch.cuda.max_memory_reserved() : 0.97265625
2025-10-27 07:50:29,768 - INFO - Epoch 5 completed in 1139.129736 seconds
2025-10-27 07:50:29,768 - INFO - torch.cuda.max_memory_reserved() : 0.97265625
2025-10-27 08:09:40,926 - INFO - Epoch 6 completed in 1151.154673 seconds
2025-10-27 08:09:40,926 - INFO - torch.cuda.max_memory_reserved() : 0.97265625
2025-10-27 08:28:54,020 - INFO - Epoch 7 completed in 1153.090614 seconds
2025-10-27 08:28:54,020 - INFO - torch.cuda.max_memory_reserved() : 0.97265625
2025-10-27 08:48:13,647 - INFO - Epoch 8 completed in 1159.623197 seconds
2025-10-27 08:48:13,648 - INFO - torch.cuda.max_memory_reserved() : 0.97265625
2025-10-27 09:07:19,988 - INFO - Epoch 9 completed in 1146.336071 seconds
2025-10-27 09:07:19,988 - INFO - torch.cuda.max_memory_reserved() : 0.97265625
2025-10-27 09:26:47,558 - INFO - Epoch 10 completed in 1167.567117 seconds
2025-10-27 09:33:43,291 - INFO - torch.cuda.max_memory_reserved() : 0.97265625
2025-10-27 09:33:43,296 - INFO - !!!采用策略后的几个epoch 平均时间:1149.3451639711857
2025-10-27 09:33:43,296 - INFO - 



