2025-10-25 02:28:50,647 - INFO - 📌 第一个 epoch：默认所有模块使用 checkpoint
2025-10-25 02:52:53,544 - INFO - Epoch 1 completed in 1442.908879 seconds
2025-10-25 03:00:48,907 - INFO - torch.cuda.max_memory_reserved() : 0.560546875
2025-10-25 05:24:52,312 - INFO - 
[🔁 拟合反向传播时间模型]
2025-10-25 05:24:52,312 - INFO - 总反向传播时间: 8630.383308s
2025-10-25 05:24:52,312 - INFO - 拟合模型: backward_total ≈ 2 × (A + B) + b
2025-10-25 05:24:52,312 - INFO - A = 890.994756, B = 70.948820, b = 7668.439732s
2025-10-25 05:24:52,412 - INFO - ✅ 最优策略：[1, 0, 1, 1, 0, 1, 0, 1, 0, 0, 1, 1, 0, 1, 1, 1]
2025-10-25 05:24:52,412 - INFO - 📌 checkpoint 的欧氏长度:, [694, 2395, 3529]
2025-10-25 05:24:52,412 - INFO - 📌 checkpoint 的余弦长度:, [128, 694, 2395]
2025-10-25 05:24:52,412 - INFO - 💾 最终显存峰值：%.2f MB % 730.1842742706013
2025-10-25 05:24:52,413 - INFO - Epoch 2 completed in 8643.502078 seconds
2025-10-25 05:24:52,414 - INFO - torch.cuda.max_memory_reserved() : 0.560546875
2025-10-25 08:06:38,917 - INFO - Epoch 3 completed in 9706.499999 seconds
2025-10-25 08:06:38,917 - INFO - 
====================== [第1个 Epoch 收集统计数据] ======================
2025-10-25 08:06:38,917 - INFO - 
🔍 EUCLIDEAN modules:
2025-10-25 08:06:38,918 - INFO - [Shapelet 128] forward_avg=0.001423s over 10912 calls | peak=14.80MB | final=0.00MB
2025-10-25 08:06:38,918 - INFO - [Shapelet 694] forward_avg=0.001398s over 10912 calls | peak=72.14MB | final=0.00MB
2025-10-25 08:06:38,918 - INFO - [Shapelet 1261] forward_avg=0.001386s over 10912 calls | peak=114.19MB | final=0.00MB
2025-10-25 08:06:38,918 - INFO - [Shapelet 1828] forward_avg=0.001388s over 10912 calls | peak=138.23MB | final=0.00MB
2025-10-25 08:06:38,918 - INFO - [Shapelet 2395] forward_avg=0.001463s over 10912 calls | peak=150.28MB | final=0.00MB
2025-10-25 08:06:38,918 - INFO - [Shapelet 2962] forward_avg=0.001520s over 10912 calls | peak=146.73MB | final=0.00MB
2025-10-25 08:06:38,918 - INFO - [Shapelet 3529] forward_avg=0.001575s over 10912 calls | peak=128.99MB | final=0.00MB
2025-10-25 08:06:38,918 - INFO - [Shapelet 4096] forward_avg=0.001540s over 10912 calls | peak=96.53MB | final=0.00MB
2025-10-25 08:06:38,918 - INFO - 
🔍 COSINE modules:
2025-10-25 08:06:38,918 - INFO - [Shapelet 128] forward_avg=0.002002s over 10912 calls | peak=9.79MB | final=0.00MB
2025-10-25 08:06:38,918 - INFO - [Shapelet 694] forward_avg=0.001866s over 10912 calls | peak=48.03MB | final=0.00MB
2025-10-25 08:06:38,918 - INFO - [Shapelet 1261] forward_avg=0.001861s over 10912 calls | peak=76.03MB | final=0.00MB
2025-10-25 08:06:38,918 - INFO - [Shapelet 1828] forward_avg=0.001861s over 10912 calls | peak=92.03MB | final=0.00MB
2025-10-25 08:06:38,918 - INFO - [Shapelet 2395] forward_avg=0.001945s over 10912 calls | peak=100.02MB | final=0.00MB
2025-10-25 08:06:38,918 - INFO - [Shapelet 2962] forward_avg=0.001906s over 10912 calls | peak=97.60MB | final=0.00MB
2025-10-25 08:06:38,918 - INFO - [Shapelet 3529] forward_avg=0.002223s over 10912 calls | peak=85.74MB | final=0.00MB
2025-10-25 08:06:38,918 - INFO - [Shapelet 4096] forward_avg=0.001861s over 10912 calls | peak=64.07MB | final=0.00MB
2025-10-25 08:06:38,918 - INFO - 
🔍 CROSS modules:
2025-10-25 08:06:38,918 - INFO - [Shapelet 128] forward_avg=0.000403s over 10912 calls
2025-10-25 08:06:38,918 - INFO - [Shapelet 694] forward_avg=0.000383s over 10912 calls
2025-10-25 08:06:38,918 - INFO - [Shapelet 1261] forward_avg=0.000379s over 10912 calls
2025-10-25 08:06:38,918 - INFO - [Shapelet 1828] forward_avg=0.000378s over 10912 calls
2025-10-25 08:06:38,919 - INFO - [Shapelet 2395] forward_avg=0.000393s over 10912 calls
2025-10-25 08:06:38,919 - INFO - [Shapelet 2962] forward_avg=0.000409s over 10912 calls
2025-10-25 08:06:38,919 - INFO - [Shapelet 3529] forward_avg=0.000438s over 10912 calls
2025-10-25 08:06:38,919 - INFO - [Shapelet 4096] forward_avg=0.000468s over 10912 calls
2025-10-25 08:06:38,919 - INFO - 
💾 模型第一次反向传播阶段的显存峰值（所有模块中的最大值）: 715.67 MB
2025-10-25 08:06:38,919 - INFO - 
💾 模型初始显存: 3.17 MB
2025-10-25 08:06:38,919 - INFO - =======================================================================

2025-10-25 08:06:38,919 - INFO - torch.cuda.max_memory_reserved() : 0.97265625
2025-10-25 10:47:59,605 - INFO - Epoch 4 completed in 9680.681217 seconds
2025-10-25 10:47:59,606 - INFO - torch.cuda.max_memory_reserved() : 0.97265625
2025-10-25 13:25:26,402 - INFO - Epoch 5 completed in 9446.792194 seconds
2025-10-25 13:25:26,403 - INFO - torch.cuda.max_memory_reserved() : 0.97265625
2025-10-25 16:08:57,149 - INFO - Epoch 6 completed in 9810.741522 seconds
2025-10-25 16:08:57,149 - INFO - torch.cuda.max_memory_reserved() : 0.97265625
2025-10-25 18:52:58,609 - INFO - Epoch 7 completed in 9841.455958 seconds
2025-10-25 18:52:58,609 - INFO - torch.cuda.max_memory_reserved() : 0.97265625
2025-10-25 21:31:58,165 - INFO - Epoch 8 completed in 9539.551216 seconds
2025-10-25 21:31:58,165 - INFO - torch.cuda.max_memory_reserved() : 0.97265625
2025-10-26 00:12:48,009 - INFO - Epoch 9 completed in 9649.838854 seconds
2025-10-26 00:12:48,009 - INFO - torch.cuda.max_memory_reserved() : 0.97265625
2025-10-26 02:50:19,986 - INFO - Epoch 10 completed in 9451.972627 seconds
2025-10-26 03:01:49,341 - INFO - torch.cuda.max_memory_reserved() : 0.97265625
2025-10-26 03:01:49,345 - INFO - !!!采用策略后的几个epoch 平均时间:9640.941698253155
2025-10-26 03:01:49,345 - INFO - 



