2025-10-26 03:02:13,322 - INFO - 📌 第一个 epoch：默认所有模块使用 checkpoint
2025-10-26 04:57:54,934 - INFO - Epoch 1 completed in 6941.627325 seconds
2025-10-26 05:11:13,419 - INFO - torch.cuda.max_memory_reserved() : 0.560546875
2025-10-26 07:13:50,323 - INFO - 
[🔁 拟合反向传播时间模型]
2025-10-26 07:13:50,323 - INFO - 总反向传播时间: 7344.628568s
2025-10-26 07:13:50,323 - INFO - 拟合模型: backward_total ≈ 2 × (A + B) + b
2025-10-26 07:13:50,323 - INFO - A = 1167.236598, B = 190.049286, b = 5987.342685s
2025-10-26 07:13:50,442 - INFO - ✅ 最优策略：[1, 0, 1, 1, 0, 1, 0, 1, 0, 0, 1, 1, 0, 1, 1, 1]
2025-10-26 07:13:50,443 - INFO - 📌 checkpoint 的欧氏长度:, [694, 2395, 3529]
2025-10-26 07:13:50,443 - INFO - 📌 checkpoint 的余弦长度:, [128, 694, 2395]
2025-10-26 07:13:50,443 - INFO - 💾 最终显存峰值：%.2f MB % 730.1842742706013
2025-10-26 07:13:50,445 - INFO - Epoch 2 completed in 7357.021670 seconds
2025-10-26 07:13:50,445 - INFO - torch.cuda.max_memory_reserved() : 0.560546875
2025-10-26 09:03:40,560 - INFO - Epoch 3 completed in 6590.108737 seconds
2025-10-26 09:03:40,560 - INFO - 
====================== [第1个 Epoch 收集统计数据] ======================
2025-10-26 09:03:40,561 - INFO - 
🔍 EUCLIDEAN modules:
2025-10-26 09:03:40,561 - INFO - [Shapelet 128] forward_avg=0.002136s over 10912 calls | peak=14.80MB | final=0.00MB
2025-10-26 09:03:40,561 - INFO - [Shapelet 694] forward_avg=0.001992s over 10912 calls | peak=72.14MB | final=0.00MB
2025-10-26 09:03:40,561 - INFO - [Shapelet 1261] forward_avg=0.001947s over 10912 calls | peak=114.19MB | final=0.00MB
2025-10-26 09:03:40,561 - INFO - [Shapelet 1828] forward_avg=0.001826s over 10912 calls | peak=138.23MB | final=0.00MB
2025-10-26 09:03:40,561 - INFO - [Shapelet 2395] forward_avg=0.001877s over 10912 calls | peak=150.28MB | final=0.00MB
2025-10-26 09:03:40,561 - INFO - [Shapelet 2962] forward_avg=0.001921s over 10912 calls | peak=146.73MB | final=0.00MB
2025-10-26 09:03:40,561 - INFO - [Shapelet 3529] forward_avg=0.002030s over 10912 calls | peak=128.99MB | final=0.00MB
2025-10-26 09:03:40,561 - INFO - [Shapelet 4096] forward_avg=0.002091s over 10912 calls | peak=96.53MB | final=0.00MB
2025-10-26 09:03:40,561 - INFO - 
🔍 COSINE modules:
2025-10-26 09:03:40,561 - INFO - [Shapelet 128] forward_avg=0.002704s over 10912 calls | peak=9.79MB | final=0.00MB
2025-10-26 09:03:40,561 - INFO - [Shapelet 694] forward_avg=0.002360s over 10912 calls | peak=48.03MB | final=0.00MB
2025-10-26 09:03:40,561 - INFO - [Shapelet 1261] forward_avg=0.002377s over 10912 calls | peak=76.03MB | final=0.00MB
2025-10-26 09:03:40,561 - INFO - [Shapelet 1828] forward_avg=0.002412s over 10912 calls | peak=92.03MB | final=0.00MB
2025-10-26 09:03:40,561 - INFO - [Shapelet 2395] forward_avg=0.002499s over 10912 calls | peak=100.02MB | final=0.00MB
2025-10-26 09:03:40,562 - INFO - [Shapelet 2962] forward_avg=0.002482s over 10912 calls | peak=97.60MB | final=0.00MB
2025-10-26 09:03:40,562 - INFO - [Shapelet 3529] forward_avg=0.002560s over 10912 calls | peak=85.74MB | final=0.00MB
2025-10-26 09:03:40,562 - INFO - [Shapelet 4096] forward_avg=0.002443s over 10912 calls | peak=64.07MB | final=0.00MB
2025-10-26 09:03:40,562 - INFO - 
🔍 CROSS modules:
2025-10-26 09:03:40,562 - INFO - [Shapelet 128] forward_avg=0.000898s over 10912 calls
2025-10-26 09:03:40,562 - INFO - [Shapelet 694] forward_avg=0.001071s over 10912 calls
2025-10-26 09:03:40,562 - INFO - [Shapelet 1261] forward_avg=0.001080s over 10912 calls
2025-10-26 09:03:40,562 - INFO - [Shapelet 1828] forward_avg=0.001092s over 10912 calls
2025-10-26 09:03:40,562 - INFO - [Shapelet 2395] forward_avg=0.001110s over 10912 calls
2025-10-26 09:03:40,562 - INFO - [Shapelet 2962] forward_avg=0.001124s over 10912 calls
2025-10-26 09:03:40,562 - INFO - [Shapelet 3529] forward_avg=0.001152s over 10912 calls
2025-10-26 09:03:40,562 - INFO - [Shapelet 4096] forward_avg=0.001181s over 10912 calls
2025-10-26 09:03:40,562 - INFO - 
💾 模型第一次反向传播阶段的显存峰值（所有模块中的最大值）: 715.67 MB
2025-10-26 09:03:40,562 - INFO - 
💾 模型初始显存: 3.17 MB
2025-10-26 09:03:40,562 - INFO - =======================================================================

2025-10-26 09:03:40,563 - INFO - torch.cuda.max_memory_reserved() : 0.97265625
2025-10-26 10:51:24,505 - INFO - Epoch 4 completed in 6463.936168 seconds
2025-10-26 10:51:24,505 - INFO - torch.cuda.max_memory_reserved() : 0.97265625
2025-10-26 12:42:41,565 - INFO - Epoch 5 completed in 6677.054459 seconds
2025-10-26 12:42:41,565 - INFO - torch.cuda.max_memory_reserved() : 0.97265625
2025-10-26 14:14:31,908 - INFO - Epoch 6 completed in 5510.338450 seconds
2025-10-26 14:14:31,908 - INFO - torch.cuda.max_memory_reserved() : 0.97265625
2025-10-26 15:59:22,557 - INFO - Epoch 7 completed in 6290.645352 seconds
2025-10-26 15:59:22,558 - INFO - torch.cuda.max_memory_reserved() : 0.97265625
2025-10-26 17:45:31,346 - INFO - Epoch 8 completed in 6368.785169 seconds
2025-10-26 17:45:31,347 - INFO - torch.cuda.max_memory_reserved() : 0.97265625
2025-10-26 19:32:41,497 - INFO - Epoch 9 completed in 6430.145133 seconds
2025-10-26 19:32:41,497 - INFO - torch.cuda.max_memory_reserved() : 0.97265625
2025-10-26 21:19:15,981 - INFO - Epoch 10 completed in 6394.479957 seconds
2025-10-26 21:30:09,178 - INFO - torch.cuda.max_memory_reserved() : 0.97265625
2025-10-26 21:30:09,182 - INFO - !!!采用策略后的几个epoch 平均时间:6340.686678081751
2025-10-26 21:30:09,182 - INFO - 



