2025-10-21 13:39:50,746 - INFO - 📌 第一个 epoch：默认所有模块使用 checkpoint
2025-10-21 13:39:54,114 - INFO - Epoch 1 completed in 3.378934 seconds
2025-10-21 13:39:55,171 - INFO - torch.cuda.max_memory_reserved() : 4.37890625
2025-10-21 13:39:58,018 - INFO - 
[🔁 拟合反向传播时间模型]
2025-10-21 13:39:58,018 - INFO - 总反向传播时间: 2.823339s
2025-10-21 13:39:58,018 - INFO - 拟合模型: backward_total ≈ 2 × (A + B) + b
2025-10-21 13:39:58,018 - INFO - A = 2.108204, B = 0.206069, b = 0.509066s
2025-10-21 13:39:59,039 - INFO - ✅ 最优策略：[0, 1, 1, 0, 0, 0, 0, 0, 0, 0, 0, 0, 0, 0, 0, 0]
2025-10-21 13:39:59,039 - INFO - 📌 checkpoint 的欧氏长度:, [40, 161, 202, 242, 283, 324]
2025-10-21 13:39:59,039 - INFO - 📌 checkpoint 的余弦长度:, [40, 80, 121, 161, 202, 242, 283, 324]
2025-10-21 13:39:59,039 - INFO - 💾 最终显存峰值：%.2f MB % 2319.111589702062
2025-10-21 13:39:59,040 - INFO - Epoch 2 completed in 3.867687 seconds
2025-10-21 13:39:59,040 - INFO - torch.cuda.max_memory_reserved() : 4.37890625
2025-10-21 13:40:01,727 - INFO - Epoch 3 completed in 2.687087 seconds
2025-10-21 13:40:01,728 - INFO - 
====================== [第1个 Epoch 收集统计数据] ======================
2025-10-21 13:40:01,728 - INFO - 
🔍 EUCLIDEAN modules:
2025-10-21 13:40:01,728 - INFO - [Shapelet  40] forward_avg=0.003887s over 12 calls | peak=343.57MB | final=0.00MB
2025-10-21 13:40:01,728 - INFO - [Shapelet  80] forward_avg=0.004115s over 12 calls | peak=601.19MB | final=0.00MB
2025-10-21 13:40:01,728 - INFO - [Shapelet 121] forward_avg=0.005100s over 12 calls | peak=791.72MB | final=0.00MB
2025-10-21 13:40:01,728 - INFO - [Shapelet 161] forward_avg=0.005443s over 12 calls | peak=905.43MB | final=0.00MB
2025-10-21 13:40:01,728 - INFO - [Shapelet 202] forward_avg=0.005675s over 12 calls | peak=946.48MB | final=0.00MB
2025-10-21 13:40:01,728 - INFO - [Shapelet 242] forward_avg=0.005201s over 12 calls | peak=915.59MB | final=0.00MB
2025-10-21 13:40:01,728 - INFO - [Shapelet 283] forward_avg=0.004681s over 12 calls | peak=810.62MB | final=0.00MB
2025-10-21 13:40:01,728 - INFO - [Shapelet 324] forward_avg=0.004378s over 12 calls | peak=628.61MB | final=0.00MB
2025-10-21 13:40:01,728 - INFO - 
🔍 COSINE modules:
2025-10-21 13:40:01,728 - INFO - [Shapelet  40] forward_avg=0.002065s over 12 calls | peak=220.75MB | final=0.00MB
2025-10-21 13:40:01,728 - INFO - [Shapelet  80] forward_avg=0.002037s over 12 calls | peak=390.83MB | final=0.00MB
2025-10-21 13:40:01,728 - INFO - [Shapelet 121] forward_avg=0.002585s over 12 calls | peak=515.69MB | final=0.00MB
2025-10-21 13:40:01,728 - INFO - [Shapelet 161] forward_avg=0.002924s over 12 calls | peak=589.82MB | final=0.00MB
2025-10-21 13:40:01,728 - INFO - [Shapelet 202] forward_avg=0.003085s over 12 calls | peak=615.21MB | final=0.00MB
2025-10-21 13:40:01,728 - INFO - [Shapelet 242] forward_avg=0.002912s over 12 calls | peak=592.28MB | final=0.00MB
2025-10-21 13:40:01,728 - INFO - [Shapelet 283] forward_avg=0.002323s over 12 calls | peak=520.11MB | final=0.00MB
2025-10-21 13:40:01,728 - INFO - [Shapelet 324] forward_avg=0.002150s over 12 calls | peak=396.44MB | final=0.00MB
2025-10-21 13:40:01,728 - INFO - 
🔍 CROSS modules:
2025-10-21 13:40:01,728 - INFO - [Shapelet  40] forward_avg=0.003064s over 12 calls
2025-10-21 13:40:01,728 - INFO - [Shapelet  80] forward_avg=0.000580s over 12 calls
2025-10-21 13:40:01,728 - INFO - [Shapelet 121] forward_avg=0.000646s over 12 calls
2025-10-21 13:40:01,728 - INFO - [Shapelet 161] forward_avg=0.000750s over 12 calls
2025-10-21 13:40:01,728 - INFO - [Shapelet 202] forward_avg=0.000854s over 12 calls
2025-10-21 13:40:01,728 - INFO - [Shapelet 242] forward_avg=0.000830s over 12 calls
2025-10-21 13:40:01,729 - INFO - [Shapelet 283] forward_avg=0.000880s over 12 calls
2025-10-21 13:40:01,729 - INFO - [Shapelet 324] forward_avg=0.000982s over 12 calls
2025-10-21 13:40:01,729 - INFO - 
💾 模型第一次反向传播阶段的显存峰值（所有模块中的最大值）: 2479.09 MB
2025-10-21 13:40:01,729 - INFO - 
💾 模型初始显存: 23.05 MB
2025-10-21 13:40:01,729 - INFO - =======================================================================

2025-10-21 13:40:01,729 - INFO - torch.cuda.max_memory_reserved() : 4.37890625
2025-10-21 13:40:04,380 - INFO - Epoch 4 completed in 2.650652 seconds
2025-10-21 13:40:04,381 - INFO - torch.cuda.max_memory_reserved() : 4.37890625
2025-10-21 13:40:07,039 - INFO - Epoch 5 completed in 2.656585 seconds
2025-10-21 13:40:07,040 - INFO - torch.cuda.max_memory_reserved() : 4.37890625
2025-10-21 13:40:09,680 - INFO - Epoch 6 completed in 2.638566 seconds
2025-10-21 13:40:09,680 - INFO - torch.cuda.max_memory_reserved() : 4.37890625
2025-10-21 13:40:12,447 - INFO - Epoch 7 completed in 2.765818 seconds
2025-10-21 13:40:12,448 - INFO - torch.cuda.max_memory_reserved() : 4.37890625
2025-10-21 13:40:15,063 - INFO - Epoch 8 completed in 2.613854 seconds
2025-10-21 13:40:15,064 - INFO - torch.cuda.max_memory_reserved() : 4.37890625
2025-10-21 13:40:17,706 - INFO - Epoch 9 completed in 2.641637 seconds
2025-10-21 13:40:17,707 - INFO - torch.cuda.max_memory_reserved() : 4.37890625
2025-10-21 13:40:20,404 - INFO - Epoch 10 completed in 2.695776 seconds
2025-10-21 13:40:21,458 - INFO - torch.cuda.max_memory_reserved() : 4.37890625
2025-10-21 13:40:21,458 - INFO - !!!采用策略后的几个epoch 平均时间:2.6687466502189636
2025-10-21 13:40:21,458 - INFO - 



