2025-10-20 23:20:48,560 - INFO - 📌 第一个 epoch：默认所有模块使用 checkpoint
2025-10-20 23:20:54,972 - INFO - Epoch 1 completed in 6.420074 seconds
2025-10-20 23:20:56,243 - INFO - torch.cuda.max_memory_reserved() : 4.37890625
2025-10-20 23:21:01,220 - INFO - 
[🔁 拟合反向传播时间模型]
2025-10-20 23:21:01,220 - INFO - 总反向传播时间: 4.950692s
2025-10-20 23:21:01,220 - INFO - 拟合模型: backward_total ≈ 2 × (A + B) + b
2025-10-20 23:21:01,220 - INFO - A = 2.304300, B = 0.244048, b = 2.402344s
2025-10-20 23:21:01,327 - INFO - ✅ 最优策略：[1, 0, 0, 0, 0, 1, 1, 1, 0, 0, 1, 1, 1, 1, 1, 1]
2025-10-20 23:21:01,327 - INFO - 📌 checkpoint 的欧氏长度:, [80, 121, 161, 202]
2025-10-20 23:21:01,327 - INFO - 📌 checkpoint 的余弦长度:, [40, 80]
2025-10-20 23:21:01,328 - INFO - 💾 最终显存峰值：%.2f MB % 5728.955490950957
2025-10-20 23:21:01,328 - INFO - Epoch 2 completed in 5.083901 seconds
2025-10-20 23:21:01,329 - INFO - torch.cuda.max_memory_reserved() : 4.37890625
2025-10-20 23:21:04,346 - INFO - Epoch 3 completed in 3.015999 seconds
2025-10-20 23:21:04,346 - INFO - 
====================== [第1个 Epoch 收集统计数据] ======================
2025-10-20 23:21:04,346 - INFO - 
🔍 EUCLIDEAN modules:
2025-10-20 23:21:04,346 - INFO - [Shapelet  40] forward_avg=0.004414s over 12 calls | peak=343.57MB | final=0.00MB
2025-10-20 23:21:04,346 - INFO - [Shapelet  80] forward_avg=0.004622s over 12 calls | peak=601.19MB | final=0.00MB
2025-10-20 23:21:04,346 - INFO - [Shapelet 121] forward_avg=0.005338s over 12 calls | peak=791.72MB | final=0.00MB
2025-10-20 23:21:04,346 - INFO - [Shapelet 161] forward_avg=0.005440s over 12 calls | peak=905.43MB | final=0.00MB
2025-10-20 23:21:04,346 - INFO - [Shapelet 202] forward_avg=0.005671s over 12 calls | peak=946.48MB | final=0.00MB
2025-10-20 23:21:04,346 - INFO - [Shapelet 242] forward_avg=0.005494s over 12 calls | peak=915.59MB | final=0.00MB
2025-10-20 23:21:04,346 - INFO - [Shapelet 283] forward_avg=0.004725s over 12 calls | peak=810.62MB | final=0.00MB
2025-10-20 23:21:04,346 - INFO - [Shapelet 324] forward_avg=0.004540s over 12 calls | peak=628.61MB | final=0.00MB
2025-10-20 23:21:04,346 - INFO - 
🔍 COSINE modules:
2025-10-20 23:21:04,346 - INFO - [Shapelet  40] forward_avg=0.002820s over 12 calls | peak=220.75MB | final=0.00MB
2025-10-20 23:21:04,346 - INFO - [Shapelet  80] forward_avg=0.002773s over 12 calls | peak=390.83MB | final=0.00MB
2025-10-20 23:21:04,346 - INFO - [Shapelet 121] forward_avg=0.002984s over 12 calls | peak=515.69MB | final=0.00MB
2025-10-20 23:21:04,346 - INFO - [Shapelet 161] forward_avg=0.003138s over 12 calls | peak=589.82MB | final=0.00MB
2025-10-20 23:21:04,347 - INFO - [Shapelet 202] forward_avg=0.003418s over 12 calls | peak=615.21MB | final=0.00MB
2025-10-20 23:21:04,347 - INFO - [Shapelet 242] forward_avg=0.003187s over 12 calls | peak=592.28MB | final=0.00MB
2025-10-20 23:21:04,347 - INFO - [Shapelet 283] forward_avg=0.002751s over 12 calls | peak=520.11MB | final=0.00MB
2025-10-20 23:21:04,347 - INFO - [Shapelet 324] forward_avg=0.002696s over 12 calls | peak=396.44MB | final=0.00MB
2025-10-20 23:21:04,347 - INFO - 
🔍 CROSS modules:
2025-10-20 23:21:04,347 - INFO - [Shapelet  40] forward_avg=0.003733s over 12 calls
2025-10-20 23:21:04,347 - INFO - [Shapelet  80] forward_avg=0.000760s over 12 calls
2025-10-20 23:21:04,347 - INFO - [Shapelet 121] forward_avg=0.000751s over 12 calls
2025-10-20 23:21:04,347 - INFO - [Shapelet 161] forward_avg=0.000868s over 12 calls
2025-10-20 23:21:04,347 - INFO - [Shapelet 202] forward_avg=0.000936s over 12 calls
2025-10-20 23:21:04,347 - INFO - [Shapelet 242] forward_avg=0.000945s over 12 calls
2025-10-20 23:21:04,347 - INFO - [Shapelet 283] forward_avg=0.001021s over 12 calls
2025-10-20 23:21:04,347 - INFO - [Shapelet 324] forward_avg=0.001155s over 12 calls
2025-10-20 23:21:04,347 - INFO - 
💾 模型第一次反向传播阶段的显存峰值（所有模块中的最大值）: 4407.42 MB
2025-10-20 23:21:04,347 - INFO - 
💾 模型初始显存: 23.05 MB
2025-10-20 23:21:04,347 - INFO - =======================================================================

2025-10-20 23:21:04,347 - INFO - torch.cuda.max_memory_reserved() : 5.611328125
2025-10-20 23:21:07,732 - INFO - Epoch 4 completed in 3.383579 seconds
2025-10-20 23:21:07,733 - INFO - torch.cuda.max_memory_reserved() : 5.611328125
2025-10-20 23:21:10,518 - INFO - Epoch 5 completed in 2.783699 seconds
2025-10-20 23:21:10,519 - INFO - torch.cuda.max_memory_reserved() : 5.611328125
2025-10-20 23:21:14,230 - INFO - Epoch 6 completed in 3.709833 seconds
2025-10-20 23:21:14,231 - INFO - torch.cuda.max_memory_reserved() : 5.61328125
2025-10-20 23:21:18,265 - INFO - Epoch 7 completed in 4.033047 seconds
2025-10-20 23:21:18,266 - INFO - torch.cuda.max_memory_reserved() : 5.61328125
2025-10-20 23:21:21,341 - INFO - Epoch 8 completed in 3.074395 seconds
2025-10-20 23:21:21,341 - INFO - torch.cuda.max_memory_reserved() : 5.61328125
2025-10-20 23:21:27,492 - INFO - Epoch 9 completed in 6.149787 seconds
2025-10-20 23:21:27,493 - INFO - torch.cuda.max_memory_reserved() : 5.61328125
2025-10-20 23:21:32,980 - INFO - Epoch 10 completed in 5.486519 seconds
2025-10-20 23:21:34,362 - INFO - torch.cuda.max_memory_reserved() : 5.61328125
2025-10-20 23:21:34,363 - INFO - !!!采用策略后的几个epoch 平均时间:3.9546073377132416
2025-10-20 23:21:34,363 - INFO - 



2025-10-21 10:07:00,055 - INFO - 📌 第一个 epoch：默认所有模块使用 checkpoint
2025-10-21 10:07:03,367 - INFO - Epoch 1 completed in 3.317524 seconds
2025-10-21 10:07:04,449 - INFO - torch.cuda.max_memory_reserved() : 4.37890625
2025-10-21 10:07:07,217 - INFO - 
[🔁 拟合反向传播时间模型]
2025-10-21 10:07:07,218 - INFO - 总反向传播时间: 2.751862s
2025-10-21 10:07:07,218 - INFO - 拟合模型: backward_total ≈ 2 × (A + B) + b
2025-10-21 10:07:07,218 - INFO - A = 2.081135, B = 0.200211, b = 0.470516s
2025-10-21 10:07:07,286 - INFO - ✅ 最优策略：[1, 0, 0, 0, 0, 1, 1, 1, 0, 0, 1, 1, 1, 1, 1, 1]
2025-10-21 10:07:07,286 - INFO - 📌 checkpoint 的欧氏长度:, [80, 121, 161, 202]
2025-10-21 10:07:07,286 - INFO - 📌 checkpoint 的余弦长度:, [40, 80]
2025-10-21 10:07:07,287 - INFO - 💾 最终显存峰值：%.2f MB % 5728.955490950957
2025-10-21 10:07:07,287 - INFO - Epoch 2 completed in 2.837359 seconds
2025-10-21 10:07:07,287 - INFO - torch.cuda.max_memory_reserved() : 4.37890625
2025-10-21 10:07:09,617 - INFO - Epoch 3 completed in 2.329146 seconds
2025-10-21 10:07:09,617 - INFO - 
====================== [第1个 Epoch 收集统计数据] ======================
2025-10-21 10:07:09,617 - INFO - 
🔍 EUCLIDEAN modules:
2025-10-21 10:07:09,617 - INFO - [Shapelet  40] forward_avg=0.003911s over 12 calls | peak=343.57MB | final=0.00MB
2025-10-21 10:07:09,617 - INFO - [Shapelet  80] forward_avg=0.004013s over 12 calls | peak=601.19MB | final=0.00MB
2025-10-21 10:07:09,617 - INFO - [Shapelet 121] forward_avg=0.004974s over 12 calls | peak=791.72MB | final=0.00MB
2025-10-21 10:07:09,617 - INFO - [Shapelet 161] forward_avg=0.005144s over 12 calls | peak=905.43MB | final=0.00MB
2025-10-21 10:07:09,617 - INFO - [Shapelet 202] forward_avg=0.005499s over 12 calls | peak=946.48MB | final=0.00MB
2025-10-21 10:07:09,617 - INFO - [Shapelet 242] forward_avg=0.005403s over 12 calls | peak=915.59MB | final=0.00MB
2025-10-21 10:07:09,617 - INFO - [Shapelet 283] forward_avg=0.004321s over 12 calls | peak=810.62MB | final=0.00MB
2025-10-21 10:07:09,617 - INFO - [Shapelet 324] forward_avg=0.004256s over 12 calls | peak=628.61MB | final=0.00MB
2025-10-21 10:07:09,617 - INFO - 
🔍 COSINE modules:
2025-10-21 10:07:09,617 - INFO - [Shapelet  40] forward_avg=0.002072s over 12 calls | peak=220.75MB | final=0.00MB
2025-10-21 10:07:09,617 - INFO - [Shapelet  80] forward_avg=0.002068s over 12 calls | peak=390.83MB | final=0.00MB
2025-10-21 10:07:09,617 - INFO - [Shapelet 121] forward_avg=0.002695s over 12 calls | peak=515.69MB | final=0.00MB
2025-10-21 10:07:09,617 - INFO - [Shapelet 161] forward_avg=0.002924s over 12 calls | peak=589.82MB | final=0.00MB
2025-10-21 10:07:09,617 - INFO - [Shapelet 202] forward_avg=0.003111s over 12 calls | peak=615.21MB | final=0.00MB
2025-10-21 10:07:09,617 - INFO - [Shapelet 242] forward_avg=0.002932s over 12 calls | peak=592.28MB | final=0.00MB
2025-10-21 10:07:09,617 - INFO - [Shapelet 283] forward_avg=0.002342s over 12 calls | peak=520.11MB | final=0.00MB
2025-10-21 10:07:09,618 - INFO - [Shapelet 324] forward_avg=0.002144s over 12 calls | peak=396.44MB | final=0.00MB
2025-10-21 10:07:09,618 - INFO - 
🔍 CROSS modules:
2025-10-21 10:07:09,618 - INFO - [Shapelet  40] forward_avg=0.002802s over 12 calls
2025-10-21 10:07:09,618 - INFO - [Shapelet  80] forward_avg=0.000581s over 12 calls
2025-10-21 10:07:09,618 - INFO - [Shapelet 121] forward_avg=0.000649s over 12 calls
2025-10-21 10:07:09,618 - INFO - [Shapelet 161] forward_avg=0.000752s over 12 calls
2025-10-21 10:07:09,618 - INFO - [Shapelet 202] forward_avg=0.000859s over 12 calls
2025-10-21 10:07:09,618 - INFO - [Shapelet 242] forward_avg=0.000829s over 12 calls
2025-10-21 10:07:09,618 - INFO - [Shapelet 283] forward_avg=0.000887s over 12 calls
2025-10-21 10:07:09,618 - INFO - [Shapelet 324] forward_avg=0.000985s over 12 calls
2025-10-21 10:07:09,618 - INFO - 
💾 模型第一次反向传播阶段的显存峰值（所有模块中的最大值）: 4407.42 MB
2025-10-21 10:07:09,618 - INFO - 
💾 模型初始显存: 23.05 MB
2025-10-21 10:07:09,618 - INFO - =======================================================================

2025-10-21 10:07:09,618 - INFO - torch.cuda.max_memory_reserved() : 5.611328125
2025-10-21 10:07:11,967 - INFO - Epoch 4 completed in 2.348223 seconds
2025-10-21 10:07:11,967 - INFO - torch.cuda.max_memory_reserved() : 5.611328125
2025-10-21 10:07:14,331 - INFO - Epoch 5 completed in 2.363786 seconds
2025-10-21 10:07:14,332 - INFO - torch.cuda.max_memory_reserved() : 5.611328125
2025-10-21 10:07:16,730 - INFO - Epoch 6 completed in 2.397727 seconds
2025-10-21 10:07:16,730 - INFO - torch.cuda.max_memory_reserved() : 5.61328125
2025-10-21 10:07:19,132 - INFO - Epoch 7 completed in 2.400978 seconds
2025-10-21 10:07:19,132 - INFO - torch.cuda.max_memory_reserved() : 5.61328125
2025-10-21 10:07:21,444 - INFO - Epoch 8 completed in 2.311981 seconds
2025-10-21 10:07:21,445 - INFO - torch.cuda.max_memory_reserved() : 5.61328125
2025-10-21 10:07:23,941 - INFO - Epoch 9 completed in 2.496073 seconds
2025-10-21 10:07:23,942 - INFO - torch.cuda.max_memory_reserved() : 5.61328125
2025-10-21 10:07:26,355 - INFO - Epoch 10 completed in 2.413034 seconds
2025-10-21 10:07:27,380 - INFO - torch.cuda.max_memory_reserved() : 5.61328125
2025-10-21 10:07:27,381 - INFO - !!!采用策略后的几个epoch 平均时间:2.3826184570789337
2025-10-21 10:07:27,381 - INFO - 



