2025-10-20 23:15:07,452 - INFO - 📌 第一个 epoch：默认所有模块使用 checkpoint
2025-10-20 23:15:28,942 - INFO - Epoch 1 completed in 21.514035 seconds
2025-10-20 23:15:31,259 - INFO - torch.cuda.max_memory_reserved() : 4.37890625
2025-10-20 23:15:48,926 - INFO - 
[🔁 拟合反向传播时间模型]
2025-10-20 23:15:48,926 - INFO - 总反向传播时间: 17.601576s
2025-10-20 23:15:48,926 - INFO - 拟合模型: backward_total ≈ 2 × (A + B) + b
2025-10-20 23:15:48,926 - INFO - A = 4.354937, B = 0.565606, b = 12.681034s
2025-10-20 23:15:50,998 - INFO - ✅ 最优策略：[0, 1, 0, 0, 0, 0, 1, 0, 0, 0, 0, 0, 0, 0, 0, 1]
2025-10-20 23:15:50,998 - INFO - 📌 checkpoint 的欧氏长度:, [40, 121, 161, 202, 242, 324]
2025-10-20 23:15:50,998 - INFO - 📌 checkpoint 的余弦长度:, [40, 80, 121, 161, 202, 242, 283]
2025-10-20 23:15:50,998 - INFO - 💾 最终显存峰值：%.2f MB % 1965.5295243798919
2025-10-20 23:15:50,999 - INFO - Epoch 2 completed in 19.738990 seconds
2025-10-20 23:15:51,000 - INFO - torch.cuda.max_memory_reserved() : 4.37890625
2025-10-20 23:16:09,063 - INFO - Epoch 3 completed in 18.062779 seconds
2025-10-20 23:16:09,063 - INFO - 
====================== [第1个 Epoch 收集统计数据] ======================
2025-10-20 23:16:09,063 - INFO - 
🔍 EUCLIDEAN modules:
2025-10-20 23:16:09,063 - INFO - [Shapelet  40] forward_avg=0.007685s over 12 calls | peak=343.57MB | final=0.00MB
2025-10-20 23:16:09,063 - INFO - [Shapelet  80] forward_avg=0.007865s over 12 calls | peak=601.19MB | final=0.00MB
2025-10-20 23:16:09,063 - INFO - [Shapelet 121] forward_avg=0.010782s over 12 calls | peak=791.72MB | final=0.00MB
2025-10-20 23:16:09,063 - INFO - [Shapelet 161] forward_avg=0.011480s over 12 calls | peak=905.43MB | final=0.00MB
2025-10-20 23:16:09,063 - INFO - [Shapelet 202] forward_avg=0.011926s over 12 calls | peak=946.48MB | final=0.00MB
2025-10-20 23:16:09,064 - INFO - [Shapelet 242] forward_avg=0.011343s over 12 calls | peak=915.59MB | final=0.00MB
2025-10-20 23:16:09,064 - INFO - [Shapelet 283] forward_avg=0.008698s over 12 calls | peak=810.62MB | final=0.00MB
2025-10-20 23:16:09,064 - INFO - [Shapelet 324] forward_avg=0.008192s over 12 calls | peak=628.61MB | final=0.00MB
2025-10-20 23:16:09,064 - INFO - 
🔍 COSINE modules:
2025-10-20 23:16:09,064 - INFO - [Shapelet  40] forward_avg=0.003833s over 12 calls | peak=220.75MB | final=0.00MB
2025-10-20 23:16:09,064 - INFO - [Shapelet  80] forward_avg=0.003635s over 12 calls | peak=390.83MB | final=0.00MB
2025-10-20 23:16:09,064 - INFO - [Shapelet 121] forward_avg=0.005979s over 12 calls | peak=515.69MB | final=0.00MB
2025-10-20 23:16:09,064 - INFO - [Shapelet 161] forward_avg=0.006522s over 12 calls | peak=589.82MB | final=0.00MB
2025-10-20 23:16:09,064 - INFO - [Shapelet 202] forward_avg=0.007400s over 12 calls | peak=615.21MB | final=0.00MB
2025-10-20 23:16:09,064 - INFO - [Shapelet 242] forward_avg=0.006224s over 12 calls | peak=592.28MB | final=0.00MB
2025-10-20 23:16:09,064 - INFO - [Shapelet 283] forward_avg=0.005554s over 12 calls | peak=520.11MB | final=0.00MB
2025-10-20 23:16:09,064 - INFO - [Shapelet 324] forward_avg=0.003852s over 12 calls | peak=396.44MB | final=0.00MB
2025-10-20 23:16:09,064 - INFO - 
🔍 CROSS modules:
2025-10-20 23:16:09,064 - INFO - [Shapelet  40] forward_avg=0.004903s over 12 calls
2025-10-20 23:16:09,064 - INFO - [Shapelet  80] forward_avg=0.002293s over 12 calls
2025-10-20 23:16:09,064 - INFO - [Shapelet 121] forward_avg=0.002420s over 12 calls
2025-10-20 23:16:09,064 - INFO - [Shapelet 161] forward_avg=0.002535s over 12 calls
2025-10-20 23:16:09,064 - INFO - [Shapelet 202] forward_avg=0.002636s over 12 calls
2025-10-20 23:16:09,064 - INFO - [Shapelet 242] forward_avg=0.002557s over 12 calls
2025-10-20 23:16:09,064 - INFO - [Shapelet 283] forward_avg=0.003041s over 12 calls
2025-10-20 23:16:09,064 - INFO - [Shapelet 324] forward_avg=0.003182s over 12 calls
2025-10-20 23:16:09,064 - INFO - 
💾 模型第一次反向传播阶段的显存峰值（所有模块中的最大值）: 2383.72 MB
2025-10-20 23:16:09,064 - INFO - 
💾 模型初始显存: 23.05 MB
2025-10-20 23:16:09,064 - INFO - =======================================================================

2025-10-20 23:16:09,064 - INFO - torch.cuda.max_memory_reserved() : 4.37890625
2025-10-20 23:16:26,776 - INFO - Epoch 4 completed in 17.711053 seconds
2025-10-20 23:16:26,777 - INFO - torch.cuda.max_memory_reserved() : 4.37890625
2025-10-20 23:16:43,987 - INFO - Epoch 5 completed in 17.209898 seconds
2025-10-20 23:16:43,988 - INFO - torch.cuda.max_memory_reserved() : 4.37890625
2025-10-20 23:17:04,656 - INFO - Epoch 6 completed in 20.667138 seconds
2025-10-20 23:17:04,657 - INFO - torch.cuda.max_memory_reserved() : 4.37890625
2025-10-20 23:17:21,915 - INFO - Epoch 7 completed in 17.257055 seconds
2025-10-20 23:17:21,916 - INFO - torch.cuda.max_memory_reserved() : 4.37890625
2025-10-20 23:17:42,228 - INFO - Epoch 8 completed in 20.311571 seconds
2025-10-20 23:17:42,229 - INFO - torch.cuda.max_memory_reserved() : 4.37890625
2025-10-20 23:17:58,218 - INFO - Epoch 9 completed in 15.988708 seconds
2025-10-20 23:17:58,219 - INFO - torch.cuda.max_memory_reserved() : 4.37890625
2025-10-20 23:18:14,334 - INFO - Epoch 10 completed in 16.114004 seconds
2025-10-20 23:18:16,647 - INFO - torch.cuda.max_memory_reserved() : 4.37890625
2025-10-20 23:18:16,647 - INFO - !!!采用策略后的几个epoch 平均时间:17.915275663137436
2025-10-20 23:18:16,648 - INFO - 



2025-10-21 10:05:48,644 - INFO - 📌 第一个 epoch：默认所有模块使用 checkpoint
2025-10-21 10:05:52,074 - INFO - Epoch 1 completed in 3.437929 seconds
2025-10-21 10:05:53,157 - INFO - torch.cuda.max_memory_reserved() : 4.37890625
2025-10-21 10:05:55,955 - INFO - 
[🔁 拟合反向传播时间模型]
2025-10-21 10:05:55,955 - INFO - 总反向传播时间: 2.773900s
2025-10-21 10:05:55,955 - INFO - 拟合模型: backward_total ≈ 2 × (A + B) + b
2025-10-21 10:05:55,955 - INFO - A = 2.156620, B = 0.212970, b = 0.404310s
2025-10-21 10:05:57,595 - INFO - ✅ 最优策略：[0, 1, 0, 0, 0, 0, 1, 0, 0, 0, 0, 0, 0, 0, 0, 1]
2025-10-21 10:05:57,595 - INFO - 📌 checkpoint 的欧氏长度:, [40, 121, 161, 202, 242, 324]
2025-10-21 10:05:57,595 - INFO - 📌 checkpoint 的余弦长度:, [40, 80, 121, 161, 202, 242, 283]
2025-10-21 10:05:57,595 - INFO - 💾 最终显存峰值：%.2f MB % 1965.5295243798919
2025-10-21 10:05:57,596 - INFO - Epoch 2 completed in 4.437958 seconds
2025-10-21 10:05:57,596 - INFO - torch.cuda.max_memory_reserved() : 4.37890625
2025-10-21 10:06:00,310 - INFO - Epoch 3 completed in 2.713701 seconds
2025-10-21 10:06:00,310 - INFO - 
====================== [第1个 Epoch 收集统计数据] ======================
2025-10-21 10:06:00,310 - INFO - 
🔍 EUCLIDEAN modules:
2025-10-21 10:06:00,310 - INFO - [Shapelet  40] forward_avg=0.004149s over 12 calls | peak=343.57MB | final=0.00MB
2025-10-21 10:06:00,310 - INFO - [Shapelet  80] forward_avg=0.004344s over 12 calls | peak=601.19MB | final=0.00MB
2025-10-21 10:06:00,310 - INFO - [Shapelet 121] forward_avg=0.005095s over 12 calls | peak=791.72MB | final=0.00MB
2025-10-21 10:06:00,310 - INFO - [Shapelet 161] forward_avg=0.005454s over 12 calls | peak=905.43MB | final=0.00MB
2025-10-21 10:06:00,311 - INFO - [Shapelet 202] forward_avg=0.005632s over 12 calls | peak=946.48MB | final=0.00MB
2025-10-21 10:06:00,311 - INFO - [Shapelet 242] forward_avg=0.005432s over 12 calls | peak=915.59MB | final=0.00MB
2025-10-21 10:06:00,311 - INFO - [Shapelet 283] forward_avg=0.004729s over 12 calls | peak=810.62MB | final=0.00MB
2025-10-21 10:06:00,311 - INFO - [Shapelet 324] forward_avg=0.004306s over 12 calls | peak=628.61MB | final=0.00MB
2025-10-21 10:06:00,311 - INFO - 
🔍 COSINE modules:
2025-10-21 10:06:00,311 - INFO - [Shapelet  40] forward_avg=0.002280s over 12 calls | peak=220.75MB | final=0.00MB
2025-10-21 10:06:00,311 - INFO - [Shapelet  80] forward_avg=0.002140s over 12 calls | peak=390.83MB | final=0.00MB
2025-10-21 10:06:00,311 - INFO - [Shapelet 121] forward_avg=0.002757s over 12 calls | peak=515.69MB | final=0.00MB
2025-10-21 10:06:00,311 - INFO - [Shapelet 161] forward_avg=0.002938s over 12 calls | peak=589.82MB | final=0.00MB
2025-10-21 10:06:00,311 - INFO - [Shapelet 202] forward_avg=0.003130s over 12 calls | peak=615.21MB | final=0.00MB
2025-10-21 10:06:00,311 - INFO - [Shapelet 242] forward_avg=0.002950s over 12 calls | peak=592.28MB | final=0.00MB
2025-10-21 10:06:00,311 - INFO - [Shapelet 283] forward_avg=0.002366s over 12 calls | peak=520.11MB | final=0.00MB
2025-10-21 10:06:00,311 - INFO - [Shapelet 324] forward_avg=0.002202s over 12 calls | peak=396.44MB | final=0.00MB
2025-10-21 10:06:00,311 - INFO - 
🔍 CROSS modules:
2025-10-21 10:06:00,311 - INFO - [Shapelet  40] forward_avg=0.003101s over 12 calls
2025-10-21 10:06:00,311 - INFO - [Shapelet  80] forward_avg=0.000632s over 12 calls
2025-10-21 10:06:00,311 - INFO - [Shapelet 121] forward_avg=0.000677s over 12 calls
2025-10-21 10:06:00,311 - INFO - [Shapelet 161] forward_avg=0.000784s over 12 calls
2025-10-21 10:06:00,311 - INFO - [Shapelet 202] forward_avg=0.000881s over 12 calls
2025-10-21 10:06:00,311 - INFO - [Shapelet 242] forward_avg=0.000862s over 12 calls
2025-10-21 10:06:00,311 - INFO - [Shapelet 283] forward_avg=0.000918s over 12 calls
2025-10-21 10:06:00,311 - INFO - [Shapelet 324] forward_avg=0.001019s over 12 calls
2025-10-21 10:06:00,311 - INFO - 
💾 模型第一次反向传播阶段的显存峰值（所有模块中的最大值）: 2383.72 MB
2025-10-21 10:06:00,311 - INFO - 
💾 模型初始显存: 23.05 MB
2025-10-21 10:06:00,311 - INFO - =======================================================================

2025-10-21 10:06:00,311 - INFO - torch.cuda.max_memory_reserved() : 4.37890625
2025-10-21 10:06:02,956 - INFO - Epoch 4 completed in 2.643583 seconds
2025-10-21 10:06:02,956 - INFO - torch.cuda.max_memory_reserved() : 4.37890625
2025-10-21 10:06:05,735 - INFO - Epoch 5 completed in 2.776690 seconds
2025-10-21 10:06:05,735 - INFO - torch.cuda.max_memory_reserved() : 4.37890625
2025-10-21 10:06:08,336 - INFO - Epoch 6 completed in 2.599430 seconds
2025-10-21 10:06:08,336 - INFO - torch.cuda.max_memory_reserved() : 4.37890625
2025-10-21 10:06:10,892 - INFO - Epoch 7 completed in 2.554837 seconds
2025-10-21 10:06:10,892 - INFO - torch.cuda.max_memory_reserved() : 4.37890625
2025-10-21 10:06:13,504 - INFO - Epoch 8 completed in 2.610054 seconds
2025-10-21 10:06:13,504 - INFO - torch.cuda.max_memory_reserved() : 4.37890625
2025-10-21 10:06:16,144 - INFO - Epoch 9 completed in 2.639653 seconds
2025-10-21 10:06:16,145 - INFO - torch.cuda.max_memory_reserved() : 4.37890625
2025-10-21 10:06:18,747 - INFO - Epoch 10 completed in 2.600133 seconds
2025-10-21 10:06:19,794 - INFO - torch.cuda.max_memory_reserved() : 4.37890625
2025-10-21 10:06:19,794 - INFO - !!!采用策略后的几个epoch 平均时间:2.642260104417801
2025-10-21 10:06:19,794 - INFO - 



