2025-10-20 23:18:23,847 - INFO - 📌 第一个 epoch：默认所有模块使用 checkpoint
2025-10-20 23:18:44,185 - INFO - Epoch 1 completed in 20.343663 seconds
2025-10-20 23:18:45,815 - INFO - torch.cuda.max_memory_reserved() : 4.37890625
2025-10-20 23:19:06,720 - INFO - 
[🔁 拟合反向传播时间模型]
2025-10-20 23:19:06,721 - INFO - 总反向传播时间: 20.838420s
2025-10-20 23:19:06,721 - INFO - 拟合模型: backward_total ≈ 2 × (A + B) + b
2025-10-20 23:19:06,721 - INFO - A = 4.472157, B = 0.569779, b = 15.796484s
2025-10-20 23:19:07,314 - INFO - ✅ 最优策略：[1, 0, 1, 1, 0, 0, 0, 0, 0, 0, 1, 0, 1, 0, 1, 0]
2025-10-20 23:19:07,314 - INFO - 📌 checkpoint 的欧氏长度:, [80, 202, 242, 283, 324]
2025-10-20 23:19:07,314 - INFO - 📌 checkpoint 的余弦长度:, [40, 80, 161, 242, 324]
2025-10-20 23:19:07,314 - INFO - 💾 最终显存峰值：%.2f MB % 4002.5644987470473
2025-10-20 23:19:07,315 - INFO - Epoch 2 completed in 21.499119 seconds
2025-10-20 23:19:07,315 - INFO - torch.cuda.max_memory_reserved() : 4.37890625
2025-10-20 23:19:22,955 - INFO - Epoch 3 completed in 15.640028 seconds
2025-10-20 23:19:22,956 - INFO - 
====================== [第1个 Epoch 收集统计数据] ======================
2025-10-20 23:19:22,956 - INFO - 
🔍 EUCLIDEAN modules:
2025-10-20 23:19:22,956 - INFO - [Shapelet  40] forward_avg=0.008313s over 12 calls | peak=343.57MB | final=0.00MB
2025-10-20 23:19:22,956 - INFO - [Shapelet  80] forward_avg=0.008010s over 12 calls | peak=601.19MB | final=0.00MB
2025-10-20 23:19:22,956 - INFO - [Shapelet 121] forward_avg=0.010644s over 12 calls | peak=791.72MB | final=0.00MB
2025-10-20 23:19:22,956 - INFO - [Shapelet 161] forward_avg=0.011143s over 12 calls | peak=905.43MB | final=0.00MB
2025-10-20 23:19:22,956 - INFO - [Shapelet 202] forward_avg=0.012039s over 12 calls | peak=946.48MB | final=0.00MB
2025-10-20 23:19:22,957 - INFO - [Shapelet 242] forward_avg=0.011586s over 12 calls | peak=915.59MB | final=0.00MB
2025-10-20 23:19:22,957 - INFO - [Shapelet 283] forward_avg=0.008729s over 12 calls | peak=810.62MB | final=0.00MB
2025-10-20 23:19:22,957 - INFO - [Shapelet 324] forward_avg=0.008109s over 12 calls | peak=628.61MB | final=0.00MB
2025-10-20 23:19:22,957 - INFO - 
🔍 COSINE modules:
2025-10-20 23:19:22,957 - INFO - [Shapelet  40] forward_avg=0.005150s over 12 calls | peak=220.75MB | final=0.00MB
2025-10-20 23:19:22,957 - INFO - [Shapelet  80] forward_avg=0.004515s over 12 calls | peak=390.83MB | final=0.00MB
2025-10-20 23:19:22,957 - INFO - [Shapelet 121] forward_avg=0.006094s over 12 calls | peak=515.69MB | final=0.00MB
2025-10-20 23:19:22,957 - INFO - [Shapelet 161] forward_avg=0.006366s over 12 calls | peak=589.82MB | final=0.00MB
2025-10-20 23:19:22,957 - INFO - [Shapelet 202] forward_avg=0.006744s over 12 calls | peak=615.21MB | final=0.00MB
2025-10-20 23:19:22,957 - INFO - [Shapelet 242] forward_avg=0.006856s over 12 calls | peak=592.28MB | final=0.00MB
2025-10-20 23:19:22,957 - INFO - [Shapelet 283] forward_avg=0.006035s over 12 calls | peak=520.11MB | final=0.00MB
2025-10-20 23:19:22,957 - INFO - [Shapelet 324] forward_avg=0.003894s over 12 calls | peak=396.44MB | final=0.00MB
2025-10-20 23:19:22,957 - INFO - 
🔍 CROSS modules:
2025-10-20 23:19:22,957 - INFO - [Shapelet  40] forward_avg=0.005188s over 12 calls
2025-10-20 23:19:22,957 - INFO - [Shapelet  80] forward_avg=0.002266s over 12 calls
2025-10-20 23:19:22,957 - INFO - [Shapelet 121] forward_avg=0.002403s over 12 calls
2025-10-20 23:19:22,957 - INFO - [Shapelet 161] forward_avg=0.002501s over 12 calls
2025-10-20 23:19:22,957 - INFO - [Shapelet 202] forward_avg=0.002618s over 12 calls
2025-10-20 23:19:22,957 - INFO - [Shapelet 242] forward_avg=0.002575s over 12 calls
2025-10-20 23:19:22,957 - INFO - [Shapelet 283] forward_avg=0.003028s over 12 calls
2025-10-20 23:19:22,958 - INFO - [Shapelet 324] forward_avg=0.003161s over 12 calls
2025-10-20 23:19:22,958 - INFO - 
💾 模型第一次反向传播阶段的显存峰值（所有模块中的最大值）: 3798.23 MB
2025-10-20 23:19:22,958 - INFO - 
💾 模型初始显存: 23.05 MB
2025-10-20 23:19:22,958 - INFO - =======================================================================

2025-10-20 23:19:22,958 - INFO - torch.cuda.max_memory_reserved() : 4.6796875
2025-10-20 23:19:43,514 - INFO - Epoch 4 completed in 20.554856 seconds
2025-10-20 23:19:43,515 - INFO - torch.cuda.max_memory_reserved() : 4.681640625
2025-10-20 23:20:00,603 - INFO - Epoch 5 completed in 17.087716 seconds
2025-10-20 23:20:00,604 - INFO - torch.cuda.max_memory_reserved() : 4.681640625
2025-10-20 23:20:17,886 - INFO - Epoch 6 completed in 17.281396 seconds
2025-10-20 23:20:17,887 - INFO - torch.cuda.max_memory_reserved() : 4.681640625
2025-10-20 23:20:23,891 - INFO - Epoch 7 completed in 6.003050 seconds
2025-10-20 23:20:23,892 - INFO - torch.cuda.max_memory_reserved() : 4.681640625
2025-10-20 23:20:28,241 - INFO - Epoch 8 completed in 4.347447 seconds
2025-10-20 23:20:28,241 - INFO - torch.cuda.max_memory_reserved() : 4.681640625
2025-10-20 23:20:33,956 - INFO - Epoch 9 completed in 5.714544 seconds
2025-10-20 23:20:33,957 - INFO - torch.cuda.max_memory_reserved() : 4.681640625
2025-10-20 23:20:37,767 - INFO - Epoch 10 completed in 3.809798 seconds
2025-10-20 23:20:38,972 - INFO - torch.cuda.max_memory_reserved() : 4.681640625
2025-10-20 23:20:38,973 - INFO - !!!采用策略后的几个epoch 平均时间:11.304854393005371
2025-10-20 23:20:38,973 - INFO - 



2025-10-21 10:06:25,019 - INFO - 📌 第一个 epoch：默认所有模块使用 checkpoint
2025-10-21 10:06:28,489 - INFO - Epoch 1 completed in 3.481513 seconds
2025-10-21 10:06:29,547 - INFO - torch.cuda.max_memory_reserved() : 4.37890625
2025-10-21 10:06:32,451 - INFO - 
[🔁 拟合反向传播时间模型]
2025-10-21 10:06:32,451 - INFO - 总反向传播时间: 2.883442s
2025-10-21 10:06:32,451 - INFO - 拟合模型: backward_total ≈ 2 × (A + B) + b
2025-10-21 10:06:32,451 - INFO - A = 2.119728, B = 0.200996, b = 0.562719s
2025-10-21 10:06:32,849 - INFO - ✅ 最优策略：[1, 0, 1, 1, 0, 0, 0, 0, 0, 0, 1, 0, 1, 0, 1, 0]
2025-10-21 10:06:32,850 - INFO - 📌 checkpoint 的欧氏长度:, [80, 202, 242, 283, 324]
2025-10-21 10:06:32,850 - INFO - 📌 checkpoint 的余弦长度:, [40, 80, 161, 242, 324]
2025-10-21 10:06:32,850 - INFO - 💾 最终显存峰值：%.2f MB % 4002.5644987470473
2025-10-21 10:06:32,850 - INFO - Epoch 2 completed in 3.302536 seconds
2025-10-21 10:06:32,850 - INFO - torch.cuda.max_memory_reserved() : 4.37890625
2025-10-21 10:06:35,444 - INFO - Epoch 3 completed in 2.593032 seconds
2025-10-21 10:06:35,444 - INFO - 
====================== [第1个 Epoch 收集统计数据] ======================
2025-10-21 10:06:35,444 - INFO - 
🔍 EUCLIDEAN modules:
2025-10-21 10:06:35,444 - INFO - [Shapelet  40] forward_avg=0.003891s over 12 calls | peak=343.57MB | final=0.00MB
2025-10-21 10:06:35,444 - INFO - [Shapelet  80] forward_avg=0.004128s over 12 calls | peak=601.19MB | final=0.00MB
2025-10-21 10:06:35,444 - INFO - [Shapelet 121] forward_avg=0.005098s over 12 calls | peak=791.72MB | final=0.00MB
2025-10-21 10:06:35,444 - INFO - [Shapelet 161] forward_avg=0.005442s over 12 calls | peak=905.43MB | final=0.00MB
2025-10-21 10:06:35,444 - INFO - [Shapelet 202] forward_avg=0.005600s over 12 calls | peak=946.48MB | final=0.00MB
2025-10-21 10:06:35,444 - INFO - [Shapelet 242] forward_avg=0.005398s over 12 calls | peak=915.59MB | final=0.00MB
2025-10-21 10:06:35,444 - INFO - [Shapelet 283] forward_avg=0.004687s over 12 calls | peak=810.62MB | final=0.00MB
2025-10-21 10:06:35,444 - INFO - [Shapelet 324] forward_avg=0.004348s over 12 calls | peak=628.61MB | final=0.00MB
2025-10-21 10:06:35,444 - INFO - 
🔍 COSINE modules:
2025-10-21 10:06:35,444 - INFO - [Shapelet  40] forward_avg=0.002040s over 12 calls | peak=220.75MB | final=0.00MB
2025-10-21 10:06:35,444 - INFO - [Shapelet  80] forward_avg=0.002040s over 12 calls | peak=390.83MB | final=0.00MB
2025-10-21 10:06:35,444 - INFO - [Shapelet 121] forward_avg=0.002760s over 12 calls | peak=515.69MB | final=0.00MB
2025-10-21 10:06:35,444 - INFO - [Shapelet 161] forward_avg=0.002936s over 12 calls | peak=589.82MB | final=0.00MB
2025-10-21 10:06:35,444 - INFO - [Shapelet 202] forward_avg=0.003102s over 12 calls | peak=615.21MB | final=0.00MB
2025-10-21 10:06:35,444 - INFO - [Shapelet 242] forward_avg=0.002929s over 12 calls | peak=592.28MB | final=0.00MB
2025-10-21 10:06:35,444 - INFO - [Shapelet 283] forward_avg=0.002332s over 12 calls | peak=520.11MB | final=0.00MB
2025-10-21 10:06:35,444 - INFO - [Shapelet 324] forward_avg=0.002148s over 12 calls | peak=396.44MB | final=0.00MB
2025-10-21 10:06:35,444 - INFO - 
🔍 CROSS modules:
2025-10-21 10:06:35,444 - INFO - [Shapelet  40] forward_avg=0.002832s over 12 calls
2025-10-21 10:06:35,444 - INFO - [Shapelet  80] forward_avg=0.000576s over 12 calls
2025-10-21 10:06:35,444 - INFO - [Shapelet 121] forward_avg=0.000646s over 12 calls
2025-10-21 10:06:35,444 - INFO - [Shapelet 161] forward_avg=0.000754s over 12 calls
2025-10-21 10:06:35,444 - INFO - [Shapelet 202] forward_avg=0.000857s over 12 calls
2025-10-21 10:06:35,445 - INFO - [Shapelet 242] forward_avg=0.000833s over 12 calls
2025-10-21 10:06:35,445 - INFO - [Shapelet 283] forward_avg=0.000890s over 12 calls
2025-10-21 10:06:35,445 - INFO - [Shapelet 324] forward_avg=0.000988s over 12 calls
2025-10-21 10:06:35,445 - INFO - 
💾 模型第一次反向传播阶段的显存峰值（所有模块中的最大值）: 3798.23 MB
2025-10-21 10:06:35,445 - INFO - 
💾 模型初始显存: 23.05 MB
2025-10-21 10:06:35,445 - INFO - =======================================================================

2025-10-21 10:06:35,445 - INFO - torch.cuda.max_memory_reserved() : 4.6796875
2025-10-21 10:06:38,116 - INFO - Epoch 4 completed in 2.670260 seconds
2025-10-21 10:06:38,116 - INFO - torch.cuda.max_memory_reserved() : 4.681640625
2025-10-21 10:06:40,731 - INFO - Epoch 5 completed in 2.612720 seconds
2025-10-21 10:06:40,731 - INFO - torch.cuda.max_memory_reserved() : 4.681640625
2025-10-21 10:06:43,296 - INFO - Epoch 6 completed in 2.563537 seconds
2025-10-21 10:06:43,297 - INFO - torch.cuda.max_memory_reserved() : 4.681640625
2025-10-21 10:06:45,923 - INFO - Epoch 7 completed in 2.625610 seconds
2025-10-21 10:06:45,923 - INFO - torch.cuda.max_memory_reserved() : 4.681640625
2025-10-21 10:06:48,420 - INFO - Epoch 8 completed in 2.495570 seconds
2025-10-21 10:06:48,421 - INFO - torch.cuda.max_memory_reserved() : 4.681640625
2025-10-21 10:06:50,994 - INFO - Epoch 9 completed in 2.573412 seconds
2025-10-21 10:06:50,995 - INFO - torch.cuda.max_memory_reserved() : 4.681640625
2025-10-21 10:06:53,531 - INFO - Epoch 10 completed in 2.535355 seconds
2025-10-21 10:06:54,573 - INFO - torch.cuda.max_memory_reserved() : 4.681640625
2025-10-21 10:06:54,573 - INFO - !!!采用策略后的几个epoch 平均时间:2.5836870074272156
2025-10-21 10:06:54,574 - INFO - 



