2025-10-20 23:22:41,550 - INFO - 📌 第一个 epoch：默认所有模块使用 checkpoint
2025-10-20 23:23:04,980 - INFO - Epoch 1 completed in 23.440687 seconds
2025-10-20 23:23:07,359 - INFO - torch.cuda.max_memory_reserved() : 4.37890625
2025-10-20 23:23:26,258 - INFO - 
[🔁 拟合反向传播时间模型]
2025-10-20 23:23:26,259 - INFO - 总反向传播时间: 18.827875s
2025-10-20 23:23:26,259 - INFO - 拟合模型: backward_total ≈ 2 × (A + B) + b
2025-10-20 23:23:26,259 - INFO - A = 4.369291, B = 0.568843, b = 13.889741s
2025-10-20 23:23:26,342 - INFO - ✅ 最优策略：[1, 0, 0, 0, 0, 1, 1, 1, 0, 0, 1, 1, 1, 1, 1, 1]
2025-10-20 23:23:26,343 - INFO - 📌 checkpoint 的欧氏长度:, [80, 121, 161, 202]
2025-10-20 23:23:26,343 - INFO - 📌 checkpoint 的余弦长度:, [40, 80]
2025-10-20 23:23:26,343 - INFO - 💾 最终显存峰值：%.2f MB % 5728.955490950957
2025-10-20 23:23:26,343 - INFO - Epoch 2 completed in 18.983121 seconds
2025-10-20 23:23:26,344 - INFO - torch.cuda.max_memory_reserved() : 4.37890625
2025-10-20 23:23:42,397 - INFO - Epoch 3 completed in 16.052260 seconds
2025-10-20 23:23:42,397 - INFO - 
====================== [第1个 Epoch 收集统计数据] ======================
2025-10-20 23:23:42,397 - INFO - 
🔍 EUCLIDEAN modules:
2025-10-20 23:23:42,397 - INFO - [Shapelet  40] forward_avg=0.007384s over 12 calls | peak=343.57MB | final=0.00MB
2025-10-20 23:23:42,397 - INFO - [Shapelet  80] forward_avg=0.008169s over 12 calls | peak=601.19MB | final=0.00MB
2025-10-20 23:23:42,397 - INFO - [Shapelet 121] forward_avg=0.010874s over 12 calls | peak=791.72MB | final=0.00MB
2025-10-20 23:23:42,397 - INFO - [Shapelet 161] forward_avg=0.011504s over 12 calls | peak=905.43MB | final=0.00MB
2025-10-20 23:23:42,397 - INFO - [Shapelet 202] forward_avg=0.011721s over 12 calls | peak=946.48MB | final=0.00MB
2025-10-20 23:23:42,397 - INFO - [Shapelet 242] forward_avg=0.011298s over 12 calls | peak=915.59MB | final=0.00MB
2025-10-20 23:23:42,397 - INFO - [Shapelet 283] forward_avg=0.008563s over 12 calls | peak=810.62MB | final=0.00MB
2025-10-20 23:23:42,397 - INFO - [Shapelet 324] forward_avg=0.008142s over 12 calls | peak=628.61MB | final=0.00MB
2025-10-20 23:23:42,397 - INFO - 
🔍 COSINE modules:
2025-10-20 23:23:42,397 - INFO - [Shapelet  40] forward_avg=0.004093s over 12 calls | peak=220.75MB | final=0.00MB
2025-10-20 23:23:42,397 - INFO - [Shapelet  80] forward_avg=0.003883s over 12 calls | peak=390.83MB | final=0.00MB
2025-10-20 23:23:42,397 - INFO - [Shapelet 121] forward_avg=0.006233s over 12 calls | peak=515.69MB | final=0.00MB
2025-10-20 23:23:42,397 - INFO - [Shapelet 161] forward_avg=0.006624s over 12 calls | peak=589.82MB | final=0.00MB
2025-10-20 23:23:42,397 - INFO - [Shapelet 202] forward_avg=0.006843s over 12 calls | peak=615.21MB | final=0.00MB
2025-10-20 23:23:42,397 - INFO - [Shapelet 242] forward_avg=0.006406s over 12 calls | peak=592.28MB | final=0.00MB
2025-10-20 23:23:42,397 - INFO - [Shapelet 283] forward_avg=0.005735s over 12 calls | peak=520.11MB | final=0.00MB
2025-10-20 23:23:42,397 - INFO - [Shapelet 324] forward_avg=0.003897s over 12 calls | peak=396.44MB | final=0.00MB
2025-10-20 23:23:42,398 - INFO - 
🔍 CROSS modules:
2025-10-20 23:23:42,398 - INFO - [Shapelet  40] forward_avg=0.004819s over 12 calls
2025-10-20 23:23:42,398 - INFO - [Shapelet  80] forward_avg=0.002336s over 12 calls
2025-10-20 23:23:42,398 - INFO - [Shapelet 121] forward_avg=0.002444s over 12 calls
2025-10-20 23:23:42,398 - INFO - [Shapelet 161] forward_avg=0.002592s over 12 calls
2025-10-20 23:23:42,398 - INFO - [Shapelet 202] forward_avg=0.002648s over 12 calls
2025-10-20 23:23:42,398 - INFO - [Shapelet 242] forward_avg=0.002590s over 12 calls
2025-10-20 23:23:42,398 - INFO - [Shapelet 283] forward_avg=0.003075s over 12 calls
2025-10-20 23:23:42,398 - INFO - [Shapelet 324] forward_avg=0.003197s over 12 calls
2025-10-20 23:23:42,398 - INFO - 
💾 模型第一次反向传播阶段的显存峰值（所有模块中的最大值）: 4407.42 MB
2025-10-20 23:23:42,398 - INFO - 
💾 模型初始显存: 23.05 MB
2025-10-20 23:23:42,398 - INFO - =======================================================================

2025-10-20 23:23:42,398 - INFO - torch.cuda.max_memory_reserved() : 5.611328125
2025-10-20 23:23:59,517 - INFO - Epoch 4 completed in 17.118251 seconds
2025-10-20 23:23:59,517 - INFO - torch.cuda.max_memory_reserved() : 5.611328125
2025-10-20 23:24:16,034 - INFO - Epoch 5 completed in 16.515970 seconds
2025-10-20 23:24:16,035 - INFO - torch.cuda.max_memory_reserved() : 5.611328125
2025-10-20 23:24:36,584 - INFO - Epoch 6 completed in 20.548799 seconds
2025-10-20 23:24:36,585 - INFO - torch.cuda.max_memory_reserved() : 5.61328125
2025-10-20 23:24:51,783 - INFO - Epoch 7 completed in 15.197412 seconds
2025-10-20 23:24:51,784 - INFO - torch.cuda.max_memory_reserved() : 5.61328125
2025-10-20 23:25:12,212 - INFO - Epoch 8 completed in 20.426886 seconds
2025-10-20 23:25:12,212 - INFO - torch.cuda.max_memory_reserved() : 5.61328125
2025-10-20 23:25:28,898 - INFO - Epoch 9 completed in 16.684996 seconds
2025-10-20 23:25:28,899 - INFO - torch.cuda.max_memory_reserved() : 5.61328125
2025-10-20 23:25:46,237 - INFO - Epoch 10 completed in 17.337325 seconds
2025-10-20 23:25:48,487 - INFO - torch.cuda.max_memory_reserved() : 5.61328125
2025-10-20 23:25:48,488 - INFO - !!!采用策略后的几个epoch 平均时间:17.485237419605255
2025-10-20 23:25:48,488 - INFO - 



2025-10-21 10:08:10,963 - INFO - 📌 第一个 epoch：默认所有模块使用 checkpoint
2025-10-21 10:08:15,338 - INFO - Epoch 1 completed in 4.385128 seconds
2025-10-21 10:08:16,570 - INFO - torch.cuda.max_memory_reserved() : 4.37890625
2025-10-21 10:08:20,916 - INFO - 
[🔁 拟合反向传播时间模型]
2025-10-21 10:08:20,917 - INFO - 总反向传播时间: 4.320250s
2025-10-21 10:08:20,917 - INFO - 拟合模型: backward_total ≈ 2 × (A + B) + b
2025-10-21 10:08:20,917 - INFO - A = 2.287711, B = 0.232484, b = 1.800055s
2025-10-21 10:08:20,989 - INFO - ✅ 最优策略：[1, 0, 0, 0, 0, 1, 1, 1, 0, 0, 1, 1, 1, 1, 1, 1]
2025-10-21 10:08:20,989 - INFO - 📌 checkpoint 的欧氏长度:, [80, 121, 161, 202]
2025-10-21 10:08:20,989 - INFO - 📌 checkpoint 的余弦长度:, [40, 80]
2025-10-21 10:08:20,989 - INFO - 💾 最终显存峰值：%.2f MB % 5728.955490950957
2025-10-21 10:08:20,989 - INFO - Epoch 2 completed in 4.418448 seconds
2025-10-21 10:08:20,989 - INFO - torch.cuda.max_memory_reserved() : 4.37890625
2025-10-21 10:08:23,370 - INFO - Epoch 3 completed in 2.380179 seconds
2025-10-21 10:08:23,370 - INFO - 
====================== [第1个 Epoch 收集统计数据] ======================
2025-10-21 10:08:23,371 - INFO - 
🔍 EUCLIDEAN modules:
2025-10-21 10:08:23,371 - INFO - [Shapelet  40] forward_avg=0.004557s over 12 calls | peak=343.57MB | final=0.00MB
2025-10-21 10:08:23,371 - INFO - [Shapelet  80] forward_avg=0.004547s over 12 calls | peak=601.19MB | final=0.00MB
2025-10-21 10:08:23,371 - INFO - [Shapelet 121] forward_avg=0.005242s over 12 calls | peak=791.72MB | final=0.00MB
2025-10-21 10:08:23,371 - INFO - [Shapelet 161] forward_avg=0.005461s over 12 calls | peak=905.43MB | final=0.00MB
2025-10-21 10:08:23,371 - INFO - [Shapelet 202] forward_avg=0.005838s over 12 calls | peak=946.48MB | final=0.00MB
2025-10-21 10:08:23,371 - INFO - [Shapelet 242] forward_avg=0.005688s over 12 calls | peak=915.59MB | final=0.00MB
2025-10-21 10:08:23,371 - INFO - [Shapelet 283] forward_avg=0.004704s over 12 calls | peak=810.62MB | final=0.00MB
2025-10-21 10:08:23,371 - INFO - [Shapelet 324] forward_avg=0.004688s over 12 calls | peak=628.61MB | final=0.00MB
2025-10-21 10:08:23,372 - INFO - 
🔍 COSINE modules:
2025-10-21 10:08:23,372 - INFO - [Shapelet  40] forward_avg=0.002981s over 12 calls | peak=220.75MB | final=0.00MB
2025-10-21 10:08:23,372 - INFO - [Shapelet  80] forward_avg=0.002818s over 12 calls | peak=390.83MB | final=0.00MB
2025-10-21 10:08:23,372 - INFO - [Shapelet 121] forward_avg=0.002879s over 12 calls | peak=515.69MB | final=0.00MB
2025-10-21 10:08:23,372 - INFO - [Shapelet 161] forward_avg=0.003125s over 12 calls | peak=589.82MB | final=0.00MB
2025-10-21 10:08:23,372 - INFO - [Shapelet 202] forward_avg=0.003347s over 12 calls | peak=615.21MB | final=0.00MB
2025-10-21 10:08:23,372 - INFO - [Shapelet 242] forward_avg=0.002943s over 12 calls | peak=592.28MB | final=0.00MB
2025-10-21 10:08:23,372 - INFO - [Shapelet 283] forward_avg=0.002388s over 12 calls | peak=520.11MB | final=0.00MB
2025-10-21 10:08:23,372 - INFO - [Shapelet 324] forward_avg=0.002340s over 12 calls | peak=396.44MB | final=0.00MB
2025-10-21 10:08:23,373 - INFO - 
🔍 CROSS modules:
2025-10-21 10:08:23,373 - INFO - [Shapelet  40] forward_avg=0.003423s over 12 calls
2025-10-21 10:08:23,373 - INFO - [Shapelet  80] forward_avg=0.000702s over 12 calls
2025-10-21 10:08:23,373 - INFO - [Shapelet 121] forward_avg=0.000751s over 12 calls
2025-10-21 10:08:23,373 - INFO - [Shapelet 161] forward_avg=0.000929s over 12 calls
2025-10-21 10:08:23,373 - INFO - [Shapelet 202] forward_avg=0.001042s over 12 calls
2025-10-21 10:08:23,373 - INFO - [Shapelet 242] forward_avg=0.000863s over 12 calls
2025-10-21 10:08:23,373 - INFO - [Shapelet 283] forward_avg=0.000945s over 12 calls
2025-10-21 10:08:23,373 - INFO - [Shapelet 324] forward_avg=0.001032s over 12 calls
2025-10-21 10:08:23,374 - INFO - 
💾 模型第一次反向传播阶段的显存峰值（所有模块中的最大值）: 4407.42 MB
2025-10-21 10:08:23,374 - INFO - 
💾 模型初始显存: 23.05 MB
2025-10-21 10:08:23,374 - INFO - =======================================================================

2025-10-21 10:08:23,374 - INFO - torch.cuda.max_memory_reserved() : 5.611328125
2025-10-21 10:08:25,814 - INFO - Epoch 4 completed in 2.438406 seconds
2025-10-21 10:08:25,815 - INFO - torch.cuda.max_memory_reserved() : 5.611328125
2025-10-21 10:08:28,315 - INFO - Epoch 5 completed in 2.499314 seconds
2025-10-21 10:08:28,316 - INFO - torch.cuda.max_memory_reserved() : 5.611328125
2025-10-21 10:08:30,999 - INFO - Epoch 6 completed in 2.681689 seconds
2025-10-21 10:08:31,000 - INFO - torch.cuda.max_memory_reserved() : 5.61328125
2025-10-21 10:08:34,088 - INFO - Epoch 7 completed in 3.086177 seconds
2025-10-21 10:08:34,089 - INFO - torch.cuda.max_memory_reserved() : 5.61328125
2025-10-21 10:08:36,485 - INFO - Epoch 8 completed in 2.394332 seconds
2025-10-21 10:08:36,485 - INFO - torch.cuda.max_memory_reserved() : 5.61328125
2025-10-21 10:08:39,026 - INFO - Epoch 9 completed in 2.540890 seconds
2025-10-21 10:08:39,027 - INFO - torch.cuda.max_memory_reserved() : 5.61328125
2025-10-21 10:08:41,666 - INFO - Epoch 10 completed in 2.637421 seconds
2025-10-21 10:08:42,757 - INFO - torch.cuda.max_memory_reserved() : 5.61328125
2025-10-21 10:08:42,757 - INFO - !!!采用策略后的几个epoch 平均时间:2.582301080226898
2025-10-21 10:08:42,757 - INFO - 



