2025-10-21 13:42:27,096 - INFO - 📌 第一个 epoch：默认所有模块使用 checkpoint
2025-10-21 13:42:30,448 - INFO - Epoch 1 completed in 3.360269 seconds
2025-10-21 13:42:31,513 - INFO - torch.cuda.max_memory_reserved() : 4.37890625
2025-10-21 13:42:34,289 - INFO - 
[🔁 拟合反向传播时间模型]
2025-10-21 13:42:34,289 - INFO - 总反向传播时间: 2.754764s
2025-10-21 13:42:34,289 - INFO - 拟合模型: backward_total ≈ 2 × (A + B) + b
2025-10-21 13:42:34,289 - INFO - A = 2.065566, B = 0.199103, b = 0.490095s
2025-10-21 13:42:34,353 - INFO - ✅ 最优策略：[1, 0, 0, 0, 0, 1, 1, 1, 0, 0, 1, 1, 1, 1, 1, 1]
2025-10-21 13:42:34,353 - INFO - 📌 checkpoint 的欧氏长度:, [80, 121, 161, 202]
2025-10-21 13:42:34,353 - INFO - 📌 checkpoint 的余弦长度:, [40, 80]
2025-10-21 13:42:34,353 - INFO - 💾 最终显存峰值：%.2f MB % 5728.955490950957
2025-10-21 13:42:34,353 - INFO - Epoch 2 completed in 2.839533 seconds
2025-10-21 13:42:34,353 - INFO - torch.cuda.max_memory_reserved() : 4.37890625
2025-10-21 13:42:36,687 - INFO - Epoch 3 completed in 2.333240 seconds
2025-10-21 13:42:36,687 - INFO - 
====================== [第1个 Epoch 收集统计数据] ======================
2025-10-21 13:42:36,688 - INFO - 
🔍 EUCLIDEAN modules:
2025-10-21 13:42:36,688 - INFO - [Shapelet  40] forward_avg=0.003881s over 12 calls | peak=343.57MB | final=0.00MB
2025-10-21 13:42:36,688 - INFO - [Shapelet  80] forward_avg=0.003999s over 12 calls | peak=601.19MB | final=0.00MB
2025-10-21 13:42:36,688 - INFO - [Shapelet 121] forward_avg=0.004979s over 12 calls | peak=791.72MB | final=0.00MB
2025-10-21 13:42:36,688 - INFO - [Shapelet 161] forward_avg=0.005123s over 12 calls | peak=905.43MB | final=0.00MB
2025-10-21 13:42:36,688 - INFO - [Shapelet 202] forward_avg=0.005484s over 12 calls | peak=946.48MB | final=0.00MB
2025-10-21 13:42:36,688 - INFO - [Shapelet 242] forward_avg=0.005333s over 12 calls | peak=915.59MB | final=0.00MB
2025-10-21 13:42:36,688 - INFO - [Shapelet 283] forward_avg=0.004318s over 12 calls | peak=810.62MB | final=0.00MB
2025-10-21 13:42:36,689 - INFO - [Shapelet 324] forward_avg=0.004235s over 12 calls | peak=628.61MB | final=0.00MB
2025-10-21 13:42:36,689 - INFO - 
🔍 COSINE modules:
2025-10-21 13:42:36,689 - INFO - [Shapelet  40] forward_avg=0.002054s over 12 calls | peak=220.75MB | final=0.00MB
2025-10-21 13:42:36,689 - INFO - [Shapelet  80] forward_avg=0.002030s over 12 calls | peak=390.83MB | final=0.00MB
2025-10-21 13:42:36,689 - INFO - [Shapelet 121] forward_avg=0.002632s over 12 calls | peak=515.69MB | final=0.00MB
2025-10-21 13:42:36,689 - INFO - [Shapelet 161] forward_avg=0.002837s over 12 calls | peak=589.82MB | final=0.00MB
2025-10-21 13:42:36,689 - INFO - [Shapelet 202] forward_avg=0.003089s over 12 calls | peak=615.21MB | final=0.00MB
2025-10-21 13:42:36,689 - INFO - [Shapelet 242] forward_avg=0.002915s over 12 calls | peak=592.28MB | final=0.00MB
2025-10-21 13:42:36,689 - INFO - [Shapelet 283] forward_avg=0.002326s over 12 calls | peak=520.11MB | final=0.00MB
2025-10-21 13:42:36,689 - INFO - [Shapelet 324] forward_avg=0.002141s over 12 calls | peak=396.44MB | final=0.00MB
2025-10-21 13:42:36,690 - INFO - 
🔍 CROSS modules:
2025-10-21 13:42:36,690 - INFO - [Shapelet  40] forward_avg=0.002780s over 12 calls
2025-10-21 13:42:36,690 - INFO - [Shapelet  80] forward_avg=0.000576s over 12 calls
2025-10-21 13:42:36,690 - INFO - [Shapelet 121] forward_avg=0.000644s over 12 calls
2025-10-21 13:42:36,690 - INFO - [Shapelet 161] forward_avg=0.000762s over 12 calls
2025-10-21 13:42:36,690 - INFO - [Shapelet 202] forward_avg=0.000848s over 12 calls
2025-10-21 13:42:36,690 - INFO - [Shapelet 242] forward_avg=0.000823s over 12 calls
2025-10-21 13:42:36,690 - INFO - [Shapelet 283] forward_avg=0.000880s over 12 calls
2025-10-21 13:42:36,690 - INFO - [Shapelet 324] forward_avg=0.000983s over 12 calls
2025-10-21 13:42:36,690 - INFO - 
💾 模型第一次反向传播阶段的显存峰值（所有模块中的最大值）: 4407.42 MB
2025-10-21 13:42:36,691 - INFO - 
💾 模型初始显存: 23.05 MB
2025-10-21 13:42:36,691 - INFO - =======================================================================

2025-10-21 13:42:36,691 - INFO - torch.cuda.max_memory_reserved() : 5.611328125
2025-10-21 13:42:39,022 - INFO - Epoch 4 completed in 2.329757 seconds
2025-10-21 13:42:39,022 - INFO - torch.cuda.max_memory_reserved() : 5.611328125
2025-10-21 13:42:41,347 - INFO - Epoch 5 completed in 2.324082 seconds
2025-10-21 13:42:41,347 - INFO - torch.cuda.max_memory_reserved() : 5.611328125
2025-10-21 13:42:43,696 - INFO - Epoch 6 completed in 2.348524 seconds
2025-10-21 13:42:43,697 - INFO - torch.cuda.max_memory_reserved() : 5.61328125
2025-10-21 13:42:46,083 - INFO - Epoch 7 completed in 2.384828 seconds
2025-10-21 13:42:46,084 - INFO - torch.cuda.max_memory_reserved() : 5.61328125
2025-10-21 13:42:48,446 - INFO - Epoch 8 completed in 2.361641 seconds
2025-10-21 13:42:48,446 - INFO - torch.cuda.max_memory_reserved() : 5.61328125
2025-10-21 13:42:50,969 - INFO - Epoch 9 completed in 2.522123 seconds
2025-10-21 13:42:50,970 - INFO - torch.cuda.max_memory_reserved() : 5.61328125
2025-10-21 13:42:53,349 - INFO - Epoch 10 completed in 2.377612 seconds
2025-10-21 13:42:54,407 - INFO - torch.cuda.max_memory_reserved() : 5.61328125
2025-10-21 13:42:54,408 - INFO - !!!采用策略后的几个epoch 平均时间:2.3727258145809174
2025-10-21 13:42:54,408 - INFO - 



