2025-10-20 23:21:48,346 - INFO - 📌 第一个 epoch：默认所有模块使用 checkpoint
2025-10-20 23:21:53,604 - INFO - Epoch 1 completed in 5.266110 seconds
2025-10-20 23:21:54,804 - INFO - torch.cuda.max_memory_reserved() : 4.37890625
2025-10-20 23:21:59,526 - INFO - 
[🔁 拟合反向传播时间模型]
2025-10-20 23:21:59,526 - INFO - 总反向传播时间: 4.698190s
2025-10-20 23:21:59,526 - INFO - 拟合模型: backward_total ≈ 2 × (A + B) + b
2025-10-20 23:21:59,526 - INFO - A = 2.328793, B = 0.251067, b = 2.118330s
2025-10-20 23:21:59,633 - INFO - ✅ 最优策略：[1, 0, 0, 0, 0, 1, 1, 1, 0, 0, 1, 1, 1, 1, 1, 1]
2025-10-20 23:21:59,633 - INFO - 📌 checkpoint 的欧氏长度:, [80, 121, 161, 202]
2025-10-20 23:21:59,633 - INFO - 📌 checkpoint 的余弦长度:, [40, 80]
2025-10-20 23:21:59,633 - INFO - 💾 最终显存峰值：%.2f MB % 5728.955490950957
2025-10-20 23:21:59,634 - INFO - Epoch 2 completed in 4.829652 seconds
2025-10-20 23:21:59,634 - INFO - torch.cuda.max_memory_reserved() : 4.37890625
2025-10-20 23:22:02,685 - INFO - Epoch 3 completed in 3.049573 seconds
2025-10-20 23:22:02,685 - INFO - 
====================== [第1个 Epoch 收集统计数据] ======================
2025-10-20 23:22:02,685 - INFO - 
🔍 EUCLIDEAN modules:
2025-10-20 23:22:02,685 - INFO - [Shapelet  40] forward_avg=0.004421s over 12 calls | peak=343.57MB | final=0.00MB
2025-10-20 23:22:02,685 - INFO - [Shapelet  80] forward_avg=0.004370s over 12 calls | peak=601.19MB | final=0.00MB
2025-10-20 23:22:02,685 - INFO - [Shapelet 121] forward_avg=0.005197s over 12 calls | peak=791.72MB | final=0.00MB
2025-10-20 23:22:02,685 - INFO - [Shapelet 161] forward_avg=0.005559s over 12 calls | peak=905.43MB | final=0.00MB
2025-10-20 23:22:02,685 - INFO - [Shapelet 202] forward_avg=0.005760s over 12 calls | peak=946.48MB | final=0.00MB
2025-10-20 23:22:02,685 - INFO - [Shapelet 242] forward_avg=0.005636s over 12 calls | peak=915.59MB | final=0.00MB
2025-10-20 23:22:02,685 - INFO - [Shapelet 283] forward_avg=0.004748s over 12 calls | peak=810.62MB | final=0.00MB
2025-10-20 23:22:02,685 - INFO - [Shapelet 324] forward_avg=0.004560s over 12 calls | peak=628.61MB | final=0.00MB
2025-10-20 23:22:02,685 - INFO - 
🔍 COSINE modules:
2025-10-20 23:22:02,685 - INFO - [Shapelet  40] forward_avg=0.003085s over 12 calls | peak=220.75MB | final=0.00MB
2025-10-20 23:22:02,685 - INFO - [Shapelet  80] forward_avg=0.002851s over 12 calls | peak=390.83MB | final=0.00MB
2025-10-20 23:22:02,685 - INFO - [Shapelet 121] forward_avg=0.002966s over 12 calls | peak=515.69MB | final=0.00MB
2025-10-20 23:22:02,686 - INFO - [Shapelet 161] forward_avg=0.003068s over 12 calls | peak=589.82MB | final=0.00MB
2025-10-20 23:22:02,686 - INFO - [Shapelet 202] forward_avg=0.003581s over 12 calls | peak=615.21MB | final=0.00MB
2025-10-20 23:22:02,686 - INFO - [Shapelet 242] forward_avg=0.003138s over 12 calls | peak=592.28MB | final=0.00MB
2025-10-20 23:22:02,686 - INFO - [Shapelet 283] forward_avg=0.002864s over 12 calls | peak=520.11MB | final=0.00MB
2025-10-20 23:22:02,686 - INFO - [Shapelet 324] forward_avg=0.002885s over 12 calls | peak=396.44MB | final=0.00MB
2025-10-20 23:22:02,686 - INFO - 
🔍 CROSS modules:
2025-10-20 23:22:02,686 - INFO - [Shapelet  40] forward_avg=0.004041s over 12 calls
2025-10-20 23:22:02,686 - INFO - [Shapelet  80] forward_avg=0.000758s over 12 calls
2025-10-20 23:22:02,686 - INFO - [Shapelet 121] forward_avg=0.000787s over 12 calls
2025-10-20 23:22:02,686 - INFO - [Shapelet 161] forward_avg=0.000858s over 12 calls
2025-10-20 23:22:02,686 - INFO - [Shapelet 202] forward_avg=0.000943s over 12 calls
2025-10-20 23:22:02,686 - INFO - [Shapelet 242] forward_avg=0.000920s over 12 calls
2025-10-20 23:22:02,686 - INFO - [Shapelet 283] forward_avg=0.000989s over 12 calls
2025-10-20 23:22:02,686 - INFO - [Shapelet 324] forward_avg=0.001166s over 12 calls
2025-10-20 23:22:02,686 - INFO - 
💾 模型第一次反向传播阶段的显存峰值（所有模块中的最大值）: 4407.42 MB
2025-10-20 23:22:02,686 - INFO - 
💾 模型初始显存: 23.05 MB
2025-10-20 23:22:02,686 - INFO - =======================================================================

2025-10-20 23:22:02,687 - INFO - torch.cuda.max_memory_reserved() : 5.611328125
2025-10-20 23:22:06,351 - INFO - Epoch 4 completed in 3.663617 seconds
2025-10-20 23:22:06,352 - INFO - torch.cuda.max_memory_reserved() : 5.611328125
2025-10-20 23:22:10,612 - INFO - Epoch 5 completed in 4.259641 seconds
2025-10-20 23:22:10,613 - INFO - torch.cuda.max_memory_reserved() : 5.611328125
2025-10-20 23:22:13,715 - INFO - Epoch 6 completed in 3.101276 seconds
2025-10-20 23:22:13,716 - INFO - torch.cuda.max_memory_reserved() : 5.61328125
2025-10-20 23:22:17,580 - INFO - Epoch 7 completed in 3.863231 seconds
2025-10-20 23:22:17,581 - INFO - torch.cuda.max_memory_reserved() : 5.61328125
2025-10-20 23:22:20,730 - INFO - Epoch 8 completed in 3.148700 seconds
2025-10-20 23:22:20,731 - INFO - torch.cuda.max_memory_reserved() : 5.61328125
2025-10-20 23:22:24,068 - INFO - Epoch 9 completed in 3.337073 seconds
2025-10-20 23:22:24,069 - INFO - torch.cuda.max_memory_reserved() : 5.61328125
2025-10-20 23:22:29,651 - INFO - Epoch 10 completed in 5.581000 seconds
2025-10-20 23:22:30,923 - INFO - torch.cuda.max_memory_reserved() : 5.61328125
2025-10-20 23:22:30,923 - INFO - !!!采用策略后的几个epoch 平均时间:3.7505138516426086
2025-10-20 23:22:30,923 - INFO - 



2025-10-21 10:07:32,675 - INFO - 📌 第一个 epoch：默认所有模块使用 checkpoint
2025-10-21 10:07:36,067 - INFO - Epoch 1 completed in 3.399477 seconds
2025-10-21 10:07:37,136 - INFO - torch.cuda.max_memory_reserved() : 4.37890625
2025-10-21 10:07:40,394 - INFO - 
[🔁 拟合反向传播时间模型]
2025-10-21 10:07:40,395 - INFO - 总反向传播时间: 3.233717s
2025-10-21 10:07:40,395 - INFO - 拟合模型: backward_total ≈ 2 × (A + B) + b
2025-10-21 10:07:40,395 - INFO - A = 2.121266, B = 0.199965, b = 0.912486s
2025-10-21 10:07:40,468 - INFO - ✅ 最优策略：[1, 0, 0, 0, 0, 1, 1, 1, 0, 0, 1, 1, 1, 1, 1, 1]
2025-10-21 10:07:40,469 - INFO - 📌 checkpoint 的欧氏长度:, [80, 121, 161, 202]
2025-10-21 10:07:40,469 - INFO - 📌 checkpoint 的余弦长度:, [40, 80]
2025-10-21 10:07:40,469 - INFO - 💾 最终显存峰值：%.2f MB % 5728.955490950957
2025-10-21 10:07:40,469 - INFO - Epoch 2 completed in 3.332949 seconds
2025-10-21 10:07:40,470 - INFO - torch.cuda.max_memory_reserved() : 4.37890625
2025-10-21 10:07:42,821 - INFO - Epoch 3 completed in 2.350924 seconds
2025-10-21 10:07:42,821 - INFO - 
====================== [第1个 Epoch 收集统计数据] ======================
2025-10-21 10:07:42,822 - INFO - 
🔍 EUCLIDEAN modules:
2025-10-21 10:07:42,822 - INFO - [Shapelet  40] forward_avg=0.003921s over 12 calls | peak=343.57MB | final=0.00MB
2025-10-21 10:07:42,822 - INFO - [Shapelet  80] forward_avg=0.004140s over 12 calls | peak=601.19MB | final=0.00MB
2025-10-21 10:07:42,822 - INFO - [Shapelet 121] forward_avg=0.005132s over 12 calls | peak=791.72MB | final=0.00MB
2025-10-21 10:07:42,822 - INFO - [Shapelet 161] forward_avg=0.005433s over 12 calls | peak=905.43MB | final=0.00MB
2025-10-21 10:07:42,822 - INFO - [Shapelet 202] forward_avg=0.005695s over 12 calls | peak=946.48MB | final=0.00MB
2025-10-21 10:07:42,822 - INFO - [Shapelet 242] forward_avg=0.005350s over 12 calls | peak=915.59MB | final=0.00MB
2025-10-21 10:07:42,822 - INFO - [Shapelet 283] forward_avg=0.004730s over 12 calls | peak=810.62MB | final=0.00MB
2025-10-21 10:07:42,822 - INFO - [Shapelet 324] forward_avg=0.004381s over 12 calls | peak=628.61MB | final=0.00MB
2025-10-21 10:07:42,823 - INFO - 
🔍 COSINE modules:
2025-10-21 10:07:42,823 - INFO - [Shapelet  40] forward_avg=0.002039s over 12 calls | peak=220.75MB | final=0.00MB
2025-10-21 10:07:42,823 - INFO - [Shapelet  80] forward_avg=0.002102s over 12 calls | peak=390.83MB | final=0.00MB
2025-10-21 10:07:42,823 - INFO - [Shapelet 121] forward_avg=0.002585s over 12 calls | peak=515.69MB | final=0.00MB
2025-10-21 10:07:42,823 - INFO - [Shapelet 161] forward_avg=0.002867s over 12 calls | peak=589.82MB | final=0.00MB
2025-10-21 10:07:42,823 - INFO - [Shapelet 202] forward_avg=0.003112s over 12 calls | peak=615.21MB | final=0.00MB
2025-10-21 10:07:42,823 - INFO - [Shapelet 242] forward_avg=0.002935s over 12 calls | peak=592.28MB | final=0.00MB
2025-10-21 10:07:42,823 - INFO - [Shapelet 283] forward_avg=0.002338s over 12 calls | peak=520.11MB | final=0.00MB
2025-10-21 10:07:42,823 - INFO - [Shapelet 324] forward_avg=0.002166s over 12 calls | peak=396.44MB | final=0.00MB
2025-10-21 10:07:42,823 - INFO - 
🔍 CROSS modules:
2025-10-21 10:07:42,824 - INFO - [Shapelet  40] forward_avg=0.002767s over 12 calls
2025-10-21 10:07:42,824 - INFO - [Shapelet  80] forward_avg=0.000585s over 12 calls
2025-10-21 10:07:42,824 - INFO - [Shapelet 121] forward_avg=0.000648s over 12 calls
2025-10-21 10:07:42,824 - INFO - [Shapelet 161] forward_avg=0.000755s over 12 calls
2025-10-21 10:07:42,824 - INFO - [Shapelet 202] forward_avg=0.000866s over 12 calls
2025-10-21 10:07:42,824 - INFO - [Shapelet 242] forward_avg=0.000831s over 12 calls
2025-10-21 10:07:42,824 - INFO - [Shapelet 283] forward_avg=0.000889s over 12 calls
2025-10-21 10:07:42,824 - INFO - [Shapelet 324] forward_avg=0.000990s over 12 calls
2025-10-21 10:07:42,824 - INFO - 
💾 模型第一次反向传播阶段的显存峰值（所有模块中的最大值）: 4407.42 MB
2025-10-21 10:07:42,824 - INFO - 
💾 模型初始显存: 23.05 MB
2025-10-21 10:07:42,824 - INFO - =======================================================================

2025-10-21 10:07:42,824 - INFO - torch.cuda.max_memory_reserved() : 5.611328125
2025-10-21 10:07:48,109 - INFO - Epoch 4 completed in 5.284428 seconds
2025-10-21 10:07:48,110 - INFO - torch.cuda.max_memory_reserved() : 5.611328125
2025-10-21 10:07:50,607 - INFO - Epoch 5 completed in 2.495917 seconds
2025-10-21 10:07:50,608 - INFO - torch.cuda.max_memory_reserved() : 5.611328125
2025-10-21 10:07:52,966 - INFO - Epoch 6 completed in 2.357237 seconds
2025-10-21 10:07:52,967 - INFO - torch.cuda.max_memory_reserved() : 5.61328125
2025-10-21 10:07:55,360 - INFO - Epoch 7 completed in 2.390950 seconds
2025-10-21 10:07:55,360 - INFO - torch.cuda.max_memory_reserved() : 5.61328125
2025-10-21 10:07:57,698 - INFO - Epoch 8 completed in 2.337916 seconds
2025-10-21 10:07:57,699 - INFO - torch.cuda.max_memory_reserved() : 5.61328125
2025-10-21 10:08:00,184 - INFO - Epoch 9 completed in 2.483768 seconds
2025-10-21 10:08:00,185 - INFO - torch.cuda.max_memory_reserved() : 5.61328125
2025-10-21 10:08:02,481 - INFO - Epoch 10 completed in 2.294826 seconds
2025-10-21 10:08:03,530 - INFO - torch.cuda.max_memory_reserved() : 5.61328125
2025-10-21 10:08:03,530 - INFO - !!!采用策略后的几个epoch 平均时间:2.749495714902878
2025-10-21 10:08:03,531 - INFO - 



