2025-10-20 19:01:03,879 - INFO - 📌 第一个 epoch：默认所有模块使用 checkpoint
2025-10-20 19:01:14,541 - INFO - Epoch 1 completed in 10.676217 seconds
2025-10-20 19:01:17,573 - INFO - torch.cuda.max_memory_reserved() : 9.49609375
2025-10-20 19:01:28,100 - INFO - 
[🔁 拟合反向传播时间模型]
2025-10-20 19:01:28,100 - INFO - 总反向传播时间: 10.428879s
2025-10-20 19:01:28,100 - INFO - 拟合模型: backward_total ≈ 2 × (A + B) + b
2025-10-20 19:01:28,100 - INFO - A = 7.193227, B = 0.452733, b = 2.782919s
2025-10-20 19:01:28,214 - INFO - ✅ 最优策略：[0, 1, 1, 0, 1, 0, 0, 1, 0, 0, 1, 0, 0, 0, 1, 1]
2025-10-20 19:01:28,214 - INFO - 📌 checkpoint 的欧氏长度:, [14, 57, 86, 100]
2025-10-20 19:01:28,214 - INFO - 📌 checkpoint 的余弦长度:, [14, 28, 57, 71, 86]
2025-10-20 19:01:28,215 - INFO - 💾 最终显存峰值：%.2f MB % 9330.870558001045
2025-10-20 19:01:28,225 - INFO - Epoch 2 completed in 10.650786 seconds
2025-10-20 19:01:28,225 - INFO - torch.cuda.max_memory_reserved() : 9.49609375
2025-10-20 19:01:36,982 - INFO - Epoch 3 completed in 8.756037 seconds
2025-10-20 19:01:36,982 - INFO - 
====================== [第1个 Epoch 收集统计数据] ======================
2025-10-20 19:01:36,983 - INFO - 
🔍 EUCLIDEAN modules:
2025-10-20 19:01:36,983 - INFO - [Shapelet  14] forward_avg=0.008574s over 16 calls | peak=733.24MB | final=0.00MB
2025-10-20 19:01:36,983 - INFO - [Shapelet  28] forward_avg=0.009491s over 16 calls | peak=1257.07MB | final=0.00MB
2025-10-20 19:01:36,983 - INFO - [Shapelet  42] forward_avg=0.011949s over 16 calls | peak=1641.29MB | final=0.00MB
2025-10-20 19:01:36,983 - INFO - [Shapelet  57] forward_avg=0.013053s over 16 calls | peak=1901.19MB | final=0.00MB
2025-10-20 19:01:36,983 - INFO - [Shapelet  71] forward_avg=0.013777s over 16 calls | peak=2000.96MB | final=0.00MB
2025-10-20 19:01:36,983 - INFO - [Shapelet  86] forward_avg=0.013357s over 16 calls | peak=1952.37MB | final=0.00MB
2025-10-20 19:01:36,983 - INFO - [Shapelet 100] forward_avg=0.013145s over 16 calls | peak=1765.30MB | final=0.00MB
2025-10-20 19:01:36,983 - INFO - [Shapelet 115] forward_avg=0.011614s over 16 calls | peak=1411.02MB | final=0.00MB
2025-10-20 19:01:36,983 - INFO - 
🔍 COSINE modules:
2025-10-20 19:01:36,983 - INFO - [Shapelet  14] forward_avg=0.004667s over 16 calls | peak=446.59MB | final=0.00MB
2025-10-20 19:01:36,984 - INFO - [Shapelet  28] forward_avg=0.004877s over 16 calls | peak=783.97MB | final=0.00MB
2025-10-20 19:01:36,984 - INFO - [Shapelet  42] forward_avg=0.006426s over 16 calls | peak=1029.18MB | final=0.00MB
2025-10-20 19:01:36,984 - INFO - [Shapelet  57] forward_avg=0.007284s over 16 calls | peak=1190.34MB | final=0.00MB
2025-10-20 19:01:36,984 - INFO - [Shapelet  71] forward_avg=0.007723s over 16 calls | peak=1244.70MB | final=0.00MB
2025-10-20 19:01:36,984 - INFO - [Shapelet  86] forward_avg=0.008049s over 16 calls | peak=1199.87MB | final=0.00MB
2025-10-20 19:01:36,984 - INFO - [Shapelet 100] forward_avg=0.008369s over 16 calls | peak=1063.27MB | final=0.00MB
2025-10-20 19:01:36,984 - INFO - [Shapelet 115] forward_avg=0.007504s over 16 calls | peak=815.09MB | final=0.00MB
2025-10-20 19:01:36,984 - INFO - 
🔍 CROSS modules:
2025-10-20 19:01:36,984 - INFO - [Shapelet  14] forward_avg=0.001170s over 16 calls
2025-10-20 19:01:36,984 - INFO - [Shapelet  28] forward_avg=0.001645s over 16 calls
2025-10-20 19:01:36,984 - INFO - [Shapelet  42] forward_avg=0.001616s over 16 calls
2025-10-20 19:01:36,984 - INFO - [Shapelet  57] forward_avg=0.001942s over 16 calls
2025-10-20 19:01:36,985 - INFO - [Shapelet  71] forward_avg=0.002207s over 16 calls
2025-10-20 19:01:36,985 - INFO - [Shapelet  86] forward_avg=0.001984s over 16 calls
2025-10-20 19:01:36,985 - INFO - [Shapelet 100] forward_avg=0.002067s over 16 calls
2025-10-20 19:01:36,985 - INFO - [Shapelet 115] forward_avg=0.001516s over 16 calls
2025-10-20 19:01:36,985 - INFO - 
💾 模型第一次反向传播阶段的显存峰值（所有模块中的最大值）: 9824.62 MB
2025-10-20 19:01:36,985 - INFO - 
💾 模型初始显存: 128.80 MB
2025-10-20 19:01:36,985 - INFO - =======================================================================

2025-10-20 19:01:36,986 - INFO - torch.cuda.max_memory_reserved() : 10.1015625
2025-10-20 19:01:46,430 - INFO - Epoch 4 completed in 9.443801 seconds
2025-10-20 19:01:46,431 - INFO - torch.cuda.max_memory_reserved() : 10.1015625
2025-10-20 19:01:55,242 - INFO - Epoch 5 completed in 8.810259 seconds
2025-10-20 19:01:55,242 - INFO - torch.cuda.max_memory_reserved() : 10.1015625
2025-10-20 19:02:04,475 - INFO - Epoch 6 completed in 9.231910 seconds
2025-10-20 19:02:04,475 - INFO - torch.cuda.max_memory_reserved() : 10.1015625
2025-10-20 19:02:13,295 - INFO - Epoch 7 completed in 8.819678 seconds
2025-10-20 19:02:13,296 - INFO - torch.cuda.max_memory_reserved() : 10.1015625
2025-10-20 19:02:22,174 - INFO - Epoch 8 completed in 8.877567 seconds
2025-10-20 19:02:22,174 - INFO - torch.cuda.max_memory_reserved() : 10.1015625
2025-10-20 19:02:31,601 - INFO - Epoch 9 completed in 9.426088 seconds
2025-10-20 19:02:31,602 - INFO - torch.cuda.max_memory_reserved() : 10.1015625
2025-10-20 19:02:40,693 - INFO - Epoch 10 completed in 9.090996 seconds
2025-10-20 19:02:43,743 - INFO - torch.cuda.max_memory_reserved() : 10.1015625
2025-10-20 19:02:43,743 - INFO - !!!采用策略后的几个epoch 平均时间:9.05704203248024
2025-10-20 19:02:43,744 - INFO - 



