2025-10-19 00:38:32,427 - INFO - 📌 第一个 epoch：默认所有模块使用 checkpoint
2025-10-19 00:38:42,805 - INFO - Epoch 1 completed in 10.398591 seconds
2025-10-19 00:38:45,634 - INFO - torch.cuda.max_memory_reserved() : 9.49609375
2025-10-19 00:38:55,897 - INFO - 
[🔁 拟合反向传播时间模型]
2025-10-19 00:38:55,897 - INFO - 总反向传播时间: 10.186458s
2025-10-19 00:38:55,897 - INFO - 拟合模型: backward_total ≈ 2 × (A + B) + b
2025-10-19 00:38:55,897 - INFO - A = 7.132740, B = 0.443314, b = 2.610404s
2025-10-19 00:38:55,964 - INFO - ✅ 最优策略：[0, 1, 1, 0, 1, 0, 0, 1, 0, 0, 1, 0, 0, 0, 1, 1]
2025-10-19 00:38:55,964 - INFO - 📌 checkpoint 的欧氏长度:, [14, 57, 86, 100]
2025-10-19 00:38:55,964 - INFO - 📌 checkpoint 的余弦长度:, [14, 28, 57, 71, 86]
2025-10-19 00:38:55,964 - INFO - 💾 最终显存峰值：%.2f MB % 9330.870558001045
2025-10-19 00:38:55,972 - INFO - Epoch 2 completed in 10.337102 seconds
2025-10-19 00:38:55,972 - INFO - torch.cuda.max_memory_reserved() : 9.49609375
2025-10-19 00:39:04,294 - INFO - Epoch 3 completed in 8.320860 seconds
2025-10-19 00:39:04,294 - INFO - 
====================== [第1个 Epoch 收集统计数据] ======================
2025-10-19 00:39:04,294 - INFO - 
🔍 EUCLIDEAN modules:
2025-10-19 00:39:04,294 - INFO - [Shapelet  14] forward_avg=0.008376s over 16 calls | peak=733.24MB | final=0.00MB
2025-10-19 00:39:04,294 - INFO - [Shapelet  28] forward_avg=0.009269s over 16 calls | peak=1257.07MB | final=0.00MB
2025-10-19 00:39:04,294 - INFO - [Shapelet  42] forward_avg=0.011797s over 16 calls | peak=1641.29MB | final=0.00MB
2025-10-19 00:39:04,294 - INFO - [Shapelet  57] forward_avg=0.013029s over 16 calls | peak=1901.19MB | final=0.00MB
2025-10-19 00:39:04,294 - INFO - [Shapelet  71] forward_avg=0.013697s over 16 calls | peak=2000.96MB | final=0.00MB
2025-10-19 00:39:04,294 - INFO - [Shapelet  86] forward_avg=0.013195s over 16 calls | peak=1952.37MB | final=0.00MB
2025-10-19 00:39:04,294 - INFO - [Shapelet 100] forward_avg=0.013063s over 16 calls | peak=1765.30MB | final=0.00MB
2025-10-19 00:39:04,294 - INFO - [Shapelet 115] forward_avg=0.011515s over 16 calls | peak=1411.02MB | final=0.00MB
2025-10-19 00:39:04,294 - INFO - 
🔍 COSINE modules:
2025-10-19 00:39:04,294 - INFO - [Shapelet  14] forward_avg=0.004496s over 16 calls | peak=446.59MB | final=0.00MB
2025-10-19 00:39:04,294 - INFO - [Shapelet  28] forward_avg=0.004860s over 16 calls | peak=783.97MB | final=0.00MB
2025-10-19 00:39:04,294 - INFO - [Shapelet  42] forward_avg=0.006540s over 16 calls | peak=1029.18MB | final=0.00MB
2025-10-19 00:39:04,294 - INFO - [Shapelet  57] forward_avg=0.007274s over 16 calls | peak=1190.34MB | final=0.00MB
2025-10-19 00:39:04,294 - INFO - [Shapelet  71] forward_avg=0.007606s over 16 calls | peak=1244.70MB | final=0.00MB
2025-10-19 00:39:04,294 - INFO - [Shapelet  86] forward_avg=0.008026s over 16 calls | peak=1199.87MB | final=0.00MB
2025-10-19 00:39:04,294 - INFO - [Shapelet 100] forward_avg=0.008346s over 16 calls | peak=1063.27MB | final=0.00MB
2025-10-19 00:39:04,294 - INFO - [Shapelet 115] forward_avg=0.007510s over 16 calls | peak=815.09MB | final=0.00MB
2025-10-19 00:39:04,294 - INFO - 
🔍 CROSS modules:
2025-10-19 00:39:04,295 - INFO - [Shapelet  14] forward_avg=0.001150s over 16 calls
2025-10-19 00:39:04,295 - INFO - [Shapelet  28] forward_avg=0.001636s over 16 calls
2025-10-19 00:39:04,295 - INFO - [Shapelet  42] forward_avg=0.001581s over 16 calls
2025-10-19 00:39:04,295 - INFO - [Shapelet  57] forward_avg=0.001924s over 16 calls
2025-10-19 00:39:04,295 - INFO - [Shapelet  71] forward_avg=0.002160s over 16 calls
2025-10-19 00:39:04,295 - INFO - [Shapelet  86] forward_avg=0.001936s over 16 calls
2025-10-19 00:39:04,295 - INFO - [Shapelet 100] forward_avg=0.002005s over 16 calls
2025-10-19 00:39:04,295 - INFO - [Shapelet 115] forward_avg=0.001463s over 16 calls
2025-10-19 00:39:04,295 - INFO - 
💾 模型第一次反向传播阶段的显存峰值（所有模块中的最大值）: 9824.62 MB
2025-10-19 00:39:04,295 - INFO - 
💾 模型初始显存: 128.80 MB
2025-10-19 00:39:04,295 - INFO - =======================================================================

2025-10-19 00:39:04,295 - INFO - torch.cuda.max_memory_reserved() : 10.099609375
2025-10-19 00:39:13,405 - INFO - Epoch 4 completed in 9.109654 seconds
2025-10-19 00:39:13,406 - INFO - torch.cuda.max_memory_reserved() : 10.099609375
2025-10-19 00:39:21,773 - INFO - Epoch 5 completed in 8.366625 seconds
2025-10-19 00:39:21,773 - INFO - torch.cuda.max_memory_reserved() : 10.099609375
2025-10-19 00:39:31,150 - INFO - Epoch 6 completed in 9.376302 seconds
2025-10-19 00:39:31,151 - INFO - torch.cuda.max_memory_reserved() : 10.1015625
2025-10-19 00:39:39,942 - INFO - Epoch 7 completed in 8.790265 seconds
2025-10-19 00:39:39,942 - INFO - torch.cuda.max_memory_reserved() : 10.1015625
2025-10-19 00:39:48,439 - INFO - Epoch 8 completed in 8.495623 seconds
2025-10-19 00:39:48,439 - INFO - torch.cuda.max_memory_reserved() : 10.1015625
2025-10-19 00:39:57,651 - INFO - Epoch 9 completed in 9.210922 seconds
2025-10-19 00:39:57,651 - INFO - torch.cuda.max_memory_reserved() : 10.1015625
2025-10-19 00:40:06,575 - INFO - Epoch 10 completed in 8.923466 seconds
2025-10-19 00:40:09,402 - INFO - torch.cuda.max_memory_reserved() : 10.1015625
2025-10-19 00:40:09,403 - INFO - !!!采用策略后的几个epoch 平均时间:8.824214607477188
2025-10-19 00:40:09,403 - INFO - 



