2025-10-19 00:34:53,602 - INFO - 📌 第一个 epoch：默认所有模块使用 checkpoint
2025-10-19 00:35:04,999 - INFO - Epoch 1 completed in 11.430645 seconds
2025-10-19 00:35:08,014 - INFO - torch.cuda.max_memory_reserved() : 9.49609375
2025-10-19 00:35:18,468 - INFO - 
[🔁 拟合反向传播时间模型]
2025-10-19 00:35:18,469 - INFO - 总反向传播时间: 10.315501s
2025-10-19 00:35:18,469 - INFO - 拟合模型: backward_total ≈ 2 × (A + B) + b
2025-10-19 00:35:18,469 - INFO - A = 7.132985, B = 0.445074, b = 2.737442s
2025-10-19 00:35:18,582 - INFO - ✅ 最优策略：[0, 1, 1, 0, 1, 1, 1, 1, 0, 0, 1, 0, 0, 0, 1, 1]
2025-10-19 00:35:18,582 - INFO - 📌 checkpoint 的欧氏长度:, [14, 57]
2025-10-19 00:35:18,582 - INFO - 📌 checkpoint 的余弦长度:, [14, 28, 57, 71, 86]
2025-10-19 00:35:18,582 - INFO - 💾 最终显存峰值：%.2f MB % 11346.918431244696
2025-10-19 00:35:18,594 - INFO - Epoch 2 completed in 10.579998 seconds
2025-10-19 00:35:18,595 - INFO - torch.cuda.max_memory_reserved() : 9.49609375
2025-10-19 00:35:27,197 - INFO - Epoch 3 completed in 8.602139 seconds
2025-10-19 00:35:27,198 - INFO - 
====================== [第1个 Epoch 收集统计数据] ======================
2025-10-19 00:35:27,198 - INFO - 
🔍 EUCLIDEAN modules:
2025-10-19 00:35:27,198 - INFO - [Shapelet  14] forward_avg=0.008375s over 16 calls | peak=733.24MB | final=0.00MB
2025-10-19 00:35:27,198 - INFO - [Shapelet  28] forward_avg=0.009275s over 16 calls | peak=1257.07MB | final=0.00MB
2025-10-19 00:35:27,198 - INFO - [Shapelet  42] forward_avg=0.011795s over 16 calls | peak=1641.29MB | final=0.00MB
2025-10-19 00:35:27,198 - INFO - [Shapelet  57] forward_avg=0.013033s over 16 calls | peak=1901.19MB | final=0.00MB
2025-10-19 00:35:27,198 - INFO - [Shapelet  71] forward_avg=0.013689s over 16 calls | peak=2000.96MB | final=0.00MB
2025-10-19 00:35:27,198 - INFO - [Shapelet  86] forward_avg=0.013265s over 16 calls | peak=1952.37MB | final=0.00MB
2025-10-19 00:35:27,198 - INFO - [Shapelet 100] forward_avg=0.013059s over 16 calls | peak=1765.30MB | final=0.00MB
2025-10-19 00:35:27,198 - INFO - [Shapelet 115] forward_avg=0.011520s over 16 calls | peak=1411.02MB | final=0.00MB
2025-10-19 00:35:27,198 - INFO - 
🔍 COSINE modules:
2025-10-19 00:35:27,198 - INFO - [Shapelet  14] forward_avg=0.004533s over 16 calls | peak=446.59MB | final=0.00MB
2025-10-19 00:35:27,198 - INFO - [Shapelet  28] forward_avg=0.004867s over 16 calls | peak=783.97MB | final=0.00MB
2025-10-19 00:35:27,198 - INFO - [Shapelet  42] forward_avg=0.006419s over 16 calls | peak=1029.18MB | final=0.00MB
2025-10-19 00:35:27,198 - INFO - [Shapelet  57] forward_avg=0.007271s over 16 calls | peak=1190.34MB | final=0.00MB
2025-10-19 00:35:27,198 - INFO - [Shapelet  71] forward_avg=0.007686s over 16 calls | peak=1244.70MB | final=0.00MB
2025-10-19 00:35:27,198 - INFO - [Shapelet  86] forward_avg=0.008002s over 16 calls | peak=1199.87MB | final=0.00MB
2025-10-19 00:35:27,199 - INFO - [Shapelet 100] forward_avg=0.008338s over 16 calls | peak=1063.27MB | final=0.00MB
2025-10-19 00:35:27,199 - INFO - [Shapelet 115] forward_avg=0.007476s over 16 calls | peak=815.09MB | final=0.00MB
2025-10-19 00:35:27,199 - INFO - 
🔍 CROSS modules:
2025-10-19 00:35:27,199 - INFO - [Shapelet  14] forward_avg=0.001197s over 16 calls
2025-10-19 00:35:27,199 - INFO - [Shapelet  28] forward_avg=0.001633s over 16 calls
2025-10-19 00:35:27,199 - INFO - [Shapelet  42] forward_avg=0.001607s over 16 calls
2025-10-19 00:35:27,199 - INFO - [Shapelet  57] forward_avg=0.001919s over 16 calls
2025-10-19 00:35:27,199 - INFO - [Shapelet  71] forward_avg=0.002149s over 16 calls
2025-10-19 00:35:27,199 - INFO - [Shapelet  86] forward_avg=0.001933s over 16 calls
2025-10-19 00:35:27,199 - INFO - [Shapelet 100] forward_avg=0.001999s over 16 calls
2025-10-19 00:35:27,199 - INFO - [Shapelet 115] forward_avg=0.001472s over 16 calls
2025-10-19 00:35:27,199 - INFO - 
💾 模型第一次反向传播阶段的显存峰值（所有模块中的最大值）: 12227.04 MB
2025-10-19 00:35:27,199 - INFO - 
💾 模型初始显存: 128.80 MB
2025-10-19 00:35:27,199 - INFO - =======================================================================

2025-10-19 00:35:27,199 - INFO - torch.cuda.max_memory_reserved() : 13.78515625
2025-10-19 00:35:35,890 - INFO - Epoch 4 completed in 8.690043 seconds
2025-10-19 00:35:35,891 - INFO - torch.cuda.max_memory_reserved() : 13.78515625
2025-10-19 00:35:44,315 - INFO - Epoch 5 completed in 8.424298 seconds
2025-10-19 00:35:44,316 - INFO - torch.cuda.max_memory_reserved() : 13.78515625
2025-10-19 00:35:52,544 - INFO - Epoch 6 completed in 8.227241 seconds
2025-10-19 00:35:52,544 - INFO - torch.cuda.max_memory_reserved() : 13.78515625
2025-10-19 00:36:00,876 - INFO - Epoch 7 completed in 8.331143 seconds
2025-10-19 00:36:00,876 - INFO - torch.cuda.max_memory_reserved() : 13.78515625
2025-10-19 00:36:09,296 - INFO - Epoch 8 completed in 8.419539 seconds
2025-10-19 00:36:09,297 - INFO - torch.cuda.max_memory_reserved() : 13.78515625
2025-10-19 00:36:17,362 - INFO - Epoch 9 completed in 8.065198 seconds
2025-10-19 00:36:17,363 - INFO - torch.cuda.max_memory_reserved() : 13.78515625
2025-10-19 00:36:25,629 - INFO - Epoch 10 completed in 8.265837 seconds
2025-10-19 00:36:28,487 - INFO - torch.cuda.max_memory_reserved() : 13.78515625
2025-10-19 00:36:28,488 - INFO - !!!采用策略后的几个epoch 平均时间:8.3781798183918
2025-10-19 00:36:28,488 - INFO - 



