2025-10-19 00:32:59,193 - INFO - 📌 第一个 epoch：默认所有模块使用 checkpoint
2025-10-19 00:33:09,681 - INFO - Epoch 1 completed in 10.499143 seconds
2025-10-19 00:33:12,559 - INFO - torch.cuda.max_memory_reserved() : 9.49609375
2025-10-19 00:33:22,752 - INFO - 
[🔁 拟合反向传播时间模型]
2025-10-19 00:33:22,752 - INFO - 总反向传播时间: 10.106891s
2025-10-19 00:33:22,752 - INFO - 拟合模型: backward_total ≈ 2 × (A + B) + b
2025-10-19 00:33:22,753 - INFO - A = 7.161403, B = 0.446564, b = 2.498924s
2025-10-19 00:33:23,102 - INFO - ✅ 最优策略：[0, 1, 0, 0, 1, 0, 1, 0, 0, 0, 0, 1, 0, 0, 0, 1]
2025-10-19 00:33:23,102 - INFO - 📌 checkpoint 的欧氏长度:, [14, 42, 57, 86, 115]
2025-10-19 00:33:23,102 - INFO - 📌 checkpoint 的余弦长度:, [14, 28, 42, 71, 86, 100]
2025-10-19 00:33:23,102 - INFO - 💾 最终显存峰值：%.2f MB % 8927.065674364821
2025-10-19 00:33:23,110 - INFO - Epoch 2 completed in 10.550694 seconds
2025-10-19 00:33:23,110 - INFO - torch.cuda.max_memory_reserved() : 9.49609375
2025-10-19 00:33:32,249 - INFO - Epoch 3 completed in 9.137986 seconds
2025-10-19 00:33:32,249 - INFO - 
====================== [第1个 Epoch 收集统计数据] ======================
2025-10-19 00:33:32,249 - INFO - 
🔍 EUCLIDEAN modules:
2025-10-19 00:33:32,249 - INFO - [Shapelet  14] forward_avg=0.008467s over 16 calls | peak=733.24MB | final=0.00MB
2025-10-19 00:33:32,249 - INFO - [Shapelet  28] forward_avg=0.009281s over 16 calls | peak=1257.07MB | final=0.00MB
2025-10-19 00:33:32,249 - INFO - [Shapelet  42] forward_avg=0.011875s over 16 calls | peak=1641.29MB | final=0.00MB
2025-10-19 00:33:32,249 - INFO - [Shapelet  57] forward_avg=0.013093s over 16 calls | peak=1901.19MB | final=0.00MB
2025-10-19 00:33:32,249 - INFO - [Shapelet  71] forward_avg=0.013775s over 16 calls | peak=2000.96MB | final=0.00MB
2025-10-19 00:33:32,249 - INFO - [Shapelet  86] forward_avg=0.013256s over 16 calls | peak=1952.37MB | final=0.00MB
2025-10-19 00:33:32,249 - INFO - [Shapelet 100] forward_avg=0.013186s over 16 calls | peak=1765.30MB | final=0.00MB
2025-10-19 00:33:32,249 - INFO - [Shapelet 115] forward_avg=0.011512s over 16 calls | peak=1411.02MB | final=0.00MB
2025-10-19 00:33:32,249 - INFO - 
🔍 COSINE modules:
2025-10-19 00:33:32,250 - INFO - [Shapelet  14] forward_avg=0.004522s over 16 calls | peak=446.59MB | final=0.00MB
2025-10-19 00:33:32,250 - INFO - [Shapelet  28] forward_avg=0.004871s over 16 calls | peak=783.97MB | final=0.00MB
2025-10-19 00:33:32,250 - INFO - [Shapelet  42] forward_avg=0.006441s over 16 calls | peak=1029.18MB | final=0.00MB
2025-10-19 00:33:32,250 - INFO - [Shapelet  57] forward_avg=0.007322s over 16 calls | peak=1190.34MB | final=0.00MB
2025-10-19 00:33:32,250 - INFO - [Shapelet  71] forward_avg=0.007683s over 16 calls | peak=1244.70MB | final=0.00MB
2025-10-19 00:33:32,250 - INFO - [Shapelet  86] forward_avg=0.008025s over 16 calls | peak=1199.87MB | final=0.00MB
2025-10-19 00:33:32,250 - INFO - [Shapelet 100] forward_avg=0.008367s over 16 calls | peak=1063.27MB | final=0.00MB
2025-10-19 00:33:32,250 - INFO - [Shapelet 115] forward_avg=0.007521s over 16 calls | peak=815.09MB | final=0.00MB
2025-10-19 00:33:32,250 - INFO - 
🔍 CROSS modules:
2025-10-19 00:33:32,250 - INFO - [Shapelet  14] forward_avg=0.001166s over 16 calls
2025-10-19 00:33:32,250 - INFO - [Shapelet  28] forward_avg=0.001644s over 16 calls
2025-10-19 00:33:32,250 - INFO - [Shapelet  42] forward_avg=0.001581s over 16 calls
2025-10-19 00:33:32,250 - INFO - [Shapelet  57] forward_avg=0.001936s over 16 calls
2025-10-19 00:33:32,250 - INFO - [Shapelet  71] forward_avg=0.002168s over 16 calls
2025-10-19 00:33:32,250 - INFO - [Shapelet  86] forward_avg=0.001953s over 16 calls
2025-10-19 00:33:32,250 - INFO - [Shapelet 100] forward_avg=0.002019s over 16 calls
2025-10-19 00:33:32,250 - INFO - [Shapelet 115] forward_avg=0.001488s over 16 calls
2025-10-19 00:33:32,250 - INFO - 
💾 模型第一次反向传播阶段的显存峰值（所有模块中的最大值）: 8057.31 MB
2025-10-19 00:33:32,250 - INFO - 
💾 模型初始显存: 128.80 MB
2025-10-19 00:33:32,250 - INFO - =======================================================================

2025-10-19 00:33:32,250 - INFO - torch.cuda.max_memory_reserved() : 10.099609375
2025-10-19 00:33:41,193 - INFO - Epoch 4 completed in 8.942087 seconds
2025-10-19 00:33:41,193 - INFO - torch.cuda.max_memory_reserved() : 10.099609375
2025-10-19 00:33:50,154 - INFO - Epoch 5 completed in 8.960364 seconds
2025-10-19 00:33:50,154 - INFO - torch.cuda.max_memory_reserved() : 10.099609375
2025-10-19 00:33:58,991 - INFO - Epoch 6 completed in 8.836302 seconds
2025-10-19 00:33:58,991 - INFO - torch.cuda.max_memory_reserved() : 10.099609375
2025-10-19 00:34:07,810 - INFO - Epoch 7 completed in 8.817589 seconds
2025-10-19 00:34:07,810 - INFO - torch.cuda.max_memory_reserved() : 10.099609375
2025-10-19 00:34:17,143 - INFO - Epoch 8 completed in 9.333017 seconds
2025-10-19 00:34:17,144 - INFO - torch.cuda.max_memory_reserved() : 10.099609375
2025-10-19 00:34:26,489 - INFO - Epoch 9 completed in 9.344837 seconds
2025-10-19 00:34:26,490 - INFO - torch.cuda.max_memory_reserved() : 10.099609375
2025-10-19 00:34:35,637 - INFO - Epoch 10 completed in 9.146992 seconds
2025-10-19 00:34:38,474 - INFO - torch.cuda.max_memory_reserved() : 10.099609375
2025-10-19 00:34:38,474 - INFO - !!!采用策略后的几个epoch 平均时间:9.064896941184998
2025-10-19 00:34:38,474 - INFO - 



