2025-10-19 00:31:01,598 - INFO - 📌 第一个 epoch：默认所有模块使用 checkpoint
2025-10-19 00:31:12,052 - INFO - Epoch 1 completed in 10.476912 seconds
2025-10-19 00:31:14,944 - INFO - torch.cuda.max_memory_reserved() : 9.49609375
2025-10-19 00:31:25,260 - INFO - 
[🔁 拟合反向传播时间模型]
2025-10-19 00:31:25,260 - INFO - 总反向传播时间: 10.227499s
2025-10-19 00:31:25,261 - INFO - 拟合模型: backward_total ≈ 2 × (A + B) + b
2025-10-19 00:31:25,261 - INFO - A = 7.147319, B = 0.444515, b = 2.635664s
2025-10-19 00:31:25,855 - INFO - ✅ 最优策略：[0, 0, 0, 0, 0, 0, 0, 1, 0, 1, 1, 0, 0, 0, 0, 0]
2025-10-19 00:31:25,855 - INFO - 📌 checkpoint 的欧氏长度:, [14, 28, 42, 57, 71, 86, 100]
2025-10-19 00:31:25,855 - INFO - 📌 checkpoint 的余弦长度:, [14, 57, 71, 86, 100, 115]
2025-10-19 00:31:25,855 - INFO - 💾 最终显存峰值：%.2f MB % 6334.841786705109
2025-10-19 00:31:25,865 - INFO - Epoch 2 completed in 10.920224 seconds
2025-10-19 00:31:25,865 - INFO - torch.cuda.max_memory_reserved() : 9.49609375
2025-10-19 00:31:35,329 - INFO - Epoch 3 completed in 9.463697 seconds
2025-10-19 00:31:35,329 - INFO - 
====================== [第1个 Epoch 收集统计数据] ======================
2025-10-19 00:31:35,329 - INFO - 
🔍 EUCLIDEAN modules:
2025-10-19 00:31:35,329 - INFO - [Shapelet  14] forward_avg=0.008383s over 16 calls | peak=733.24MB | final=0.00MB
2025-10-19 00:31:35,329 - INFO - [Shapelet  28] forward_avg=0.009346s over 16 calls | peak=1257.07MB | final=0.00MB
2025-10-19 00:31:35,329 - INFO - [Shapelet  42] forward_avg=0.011947s over 16 calls | peak=1641.29MB | final=0.00MB
2025-10-19 00:31:35,329 - INFO - [Shapelet  57] forward_avg=0.013020s over 16 calls | peak=1901.19MB | final=0.00MB
2025-10-19 00:31:35,330 - INFO - [Shapelet  71] forward_avg=0.013757s over 16 calls | peak=2000.96MB | final=0.00MB
2025-10-19 00:31:35,330 - INFO - [Shapelet  86] forward_avg=0.013304s over 16 calls | peak=1952.37MB | final=0.00MB
2025-10-19 00:31:35,330 - INFO - [Shapelet 100] forward_avg=0.013056s over 16 calls | peak=1765.30MB | final=0.00MB
2025-10-19 00:31:35,330 - INFO - [Shapelet 115] forward_avg=0.011571s over 16 calls | peak=1411.02MB | final=0.00MB
2025-10-19 00:31:35,330 - INFO - 
🔍 COSINE modules:
2025-10-19 00:31:35,330 - INFO - [Shapelet  14] forward_avg=0.004488s over 16 calls | peak=446.59MB | final=0.00MB
2025-10-19 00:31:35,330 - INFO - [Shapelet  28] forward_avg=0.004859s over 16 calls | peak=783.97MB | final=0.00MB
2025-10-19 00:31:35,330 - INFO - [Shapelet  42] forward_avg=0.006414s over 16 calls | peak=1029.18MB | final=0.00MB
2025-10-19 00:31:35,330 - INFO - [Shapelet  57] forward_avg=0.007325s over 16 calls | peak=1190.34MB | final=0.00MB
2025-10-19 00:31:35,330 - INFO - [Shapelet  71] forward_avg=0.007599s over 16 calls | peak=1244.70MB | final=0.00MB
2025-10-19 00:31:35,330 - INFO - [Shapelet  86] forward_avg=0.007968s over 16 calls | peak=1199.87MB | final=0.00MB
2025-10-19 00:31:35,330 - INFO - [Shapelet 100] forward_avg=0.008339s over 16 calls | peak=1063.27MB | final=0.00MB
2025-10-19 00:31:35,330 - INFO - [Shapelet 115] forward_avg=0.007528s over 16 calls | peak=815.09MB | final=0.00MB
2025-10-19 00:31:35,330 - INFO - 
🔍 CROSS modules:
2025-10-19 00:31:35,330 - INFO - [Shapelet  14] forward_avg=0.001152s over 16 calls
2025-10-19 00:31:35,330 - INFO - [Shapelet  28] forward_avg=0.001647s over 16 calls
2025-10-19 00:31:35,330 - INFO - [Shapelet  42] forward_avg=0.001574s over 16 calls
2025-10-19 00:31:35,330 - INFO - [Shapelet  57] forward_avg=0.001928s over 16 calls
2025-10-19 00:31:35,330 - INFO - [Shapelet  71] forward_avg=0.002160s over 16 calls
2025-10-19 00:31:35,330 - INFO - [Shapelet  86] forward_avg=0.001934s over 16 calls
2025-10-19 00:31:35,330 - INFO - [Shapelet 100] forward_avg=0.002013s over 16 calls
2025-10-19 00:31:35,330 - INFO - [Shapelet 115] forward_avg=0.001483s over 16 calls
2025-10-19 00:31:35,330 - INFO - 
💾 模型第一次反向传播阶段的显存峰值（所有模块中的最大值）: 4990.45 MB
2025-10-19 00:31:35,330 - INFO - 
💾 模型初始显存: 128.80 MB
2025-10-19 00:31:35,330 - INFO - =======================================================================

2025-10-19 00:31:35,331 - INFO - torch.cuda.max_memory_reserved() : 9.49609375
2025-10-19 00:31:44,655 - INFO - Epoch 4 completed in 9.323550 seconds
2025-10-19 00:31:44,655 - INFO - torch.cuda.max_memory_reserved() : 9.49609375
2025-10-19 00:31:54,548 - INFO - Epoch 5 completed in 9.892407 seconds
2025-10-19 00:31:54,548 - INFO - torch.cuda.max_memory_reserved() : 9.498046875
2025-10-19 00:32:03,358 - INFO - Epoch 6 completed in 8.809434 seconds
2025-10-19 00:32:03,359 - INFO - torch.cuda.max_memory_reserved() : 9.498046875
2025-10-19 00:32:13,202 - INFO - Epoch 7 completed in 9.843027 seconds
2025-10-19 00:32:13,203 - INFO - torch.cuda.max_memory_reserved() : 9.498046875
2025-10-19 00:32:22,992 - INFO - Epoch 8 completed in 9.788575 seconds
2025-10-19 00:32:22,992 - INFO - torch.cuda.max_memory_reserved() : 9.498046875
2025-10-19 00:32:32,521 - INFO - Epoch 9 completed in 9.528160 seconds
2025-10-19 00:32:32,521 - INFO - torch.cuda.max_memory_reserved() : 9.498046875
2025-10-19 00:32:42,030 - INFO - Epoch 10 completed in 9.508573 seconds
2025-10-19 00:32:45,068 - INFO - torch.cuda.max_memory_reserved() : 9.498046875
2025-10-19 00:32:45,069 - INFO - !!!采用策略后的几个epoch 平均时间:9.519677728414536
2025-10-19 00:32:45,069 - INFO - 



