2025-10-20 18:59:02,569 - INFO - 📌 第一个 epoch：默认所有模块使用 checkpoint
2025-10-20 18:59:13,256 - INFO - Epoch 1 completed in 10.701435 seconds
2025-10-20 18:59:16,350 - INFO - torch.cuda.max_memory_reserved() : 9.49609375
2025-10-20 18:59:27,036 - INFO - 
[🔁 拟合反向传播时间模型]
2025-10-20 18:59:27,037 - INFO - 总反向传播时间: 10.575499s
2025-10-20 18:59:27,037 - INFO - 拟合模型: backward_total ≈ 2 × (A + B) + b
2025-10-20 18:59:27,037 - INFO - A = 7.163750, B = 0.450991, b = 2.960757s
2025-10-20 18:59:28,445 - INFO - ✅ 最优策略：[0, 0, 0, 0, 0, 0, 0, 1, 0, 1, 0, 1, 1, 0, 0, 0]
2025-10-20 18:59:28,446 - INFO - 📌 checkpoint 的欧氏长度:, [14, 28, 42, 57, 71, 86, 100]
2025-10-20 18:59:28,446 - INFO - 📌 checkpoint 的余弦长度:, [14, 42, 86, 100, 115]
2025-10-20 18:59:28,446 - INFO - 💾 最终显存峰值：%.2f MB % 6097.252097501888
2025-10-20 18:59:28,457 - INFO - Epoch 2 completed in 12.106521 seconds
2025-10-20 18:59:28,458 - INFO - torch.cuda.max_memory_reserved() : 9.49609375
2025-10-20 18:59:38,023 - INFO - Epoch 3 completed in 9.564260 seconds
2025-10-20 18:59:38,023 - INFO - 
====================== [第1个 Epoch 收集统计数据] ======================
2025-10-20 18:59:38,023 - INFO - 
🔍 EUCLIDEAN modules:
2025-10-20 18:59:38,023 - INFO - [Shapelet  14] forward_avg=0.008440s over 16 calls | peak=733.24MB | final=0.00MB
2025-10-20 18:59:38,023 - INFO - [Shapelet  28] forward_avg=0.009360s over 16 calls | peak=1257.07MB | final=0.00MB
2025-10-20 18:59:38,023 - INFO - [Shapelet  42] forward_avg=0.011949s over 16 calls | peak=1641.29MB | final=0.00MB
2025-10-20 18:59:38,023 - INFO - [Shapelet  57] forward_avg=0.013021s over 16 calls | peak=1901.19MB | final=0.00MB
2025-10-20 18:59:38,023 - INFO - [Shapelet  71] forward_avg=0.013734s over 16 calls | peak=2000.96MB | final=0.00MB
2025-10-20 18:59:38,023 - INFO - [Shapelet  86] forward_avg=0.013325s over 16 calls | peak=1952.37MB | final=0.00MB
2025-10-20 18:59:38,023 - INFO - [Shapelet 100] forward_avg=0.013113s over 16 calls | peak=1765.30MB | final=0.00MB
2025-10-20 18:59:38,023 - INFO - [Shapelet 115] forward_avg=0.011599s over 16 calls | peak=1411.02MB | final=0.00MB
2025-10-20 18:59:38,023 - INFO - 
🔍 COSINE modules:
2025-10-20 18:59:38,024 - INFO - [Shapelet  14] forward_avg=0.004559s over 16 calls | peak=446.59MB | final=0.00MB
2025-10-20 18:59:38,024 - INFO - [Shapelet  28] forward_avg=0.004848s over 16 calls | peak=783.97MB | final=0.00MB
2025-10-20 18:59:38,024 - INFO - [Shapelet  42] forward_avg=0.006393s over 16 calls | peak=1029.18MB | final=0.00MB
2025-10-20 18:59:38,024 - INFO - [Shapelet  57] forward_avg=0.007260s over 16 calls | peak=1190.34MB | final=0.00MB
2025-10-20 18:59:38,024 - INFO - [Shapelet  71] forward_avg=0.007778s over 16 calls | peak=1244.70MB | final=0.00MB
2025-10-20 18:59:38,024 - INFO - [Shapelet  86] forward_avg=0.008022s over 16 calls | peak=1199.87MB | final=0.00MB
2025-10-20 18:59:38,024 - INFO - [Shapelet 100] forward_avg=0.008350s over 16 calls | peak=1063.27MB | final=0.00MB
2025-10-20 18:59:38,024 - INFO - [Shapelet 115] forward_avg=0.007493s over 16 calls | peak=815.09MB | final=0.00MB
2025-10-20 18:59:38,024 - INFO - 
🔍 CROSS modules:
2025-10-20 18:59:38,024 - INFO - [Shapelet  14] forward_avg=0.001230s over 16 calls
2025-10-20 18:59:38,024 - INFO - [Shapelet  28] forward_avg=0.001670s over 16 calls
2025-10-20 18:59:38,024 - INFO - [Shapelet  42] forward_avg=0.001636s over 16 calls
2025-10-20 18:59:38,024 - INFO - [Shapelet  57] forward_avg=0.001937s over 16 calls
2025-10-20 18:59:38,024 - INFO - [Shapelet  71] forward_avg=0.002172s over 16 calls
2025-10-20 18:59:38,024 - INFO - [Shapelet  86] forward_avg=0.001946s over 16 calls
2025-10-20 18:59:38,024 - INFO - [Shapelet 100] forward_avg=0.002020s over 16 calls
2025-10-20 18:59:38,024 - INFO - [Shapelet 115] forward_avg=0.001482s over 16 calls
2025-10-20 18:59:38,024 - INFO - 
💾 模型第一次反向传播阶段的显存峰值（所有模块中的最大值）: 5689.13 MB
2025-10-20 18:59:38,024 - INFO - 
💾 模型初始显存: 128.80 MB
2025-10-20 18:59:38,024 - INFO - =======================================================================

2025-10-20 18:59:38,024 - INFO - torch.cuda.max_memory_reserved() : 10.099609375
2025-10-20 18:59:47,959 - INFO - Epoch 4 completed in 9.934374 seconds
2025-10-20 18:59:47,960 - INFO - torch.cuda.max_memory_reserved() : 10.1015625
2025-10-20 18:59:57,489 - INFO - Epoch 5 completed in 9.529050 seconds
2025-10-20 18:59:57,490 - INFO - torch.cuda.max_memory_reserved() : 10.1015625
2025-10-20 19:00:06,893 - INFO - Epoch 6 completed in 9.402979 seconds
2025-10-20 19:00:06,894 - INFO - torch.cuda.max_memory_reserved() : 10.1015625
2025-10-20 19:00:16,188 - INFO - Epoch 7 completed in 9.293162 seconds
2025-10-20 19:00:16,188 - INFO - torch.cuda.max_memory_reserved() : 10.1015625
2025-10-20 19:00:25,147 - INFO - Epoch 8 completed in 8.958390 seconds
2025-10-20 19:00:25,148 - INFO - torch.cuda.max_memory_reserved() : 10.1015625
2025-10-20 19:00:34,675 - INFO - Epoch 9 completed in 9.526813 seconds
2025-10-20 19:00:34,676 - INFO - torch.cuda.max_memory_reserved() : 10.1015625
2025-10-20 19:00:44,953 - INFO - Epoch 10 completed in 10.276112 seconds
2025-10-20 19:00:48,272 - INFO - torch.cuda.max_memory_reserved() : 10.1015625
2025-10-20 19:00:48,273 - INFO - !!!采用策略后的几个epoch 平均时间:9.560642778873444
2025-10-20 19:00:48,273 - INFO - 



